# gmm-init-model --write-occs=exp/tri1/1.occs exp/tri1/tree exp/tri1/treeacc data/lang/topo exp/tri1/1.mdl 
# Started at Mon Jul  4 16:05:16 BRT 2016
#
gmm-init-model --write-occs=exp/tri1/1.occs exp/tri1/tree exp/tri1/treeacc data/lang/topo exp/tri1/1.mdl 
LOG (gmm-init-model:main():gmm-init-model.cc:271) Number of separate statistics is 6095
WARNING (gmm-init-model:InitAmGmm():gmm-init-model.cc:55) Tree has pdf-id 6 with no stats; corresponding phone list: 27 28 29 30 
WARNING (gmm-init-model:InitAmGmm():gmm-init-model.cc:55) Tree has pdf-id 31 with no stats; corresponding phone list: 127 128 129 130 
WARNING (gmm-init-model:InitAmGmm():gmm-init-model.cc:55) Tree has pdf-id 43 with no stats; corresponding phone list: 175 176 177 178 
WARNING (gmm-init-model:InitAmGmm():gmm-init-model.cc:83) Very small count for state 1: 15; corresponding phone list: 6 7 8 9 10 
WARNING (gmm-init-model:InitAmGmm():gmm-init-model.cc:83) Very small count for state 3: 89; corresponding phone list: 15 16 17 18 
WARNING (gmm-init-model:InitAmGmm():gmm-init-model.cc:83) Very small count for state 4: 77; corresponding phone list: 19 20 21 22 
WARNING (gmm-init-model:InitAmGmm():gmm-init-model.cc:83) Very small count for state 8: 98; corresponding phone list: 35 36 37 38 
WARNING (gmm-init-model:InitAmGmm():gmm-init-model.cc:83) Very small count for state 12: 78; corresponding phone list: 51 52 53 54 
WARNING (gmm-init-model:InitAmGmm():gmm-init-model.cc:83) Very small count for state 14: 84; corresponding phone list: 59 60 61 62 
WARNING (gmm-init-model:InitAmGmm():gmm-init-model.cc:83) Very small count for state 18: 71; corresponding phone list: 75 76 77 78 
WARNING (gmm-init-model:InitAmGmm():gmm-init-model.cc:83) Very small count for state 19: 42; corresponding phone list: 79 80 81 82 
WARNING (gmm-init-model:InitAmGmm():gmm-init-model.cc:83) Very small count for state 25: 73; corresponding phone list: 103 104 105 106 
WARNING (gmm-init-model:InitAmGmm():gmm-init-model.cc:83) Very small count for state 27: 79; corresponding phone list: 111 112 113 114 
WARNING (gmm-init-model:InitAmGmm():gmm-init-model.cc:83) Very small count for state 28: 32; corresponding phone list: 115 116 117 118 
WARNING (gmm-init-model:InitAmGmm():gmm-init-model.cc:83) Very small count for state 29: 22; corresponding phone list: 119 120 121 122 
WARNING (gmm-init-model:InitAmGmm():gmm-init-model.cc:83) Very small count for state 32: 85; corresponding phone list: 131 132 133 134 
WARNING (gmm-init-model:InitAmGmm():gmm-init-model.cc:83) Very small count for state 39: 38; corresponding phone list: 159 160 161 162 
WARNING (gmm-init-model:InitAmGmm():gmm-init-model.cc:83) Very small count for state 40: 97; corresponding phone list: 163 164 165 166 
WARNING (gmm-init-model:InitAmGmm():gmm-init-model.cc:83) Very small count for state 42: 93; corresponding phone list: 171 172 173 174 
WARNING (gmm-init-model:InitAmGmm():gmm-init-model.cc:83) Very small count for state 57: 53; corresponding phone list: 11 12 13 14 
WARNING (gmm-init-model:InitAmGmm():gmm-init-model.cc:83) Very small count for state 58: 70; corresponding phone list: 43 44 45 46 
WARNING (gmm-init-model:InitAmGmm():gmm-init-model.cc:83) Very small count for state 64: 82; corresponding phone list: 111 112 113 114 
WARNING (gmm-init-model:InitAmGmm():gmm-init-model.cc:83) Very small count for state 65: 74; corresponding phone list: 11 12 13 14 
WARNING (gmm-init-model:InitAmGmm():gmm-init-model.cc:83) Very small count for state 66: 92; corresponding phone list: 31 32 33 34 
WARNING (gmm-init-model:InitAmGmm():gmm-init-model.cc:83) Very small count for state 67: 75; corresponding phone list: 39 40 41 42 
WARNING (gmm-init-model:InitAmGmm():gmm-init-model.cc:83) Very small count for state 71: 27; corresponding phone list: 71 72 73 74 
WARNING (gmm-init-model:InitAmGmm():gmm-init-model.cc:83) Very small count for state 73: 86; corresponding phone list: 47 48 49 50 
WARNING (gmm-init-model:InitAmGmm():gmm-init-model.cc:83) Very small count for state 76: 54; corresponding phone list: 11 13 14 
WARNING (gmm-init-model:InitAmGmm():gmm-init-model.cc:83) Very small count for state 77: 75; corresponding phone list: 11 12 13 14 
WARNING (gmm-init-model:InitAmGmm():gmm-init-model.cc:83) Very small count for state 78: 43; corresponding phone list: 43 44 45 46 
WARNING (gmm-init-model:InitAmGmm():gmm-init-model.cc:83) Very small count for state 86: 62; corresponding phone list: 147 148 149 150 
WARNING (gmm-init-model:InitAmGmm():gmm-init-model.cc:83) Very small count for state 102: 62; corresponding phone list: 91 92 93 94 
WARNING (gmm-init-model:InitAmGmm():gmm-init-model.cc:83) Very small count for state 104: 54; corresponding phone list: 167 168 169 170 
WARNING (gmm-init-model:InitAmGmm():gmm-init-model.cc:83) Very small count for state 108: 98; corresponding phone list: 16 
WARNING (gmm-init-model:InitAmGmm():gmm-init-model.cc:83) Very small count for state 114: 39; corresponding phone list: 59 60 61 62 
WARNING (gmm-init-model:InitAmGmm():gmm-init-model.cc:83) Very small count for state 115: 73; corresponding phone list: 183 184 185 186 
WARNING (gmm-init-model:InitAmGmm():gmm-init-model.cc:83) Very small count for state 118: 71; corresponding phone list: 111 112 113 114 
WARNING (gmm-init-model:InitAmGmm():gmm-init-model.cc:83) Very small count for state 119: 96; corresponding phone list: 51 52 53 54 
WARNING (gmm-init-model:InitAmGmm():gmm-init-model.cc:83) Very small count for state 121: 59; corresponding phone list: 87 88 89 90 
WARNING (gmm-init-model:InitAmGmm():gmm-init-model.cc:83) Very small count for state 123: 42; corresponding phone list: 151 152 153 154 
WARNING (gmm-init-model:InitAmGmm():gmm-init-model.cc:83) Very small count for state 125: 29; corresponding phone list: 111 112 114 
WARNING (gmm-init-model:InitAmGmm():gmm-init-model.cc:83) Very small count for state 128: 47; corresponding phone list: 87 88 89 90 
WARNING (gmm-init-model:InitAmGmm():gmm-init-model.cc:83) Very small count for state 130: 87; corresponding phone list: 71 72 73 74 
WARNING (gmm-init-model:InitAmGmm():gmm-init-model.cc:83) Very small count for state 131: 74; corresponding phone list: 135 136 137 138 
WARNING (gmm-init-model:InitAmGmm():gmm-init-model.cc:83) Very small count for state 135: 72; corresponding phone list: 103 104 105 106 
WARNING (gmm-init-model:InitAmGmm():gmm-init-model.cc:83) Very small count for state 139: 35; corresponding phone list: 11 12 13 14 
WARNING (gmm-init-model:InitAmGmm():gmm-init-model.cc:83) Very small count for state 145: 99; corresponding phone list: 11 12 13 14 
WARNING (gmm-init-model:InitAmGmm():gmm-init-model.cc:83) Very small count for state 146: 94; corresponding phone list: 179 180 181 182 
WARNING (gmm-init-model:InitAmGmm():gmm-init-model.cc:83) Very small count for state 147: 83; corresponding phone list: 63 64 65 66 
WARNING (gmm-init-model:InitAmGmm():gmm-init-model.cc:83) Very small count for state 148: 86; corresponding phone list: 87 88 89 90 
WARNING (gmm-init-model:InitAmGmm():gmm-init-model.cc:83) Very small count for state 150: 35; corresponding phone list: 135 136 137 138 
WARNING (gmm-init-model:InitAmGmm():gmm-init-model.cc:83) Very small count for state 155: 25; corresponding phone list: 23 24 25 26 
WARNING (gmm-init-model:InitAmGmm():gmm-init-model.cc:83) Very small count for state 159: 67; corresponding phone list: 71 72 73 74 
WARNING (gmm-init-model:InitAmGmm():gmm-init-model.cc:83) Very small count for state 162: 82; corresponding phone list: 11 12 13 14 
WARNING (gmm-init-model:InitAmGmm():gmm-init-model.cc:83) Very small count for state 163: 79; corresponding phone list: 39 40 41 42 
WARNING (gmm-init-model:InitAmGmm():gmm-init-model.cc:83) Very small count for state 170: 88; corresponding phone list: 87 88 89 90 
WARNING (gmm-init-model:InitAmGmm():gmm-init-model.cc:83) Very small count for state 172: 78; corresponding phone list: 171 172 173 174 
WARNING (gmm-init-model:InitAmGmm():gmm-init-model.cc:83) Very small count for state 174: 60; corresponding phone list: 71 72 73 74 
WARNING (gmm-init-model:InitAmGmm():gmm-init-model.cc:83) Very small count for state 176: 75; corresponding phone list: 91 92 93 94 
WARNING (gmm-init-model:InitAmGmm():gmm-init-model.cc:83) Very small count for state 177: 63; corresponding phone list: 55 56 57 58 
WARNING (gmm-init-model:InitAmGmm():gmm-init-model.cc:83) Very small count for state 179: 48; corresponding phone list: 11 13 14 
WARNING (gmm-init-model:InitAmGmm():gmm-init-model.cc:83) Very small count for state 181: 77; corresponding phone list: 156 
WARNING (gmm-init-model:InitAmGmm():gmm-init-model.cc:83) Very small count for state 188: 92; corresponding phone list: 145 
WARNING (gmm-init-model:InitAmGmm():gmm-init-model.cc:83) Very small count for state 190: 58; corresponding phone list: 135 136 137 138 
WARNING (gmm-init-model:InitAmGmm():gmm-init-model.cc:83) Very small count for state 191: 81; corresponding phone list: 111 112 113 114 
WARNING (gmm-init-model:InitAmGmm():gmm-init-model.cc:83) Very small count for state 192: 75; corresponding phone list: 11 13 14 
WARNING (gmm-init-model:InitAmGmm():gmm-init-model.cc:83) Very small count for state 195: 35; corresponding phone list: 15 16 17 18 
WARNING (gmm-init-model:InitAmGmm():gmm-init-model.cc:83) Very small count for state 196: 30; corresponding phone list: 19 20 21 22 
WARNING (gmm-init-model:InitAmGmm():gmm-init-model.cc:83) Very small count for state 197: 45; corresponding phone list: 31 32 33 34 
WARNING (gmm-init-model:InitAmGmm():gmm-init-model.cc:83) Very small count for state 198: 52; corresponding phone list: 11 12 13 14 
WARNING (gmm-init-model:InitAmGmm():gmm-init-model.cc:83) Very small count for state 202: 89; corresponding phone list: 12 
WARNING (gmm-init-model:InitAmGmm():gmm-init-model.cc:83) Very small count for state 204: 66; corresponding phone list: 11 12 13 14 
WARNING (gmm-init-model:InitAmGmm():gmm-init-model.cc:83) Very small count for state 207: 66; corresponding phone list: 47 48 49 50 
WARNING (gmm-init-model:InitAmGmm():gmm-init-model.cc:83) Very small count for state 211: 75; corresponding phone list: 139 140 141 142 
WARNING (gmm-init-model:InitAmGmm():gmm-init-model.cc:83) Very small count for state 216: 85; corresponding phone list: 111 112 113 114 
WARNING (gmm-init-model:InitAmGmm():gmm-init-model.cc:83) Very small count for state 217: 67; corresponding phone list: 111 112 113 114 
WARNING (gmm-init-model:InitAmGmm():gmm-init-model.cc:83) Very small count for state 218: 45; corresponding phone list: 49 
WARNING (gmm-init-model:InitAmGmm():gmm-init-model.cc:83) Very small count for state 220: 41; corresponding phone list: 95 96 97 98 
WARNING (gmm-init-model:InitAmGmm():gmm-init-model.cc:83) Very small count for state 229: 68; corresponding phone list: 15 16 17 18 
WARNING (gmm-init-model:InitAmGmm():gmm-init-model.cc:83) Very small count for state 230: 42; corresponding phone list: 23 24 25 26 
WARNING (gmm-init-model:InitAmGmm():gmm-init-model.cc:83) Very small count for state 232: 76; corresponding phone list: 11 13 14 
WARNING (gmm-init-model:InitAmGmm():gmm-init-model.cc:83) Very small count for state 234: 34; corresponding phone list: 103 104 105 106 
WARNING (gmm-init-model:InitAmGmm():gmm-init-model.cc:83) Very small count for state 237: 92; corresponding phone list: 155 156 157 158 
WARNING (gmm-init-model:InitAmGmm():gmm-init-model.cc:83) Very small count for state 242: 71; corresponding phone list: 91 92 93 94 
WARNING (gmm-init-model:InitAmGmm():gmm-init-model.cc:83) Very small count for state 247: 86; corresponding phone list: 35 36 37 38 
WARNING (gmm-init-model:InitAmGmm():gmm-init-model.cc:83) Very small count for state 251: 43; corresponding phone list: 11 12 13 14 
WARNING (gmm-init-model:InitAmGmm():gmm-init-model.cc:83) Very small count for state 255: 83; corresponding phone list: 87 88 89 90 
WARNING (gmm-init-model:InitAmGmm():gmm-init-model.cc:83) Very small count for state 256: 90; corresponding phone list: 47 48 49 50 
WARNING (gmm-init-model:InitAmGmm():gmm-init-model.cc:83) Very small count for state 257: 48; corresponding phone list: 51 52 53 54 
WARNING (gmm-init-model:InitAmGmm():gmm-init-model.cc:83) Very small count for state 258: 59; corresponding phone list: 113 
WARNING (gmm-init-model:InitAmGmm():gmm-init-model.cc:83) Very small count for state 260: 26; corresponding phone list: 119 120 121 122 
WARNING (gmm-init-model:InitAmGmm():gmm-init-model.cc:83) Very small count for state 264: 83; corresponding phone list: 156 
WARNING (gmm-init-model:InitAmGmm():gmm-init-model.cc:83) Very small count for state 266: 70; corresponding phone list: 67 68 69 70 
WARNING (gmm-init-model:InitAmGmm():gmm-init-model.cc:83) Very small count for state 267: 94; corresponding phone list: 87 88 89 90 
WARNING (gmm-init-model:InitAmGmm():gmm-init-model.cc:83) Very small count for state 269: 51; corresponding phone list: 11 12 13 14 
WARNING (gmm-init-model:InitAmGmm():gmm-init-model.cc:83) Very small count for state 270: 94; corresponding phone list: 11 13 14 
WARNING (gmm-init-model:InitAmGmm():gmm-init-model.cc:83) Very small count for state 271: 95; corresponding phone list: 11 12 13 14 
WARNING (gmm-init-model:InitAmGmm():gmm-init-model.cc:83) Very small count for state 272: 42; corresponding phone list: 123 125 126 
WARNING (gmm-init-model:InitAmGmm():gmm-init-model.cc:83) Very small count for state 273: 35; corresponding phone list: 59 60 61 62 
WARNING (gmm-init-model:InitAmGmm():gmm-init-model.cc:83) Very small count for state 274: 74; corresponding phone list: 47 48 49 50 
WARNING (gmm-init-model:InitAmGmm():gmm-init-model.cc:83) Very small count for state 275: 98; corresponding phone list: 23 24 25 26 
WARNING (gmm-init-model:InitAmGmm():gmm-init-model.cc:83) Very small count for state 277: 79; corresponding phone list: 99 100 101 102 
WARNING (gmm-init-model:InitAmGmm():gmm-init-model.cc:83) Very small count for state 278: 58; corresponding phone list: 11 13 14 
WARNING (gmm-init-model:InitAmGmm():gmm-init-model.cc:83) Very small count for state 280: 85; corresponding phone list: 11 12 13 14 
WARNING (gmm-init-model:InitAmGmm():gmm-init-model.cc:83) Very small count for state 281: 83; corresponding phone list: 11 13 14 
WARNING (gmm-init-model:InitAmGmm():gmm-init-model.cc:83) Very small count for state 282: 45; corresponding phone list: 103 104 105 106 
WARNING (gmm-init-model:InitAmGmm():gmm-init-model.cc:83) Very small count for state 285: 51; corresponding phone list: 99 100 101 102 
WARNING (gmm-init-model:InitAmGmm():gmm-init-model.cc:83) Very small count for state 289: 98; corresponding phone list: 35 36 37 38 
WARNING (gmm-init-model:InitAmGmm():gmm-init-model.cc:83) Very small count for state 293: 30; corresponding phone list: 79 80 81 82 
WARNING (gmm-init-model:InitAmGmm():gmm-init-model.cc:83) Very small count for state 295: 73; corresponding phone list: 131 132 133 134 
WARNING (gmm-init-model:InitAmGmm():gmm-init-model.cc:83) Very small count for state 297: 74; corresponding phone list: 47 48 50 
WARNING (gmm-init-model:InitAmGmm():gmm-init-model.cc:83) Very small count for state 303: 63; corresponding phone list: 111 112 113 114 
WARNING (gmm-init-model:InitAmGmm():gmm-init-model.cc:83) Very small count for state 304: 61; corresponding phone list: 171 172 173 174 
WARNING (gmm-init-model:InitAmGmm():gmm-init-model.cc:83) Very small count for state 305: 91; corresponding phone list: 155 156 157 158 
WARNING (gmm-init-model:InitAmGmm():gmm-init-model.cc:83) Very small count for state 307: 70; corresponding phone list: 179 180 181 182 
WARNING (gmm-init-model:InitAmGmm():gmm-init-model.cc:83) Very small count for state 309: 76; corresponding phone list: 11 12 13 14 
WARNING (gmm-init-model:InitAmGmm():gmm-init-model.cc:83) Very small count for state 312: 70; corresponding phone list: 115 116 117 118 
WARNING (gmm-init-model:InitAmGmm():gmm-init-model.cc:83) Very small count for state 313: 99; corresponding phone list: 31 32 33 34 
WARNING (gmm-init-model:InitAmGmm():gmm-init-model.cc:83) Very small count for state 314: 61; corresponding phone list: 19 20 21 22 
WARNING (gmm-init-model:InitAmGmm():gmm-init-model.cc:83) Very small count for state 315: 92; corresponding phone list: 87 88 89 90 
WARNING (gmm-init-model:InitAmGmm():gmm-init-model.cc:83) Very small count for state 319: 55; corresponding phone list: 115 117 118 
WARNING (gmm-init-model:InitAmGmm():gmm-init-model.cc:83) Very small count for state 320: 26; corresponding phone list: 179 180 181 182 
WARNING (gmm-init-model:InitAmGmm():gmm-init-model.cc:83) Very small count for state 322: 88; corresponding phone list: 71 72 73 74 
WARNING (gmm-init-model:InitAmGmm():gmm-init-model.cc:83) Very small count for state 325: 74; corresponding phone list: 47 48 50 
WARNING (gmm-init-model:InitAmGmm():gmm-init-model.cc:83) Very small count for state 327: 39; corresponding phone list: 111 112 113 114 
WARNING (gmm-init-model:InitAmGmm():gmm-init-model.cc:83) Very small count for state 328: 89; corresponding phone list: 111 112 113 114 
WARNING (gmm-init-model:InitAmGmm():gmm-init-model.cc:83) Very small count for state 329: 95; corresponding phone list: 11 12 13 14 
WARNING (gmm-init-model:InitAmGmm():gmm-init-model.cc:83) Very small count for state 330: 33; corresponding phone list: 91 92 93 94 
WARNING (gmm-init-model:InitAmGmm():gmm-init-model.cc:83) Very small count for state 331: 66; corresponding phone list: 155 156 157 158 
WARNING (gmm-init-model:InitAmGmm():gmm-init-model.cc:83) Very small count for state 337: 53; corresponding phone list: 179 180 181 182 
WARNING (gmm-init-model:InitAmGmm():gmm-init-model.cc:83) Very small count for state 338: 65; corresponding phone list: 87 88 89 90 
WARNING (gmm-init-model:InitAmGmm():gmm-init-model.cc:83) Very small count for state 339: 16; corresponding phone list: 111 112 113 114 
WARNING (gmm-init-model:InitAmGmm():gmm-init-model.cc:83) Very small count for state 340: 34; corresponding phone list: 11 13 14 
WARNING (gmm-init-model:InitAmGmm():gmm-init-model.cc:83) Very small count for state 342: 54; corresponding phone list: 119 120 121 122 
WARNING (gmm-init-model:InitAmGmm():gmm-init-model.cc:83) Very small count for state 347: 29; corresponding phone list: 91 92 93 94 
WARNING (gmm-init-model:InitAmGmm():gmm-init-model.cc:83) Very small count for state 351: 93; corresponding phone list: 87 88 89 90 
WARNING (gmm-init-model:InitAmGmm():gmm-init-model.cc:83) Very small count for state 352: 96; corresponding phone list: 87 88 89 90 
WARNING (gmm-init-model:InitAmGmm():gmm-init-model.cc:83) Very small count for state 359: 85; corresponding phone list: 147 148 149 150 
WARNING (gmm-init-model:InitAmGmm():gmm-init-model.cc:83) Very small count for state 360: 95; corresponding phone list: 79 80 81 82 
WARNING (gmm-init-model:InitAmGmm():gmm-init-model.cc:83) Very small count for state 361: 41; corresponding phone list: 171 172 173 174 
WARNING (gmm-init-model:InitAmGmm():gmm-init-model.cc:83) Very small count for state 366: 35; corresponding phone list: 67 68 69 70 
WARNING (gmm-init-model:InitAmGmm():gmm-init-model.cc:83) Very small count for state 367: 87; corresponding phone list: 183 184 185 186 
WARNING (gmm-init-model:InitAmGmm():gmm-init-model.cc:83) Very small count for state 369: 60; corresponding phone list: 67 68 69 70 
WARNING (gmm-init-model:InitAmGmm():gmm-init-model.cc:83) Very small count for state 370: 48; corresponding phone list: 19 20 21 22 
WARNING (gmm-init-model:InitAmGmm():gmm-init-model.cc:83) Very small count for state 371: 77; corresponding phone list: 19 20 21 22 
WARNING (gmm-init-model:InitAmGmm():gmm-init-model.cc:83) Very small count for state 379: 79; corresponding phone list: 143 144 145 146 
WARNING (gmm-init-model:InitAmGmm():gmm-init-model.cc:83) Very small count for state 381: 58; corresponding phone list: 11 12 13 14 
WARNING (gmm-init-model:InitAmGmm():gmm-init-model.cc:83) Very small count for state 382: 83; corresponding phone list: 115 116 117 118 
WARNING (gmm-init-model:InitAmGmm():gmm-init-model.cc:83) Very small count for state 383: 29; corresponding phone list: 115 116 117 118 
WARNING (gmm-init-model:InitAmGmm():gmm-init-model.cc:83) Very small count for state 385: 87; corresponding phone list: 91 92 93 94 
WARNING (gmm-init-model:InitAmGmm():gmm-init-model.cc:83) Very small count for state 390: 78; corresponding phone list: 111 112 113 114 
WARNING (gmm-init-model:InitAmGmm():gmm-init-model.cc:83) Very small count for state 391: 86; corresponding phone list: 75 76 77 78 
WARNING (gmm-init-model:InitAmGmm():gmm-init-model.cc:83) Very small count for state 392: 70; corresponding phone list: 135 137 138 
WARNING (gmm-init-model:InitAmGmm():gmm-init-model.cc:83) Very small count for state 394: 64; corresponding phone list: 95 96 97 98 
WARNING (gmm-init-model:InitAmGmm():gmm-init-model.cc:83) Very small count for state 397: 40; corresponding phone list: 11 12 13 14 
WARNING (gmm-init-model:InitAmGmm():gmm-init-model.cc:83) Very small count for state 398: 71; corresponding phone list: 19 20 21 22 
WARNING (gmm-init-model:InitAmGmm():gmm-init-model.cc:83) Very small count for state 400: 86; corresponding phone list: 135 136 137 138 
WARNING (gmm-init-model:InitAmGmm():gmm-init-model.cc:83) Very small count for state 402: 64; corresponding phone list: 47 48 49 50 
WARNING (gmm-init-model:InitAmGmm():gmm-init-model.cc:83) Very small count for state 404: 73; corresponding phone list: 87 88 89 90 
WARNING (gmm-init-model:InitAmGmm():gmm-init-model.cc:83) Very small count for state 406: 57; corresponding phone list: 35 36 37 38 
WARNING (gmm-init-model:InitAmGmm():gmm-init-model.cc:83) Very small count for state 407: 43; corresponding phone list: 11 13 14 
WARNING (gmm-init-model:InitAmGmm():gmm-init-model.cc:83) Very small count for state 409: 54; corresponding phone list: 11 12 13 14 
WARNING (gmm-init-model:InitAmGmm():gmm-init-model.cc:83) Very small count for state 410: 42; corresponding phone list: 113 
WARNING (gmm-init-model:InitAmGmm():gmm-init-model.cc:83) Very small count for state 412: 76; corresponding phone list: 71 72 73 74 
WARNING (gmm-init-model:InitAmGmm():gmm-init-model.cc:83) Very small count for state 414: 49; corresponding phone list: 91 92 93 94 
WARNING (gmm-init-model:InitAmGmm():gmm-init-model.cc:83) Very small count for state 419: 47; corresponding phone list: 113 
WARNING (gmm-init-model:InitAmGmm():gmm-init-model.cc:83) Very small count for state 424: 90; corresponding phone list: 111 112 113 114 
WARNING (gmm-init-model:InitAmGmm():gmm-init-model.cc:83) Very small count for state 425: 85; corresponding phone list: 111 112 113 114 
WARNING (gmm-init-model:InitAmGmm():gmm-init-model.cc:83) Very small count for state 428: 72; corresponding phone list: 87 88 89 90 
WARNING (gmm-init-model:InitAmGmm():gmm-init-model.cc:83) Very small count for state 432: 80; corresponding phone list: 179 180 181 182 
WARNING (gmm-init-model:InitAmGmm():gmm-init-model.cc:83) Very small count for state 443: 54; corresponding phone list: 155 156 157 158 
WARNING (gmm-init-model:InitAmGmm():gmm-init-model.cc:83) Very small count for state 449: 88; corresponding phone list: 171 172 173 174 
WARNING (gmm-init-model:InitAmGmm():gmm-init-model.cc:83) Very small count for state 451: 77; corresponding phone list: 15 17 18 
WARNING (gmm-init-model:InitAmGmm():gmm-init-model.cc:83) Very small count for state 457: 49; corresponding phone list: 23 24 25 26 
WARNING (gmm-init-model:InitAmGmm():gmm-init-model.cc:83) Very small count for state 460: 53; corresponding phone list: 47 48 49 50 
WARNING (gmm-init-model:InitAmGmm():gmm-init-model.cc:83) Very small count for state 463: 69; corresponding phone list: 119 120 121 122 
WARNING (gmm-init-model:InitAmGmm():gmm-init-model.cc:83) Very small count for state 465: 93; corresponding phone list: 23 24 25 26 
WARNING (gmm-init-model:InitAmGmm():gmm-init-model.cc:83) Very small count for state 467: 72; corresponding phone list: 59 60 61 62 
WARNING (gmm-init-model:InitAmGmm():gmm-init-model.cc:83) Very small count for state 469: 94; corresponding phone list: 11 12 13 14 
WARNING (gmm-init-model:InitAmGmm():gmm-init-model.cc:83) Very small count for state 472: 30; corresponding phone list: 11 12 13 14 
WARNING (gmm-init-model:InitAmGmm():gmm-init-model.cc:83) Very small count for state 474: 27; corresponding phone list: 179 180 181 182 
WARNING (gmm-init-model:InitAmGmm():gmm-init-model.cc:83) Very small count for state 475: 32; corresponding phone list: 15 16 17 18 
WARNING (gmm-init-model:InitAmGmm():gmm-init-model.cc:83) Very small count for state 478: 55; corresponding phone list: 11 13 14 
WARNING (gmm-init-model:InitAmGmm():gmm-init-model.cc:83) Very small count for state 481: 25; corresponding phone list: 179 180 181 182 
WARNING (gmm-init-model:InitAmGmm():gmm-init-model.cc:83) Very small count for state 483: 87; corresponding phone list: 71 72 73 74 
WARNING (gmm-init-model:InitAmGmm():gmm-init-model.cc:83) Very small count for state 484: 28; corresponding phone list: 91 92 93 94 
WARNING (gmm-init-model:InitAmGmm():gmm-init-model.cc:83) Very small count for state 489: 89; corresponding phone list: 111 112 113 114 
WARNING (gmm-init-model:InitAmGmm():gmm-init-model.cc:83) Very small count for state 493: 95; corresponding phone list: 91 92 93 94 
WARNING (gmm-init-model:InitAmGmm():gmm-init-model.cc:83) Very small count for state 498: 60; corresponding phone list: 111 112 113 114 
WARNING (gmm-init-model:InitAmGmm():gmm-init-model.cc:83) Very small count for state 499: 67; corresponding phone list: 131 132 133 134 
WARNING (gmm-init-model:InitAmGmm():gmm-init-model.cc:83) Very small count for state 500: 31; corresponding phone list: 183 184 185 186 
WARNING (gmm-init-model:InitAmGmm():gmm-init-model.cc:83) Very small count for state 502: 72; corresponding phone list: 51 52 53 54 
WARNING (gmm-init-model:InitAmGmm():gmm-init-model.cc:83) Very small count for state 504: 29; corresponding phone list: 139 140 141 142 
WARNING (gmm-init-model:InitAmGmm():gmm-init-model.cc:83) Very small count for state 506: 47; corresponding phone list: 183 184 185 186 
WARNING (gmm-init-model:InitAmGmm():gmm-init-model.cc:83) Very small count for state 510: 59; corresponding phone list: 71 72 73 74 
WARNING (gmm-init-model:InitAmGmm():gmm-init-model.cc:83) Very small count for state 516: 90; corresponding phone list: 145 
WARNING (gmm-init-model:InitAmGmm():gmm-init-model.cc:83) Very small count for state 521: 15; corresponding phone list: 139 140 141 142 
WARNING (gmm-init-model:InitAmGmm():gmm-init-model.cc:83) Very small count for state 526: 88; corresponding phone list: 47 48 49 50 
WARNING (gmm-init-model:InitAmGmm():gmm-init-model.cc:83) Very small count for state 529: 42; corresponding phone list: 111 112 113 114 
WARNING (gmm-init-model:InitAmGmm():gmm-init-model.cc:83) Very small count for state 537: 82; corresponding phone list: 179 180 181 182 
WARNING (gmm-init-model:InitAmGmm():gmm-init-model.cc:83) Very small count for state 539: 59; corresponding phone list: 19 20 21 22 
WARNING (gmm-init-model:InitAmGmm():gmm-init-model.cc:83) Very small count for state 540: 85; corresponding phone list: 23 24 25 26 
WARNING (gmm-init-model:InitAmGmm():gmm-init-model.cc:83) Very small count for state 541: 60; corresponding phone list: 95 96 97 98 
WARNING (gmm-init-model:InitAmGmm():gmm-init-model.cc:83) Very small count for state 542: 58; corresponding phone list: 171 172 173 174 
WARNING (gmm-init-model:InitAmGmm():gmm-init-model.cc:83) Very small count for state 543: 64; corresponding phone list: 59 60 61 62 
WARNING (gmm-init-model:InitAmGmm():gmm-init-model.cc:83) Very small count for state 547: 40; corresponding phone list: 107 108 109 110 
WARNING (gmm-init-model:InitAmGmm():gmm-init-model.cc:83) Very small count for state 550: 54; corresponding phone list: 91 92 93 94 
WARNING (gmm-init-model:InitAmGmm():gmm-init-model.cc:83) Very small count for state 555: 14; corresponding phone list: 155 156 157 158 
WARNING (gmm-init-model:InitAmGmm():gmm-init-model.cc:83) Very small count for state 563: 48; corresponding phone list: 171 172 173 174 
WARNING (gmm-init-model:InitAmGmm():gmm-init-model.cc:83) Very small count for state 571: 78; corresponding phone list: 87 88 89 90 
WARNING (gmm-init-model:InitAmGmm():gmm-init-model.cc:83) Very small count for state 574: 53; corresponding phone list: 115 117 118 
WARNING (gmm-init-model:InitAmGmm():gmm-init-model.cc:83) Very small count for state 577: 30; corresponding phone list: 67 68 69 70 
WARNING (gmm-init-model:InitAmGmm():gmm-init-model.cc:83) Very small count for state 580: 91; corresponding phone list: 35 36 37 38 
WARNING (gmm-init-model:InitAmGmm():gmm-init-model.cc:83) Very small count for state 584: 84; corresponding phone list: 87 88 89 90 
WARNING (gmm-init-model:InitAmGmm():gmm-init-model.cc:83) Very small count for state 586: 81; corresponding phone list: 91 92 93 94 
WARNING (gmm-init-model:InitAmGmm():gmm-init-model.cc:83) Very small count for state 590: 19; corresponding phone list: 83 84 85 86 
WARNING (gmm-init-model:InitAmGmm():gmm-init-model.cc:83) Very small count for state 591: 80; corresponding phone list: 47 48 49 50 
WARNING (gmm-init-model:InitAmGmm():gmm-init-model.cc:83) Very small count for state 592: 81; corresponding phone list: 47 48 49 50 
WARNING (gmm-init-model:InitAmGmm():gmm-init-model.cc:83) Very small count for state 597: 73; corresponding phone list: 103 104 105 106 
WARNING (gmm-init-model:InitAmGmm():gmm-init-model.cc:83) Very small count for state 600: 56; corresponding phone list: 159 160 161 162 
WARNING (gmm-init-model:InitAmGmm():gmm-init-model.cc:83) Very small count for state 601: 98; corresponding phone list: 111 112 113 114 
WARNING (gmm-init-model:InitAmGmm():gmm-init-model.cc:83) Very small count for state 602: 50; corresponding phone list: 111 112 113 114 
WARNING (gmm-init-model:InitAmGmm():gmm-init-model.cc:83) Very small count for state 603: 18; corresponding phone list: 91 92 93 94 
WARNING (gmm-init-model:InitAmGmm():gmm-init-model.cc:83) Very small count for state 611: 96; corresponding phone list: 79 80 81 82 
WARNING (gmm-init-model:InitAmGmm():gmm-init-model.cc:83) Very small count for state 613: 70; corresponding phone list: 151 152 153 154 
WARNING (gmm-init-model:InitAmGmm():gmm-init-model.cc:83) Very small count for state 614: 86; corresponding phone list: 47 48 49 50 
WARNING (gmm-init-model:InitAmGmm():gmm-init-model.cc:83) Very small count for state 618: 82; corresponding phone list: 167 168 169 170 
WARNING (gmm-init-model:InitAmGmm():gmm-init-model.cc:83) Very small count for state 621: 47; corresponding phone list: 11 12 13 14 
WARNING (gmm-init-model:InitAmGmm():gmm-init-model.cc:83) Very small count for state 622: 72; corresponding phone list: 11 12 13 14 
WARNING (gmm-init-model:InitAmGmm():gmm-init-model.cc:83) Very small count for state 625: 86; corresponding phone list: 155 156 157 158 
WARNING (gmm-init-model:InitAmGmm():gmm-init-model.cc:83) Very small count for state 631: 35; corresponding phone list: 11 12 13 14 
WARNING (gmm-init-model:InitAmGmm():gmm-init-model.cc:83) Very small count for state 633: 61; corresponding phone list: 47 48 49 50 
WARNING (gmm-init-model:InitAmGmm():gmm-init-model.cc:83) Very small count for state 636: 96; corresponding phone list: 135 136 137 138 
WARNING (gmm-init-model:InitAmGmm():gmm-init-model.cc:83) Very small count for state 639: 95; corresponding phone list: 179 180 181 182 
WARNING (gmm-init-model:InitAmGmm():gmm-init-model.cc:83) Very small count for state 640: 53; corresponding phone list: 47 48 49 50 
WARNING (gmm-init-model:InitAmGmm():gmm-init-model.cc:83) Very small count for state 641: 75; corresponding phone list: 131 132 133 134 
WARNING (gmm-init-model:InitAmGmm():gmm-init-model.cc:83) Very small count for state 643: 27; corresponding phone list: 115 117 118 
WARNING (gmm-init-model:InitAmGmm():gmm-init-model.cc:83) Very small count for state 644: 58; corresponding phone list: 39 40 41 42 
WARNING (gmm-init-model:InitAmGmm():gmm-init-model.cc:83) Very small count for state 648: 94; corresponding phone list: 131 132 133 134 
WARNING (gmm-init-model:InitAmGmm():gmm-init-model.cc:83) Very small count for state 650: 60; corresponding phone list: 155 157 158 
WARNING (gmm-init-model:InitAmGmm():gmm-init-model.cc:83) Very small count for state 662: 50; corresponding phone list: 63 64 65 66 
WARNING (gmm-init-model:InitAmGmm():gmm-init-model.cc:83) Very small count for state 663: 73; corresponding phone list: 49 
WARNING (gmm-init-model:InitAmGmm():gmm-init-model.cc:83) Very small count for state 664: 80; corresponding phone list: 151 152 153 154 
WARNING (gmm-init-model:InitAmGmm():gmm-init-model.cc:83) Very small count for state 667: 33; corresponding phone list: 135 136 137 138 
WARNING (gmm-init-model:InitAmGmm():gmm-init-model.cc:83) Very small count for state 668: 25; corresponding phone list: 155 156 157 158 
WARNING (gmm-init-model:InitAmGmm():gmm-init-model.cc:83) Very small count for state 672: 17; corresponding phone list: 123 124 125 126 
WARNING (gmm-init-model:InitAmGmm():gmm-init-model.cc:83) Very small count for state 681: 96; corresponding phone list: 111 112 113 114 
WARNING (gmm-init-model:InitAmGmm():gmm-init-model.cc:83) Very small count for state 682: 88; corresponding phone list: 131 132 133 134 
WARNING (gmm-init-model:InitAmGmm():gmm-init-model.cc:83) Very small count for state 686: 86; corresponding phone list: 31 32 33 34 
WARNING (gmm-init-model:InitAmGmm():gmm-init-model.cc:83) Very small count for state 687: 68; corresponding phone list: 135 136 137 138 
WARNING (gmm-init-model:InitAmGmm():gmm-init-model.cc:83) Very small count for state 688: 76; corresponding phone list: 155 156 157 158 
WARNING (gmm-init-model:InitAmGmm():gmm-init-model.cc:83) Very small count for state 690: 62; corresponding phone list: 107 108 109 110 
WARNING (gmm-init-model:InitAmGmm():gmm-init-model.cc:83) Very small count for state 692: 91; corresponding phone list: 179 180 181 182 
WARNING (gmm-init-model:InitAmGmm():gmm-init-model.cc:83) Very small count for state 695: 67; corresponding phone list: 167 168 169 170 
WARNING (gmm-init-model:InitAmGmm():gmm-init-model.cc:83) Very small count for state 701: 89; corresponding phone list: 23 24 25 26 
WARNING (gmm-init-model:InitAmGmm():gmm-init-model.cc:83) Very small count for state 702: 48; corresponding phone list: 11 13 14 
WARNING (gmm-init-model:InitAmGmm():gmm-init-model.cc:83) Very small count for state 706: 31; corresponding phone list: 51 52 53 54 
WARNING (gmm-init-model:InitAmGmm():gmm-init-model.cc:83) Very small count for state 707: 61; corresponding phone list: 79 80 81 82 
WARNING (gmm-init-model:InitAmGmm():gmm-init-model.cc:83) Very small count for state 708: 84; corresponding phone list: 107 108 109 110 
WARNING (gmm-init-model:InitAmGmm():gmm-init-model.cc:83) Very small count for state 709: 45; corresponding phone list: 55 57 58 
WARNING (gmm-init-model:InitAmGmm():gmm-init-model.cc:83) Very small count for state 712: 84; corresponding phone list: 51 52 53 54 
WARNING (gmm-init-model:InitAmGmm():gmm-init-model.cc:83) Very small count for state 716: 76; corresponding phone list: 115 116 117 118 
WARNING (gmm-init-model:InitAmGmm():gmm-init-model.cc:83) Very small count for state 718: 57; corresponding phone list: 111 112 113 114 
WARNING (gmm-init-model:InitAmGmm():gmm-init-model.cc:83) Very small count for state 724: 86; corresponding phone list: 111 112 113 114 
WARNING (gmm-init-model:InitAmGmm():gmm-init-model.cc:83) Very small count for state 729: 66; corresponding phone list: 135 136 137 138 
WARNING (gmm-init-model:InitAmGmm():gmm-init-model.cc:83) Very small count for state 742: 74; corresponding phone list: 91 92 93 94 
WARNING (gmm-init-model:InitAmGmm():gmm-init-model.cc:83) Very small count for state 743: 91; corresponding phone list: 43 44 45 46 
WARNING (gmm-init-model:InitAmGmm():gmm-init-model.cc:83) Very small count for state 748: 52; corresponding phone list: 183 184 185 186 
WARNING (gmm-init-model:InitAmGmm():gmm-init-model.cc:83) Very small count for state 756: 27; corresponding phone list: 19 20 21 22 
WARNING (gmm-init-model:InitAmGmm():gmm-init-model.cc:83) Very small count for state 759: 90; corresponding phone list: 23 24 25 26 
WARNING (gmm-init-model:InitAmGmm():gmm-init-model.cc:83) Very small count for state 766: 84; corresponding phone list: 91 92 93 94 
WARNING (gmm-init-model:InitAmGmm():gmm-init-model.cc:83) Very small count for state 769: 66; corresponding phone list: 139 140 141 142 
WARNING (gmm-init-model:InitAmGmm():gmm-init-model.cc:83) Very small count for state 773: 43; corresponding phone list: 67 68 69 70 
WARNING (gmm-init-model:InitAmGmm():gmm-init-model.cc:83) Very small count for state 777: 87; corresponding phone list: 71 72 73 74 
WARNING (gmm-init-model:InitAmGmm():gmm-init-model.cc:83) Very small count for state 783: 55; corresponding phone list: 179 180 181 182 
WARNING (gmm-init-model:InitAmGmm():gmm-init-model.cc:83) Very small count for state 787: 72; corresponding phone list: 19 20 21 22 
WARNING (gmm-init-model:InitAmGmm():gmm-init-model.cc:83) Very small count for state 789: 80; corresponding phone list: 55 57 58 
WARNING (gmm-init-model:InitAmGmm():gmm-init-model.cc:83) Very small count for state 792: 84; corresponding phone list: 155 156 157 158 
WARNING (gmm-init-model:InitAmGmm():gmm-init-model.cc:83) Very small count for state 795: 75; corresponding phone list: 47 48 49 50 
WARNING (gmm-init-model:InitAmGmm():gmm-init-model.cc:83) Very small count for state 799: 86; corresponding phone list: 71 72 73 74 
WARNING (gmm-init-model:InitAmGmm():gmm-init-model.cc:83) Very small count for state 803: 52; corresponding phone list: 151 152 153 154 
WARNING (gmm-init-model:InitAmGmm():gmm-init-model.cc:83) Very small count for state 805: 18; corresponding phone list: 83 84 85 86 
WARNING (gmm-init-model:InitAmGmm():gmm-init-model.cc:83) Very small count for state 808: 91; corresponding phone list: 39 40 41 42 
WARNING (gmm-init-model:InitAmGmm():gmm-init-model.cc:83) Very small count for state 809: 36; corresponding phone list: 139 140 141 142 
WARNING (gmm-init-model:InitAmGmm():gmm-init-model.cc:83) Very small count for state 811: 95; corresponding phone list: 183 184 185 186 
WARNING (gmm-init-model:InitAmGmm():gmm-init-model.cc:83) Very small count for state 814: 26; corresponding phone list: 39 40 41 42 
WARNING (gmm-init-model:InitAmGmm():gmm-init-model.cc:83) Very small count for state 819: 38; corresponding phone list: 139 140 141 142 
WARNING (gmm-init-model:InitAmGmm():gmm-init-model.cc:83) Very small count for state 823: 78; corresponding phone list: 179 180 181 182 
WARNING (gmm-init-model:InitAmGmm():gmm-init-model.cc:83) Very small count for state 824: 40; corresponding phone list: 91 92 93 94 
WARNING (gmm-init-model:InitAmGmm():gmm-init-model.cc:83) Very small count for state 829: 49; corresponding phone list: 47 48 49 50 
WARNING (gmm-init-model:InitAmGmm():gmm-init-model.cc:83) Very small count for state 833: 88; corresponding phone list: 23 24 25 26 
WARNING (gmm-init-model:InitAmGmm():gmm-init-model.cc:83) Very small count for state 838: 75; corresponding phone list: 123 124 125 126 
WARNING (gmm-init-model:InitAmGmm():gmm-init-model.cc:83) Very small count for state 839: 78; corresponding phone list: 15 16 17 18 
WARNING (gmm-init-model:InitAmGmm():gmm-init-model.cc:83) Very small count for state 846: 53; corresponding phone list: 99 100 101 102 
WARNING (gmm-init-model:InitAmGmm():gmm-init-model.cc:83) Very small count for state 851: 44; corresponding phone list: 171 172 173 174 
WARNING (gmm-init-model:InitAmGmm():gmm-init-model.cc:83) Very small count for state 855: 91; corresponding phone list: 135 137 138 
WARNING (gmm-init-model:InitAmGmm():gmm-init-model.cc:83) Very small count for state 857: 79; corresponding phone list: 15 17 18 
WARNING (gmm-init-model:InitAmGmm():gmm-init-model.cc:83) Very small count for state 858: 52; corresponding phone list: 39 40 41 42 
WARNING (gmm-init-model:InitAmGmm():gmm-init-model.cc:83) Very small count for state 861: 80; corresponding phone list: 95 96 97 98 
WARNING (gmm-init-model:InitAmGmm():gmm-init-model.cc:83) Very small count for state 866: 54; corresponding phone list: 139 140 141 142 
WARNING (gmm-init-model:InitAmGmm():gmm-init-model.cc:83) Very small count for state 872: 36; corresponding phone list: 19 20 21 22 
WARNING (gmm-init-model:InitAmGmm():gmm-init-model.cc:83) Very small count for state 878: 14; corresponding phone list: 163 164 165 166 
WARNING (gmm-init-model:InitAmGmm():gmm-init-model.cc:83) Very small count for state 879: 42; corresponding phone list: 23 24 25 26 
WARNING (gmm-init-model:InitAmGmm():gmm-init-model.cc:83) Very small count for state 885: 47; corresponding phone list: 91 92 93 94 
WARNING (gmm-init-model:InitAmGmm():gmm-init-model.cc:83) Very small count for state 887: 86; corresponding phone list: 31 32 33 34 
WARNING (gmm-init-model:InitAmGmm():gmm-init-model.cc:83) Very small count for state 890: 94; corresponding phone list: 63 64 65 66 
WARNING (gmm-init-model:InitAmGmm():gmm-init-model.cc:83) Very small count for state 891: 77; corresponding phone list: 67 68 69 70 
WARNING (gmm-init-model:InitAmGmm():gmm-init-model.cc:83) Very small count for state 892: 41; corresponding phone list: 51 52 53 54 
WARNING (gmm-init-model:InitAmGmm():gmm-init-model.cc:83) Very small count for state 894: 75; corresponding phone list: 123 124 125 126 
WARNING (gmm-init-model:InitAmGmm():gmm-init-model.cc:83) Very small count for state 895: 45; corresponding phone list: 179 180 181 182 
WARNING (gmm-init-model:InitAmGmm():gmm-init-model.cc:83) Very small count for state 896: 37; corresponding phone list: 119 120 121 122 
WARNING (gmm-init-model:InitAmGmm():gmm-init-model.cc:83) Very small count for state 898: 84; corresponding phone list: 91 92 93 94 
WARNING (gmm-init-model:InitAmGmm():gmm-init-model.cc:83) Very small count for state 900: 82; corresponding phone list: 79 80 81 82 
WARNING (gmm-init-model:InitAmGmm():gmm-init-model.cc:83) Very small count for state 901: 91; corresponding phone list: 115 117 118 
WARNING (gmm-init-model:InitAmGmm():gmm-init-model.cc:83) Very small count for state 902: 84; corresponding phone list: 51 52 53 54 
WARNING (gmm-init-model:InitAmGmm():gmm-init-model.cc:83) Very small count for state 907: 89; corresponding phone list: 119 120 121 122 
WARNING (gmm-init-model:InitAmGmm():gmm-init-model.cc:83) Very small count for state 908: 57; corresponding phone list: 51 52 53 54 
WARNING (gmm-init-model:InitAmGmm():gmm-init-model.cc:83) Very small count for state 909: 64; corresponding phone list: 179 180 181 182 
WARNING (gmm-init-model:InitAmGmm():gmm-init-model.cc:83) Very small count for state 911: 75; corresponding phone list: 95 96 97 98 
WARNING (gmm-init-model:InitAmGmm():gmm-init-model.cc:83) Very small count for state 912: 54; corresponding phone list: 95 96 97 98 
WARNING (gmm-init-model:InitAmGmm():gmm-init-model.cc:83) Very small count for state 913: 78; corresponding phone list: 139 140 141 142 
WARNING (gmm-init-model:InitAmGmm():gmm-init-model.cc:83) Very small count for state 914: 82; corresponding phone list: 139 140 141 142 
WARNING (gmm-init-model:InitAmGmm():gmm-init-model.cc:83) Very small count for state 916: 59; corresponding phone list: 19 20 21 22 
LOG (gmm-init-model:main():gmm-init-model.cc:306) Wrote model.
# Accounting: time=0 threads=1
# Ended (code 0) at Mon Jul  4 16:05:16 BRT 2016, elapsed time 0 seconds
