# gmm-est --mix-up=3080 --power=0.25 --write-occs=exp/tri1/5.occs exp/tri1/4.mdl "gmm-sum-accs - exp/tri1/4.*.acc |" exp/tri1/5.mdl 
# Started at Mon Jul  4 16:05:29 BRT 2016
#
gmm-est --mix-up=3080 --power=0.25 --write-occs=exp/tri1/5.occs exp/tri1/4.mdl 'gmm-sum-accs - exp/tri1/4.*.acc |' exp/tri1/5.mdl 
gmm-sum-accs - exp/tri1/4.1.acc exp/tri1/4.10.acc exp/tri1/4.11.acc exp/tri1/4.12.acc exp/tri1/4.13.acc exp/tri1/4.14.acc exp/tri1/4.15.acc exp/tri1/4.16.acc exp/tri1/4.17.acc exp/tri1/4.18.acc exp/tri1/4.19.acc exp/tri1/4.2.acc exp/tri1/4.20.acc exp/tri1/4.3.acc exp/tri1/4.4.acc exp/tri1/4.5.acc exp/tri1/4.6.acc exp/tri1/4.7.acc exp/tri1/4.8.acc exp/tri1/4.9.acc 
LOG (gmm-sum-accs:main():gmm-sum-accs.cc:63) Summed 20 stats, total count 308780, avg like/frame -80.2345
LOG (gmm-sum-accs:main():gmm-sum-accs.cc:66) Total count of stats is 308780
LOG (gmm-sum-accs:main():gmm-sum-accs.cc:67) Written stats to -
LOG (gmm-est:MleUpdate():transition-model.cc:393) TransitionModel::Update, objf change is 1.11959e-11 per frame over 308780 frames. 
LOG (gmm-est:MleUpdate():transition-model.cc:396) 61 probabilities floored, 2760 out of 4031 transition-states skipped due to insuffient data (it is normal to have some skipped.)
LOG (gmm-est:main():gmm-est.cc:102) Transition model update: Overall 1.11959e-11 log-like improvement per frame over 308780 frames.
WARNING (gmm-est:MleDiagGmmUpdate():mle-diag-gmm.cc:365) Gaussian has too little data but not removing it because it is the last Gaussian: i = 0, occ = 0, weight = 1
WARNING (gmm-est:MleDiagGmmUpdate():mle-diag-gmm.cc:365) Gaussian has too little data but not removing it because it is the last Gaussian: i = 0, occ = 0, weight = 1
WARNING (gmm-est:MleDiagGmmUpdate():mle-diag-gmm.cc:365) Gaussian has too little data but not removing it because it is the last Gaussian: i = 0, occ = 0, weight = 1
LOG (gmm-est:MleAmDiagGmmUpdate():mle-am-diag-gmm.cc:225) 0 variance elements floored in 0 Gaussians, out of 2720
LOG (gmm-est:MleAmDiagGmmUpdate():mle-am-diag-gmm.cc:229) Removed 0 Gaussians due to counts < --min-gaussian-occupancy=10 and --remove-low-count-gaussians=true
LOG (gmm-est:main():gmm-est.cc:113) GMM update: Overall 0.405316 objective function improvement per frame over 308780 frames
LOG (gmm-est:main():gmm-est.cc:116) GMM update: Overall avg like per frame = -80.2345 over 308780 frames.
LOG (gmm-est:SplitByCount():am-diag-gmm.cc:116) Split 918 states with target = 3080, power = 0.25, perturb_factor = 0.01 and min_count = 20, split #Gauss from 2720 to 3080
LOG (gmm-est:main():gmm-est.cc:146) Written model to exp/tri1/5.mdl
# Accounting: time=0 threads=1
# Ended (code 0) at Mon Jul  4 16:05:29 BRT 2016, elapsed time 0 seconds
