# gmm-est --mix-up=5960 --power=0.25 --write-occs=exp/tri1/13.occs exp/tri1/12.mdl "gmm-sum-accs - exp/tri1/12.*.acc |" exp/tri1/13.mdl 
# Started at Mon Jul  4 16:06:06 BRT 2016
#
gmm-est --mix-up=5960 --power=0.25 --write-occs=exp/tri1/13.occs exp/tri1/12.mdl 'gmm-sum-accs - exp/tri1/12.*.acc |' exp/tri1/13.mdl 
gmm-sum-accs - exp/tri1/12.1.acc exp/tri1/12.10.acc exp/tri1/12.11.acc exp/tri1/12.12.acc exp/tri1/12.13.acc exp/tri1/12.14.acc exp/tri1/12.15.acc exp/tri1/12.16.acc exp/tri1/12.17.acc exp/tri1/12.18.acc exp/tri1/12.19.acc exp/tri1/12.2.acc exp/tri1/12.20.acc exp/tri1/12.3.acc exp/tri1/12.4.acc exp/tri1/12.5.acc exp/tri1/12.6.acc exp/tri1/12.7.acc exp/tri1/12.8.acc exp/tri1/12.9.acc 
LOG (gmm-sum-accs:main():gmm-sum-accs.cc:63) Summed 20 stats, total count 308780, avg like/frame -77.3132
LOG (gmm-sum-accs:main():gmm-sum-accs.cc:66) Total count of stats is 308780
LOG (gmm-sum-accs:main():gmm-sum-accs.cc:67) Written stats to -
LOG (gmm-est:MleUpdate():transition-model.cc:393) TransitionModel::Update, objf change is -1.1968e-11 per frame over 308780 frames. 
LOG (gmm-est:MleUpdate():transition-model.cc:396) 165 probabilities floored, 2760 out of 4031 transition-states skipped due to insuffient data (it is normal to have some skipped.)
LOG (gmm-est:main():gmm-est.cc:102) Transition model update: Overall -1.1968e-11 log-like improvement per frame over 308780 frames.
WARNING (gmm-est:MleDiagGmmUpdate():mle-diag-gmm.cc:365) Gaussian has too little data but not removing it because it is the last Gaussian: i = 0, occ = 0, weight = 1
WARNING (gmm-est:MleDiagGmmUpdate():mle-diag-gmm.cc:365) Gaussian has too little data but not removing it because it is the last Gaussian: i = 0, occ = 0, weight = 1
WARNING (gmm-est:MleDiagGmmUpdate():mle-diag-gmm.cc:365) Gaussian has too little data but not removing it because it is the last Gaussian: i = 0, occ = 0, weight = 1
WARNING (gmm-est:MleDiagGmmUpdate():mle-diag-gmm.cc:359) Too little data - removing Gaussian (weight 0.068838, occupation count 9.843849, vector size 39)
WARNING (gmm-est:MleDiagGmmUpdate():mle-diag-gmm.cc:359) Too little data - removing Gaussian (weight 0.099998, occupation count 9.999765, vector size 39)
WARNING (gmm-est:MleDiagGmmUpdate():mle-diag-gmm.cc:359) Too little data - removing Gaussian (weight 0.031404, occupation count 7.945263, vector size 39)
WARNING (gmm-est:MleDiagGmmUpdate():mle-diag-gmm.cc:359) Too little data - removing Gaussian (weight 0.065227, occupation count 9.718864, vector size 39)
WARNING (gmm-est:MleDiagGmmUpdate():mle-diag-gmm.cc:359) Too little data - removing Gaussian (weight 0.113634, occupation count 9.999826, vector size 39)
LOG (gmm-est:MleAmDiagGmmUpdate():mle-am-diag-gmm.cc:225) 0 variance elements floored in 0 Gaussians, out of 5606
LOG (gmm-est:MleAmDiagGmmUpdate():mle-am-diag-gmm.cc:229) Removed 5 Gaussians due to counts < --min-gaussian-occupancy=10 and --remove-low-count-gaussians=true
LOG (gmm-est:main():gmm-est.cc:113) GMM update: Overall 0.10552 objective function improvement per frame over 308780 frames
LOG (gmm-est:main():gmm-est.cc:116) GMM update: Overall avg like per frame = -77.3132 over 308780 frames.
LOG (gmm-est:SplitByCount():am-diag-gmm.cc:116) Split 918 states with target = 5960, power = 0.25, perturb_factor = 0.01 and min_count = 20, split #Gauss from 5606 to 5970
LOG (gmm-est:main():gmm-est.cc:146) Written model to exp/tri1/13.mdl
# Accounting: time=1 threads=1
# Ended (code 0) at Mon Jul  4 16:06:07 BRT 2016, elapsed time 1 seconds
