# gmm-latgen-faster --max-active=7000 --beam=13.0 --lattice-beam=6.0 --acoustic-scale=0.083333 --allow-partial=true --word-symbol-table=exp/tri2b/graph/words.txt exp/tri2b/final.mdl exp/tri2b/graph/HCLG.fst "ark,s,cs:apply-cmvn  --utt2spk=ark:data/test/split1/1/utt2spk scp:data/test/split1/1/cmvn.scp scp:data/test/split1/1/feats.scp ark:- | splice-feats  ark:- ark:- | transform-feats exp/tri2b/final.mat ark:- ark:- |" "ark:|gzip -c > exp/tri2b/decode/lat.1.gz" 
# Started at Mon Jul  4 16:14:55 BRT 2016
#
gmm-latgen-faster --max-active=7000 --beam=13.0 --lattice-beam=6.0 --acoustic-scale=0.083333 --allow-partial=true --word-symbol-table=exp/tri2b/graph/words.txt exp/tri2b/final.mdl exp/tri2b/graph/HCLG.fst 'ark,s,cs:apply-cmvn  --utt2spk=ark:data/test/split1/1/utt2spk scp:data/test/split1/1/cmvn.scp scp:data/test/split1/1/feats.scp ark:- | splice-feats  ark:- ark:- | transform-feats exp/tri2b/final.mat ark:- ark:- |' 'ark:|gzip -c > exp/tri2b/decode/lat.1.gz' 
splice-feats ark:- ark:- 
apply-cmvn --utt2spk=ark:data/test/split1/1/utt2spk scp:data/test/split1/1/cmvn.scp scp:data/test/split1/1/feats.scp ark:- 
transform-feats exp/tri2b/final.mat ark:- ark:- 
LOG (apply-cmvn:main():apply-cmvn.cc:146) Applied cepstral mean normalization to 3 utterances, errors on 0
felipe_test feijao arroz carne detergente escova-de-dente desodorante pasta-de-dente cha <UNK> coco repolho rucula alface tomate batata sucrilhos leite ovos pao <UNK> iogurte oleo massa-de-tomate tempero massa aveia farinha amendoim farofa 
LOG (gmm-latgen-faster:DecodeUtteranceLatticeFaster():decoder-wrappers.cc:285) Log-like per frame for utterance felipe_test is -4.70242 over 6798 frames.
felipe_test1 carne <hesitation> <hesitation> morango galinha <hesitation> cebola cenoura tomate beterraba cobertor agriao rucula <UNK> arroz feijao farofa chas nescau cafe filtro-de-papel azeite oleo massa queijo iogurte leite pao ovos refrigerante vodca paio <hesitation> ovo 
LOG (gmm-latgen-faster:DecodeUtteranceLatticeFaster():decoder-wrappers.cc:285) Log-like per frame for utterance felipe_test1 is -4.40638 over 6173 frames.
LOG (transform-feats:main():transform-feats.cc:158) Overall average [pseudo-]logdet is -82.5515 over 19069 frames.
LOG (transform-feats:main():transform-feats.cc:161) Applied transform to 3 utterances; 0 had errors.
felipe_test2 <hesitation> <hesitation> comida-de-cachorro comida-de-gato <hesitation> pasta-de-dente shampoo oleo azeite molho-de-tomate massas queijo cebola cenoura batata alface tomate maçã abacaxi pao leite ovos iogurte papel <UNK> <hesitation> vidro aparelho-de-barbear veneno-para-matar-mosquito detergente saco-de-lixo 
LOG (gmm-latgen-faster:DecodeUtteranceLatticeFaster():decoder-wrappers.cc:285) Log-like per frame for utterance felipe_test2 is -4.36883 over 6098 frames.
LOG (gmm-latgen-faster:main():gmm-latgen-faster.cc:175) Time taken 10.332s: real-time factor assuming 100 frames/sec is 0.0541823
LOG (gmm-latgen-faster:main():gmm-latgen-faster.cc:178) Done 3 utterances, failed for 0
LOG (gmm-latgen-faster:main():gmm-latgen-faster.cc:180) Overall log-likelihood per frame is -4.49991 over 19069 frames.
# Accounting: time=10 threads=1
# Ended (code 0) at Mon Jul  4 16:15:05 BRT 2016, elapsed time 10 seconds
