# gmm-align-compiled --transition-scale=1.0 --acoustic-scale=0.1 --self-loop-scale=0.1 --beam=10 --retry-beam=40 --careful=false "gmm-boost-silence --boost=1.0 1 exp/tri3b/final.mdl - |" "ark:gunzip -c exp/tri3b_ali/fsts.2.gz|" "ark,s,cs:apply-cmvn  --utt2spk=ark:data/train/split12/2/utt2spk scp:data/train/split12/2/cmvn.scp scp:data/train/split12/2/feats.scp ark:- | splice-feats  ark:- ark:- | transform-feats exp/tri3b/final.mat ark:- ark:- | transform-feats --utt2spk=ark:data/train/split12/2/utt2spk ark:exp/tri3b_ali/trans.2 ark:- ark:- |" "ark:|gzip -c >exp/tri3b_ali/ali.2.gz" 
# Started at Fri Jun 17 14:37:16 BRT 2016
#
gmm-align-compiled --transition-scale=1.0 --acoustic-scale=0.1 --self-loop-scale=0.1 --beam=10 --retry-beam=40 --careful=false 'gmm-boost-silence --boost=1.0 1 exp/tri3b/final.mdl - |' 'ark:gunzip -c exp/tri3b_ali/fsts.2.gz|' 'ark,s,cs:apply-cmvn  --utt2spk=ark:data/train/split12/2/utt2spk scp:data/train/split12/2/cmvn.scp scp:data/train/split12/2/feats.scp ark:- | splice-feats  ark:- ark:- | transform-feats exp/tri3b/final.mat ark:- ark:- | transform-feats --utt2spk=ark:data/train/split12/2/utt2spk ark:exp/tri3b_ali/trans.2 ark:- ark:- |' 'ark:|gzip -c >exp/tri3b_ali/ali.2.gz' 
gmm-boost-silence --boost=1.0 1 exp/tri3b/final.mdl - 
WARNING (gmm-boost-silence:main():gmm-boost-silence.cc:82) The pdfs for the silence phones may be shared by other phones (note: this probably does not matter.)
LOG (gmm-boost-silence:main():gmm-boost-silence.cc:93) Boosted weights for 5 pdfs, by factor of 1
LOG (gmm-boost-silence:main():gmm-boost-silence.cc:103) Wrote model to -
transform-feats --utt2spk=ark:data/train/split12/2/utt2spk ark:exp/tri3b_ali/trans.2 ark:- ark:- 
transform-feats exp/tri3b/final.mat ark:- ark:- 
splice-feats ark:- ark:- 
apply-cmvn --utt2spk=ark:data/train/split12/2/utt2spk scp:data/train/split12/2/cmvn.scp scp:data/train/split12/2/feats.scp ark:- 
LOG (apply-cmvn:main():apply-cmvn.cc:146) Applied cepstral mean normalization to 20 utterances, errors on 0
LOG (transform-feats:main():transform-feats.cc:158) Overall average [pseudo-]logdet is -89.9946 over 35689 frames.
LOG (transform-feats:main():transform-feats.cc:161) Applied transform to 20 utterances; 0 had errors.
LOG (transform-feats:main():transform-feats.cc:158) Overall average logdet is 2.09141 over 35689 frames.
LOG (transform-feats:main():transform-feats.cc:161) Applied transform to 20 utterances; 0 had errors.
LOG (gmm-align-compiled:main():gmm-align-compiled.cc:129) Overall log-likelihood per frame is -39.6193 over 35689 frames.
LOG (gmm-align-compiled:main():gmm-align-compiled.cc:131) Retried 0 out of 20 utterances.
LOG (gmm-align-compiled:main():gmm-align-compiled.cc:133) Done 20, errors on 0
# Accounting: time=2 threads=1
# Ended (code 0) at Fri Jun 17 14:37:18 BRT 2016, elapsed time 2 seconds
