# ali-to-post "ark:gunzip -c exp/tri3b_ali/pre_ali.10.gz|" ark:- | weight-silence-post 0.0 1:2:3:4:5:6:7:8:9:10 exp/tri3b/final.alimdl ark:- ark:- | gmm-post-to-gpost exp/tri3b/final.alimdl "ark,s,cs:apply-cmvn  --utt2spk=ark:data/train/split16/10/utt2spk scp:data/train/split16/10/cmvn.scp scp:data/train/split16/10/feats.scp ark:- | splice-feats  ark:- ark:- | transform-feats exp/tri3b/final.mat ark:- ark:- |" ark:- ark:- | gmm-est-fmllr-gpost --fmllr-update-type=full --spk2utt=ark:data/train/split16/10/spk2utt exp/tri3b/final.mdl "ark,s,cs:apply-cmvn  --utt2spk=ark:data/train/split16/10/utt2spk scp:data/train/split16/10/cmvn.scp scp:data/train/split16/10/feats.scp ark:- | splice-feats  ark:- ark:- | transform-feats exp/tri3b/final.mat ark:- ark:- |" ark,s,cs:- ark:exp/tri3b_ali/trans.10 
# Started at Wed Jun 22 13:56:20 BRT 2016
#
weight-silence-post 0.0 1:2:3:4:5:6:7:8:9:10 exp/tri3b/final.alimdl ark:- ark:- 
ali-to-post 'ark:gunzip -c exp/tri3b_ali/pre_ali.10.gz|' ark:- 
gmm-post-to-gpost exp/tri3b/final.alimdl 'ark,s,cs:apply-cmvn  --utt2spk=ark:data/train/split16/10/utt2spk scp:data/train/split16/10/cmvn.scp scp:data/train/split16/10/feats.scp ark:- | splice-feats  ark:- ark:- | transform-feats exp/tri3b/final.mat ark:- ark:- |' ark:- ark:- 
gmm-est-fmllr-gpost --fmllr-update-type=full --spk2utt=ark:data/train/split16/10/spk2utt exp/tri3b/final.mdl 'ark,s,cs:apply-cmvn  --utt2spk=ark:data/train/split16/10/utt2spk scp:data/train/split16/10/cmvn.scp scp:data/train/split16/10/feats.scp ark:- | splice-feats  ark:- ark:- | transform-feats exp/tri3b/final.mat ark:- ark:- |' ark,s,cs:- ark:exp/tri3b_ali/trans.10 
transform-feats exp/tri3b/final.mat ark:- ark:- 
apply-cmvn --utt2spk=ark:data/train/split16/10/utt2spk scp:data/train/split16/10/cmvn.scp scp:data/train/split16/10/feats.scp ark:- 
splice-feats ark:- ark:- 
apply-cmvn --utt2spk=ark:data/train/split16/10/utt2spk scp:data/train/split16/10/cmvn.scp scp:data/train/split16/10/feats.scp ark:- 
transform-feats exp/tri3b/final.mat ark:- ark:- 
splice-feats ark:- ark:- 
LOG (ali-to-post:main():ali-to-post.cc:65) Converted 18 alignments.
LOG (weight-silence-post:main():weight-silence-post.cc:95) Done 18 posteriors.
WARNING (gmm-est-fmllr-gpost:main():gmm-est-fmllr-gpost.cc:116) Did not find posteriors for utterance felipe_vsix_Sfelipe_vsix18
WARNING (gmm-est-fmllr-gpost:main():gmm-est-fmllr-gpost.cc:111) Did not find features for utterance felipe_vsix_Sfelipe_vsix19
LOG (apply-cmvn:main():apply-cmvn.cc:146) Applied cepstral mean normalization to 19 utterances, errors on 0
LOG (apply-cmvn:main():apply-cmvn.cc:146) Applied cepstral mean normalization to 19 utterances, errors on 0
LOG (transform-feats:main():transform-feats.cc:158) Overall average [pseudo-]logdet is -88.5567 over 37229 frames.
LOG (transform-feats:main():transform-feats.cc:161) Applied transform to 19 utterances; 0 had errors.
LOG (gmm-post-to-gpost:main():gmm-post-to-gpost.cc:124) Done 18 files, 1 with no posteriors, 0 with other errors.
LOG (gmm-post-to-gpost:main():gmm-post-to-gpost.cc:128) Overall avg like per frame (Gaussian only) = -43.5101 over 19938 frames.
LOG (gmm-post-to-gpost:main():gmm-post-to-gpost.cc:131) Done converting post to gpost
LOG (transform-feats:main():transform-feats.cc:158) Overall average [pseudo-]logdet is -88.5567 over 37229 frames.
LOG (transform-feats:main():transform-feats.cc:161) Applied transform to 19 utterances; 0 had errors.
LOG (gmm-est-fmllr-gpost:ComputeFmllrMatrixDiagGmmFull():fmllr-diag-gmm.cc:262) fMLLR objf improvement is 2.62764 per frame over 19938 frames.
LOG (gmm-est-fmllr-gpost:main():gmm-est-fmllr-gpost.cc:141) For speaker felipe_vsix, auxf-impr from fMLLR is 2.62764, over 19938 frames.
LOG (gmm-est-fmllr-gpost:main():gmm-est-fmllr-gpost.cc:186) Done 18 files, 1 with no gposts, 1 with other errors.
LOG (gmm-est-fmllr-gpost:main():gmm-est-fmllr-gpost.cc:188) Overall fMLLR auxf impr per frame is 2.62764 over 19938 frames.
# Accounting: time=1 threads=1
# Ended (code 0) at Wed Jun 22 13:56:21 BRT 2016, elapsed time 1 seconds
