# gmm-latgen-faster --max-active=7000 --beam=13.0 --lattice-beam=6.0 --acoustic-scale=0.083333 --determinize-lattice=false --allow-partial=true --word-symbol-table=exp/tri3b/graph/words.txt exp/tri3b/final.mdl exp/tri3b/graph/HCLG.fst "ark,s,cs:apply-cmvn  --utt2spk=ark:data/test/split1/1/utt2spk scp:data/test/split1/1/cmvn.scp scp:data/test/split1/1/feats.scp ark:- | splice-feats  ark:- ark:- | transform-feats exp/tri3b/final.mat ark:- ark:- | transform-feats --utt2spk=ark:data/test/split1/1/utt2spk ark:exp/tri3b/decode/pre_trans.1 ark:- ark:- |" "ark:|gzip -c > exp/tri3b/decode/lat.tmp.1.gz" 
# Started at Mon Jul  4 16:20:03 BRT 2016
#
gmm-latgen-faster --max-active=7000 --beam=13.0 --lattice-beam=6.0 --acoustic-scale=0.083333 --determinize-lattice=false --allow-partial=true --word-symbol-table=exp/tri3b/graph/words.txt exp/tri3b/final.mdl exp/tri3b/graph/HCLG.fst 'ark,s,cs:apply-cmvn  --utt2spk=ark:data/test/split1/1/utt2spk scp:data/test/split1/1/cmvn.scp scp:data/test/split1/1/feats.scp ark:- | splice-feats  ark:- ark:- | transform-feats exp/tri3b/final.mat ark:- ark:- | transform-feats --utt2spk=ark:data/test/split1/1/utt2spk ark:exp/tri3b/decode/pre_trans.1 ark:- ark:- |' 'ark:|gzip -c > exp/tri3b/decode/lat.tmp.1.gz' 
splice-feats ark:- ark:- 
transform-feats exp/tri3b/final.mat ark:- ark:- 
apply-cmvn --utt2spk=ark:data/test/split1/1/utt2spk scp:data/test/split1/1/cmvn.scp scp:data/test/split1/1/feats.scp ark:- 
transform-feats --utt2spk=ark:data/test/split1/1/utt2spk ark:exp/tri3b/decode/pre_trans.1 ark:- ark:- 
LOG (apply-cmvn:main():apply-cmvn.cc:146) Applied cepstral mean normalization to 3 utterances, errors on 0
felipe_test feijao arroz carne detergente escova-de-dente desodorante pasta-de-dente shampoo repolho rucula alface tomate batata sucrilhos leite ovos pao iogurte oleo massa-de-tomate tempero massa aveia <hesitation> farinha amendoim farofa 
LOG (gmm-latgen-faster:DecodeUtteranceLatticeFaster():decoder-wrappers.cc:285) Log-like per frame for utterance felipe_test is -3.54364 over 6798 frames.
LOG (transform-feats:main():transform-feats.cc:158) Overall average [pseudo-]logdet is -82.5515 over 19069 frames.
LOG (transform-feats:main():transform-feats.cc:161) Applied transform to 3 utterances; 0 had errors.
felipe_test1 carne <hesitation> <hesitation> molho galinha cebola cenoura tomate beterraba agriao rucula arroz feijao farofa cha nescau cafe <UNK> filtro-de-papel azeite oleo massa queijo iogurte leite pao ovos refrigerante vodca uva morango ovo 
LOG (gmm-latgen-faster:DecodeUtteranceLatticeFaster():decoder-wrappers.cc:285) Log-like per frame for utterance felipe_test1 is -3.72017 over 6173 frames.
LOG (transform-feats:main():transform-feats.cc:158) Overall average logdet is -4.81879 over 19069 frames.
LOG (transform-feats:main():transform-feats.cc:161) Applied transform to 3 utterances; 0 had errors.
felipe_test2 comida-de-cachorro comida-de-gato <hesitation> pasta-de-dente shampoo oleo azeite molho-de-tomate massa queijo cebola cenoura batata alface tomate maçã abacaxi pao leite copos iogurte papel-higienico aparelho-de-barbear veneno-para-matar-mosquito detergente saco-de-lixo <hesitation> 
LOG (gmm-latgen-faster:DecodeUtteranceLatticeFaster():decoder-wrappers.cc:285) Log-like per frame for utterance felipe_test2 is -3.68783 over 6098 frames.
LOG (gmm-latgen-faster:main():gmm-latgen-faster.cc:175) Time taken 9.63386s: real-time factor assuming 100 frames/sec is 0.050521
LOG (gmm-latgen-faster:main():gmm-latgen-faster.cc:178) Done 3 utterances, failed for 0
LOG (gmm-latgen-faster:main():gmm-latgen-faster.cc:180) Overall log-likelihood per frame is -3.6469 over 19069 frames.
# Accounting: time=9 threads=1
# Ended (code 0) at Mon Jul  4 16:20:12 BRT 2016, elapsed time 9 seconds
