# gunzip -c exp/tri3b/decode.si/lat.1.gz | lattice-to-post --acoustic-scale=0.083333 ark:- ark:- | weight-silence-post 0.01 1:2:3:4:5:6:7:8:9:10 exp/tri3b/final.alimdl ark:- ark:- | gmm-post-to-gpost exp/tri3b/final.alimdl "ark,s,cs:apply-cmvn  --utt2spk=ark:data/test/split1/1/utt2spk scp:data/test/split1/1/cmvn.scp scp:data/test/split1/1/feats.scp ark:- | splice-feats  ark:- ark:- | transform-feats exp/tri3b/final.mat ark:- ark:- |" ark:- ark:- | gmm-est-fmllr-gpost --fmllr-update-type=full --spk2utt=ark:data/test/split1/1/spk2utt exp/tri3b/final.mdl "ark,s,cs:apply-cmvn  --utt2spk=ark:data/test/split1/1/utt2spk scp:data/test/split1/1/cmvn.scp scp:data/test/split1/1/feats.scp ark:- | splice-feats  ark:- ark:- | transform-feats exp/tri3b/final.mat ark:- ark:- |" ark,s,cs:- ark:exp/tri3b/decode/pre_trans.1 
# Started at Mon Jul  4 16:20:01 BRT 2016
#
weight-silence-post 0.01 1:2:3:4:5:6:7:8:9:10 exp/tri3b/final.alimdl ark:- ark:- 
gmm-post-to-gpost exp/tri3b/final.alimdl 'ark,s,cs:apply-cmvn  --utt2spk=ark:data/test/split1/1/utt2spk scp:data/test/split1/1/cmvn.scp scp:data/test/split1/1/feats.scp ark:- | splice-feats  ark:- ark:- | transform-feats exp/tri3b/final.mat ark:- ark:- |' ark:- ark:- 
gmm-est-fmllr-gpost --fmllr-update-type=full --spk2utt=ark:data/test/split1/1/spk2utt exp/tri3b/final.mdl 'ark,s,cs:apply-cmvn  --utt2spk=ark:data/test/split1/1/utt2spk scp:data/test/split1/1/cmvn.scp scp:data/test/split1/1/feats.scp ark:- | splice-feats  ark:- ark:- | transform-feats exp/tri3b/final.mat ark:- ark:- |' ark,s,cs:- ark:exp/tri3b/decode/pre_trans.1 
lattice-to-post --acoustic-scale=0.083333 ark:- ark:- 
splice-feats ark:- ark:- 
apply-cmvn --utt2spk=ark:data/test/split1/1/utt2spk scp:data/test/split1/1/cmvn.scp scp:data/test/split1/1/feats.scp ark:- 
transform-feats exp/tri3b/final.mat ark:- ark:- 
transform-feats exp/tri3b/final.mat ark:- ark:- 
apply-cmvn --utt2spk=ark:data/test/split1/1/utt2spk scp:data/test/split1/1/cmvn.scp scp:data/test/split1/1/feats.scp ark:- 
splice-feats ark:- ark:- 
LOG (apply-cmvn:main():apply-cmvn.cc:146) Applied cepstral mean normalization to 3 utterances, errors on 0
LOG (apply-cmvn:main():apply-cmvn.cc:146) Applied cepstral mean normalization to 3 utterances, errors on 0
LOG (lattice-to-post:main():lattice-to-post.cc:106) Overall average log-like/frame is -4.47422 over 19069 frames.  Average acoustic like/frame is -4.4064
LOG (lattice-to-post:main():lattice-to-post.cc:110) Done 3 lattices.
LOG (transform-feats:main():transform-feats.cc:158) Overall average [pseudo-]logdet is -82.5515 over 19069 frames.
LOG (transform-feats:main():transform-feats.cc:161) Applied transform to 3 utterances; 0 had errors.
LOG (weight-silence-post:main():weight-silence-post.cc:95) Done 3 posteriors.
LOG (transform-feats:main():transform-feats.cc:158) Overall average [pseudo-]logdet is -82.5515 over 19069 frames.
LOG (transform-feats:main():transform-feats.cc:161) Applied transform to 3 utterances; 0 had errors.
LOG (gmm-post-to-gpost:main():gmm-post-to-gpost.cc:124) Done 3 files, 0 with no posteriors, 0 with other errors.
LOG (gmm-post-to-gpost:main():gmm-post-to-gpost.cc:128) Overall avg like per frame (Gaussian only) = -69.682 over 6105.17 frames.
LOG (gmm-post-to-gpost:main():gmm-post-to-gpost.cc:131) Done converting post to gpost
LOG (gmm-est-fmllr-gpost:ComputeFmllrMatrixDiagGmmFull():fmllr-diag-gmm.cc:262) fMLLR objf improvement is 11.3128 per frame over 6105.07 frames.
LOG (gmm-est-fmllr-gpost:main():gmm-est-fmllr-gpost.cc:141) For speaker felipe, auxf-impr from fMLLR is 11.3128, over 6105.07 frames.
LOG (gmm-est-fmllr-gpost:main():gmm-est-fmllr-gpost.cc:186) Done 3 files, 0 with no gposts, 0 with other errors.
LOG (gmm-est-fmllr-gpost:main():gmm-est-fmllr-gpost.cc:188) Overall fMLLR auxf impr per frame is 11.3128 over 6105.07 frames.
# Accounting: time=2 threads=1
# Ended (code 0) at Mon Jul  4 16:20:03 BRT 2016, elapsed time 2 seconds
