# gmm-rescore-lattice /home/nlpserver/zzilong/verbalFluencyTester-master/kaldi/egs/animal/exp/tri3c/final.mdl "ark:gunzip -c /home/nlpserver/zzilong/verbalFluencyTester-master/kaldi/egs/animal/exp/tri3c/decode_2fmllr/lat.tmp.1.gz|" "ark,s,cs:apply-cmvn  --utt2spk=ark:/home/nlpserver/zzilong/verbalFluencyTester-master/kaldi/egs/animal/data/test/split1/1/utt2spk scp:/home/nlpserver/zzilong/verbalFluencyTester-master/kaldi/egs/animal/data/test/split1/1/cmvn.scp scp:/home/nlpserver/zzilong/verbalFluencyTester-master/kaldi/egs/animal/data/test/split1/1/feats.scp ark:- | transform-feats --utt2spk=ark:/home/nlpserver/zzilong/verbalFluencyTester-master/kaldi/egs/animal/data/test/split1/1/utt2spk ark:/home/nlpserver/zzilong/verbalFluencyTester-master/kaldi/egs/animal/exp/tri3c/decode_2fmllr/raw_trans.1 ark:- ark:- | splice-feats  ark:- ark:- | transform-feats /home/nlpserver/zzilong/verbalFluencyTester-master/kaldi/egs/animal/exp/tri3c/final.mat ark:- ark:- | transform-feats --utt2spk=ark:/home/nlpserver/zzilong/verbalFluencyTester-master/kaldi/egs/animal/data/test/split1/1/utt2spk ark:/home/nlpserver/zzilong/verbalFluencyTester-master/kaldi/egs/animal/exp/tri3c/decode_2fmllr/trans.1 ark:- ark:- |" ark:- | lattice-determinize-pruned --acoustic-scale=0.083333 --beam=6.0 ark:- "ark:|gzip -c > /home/nlpserver/zzilong/verbalFluencyTester-master/kaldi/egs/animal/exp/tri3c/decode_2fmllr/lat.1.gz" && rm /home/nlpserver/zzilong/verbalFluencyTester-master/kaldi/egs/animal/exp/tri3c/decode_2fmllr/lat.tmp.1.gz 
# Started at Tue Jul 26 13:23:34 BRT 2016
#
gmm-rescore-lattice /home/nlpserver/zzilong/verbalFluencyTester-master/kaldi/egs/animal/exp/tri3c/final.mdl 'ark:gunzip -c /home/nlpserver/zzilong/verbalFluencyTester-master/kaldi/egs/animal/exp/tri3c/decode_2fmllr/lat.tmp.1.gz|' 'ark,s,cs:apply-cmvn  --utt2spk=ark:/home/nlpserver/zzilong/verbalFluencyTester-master/kaldi/egs/animal/data/test/split1/1/utt2spk scp:/home/nlpserver/zzilong/verbalFluencyTester-master/kaldi/egs/animal/data/test/split1/1/cmvn.scp scp:/home/nlpserver/zzilong/verbalFluencyTester-master/kaldi/egs/animal/data/test/split1/1/feats.scp ark:- | transform-feats --utt2spk=ark:/home/nlpserver/zzilong/verbalFluencyTester-master/kaldi/egs/animal/data/test/split1/1/utt2spk ark:/home/nlpserver/zzilong/verbalFluencyTester-master/kaldi/egs/animal/exp/tri3c/decode_2fmllr/raw_trans.1 ark:- ark:- | splice-feats  ark:- ark:- | transform-feats /home/nlpserver/zzilong/verbalFluencyTester-master/kaldi/egs/animal/exp/tri3c/final.mat ark:- ark:- | transform-feats --utt2spk=ark:/home/nlpserver/zzilong/verbalFluencyTester-master/kaldi/egs/animal/data/test/split1/1/utt2spk ark:/home/nlpserver/zzilong/verbalFluencyTester-master/kaldi/egs/animal/exp/tri3c/decode_2fmllr/trans.1 ark:- ark:- |' ark:- 
lattice-determinize-pruned --acoustic-scale=0.083333 --beam=6.0 ark:- 'ark:|gzip -c > /home/nlpserver/zzilong/verbalFluencyTester-master/kaldi/egs/animal/exp/tri3c/decode_2fmllr/lat.1.gz' 
transform-feats /home/nlpserver/zzilong/verbalFluencyTester-master/kaldi/egs/animal/exp/tri3c/final.mat ark:- ark:- 
splice-feats ark:- ark:- 
transform-feats --utt2spk=ark:/home/nlpserver/zzilong/verbalFluencyTester-master/kaldi/egs/animal/data/test/split1/1/utt2spk ark:/home/nlpserver/zzilong/verbalFluencyTester-master/kaldi/egs/animal/exp/tri3c/decode_2fmllr/raw_trans.1 ark:- ark:- 
transform-feats --utt2spk=ark:/home/nlpserver/zzilong/verbalFluencyTester-master/kaldi/egs/animal/data/test/split1/1/utt2spk ark:/home/nlpserver/zzilong/verbalFluencyTester-master/kaldi/egs/animal/exp/tri3c/decode_2fmllr/trans.1 ark:- ark:- 
apply-cmvn --utt2spk=ark:/home/nlpserver/zzilong/verbalFluencyTester-master/kaldi/egs/animal/data/test/split1/1/utt2spk scp:/home/nlpserver/zzilong/verbalFluencyTester-master/kaldi/egs/animal/data/test/split1/1/cmvn.scp scp:/home/nlpserver/zzilong/verbalFluencyTester-master/kaldi/egs/animal/data/test/split1/1/feats.scp ark:- 
LOG (apply-cmvn:main():apply-cmvn.cc:146) Applied cepstral mean normalization to 1 utterances, errors on 0
LOG (transform-feats:main():transform-feats.cc:158) Overall average logdet is 0 over 1662 frames.
LOG (transform-feats:main():transform-feats.cc:161) Applied transform to 1 utterances; 0 had errors.
LOG (transform-feats:main():transform-feats.cc:158) Overall average [pseudo-]logdet is -85.9813 over 1662 frames.
LOG (transform-feats:main():transform-feats.cc:161) Applied transform to 1 utterances; 0 had errors.
LOG (transform-feats:main():transform-feats.cc:158) Overall average logdet is 0 over 1662 frames.
LOG (transform-feats:main():transform-feats.cc:161) Applied transform to 1 utterances; 0 had errors.
LOG (gmm-rescore-lattice:main():gmm-rescore-lattice.cc:103) Done 1 lattices with errors on 0, #frames is 1662
LOG (lattice-determinize-pruned:main():lattice-determinize-pruned.cc:111) Done 1 lattices, determinization finished earlier than specified by the beam on 0 of these.
# Accounting: time=1 threads=1
# Ended (code 0) at Tue Jul 26 13:23:35 BRT 2016, elapsed time 1 seconds
