# gmm-rescore-lattice /home/nlpserver/zzilong/verbalFluencyTester-master/kaldi/egs/animal/exp/tri3c/final.mdl "ark:gunzip -c /home/nlpserver/zzilong/verbalFluencyTester-master/kaldi/egs/animal/exp/tri3c/decode_2fmllr/lat.tmp.1.gz|" "ark,s,cs:apply-cmvn  --utt2spk=ark:/home/nlpserver/zzilong/verbalFluencyTester-master/kaldi/egs/animal/data/test/split1/1/utt2spk scp:/home/nlpserver/zzilong/verbalFluencyTester-master/kaldi/egs/animal/data/test/split1/1/cmvn.scp scp:/home/nlpserver/zzilong/verbalFluencyTester-master/kaldi/egs/animal/data/test/split1/1/feats.scp ark:- | transform-feats --utt2spk=ark:/home/nlpserver/zzilong/verbalFluencyTester-master/kaldi/egs/animal/data/test/split1/1/utt2spk ark:/home/nlpserver/zzilong/verbalFluencyTester-master/kaldi/egs/animal/exp/tri3c/decode_2fmllr/raw_trans.1 ark:- ark:- | splice-feats  ark:- ark:- | transform-feats /home/nlpserver/zzilong/verbalFluencyTester-master/kaldi/egs/animal/exp/tri3c/final.mat ark:- ark:- |" ark:- | lattice-determinize-pruned --acoustic-scale=0.083333 --beam=4.0 ark:- ark:- | lattice-to-post --acoustic-scale=0.083333 ark:- ark:- | weight-silence-post 0.01 1:2:3:4:5:6:7:8:9:10 /home/nlpserver/zzilong/verbalFluencyTester-master/kaldi/egs/animal/exp/tri3c/final.mdl ark:- ark:- | gmm-est-fmllr --spk2utt=ark:/home/nlpserver/zzilong/verbalFluencyTester-master/kaldi/egs/animal/data/test/split1/1/spk2utt /home/nlpserver/zzilong/verbalFluencyTester-master/kaldi/egs/animal/exp/tri3c/final.mdl "ark,s,cs:apply-cmvn  --utt2spk=ark:/home/nlpserver/zzilong/verbalFluencyTester-master/kaldi/egs/animal/data/test/split1/1/utt2spk scp:/home/nlpserver/zzilong/verbalFluencyTester-master/kaldi/egs/animal/data/test/split1/1/cmvn.scp scp:/home/nlpserver/zzilong/verbalFluencyTester-master/kaldi/egs/animal/data/test/split1/1/feats.scp ark:- | transform-feats --utt2spk=ark:/home/nlpserver/zzilong/verbalFluencyTester-master/kaldi/egs/animal/data/test/split1/1/utt2spk ark:/home/nlpserver/zzilong/verbalFluencyTester-master/kaldi/egs/animal/exp/tri3c/decode_2fmllr/raw_trans.1 ark:- ark:- | splice-feats  ark:- ark:- | transform-feats /home/nlpserver/zzilong/verbalFluencyTester-master/kaldi/egs/animal/exp/tri3c/final.mat ark:- ark:- |" ark,s,cs:- ark:/home/nlpserver/zzilong/verbalFluencyTester-master/kaldi/egs/animal/exp/tri3c/decode_2fmllr/trans.1 
# Started at Tue Jul 26 13:23:32 BRT 2016
#
gmm-rescore-lattice /home/nlpserver/zzilong/verbalFluencyTester-master/kaldi/egs/animal/exp/tri3c/final.mdl 'ark:gunzip -c /home/nlpserver/zzilong/verbalFluencyTester-master/kaldi/egs/animal/exp/tri3c/decode_2fmllr/lat.tmp.1.gz|' 'ark,s,cs:apply-cmvn  --utt2spk=ark:/home/nlpserver/zzilong/verbalFluencyTester-master/kaldi/egs/animal/data/test/split1/1/utt2spk scp:/home/nlpserver/zzilong/verbalFluencyTester-master/kaldi/egs/animal/data/test/split1/1/cmvn.scp scp:/home/nlpserver/zzilong/verbalFluencyTester-master/kaldi/egs/animal/data/test/split1/1/feats.scp ark:- | transform-feats --utt2spk=ark:/home/nlpserver/zzilong/verbalFluencyTester-master/kaldi/egs/animal/data/test/split1/1/utt2spk ark:/home/nlpserver/zzilong/verbalFluencyTester-master/kaldi/egs/animal/exp/tri3c/decode_2fmllr/raw_trans.1 ark:- ark:- | splice-feats  ark:- ark:- | transform-feats /home/nlpserver/zzilong/verbalFluencyTester-master/kaldi/egs/animal/exp/tri3c/final.mat ark:- ark:- |' ark:- 
lattice-determinize-pruned --acoustic-scale=0.083333 --beam=4.0 ark:- ark:- 
weight-silence-post 0.01 1:2:3:4:5:6:7:8:9:10 /home/nlpserver/zzilong/verbalFluencyTester-master/kaldi/egs/animal/exp/tri3c/final.mdl ark:- ark:- 
lattice-to-post --acoustic-scale=0.083333 ark:- ark:- 
gmm-est-fmllr --spk2utt=ark:/home/nlpserver/zzilong/verbalFluencyTester-master/kaldi/egs/animal/data/test/split1/1/spk2utt /home/nlpserver/zzilong/verbalFluencyTester-master/kaldi/egs/animal/exp/tri3c/final.mdl 'ark,s,cs:apply-cmvn  --utt2spk=ark:/home/nlpserver/zzilong/verbalFluencyTester-master/kaldi/egs/animal/data/test/split1/1/utt2spk scp:/home/nlpserver/zzilong/verbalFluencyTester-master/kaldi/egs/animal/data/test/split1/1/cmvn.scp scp:/home/nlpserver/zzilong/verbalFluencyTester-master/kaldi/egs/animal/data/test/split1/1/feats.scp ark:- | transform-feats --utt2spk=ark:/home/nlpserver/zzilong/verbalFluencyTester-master/kaldi/egs/animal/data/test/split1/1/utt2spk ark:/home/nlpserver/zzilong/verbalFluencyTester-master/kaldi/egs/animal/exp/tri3c/decode_2fmllr/raw_trans.1 ark:- ark:- | splice-feats  ark:- ark:- | transform-feats /home/nlpserver/zzilong/verbalFluencyTester-master/kaldi/egs/animal/exp/tri3c/final.mat ark:- ark:- |' ark,s,cs:- ark:/home/nlpserver/zzilong/verbalFluencyTester-master/kaldi/egs/animal/exp/tri3c/decode_2fmllr/trans.1 
transform-feats /home/nlpserver/zzilong/verbalFluencyTester-master/kaldi/egs/animal/exp/tri3c/final.mat ark:- ark:- 
splice-feats ark:- ark:- 
transform-feats --utt2spk=ark:/home/nlpserver/zzilong/verbalFluencyTester-master/kaldi/egs/animal/data/test/split1/1/utt2spk ark:/home/nlpserver/zzilong/verbalFluencyTester-master/kaldi/egs/animal/exp/tri3c/decode_2fmllr/raw_trans.1 ark:- ark:- 
apply-cmvn --utt2spk=ark:/home/nlpserver/zzilong/verbalFluencyTester-master/kaldi/egs/animal/data/test/split1/1/utt2spk scp:/home/nlpserver/zzilong/verbalFluencyTester-master/kaldi/egs/animal/data/test/split1/1/cmvn.scp scp:/home/nlpserver/zzilong/verbalFluencyTester-master/kaldi/egs/animal/data/test/split1/1/feats.scp ark:- 
LOG (apply-cmvn:main():apply-cmvn.cc:146) Applied cepstral mean normalization to 1 utterances, errors on 0
LOG (transform-feats:main():transform-feats.cc:158) Overall average logdet is 0 over 1662 frames.
LOG (transform-feats:main():transform-feats.cc:161) Applied transform to 1 utterances; 0 had errors.
splice-feats ark:- ark:- 
transform-feats /home/nlpserver/zzilong/verbalFluencyTester-master/kaldi/egs/animal/exp/tri3c/final.mat ark:- ark:- 
apply-cmvn --utt2spk=ark:/home/nlpserver/zzilong/verbalFluencyTester-master/kaldi/egs/animal/data/test/split1/1/utt2spk scp:/home/nlpserver/zzilong/verbalFluencyTester-master/kaldi/egs/animal/data/test/split1/1/cmvn.scp scp:/home/nlpserver/zzilong/verbalFluencyTester-master/kaldi/egs/animal/data/test/split1/1/feats.scp ark:- 
transform-feats --utt2spk=ark:/home/nlpserver/zzilong/verbalFluencyTester-master/kaldi/egs/animal/data/test/split1/1/utt2spk ark:/home/nlpserver/zzilong/verbalFluencyTester-master/kaldi/egs/animal/exp/tri3c/decode_2fmllr/raw_trans.1 ark:- ark:- 
LOG (apply-cmvn:main():apply-cmvn.cc:146) Applied cepstral mean normalization to 1 utterances, errors on 0
LOG (transform-feats:main():transform-feats.cc:158) Overall average logdet is 0 over 1662 frames.
LOG (transform-feats:main():transform-feats.cc:161) Applied transform to 1 utterances; 0 had errors.
LOG (transform-feats:main():transform-feats.cc:158) Overall average [pseudo-]logdet is -85.9813 over 1662 frames.
LOG (transform-feats:main():transform-feats.cc:161) Applied transform to 1 utterances; 0 had errors.
LOG (transform-feats:main():transform-feats.cc:158) Overall average [pseudo-]logdet is -85.9813 over 1662 frames.
LOG (transform-feats:main():transform-feats.cc:161) Applied transform to 1 utterances; 0 had errors.
LOG (gmm-rescore-lattice:main():gmm-rescore-lattice.cc:103) Done 1 lattices with errors on 0, #frames is 1662
LOG (lattice-determinize-pruned:main():lattice-determinize-pruned.cc:111) Done 1 lattices, determinization finished earlier than specified by the beam on 0 of these.
LOG (lattice-to-post:main():lattice-to-post.cc:106) Overall average log-like/frame is -6.68951 over 1662 frames.  Average acoustic like/frame is -6.62223
LOG (lattice-to-post:main():lattice-to-post.cc:110) Done 1 lattices.
LOG (weight-silence-post:main():weight-silence-post.cc:95) Done 1 posteriors.
WARNING (gmm-est-fmllr:Update():fmllr-diag-gmm.cc:162) Not updating fMLLR since below min-count: count is 21.1595
LOG (gmm-est-fmllr:main():gmm-est-fmllr.cc:143) For speaker felipe, auxf-impr from fMLLR is 0, over 21.1595 frames.
LOG (gmm-est-fmllr:main():gmm-est-fmllr.cc:188) Done 1 files, 0 with no posts, 0 with other errors.
LOG (gmm-est-fmllr:main():gmm-est-fmllr.cc:190) Overall fMLLR auxf impr per frame is 0 over 21.1595 frames.
# Accounting: time=1 threads=1
# Ended (code 0) at Tue Jul 26 13:23:33 BRT 2016, elapsed time 1 seconds
