# ali-to-post "ark:gunzip -c exp/tri2b/ali.7.gz|" ark:- | weight-silence-post 0.0 1:2:3:4:5:6:7:8:9:10 exp/tri2b/2.mdl ark:- ark:- | gmm-acc-mllt --rand-prune=4.0 exp/tri2b/2.mdl "ark,s,cs:apply-cmvn  --utt2spk=ark:data/train/split16/7/utt2spk scp:data/train/split16/7/cmvn.scp scp:data/train/split16/7/feats.scp ark:- | splice-feats  ark:- ark:- | transform-feats exp/tri2b/0.mat ark:- ark:- |" ark:- exp/tri2b/2.7.macc 
# Started at Tue Aug  2 15:54:41 BRT 2016
#
weight-silence-post 0.0 1:2:3:4:5:6:7:8:9:10 exp/tri2b/2.mdl ark:- ark:- 
ali-to-post 'ark:gunzip -c exp/tri2b/ali.7.gz|' ark:- 
gmm-acc-mllt --rand-prune=4.0 exp/tri2b/2.mdl 'ark,s,cs:apply-cmvn  --utt2spk=ark:data/train/split16/7/utt2spk scp:data/train/split16/7/cmvn.scp scp:data/train/split16/7/feats.scp ark:- | splice-feats  ark:- ark:- | transform-feats exp/tri2b/0.mat ark:- ark:- |' ark:- exp/tri2b/2.7.macc 
apply-cmvn --utt2spk=ark:data/train/split16/7/utt2spk scp:data/train/split16/7/cmvn.scp scp:data/train/split16/7/feats.scp ark:- 
splice-feats ark:- ark:- 
transform-feats exp/tri2b/0.mat ark:- ark:- 
LOG (gmm-acc-mllt:main():gmm-acc-mllt.cc:108) Average like for this file is -52.915 over 1057 frames.
LOG (gmm-acc-mllt:main():gmm-acc-mllt.cc:108) Average like for this file is -51.7693 over 1030 frames.
LOG (gmm-acc-mllt:main():gmm-acc-mllt.cc:108) Average like for this file is -51.0947 over 1003 frames.
LOG (gmm-acc-mllt:main():gmm-acc-mllt.cc:108) Average like for this file is -51.2624 over 1005 frames.
LOG (gmm-acc-mllt:main():gmm-acc-mllt.cc:108) Average like for this file is -49.7055 over 999 frames.
LOG (gmm-acc-mllt:main():gmm-acc-mllt.cc:108) Average like for this file is -52.0778 over 1021 frames.
LOG (gmm-acc-mllt:main():gmm-acc-mllt.cc:108) Average like for this file is -50.0959 over 926 frames.
LOG (gmm-acc-mllt:main():gmm-acc-mllt.cc:108) Average like for this file is -51.7617 over 918 frames.
LOG (gmm-acc-mllt:main():gmm-acc-mllt.cc:108) Average like for this file is -50.8225 over 1045 frames.
LOG (gmm-acc-mllt:main():gmm-acc-mllt.cc:108) Average like for this file is -51.1507 over 960 frames.
LOG (gmm-acc-mllt:main():gmm-acc-mllt.cc:114) Avg like per frame so far is -51.2814
LOG (gmm-acc-mllt:main():gmm-acc-mllt.cc:108) Average like for this file is -52.4417 over 1033 frames.
LOG (gmm-acc-mllt:main():gmm-acc-mllt.cc:108) Average like for this file is -50.4216 over 954 frames.
LOG (gmm-acc-mllt:main():gmm-acc-mllt.cc:108) Average like for this file is -50.3084 over 981 frames.
LOG (gmm-acc-mllt:main():gmm-acc-mllt.cc:108) Average like for this file is -49.6345 over 970 frames.
LOG (gmm-acc-mllt:main():gmm-acc-mllt.cc:108) Average like for this file is -50.6221 over 936 frames.
LOG (gmm-acc-mllt:main():gmm-acc-mllt.cc:108) Average like for this file is -51.0463 over 974 frames.
LOG (gmm-acc-mllt:main():gmm-acc-mllt.cc:108) Average like for this file is -51.3144 over 1011 frames.
LOG (gmm-acc-mllt:main():gmm-acc-mllt.cc:108) Average like for this file is -51.2776 over 1041 frames.
LOG (gmm-acc-mllt:main():gmm-acc-mllt.cc:108) Average like for this file is -51.3916 over 1041 frames.
LOG (gmm-acc-mllt:main():gmm-acc-mllt.cc:108) Average like for this file is -53.1739 over 888 frames.
LOG (gmm-acc-mllt:main():gmm-acc-mllt.cc:114) Avg like per frame so far is -51.221
LOG (gmm-acc-mllt:main():gmm-acc-mllt.cc:108) Average like for this file is -52.1152 over 782 frames.
LOG (gmm-acc-mllt:main():gmm-acc-mllt.cc:108) Average like for this file is -52.8282 over 860 frames.
LOG (gmm-acc-mllt:main():gmm-acc-mllt.cc:108) Average like for this file is -52.0677 over 811 frames.
LOG (gmm-acc-mllt:main():gmm-acc-mllt.cc:108) Average like for this file is -53.2413 over 890 frames.
LOG (gmm-acc-mllt:main():gmm-acc-mllt.cc:108) Average like for this file is -52.9364 over 791 frames.
LOG (gmm-acc-mllt:main():gmm-acc-mllt.cc:108) Average like for this file is -52.0434 over 821 frames.
LOG (gmm-acc-mllt:main():gmm-acc-mllt.cc:108) Average like for this file is -52.8153 over 781 frames.
LOG (gmm-acc-mllt:main():gmm-acc-mllt.cc:108) Average like for this file is -52.2822 over 813 frames.
LOG (gmm-acc-mllt:main():gmm-acc-mllt.cc:108) Average like for this file is -51.6637 over 882 frames.
LOG (gmm-acc-mllt:main():gmm-acc-mllt.cc:108) Average like for this file is -52.6953 over 973 frames.
LOG (gmm-acc-mllt:main():gmm-acc-mllt.cc:114) Avg like per frame so far is -51.5945
LOG (gmm-acc-mllt:main():gmm-acc-mllt.cc:108) Average like for this file is -53.1699 over 1050 frames.
LOG (gmm-acc-mllt:main():gmm-acc-mllt.cc:108) Average like for this file is -52.8065 over 1030 frames.
LOG (gmm-acc-mllt:main():gmm-acc-mllt.cc:108) Average like for this file is -52.4888 over 1074 frames.
LOG (gmm-acc-mllt:main():gmm-acc-mllt.cc:108) Average like for this file is -55.4109 over 1059 frames.
LOG (gmm-acc-mllt:main():gmm-acc-mllt.cc:108) Average like for this file is -52.393 over 950 frames.
LOG (gmm-acc-mllt:main():gmm-acc-mllt.cc:108) Average like for this file is -52.351 over 1018 frames.
LOG (gmm-acc-mllt:main():gmm-acc-mllt.cc:108) Average like for this file is -52.434 over 987 frames.
LOG (gmm-acc-mllt:main():gmm-acc-mllt.cc:108) Average like for this file is -53.3422 over 1068 frames.
LOG (gmm-acc-mllt:main():gmm-acc-mllt.cc:108) Average like for this file is -53.4225 over 999 frames.
LOG (gmm-acc-mllt:main():gmm-acc-mllt.cc:108) Average like for this file is -53.1705 over 1067 frames.
LOG (gmm-acc-mllt:main():gmm-acc-mllt.cc:114) Avg like per frame so far is -52.0006
LOG (gmm-acc-mllt:main():gmm-acc-mllt.cc:108) Average like for this file is -53.8308 over 1056 frames.
LOG (gmm-acc-mllt:main():gmm-acc-mllt.cc:108) Average like for this file is -52.1871 over 1079 frames.
LOG (ali-to-post:main():ali-to-post.cc:65) Converted 49 alignments.
LOG (gmm-acc-mllt:main():gmm-acc-mllt.cc:108) Average like for this file is -52.1755 over 906 frames.
LOG (gmm-acc-mllt:main():gmm-acc-mllt.cc:108) Average like for this file is -52.6334 over 1120 frames.
LOG (gmm-acc-mllt:main():gmm-acc-mllt.cc:108) Average like for this file is -52.9337 over 987 frames.
LOG (gmm-acc-mllt:main():gmm-acc-mllt.cc:108) Average like for this file is -51.9943 over 1038 frames.
LOG (apply-cmvn:main():apply-cmvn.cc:146) Applied cepstral mean normalization to 49 utterances, errors on 0
LOG (weight-silence-post:main():weight-silence-post.cc:95) Done 49 posteriors.
LOG (gmm-acc-mllt:main():gmm-acc-mllt.cc:108) Average like for this file is -52.2867 over 1016 frames.
LOG (gmm-acc-mllt:main():gmm-acc-mllt.cc:108) Average like for this file is -51.115 over 1019 frames.
LOG (transform-feats:main():transform-feats.cc:158) Overall average [pseudo-]logdet is -91.3345 over 94354 frames.
LOG (transform-feats:main():transform-feats.cc:161) Applied transform to 49 utterances; 0 had errors.
LOG (gmm-acc-mllt:main():gmm-acc-mllt.cc:108) Average like for this file is -53.2316 over 1102 frames.
LOG (gmm-acc-mllt:main():gmm-acc-mllt.cc:119) Done 49 files, 0 with no posteriors, 0 with other errors.
LOG (gmm-acc-mllt:main():gmm-acc-mllt.cc:123) Overall avg like per frame (Gaussian only) = -52.0981 over 47822 frames.
LOG (gmm-acc-mllt:main():gmm-acc-mllt.cc:127) Written accs.
# Accounting: time=2 threads=1
# Ended (code 0) at Tue Aug  2 15:54:43 BRT 2016, elapsed time 2 seconds
