# ali-to-post "ark:gunzip -c exp/tri2b/ali.15.gz|" ark:- | weight-silence-post 0.0 1:2:3:4:5:6:7:8:9:10 exp/tri2b/12.mdl ark:- ark:- | gmm-acc-mllt --rand-prune=4.0 exp/tri2b/12.mdl "ark,s,cs:apply-cmvn  --utt2spk=ark:data/train/split16/15/utt2spk scp:data/train/split16/15/cmvn.scp scp:data/train/split16/15/feats.scp ark:- | splice-feats  ark:- ark:- | transform-feats exp/tri2b/6.mat ark:- ark:- |" ark:- exp/tri2b/12.15.macc 
# Started at Wed Jun 22 13:46:32 BRT 2016
#
gmm-acc-mllt --rand-prune=4.0 exp/tri2b/12.mdl 'ark,s,cs:apply-cmvn  --utt2spk=ark:data/train/split16/15/utt2spk scp:data/train/split16/15/cmvn.scp scp:data/train/split16/15/feats.scp ark:- | splice-feats  ark:- ark:- | transform-feats exp/tri2b/6.mat ark:- ark:- |' ark:- exp/tri2b/12.15.macc 
weight-silence-post 0.0 1:2:3:4:5:6:7:8:9:10 exp/tri2b/12.mdl ark:- ark:- 
ali-to-post 'ark:gunzip -c exp/tri2b/ali.15.gz|' ark:- 
transform-feats exp/tri2b/6.mat ark:- ark:- 
splice-feats ark:- ark:- 
apply-cmvn --utt2spk=ark:data/train/split16/15/utt2spk scp:data/train/split16/15/cmvn.scp scp:data/train/split16/15/feats.scp ark:- 
LOG (gmm-acc-mllt:main():gmm-acc-mllt.cc:108) Average like for this file is -55.4563 over 1011 frames.
LOG (gmm-acc-mllt:main():gmm-acc-mllt.cc:108) Average like for this file is -56.3789 over 923 frames.
LOG (gmm-acc-mllt:main():gmm-acc-mllt.cc:108) Average like for this file is -55.1654 over 973 frames.
LOG (gmm-acc-mllt:main():gmm-acc-mllt.cc:108) Average like for this file is -55.7006 over 1046 frames.
LOG (gmm-acc-mllt:main():gmm-acc-mllt.cc:108) Average like for this file is -62.6665 over 957 frames.
LOG (gmm-acc-mllt:main():gmm-acc-mllt.cc:108) Average like for this file is -63.9015 over 939 frames.
LOG (gmm-acc-mllt:main():gmm-acc-mllt.cc:108) Average like for this file is -55.6248 over 971 frames.
LOG (gmm-acc-mllt:main():gmm-acc-mllt.cc:108) Average like for this file is -56.1714 over 1001 frames.
LOG (gmm-acc-mllt:main():gmm-acc-mllt.cc:108) Average like for this file is -53.4556 over 951 frames.
LOG (gmm-acc-mllt:main():gmm-acc-mllt.cc:108) Average like for this file is -52.4215 over 901 frames.
LOG (gmm-acc-mllt:main():gmm-acc-mllt.cc:114) Avg like per frame so far is -56.6862
LOG (gmm-acc-mllt:main():gmm-acc-mllt.cc:108) Average like for this file is -53.6569 over 898 frames.
LOG (gmm-acc-mllt:main():gmm-acc-mllt.cc:108) Average like for this file is -56.1909 over 977 frames.
LOG (gmm-acc-mllt:main():gmm-acc-mllt.cc:108) Average like for this file is -53.8332 over 892 frames.
LOG (ali-to-post:main():ali-to-post.cc:65) Converted 20 alignments.
LOG (gmm-acc-mllt:main():gmm-acc-mllt.cc:108) Average like for this file is -56.2526 over 914 frames.
LOG (gmm-acc-mllt:main():gmm-acc-mllt.cc:108) Average like for this file is -55.4566 over 963 frames.
LOG (gmm-acc-mllt:main():gmm-acc-mllt.cc:108) Average like for this file is -56.6705 over 975 frames.
LOG (weight-silence-post:main():weight-silence-post.cc:95) Done 20 posteriors.
LOG (gmm-acc-mllt:main():gmm-acc-mllt.cc:108) Average like for this file is -55.315 over 832 frames.
LOG (apply-cmvn:main():apply-cmvn.cc:146) Applied cepstral mean normalization to 20 utterances, errors on 0
LOG (gmm-acc-mllt:main():gmm-acc-mllt.cc:108) Average like for this file is -54.4658 over 1040 frames.
LOG (gmm-acc-mllt:main():gmm-acc-mllt.cc:108) Average like for this file is -53.3977 over 948 frames.
LOG (transform-feats:main():transform-feats.cc:158) Overall average [pseudo-]logdet is -88.8388 over 32814 frames.
LOG (transform-feats:main():transform-feats.cc:161) Applied transform to 20 utterances; 0 had errors.
LOG (gmm-acc-mllt:main():gmm-acc-mllt.cc:108) Average like for this file is -54.5972 over 888 frames.
LOG (gmm-acc-mllt:main():gmm-acc-mllt.cc:114) Avg like per frame so far is -55.8563
LOG (gmm-acc-mllt:main():gmm-acc-mllt.cc:119) Done 20 files, 0 with no posteriors, 0 with other errors.
LOG (gmm-acc-mllt:main():gmm-acc-mllt.cc:123) Overall avg like per frame (Gaussian only) = -55.8563 over 19000 frames.
LOG (gmm-acc-mllt:main():gmm-acc-mllt.cc:127) Written accs.
# Accounting: time=0 threads=1
# Ended (code 0) at Wed Jun 22 13:46:32 BRT 2016, elapsed time 0 seconds
