# gmm-est --write-occs=exp/tri2b/34.occs --mix-up=9000 --power=0.25 exp/tri2b/33.mdl "gmm-sum-accs - exp/tri2b/33.*.acc |" exp/tri2b/34.mdl 
# Started at Fri Jun 10 15:16:36 BRT 2016
#
gmm-est --write-occs=exp/tri2b/34.occs --mix-up=9000 --power=0.25 exp/tri2b/33.mdl 'gmm-sum-accs - exp/tri2b/33.*.acc |' exp/tri2b/34.mdl 
gmm-sum-accs - exp/tri2b/33.1.acc 
LOG (gmm-sum-accs:main():gmm-sum-accs.cc:63) Summed 1 stats, total count 368384, avg like/frame -39.9712
LOG (gmm-sum-accs:main():gmm-sum-accs.cc:66) Total count of stats is 368384
LOG (gmm-sum-accs:main():gmm-sum-accs.cc:67) Written stats to -
LOG (gmm-est:MleUpdate():transition-model.cc:393) TransitionModel::Update, objf change is 0 per frame over 368384 frames. 
LOG (gmm-est:MleUpdate():transition-model.cc:396) 213 probabilities floored, 3971 out of 5752 transition-states skipped due to insuffient data (it is normal to have some skipped.)
LOG (gmm-est:main():gmm-est.cc:102) Transition model update: Overall 0 log-like improvement per frame over 368384 frames.
WARNING (gmm-est:MleDiagGmmUpdate():mle-diag-gmm.cc:365) Gaussian has too little data but not removing it because it is the last Gaussian: i = 0, occ = 0, weight = 1
WARNING (gmm-est:MleDiagGmmUpdate():mle-diag-gmm.cc:359) Too little data - removing Gaussian (weight 0.059286, occupation count 9.782213, vector size 40)
WARNING (gmm-est:MleDiagGmmUpdate():mle-diag-gmm.cc:359) Too little data - removing Gaussian (weight 0.047148, occupation count 9.995433, vector size 40)
WARNING (gmm-est:MleDiagGmmUpdate():mle-diag-gmm.cc:359) Too little data - removing Gaussian (weight 0.037111, occupation count 9.797245, vector size 40)
WARNING (gmm-est:MleDiagGmmUpdate():mle-diag-gmm.cc:359) Too little data - removing Gaussian (weight 0.045297, occupation count 8.198712, vector size 40)
WARNING (gmm-est:MleDiagGmmUpdate():mle-diag-gmm.cc:359) Too little data - removing Gaussian (weight 0.048058, occupation count 9.995989, vector size 40)
WARNING (gmm-est:MleDiagGmmUpdate():mle-diag-gmm.cc:359) Too little data - removing Gaussian (weight 0.035870, occupation count 8.895747, vector size 40)
WARNING (gmm-est:MleDiagGmmUpdate():mle-diag-gmm.cc:359) Too little data - removing Gaussian (weight 0.037309, occupation count 9.998862, vector size 40)
WARNING (gmm-est:MleDiagGmmUpdate():mle-diag-gmm.cc:359) Too little data - removing Gaussian (weight 0.108437, occupation count 9.217122, vector size 40)
WARNING (gmm-est:MleDiagGmmUpdate():mle-diag-gmm.cc:359) Too little data - removing Gaussian (weight 0.037453, occupation count 9.999994, vector size 40)
WARNING (gmm-est:MleDiagGmmUpdate():mle-diag-gmm.cc:365) Gaussian has too little data but not removing it because it is the last Gaussian: i = 0, occ = 7, weight = 1
LOG (gmm-est:MleAmDiagGmmUpdate():mle-am-diag-gmm.cc:225) 0 variance elements floored in 0 Gaussians, out of 9054
LOG (gmm-est:MleAmDiagGmmUpdate():mle-am-diag-gmm.cc:229) Removed 9 Gaussians due to counts < --min-gaussian-occupancy=10 and --remove-low-count-gaussians=true
LOG (gmm-est:main():gmm-est.cc:113) GMM update: Overall 0.0213724 objective function improvement per frame over 368384 frames
LOG (gmm-est:main():gmm-est.cc:116) GMM update: Overall avg like per frame = -39.9712 over 368384 frames.
LOG (gmm-est:SplitByCount():am-diag-gmm.cc:116) Split 1366 states with target = 9000, power = 0.25, perturb_factor = 0.01 and min_count = 20, split #Gauss from 9054 to 9063
LOG (gmm-est:main():gmm-est.cc:146) Written model to exp/tri2b/34.mdl
# Accounting: time=1 threads=1
# Ended (code 0) at Fri Jun 10 15:16:37 BRT 2016, elapsed time 1 seconds
