# gmm-est --write-occs=exp/tri2b/25.occs --mix-up=8424 --power=0.25 exp/tri2b/24.mdl "gmm-sum-accs - exp/tri2b/24.*.acc |" exp/tri2b/25.mdl 
# Started at Fri Jun 17 14:32:56 BRT 2016
#
gmm-est --write-occs=exp/tri2b/25.occs --mix-up=8424 --power=0.25 exp/tri2b/24.mdl 'gmm-sum-accs - exp/tri2b/24.*.acc |' exp/tri2b/25.mdl 
gmm-sum-accs - exp/tri2b/24.1.acc exp/tri2b/24.10.acc exp/tri2b/24.11.acc exp/tri2b/24.12.acc exp/tri2b/24.2.acc exp/tri2b/24.3.acc exp/tri2b/24.4.acc exp/tri2b/24.5.acc exp/tri2b/24.6.acc exp/tri2b/24.7.acc exp/tri2b/24.8.acc exp/tri2b/24.9.acc 
LOG (gmm-sum-accs:main():gmm-sum-accs.cc:63) Summed 12 stats, total count 387116, avg like/frame -41.0033
LOG (gmm-sum-accs:main():gmm-sum-accs.cc:66) Total count of stats is 387116
LOG (gmm-sum-accs:main():gmm-sum-accs.cc:67) Written stats to -
LOG (gmm-est:MleUpdate():transition-model.cc:393) TransitionModel::Update, objf change is 0 per frame over 387116 frames. 
LOG (gmm-est:MleUpdate():transition-model.cc:396) 254 probabilities floored, 3957 out of 5771 transition-states skipped due to insuffient data (it is normal to have some skipped.)
LOG (gmm-est:main():gmm-est.cc:102) Transition model update: Overall 0 log-like improvement per frame over 387116 frames.
WARNING (gmm-est:MleDiagGmmUpdate():mle-diag-gmm.cc:365) Gaussian has too little data but not removing it because it is the last Gaussian: i = 0, occ = 0, weight = 1
WARNING (gmm-est:MleDiagGmmUpdate():mle-diag-gmm.cc:359) Too little data - removing Gaussian (weight 0.078715, occupation count 9.996806, vector size 40)
WARNING (gmm-est:MleDiagGmmUpdate():mle-diag-gmm.cc:359) Too little data - removing Gaussian (weight 0.086907, occupation count 9.733538, vector size 40)
WARNING (gmm-est:MleDiagGmmUpdate():mle-diag-gmm.cc:359) Too little data - removing Gaussian (weight 0.060349, occupation count 9.535212, vector size 40)
WARNING (gmm-est:MleDiagGmmUpdate():mle-diag-gmm.cc:359) Too little data - removing Gaussian (weight 0.098617, occupation count 9.467221, vector size 40)
WARNING (gmm-est:MleDiagGmmUpdate():mle-diag-gmm.cc:359) Too little data - removing Gaussian (weight 0.073954, occupation count 9.244252, vector size 40)
WARNING (gmm-est:MleDiagGmmUpdate():mle-diag-gmm.cc:365) Gaussian has too little data but not removing it because it is the last Gaussian: i = 0, occ = 0, weight = 1
LOG (gmm-est:MleAmDiagGmmUpdate():mle-am-diag-gmm.cc:225) 0 variance elements floored in 0 Gaussians, out of 8155
LOG (gmm-est:MleAmDiagGmmUpdate():mle-am-diag-gmm.cc:229) Removed 5 Gaussians due to counts < --min-gaussian-occupancy=10 and --remove-low-count-gaussians=true
LOG (gmm-est:main():gmm-est.cc:113) GMM update: Overall 0.0844871 objective function improvement per frame over 387116 frames
LOG (gmm-est:main():gmm-est.cc:116) GMM update: Overall avg like per frame = -41.0033 over 387116 frames.
LOG (gmm-est:SplitByCount():am-diag-gmm.cc:116) Split 1391 states with target = 8424, power = 0.25, perturb_factor = 0.01 and min_count = 20, split #Gauss from 8155 to 8448
LOG (gmm-est:main():gmm-est.cc:146) Written model to exp/tri2b/25.mdl
# Accounting: time=0 threads=1
# Ended (code 0) at Fri Jun 17 14:32:56 BRT 2016, elapsed time 0 seconds
