# gmm-est --write-occs=exp/tri2b/18.occs --mix-up=6408 --power=0.25 exp/tri2b/17.mdl "gmm-sum-accs - exp/tri2b/17.*.acc |" exp/tri2b/18.mdl 
# Started at Wed Jun 22 13:47:00 BRT 2016
#
gmm-est --write-occs=exp/tri2b/18.occs --mix-up=6408 --power=0.25 exp/tri2b/17.mdl 'gmm-sum-accs - exp/tri2b/17.*.acc |' exp/tri2b/18.mdl 
gmm-sum-accs - exp/tri2b/17.1.acc exp/tri2b/17.10.acc exp/tri2b/17.11.acc exp/tri2b/17.12.acc exp/tri2b/17.13.acc exp/tri2b/17.14.acc exp/tri2b/17.15.acc exp/tri2b/17.16.acc exp/tri2b/17.2.acc exp/tri2b/17.3.acc exp/tri2b/17.4.acc exp/tri2b/17.5.acc exp/tri2b/17.6.acc exp/tri2b/17.7.acc exp/tri2b/17.8.acc exp/tri2b/17.9.acc 
LOG (gmm-sum-accs:main():gmm-sum-accs.cc:63) Summed 16 stats, total count 536365, avg like/frame -42.9053
LOG (gmm-sum-accs:main():gmm-sum-accs.cc:66) Total count of stats is 536365
LOG (gmm-sum-accs:main():gmm-sum-accs.cc:67) Written stats to -
LOG (gmm-est:MleUpdate():transition-model.cc:393) TransitionModel::Update, objf change is 0 per frame over 536365 frames. 
LOG (gmm-est:MleUpdate():transition-model.cc:396) 261 probabilities floored, 4138 out of 6005 transition-states skipped due to insuffient data (it is normal to have some skipped.)
LOG (gmm-est:main():gmm-est.cc:102) Transition model update: Overall 0 log-like improvement per frame over 536365 frames.
WARNING (gmm-est:MleDiagGmmUpdate():mle-diag-gmm.cc:365) Gaussian has too little data but not removing it because it is the last Gaussian: i = 0, occ = 0, weight = 1
WARNING (gmm-est:MleDiagGmmUpdate():mle-diag-gmm.cc:359) Too little data - removing Gaussian (weight 0.092801, occupation count 9.001668, vector size 40)
WARNING (gmm-est:MleDiagGmmUpdate():mle-diag-gmm.cc:359) Too little data - removing Gaussian (weight 0.101402, occupation count 9.937392, vector size 40)
LOG (gmm-est:MleAmDiagGmmUpdate():mle-am-diag-gmm.cc:225) 0 variance elements floored in 0 Gaussians, out of 6118
LOG (gmm-est:MleAmDiagGmmUpdate():mle-am-diag-gmm.cc:229) Removed 2 Gaussians due to counts < --min-gaussian-occupancy=10 and --remove-low-count-gaussians=true
LOG (gmm-est:main():gmm-est.cc:113) GMM update: Overall 0.0811505 objective function improvement per frame over 536365 frames
LOG (gmm-est:main():gmm-est.cc:116) GMM update: Overall avg like per frame = -42.9053 over 536365 frames.
LOG (gmm-est:SplitByCount():am-diag-gmm.cc:116) Split 1405 states with target = 6408, power = 0.25, perturb_factor = 0.01 and min_count = 20, split #Gauss from 6118 to 6408
LOG (gmm-est:main():gmm-est.cc:146) Written model to exp/tri2b/18.mdl
# Accounting: time=1 threads=1
# Ended (code 0) at Wed Jun 22 13:47:01 BRT 2016, elapsed time 1 seconds
