# gmm-est --write-occs=exp/tri2b/9.occs --mix-up=3816 --power=0.25 exp/tri2b/8.mdl "gmm-sum-accs - exp/tri2b/8.*.acc |" exp/tri2b/9.mdl 
# Started at Fri Jun 10 15:14:57 BRT 2016
#
gmm-est --write-occs=exp/tri2b/9.occs --mix-up=3816 --power=0.25 exp/tri2b/8.mdl 'gmm-sum-accs - exp/tri2b/8.*.acc |' exp/tri2b/9.mdl 
gmm-sum-accs - exp/tri2b/8.1.acc 
LOG (gmm-sum-accs:main():gmm-sum-accs.cc:63) Summed 1 stats, total count 372916, avg like/frame -44.8699
LOG (gmm-sum-accs:main():gmm-sum-accs.cc:66) Total count of stats is 372916
LOG (gmm-sum-accs:main():gmm-sum-accs.cc:67) Written stats to -
LOG (gmm-est:MleUpdate():transition-model.cc:393) TransitionModel::Update, objf change is -9.90971e-12 per frame over 372916 frames. 
LOG (gmm-est:MleUpdate():transition-model.cc:396) 104 probabilities floored, 3957 out of 5752 transition-states skipped due to insuffient data (it is normal to have some skipped.)
LOG (gmm-est:main():gmm-est.cc:102) Transition model update: Overall -9.90971e-12 log-like improvement per frame over 372916 frames.
WARNING (gmm-est:MleDiagGmmUpdate():mle-diag-gmm.cc:365) Gaussian has too little data but not removing it because it is the last Gaussian: i = 0, occ = 0, weight = 1
WARNING (gmm-est:MleDiagGmmUpdate():mle-diag-gmm.cc:359) Too little data - removing Gaussian (weight 0.217456, occupation count 9.785534, vector size 40)
WARNING (gmm-est:MleDiagGmmUpdate():mle-diag-gmm.cc:365) Gaussian has too little data but not removing it because it is the last Gaussian: i = 0, occ = 9, weight = 1
LOG (gmm-est:MleAmDiagGmmUpdate():mle-am-diag-gmm.cc:225) 0 variance elements floored in 0 Gaussians, out of 3527
LOG (gmm-est:MleAmDiagGmmUpdate():mle-am-diag-gmm.cc:229) Removed 1 Gaussians due to counts < --min-gaussian-occupancy=10 and --remove-low-count-gaussians=true
LOG (gmm-est:main():gmm-est.cc:113) GMM update: Overall 0.164191 objective function improvement per frame over 372916 frames
LOG (gmm-est:main():gmm-est.cc:116) GMM update: Overall avg like per frame = -44.8699 over 372916 frames.
LOG (gmm-est:SplitByCount():am-diag-gmm.cc:116) Split 1366 states with target = 3816, power = 0.25, perturb_factor = 0.01 and min_count = 20, split #Gauss from 3527 to 3816
LOG (gmm-est:main():gmm-est.cc:146) Written model to exp/tri2b/9.mdl
# Accounting: time=0 threads=1
# Ended (code 0) at Fri Jun 10 15:14:57 BRT 2016, elapsed time 0 seconds
