# gmm-est --write-occs=exp/tri2b/10.occs --mix-up=4104 --power=0.25 exp/tri2b/9.mdl "gmm-sum-accs - exp/tri2b/9.*.acc |" exp/tri2b/10.mdl 
# Started at Fri Jun 17 14:31:58 BRT 2016
#
gmm-est --write-occs=exp/tri2b/10.occs --mix-up=4104 --power=0.25 exp/tri2b/9.mdl 'gmm-sum-accs - exp/tri2b/9.*.acc |' exp/tri2b/10.mdl 
gmm-sum-accs - exp/tri2b/9.1.acc exp/tri2b/9.10.acc exp/tri2b/9.11.acc exp/tri2b/9.12.acc exp/tri2b/9.2.acc exp/tri2b/9.3.acc exp/tri2b/9.4.acc exp/tri2b/9.5.acc exp/tri2b/9.6.acc exp/tri2b/9.7.acc exp/tri2b/9.8.acc exp/tri2b/9.9.acc 
LOG (gmm-sum-accs:main():gmm-sum-accs.cc:63) Summed 12 stats, total count 391336, avg like/frame -44.6541
LOG (gmm-sum-accs:main():gmm-sum-accs.cc:66) Total count of stats is 391336
LOG (gmm-sum-accs:main():gmm-sum-accs.cc:67) Written stats to -
LOG (gmm-est:MleUpdate():transition-model.cc:393) TransitionModel::Update, objf change is 0 per frame over 391336 frames. 
LOG (gmm-est:MleUpdate():transition-model.cc:396) 129 probabilities floored, 3938 out of 5771 transition-states skipped due to insuffient data (it is normal to have some skipped.)
LOG (gmm-est:main():gmm-est.cc:102) Transition model update: Overall 0 log-like improvement per frame over 391336 frames.
WARNING (gmm-est:MleDiagGmmUpdate():mle-diag-gmm.cc:365) Gaussian has too little data but not removing it because it is the last Gaussian: i = 0, occ = 0, weight = 1
LOG (gmm-est:MleAmDiagGmmUpdate():mle-am-diag-gmm.cc:225) 0 variance elements floored in 0 Gaussians, out of 3816
LOG (gmm-est:MleAmDiagGmmUpdate():mle-am-diag-gmm.cc:229) Removed 0 Gaussians due to counts < --min-gaussian-occupancy=10 and --remove-low-count-gaussians=true
LOG (gmm-est:main():gmm-est.cc:113) GMM update: Overall 0.172592 objective function improvement per frame over 391336 frames
LOG (gmm-est:main():gmm-est.cc:116) GMM update: Overall avg like per frame = -44.6541 over 391336 frames.
LOG (gmm-est:SplitByCount():am-diag-gmm.cc:116) Split 1391 states with target = 4104, power = 0.25, perturb_factor = 0.01 and min_count = 20, split #Gauss from 3816 to 4104
LOG (gmm-est:main():gmm-est.cc:146) Written model to exp/tri2b/10.mdl
# Accounting: time=0 threads=1
# Ended (code 0) at Fri Jun 17 14:31:58 BRT 2016, elapsed time 0 seconds
