# gmm-est --write-occs=exp/tri2b/28.occs --mix-up=9000 --power=0.25 exp/tri2b/27.mdl "gmm-sum-accs - exp/tri2b/27.*.acc |" exp/tri2b/28.mdl 
# Started at Fri Jun 10 15:16:06 BRT 2016
#
gmm-est --write-occs=exp/tri2b/28.occs --mix-up=9000 --power=0.25 exp/tri2b/27.mdl 'gmm-sum-accs - exp/tri2b/27.*.acc |' exp/tri2b/28.mdl 
gmm-sum-accs - exp/tri2b/27.1.acc 
LOG (gmm-sum-accs:main():gmm-sum-accs.cc:63) Summed 1 stats, total count 368384, avg like/frame -40.5845
LOG (gmm-sum-accs:main():gmm-sum-accs.cc:66) Total count of stats is 368384
LOG (gmm-sum-accs:main():gmm-sum-accs.cc:67) Written stats to -
LOG (gmm-est:MleUpdate():transition-model.cc:393) TransitionModel::Update, objf change is 0 per frame over 368384 frames. 
LOG (gmm-est:MleUpdate():transition-model.cc:396) 210 probabilities floored, 3969 out of 5752 transition-states skipped due to insuffient data (it is normal to have some skipped.)
LOG (gmm-est:main():gmm-est.cc:102) Transition model update: Overall 0 log-like improvement per frame over 368384 frames.
WARNING (gmm-est:MleDiagGmmUpdate():mle-diag-gmm.cc:365) Gaussian has too little data but not removing it because it is the last Gaussian: i = 0, occ = 0, weight = 1
WARNING (gmm-est:MleDiagGmmUpdate():mle-diag-gmm.cc:359) Too little data - removing Gaussian (weight 0.034851, occupation count 7.911219, vector size 40)
WARNING (gmm-est:MleDiagGmmUpdate():mle-diag-gmm.cc:359) Too little data - removing Gaussian (weight 0.047249, occupation count 9.213585, vector size 40)
WARNING (gmm-est:MleDiagGmmUpdate():mle-diag-gmm.cc:359) Too little data - removing Gaussian (weight 0.041358, occupation count 8.395633, vector size 40)
WARNING (gmm-est:MleDiagGmmUpdate():mle-diag-gmm.cc:359) Too little data - removing Gaussian (weight 0.038763, occupation count 9.458275, vector size 40)
WARNING (gmm-est:MleDiagGmmUpdate():mle-diag-gmm.cc:359) Too little data - removing Gaussian (weight 0.042056, occupation count 9.925314, vector size 40)
WARNING (gmm-est:MleDiagGmmUpdate():mle-diag-gmm.cc:359) Too little data - removing Gaussian (weight 0.033604, occupation count 9.140364, vector size 40)
WARNING (gmm-est:MleDiagGmmUpdate():mle-diag-gmm.cc:359) Too little data - removing Gaussian (weight 0.109929, occupation count 9.673793, vector size 40)
WARNING (gmm-est:MleDiagGmmUpdate():mle-diag-gmm.cc:359) Too little data - removing Gaussian (weight 0.087831, occupation count 9.837092, vector size 40)
WARNING (gmm-est:MleDiagGmmUpdate():mle-diag-gmm.cc:359) Too little data - removing Gaussian (weight 0.017647, occupation count 9.000000, vector size 40)
WARNING (gmm-est:MleDiagGmmUpdate():mle-diag-gmm.cc:359) Too little data - removing Gaussian (weight 0.097527, occupation count 9.752697, vector size 40)
WARNING (gmm-est:MleDiagGmmUpdate():mle-diag-gmm.cc:359) Too little data - removing Gaussian (weight 0.142478, occupation count 9.973448, vector size 40)
WARNING (gmm-est:MleDiagGmmUpdate():mle-diag-gmm.cc:359) Too little data - removing Gaussian (weight 0.068027, occupation count 9.999928, vector size 40)
WARNING (gmm-est:MleDiagGmmUpdate():mle-diag-gmm.cc:359) Too little data - removing Gaussian (weight 0.052003, occupation count 9.984628, vector size 40)
WARNING (gmm-est:MleDiagGmmUpdate():mle-diag-gmm.cc:359) Too little data - removing Gaussian (weight 0.053990, occupation count 8.368405, vector size 40)
WARNING (gmm-est:MleDiagGmmUpdate():mle-diag-gmm.cc:365) Gaussian has too little data but not removing it because it is the last Gaussian: i = 0, occ = 7, weight = 1
LOG (gmm-est:MleAmDiagGmmUpdate():mle-am-diag-gmm.cc:225) 0 variance elements floored in 0 Gaussians, out of 9004
LOG (gmm-est:MleAmDiagGmmUpdate():mle-am-diag-gmm.cc:229) Removed 14 Gaussians due to counts < --min-gaussian-occupancy=10 and --remove-low-count-gaussians=true
LOG (gmm-est:main():gmm-est.cc:113) GMM update: Overall 0.0844674 objective function improvement per frame over 368384 frames
LOG (gmm-est:main():gmm-est.cc:116) GMM update: Overall avg like per frame = -40.5845 over 368384 frames.
LOG (gmm-est:SplitByCount():am-diag-gmm.cc:116) Split 1366 states with target = 9000, power = 0.25, perturb_factor = 0.01 and min_count = 20, split #Gauss from 9004 to 9017
LOG (gmm-est:main():gmm-est.cc:146) Written model to exp/tri2b/28.mdl
# Accounting: time=0 threads=1
# Ended (code 0) at Fri Jun 10 15:16:06 BRT 2016, elapsed time 0 seconds
