# ali-to-post "ark:gunzip -c exp/tri3c/ali.6.gz|" ark:- | gmm-acc-stats-twofeats exp/tri3c/35.mdl "ark,s,cs:apply-cmvn  --utt2spk=ark:data/train/split12/6/utt2spk scp:data/train/split12/6/cmvn.scp scp:data/train/split12/6/feats.scp ark:- | transform-feats --utt2spk=ark:data/train/split12/6/utt2spk ark,s,cs:exp/tri3c/raw_trans.6 ark:- ark:- | splice-feats  ark:- ark:- | transform-feats exp/tri3c/10.mat ark:- ark:- |" "ark,s,cs:apply-cmvn  --utt2spk=ark:data/train/split12/6/utt2spk scp:data/train/split12/6/cmvn.scp scp:data/train/split12/6/feats.scp ark:- | splice-feats  ark:- ark:- | transform-feats exp/tri3c/10.mat ark:- ark:- |" ark,s,cs:- exp/tri3c/35.6.acc 
# Started at Fri Jun 17 14:41:57 BRT 2016
#
ali-to-post 'ark:gunzip -c exp/tri3c/ali.6.gz|' ark:- 
gmm-acc-stats-twofeats exp/tri3c/35.mdl 'ark,s,cs:apply-cmvn  --utt2spk=ark:data/train/split12/6/utt2spk scp:data/train/split12/6/cmvn.scp scp:data/train/split12/6/feats.scp ark:- | transform-feats --utt2spk=ark:data/train/split12/6/utt2spk ark,s,cs:exp/tri3c/raw_trans.6 ark:- ark:- | splice-feats  ark:- ark:- | transform-feats exp/tri3c/10.mat ark:- ark:- |' 'ark,s,cs:apply-cmvn  --utt2spk=ark:data/train/split12/6/utt2spk scp:data/train/split12/6/cmvn.scp scp:data/train/split12/6/feats.scp ark:- | splice-feats  ark:- ark:- | transform-feats exp/tri3c/10.mat ark:- ark:- |' ark,s,cs:- exp/tri3c/35.6.acc 
apply-cmvn --utt2spk=ark:data/train/split12/6/utt2spk scp:data/train/split12/6/cmvn.scp scp:data/train/split12/6/feats.scp ark:- 
transform-feats --utt2spk=ark:data/train/split12/6/utt2spk ark,s,cs:exp/tri3c/raw_trans.6 ark:- ark:- 
splice-feats ark:- ark:- 
transform-feats exp/tri3c/10.mat ark:- ark:- 
splice-feats ark:- ark:- 
transform-feats exp/tri3c/10.mat ark:- ark:- 
apply-cmvn --utt2spk=ark:data/train/split12/6/utt2spk scp:data/train/split12/6/cmvn.scp scp:data/train/split12/6/feats.scp ark:- 
LOG (gmm-acc-stats-twofeats:main():gmm-acc-stats-twofeats.cc:140) Average like for this file is -42.0119 over 2211 frames.
LOG (gmm-acc-stats-twofeats:main():gmm-acc-stats-twofeats.cc:140) Average like for this file is -41.8133 over 2111 frames.
LOG (gmm-acc-stats-twofeats:main():gmm-acc-stats-twofeats.cc:140) Average like for this file is -41.071 over 2161 frames.
LOG (gmm-acc-stats-twofeats:main():gmm-acc-stats-twofeats.cc:140) Average like for this file is -41.9905 over 2123 frames.
LOG (gmm-acc-stats-twofeats:main():gmm-acc-stats-twofeats.cc:140) Average like for this file is -39.872 over 2148 frames.
LOG (gmm-acc-stats-twofeats:main():gmm-acc-stats-twofeats.cc:140) Average like for this file is -42.2689 over 1898 frames.
LOG (gmm-acc-stats-twofeats:main():gmm-acc-stats-twofeats.cc:140) Average like for this file is -39.6512 over 1823 frames.
LOG (gmm-acc-stats-twofeats:main():gmm-acc-stats-twofeats.cc:140) Average like for this file is -39.8973 over 1848 frames.
LOG (gmm-acc-stats-twofeats:main():gmm-acc-stats-twofeats.cc:140) Average like for this file is -40.5393 over 1698 frames.
LOG (gmm-acc-stats-twofeats:main():gmm-acc-stats-twofeats.cc:140) Average like for this file is -39.3156 over 1723 frames.
LOG (gmm-acc-stats-twofeats:main():gmm-acc-stats-twofeats.cc:146) Avg like per frame so far is -40.8994
LOG (gmm-acc-stats-twofeats:main():gmm-acc-stats-twofeats.cc:140) Average like for this file is -40.0213 over 2448 frames.
LOG (gmm-acc-stats-twofeats:main():gmm-acc-stats-twofeats.cc:140) Average like for this file is -41.7753 over 1611 frames.
LOG (gmm-acc-stats-twofeats:main():gmm-acc-stats-twofeats.cc:140) Average like for this file is -37.0523 over 2336 frames.
LOG (gmm-acc-stats-twofeats:main():gmm-acc-stats-twofeats.cc:140) Average like for this file is -37.4547 over 2461 frames.
LOG (gmm-acc-stats-twofeats:main():gmm-acc-stats-twofeats.cc:140) Average like for this file is -36.3626 over 2486 frames.
LOG (apply-cmvn:main():apply-cmvn.cc:146) Applied cepstral mean normalization to 20 utterances, errors on 0
LOG (gmm-acc-stats-twofeats:main():gmm-acc-stats-twofeats.cc:140) Average like for this file is -38.5104 over 2436 frames.
LOG (transform-feats:main():transform-feats.cc:158) Overall average logdet is 0.15056 over 41890 frames.
LOG (transform-feats:main():transform-feats.cc:161) Applied transform to 20 utterances; 0 had errors.
LOG (apply-cmvn:main():apply-cmvn.cc:146) Applied cepstral mean normalization to 20 utterances, errors on 0
LOG (ali-to-post:main():ali-to-post.cc:65) Converted 19 alignments.
LOG (gmm-acc-stats-twofeats:main():gmm-acc-stats-twofeats.cc:140) Average like for this file is -39.4754 over 2298 frames.
LOG (gmm-acc-stats-twofeats:main():gmm-acc-stats-twofeats.cc:140) Average like for this file is -40.7303 over 2161 frames.
LOG (transform-feats:main():transform-feats.cc:158) Overall average [pseudo-]logdet is -87.7405 over 41890 frames.
LOG (transform-feats:main():transform-feats.cc:161) Applied transform to 20 utterances; 0 had errors.
LOG (transform-feats:main():transform-feats.cc:158) Overall average [pseudo-]logdet is -87.7405 over 41890 frames.
LOG (transform-feats:main():transform-feats.cc:161) Applied transform to 20 utterances; 0 had errors.
LOG (gmm-acc-stats-twofeats:main():gmm-acc-stats-twofeats.cc:140) Average like for this file is -41.0284 over 2186 frames.
LOG (gmm-acc-stats-twofeats:main():gmm-acc-stats-twofeats.cc:150) Done 19 files, 1 with no posteriors, 0 with no second features, 0 with other errors.
LOG (gmm-acc-stats-twofeats:main():gmm-acc-stats-twofeats.cc:155) Overall avg like per frame (Gaussian only) = -39.937 over 40167 frames.
LOG (gmm-acc-stats-twofeats:main():gmm-acc-stats-twofeats.cc:163) Written accs.
# Accounting: time=3 threads=1
# Ended (code 0) at Fri Jun 17 14:42:00 BRT 2016, elapsed time 3 seconds
