# gmm-align-compiled --transition-scale=1.0 --acoustic-scale=0.1 --self-loop-scale=0.1 --beam=10 --retry-beam=40 "gmm-boost-silence --boost=1.0 1 exp/tri3c/10.mdl - |" "ark:gunzip -c exp/tri3c/fsts.5.gz|" "ark,s,cs:apply-cmvn  --utt2spk=ark:data/train/split16/5/utt2spk scp:data/train/split16/5/cmvn.scp scp:data/train/split16/5/feats.scp ark:- | transform-feats --utt2spk=ark:data/train/split16/5/utt2spk ark,s,cs:exp/tri3c/raw_trans.5 ark:- ark:- | splice-feats  ark:- ark:- | transform-feats exp/tri3c/7.mat ark:- ark:- |" "ark:|gzip -c >exp/tri3c/ali.5.gz" 
# Started at Wed Jun 22 14:00:53 BRT 2016
#
gmm-align-compiled --transition-scale=1.0 --acoustic-scale=0.1 --self-loop-scale=0.1 --beam=10 --retry-beam=40 'gmm-boost-silence --boost=1.0 1 exp/tri3c/10.mdl - |' 'ark:gunzip -c exp/tri3c/fsts.5.gz|' 'ark,s,cs:apply-cmvn  --utt2spk=ark:data/train/split16/5/utt2spk scp:data/train/split16/5/cmvn.scp scp:data/train/split16/5/feats.scp ark:- | transform-feats --utt2spk=ark:data/train/split16/5/utt2spk ark,s,cs:exp/tri3c/raw_trans.5 ark:- ark:- | splice-feats  ark:- ark:- | transform-feats exp/tri3c/7.mat ark:- ark:- |' 'ark:|gzip -c >exp/tri3c/ali.5.gz' 
gmm-boost-silence --boost=1.0 1 exp/tri3c/10.mdl - 
WARNING (gmm-boost-silence:main():gmm-boost-silence.cc:82) The pdfs for the silence phones may be shared by other phones (note: this probably does not matter.)
LOG (gmm-boost-silence:main():gmm-boost-silence.cc:93) Boosted weights for 5 pdfs, by factor of 1
LOG (gmm-boost-silence:main():gmm-boost-silence.cc:103) Wrote model to -
transform-feats --utt2spk=ark:data/train/split16/5/utt2spk ark,s,cs:exp/tri3c/raw_trans.5 ark:- ark:- 
transform-feats exp/tri3c/7.mat ark:- ark:- 
splice-feats ark:- ark:- 
apply-cmvn --utt2spk=ark:data/train/split16/5/utt2spk scp:data/train/split16/5/cmvn.scp scp:data/train/split16/5/feats.scp ark:- 
WARNING (gmm-align-compiled:AlignUtteranceWrapper():decoder-wrappers.cc:466) Retrying utterance felipe_vfive_Sfelipe_vfive14 with beam 40
WARNING (gmm-align-compiled:AlignUtteranceWrapper():decoder-wrappers.cc:475) Did not successfully decode file felipe_vfive_Sfelipe_vfive14, len = 1573
LOG (apply-cmvn:main():apply-cmvn.cc:146) Applied cepstral mean normalization to 20 utterances, errors on 0
LOG (transform-feats:main():transform-feats.cc:158) Overall average logdet is -0.0307546 over 33809 frames.
LOG (transform-feats:main():transform-feats.cc:161) Applied transform to 20 utterances; 0 had errors.
LOG (transform-feats:main():transform-feats.cc:158) Overall average [pseudo-]logdet is -86.4314 over 33809 frames.
LOG (transform-feats:main():transform-feats.cc:161) Applied transform to 20 utterances; 0 had errors.
LOG (gmm-align-compiled:main():gmm-align-compiled.cc:129) Overall log-likelihood per frame is -45.3054 over 32236 frames.
LOG (gmm-align-compiled:main():gmm-align-compiled.cc:131) Retried 1 out of 20 utterances.
LOG (gmm-align-compiled:main():gmm-align-compiled.cc:133) Done 19, errors on 1
# Accounting: time=1 threads=1
# Ended (code 0) at Wed Jun 22 14:00:54 BRT 2016, elapsed time 1 seconds
