# ali-to-post "ark:gunzip -c exp/tri3c/ali.2.gz|" ark:- | weight-silence-post 0.0 1:2:3:4:5:6:7:8:9:10 exp/tri3c/12.mdl ark:- ark:- | gmm-est-fmllr-raw --raw-feat-dim=13 --spk2utt=ark:data/train/split16/2/spk2utt exp/tri3c/12.mdl "get-full-lda-mat --print-args=false exp/tri3c/10.mat exp/tri3c/full.mat - |" "ark,s,cs:apply-cmvn  --utt2spk=ark:data/train/split16/2/utt2spk scp:data/train/split16/2/cmvn.scp scp:data/train/split16/2/feats.scp ark:- | transform-feats --utt2spk=ark:data/train/split16/2/utt2spk ark,s,cs:exp/tri3c/raw_trans.2 ark:- ark:- | splice-feats  ark:- ark:- |" ark:- ark:exp/tri3c/tmp_trans.2 
# Started at Tue Aug  2 16:06:41 BRT 2016
#
weight-silence-post 0.0 1:2:3:4:5:6:7:8:9:10 exp/tri3c/12.mdl ark:- ark:- 
ali-to-post 'ark:gunzip -c exp/tri3c/ali.2.gz|' ark:- 
gmm-est-fmllr-raw --raw-feat-dim=13 --spk2utt=ark:data/train/split16/2/spk2utt exp/tri3c/12.mdl 'get-full-lda-mat --print-args=false exp/tri3c/10.mat exp/tri3c/full.mat - |' 'ark,s,cs:apply-cmvn  --utt2spk=ark:data/train/split16/2/utt2spk scp:data/train/split16/2/cmvn.scp scp:data/train/split16/2/feats.scp ark:- | transform-feats --utt2spk=ark:data/train/split16/2/utt2spk ark,s,cs:exp/tri3c/raw_trans.2 ark:- ark:- | splice-feats  ark:- ark:- |' ark:- ark:exp/tri3c/tmp_trans.2 
apply-cmvn --utt2spk=ark:data/train/split16/2/utt2spk scp:data/train/split16/2/cmvn.scp scp:data/train/split16/2/feats.scp ark:- 
splice-feats ark:- ark:- 
transform-feats --utt2spk=ark:data/train/split16/2/utt2spk ark,s,cs:exp/tri3c/raw_trans.2 ark:- ark:- 
LOG (gmm-est-fmllr-raw:main():gmm-est-fmllr-raw.cc:145) For speaker dieniffer2, auxf-impr from raw fMLLR is 0.0513599 over 8354 frames.
LOG (ali-to-post:main():ali-to-post.cc:65) Converted 29 alignments.
LOG (weight-silence-post:main():weight-silence-post.cc:95) Done 29 posteriors.
WARNING (gmm-est-fmllr-raw:main():gmm-est-fmllr-raw.cc:121) Posteriors not found for utterance eduardo-Seduardo4
LOG (apply-cmvn:main():apply-cmvn.cc:146) Applied cepstral mean normalization to 30 utterances, errors on 0
LOG (transform-feats:main():transform-feats.cc:158) Overall average logdet is -0.555038 over 36478 frames.
LOG (transform-feats:main():transform-feats.cc:161) Applied transform to 30 utterances; 0 had errors.
LOG (gmm-est-fmllr-raw:main():gmm-est-fmllr-raw.cc:145) For speaker eduardo, auxf-impr from raw fMLLR is 0.0405975 over 16595 frames.
LOG (gmm-est-fmllr-raw:main():gmm-est-fmllr-raw.cc:188) Processed 29 utterances, 1 had errors.
LOG (gmm-est-fmllr-raw:main():gmm-est-fmllr-raw.cc:190) Overall raw-fMLLR auxf impr per frame is 0.0442012 over 24949 frames.
# Accounting: time=27 threads=1
# Ended (code 0) at Tue Aug  2 16:07:08 BRT 2016, elapsed time 27 seconds
