# ali-to-post "ark:gunzip -c exp/tri3c/ali.10.gz|" ark:- | weight-silence-post 0.0 1:2:3:4:5:6:7:8:9:10 exp/tri3c/4.mdl ark:- ark:- | gmm-est-fmllr-raw --raw-feat-dim=13 --spk2utt=ark:data/train/split16/10/spk2utt exp/tri3c/4.mdl "get-full-lda-mat --print-args=false exp/tri3c/3.mat exp/tri3c/full.mat - |" "ark,s,cs:apply-cmvn  --utt2spk=ark:data/train/split16/10/utt2spk scp:data/train/split16/10/cmvn.scp scp:data/train/split16/10/feats.scp ark:- | transform-feats --utt2spk=ark:data/train/split16/10/utt2spk ark,s,cs:exp/tri3c/raw_trans.10 ark:- ark:- | splice-feats  ark:- ark:- |" ark:- ark:exp/tri3c/tmp_trans.10 
# Started at Tue Aug  2 16:04:42 BRT 2016
#
weight-silence-post 0.0 1:2:3:4:5:6:7:8:9:10 exp/tri3c/4.mdl ark:- ark:- 
gmm-est-fmllr-raw --raw-feat-dim=13 --spk2utt=ark:data/train/split16/10/spk2utt exp/tri3c/4.mdl 'get-full-lda-mat --print-args=false exp/tri3c/3.mat exp/tri3c/full.mat - |' 'ark,s,cs:apply-cmvn  --utt2spk=ark:data/train/split16/10/utt2spk scp:data/train/split16/10/cmvn.scp scp:data/train/split16/10/feats.scp ark:- | transform-feats --utt2spk=ark:data/train/split16/10/utt2spk ark,s,cs:exp/tri3c/raw_trans.10 ark:- ark:- | splice-feats  ark:- ark:- |' ark:- ark:exp/tri3c/tmp_trans.10 
ali-to-post 'ark:gunzip -c exp/tri3c/ali.10.gz|' ark:- 
transform-feats --utt2spk=ark:data/train/split16/10/utt2spk ark,s,cs:exp/tri3c/raw_trans.10 ark:- ark:- 
splice-feats ark:- ark:- 
apply-cmvn --utt2spk=ark:data/train/split16/10/utt2spk scp:data/train/split16/10/cmvn.scp scp:data/train/split16/10/feats.scp ark:- 
LOG (gmm-est-fmllr-raw:main():gmm-est-fmllr-raw.cc:145) For speaker guilhermesilveira2, auxf-impr from raw fMLLR is 0.0576386 over 6896 frames.
LOG (ali-to-post:main():ali-to-post.cc:65) Converted 20 alignments.
LOG (weight-silence-post:main():weight-silence-post.cc:95) Done 20 posteriors.
LOG (apply-cmvn:main():apply-cmvn.cc:146) Applied cepstral mean normalization to 20 utterances, errors on 0
LOG (transform-feats:main():transform-feats.cc:158) Overall average logdet is -0.371956 over 21140 frames.
LOG (transform-feats:main():transform-feats.cc:161) Applied transform to 20 utterances; 0 had errors.
LOG (gmm-est-fmllr-raw:main():gmm-est-fmllr-raw.cc:145) For speaker henriquedias, auxf-impr from raw fMLLR is 0.0861134 over 7666 frames.
LOG (gmm-est-fmllr-raw:main():gmm-est-fmllr-raw.cc:188) Processed 20 utterances, 0 had errors.
LOG (gmm-est-fmllr-raw:main():gmm-est-fmllr-raw.cc:190) Overall raw-fMLLR auxf impr per frame is 0.0726288 over 14562 frames.
# Accounting: time=16 threads=1
# Ended (code 0) at Tue Aug  2 16:04:58 BRT 2016, elapsed time 16 seconds
