# ali-to-post "ark:gunzip -c exp/tri3c/ali.7.gz|" ark:- | weight-silence-post 0.0 1:2:3:4:5:6:7:8:9:10 exp/tri3c/4.mdl ark:- ark:- | gmm-est-fmllr-raw --raw-feat-dim=13 --spk2utt=ark:data/train/split16/7/spk2utt exp/tri3c/4.mdl "get-full-lda-mat --print-args=false exp/tri3c/3.mat exp/tri3c/full.mat - |" "ark,s,cs:apply-cmvn  --utt2spk=ark:data/train/split16/7/utt2spk scp:data/train/split16/7/cmvn.scp scp:data/train/split16/7/feats.scp ark:- | transform-feats --utt2spk=ark:data/train/split16/7/utt2spk ark,s,cs:exp/tri3c/raw_trans.7 ark:- ark:- | splice-feats  ark:- ark:- |" ark:- ark:exp/tri3c/tmp_trans.7 
# Started at Tue Aug  2 16:04:17 BRT 2016
#
gmm-est-fmllr-raw --raw-feat-dim=13 --spk2utt=ark:data/train/split16/7/spk2utt exp/tri3c/4.mdl 'get-full-lda-mat --print-args=false exp/tri3c/3.mat exp/tri3c/full.mat - |' 'ark,s,cs:apply-cmvn  --utt2spk=ark:data/train/split16/7/utt2spk scp:data/train/split16/7/cmvn.scp scp:data/train/split16/7/feats.scp ark:- | transform-feats --utt2spk=ark:data/train/split16/7/utt2spk ark,s,cs:exp/tri3c/raw_trans.7 ark:- ark:- | splice-feats  ark:- ark:- |' ark:- ark:exp/tri3c/tmp_trans.7 
ali-to-post 'ark:gunzip -c exp/tri3c/ali.7.gz|' ark:- 
weight-silence-post 0.0 1:2:3:4:5:6:7:8:9:10 exp/tri3c/4.mdl ark:- ark:- 
splice-feats ark:- ark:- 
transform-feats --utt2spk=ark:data/train/split16/7/utt2spk ark,s,cs:exp/tri3c/raw_trans.7 ark:- ark:- 
apply-cmvn --utt2spk=ark:data/train/split16/7/utt2spk scp:data/train/split16/7/cmvn.scp scp:data/train/split16/7/feats.scp ark:- 
LOG (ali-to-post:main():ali-to-post.cc:65) Converted 48 alignments.
LOG (weight-silence-post:main():weight-silence-post.cc:95) Done 48 posteriors.
WARNING (gmm-est-fmllr-raw:main():gmm-est-fmllr-raw.cc:121) Posteriors not found for utterance felipe_vsix-Sfelipe_vsix18
WARNING (gmm-est-fmllr-raw:main():gmm-est-fmllr-raw.cc:116) Features not found for utterance felipe_vsix-Sfelipe_vsix19
LOG (gmm-est-fmllr-raw:main():gmm-est-fmllr-raw.cc:145) For speaker felipe_vsix, auxf-impr from raw fMLLR is 0.0381786 over 19160 frames.
LOG (gmm-est-fmllr-raw:main():gmm-est-fmllr-raw.cc:145) For speaker felipe_vten, auxf-impr from raw fMLLR is 0.0338313 over 8772 frames.
LOG (apply-cmvn:main():apply-cmvn.cc:146) Applied cepstral mean normalization to 49 utterances, errors on 0
LOG (transform-feats:main():transform-feats.cc:158) Overall average logdet is 0.407822 over 94354 frames.
LOG (transform-feats:main():transform-feats.cc:161) Applied transform to 49 utterances; 0 had errors.
LOG (gmm-est-fmllr-raw:main():gmm-est-fmllr-raw.cc:145) For speaker felipe_vthree, auxf-impr from raw fMLLR is 0.0211223 over 21694 frames.
LOG (gmm-est-fmllr-raw:main():gmm-est-fmllr-raw.cc:188) Processed 48 utterances, 2 had errors.
LOG (gmm-est-fmllr-raw:main():gmm-est-fmllr-raw.cc:190) Overall raw-fMLLR auxf impr per frame is 0.029954 over 49626 frames.
# Accounting: time=50 threads=1
# Ended (code 0) at Tue Aug  2 16:05:07 BRT 2016, elapsed time 50 seconds
