# ali-to-post "ark:gunzip -c exp/tri3c/ali.13.gz|" ark:- | weight-silence-post 0.0 1:2:3:4:5:6:7:8:9:10 exp/tri3c/4.mdl ark:- ark:- | gmm-est-fmllr-raw --raw-feat-dim=13 --spk2utt=ark:data/train/split16/13/spk2utt exp/tri3c/4.mdl "get-full-lda-mat --print-args=false exp/tri3c/3.mat exp/tri3c/full.mat - |" "ark,s,cs:apply-cmvn  --utt2spk=ark:data/train/split16/13/utt2spk scp:data/train/split16/13/cmvn.scp scp:data/train/split16/13/feats.scp ark:- | transform-feats --utt2spk=ark:data/train/split16/13/utt2spk ark,s,cs:exp/tri3c/raw_trans.13 ark:- ark:- | splice-feats  ark:- ark:- |" ark:- ark:exp/tri3c/tmp_trans.13 
# Started at Tue Aug  2 16:04:54 BRT 2016
#
gmm-est-fmllr-raw --raw-feat-dim=13 --spk2utt=ark:data/train/split16/13/spk2utt exp/tri3c/4.mdl 'get-full-lda-mat --print-args=false exp/tri3c/3.mat exp/tri3c/full.mat - |' 'ark,s,cs:apply-cmvn  --utt2spk=ark:data/train/split16/13/utt2spk scp:data/train/split16/13/cmvn.scp scp:data/train/split16/13/feats.scp ark:- | transform-feats --utt2spk=ark:data/train/split16/13/utt2spk ark,s,cs:exp/tri3c/raw_trans.13 ark:- ark:- | splice-feats  ark:- ark:- |' ark:- ark:exp/tri3c/tmp_trans.13 
weight-silence-post 0.0 1:2:3:4:5:6:7:8:9:10 exp/tri3c/4.mdl ark:- ark:- 
ali-to-post 'ark:gunzip -c exp/tri3c/ali.13.gz|' ark:- 
apply-cmvn --utt2spk=ark:data/train/split16/13/utt2spk scp:data/train/split16/13/cmvn.scp scp:data/train/split16/13/feats.scp ark:- 
transform-feats --utt2spk=ark:data/train/split16/13/utt2spk ark,s,cs:exp/tri3c/raw_trans.13 ark:- ark:- 
splice-feats ark:- ark:- 
LOG (gmm-est-fmllr-raw:main():gmm-est-fmllr-raw.cc:145) For speaker paula, auxf-impr from raw fMLLR is 0.0742443 over 7502 frames.
LOG (ali-to-post:main():ali-to-post.cc:65) Converted 30 alignments.
LOG (gmm-est-fmllr-raw:main():gmm-est-fmllr-raw.cc:145) For speaker paula1, auxf-impr from raw fMLLR is 0.0645123 over 7313 frames.
LOG (weight-silence-post:main():weight-silence-post.cc:95) Done 30 posteriors.
LOG (apply-cmvn:main():apply-cmvn.cc:146) Applied cepstral mean normalization to 30 utterances, errors on 0
LOG (transform-feats:main():transform-feats.cc:158) Overall average logdet is 1.22135 over 31504 frames.
LOG (transform-feats:main():transform-feats.cc:161) Applied transform to 30 utterances; 0 had errors.
LOG (gmm-est-fmllr-raw:main():gmm-est-fmllr-raw.cc:145) For speaker rafael_petersen, auxf-impr from raw fMLLR is 0.082017 over 5596 frames.
LOG (gmm-est-fmllr-raw:main():gmm-est-fmllr-raw.cc:188) Processed 30 utterances, 0 had errors.
LOG (gmm-est-fmllr-raw:main():gmm-est-fmllr-raw.cc:190) Overall raw-fMLLR auxf impr per frame is 0.0728885 over 20411 frames.
# Accounting: time=16 threads=1
# Ended (code 0) at Tue Aug  2 16:05:10 BRT 2016, elapsed time 16 seconds
