# ali-to-post "ark:gunzip -c exp/tri3c/ali.11.gz|" ark:- | weight-silence-post 0.0 1:2:3:4:5:6:7:8:9:10 exp/tri3c/2.mdl ark:- ark:- | gmm-est-fmllr-raw --raw-feat-dim=13 --spk2utt=ark:data/train/split16/11/spk2utt exp/tri3c/2.mdl "get-full-lda-mat --print-args=false exp/tri3c/0.mat exp/tri3c/full.mat - |" "ark,s,cs:apply-cmvn  --utt2spk=ark:data/train/split16/11/utt2spk scp:data/train/split16/11/cmvn.scp scp:data/train/split16/11/feats.scp ark:- | transform-feats --utt2spk=ark:data/train/split16/11/utt2spk ark,s,cs:exp/tri2b_ali_raw/raw_trans.11 ark:- ark:- | splice-feats  ark:- ark:- |" ark:- ark:exp/tri3c/tmp_trans.11 
# Started at Tue Aug  2 16:03:41 BRT 2016
#
gmm-est-fmllr-raw --raw-feat-dim=13 --spk2utt=ark:data/train/split16/11/spk2utt exp/tri3c/2.mdl 'get-full-lda-mat --print-args=false exp/tri3c/0.mat exp/tri3c/full.mat - |' 'ark,s,cs:apply-cmvn  --utt2spk=ark:data/train/split16/11/utt2spk scp:data/train/split16/11/cmvn.scp scp:data/train/split16/11/feats.scp ark:- | transform-feats --utt2spk=ark:data/train/split16/11/utt2spk ark,s,cs:exp/tri2b_ali_raw/raw_trans.11 ark:- ark:- | splice-feats  ark:- ark:- |' ark:- ark:exp/tri3c/tmp_trans.11 
weight-silence-post 0.0 1:2:3:4:5:6:7:8:9:10 exp/tri3c/2.mdl ark:- ark:- 
ali-to-post 'ark:gunzip -c exp/tri3c/ali.11.gz|' ark:- 
apply-cmvn --utt2spk=ark:data/train/split16/11/utt2spk scp:data/train/split16/11/cmvn.scp scp:data/train/split16/11/feats.scp ark:- 
splice-feats ark:- ark:- 
transform-feats --utt2spk=ark:data/train/split16/11/utt2spk ark,s,cs:exp/tri2b_ali_raw/raw_trans.11 ark:- ark:- 
LOG (gmm-est-fmllr-raw:main():gmm-est-fmllr-raw.cc:145) For speaker henriquedias1, auxf-impr from raw fMLLR is 1.78614 over 7682 frames.
LOG (gmm-est-fmllr-raw:main():gmm-est-fmllr-raw.cc:145) For speaker karine, auxf-impr from raw fMLLR is 3.81953 over 8181 frames.
LOG (ali-to-post:main():ali-to-post.cc:65) Converted 29 alignments.
LOG (weight-silence-post:main():weight-silence-post.cc:95) Done 29 posteriors.
LOG (apply-cmvn:main():apply-cmvn.cc:146) Applied cepstral mean normalization to 29 utterances, errors on 0
LOG (transform-feats:main():transform-feats.cc:158) Overall average logdet is 0.332319 over 37076 frames.
LOG (transform-feats:main():transform-feats.cc:161) Applied transform to 29 utterances; 0 had errors.
LOG (gmm-est-fmllr-raw:main():gmm-est-fmllr-raw.cc:145) For speaker luiz_souza, auxf-impr from raw fMLLR is 1.17496 over 6811 frames.
LOG (gmm-est-fmllr-raw:main():gmm-est-fmllr-raw.cc:188) Processed 29 utterances, 0 had errors.
LOG (gmm-est-fmllr-raw:main():gmm-est-fmllr-raw.cc:190) Overall raw-fMLLR auxf impr per frame is 2.33622 over 22674 frames.
# Accounting: time=21 threads=1
# Ended (code 0) at Tue Aug  2 16:04:02 BRT 2016, elapsed time 21 seconds
