# ali-to-post "ark:gunzip -c exp/tri3c/ali.1.gz|" ark:- | weight-silence-post 0.0 1:2:3:4:5:6:7:8:9:10 exp/tri3c/6.mdl ark:- ark:- | gmm-est-fmllr-raw --raw-feat-dim=13 --spk2utt=ark:data/train/split16/1/spk2utt exp/tri3c/6.mdl "get-full-lda-mat --print-args=false exp/tri3c/5.mat exp/tri3c/full.mat - |" "ark,s,cs:apply-cmvn  --utt2spk=ark:data/train/split16/1/utt2spk scp:data/train/split16/1/cmvn.scp scp:data/train/split16/1/feats.scp ark:- | transform-feats --utt2spk=ark:data/train/split16/1/utt2spk ark,s,cs:exp/tri3c/raw_trans.1 ark:- ark:- | splice-feats  ark:- ark:- |" ark:- ark:exp/tri3c/tmp_trans.1 
# Started at Tue Aug  2 16:05:20 BRT 2016
#
ali-to-post 'ark:gunzip -c exp/tri3c/ali.1.gz|' ark:- 
weight-silence-post 0.0 1:2:3:4:5:6:7:8:9:10 exp/tri3c/6.mdl ark:- ark:- 
gmm-est-fmllr-raw --raw-feat-dim=13 --spk2utt=ark:data/train/split16/1/spk2utt exp/tri3c/6.mdl 'get-full-lda-mat --print-args=false exp/tri3c/5.mat exp/tri3c/full.mat - |' 'ark,s,cs:apply-cmvn  --utt2spk=ark:data/train/split16/1/utt2spk scp:data/train/split16/1/cmvn.scp scp:data/train/split16/1/feats.scp ark:- | transform-feats --utt2spk=ark:data/train/split16/1/utt2spk ark,s,cs:exp/tri3c/raw_trans.1 ark:- ark:- | splice-feats  ark:- ark:- |' ark:- ark:exp/tri3c/tmp_trans.1 
splice-feats ark:- ark:- 
transform-feats --utt2spk=ark:data/train/split16/1/utt2spk ark,s,cs:exp/tri3c/raw_trans.1 ark:- ark:- 
apply-cmvn --utt2spk=ark:data/train/split16/1/utt2spk scp:data/train/split16/1/cmvn.scp scp:data/train/split16/1/feats.scp ark:- 
LOG (gmm-est-fmllr-raw:main():gmm-est-fmllr-raw.cc:145) For speaker alfeu, auxf-impr from raw fMLLR is 0.0213512 over 6769 frames.
WARNING (gmm-est-fmllr-raw:main():gmm-est-fmllr-raw.cc:116) Features not found for utterance alfeu1-Salfeu15
LOG (gmm-est-fmllr-raw:main():gmm-est-fmllr-raw.cc:145) For speaker alfeu1, auxf-impr from raw fMLLR is 0.0253185 over 6283 frames.
LOG (ali-to-post:main():ali-to-post.cc:65) Converted 36 alignments.
LOG (gmm-est-fmllr-raw:main():gmm-est-fmllr-raw.cc:145) For speaker arthur1, auxf-impr from raw fMLLR is 0.0222669 over 5477 frames.
LOG (weight-silence-post:main():weight-silence-post.cc:95) Done 36 posteriors.
LOG (apply-cmvn:main():apply-cmvn.cc:146) Applied cepstral mean normalization to 38 utterances, errors on 0
LOG (transform-feats:main():transform-feats.cc:158) Overall average logdet is -0.11358 over 40765 frames.
LOG (transform-feats:main():transform-feats.cc:161) Applied transform to 38 utterances; 0 had errors.
WARNING (gmm-est-fmllr-raw:main():gmm-est-fmllr-raw.cc:121) Posteriors not found for utterance dieniffer1-Sdieniffer17
WARNING (gmm-est-fmllr-raw:main():gmm-est-fmllr-raw.cc:121) Posteriors not found for utterance dieniffer1-Sdieniffer18
LOG (gmm-est-fmllr-raw:main():gmm-est-fmllr-raw.cc:145) For speaker dieniffer1, auxf-impr from raw fMLLR is 0.0477972 over 4665 frames.
LOG (gmm-est-fmllr-raw:main():gmm-est-fmllr-raw.cc:188) Processed 36 utterances, 3 had errors.
LOG (gmm-est-fmllr-raw:main():gmm-est-fmllr-raw.cc:190) Overall raw-fMLLR auxf impr per frame is 0.0279612 over 23194 frames.
# Accounting: time=25 threads=1
# Ended (code 0) at Tue Aug  2 16:05:45 BRT 2016, elapsed time 25 seconds
