# ali-to-post "ark:gunzip -c exp/tri3c/ali.15.gz|" ark:- | weight-silence-post 0.0 1:2:3:4:5:6:7:8:9:10 exp/tri3c/6.mdl ark:- ark:- | gmm-est-fmllr-raw --raw-feat-dim=13 --spk2utt=ark:data/train/split16/15/spk2utt exp/tri3c/6.mdl "get-full-lda-mat --print-args=false exp/tri3c/5.mat exp/tri3c/full.mat - |" "ark,s,cs:apply-cmvn  --utt2spk=ark:data/train/split16/15/utt2spk scp:data/train/split16/15/cmvn.scp scp:data/train/split16/15/feats.scp ark:- | transform-feats --utt2spk=ark:data/train/split16/15/utt2spk ark,s,cs:exp/tri3c/raw_trans.15 ark:- ark:- | splice-feats  ark:- ark:- |" ark:- ark:exp/tri3c/tmp_trans.15 
# Started at Tue Aug  2 16:06:01 BRT 2016
#
ali-to-post 'ark:gunzip -c exp/tri3c/ali.15.gz|' ark:- 
gmm-est-fmllr-raw --raw-feat-dim=13 --spk2utt=ark:data/train/split16/15/spk2utt exp/tri3c/6.mdl 'get-full-lda-mat --print-args=false exp/tri3c/5.mat exp/tri3c/full.mat - |' 'ark,s,cs:apply-cmvn  --utt2spk=ark:data/train/split16/15/utt2spk scp:data/train/split16/15/cmvn.scp scp:data/train/split16/15/feats.scp ark:- | transform-feats --utt2spk=ark:data/train/split16/15/utt2spk ark,s,cs:exp/tri3c/raw_trans.15 ark:- ark:- | splice-feats  ark:- ark:- |' ark:- ark:exp/tri3c/tmp_trans.15 
weight-silence-post 0.0 1:2:3:4:5:6:7:8:9:10 exp/tri3c/6.mdl ark:- ark:- 
apply-cmvn --utt2spk=ark:data/train/split16/15/utt2spk scp:data/train/split16/15/cmvn.scp scp:data/train/split16/15/feats.scp ark:- 
splice-feats ark:- ark:- 
transform-feats --utt2spk=ark:data/train/split16/15/utt2spk ark,s,cs:exp/tri3c/raw_trans.15 ark:- ark:- 
LOG (gmm-est-fmllr-raw:main():gmm-est-fmllr-raw.cc:145) For speaker thiago, auxf-impr from raw fMLLR is 0.0148171 over 6986 frames.
LOG (gmm-est-fmllr-raw:main():gmm-est-fmllr-raw.cc:145) For speaker thiago1, auxf-impr from raw fMLLR is 0.0229197 over 6555 frames.
LOG (ali-to-post:main():ali-to-post.cc:65) Converted 30 alignments.
LOG (weight-silence-post:main():weight-silence-post.cc:95) Done 30 posteriors.
LOG (apply-cmvn:main():apply-cmvn.cc:146) Applied cepstral mean normalization to 30 utterances, errors on 0
LOG (transform-feats:main():transform-feats.cc:158) Overall average logdet is -0.0776252 over 37011 frames.
LOG (transform-feats:main():transform-feats.cc:161) Applied transform to 30 utterances; 0 had errors.
LOG (gmm-est-fmllr-raw:main():gmm-est-fmllr-raw.cc:145) For speaker vinicius, auxf-impr from raw fMLLR is 0.0338983 over 6497 frames.
LOG (gmm-est-fmllr-raw:main():gmm-est-fmllr-raw.cc:188) Processed 30 utterances, 0 had errors.
LOG (gmm-est-fmllr-raw:main():gmm-est-fmllr-raw.cc:190) Overall raw-fMLLR auxf impr per frame is 0.0236545 over 20038 frames.
# Accounting: time=10 threads=1
# Ended (code 0) at Tue Aug  2 16:06:11 BRT 2016, elapsed time 10 seconds
