# ali-to-post "ark:gunzip -c exp/tri3c/ali.4.gz|" ark:- | weight-silence-post 0.0 1:2:3:4:5:6:7:8:9:10 exp/tri3c/12.mdl ark:- ark:- | gmm-est-fmllr-raw --raw-feat-dim=13 --spk2utt=ark:data/train/split16/4/spk2utt exp/tri3c/12.mdl "get-full-lda-mat --print-args=false exp/tri3c/10.mat exp/tri3c/full.mat - |" "ark,s,cs:apply-cmvn  --utt2spk=ark:data/train/split16/4/utt2spk scp:data/train/split16/4/cmvn.scp scp:data/train/split16/4/feats.scp ark:- | transform-feats --utt2spk=ark:data/train/split16/4/utt2spk ark,s,cs:exp/tri3c/raw_trans.4 ark:- ark:- | splice-feats  ark:- ark:- |" ark:- ark:exp/tri3c/tmp_trans.4 
# Started at Tue Aug  2 16:06:41 BRT 2016
#
ali-to-post 'ark:gunzip -c exp/tri3c/ali.4.gz|' ark:- 
weight-silence-post 0.0 1:2:3:4:5:6:7:8:9:10 exp/tri3c/12.mdl ark:- ark:- 
gmm-est-fmllr-raw --raw-feat-dim=13 --spk2utt=ark:data/train/split16/4/spk2utt exp/tri3c/12.mdl 'get-full-lda-mat --print-args=false exp/tri3c/10.mat exp/tri3c/full.mat - |' 'ark,s,cs:apply-cmvn  --utt2spk=ark:data/train/split16/4/utt2spk scp:data/train/split16/4/cmvn.scp scp:data/train/split16/4/feats.scp ark:- | transform-feats --utt2spk=ark:data/train/split16/4/utt2spk ark,s,cs:exp/tri3c/raw_trans.4 ark:- ark:- | splice-feats  ark:- ark:- |' ark:- ark:exp/tri3c/tmp_trans.4 
splice-feats ark:- ark:- 
transform-feats --utt2spk=ark:data/train/split16/4/utt2spk ark,s,cs:exp/tri3c/raw_trans.4 ark:- ark:- 
apply-cmvn --utt2spk=ark:data/train/split16/4/utt2spk scp:data/train/split16/4/cmvn.scp scp:data/train/split16/4/feats.scp ark:- 
LOG (gmm-est-fmllr-raw:main():gmm-est-fmllr-raw.cc:145) For speaker felipe_v2, auxf-impr from raw fMLLR is 0.0120643 over 20860 frames.
LOG (ali-to-post:main():ali-to-post.cc:65) Converted 38 alignments.
LOG (weight-silence-post:main():weight-silence-post.cc:95) Done 38 posteriors.
WARNING (gmm-est-fmllr-raw:main():gmm-est-fmllr-raw.cc:121) Posteriors not found for utterance felipe_veight-Sfelipe_veight1
LOG (apply-cmvn:main():apply-cmvn.cc:146) Applied cepstral mean normalization to 39 utterances, errors on 0
LOG (transform-feats:main():transform-feats.cc:158) Overall average logdet is 0.460644 over 71269 frames.
LOG (transform-feats:main():transform-feats.cc:161) Applied transform to 39 utterances; 0 had errors.
WARNING (gmm-est-fmllr-raw:main():gmm-est-fmllr-raw.cc:116) Features not found for utterance felipe_veight-Sfelipe_veight7
LOG (gmm-est-fmllr-raw:main():gmm-est-fmllr-raw.cc:145) For speaker felipe_veight, auxf-impr from raw fMLLR is 0.0176035 over 19023 frames.
LOG (gmm-est-fmllr-raw:main():gmm-est-fmllr-raw.cc:188) Processed 38 utterances, 2 had errors.
LOG (gmm-est-fmllr-raw:main():gmm-est-fmllr-raw.cc:190) Overall raw-fMLLR auxf impr per frame is 0.0147063 over 39883 frames.
# Accounting: time=39 threads=1
# Ended (code 0) at Tue Aug  2 16:07:20 BRT 2016, elapsed time 39 seconds
