# ali-to-post "ark:gunzip -c exp/tri3c/ali.4.gz|" ark:- | weight-silence-post 0.0 1:2:3:4:5:6:7:8:9:10 exp/tri3c/2.mdl ark:- ark:- | gmm-est-fmllr-raw --raw-feat-dim=13 --spk2utt=ark:data/train/split16/4/spk2utt exp/tri3c/2.mdl "get-full-lda-mat --print-args=false exp/tri3c/0.mat exp/tri3c/full.mat - |" "ark,s,cs:apply-cmvn  --utt2spk=ark:data/train/split16/4/utt2spk scp:data/train/split16/4/cmvn.scp scp:data/train/split16/4/feats.scp ark:- | transform-feats --utt2spk=ark:data/train/split16/4/utt2spk ark,s,cs:exp/tri2b_ali_raw/raw_trans.4 ark:- ark:- | splice-feats  ark:- ark:- |" ark:- ark:exp/tri3c/tmp_trans.4 
# Started at Tue Aug  2 16:03:15 BRT 2016
#
weight-silence-post 0.0 1:2:3:4:5:6:7:8:9:10 exp/tri3c/2.mdl ark:- ark:- 
gmm-est-fmllr-raw --raw-feat-dim=13 --spk2utt=ark:data/train/split16/4/spk2utt exp/tri3c/2.mdl 'get-full-lda-mat --print-args=false exp/tri3c/0.mat exp/tri3c/full.mat - |' 'ark,s,cs:apply-cmvn  --utt2spk=ark:data/train/split16/4/utt2spk scp:data/train/split16/4/cmvn.scp scp:data/train/split16/4/feats.scp ark:- | transform-feats --utt2spk=ark:data/train/split16/4/utt2spk ark,s,cs:exp/tri2b_ali_raw/raw_trans.4 ark:- ark:- | splice-feats  ark:- ark:- |' ark:- ark:exp/tri3c/tmp_trans.4 
ali-to-post 'ark:gunzip -c exp/tri3c/ali.4.gz|' ark:- 
apply-cmvn --utt2spk=ark:data/train/split16/4/utt2spk scp:data/train/split16/4/cmvn.scp scp:data/train/split16/4/feats.scp ark:- 
transform-feats --utt2spk=ark:data/train/split16/4/utt2spk ark,s,cs:exp/tri2b_ali_raw/raw_trans.4 ark:- ark:- 
splice-feats ark:- ark:- 
LOG (gmm-est-fmllr-raw:main():gmm-est-fmllr-raw.cc:145) For speaker felipe_v2, auxf-impr from raw fMLLR is 0.649607 over 20726 frames.
LOG (ali-to-post:main():ali-to-post.cc:65) Converted 39 alignments.
LOG (weight-silence-post:main():weight-silence-post.cc:95) Done 39 posteriors.
LOG (apply-cmvn:main():apply-cmvn.cc:146) Applied cepstral mean normalization to 39 utterances, errors on 0
LOG (transform-feats:main():transform-feats.cc:158) Overall average logdet is 0.344122 over 71269 frames.
LOG (transform-feats:main():transform-feats.cc:161) Applied transform to 39 utterances; 0 had errors.
WARNING (gmm-est-fmllr-raw:main():gmm-est-fmllr-raw.cc:116) Features not found for utterance felipe_veight-Sfelipe_veight7
LOG (gmm-est-fmllr-raw:main():gmm-est-fmllr-raw.cc:145) For speaker felipe_veight, auxf-impr from raw fMLLR is 0.402139 over 20017 frames.
LOG (gmm-est-fmllr-raw:main():gmm-est-fmllr-raw.cc:188) Processed 39 utterances, 1 had errors.
LOG (gmm-est-fmllr-raw:main():gmm-est-fmllr-raw.cc:190) Overall raw-fMLLR auxf impr per frame is 0.528026 over 40743 frames.
# Accounting: time=36 threads=1
# Ended (code 0) at Tue Aug  2 16:03:51 BRT 2016, elapsed time 36 seconds
