# ali-to-post "ark:gunzip -c exp/tri2b_ali_raw/ali.1.gz|" ark:- | weight-silence-post 0.0 1:2:3:4:5:6:7:8:9:10 exp/tri2b_ali_raw/final.mdl ark:- ark:- | acc-lda --rand-prune=4.0 exp/tri2b_ali_raw/final.mdl "ark,s,cs:apply-cmvn  --utt2spk=ark:data/train/split16/1/utt2spk scp:data/train/split16/1/cmvn.scp scp:data/train/split16/1/feats.scp ark:- | transform-feats --utt2spk=ark:data/train/split16/1/utt2spk ark,s,cs:exp/tri2b_ali_raw/raw_trans.1 ark:- ark:- | splice-feats  ark:- ark:- |" ark,s,cs:- exp/tri3c/lda.1.acc 
# Started at Tue Aug  2 16:02:58 BRT 2016
#
weight-silence-post 0.0 1:2:3:4:5:6:7:8:9:10 exp/tri2b_ali_raw/final.mdl ark:- ark:- 
ali-to-post 'ark:gunzip -c exp/tri2b_ali_raw/ali.1.gz|' ark:- 
acc-lda --rand-prune=4.0 exp/tri2b_ali_raw/final.mdl 'ark,s,cs:apply-cmvn  --utt2spk=ark:data/train/split16/1/utt2spk scp:data/train/split16/1/cmvn.scp scp:data/train/split16/1/feats.scp ark:- | transform-feats --utt2spk=ark:data/train/split16/1/utt2spk ark,s,cs:exp/tri2b_ali_raw/raw_trans.1 ark:- ark:- | splice-feats  ark:- ark:- |' ark,s,cs:- exp/tri3c/lda.1.acc 
transform-feats --utt2spk=ark:data/train/split16/1/utt2spk ark,s,cs:exp/tri2b_ali_raw/raw_trans.1 ark:- ark:- 
splice-feats ark:- ark:- 
apply-cmvn --utt2spk=ark:data/train/split16/1/utt2spk scp:data/train/split16/1/cmvn.scp scp:data/train/split16/1/feats.scp ark:- 
LOG (ali-to-post:main():ali-to-post.cc:65) Converted 36 alignments.
LOG (weight-silence-post:main():weight-silence-post.cc:95) Done 36 posteriors.
LOG (apply-cmvn:main():apply-cmvn.cc:146) Applied cepstral mean normalization to 38 utterances, errors on 0
LOG (transform-feats:main():transform-feats.cc:158) Overall average logdet is 0.196241 over 40765 frames.
LOG (transform-feats:main():transform-feats.cc:161) Applied transform to 38 utterances; 0 had errors.
WARNING (acc-lda:main():acc-lda.cc:77) No posteriors for utterance dieniffer1-Sdieniffer17
WARNING (acc-lda:main():acc-lda.cc:77) No posteriors for utterance dieniffer1-Sdieniffer18
LOG (acc-lda:main():acc-lda.cc:117) Done 36 files, failed for 2
LOG (acc-lda:main():acc-lda.cc:122) Written statistics.
# Accounting: time=1 threads=1
# Ended (code 0) at Tue Aug  2 16:02:59 BRT 2016, elapsed time 1 seconds
