# ali-to-post "ark:gunzip -c exp/tri2b_ali_raw/ali.2.gz|" ark:- | weight-silence-post 0.0 1:2:3:4:5:6:7:8:9:10 exp/tri2b_ali_raw/final.mdl ark:- ark:- | acc-lda --rand-prune=4.0 exp/tri2b_ali_raw/final.mdl "ark,s,cs:apply-cmvn  --utt2spk=ark:data/train/split16/2/utt2spk scp:data/train/split16/2/cmvn.scp scp:data/train/split16/2/feats.scp ark:- | transform-feats --utt2spk=ark:data/train/split16/2/utt2spk ark,s,cs:exp/tri2b_ali_raw/raw_trans.2 ark:- ark:- | splice-feats  ark:- ark:- |" ark,s,cs:- exp/tri3c/lda.2.acc 
# Started at Tue Aug  2 16:02:58 BRT 2016
#
acc-lda --rand-prune=4.0 exp/tri2b_ali_raw/final.mdl 'ark,s,cs:apply-cmvn  --utt2spk=ark:data/train/split16/2/utt2spk scp:data/train/split16/2/cmvn.scp scp:data/train/split16/2/feats.scp ark:- | transform-feats --utt2spk=ark:data/train/split16/2/utt2spk ark,s,cs:exp/tri2b_ali_raw/raw_trans.2 ark:- ark:- | splice-feats  ark:- ark:- |' ark,s,cs:- exp/tri3c/lda.2.acc 
weight-silence-post 0.0 1:2:3:4:5:6:7:8:9:10 exp/tri2b_ali_raw/final.mdl ark:- ark:- 
ali-to-post 'ark:gunzip -c exp/tri2b_ali_raw/ali.2.gz|' ark:- 
apply-cmvn --utt2spk=ark:data/train/split16/2/utt2spk scp:data/train/split16/2/cmvn.scp scp:data/train/split16/2/feats.scp ark:- 
splice-feats ark:- ark:- 
transform-feats --utt2spk=ark:data/train/split16/2/utt2spk ark,s,cs:exp/tri2b_ali_raw/raw_trans.2 ark:- ark:- 
WARNING (acc-lda:main():acc-lda.cc:77) No posteriors for utterance eduardo-Seduardo16
LOG (ali-to-post:main():ali-to-post.cc:65) Converted 28 alignments.
WARNING (acc-lda:main():acc-lda.cc:77) No posteriors for utterance eduardo-Seduardo4
LOG (weight-silence-post:main():weight-silence-post.cc:95) Done 28 posteriors.
LOG (apply-cmvn:main():apply-cmvn.cc:146) Applied cepstral mean normalization to 30 utterances, errors on 0
LOG (transform-feats:main():transform-feats.cc:158) Overall average logdet is -0.223686 over 36478 frames.
LOG (transform-feats:main():transform-feats.cc:161) Applied transform to 30 utterances; 0 had errors.
LOG (acc-lda:main():acc-lda.cc:117) Done 28 files, failed for 2
LOG (acc-lda:main():acc-lda.cc:122) Written statistics.
# Accounting: time=1 threads=1
# Ended (code 0) at Tue Aug  2 16:02:59 BRT 2016, elapsed time 1 seconds
