# ali-to-post "ark:gunzip -c exp/tri3c/ali.14.gz|" ark:- | weight-silence-post 0.0 1:2:3:4:5:6:7:8:9:10 exp/tri3c/10.mdl ark:- ark:- | gmm-acc-mllt --rand-prune=4.0 exp/tri3c/10.mdl "ark,s,cs:apply-cmvn  --utt2spk=ark:data/train/split16/14/utt2spk scp:data/train/split16/14/cmvn.scp scp:data/train/split16/14/feats.scp ark:- | transform-feats --utt2spk=ark:data/train/split16/14/utt2spk ark,s,cs:exp/tri3c/raw_trans.14 ark:- ark:- | splice-feats  ark:- ark:- | transform-feats exp/tri3c/7.mat ark:- ark:- |" ark:- exp/tri3c/10.14.macc 
# Started at Wed Jun 22 14:00:58 BRT 2016
#
ali-to-post 'ark:gunzip -c exp/tri3c/ali.14.gz|' ark:- 
weight-silence-post 0.0 1:2:3:4:5:6:7:8:9:10 exp/tri3c/10.mdl ark:- ark:- 
gmm-acc-mllt --rand-prune=4.0 exp/tri3c/10.mdl 'ark,s,cs:apply-cmvn  --utt2spk=ark:data/train/split16/14/utt2spk scp:data/train/split16/14/cmvn.scp scp:data/train/split16/14/feats.scp ark:- | transform-feats --utt2spk=ark:data/train/split16/14/utt2spk ark,s,cs:exp/tri3c/raw_trans.14 ark:- ark:- | splice-feats  ark:- ark:- | transform-feats exp/tri3c/7.mat ark:- ark:- |' ark:- exp/tri3c/10.14.macc 
transform-feats exp/tri3c/7.mat ark:- ark:- 
transform-feats --utt2spk=ark:data/train/split16/14/utt2spk ark,s,cs:exp/tri3c/raw_trans.14 ark:- ark:- 
splice-feats ark:- ark:- 
apply-cmvn --utt2spk=ark:data/train/split16/14/utt2spk scp:data/train/split16/14/cmvn.scp scp:data/train/split16/14/feats.scp ark:- 
LOG (gmm-acc-mllt:main():gmm-acc-mllt.cc:108) Average like for this file is -56.5813 over 978 frames.
LOG (gmm-acc-mllt:main():gmm-acc-mllt.cc:108) Average like for this file is -64.2028 over 659 frames.
LOG (gmm-acc-mllt:main():gmm-acc-mllt.cc:108) Average like for this file is -52.2907 over 1039 frames.
LOG (gmm-acc-mllt:main():gmm-acc-mllt.cc:108) Average like for this file is -50.9613 over 932 frames.
LOG (gmm-acc-mllt:main():gmm-acc-mllt.cc:108) Average like for this file is -53.8249 over 852 frames.
LOG (gmm-acc-mllt:main():gmm-acc-mllt.cc:108) Average like for this file is -52.8427 over 827 frames.
LOG (gmm-acc-mllt:main():gmm-acc-mllt.cc:108) Average like for this file is -52.9512 over 869 frames.
LOG (gmm-acc-mllt:main():gmm-acc-mllt.cc:108) Average like for this file is -52.916 over 799 frames.
LOG (gmm-acc-mllt:main():gmm-acc-mllt.cc:108) Average like for this file is -51.8817 over 891 frames.
LOG (gmm-acc-mllt:main():gmm-acc-mllt.cc:108) Average like for this file is -52.3206 over 884 frames.
LOG (gmm-acc-mllt:main():gmm-acc-mllt.cc:114) Avg like per frame so far is -53.8149
LOG (gmm-acc-mllt:main():gmm-acc-mllt.cc:108) Average like for this file is -52.2994 over 904 frames.
LOG (gmm-acc-mllt:main():gmm-acc-mllt.cc:108) Average like for this file is -52.4669 over 970 frames.
LOG (gmm-acc-mllt:main():gmm-acc-mllt.cc:108) Average like for this file is -52.5172 over 845 frames.
LOG (ali-to-post:main():ali-to-post.cc:65) Converted 20 alignments.
LOG (gmm-acc-mllt:main():gmm-acc-mllt.cc:108) Average like for this file is -52.1727 over 901 frames.
LOG (gmm-acc-mllt:main():gmm-acc-mllt.cc:108) Average like for this file is -52.9802 over 973 frames.
LOG (gmm-acc-mllt:main():gmm-acc-mllt.cc:108) Average like for this file is -53.3428 over 886 frames.
LOG (apply-cmvn:main():apply-cmvn.cc:146) Applied cepstral mean normalization to 20 utterances, errors on 0
LOG (weight-silence-post:main():weight-silence-post.cc:95) Done 20 posteriors.
LOG (gmm-acc-mllt:main():gmm-acc-mllt.cc:108) Average like for this file is -53.1011 over 1014 frames.
LOG (transform-feats:main():transform-feats.cc:158) Overall average logdet is -0.5794 over 33790 frames.
LOG (transform-feats:main():transform-feats.cc:161) Applied transform to 20 utterances; 0 had errors.
LOG (gmm-acc-mllt:main():gmm-acc-mllt.cc:108) Average like for this file is -51.1785 over 877 frames.
LOG (gmm-acc-mllt:main():gmm-acc-mllt.cc:108) Average like for this file is -51.8709 over 823 frames.
LOG (transform-feats:main():transform-feats.cc:158) Overall average [pseudo-]logdet is -86.4314 over 33790 frames.
LOG (transform-feats:main():transform-feats.cc:161) Applied transform to 20 utterances; 0 had errors.
LOG (gmm-acc-mllt:main():gmm-acc-mllt.cc:108) Average like for this file is -51.597 over 925 frames.
LOG (gmm-acc-mllt:main():gmm-acc-mllt.cc:114) Avg like per frame so far is -53.0769
LOG (gmm-acc-mllt:main():gmm-acc-mllt.cc:119) Done 20 files, 0 with no posteriors, 0 with other errors.
LOG (gmm-acc-mllt:main():gmm-acc-mllt.cc:123) Overall avg like per frame (Gaussian only) = -53.0769 over 17848 frames.
LOG (gmm-acc-mllt:main():gmm-acc-mllt.cc:127) Written accs.
# Accounting: time=1 threads=1
# Ended (code 0) at Wed Jun 22 14:00:59 BRT 2016, elapsed time 1 seconds
