# ali-to-post "ark:gunzip -c exp/tri3c/ali.2.gz|" ark:- | weight-silence-post 0.0 1:2:3:4:5:6:7:8:9:10 exp/tri3c/7.mdl ark:- ark:- | gmm-acc-mllt --rand-prune=4.0 exp/tri3c/7.mdl "ark,s,cs:apply-cmvn  --utt2spk=ark:data/train/split16/2/utt2spk scp:data/train/split16/2/cmvn.scp scp:data/train/split16/2/feats.scp ark:- | transform-feats --utt2spk=ark:data/train/split16/2/utt2spk ark,s,cs:exp/tri3c/raw_trans.2 ark:- ark:- | splice-feats  ark:- ark:- | transform-feats exp/tri3c/5.mat ark:- ark:- |" ark:- exp/tri3c/7.2.macc 
# Started at Wed Jun 22 14:00:37 BRT 2016
#
weight-silence-post 0.0 1:2:3:4:5:6:7:8:9:10 exp/tri3c/7.mdl ark:- ark:- 
gmm-acc-mllt --rand-prune=4.0 exp/tri3c/7.mdl 'ark,s,cs:apply-cmvn  --utt2spk=ark:data/train/split16/2/utt2spk scp:data/train/split16/2/cmvn.scp scp:data/train/split16/2/feats.scp ark:- | transform-feats --utt2spk=ark:data/train/split16/2/utt2spk ark,s,cs:exp/tri3c/raw_trans.2 ark:- ark:- | splice-feats  ark:- ark:- | transform-feats exp/tri3c/5.mat ark:- ark:- |' ark:- exp/tri3c/7.2.macc 
ali-to-post 'ark:gunzip -c exp/tri3c/ali.2.gz|' ark:- 
transform-feats exp/tri3c/5.mat ark:- ark:- 
splice-feats ark:- ark:- 
transform-feats --utt2spk=ark:data/train/split16/2/utt2spk ark,s,cs:exp/tri3c/raw_trans.2 ark:- ark:- 
apply-cmvn --utt2spk=ark:data/train/split16/2/utt2spk scp:data/train/split16/2/cmvn.scp scp:data/train/split16/2/feats.scp ark:- 
LOG (gmm-acc-mllt:main():gmm-acc-mllt.cc:108) Average like for this file is -48.8967 over 1172 frames.
LOG (gmm-acc-mllt:main():gmm-acc-mllt.cc:108) Average like for this file is -49.9867 over 1126 frames.
LOG (gmm-acc-mllt:main():gmm-acc-mllt.cc:108) Average like for this file is -50.469 over 1166 frames.
LOG (gmm-acc-mllt:main():gmm-acc-mllt.cc:108) Average like for this file is -49.6874 over 1180 frames.
LOG (gmm-acc-mllt:main():gmm-acc-mllt.cc:108) Average like for this file is -51.2013 over 1073 frames.
LOG (gmm-acc-mllt:main():gmm-acc-mllt.cc:108) Average like for this file is -50.8014 over 1246 frames.
LOG (gmm-acc-mllt:main():gmm-acc-mllt.cc:108) Average like for this file is -52.4995 over 997 frames.
LOG (gmm-acc-mllt:main():gmm-acc-mllt.cc:108) Average like for this file is -51.3512 over 1089 frames.
LOG (gmm-acc-mllt:main():gmm-acc-mllt.cc:108) Average like for this file is -49.8928 over 1085 frames.
LOG (gmm-acc-mllt:main():gmm-acc-mllt.cc:108) Average like for this file is -50.6813 over 1166 frames.
LOG (gmm-acc-mllt:main():gmm-acc-mllt.cc:114) Avg like per frame so far is -50.5132
LOG (gmm-acc-mllt:main():gmm-acc-mllt.cc:108) Average like for this file is -51.6316 over 1176 frames.
LOG (gmm-acc-mllt:main():gmm-acc-mllt.cc:108) Average like for this file is -49.0898 over 1097 frames.
LOG (gmm-acc-mllt:main():gmm-acc-mllt.cc:108) Average like for this file is -49.7461 over 1080 frames.
LOG (gmm-acc-mllt:main():gmm-acc-mllt.cc:108) Average like for this file is -49.4605 over 1103 frames.
LOG (ali-to-post:main():ali-to-post.cc:65) Converted 20 alignments.
LOG (gmm-acc-mllt:main():gmm-acc-mllt.cc:108) Average like for this file is -50.2492 over 1098 frames.
LOG (gmm-acc-mllt:main():gmm-acc-mllt.cc:108) Average like for this file is -50.7727 over 1048 frames.
LOG (apply-cmvn:main():apply-cmvn.cc:146) Applied cepstral mean normalization to 20 utterances, errors on 0
LOG (weight-silence-post:main():weight-silence-post.cc:95) Done 20 posteriors.
LOG (gmm-acc-mllt:main():gmm-acc-mllt.cc:108) Average like for this file is -49.187 over 1311 frames.
LOG (transform-feats:main():transform-feats.cc:158) Overall average logdet is 0.133442 over 35689 frames.
LOG (transform-feats:main():transform-feats.cc:161) Applied transform to 20 utterances; 0 had errors.
LOG (gmm-acc-mllt:main():gmm-acc-mllt.cc:108) Average like for this file is -48.7853 over 1318 frames.
LOG (gmm-acc-mllt:main():gmm-acc-mllt.cc:108) Average like for this file is -50.0621 over 1098 frames.
LOG (transform-feats:main():transform-feats.cc:158) Overall average [pseudo-]logdet is -86.8461 over 35689 frames.
LOG (transform-feats:main():transform-feats.cc:161) Applied transform to 20 utterances; 0 had errors.
LOG (gmm-acc-mllt:main():gmm-acc-mllt.cc:108) Average like for this file is -49.2173 over 1072 frames.
LOG (gmm-acc-mllt:main():gmm-acc-mllt.cc:114) Avg like per frame so far is -50.154
LOG (gmm-acc-mllt:main():gmm-acc-mllt.cc:119) Done 20 files, 0 with no posteriors, 0 with other errors.
LOG (gmm-acc-mllt:main():gmm-acc-mllt.cc:123) Overall avg like per frame (Gaussian only) = -50.154 over 22701 frames.
LOG (gmm-acc-mllt:main():gmm-acc-mllt.cc:127) Written accs.
# Accounting: time=1 threads=1
# Ended (code 0) at Wed Jun 22 14:00:38 BRT 2016, elapsed time 1 seconds
