# ali-to-post "ark:gunzip -c exp/tri3c/ali.10.gz|" ark:- | weight-silence-post 0.0 1:2:3:4:5:6:7:8:9:10 exp/tri3c/3.mdl ark:- ark:- | gmm-acc-mllt --rand-prune=4.0 exp/tri3c/3.mdl "ark,s,cs:apply-cmvn  --utt2spk=ark:data/train/split12/10/utt2spk scp:data/train/split12/10/cmvn.scp scp:data/train/split12/10/feats.scp ark:- | transform-feats --utt2spk=ark:data/train/split12/10/utt2spk ark,s,cs:exp/tri3c/raw_trans.10 ark:- ark:- | splice-feats  ark:- ark:- | transform-feats exp/tri3c/0.mat ark:- ark:- |" ark:- exp/tri3c/3.10.macc 
# Started at Fri Jun 17 14:38:32 BRT 2016
#
weight-silence-post 0.0 1:2:3:4:5:6:7:8:9:10 exp/tri3c/3.mdl ark:- ark:- 
gmm-acc-mllt --rand-prune=4.0 exp/tri3c/3.mdl 'ark,s,cs:apply-cmvn  --utt2spk=ark:data/train/split12/10/utt2spk scp:data/train/split12/10/cmvn.scp scp:data/train/split12/10/feats.scp ark:- | transform-feats --utt2spk=ark:data/train/split12/10/utt2spk ark,s,cs:exp/tri3c/raw_trans.10 ark:- ark:- | splice-feats  ark:- ark:- | transform-feats exp/tri3c/0.mat ark:- ark:- |' ark:- exp/tri3c/3.10.macc 
ali-to-post 'ark:gunzip -c exp/tri3c/ali.10.gz|' ark:- 
apply-cmvn --utt2spk=ark:data/train/split12/10/utt2spk scp:data/train/split12/10/cmvn.scp scp:data/train/split12/10/feats.scp ark:- 
transform-feats --utt2spk=ark:data/train/split12/10/utt2spk ark,s,cs:exp/tri3c/raw_trans.10 ark:- ark:- 
splice-feats ark:- ark:- 
transform-feats exp/tri3c/0.mat ark:- ark:- 
LOG (gmm-acc-mllt:main():gmm-acc-mllt.cc:108) Average like for this file is -58.6629 over 977 frames.
LOG (gmm-acc-mllt:main():gmm-acc-mllt.cc:108) Average like for this file is -67.4606 over 702 frames.
LOG (gmm-acc-mllt:main():gmm-acc-mllt.cc:108) Average like for this file is -54.8504 over 1028 frames.
LOG (gmm-acc-mllt:main():gmm-acc-mllt.cc:108) Average like for this file is -53.7126 over 928 frames.
LOG (gmm-acc-mllt:main():gmm-acc-mllt.cc:108) Average like for this file is -56.1871 over 850 frames.
LOG (gmm-acc-mllt:main():gmm-acc-mllt.cc:108) Average like for this file is -54.7788 over 813 frames.
LOG (gmm-acc-mllt:main():gmm-acc-mllt.cc:108) Average like for this file is -55.5907 over 890 frames.
LOG (gmm-acc-mllt:main():gmm-acc-mllt.cc:108) Average like for this file is -54.4515 over 831 frames.
LOG (gmm-acc-mllt:main():gmm-acc-mllt.cc:108) Average like for this file is -54.4283 over 888 frames.
LOG (gmm-acc-mllt:main():gmm-acc-mllt.cc:108) Average like for this file is -54.5674 over 893 frames.
LOG (gmm-acc-mllt:main():gmm-acc-mllt.cc:114) Avg like per frame so far is -56.248
LOG (gmm-acc-mllt:main():gmm-acc-mllt.cc:108) Average like for this file is -54.442 over 902 frames.
LOG (gmm-acc-mllt:main():gmm-acc-mllt.cc:108) Average like for this file is -55.2608 over 973 frames.
LOG (gmm-acc-mllt:main():gmm-acc-mllt.cc:108) Average like for this file is -54.2003 over 849 frames.
LOG (ali-to-post:main():ali-to-post.cc:65) Converted 20 alignments.
LOG (gmm-acc-mllt:main():gmm-acc-mllt.cc:108) Average like for this file is -54.9524 over 890 frames.
LOG (gmm-acc-mllt:main():gmm-acc-mllt.cc:108) Average like for this file is -55.4631 over 963 frames.
LOG (gmm-acc-mllt:main():gmm-acc-mllt.cc:108) Average like for this file is -55.8659 over 882 frames.
LOG (weight-silence-post:main():weight-silence-post.cc:95) Done 20 posteriors.
LOG (apply-cmvn:main():apply-cmvn.cc:146) Applied cepstral mean normalization to 20 utterances, errors on 0
LOG (gmm-acc-mllt:main():gmm-acc-mllt.cc:108) Average like for this file is -55.0646 over 1015 frames.
LOG (transform-feats:main():transform-feats.cc:158) Overall average logdet is -0.288815 over 33790 frames.
LOG (transform-feats:main():transform-feats.cc:161) Applied transform to 20 utterances; 0 had errors.
LOG (gmm-acc-mllt:main():gmm-acc-mllt.cc:108) Average like for this file is -54.2037 over 884 frames.
LOG (gmm-acc-mllt:main():gmm-acc-mllt.cc:108) Average like for this file is -54.4738 over 791 frames.
LOG (transform-feats:main():transform-feats.cc:158) Overall average [pseudo-]logdet is -89.5842 over 33790 frames.
LOG (transform-feats:main():transform-feats.cc:161) Applied transform to 20 utterances; 0 had errors.
LOG (gmm-acc-mllt:main():gmm-acc-mllt.cc:108) Average like for this file is -54.1052 over 933 frames.
LOG (gmm-acc-mllt:main():gmm-acc-mllt.cc:114) Avg like per frame so far is -55.5219
LOG (gmm-acc-mllt:main():gmm-acc-mllt.cc:119) Done 20 files, 0 with no posteriors, 0 with other errors.
LOG (gmm-acc-mllt:main():gmm-acc-mllt.cc:123) Overall avg like per frame (Gaussian only) = -55.5219 over 17882 frames.
LOG (gmm-acc-mllt:main():gmm-acc-mllt.cc:127) Written accs.
# Accounting: time=0 threads=1
# Ended (code 0) at Fri Jun 17 14:38:32 BRT 2016, elapsed time 0 seconds
