# ali-to-post "ark:gunzip -c exp/tri3c/ali.13.gz|" ark:- | weight-silence-post 0.0 1:2:3:4:5:6:7:8:9:10 exp/tri3c/10.mdl ark:- ark:- | gmm-acc-mllt --rand-prune=4.0 exp/tri3c/10.mdl "ark,s,cs:apply-cmvn  --utt2spk=ark:data/train/split16/13/utt2spk scp:data/train/split16/13/cmvn.scp scp:data/train/split16/13/feats.scp ark:- | transform-feats --utt2spk=ark:data/train/split16/13/utt2spk ark,s,cs:exp/tri3c/raw_trans.13 ark:- ark:- | splice-feats  ark:- ark:- | transform-feats exp/tri3c/7.mat ark:- ark:- |" ark:- exp/tri3c/10.13.macc 
# Started at Wed Jun 22 14:00:58 BRT 2016
#
gmm-acc-mllt --rand-prune=4.0 exp/tri3c/10.mdl 'ark,s,cs:apply-cmvn  --utt2spk=ark:data/train/split16/13/utt2spk scp:data/train/split16/13/cmvn.scp scp:data/train/split16/13/feats.scp ark:- | transform-feats --utt2spk=ark:data/train/split16/13/utt2spk ark,s,cs:exp/tri3c/raw_trans.13 ark:- ark:- | splice-feats  ark:- ark:- | transform-feats exp/tri3c/7.mat ark:- ark:- |' ark:- exp/tri3c/10.13.macc 
weight-silence-post 0.0 1:2:3:4:5:6:7:8:9:10 exp/tri3c/10.mdl ark:- ark:- 
ali-to-post 'ark:gunzip -c exp/tri3c/ali.13.gz|' ark:- 
splice-feats ark:- ark:- 
transform-feats exp/tri3c/7.mat ark:- ark:- 
transform-feats --utt2spk=ark:data/train/split16/13/utt2spk ark,s,cs:exp/tri3c/raw_trans.13 ark:- ark:- 
apply-cmvn --utt2spk=ark:data/train/split16/13/utt2spk scp:data/train/split16/13/cmvn.scp scp:data/train/split16/13/feats.scp ark:- 
LOG (gmm-acc-mllt:main():gmm-acc-mllt.cc:108) Average like for this file is -49.6386 over 1109 frames.
LOG (gmm-acc-mllt:main():gmm-acc-mllt.cc:108) Average like for this file is -48.0858 over 1193 frames.
LOG (gmm-acc-mllt:main():gmm-acc-mllt.cc:108) Average like for this file is -48.3249 over 1173 frames.
LOG (gmm-acc-mllt:main():gmm-acc-mllt.cc:108) Average like for this file is -50.4267 over 1113 frames.
LOG (gmm-acc-mllt:main():gmm-acc-mllt.cc:108) Average like for this file is -48.5931 over 1124 frames.
LOG (gmm-acc-mllt:main():gmm-acc-mllt.cc:108) Average like for this file is -50.457 over 1156 frames.
LOG (gmm-acc-mllt:main():gmm-acc-mllt.cc:108) Average like for this file is -50.1748 over 1174 frames.
LOG (gmm-acc-mllt:main():gmm-acc-mllt.cc:108) Average like for this file is -50.6537 over 1111 frames.
LOG (gmm-acc-mllt:main():gmm-acc-mllt.cc:108) Average like for this file is -50.3493 over 1199 frames.
LOG (gmm-acc-mllt:main():gmm-acc-mllt.cc:108) Average like for this file is -49.9269 over 1133 frames.
LOG (gmm-acc-mllt:main():gmm-acc-mllt.cc:114) Avg like per frame so far is -49.6552
LOG (gmm-acc-mllt:main():gmm-acc-mllt.cc:108) Average like for this file is -49.3588 over 1005 frames.
LOG (gmm-acc-mllt:main():gmm-acc-mllt.cc:108) Average like for this file is -50.3214 over 1219 frames.
LOG (gmm-acc-mllt:main():gmm-acc-mllt.cc:108) Average like for this file is -48.9452 over 1037 frames.
LOG (gmm-acc-mllt:main():gmm-acc-mllt.cc:108) Average like for this file is -49.6183 over 1059 frames.
LOG (ali-to-post:main():ali-to-post.cc:65) Converted 20 alignments.
LOG (gmm-acc-mllt:main():gmm-acc-mllt.cc:108) Average like for this file is -50.0531 over 1045 frames.
LOG (gmm-acc-mllt:main():gmm-acc-mllt.cc:108) Average like for this file is -52.2483 over 1065 frames.
LOG (apply-cmvn:main():apply-cmvn.cc:146) Applied cepstral mean normalization to 20 utterances, errors on 0
LOG (weight-silence-post:main():weight-silence-post.cc:95) Done 20 posteriors.
LOG (gmm-acc-mllt:main():gmm-acc-mllt.cc:108) Average like for this file is -49.6908 over 1173 frames.
LOG (transform-feats:main():transform-feats.cc:158) Overall average logdet is 0.00857205 over 36833 frames.
LOG (transform-feats:main():transform-feats.cc:161) Applied transform to 20 utterances; 0 had errors.
LOG (gmm-acc-mllt:main():gmm-acc-mllt.cc:108) Average like for this file is -47.8591 over 1094 frames.
LOG (gmm-acc-mllt:main():gmm-acc-mllt.cc:108) Average like for this file is -48.2569 over 1067 frames.
LOG (transform-feats:main():transform-feats.cc:158) Overall average [pseudo-]logdet is -86.4314 over 36833 frames.
LOG (transform-feats:main():transform-feats.cc:161) Applied transform to 20 utterances; 0 had errors.
LOG (gmm-acc-mllt:main():gmm-acc-mllt.cc:108) Average like for this file is -49.3316 over 1232 frames.
LOG (gmm-acc-mllt:main():gmm-acc-mllt.cc:114) Avg like per frame so far is -49.6153
LOG (gmm-acc-mllt:main():gmm-acc-mllt.cc:119) Done 20 files, 0 with no posteriors, 0 with other errors.
LOG (gmm-acc-mllt:main():gmm-acc-mllt.cc:123) Overall avg like per frame (Gaussian only) = -49.6153 over 22481 frames.
LOG (gmm-acc-mllt:main():gmm-acc-mllt.cc:127) Written accs.
# Accounting: time=1 threads=1
# Ended (code 0) at Wed Jun 22 14:00:59 BRT 2016, elapsed time 1 seconds
