# ali-to-post "ark:gunzip -c exp/tri3c/ali.2.gz|" ark:- | weight-silence-post 0.0 1:2:3:4:5:6:7:8:9:10 exp/tri3c/3.mdl ark:- ark:- | gmm-acc-mllt --rand-prune=4.0 exp/tri3c/3.mdl "ark,s,cs:apply-cmvn  --utt2spk=ark:data/train/split12/2/utt2spk scp:data/train/split12/2/cmvn.scp scp:data/train/split12/2/feats.scp ark:- | transform-feats --utt2spk=ark:data/train/split12/2/utt2spk ark,s,cs:exp/tri3c/raw_trans.2 ark:- ark:- | splice-feats  ark:- ark:- | transform-feats exp/tri3c/0.mat ark:- ark:- |" ark:- exp/tri3c/3.2.macc 
# Started at Fri Jun 17 14:38:31 BRT 2016
#
ali-to-post 'ark:gunzip -c exp/tri3c/ali.2.gz|' ark:- 
weight-silence-post 0.0 1:2:3:4:5:6:7:8:9:10 exp/tri3c/3.mdl ark:- ark:- 
gmm-acc-mllt --rand-prune=4.0 exp/tri3c/3.mdl 'ark,s,cs:apply-cmvn  --utt2spk=ark:data/train/split12/2/utt2spk scp:data/train/split12/2/cmvn.scp scp:data/train/split12/2/feats.scp ark:- | transform-feats --utt2spk=ark:data/train/split12/2/utt2spk ark,s,cs:exp/tri3c/raw_trans.2 ark:- ark:- | splice-feats  ark:- ark:- | transform-feats exp/tri3c/0.mat ark:- ark:- |' ark:- exp/tri3c/3.2.macc 
apply-cmvn --utt2spk=ark:data/train/split12/2/utt2spk scp:data/train/split12/2/cmvn.scp scp:data/train/split12/2/feats.scp ark:- 
transform-feats --utt2spk=ark:data/train/split12/2/utt2spk ark,s,cs:exp/tri3c/raw_trans.2 ark:- ark:- 
transform-feats exp/tri3c/0.mat ark:- ark:- 
splice-feats ark:- ark:- 
LOG (gmm-acc-mllt:main():gmm-acc-mllt.cc:108) Average like for this file is -50.82 over 1047 frames.
LOG (gmm-acc-mllt:main():gmm-acc-mllt.cc:108) Average like for this file is -52.201 over 1150 frames.
LOG (gmm-acc-mllt:main():gmm-acc-mllt.cc:108) Average like for this file is -51.413 over 1223 frames.
LOG (gmm-acc-mllt:main():gmm-acc-mllt.cc:108) Average like for this file is -50.7127 over 1248 frames.
LOG (gmm-acc-mllt:main():gmm-acc-mllt.cc:108) Average like for this file is -52.1492 over 1117 frames.
LOG (gmm-acc-mllt:main():gmm-acc-mllt.cc:108) Average like for this file is -50.6599 over 1330 frames.
LOG (gmm-acc-mllt:main():gmm-acc-mllt.cc:108) Average like for this file is -52.985 over 1143 frames.
LOG (gmm-acc-mllt:main():gmm-acc-mllt.cc:108) Average like for this file is -52.342 over 1112 frames.
LOG (gmm-acc-mllt:main():gmm-acc-mllt.cc:108) Average like for this file is -52.1032 over 1065 frames.
LOG (gmm-acc-mllt:main():gmm-acc-mllt.cc:108) Average like for this file is -53.0632 over 1143 frames.
LOG (gmm-acc-mllt:main():gmm-acc-mllt.cc:114) Avg like per frame so far is -51.8175
LOG (gmm-acc-mllt:main():gmm-acc-mllt.cc:108) Average like for this file is -51.2415 over 1308 frames.
LOG (gmm-acc-mllt:main():gmm-acc-mllt.cc:108) Average like for this file is -51.4174 over 1133 frames.
LOG (gmm-acc-mllt:main():gmm-acc-mllt.cc:108) Average like for this file is -52.8548 over 982 frames.
LOG (gmm-acc-mllt:main():gmm-acc-mllt.cc:108) Average like for this file is -51.0846 over 1153 frames.
LOG (ali-to-post:main():ali-to-post.cc:65) Converted 20 alignments.
LOG (gmm-acc-mllt:main():gmm-acc-mllt.cc:108) Average like for this file is -50.1577 over 1346 frames.
LOG (gmm-acc-mllt:main():gmm-acc-mllt.cc:108) Average like for this file is -52.3832 over 1060 frames.
LOG (apply-cmvn:main():apply-cmvn.cc:146) Applied cepstral mean normalization to 20 utterances, errors on 0
LOG (weight-silence-post:main():weight-silence-post.cc:95) Done 20 posteriors.
LOG (gmm-acc-mllt:main():gmm-acc-mllt.cc:108) Average like for this file is -51.4811 over 1358 frames.
LOG (transform-feats:main():transform-feats.cc:158) Overall average logdet is 0.436174 over 35689 frames.
LOG (transform-feats:main():transform-feats.cc:161) Applied transform to 20 utterances; 0 had errors.
LOG (gmm-acc-mllt:main():gmm-acc-mllt.cc:108) Average like for this file is -51.9899 over 1163 frames.
LOG (gmm-acc-mllt:main():gmm-acc-mllt.cc:108) Average like for this file is -51.8426 over 1071 frames.
LOG (transform-feats:main():transform-feats.cc:158) Overall average [pseudo-]logdet is -89.5842 over 35689 frames.
LOG (transform-feats:main():transform-feats.cc:161) Applied transform to 20 utterances; 0 had errors.
LOG (gmm-acc-mllt:main():gmm-acc-mllt.cc:108) Average like for this file is -50.6754 over 1117 frames.
LOG (gmm-acc-mllt:main():gmm-acc-mllt.cc:114) Avg like per frame so far is -51.6382
LOG (gmm-acc-mllt:main():gmm-acc-mllt.cc:119) Done 20 files, 0 with no posteriors, 0 with other errors.
LOG (gmm-acc-mllt:main():gmm-acc-mllt.cc:123) Overall avg like per frame (Gaussian only) = -51.6382 over 23269 frames.
LOG (gmm-acc-mllt:main():gmm-acc-mllt.cc:127) Written accs.
# Accounting: time=1 threads=1
# Ended (code 0) at Fri Jun 17 14:38:32 BRT 2016, elapsed time 1 seconds
