# ali-to-post "ark:gunzip -c exp/tri3c/ali.14.gz|" ark:- | weight-silence-post 0.0 1:2:3:4:5:6:7:8:9:10 exp/tri3c/5.mdl ark:- ark:- | gmm-acc-mllt --rand-prune=4.0 exp/tri3c/5.mdl "ark,s,cs:apply-cmvn  --utt2spk=ark:data/train/split16/14/utt2spk scp:data/train/split16/14/cmvn.scp scp:data/train/split16/14/feats.scp ark:- | transform-feats --utt2spk=ark:data/train/split16/14/utt2spk ark,s,cs:exp/tri3c/raw_trans.14 ark:- ark:- | splice-feats  ark:- ark:- | transform-feats exp/tri3c/3.mat ark:- ark:- |" ark:- exp/tri3c/5.14.macc 
# Started at Wed Jun 22 13:59:41 BRT 2016
#
weight-silence-post 0.0 1:2:3:4:5:6:7:8:9:10 exp/tri3c/5.mdl ark:- ark:- 
gmm-acc-mllt --rand-prune=4.0 exp/tri3c/5.mdl 'ark,s,cs:apply-cmvn  --utt2spk=ark:data/train/split16/14/utt2spk scp:data/train/split16/14/cmvn.scp scp:data/train/split16/14/feats.scp ark:- | transform-feats --utt2spk=ark:data/train/split16/14/utt2spk ark,s,cs:exp/tri3c/raw_trans.14 ark:- ark:- | splice-feats  ark:- ark:- | transform-feats exp/tri3c/3.mat ark:- ark:- |' ark:- exp/tri3c/5.14.macc 
ali-to-post 'ark:gunzip -c exp/tri3c/ali.14.gz|' ark:- 
apply-cmvn --utt2spk=ark:data/train/split16/14/utt2spk scp:data/train/split16/14/cmvn.scp scp:data/train/split16/14/feats.scp ark:- 
transform-feats exp/tri3c/3.mat ark:- ark:- 
transform-feats --utt2spk=ark:data/train/split16/14/utt2spk ark,s,cs:exp/tri3c/raw_trans.14 ark:- ark:- 
splice-feats ark:- ark:- 
LOG (gmm-acc-mllt:main():gmm-acc-mllt.cc:108) Average like for this file is -57.9322 over 974 frames.
LOG (gmm-acc-mllt:main():gmm-acc-mllt.cc:108) Average like for this file is -66.2908 over 677 frames.
LOG (gmm-acc-mllt:main():gmm-acc-mllt.cc:108) Average like for this file is -54.2996 over 1033 frames.
LOG (gmm-acc-mllt:main():gmm-acc-mllt.cc:108) Average like for this file is -52.4835 over 931 frames.
LOG (gmm-acc-mllt:main():gmm-acc-mllt.cc:108) Average like for this file is -55.426 over 849 frames.
LOG (gmm-acc-mllt:main():gmm-acc-mllt.cc:108) Average like for this file is -54.1326 over 821 frames.
LOG (gmm-acc-mllt:main():gmm-acc-mllt.cc:108) Average like for this file is -54.7921 over 859 frames.
LOG (gmm-acc-mllt:main():gmm-acc-mllt.cc:108) Average like for this file is -54.2162 over 811 frames.
LOG (gmm-acc-mllt:main():gmm-acc-mllt.cc:108) Average like for this file is -53.6162 over 882 frames.
LOG (gmm-acc-mllt:main():gmm-acc-mllt.cc:108) Average like for this file is -54.1931 over 872 frames.
LOG (gmm-acc-mllt:main():gmm-acc-mllt.cc:114) Avg like per frame so far is -55.4989
LOG (gmm-acc-mllt:main():gmm-acc-mllt.cc:108) Average like for this file is -53.894 over 898 frames.
LOG (gmm-acc-mllt:main():gmm-acc-mllt.cc:108) Average like for this file is -54.1774 over 969 frames.
LOG (gmm-acc-mllt:main():gmm-acc-mllt.cc:108) Average like for this file is -53.731 over 851 frames.
LOG (ali-to-post:main():ali-to-post.cc:65) Converted 20 alignments.
LOG (gmm-acc-mllt:main():gmm-acc-mllt.cc:108) Average like for this file is -53.8761 over 892 frames.
LOG (gmm-acc-mllt:main():gmm-acc-mllt.cc:108) Average like for this file is -54.6186 over 998 frames.
LOG (gmm-acc-mllt:main():gmm-acc-mllt.cc:108) Average like for this file is -55.0468 over 886 frames.
LOG (apply-cmvn:main():apply-cmvn.cc:146) Applied cepstral mean normalization to 20 utterances, errors on 0
LOG (weight-silence-post:main():weight-silence-post.cc:95) Done 20 posteriors.
LOG (gmm-acc-mllt:main():gmm-acc-mllt.cc:108) Average like for this file is -55.0857 over 1019 frames.
LOG (transform-feats:main():transform-feats.cc:158) Overall average logdet is -0.555648 over 33790 frames.
LOG (transform-feats:main():transform-feats.cc:161) Applied transform to 20 utterances; 0 had errors.
LOG (gmm-acc-mllt:main():gmm-acc-mllt.cc:108) Average like for this file is -53.027 over 863 frames.
LOG (gmm-acc-mllt:main():gmm-acc-mllt.cc:108) Average like for this file is -53.5806 over 821 frames.
LOG (transform-feats:main():transform-feats.cc:158) Overall average [pseudo-]logdet is -87.5441 over 33790 frames.
LOG (transform-feats:main():transform-feats.cc:161) Applied transform to 20 utterances; 0 had errors.
LOG (gmm-acc-mllt:main():gmm-acc-mllt.cc:108) Average like for this file is -53.7955 over 931 frames.
LOG (gmm-acc-mllt:main():gmm-acc-mllt.cc:114) Avg like per frame so far is -54.7887
LOG (gmm-acc-mllt:main():gmm-acc-mllt.cc:119) Done 20 files, 0 with no posteriors, 0 with other errors.
LOG (gmm-acc-mllt:main():gmm-acc-mllt.cc:123) Overall avg like per frame (Gaussian only) = -54.7887 over 17837 frames.
LOG (gmm-acc-mllt:main():gmm-acc-mllt.cc:127) Written accs.
# Accounting: time=0 threads=1
# Ended (code 0) at Wed Jun 22 13:59:41 BRT 2016, elapsed time 0 seconds
