# gmm-est --power=0.2 --write-occs=exp/tri3c/10.occs --mix-up=4104 exp/tri3c/9.mdl "gmm-sum-accs - exp/tri3c/9.*.acc |" exp/tri3c/10.mdl 
# Started at Tue Aug  2 16:06:28 BRT 2016
#
gmm-est --power=0.2 --write-occs=exp/tri3c/10.occs --mix-up=4104 exp/tri3c/9.mdl 'gmm-sum-accs - exp/tri3c/9.*.acc |' exp/tri3c/10.mdl 
gmm-sum-accs - exp/tri3c/9.1.acc exp/tri3c/9.10.acc exp/tri3c/9.11.acc exp/tri3c/9.12.acc exp/tri3c/9.13.acc exp/tri3c/9.14.acc exp/tri3c/9.15.acc exp/tri3c/9.16.acc exp/tri3c/9.2.acc exp/tri3c/9.3.acc exp/tri3c/9.4.acc exp/tri3c/9.5.acc exp/tri3c/9.6.acc exp/tri3c/9.7.acc exp/tri3c/9.8.acc exp/tri3c/9.9.acc 
LOG (gmm-sum-accs:main():gmm-sum-accs.cc:63) Summed 16 stats, total count 788946, avg like/frame -45.6103
LOG (gmm-sum-accs:main():gmm-sum-accs.cc:66) Total count of stats is 788946
LOG (gmm-sum-accs:main():gmm-sum-accs.cc:67) Written stats to -
LOG (gmm-est:MleUpdate():transition-model.cc:393) TransitionModel::Update, objf change is 0 per frame over 788946 frames. 
LOG (gmm-est:MleUpdate():transition-model.cc:396) 162 probabilities floored, 3825 out of 5726 transition-states skipped due to insuffient data (it is normal to have some skipped.)
LOG (gmm-est:main():gmm-est.cc:102) Transition model update: Overall 0 log-like improvement per frame over 788946 frames.
WARNING (gmm-est:MleDiagGmmUpdate():mle-diag-gmm.cc:365) Gaussian has too little data but not removing it because it is the last Gaussian: i = 0, occ = 0, weight = 1
LOG (gmm-est:MleAmDiagGmmUpdate():mle-am-diag-gmm.cc:225) 0 variance elements floored in 0 Gaussians, out of 3816
LOG (gmm-est:MleAmDiagGmmUpdate():mle-am-diag-gmm.cc:229) Removed 0 Gaussians due to counts < --min-gaussian-occupancy=10 and --remove-low-count-gaussians=true
LOG (gmm-est:main():gmm-est.cc:113) GMM update: Overall 0.0942479 objective function improvement per frame over 788946 frames
LOG (gmm-est:main():gmm-est.cc:116) GMM update: Overall avg like per frame = -45.6103 over 788946 frames.
LOG (gmm-est:SplitByCount():am-diag-gmm.cc:116) Split 1488 states with target = 4104, power = 0.2, perturb_factor = 0.01 and min_count = 20, split #Gauss from 3816 to 4104
LOG (gmm-est:main():gmm-est.cc:146) Written model to exp/tri3c/10.mdl
# Accounting: time=0 threads=1
# Ended (code 0) at Tue Aug  2 16:06:28 BRT 2016, elapsed time 0 seconds
