# gmm-est --power=0.2 --write-occs=exp/tri3c/8.occs --mix-up=3528 exp/tri3c/7.mdl "gmm-sum-accs - exp/tri3c/7.*.acc |" exp/tri3c/8.mdl 
# Started at Fri Jun 17 14:39:39 BRT 2016
#
gmm-est --power=0.2 --write-occs=exp/tri3c/8.occs --mix-up=3528 exp/tri3c/7.mdl 'gmm-sum-accs - exp/tri3c/7.*.acc |' exp/tri3c/8.mdl 
gmm-sum-accs - exp/tri3c/7.1.acc exp/tri3c/7.10.acc exp/tri3c/7.11.acc exp/tri3c/7.12.acc exp/tri3c/7.2.acc exp/tri3c/7.3.acc exp/tri3c/7.4.acc exp/tri3c/7.5.acc exp/tri3c/7.6.acc exp/tri3c/7.7.acc exp/tri3c/7.8.acc exp/tri3c/7.9.acc 
LOG (gmm-sum-accs:main():gmm-sum-accs.cc:63) Summed 12 stats, total count 387116, avg like/frame -46.0858
LOG (gmm-sum-accs:main():gmm-sum-accs.cc:66) Total count of stats is 387116
LOG (gmm-sum-accs:main():gmm-sum-accs.cc:67) Written stats to -
LOG (gmm-est:MleUpdate():transition-model.cc:393) TransitionModel::Update, objf change is 0 per frame over 387116 frames. 
LOG (gmm-est:MleUpdate():transition-model.cc:396) 253 probabilities floored, 3956 out of 5771 transition-states skipped due to insuffient data (it is normal to have some skipped.)
LOG (gmm-est:main():gmm-est.cc:102) Transition model update: Overall 0 log-like improvement per frame over 387116 frames.
WARNING (gmm-est:MleDiagGmmUpdate():mle-diag-gmm.cc:365) Gaussian has too little data but not removing it because it is the last Gaussian: i = 0, occ = 0, weight = 1
WARNING (gmm-est:MleDiagGmmUpdate():mle-diag-gmm.cc:359) Too little data - removing Gaussian (weight 0.195158, occupation count 9.757915, vector size 40)
WARNING (gmm-est:MleDiagGmmUpdate():mle-diag-gmm.cc:365) Gaussian has too little data but not removing it because it is the last Gaussian: i = 0, occ = 0, weight = 1
LOG (gmm-est:MleAmDiagGmmUpdate():mle-am-diag-gmm.cc:225) 0 variance elements floored in 0 Gaussians, out of 3239
LOG (gmm-est:MleAmDiagGmmUpdate():mle-am-diag-gmm.cc:229) Removed 1 Gaussians due to counts < --min-gaussian-occupancy=10 and --remove-low-count-gaussians=true
LOG (gmm-est:main():gmm-est.cc:113) GMM update: Overall 0.239966 objective function improvement per frame over 387116 frames
LOG (gmm-est:main():gmm-est.cc:116) GMM update: Overall avg like per frame = -46.0858 over 387116 frames.
LOG (gmm-est:SplitByCount():am-diag-gmm.cc:116) Split 1391 states with target = 3528, power = 0.2, perturb_factor = 0.01 and min_count = 20, split #Gauss from 3239 to 3528
LOG (gmm-est:main():gmm-est.cc:146) Written model to exp/tri3c/8.mdl
# Accounting: time=0 threads=1
# Ended (code 0) at Fri Jun 17 14:39:39 BRT 2016, elapsed time 0 seconds
