# gmm-est --power=0.2 --write-occs=exp/tri3c/3.occs --mix-up=2088 exp/tri3c/2.mdl "gmm-sum-accs - exp/tri3c/2.*.acc |" exp/tri3c/3.mdl 
# Started at Wed Jun 22 13:58:41 BRT 2016
#
gmm-est --power=0.2 --write-occs=exp/tri3c/3.occs --mix-up=2088 exp/tri3c/2.mdl 'gmm-sum-accs - exp/tri3c/2.*.acc |' exp/tri3c/3.mdl 
gmm-sum-accs - exp/tri3c/2.1.acc exp/tri3c/2.10.acc exp/tri3c/2.11.acc exp/tri3c/2.12.acc exp/tri3c/2.13.acc exp/tri3c/2.14.acc exp/tri3c/2.15.acc exp/tri3c/2.16.acc exp/tri3c/2.2.acc exp/tri3c/2.3.acc exp/tri3c/2.4.acc exp/tri3c/2.5.acc exp/tri3c/2.6.acc exp/tri3c/2.7.acc exp/tri3c/2.8.acc exp/tri3c/2.9.acc 
LOG (gmm-sum-accs:main():gmm-sum-accs.cc:63) Summed 16 stats, total count 536365, avg like/frame -47.8282
LOG (gmm-sum-accs:main():gmm-sum-accs.cc:66) Total count of stats is 536365
LOG (gmm-sum-accs:main():gmm-sum-accs.cc:67) Written stats to -
LOG (gmm-est:MleUpdate():transition-model.cc:393) TransitionModel::Update, objf change is 0 per frame over 536365 frames. 
LOG (gmm-est:MleUpdate():transition-model.cc:396) 263 probabilities floored, 4139 out of 6005 transition-states skipped due to insuffient data (it is normal to have some skipped.)
LOG (gmm-est:main():gmm-est.cc:102) Transition model update: Overall 0 log-like improvement per frame over 536365 frames.
WARNING (gmm-est:MleDiagGmmUpdate():mle-diag-gmm.cc:365) Gaussian has too little data but not removing it because it is the last Gaussian: i = 0, occ = 0, weight = 1
LOG (gmm-est:MleAmDiagGmmUpdate():mle-am-diag-gmm.cc:225) 0 variance elements floored in 0 Gaussians, out of 1800
LOG (gmm-est:MleAmDiagGmmUpdate():mle-am-diag-gmm.cc:229) Removed 0 Gaussians due to counts < --min-gaussian-occupancy=10 and --remove-low-count-gaussians=true
LOG (gmm-est:main():gmm-est.cc:113) GMM update: Overall 0.150283 objective function improvement per frame over 536365 frames
LOG (gmm-est:main():gmm-est.cc:116) GMM update: Overall avg like per frame = -47.8282 over 536365 frames.
LOG (gmm-est:SplitByCount():am-diag-gmm.cc:116) Split 1405 states with target = 2088, power = 0.2, perturb_factor = 0.01 and min_count = 20, split #Gauss from 1800 to 2088
LOG (gmm-est:main():gmm-est.cc:146) Written model to exp/tri3c/3.mdl
# Accounting: time=1 threads=1
# Ended (code 0) at Wed Jun 22 13:58:42 BRT 2016, elapsed time 1 seconds
