# gmm-est --power=0.2 --write-occs=exp/tri3c/11.occs --mix-up=4392 exp/tri3c/10.mdl "gmm-sum-accs - exp/tri3c/10.*.acc |" exp/tri3c/11.mdl 
# Started at Fri Jun 17 14:39:51 BRT 2016
#
gmm-est --power=0.2 --write-occs=exp/tri3c/11.occs --mix-up=4392 exp/tri3c/10.mdl 'gmm-sum-accs - exp/tri3c/10.*.acc |' exp/tri3c/11.mdl 
gmm-sum-accs - exp/tri3c/10.1.acc exp/tri3c/10.10.acc exp/tri3c/10.11.acc exp/tri3c/10.12.acc exp/tri3c/10.2.acc exp/tri3c/10.3.acc exp/tri3c/10.4.acc exp/tri3c/10.5.acc exp/tri3c/10.6.acc exp/tri3c/10.7.acc exp/tri3c/10.8.acc exp/tri3c/10.9.acc 
LOG (gmm-sum-accs:main():gmm-sum-accs.cc:63) Summed 12 stats, total count 387116, avg like/frame -45.2416
LOG (gmm-sum-accs:main():gmm-sum-accs.cc:66) Total count of stats is 387116
LOG (gmm-sum-accs:main():gmm-sum-accs.cc:67) Written stats to -
LOG (gmm-est:MleUpdate():transition-model.cc:393) TransitionModel::Update, objf change is 0.000634697 per frame over 387116 frames. 
LOG (gmm-est:MleUpdate():transition-model.cc:396) 256 probabilities floored, 3955 out of 5771 transition-states skipped due to insuffient data (it is normal to have some skipped.)
LOG (gmm-est:main():gmm-est.cc:102) Transition model update: Overall 0.000634697 log-like improvement per frame over 387116 frames.
WARNING (gmm-est:MleDiagGmmUpdate():mle-diag-gmm.cc:365) Gaussian has too little data but not removing it because it is the last Gaussian: i = 0, occ = 0, weight = 1
WARNING (gmm-est:MleDiagGmmUpdate():mle-diag-gmm.cc:359) Too little data - removing Gaussian (weight 0.021407, occupation count 2.033629, vector size 40)
WARNING (gmm-est:MleDiagGmmUpdate():mle-diag-gmm.cc:365) Gaussian has too little data but not removing it because it is the last Gaussian: i = 0, occ = 2, weight = 1
LOG (gmm-est:MleAmDiagGmmUpdate():mle-am-diag-gmm.cc:225) 0 variance elements floored in 0 Gaussians, out of 4103
LOG (gmm-est:MleAmDiagGmmUpdate():mle-am-diag-gmm.cc:229) Removed 1 Gaussians due to counts < --min-gaussian-occupancy=10 and --remove-low-count-gaussians=true
LOG (gmm-est:main():gmm-est.cc:113) GMM update: Overall 0.290756 objective function improvement per frame over 387116 frames
LOG (gmm-est:main():gmm-est.cc:116) GMM update: Overall avg like per frame = -45.2416 over 387116 frames.
LOG (gmm-est:SplitByCount():am-diag-gmm.cc:116) Split 1391 states with target = 4392, power = 0.2, perturb_factor = 0.01 and min_count = 20, split #Gauss from 4103 to 4397
LOG (gmm-est:main():gmm-est.cc:146) Written model to exp/tri3c/11.mdl
# Accounting: time=0 threads=1
# Ended (code 0) at Fri Jun 17 14:39:51 BRT 2016, elapsed time 0 seconds
