# gmm-est --power=0.2 --write-occs=exp/tri3c/18.occs --mix-up=6408 exp/tri3c/17.mdl "gmm-sum-accs - exp/tri3c/17.*.acc |" exp/tri3c/18.mdl 
# Started at Fri Jun 17 14:40:38 BRT 2016
#
gmm-est --power=0.2 --write-occs=exp/tri3c/18.occs --mix-up=6408 exp/tri3c/17.mdl 'gmm-sum-accs - exp/tri3c/17.*.acc |' exp/tri3c/18.mdl 
gmm-sum-accs - exp/tri3c/17.1.acc exp/tri3c/17.10.acc exp/tri3c/17.11.acc exp/tri3c/17.12.acc exp/tri3c/17.2.acc exp/tri3c/17.3.acc exp/tri3c/17.4.acc exp/tri3c/17.5.acc exp/tri3c/17.6.acc exp/tri3c/17.7.acc exp/tri3c/17.8.acc exp/tri3c/17.9.acc 
LOG (gmm-sum-accs:main():gmm-sum-accs.cc:63) Summed 12 stats, total count 387116, avg like/frame -43.7535
LOG (gmm-sum-accs:main():gmm-sum-accs.cc:66) Total count of stats is 387116
LOG (gmm-sum-accs:main():gmm-sum-accs.cc:67) Written stats to -
LOG (gmm-est:MleUpdate():transition-model.cc:393) TransitionModel::Update, objf change is 4.61913e-12 per frame over 387116 frames. 
LOG (gmm-est:MleUpdate():transition-model.cc:396) 256 probabilities floored, 3955 out of 5771 transition-states skipped due to insuffient data (it is normal to have some skipped.)
LOG (gmm-est:main():gmm-est.cc:102) Transition model update: Overall 4.61913e-12 log-like improvement per frame over 387116 frames.
WARNING (gmm-est:MleDiagGmmUpdate():mle-diag-gmm.cc:365) Gaussian has too little data but not removing it because it is the last Gaussian: i = 0, occ = 0, weight = 1
WARNING (gmm-est:MleDiagGmmUpdate():mle-diag-gmm.cc:359) Too little data - removing Gaussian (weight 0.098673, occupation count 9.077892, vector size 40)
WARNING (gmm-est:MleDiagGmmUpdate():mle-diag-gmm.cc:359) Too little data - removing Gaussian (weight 0.094225, occupation count 9.987870, vector size 40)
WARNING (gmm-est:MleDiagGmmUpdate():mle-diag-gmm.cc:359) Too little data - removing Gaussian (weight 0.081105, occupation count 9.002617, vector size 40)
WARNING (gmm-est:MleDiagGmmUpdate():mle-diag-gmm.cc:359) Too little data - removing Gaussian (weight 0.117870, occupation count 9.665320, vector size 40)
WARNING (gmm-est:MleDiagGmmUpdate():mle-diag-gmm.cc:359) Too little data - removing Gaussian (weight 0.114311, occupation count 9.259186, vector size 40)
WARNING (gmm-est:MleDiagGmmUpdate():mle-diag-gmm.cc:365) Gaussian has too little data but not removing it because it is the last Gaussian: i = 0, occ = 2, weight = 1
LOG (gmm-est:MleAmDiagGmmUpdate():mle-am-diag-gmm.cc:225) 0 variance elements floored in 0 Gaussians, out of 6120
LOG (gmm-est:MleAmDiagGmmUpdate():mle-am-diag-gmm.cc:229) Removed 5 Gaussians due to counts < --min-gaussian-occupancy=10 and --remove-low-count-gaussians=true
LOG (gmm-est:main():gmm-est.cc:113) GMM update: Overall 0.0911876 objective function improvement per frame over 387116 frames
LOG (gmm-est:main():gmm-est.cc:116) GMM update: Overall avg like per frame = -43.7535 over 387116 frames.
LOG (gmm-est:SplitByCount():am-diag-gmm.cc:116) Split 1391 states with target = 6408, power = 0.2, perturb_factor = 0.01 and min_count = 20, split #Gauss from 6120 to 6413
LOG (gmm-est:main():gmm-est.cc:146) Written model to exp/tri3c/18.mdl
# Accounting: time=1 threads=1
# Ended (code 0) at Fri Jun 17 14:40:39 BRT 2016, elapsed time 1 seconds
