# gmm-est --power=0.2 --write-occs=exp/tri3c/25.occs --mix-up=8424 exp/tri3c/24.mdl "gmm-sum-accs - exp/tri3c/24.*.acc |" exp/tri3c/25.mdl 
# Started at Wed Jun 22 14:03:12 BRT 2016
#
gmm-est --power=0.2 --write-occs=exp/tri3c/25.occs --mix-up=8424 exp/tri3c/24.mdl 'gmm-sum-accs - exp/tri3c/24.*.acc |' exp/tri3c/25.mdl 
gmm-sum-accs - exp/tri3c/24.1.acc exp/tri3c/24.10.acc exp/tri3c/24.11.acc exp/tri3c/24.12.acc exp/tri3c/24.13.acc exp/tri3c/24.14.acc exp/tri3c/24.15.acc exp/tri3c/24.16.acc exp/tri3c/24.2.acc exp/tri3c/24.3.acc exp/tri3c/24.4.acc exp/tri3c/24.5.acc exp/tri3c/24.6.acc exp/tri3c/24.7.acc exp/tri3c/24.8.acc exp/tri3c/24.9.acc 
LOG (gmm-sum-accs:main():gmm-sum-accs.cc:63) Summed 16 stats, total count 535129, avg like/frame -42.9688
LOG (gmm-sum-accs:main():gmm-sum-accs.cc:66) Total count of stats is 535129
LOG (gmm-sum-accs:main():gmm-sum-accs.cc:67) Written stats to -
LOG (gmm-est:MleUpdate():transition-model.cc:393) TransitionModel::Update, objf change is 1.02473e-11 per frame over 535129 frames. 
LOG (gmm-est:MleUpdate():transition-model.cc:396) 261 probabilities floored, 4139 out of 6005 transition-states skipped due to insuffient data (it is normal to have some skipped.)
LOG (gmm-est:main():gmm-est.cc:102) Transition model update: Overall 1.02473e-11 log-like improvement per frame over 535129 frames.
WARNING (gmm-est:MleDiagGmmUpdate():mle-diag-gmm.cc:365) Gaussian has too little data but not removing it because it is the last Gaussian: i = 0, occ = 0, weight = 1
WARNING (gmm-est:MleDiagGmmUpdate():mle-diag-gmm.cc:365) Gaussian has too little data but not removing it because it is the last Gaussian: i = 0, occ = 0, weight = 1
WARNING (gmm-est:MleDiagGmmUpdate():mle-diag-gmm.cc:359) Too little data - removing Gaussian (weight 0.082645, occupation count 10.000000, vector size 40)
WARNING (gmm-est:MleDiagGmmUpdate():mle-diag-gmm.cc:359) Too little data - removing Gaussian (weight 0.036942, occupation count 8.348816, vector size 40)
WARNING (gmm-est:MleDiagGmmUpdate():mle-diag-gmm.cc:359) Too little data - removing Gaussian (weight 0.093174, occupation count 9.690125, vector size 40)
WARNING (gmm-est:MleDiagGmmUpdate():mle-diag-gmm.cc:359) Too little data - removing Gaussian (weight 0.081003, occupation count 8.424333, vector size 40)
WARNING (gmm-est:MleDiagGmmUpdate():mle-diag-gmm.cc:359) Too little data - removing Gaussian (weight 0.093379, occupation count 9.804744, vector size 40)
LOG (gmm-est:MleAmDiagGmmUpdate():mle-am-diag-gmm.cc:225) 0 variance elements floored in 0 Gaussians, out of 8134
LOG (gmm-est:MleAmDiagGmmUpdate():mle-am-diag-gmm.cc:229) Removed 5 Gaussians due to counts < --min-gaussian-occupancy=10 and --remove-low-count-gaussians=true
LOG (gmm-est:main():gmm-est.cc:113) GMM update: Overall 0.0589503 objective function improvement per frame over 535129 frames
LOG (gmm-est:main():gmm-est.cc:116) GMM update: Overall avg like per frame = -42.9688 over 535129 frames.
LOG (gmm-est:SplitByCount():am-diag-gmm.cc:116) Split 1405 states with target = 8424, power = 0.2, perturb_factor = 0.01 and min_count = 20, split #Gauss from 8134 to 8427
LOG (gmm-est:main():gmm-est.cc:146) Written model to exp/tri3c/25.mdl
# Accounting: time=1 threads=1
# Ended (code 0) at Wed Jun 22 14:03:13 BRT 2016, elapsed time 1 seconds
