# gmm-est --power=0.2 --write-occs=exp/tri3c/15.occs --mix-up=5544 exp/tri3c/14.mdl "gmm-sum-accs - exp/tri3c/14.*.acc |" exp/tri3c/15.mdl 
# Started at Tue Aug  2 16:07:47 BRT 2016
#
gmm-est --power=0.2 --write-occs=exp/tri3c/15.occs --mix-up=5544 exp/tri3c/14.mdl 'gmm-sum-accs - exp/tri3c/14.*.acc |' exp/tri3c/15.mdl 
gmm-sum-accs - exp/tri3c/14.1.acc exp/tri3c/14.10.acc exp/tri3c/14.11.acc exp/tri3c/14.12.acc exp/tri3c/14.13.acc exp/tri3c/14.14.acc exp/tri3c/14.15.acc exp/tri3c/14.16.acc exp/tri3c/14.2.acc exp/tri3c/14.3.acc exp/tri3c/14.4.acc exp/tri3c/14.5.acc exp/tri3c/14.6.acc exp/tri3c/14.7.acc exp/tri3c/14.8.acc exp/tri3c/14.9.acc 
LOG (gmm-sum-accs:main():gmm-sum-accs.cc:63) Summed 16 stats, total count 787923, avg like/frame -44.7287
LOG (gmm-sum-accs:main():gmm-sum-accs.cc:66) Total count of stats is 787923
LOG (gmm-sum-accs:main():gmm-sum-accs.cc:67) Written stats to -
LOG (gmm-est:MleUpdate():transition-model.cc:393) TransitionModel::Update, objf change is -4.91711e-12 per frame over 787923 frames. 
LOG (gmm-est:MleUpdate():transition-model.cc:396) 165 probabilities floored, 3826 out of 5726 transition-states skipped due to insuffient data (it is normal to have some skipped.)
LOG (gmm-est:main():gmm-est.cc:102) Transition model update: Overall -4.91711e-12 log-like improvement per frame over 787923 frames.
WARNING (gmm-est:MleDiagGmmUpdate():mle-diag-gmm.cc:365) Gaussian has too little data but not removing it because it is the last Gaussian: i = 0, occ = 0, weight = 1
WARNING (gmm-est:MleDiagGmmUpdate():mle-diag-gmm.cc:359) Too little data - removing Gaussian (weight 0.137105, occupation count 8.637595, vector size 40)
LOG (gmm-est:MleAmDiagGmmUpdate():mle-am-diag-gmm.cc:225) 0 variance elements floored in 0 Gaussians, out of 5256
LOG (gmm-est:MleAmDiagGmmUpdate():mle-am-diag-gmm.cc:229) Removed 1 Gaussians due to counts < --min-gaussian-occupancy=10 and --remove-low-count-gaussians=true
LOG (gmm-est:main():gmm-est.cc:113) GMM update: Overall 0.0546916 objective function improvement per frame over 787923 frames
LOG (gmm-est:main():gmm-est.cc:116) GMM update: Overall avg like per frame = -44.7287 over 787923 frames.
LOG (gmm-est:SplitByCount():am-diag-gmm.cc:116) Split 1488 states with target = 5544, power = 0.2, perturb_factor = 0.01 and min_count = 20, split #Gauss from 5256 to 5545
LOG (gmm-est:main():gmm-est.cc:146) Written model to exp/tri3c/15.mdl
# Accounting: time=0 threads=1
# Ended (code 0) at Tue Aug  2 16:07:47 BRT 2016, elapsed time 0 seconds
