# compile-train-graphs exp/mono_ali/tree exp/mono_ali/final.mdl data/lang/L.fst "ark:utils/sym2int.pl --map-oov 2 -f 2- data/lang/words.txt data/train/split1/1/text|" ark:- | gmm-align-compiled --transition-scale=1.0 --acoustic-scale=0.1 --self-loop-scale=0.1 --beam=10 --retry-beam=40 --careful=false "gmm-boost-silence --boost=1.0 1 exp/mono_ali/final.mdl - |" ark:- "ark,s,cs:apply-cmvn  --utt2spk=ark:data/train/split1/1/utt2spk scp:data/train/split1/1/cmvn.scp scp:data/train/split1/1/feats.scp ark:- | add-deltas  ark:- ark:- |" "ark,t:|gzip -c >exp/mono_ali/ali.1.gz" 
# Started at Wed Jun  8 14:01:18 BRT 2016
#
gmm-align-compiled --transition-scale=1.0 --acoustic-scale=0.1 --self-loop-scale=0.1 --beam=10 --retry-beam=40 --careful=false 'gmm-boost-silence --boost=1.0 1 exp/mono_ali/final.mdl - |' ark:- 'ark,s,cs:apply-cmvn  --utt2spk=ark:data/train/split1/1/utt2spk scp:data/train/split1/1/cmvn.scp scp:data/train/split1/1/feats.scp ark:- | add-deltas  ark:- ark:- |' 'ark,t:|gzip -c >exp/mono_ali/ali.1.gz' 
compile-train-graphs exp/mono_ali/tree exp/mono_ali/final.mdl data/lang/L.fst 'ark:utils/sym2int.pl --map-oov 2 -f 2- data/lang/words.txt data/train/split1/1/text|' ark:- 
gmm-boost-silence --boost=1.0 1 exp/mono_ali/final.mdl - 
WARNING (gmm-boost-silence:main():gmm-boost-silence.cc:82) The pdfs for the silence phones may be shared by other phones (note: this probably does not matter.)
LOG (gmm-boost-silence:main():gmm-boost-silence.cc:93) Boosted weights for 5 pdfs, by factor of 1
sym2int.pl: replacing cao with 2
sym2int.pl: replacing passaro-preto with 2
sym2int.pl: replacing ra with 2
sym2int.pl: replacing passaro-preto with 2
sym2int.pl: replacing passaro-preto with 2
sym2int.pl: replacing ra with 2
sym2int.pl: replacing ra with 2
sym2int.pl: replacing cao with 2
sym2int.pl: replacing passaro-preto with 2
sym2int.pl: replacing passaro with 2
sym2int.pl: replacing ra with 2
sym2int.pl: replacing ra with 2
sym2int.pl: replacing cao with 2
sym2int.pl: replacing ra with 2
sym2int.pl: replacing cao with 2
sym2int.pl: replacing cao with 2
sym2int.pl: replacing cao with 2
sym2int.pl: replacing cao with 2
sym2int.pl: replacing cao with 2
sym2int.pl: replacing cao with 2
sym2int.pl: not warning for OOVs any more times
LOG (gmm-boost-silence:main():gmm-boost-silence.cc:103) Wrote model to -
** Replaced 60 instances of OOVs with 2
add-deltas ark:- ark:- 
apply-cmvn --utt2spk=ark:data/train/split1/1/utt2spk scp:data/train/split1/1/cmvn.scp scp:data/train/split1/1/feats.scp ark:- 
WARNING (gmm-align-compiled:AlignUtteranceWrapper():decoder-wrappers.cc:466) Retrying utterance zilio_Szilio17 with beam 40
LOG (compile-train-graphs:main():compile-train-graphs.cc:145) compile-train-graphs: succeeded for 120 graphs, failed for 0
LOG (apply-cmvn:main():apply-cmvn.cc:146) Applied cepstral mean normalization to 120 utterances, errors on 0
LOG (gmm-align-compiled:main():gmm-align-compiled.cc:129) Overall log-likelihood per frame is -86.2777 over 190116 frames.
LOG (gmm-align-compiled:main():gmm-align-compiled.cc:131) Retried 1 out of 120 utterances.
LOG (gmm-align-compiled:main():gmm-align-compiled.cc:133) Done 120, errors on 0
# Accounting: time=8 threads=1
# Ended (code 0) at Wed Jun  8 14:01:26 BRT 2016, elapsed time 8 seconds
