# gunzip -c exp/tri3b/decode.si/depth_stats_tmp.*.gz | steps/diagnostic/analyze_lattice_depth_stats.py exp/tri3b/graph 
# Started at Fri Jun 17 14:36:51 BRT 2016
#
The total amount of data analyzed assuming 100 frames per second is 0.1 hours
Overall, lattice depth (10,50,90-percentile)=(1,2,9) and mean=4.0
Phone sil accounts for 78.7% of frames, with lattice depth (10,50,90-percentile)=(1,4,10) and mean=4.3
Nonsilence phones as a group account for 18.1% of frames, with lattice depth (10,50,90-percentile)=(1,2,6) and mean=2.6
Phone spn_S accounts for 3.2% of frames, with lattice depth (10,50,90-percentile)=(1,4,9) and mean=4.2
Phone a_I accounts for 2.6% of frames, with lattice depth (10,50,90-percentile)=(1,2,7) and mean=3.3
Phone a_E accounts for 1.0% of frames, with lattice depth (10,50,90-percentile)=(1,2,7) and mean=2.6
Phone o_I accounts for 1.0% of frames, with lattice depth (10,50,90-percentile)=(1,2,8) and mean=2.7
Phone u_E accounts for 0.9% of frames, with lattice depth (10,50,90-percentile)=(1,1,4) and mean=1.9
Phone e_I accounts for 0.8% of frames, with lattice depth (10,50,90-percentile)=(1,1,2) and mean=1.8
Phone l_I accounts for 0.8% of frames, with lattice depth (10,50,90-percentile)=(1,2,10) and mean=3.6
Phone r_I accounts for 0.7% of frames, with lattice depth (10,50,90-percentile)=(1,1,2) and mean=2.0
Phone i_I accounts for 0.7% of frames, with lattice depth (10,50,90-percentile)=(1,2,2) and mean=1.6
Phone sh_I accounts for 0.6% of frames, with lattice depth (10,50,90-percentile)=(1,2,5) and mean=2.9
Phone l_B accounts for 0.5% of frames, with lattice depth (10,50,90-percentile)=(1,2,7) and mean=3.3
Phone i_E accounts for 0.5% of frames, with lattice depth (10,50,90-percentile)=(1,1,5) and mean=2.5
# Accounting: time=0 threads=1
# Ended (code 0) at Fri Jun 17 14:36:51 BRT 2016, elapsed time 0 seconds
