# gmm-est --write-occs=exp/mono/7.occs --mix-up=282 --power=0.25 exp/mono/6.mdl "gmm-sum-accs - exp/mono/6.*.acc|" exp/mono/7.mdl 
# Started at Fri Jun 17 14:26:51 BRT 2016
#
gmm-est --write-occs=exp/mono/7.occs --mix-up=282 --power=0.25 exp/mono/6.mdl 'gmm-sum-accs - exp/mono/6.*.acc|' exp/mono/7.mdl 
gmm-sum-accs - exp/mono/6.1.acc exp/mono/6.10.acc exp/mono/6.11.acc exp/mono/6.12.acc exp/mono/6.2.acc exp/mono/6.3.acc exp/mono/6.4.acc exp/mono/6.5.acc exp/mono/6.6.acc exp/mono/6.7.acc exp/mono/6.8.acc exp/mono/6.9.acc 
LOG (gmm-sum-accs:main():gmm-sum-accs.cc:63) Summed 12 stats, total count 391336, avg like/frame -89.3555
LOG (gmm-sum-accs:main():gmm-sum-accs.cc:66) Total count of stats is 391336
LOG (gmm-sum-accs:main():gmm-sum-accs.cc:67) Written stats to -
LOG (gmm-est:MleUpdate():transition-model.cc:393) TransitionModel::Update, objf change is 0.00151056 per frame over 391336 frames. 
LOG (gmm-est:MleUpdate():transition-model.cc:396) 19 probabilities floored, 303 out of 578 transition-states skipped due to insuffient data (it is normal to have some skipped.)
LOG (gmm-est:main():gmm-est.cc:102) Transition model update: Overall 0.00151056 log-like improvement per frame over 391336 frames.
WARNING (gmm-est:MleDiagGmmUpdate():mle-diag-gmm.cc:365) Gaussian has too little data but not removing it because it is the last Gaussian: i = 0, occ = 0, weight = 1
WARNING (gmm-est:MleDiagGmmUpdate():mle-diag-gmm.cc:365) Gaussian has too little data but not removing it because it is the last Gaussian: i = 0, occ = 0, weight = 1
WARNING (gmm-est:MleDiagGmmUpdate():mle-diag-gmm.cc:365) Gaussian has too little data but not removing it because it is the last Gaussian: i = 0, occ = 0, weight = 1
WARNING (gmm-est:MleDiagGmmUpdate():mle-diag-gmm.cc:365) Gaussian has too little data but not removing it because it is the last Gaussian: i = 0, occ = 0, weight = 1
WARNING (gmm-est:MleDiagGmmUpdate():mle-diag-gmm.cc:365) Gaussian has too little data but not removing it because it is the last Gaussian: i = 0, occ = 0, weight = 1
WARNING (gmm-est:MleDiagGmmUpdate():mle-diag-gmm.cc:365) Gaussian has too little data but not removing it because it is the last Gaussian: i = 0, occ = 7, weight = 1
WARNING (gmm-est:MleDiagGmmUpdate():mle-diag-gmm.cc:365) Gaussian has too little data but not removing it because it is the last Gaussian: i = 0, occ = 4, weight = 1
WARNING (gmm-est:MleDiagGmmUpdate():mle-diag-gmm.cc:365) Gaussian has too little data but not removing it because it is the last Gaussian: i = 0, occ = 3, weight = 1
LOG (gmm-est:MleAmDiagGmmUpdate():mle-am-diag-gmm.cc:225) 0 variance elements floored in 0 Gaussians, out of 254
LOG (gmm-est:MleAmDiagGmmUpdate():mle-am-diag-gmm.cc:229) Removed 0 Gaussians due to counts < --min-gaussian-occupancy=10 and --remove-low-count-gaussians=true
LOG (gmm-est:main():gmm-est.cc:113) GMM update: Overall 0.241115 objective function improvement per frame over 391336 frames
LOG (gmm-est:main():gmm-est.cc:116) GMM update: Overall avg like per frame = -89.3555 over 391336 frames.
LOG (gmm-est:SplitByCount():am-diag-gmm.cc:116) Split 142 states with target = 282, power = 0.25, perturb_factor = 0.01 and min_count = 20, split #Gauss from 254 to 282
LOG (gmm-est:main():gmm-est.cc:146) Written model to exp/mono/7.mdl
# Accounting: time=1 threads=1
# Ended (code 0) at Fri Jun 17 14:26:52 BRT 2016, elapsed time 1 seconds
