# gmm-est --write-occs=exp/mono/39.occs --mix-up=982 --power=0.25 exp/mono/38.mdl "gmm-sum-accs - exp/mono/38.*.acc|" exp/mono/39.mdl 
# Started at Fri Jun 17 14:27:56 BRT 2016
#
gmm-est --write-occs=exp/mono/39.occs --mix-up=982 --power=0.25 exp/mono/38.mdl 'gmm-sum-accs - exp/mono/38.*.acc|' exp/mono/39.mdl 
gmm-sum-accs - exp/mono/38.1.acc exp/mono/38.10.acc exp/mono/38.11.acc exp/mono/38.12.acc exp/mono/38.2.acc exp/mono/38.3.acc exp/mono/38.4.acc exp/mono/38.5.acc exp/mono/38.6.acc exp/mono/38.7.acc exp/mono/38.8.acc exp/mono/38.9.acc 
LOG (gmm-sum-accs:main():gmm-sum-accs.cc:63) Summed 12 stats, total count 391336, avg like/frame -85.6988
LOG (gmm-sum-accs:main():gmm-sum-accs.cc:66) Total count of stats is 391336
LOG (gmm-sum-accs:main():gmm-sum-accs.cc:67) Written stats to -
LOG (gmm-est:MleUpdate():transition-model.cc:393) TransitionModel::Update, objf change is 6.12272e-05 per frame over 391336 frames. 
LOG (gmm-est:MleUpdate():transition-model.cc:396) 14 probabilities floored, 303 out of 578 transition-states skipped due to insuffient data (it is normal to have some skipped.)
LOG (gmm-est:main():gmm-est.cc:102) Transition model update: Overall 6.12272e-05 log-like improvement per frame over 391336 frames.
WARNING (gmm-est:MleDiagGmmUpdate():mle-diag-gmm.cc:365) Gaussian has too little data but not removing it because it is the last Gaussian: i = 0, occ = 0, weight = 1
WARNING (gmm-est:MleDiagGmmUpdate():mle-diag-gmm.cc:365) Gaussian has too little data but not removing it because it is the last Gaussian: i = 0, occ = 0, weight = 1
WARNING (gmm-est:MleDiagGmmUpdate():mle-diag-gmm.cc:365) Gaussian has too little data but not removing it because it is the last Gaussian: i = 0, occ = 0, weight = 1
WARNING (gmm-est:MleDiagGmmUpdate():mle-diag-gmm.cc:365) Gaussian has too little data but not removing it because it is the last Gaussian: i = 0, occ = 0, weight = 1
WARNING (gmm-est:MleDiagGmmUpdate():mle-diag-gmm.cc:365) Gaussian has too little data but not removing it because it is the last Gaussian: i = 0, occ = 0, weight = 1
WARNING (gmm-est:MleDiagGmmUpdate():mle-diag-gmm.cc:365) Gaussian has too little data but not removing it because it is the last Gaussian: i = 0, occ = 6, weight = 1
WARNING (gmm-est:MleDiagGmmUpdate():mle-diag-gmm.cc:365) Gaussian has too little data but not removing it because it is the last Gaussian: i = 0, occ = 4, weight = 1
WARNING (gmm-est:MleDiagGmmUpdate():mle-diag-gmm.cc:365) Gaussian has too little data but not removing it because it is the last Gaussian: i = 0, occ = 3, weight = 1
WARNING (gmm-est:MleDiagGmmUpdate():mle-diag-gmm.cc:365) Gaussian has too little data but not removing it because it is the last Gaussian: i = 0, occ = 3, weight = 1
LOG (gmm-est:MleAmDiagGmmUpdate():mle-am-diag-gmm.cc:225) 0 variance elements floored in 0 Gaussians, out of 985
LOG (gmm-est:MleAmDiagGmmUpdate():mle-am-diag-gmm.cc:229) Removed 0 Gaussians due to counts < --min-gaussian-occupancy=10 and --remove-low-count-gaussians=true
LOG (gmm-est:main():gmm-est.cc:113) GMM update: Overall 0.0157756 objective function improvement per frame over 391336 frames
LOG (gmm-est:main():gmm-est.cc:116) GMM update: Overall avg like per frame = -85.6988 over 391336 frames.
LOG (gmm-est:SplitByCount():am-diag-gmm.cc:116) Split 142 states with target = 982, power = 0.25, perturb_factor = 0.01 and min_count = 20, split #Gauss from 985 to 986
LOG (gmm-est:main():gmm-est.cc:146) Written model to exp/mono/39.mdl
# Accounting: time=0 threads=1
# Ended (code 0) at Fri Jun 17 14:27:56 BRT 2016, elapsed time 0 seconds
