# gmm-est --write-occs=exp/mono/36.occs --mix-up=982 --power=0.25 exp/mono/35.mdl "gmm-sum-accs - exp/mono/35.*.acc|" exp/mono/36.mdl 
# Started at Wed Jun 22 13:39:26 BRT 2016
#
gmm-est --write-occs=exp/mono/36.occs --mix-up=982 --power=0.25 exp/mono/35.mdl 'gmm-sum-accs - exp/mono/35.*.acc|' exp/mono/36.mdl 
gmm-sum-accs - exp/mono/35.1.acc exp/mono/35.10.acc exp/mono/35.11.acc exp/mono/35.12.acc exp/mono/35.13.acc exp/mono/35.14.acc exp/mono/35.15.acc exp/mono/35.16.acc exp/mono/35.2.acc exp/mono/35.3.acc exp/mono/35.4.acc exp/mono/35.5.acc exp/mono/35.6.acc exp/mono/35.7.acc exp/mono/35.8.acc exp/mono/35.9.acc 
LOG (gmm-sum-accs:main():gmm-sum-accs.cc:63) Summed 16 stats, total count 540872, avg like/frame -85.2467
LOG (gmm-sum-accs:main():gmm-sum-accs.cc:66) Total count of stats is 540872
LOG (gmm-sum-accs:main():gmm-sum-accs.cc:67) Written stats to -
LOG (gmm-est:MleUpdate():transition-model.cc:393) TransitionModel::Update, objf change is 7.93668e-05 per frame over 540872 frames. 
LOG (gmm-est:MleUpdate():transition-model.cc:396) 15 probabilities floored, 296 out of 578 transition-states skipped due to insuffient data (it is normal to have some skipped.)
LOG (gmm-est:main():gmm-est.cc:102) Transition model update: Overall 7.93668e-05 log-like improvement per frame over 540872 frames.
WARNING (gmm-est:MleDiagGmmUpdate():mle-diag-gmm.cc:365) Gaussian has too little data but not removing it because it is the last Gaussian: i = 0, occ = 0, weight = 1
WARNING (gmm-est:MleDiagGmmUpdate():mle-diag-gmm.cc:365) Gaussian has too little data but not removing it because it is the last Gaussian: i = 0, occ = 0, weight = 1
WARNING (gmm-est:MleDiagGmmUpdate():mle-diag-gmm.cc:365) Gaussian has too little data but not removing it because it is the last Gaussian: i = 0, occ = 0, weight = 1
WARNING (gmm-est:MleDiagGmmUpdate():mle-diag-gmm.cc:365) Gaussian has too little data but not removing it because it is the last Gaussian: i = 0, occ = 0, weight = 1
WARNING (gmm-est:MleDiagGmmUpdate():mle-diag-gmm.cc:365) Gaussian has too little data but not removing it because it is the last Gaussian: i = 0, occ = 0, weight = 1
WARNING (gmm-est:MleDiagGmmUpdate():mle-diag-gmm.cc:365) Gaussian has too little data but not removing it because it is the last Gaussian: i = 0, occ = 6, weight = 1
LOG (gmm-est:MleAmDiagGmmUpdate():mle-am-diag-gmm.cc:225) 0 variance elements floored in 0 Gaussians, out of 984
LOG (gmm-est:MleAmDiagGmmUpdate():mle-am-diag-gmm.cc:229) Removed 0 Gaussians due to counts < --min-gaussian-occupancy=10 and --remove-low-count-gaussians=true
LOG (gmm-est:main():gmm-est.cc:113) GMM update: Overall 0.0275832 objective function improvement per frame over 540872 frames
LOG (gmm-est:main():gmm-est.cc:116) GMM update: Overall avg like per frame = -85.2467 over 540872 frames.
LOG (gmm-est:SplitByCount():am-diag-gmm.cc:116) Split 142 states with target = 982, power = 0.25, perturb_factor = 0.01 and min_count = 20, split #Gauss from 984 to 984
LOG (gmm-est:main():gmm-est.cc:146) Written model to exp/mono/36.mdl
# Accounting: time=1 threads=1
# Ended (code 0) at Wed Jun 22 13:39:27 BRT 2016, elapsed time 1 seconds
