# gmm-est --write-occs=exp/mono/8.occs --mix-up=310 --power=0.25 exp/mono/7.mdl "gmm-sum-accs - exp/mono/7.*.acc|" exp/mono/8.mdl 
# Started at Wed Jun 22 13:37:29 BRT 2016
#
gmm-est --write-occs=exp/mono/8.occs --mix-up=310 --power=0.25 exp/mono/7.mdl 'gmm-sum-accs - exp/mono/7.*.acc|' exp/mono/8.mdl 
gmm-sum-accs - exp/mono/7.1.acc exp/mono/7.10.acc exp/mono/7.11.acc exp/mono/7.12.acc exp/mono/7.13.acc exp/mono/7.14.acc exp/mono/7.15.acc exp/mono/7.16.acc exp/mono/7.2.acc exp/mono/7.3.acc exp/mono/7.4.acc exp/mono/7.5.acc exp/mono/7.6.acc exp/mono/7.7.acc exp/mono/7.8.acc exp/mono/7.9.acc 
LOG (gmm-sum-accs:main():gmm-sum-accs.cc:63) Summed 16 stats, total count 542445, avg like/frame -88.3174
LOG (gmm-sum-accs:main():gmm-sum-accs.cc:66) Total count of stats is 542445
LOG (gmm-sum-accs:main():gmm-sum-accs.cc:67) Written stats to -
LOG (gmm-est:MleUpdate():transition-model.cc:393) TransitionModel::Update, objf change is 0.000854337 per frame over 542445 frames. 
LOG (gmm-est:MleUpdate():transition-model.cc:396) 18 probabilities floored, 298 out of 578 transition-states skipped due to insuffient data (it is normal to have some skipped.)
LOG (gmm-est:main():gmm-est.cc:102) Transition model update: Overall 0.000854337 log-like improvement per frame over 542445 frames.
WARNING (gmm-est:MleDiagGmmUpdate():mle-diag-gmm.cc:365) Gaussian has too little data but not removing it because it is the last Gaussian: i = 0, occ = 0, weight = 1
WARNING (gmm-est:MleDiagGmmUpdate():mle-diag-gmm.cc:365) Gaussian has too little data but not removing it because it is the last Gaussian: i = 0, occ = 0, weight = 1
WARNING (gmm-est:MleDiagGmmUpdate():mle-diag-gmm.cc:365) Gaussian has too little data but not removing it because it is the last Gaussian: i = 0, occ = 0, weight = 1
WARNING (gmm-est:MleDiagGmmUpdate():mle-diag-gmm.cc:365) Gaussian has too little data but not removing it because it is the last Gaussian: i = 0, occ = 0, weight = 1
WARNING (gmm-est:MleDiagGmmUpdate():mle-diag-gmm.cc:365) Gaussian has too little data but not removing it because it is the last Gaussian: i = 0, occ = 0, weight = 1
WARNING (gmm-est:MleDiagGmmUpdate():mle-diag-gmm.cc:365) Gaussian has too little data but not removing it because it is the last Gaussian: i = 0, occ = 9, weight = 1
LOG (gmm-est:MleAmDiagGmmUpdate():mle-am-diag-gmm.cc:225) 0 variance elements floored in 0 Gaussians, out of 282
LOG (gmm-est:MleAmDiagGmmUpdate():mle-am-diag-gmm.cc:229) Removed 0 Gaussians due to counts < --min-gaussian-occupancy=10 and --remove-low-count-gaussians=true
LOG (gmm-est:main():gmm-est.cc:113) GMM update: Overall 0.169925 objective function improvement per frame over 542445 frames
LOG (gmm-est:main():gmm-est.cc:116) GMM update: Overall avg like per frame = -88.3174 over 542445 frames.
LOG (gmm-est:SplitByCount():am-diag-gmm.cc:116) Split 142 states with target = 310, power = 0.25, perturb_factor = 0.01 and min_count = 20, split #Gauss from 282 to 310
LOG (gmm-est:main():gmm-est.cc:146) Written model to exp/mono/8.mdl
# Accounting: time=0 threads=1
# Ended (code 0) at Wed Jun 22 13:37:29 BRT 2016, elapsed time 0 seconds
