# gmm-est --write-occs=exp/mono/5.occs --mix-up=226 --power=0.25 exp/mono/4.mdl "gmm-sum-accs - exp/mono/4.*.acc|" exp/mono/5.mdl 
# Started at Fri Jun 10 15:06:16 BRT 2016
#
gmm-est --write-occs=exp/mono/5.occs --mix-up=226 --power=0.25 exp/mono/4.mdl 'gmm-sum-accs - exp/mono/4.*.acc|' exp/mono/5.mdl 
gmm-sum-accs - exp/mono/4.1.acc 
LOG (gmm-sum-accs:main():gmm-sum-accs.cc:63) Summed 1 stats, total count 372916, avg like/frame -90.2697
LOG (gmm-sum-accs:main():gmm-sum-accs.cc:66) Total count of stats is 372916
LOG (gmm-sum-accs:main():gmm-sum-accs.cc:67) Written stats to -
LOG (gmm-est:MleUpdate():transition-model.cc:393) TransitionModel::Update, objf change is 0.00838865 per frame over 372916 frames. 
LOG (gmm-est:MleUpdate():transition-model.cc:396) 14 probabilities floored, 304 out of 578 transition-states skipped due to insuffient data (it is normal to have some skipped.)
LOG (gmm-est:main():gmm-est.cc:102) Transition model update: Overall 0.00838865 log-like improvement per frame over 372916 frames.
WARNING (gmm-est:MleDiagGmmUpdate():mle-diag-gmm.cc:365) Gaussian has too little data but not removing it because it is the last Gaussian: i = 0, occ = 0, weight = 1
WARNING (gmm-est:MleDiagGmmUpdate():mle-diag-gmm.cc:365) Gaussian has too little data but not removing it because it is the last Gaussian: i = 0, occ = 0, weight = 1
WARNING (gmm-est:MleDiagGmmUpdate():mle-diag-gmm.cc:365) Gaussian has too little data but not removing it because it is the last Gaussian: i = 0, occ = 0, weight = 1
WARNING (gmm-est:MleDiagGmmUpdate():mle-diag-gmm.cc:365) Gaussian has too little data but not removing it because it is the last Gaussian: i = 0, occ = 0, weight = 1
WARNING (gmm-est:MleDiagGmmUpdate():mle-diag-gmm.cc:365) Gaussian has too little data but not removing it because it is the last Gaussian: i = 0, occ = 0, weight = 1
WARNING (gmm-est:MleDiagGmmUpdate():mle-diag-gmm.cc:365) Gaussian has too little data but not removing it because it is the last Gaussian: i = 0, occ = 3, weight = 1
WARNING (gmm-est:MleDiagGmmUpdate():mle-diag-gmm.cc:365) Gaussian has too little data but not removing it because it is the last Gaussian: i = 0, occ = 3, weight = 1
WARNING (gmm-est:MleDiagGmmUpdate():mle-diag-gmm.cc:365) Gaussian has too little data but not removing it because it is the last Gaussian: i = 0, occ = 3, weight = 1
LOG (gmm-est:MleAmDiagGmmUpdate():mle-am-diag-gmm.cc:225) 0 variance elements floored in 0 Gaussians, out of 198
LOG (gmm-est:MleAmDiagGmmUpdate():mle-am-diag-gmm.cc:229) Removed 0 Gaussians due to counts < --min-gaussian-occupancy=10 and --remove-low-count-gaussians=true
LOG (gmm-est:main():gmm-est.cc:113) GMM update: Overall 0.146972 objective function improvement per frame over 372916 frames
LOG (gmm-est:main():gmm-est.cc:116) GMM update: Overall avg like per frame = -90.2697 over 372916 frames.
LOG (gmm-est:SplitByCount():am-diag-gmm.cc:116) Split 142 states with target = 226, power = 0.25, perturb_factor = 0.01 and min_count = 20, split #Gauss from 198 to 226
LOG (gmm-est:main():gmm-est.cc:146) Written model to exp/mono/5.mdl
# Accounting: time=0 threads=1
# Ended (code 0) at Fri Jun 10 15:06:16 BRT 2016, elapsed time 0 seconds
