# gmm-est --write-occs=exp/mono/20.occs --mix-up=646 --power=0.25 exp/mono/19.mdl "gmm-sum-accs - exp/mono/19.*.acc|" exp/mono/20.mdl 
# Started at Wed Jun 22 13:38:21 BRT 2016
#
gmm-est --write-occs=exp/mono/20.occs --mix-up=646 --power=0.25 exp/mono/19.mdl 'gmm-sum-accs - exp/mono/19.*.acc|' exp/mono/20.mdl 
gmm-sum-accs - exp/mono/19.1.acc exp/mono/19.10.acc exp/mono/19.11.acc exp/mono/19.12.acc exp/mono/19.13.acc exp/mono/19.14.acc exp/mono/19.15.acc exp/mono/19.16.acc exp/mono/19.2.acc exp/mono/19.3.acc exp/mono/19.4.acc exp/mono/19.5.acc exp/mono/19.6.acc exp/mono/19.7.acc exp/mono/19.8.acc exp/mono/19.9.acc 
LOG (gmm-sum-accs:main():gmm-sum-accs.cc:63) Summed 16 stats, total count 539636, avg like/frame -86.2319
LOG (gmm-sum-accs:main():gmm-sum-accs.cc:66) Total count of stats is 539636
LOG (gmm-sum-accs:main():gmm-sum-accs.cc:67) Written stats to -
LOG (gmm-est:MleUpdate():transition-model.cc:393) TransitionModel::Update, objf change is -9.7199e-11 per frame over 539636 frames. 
LOG (gmm-est:MleUpdate():transition-model.cc:396) 18 probabilities floored, 297 out of 578 transition-states skipped due to insuffient data (it is normal to have some skipped.)
LOG (gmm-est:main():gmm-est.cc:102) Transition model update: Overall -9.7199e-11 log-like improvement per frame over 539636 frames.
WARNING (gmm-est:MleDiagGmmUpdate():mle-diag-gmm.cc:365) Gaussian has too little data but not removing it because it is the last Gaussian: i = 0, occ = 0, weight = 1
WARNING (gmm-est:MleDiagGmmUpdate():mle-diag-gmm.cc:365) Gaussian has too little data but not removing it because it is the last Gaussian: i = 0, occ = 0, weight = 1
WARNING (gmm-est:MleDiagGmmUpdate():mle-diag-gmm.cc:365) Gaussian has too little data but not removing it because it is the last Gaussian: i = 0, occ = 0, weight = 1
WARNING (gmm-est:MleDiagGmmUpdate():mle-diag-gmm.cc:365) Gaussian has too little data but not removing it because it is the last Gaussian: i = 0, occ = 0, weight = 1
WARNING (gmm-est:MleDiagGmmUpdate():mle-diag-gmm.cc:365) Gaussian has too little data but not removing it because it is the last Gaussian: i = 0, occ = 0, weight = 1
WARNING (gmm-est:MleDiagGmmUpdate():mle-diag-gmm.cc:365) Gaussian has too little data but not removing it because it is the last Gaussian: i = 0, occ = 6, weight = 1
LOG (gmm-est:MleAmDiagGmmUpdate():mle-am-diag-gmm.cc:225) 0 variance elements floored in 0 Gaussians, out of 618
LOG (gmm-est:MleAmDiagGmmUpdate():mle-am-diag-gmm.cc:229) Removed 0 Gaussians due to counts < --min-gaussian-occupancy=10 and --remove-low-count-gaussians=true
LOG (gmm-est:main():gmm-est.cc:113) GMM update: Overall 0.040781 objective function improvement per frame over 539636 frames
LOG (gmm-est:main():gmm-est.cc:116) GMM update: Overall avg like per frame = -86.2319 over 539636 frames.
LOG (gmm-est:SplitByCount():am-diag-gmm.cc:116) Split 142 states with target = 646, power = 0.25, perturb_factor = 0.01 and min_count = 20, split #Gauss from 618 to 646
LOG (gmm-est:main():gmm-est.cc:146) Written model to exp/mono/20.mdl
# Accounting: time=0 threads=1
# Ended (code 0) at Wed Jun 22 13:38:21 BRT 2016, elapsed time 0 seconds
