# sgmm2-acc-stats --utt2spk=ark:data/train/split16/10/utt2spk --update-flags=vMwSct "--gselect=ark,s,cs:gunzip -c exp/sgmm2_4c/gselect.10.gz|" --rand-prune=0.1 exp/sgmm2_4c/4.mdl "ark,s,cs:apply-cmvn  --utt2spk=ark:data/train/split16/10/utt2spk scp:data/train/split16/10/cmvn.scp scp:data/train/split16/10/feats.scp ark:- | transform-feats --utt2spk=ark:data/train/split16/10/utt2spk ark,s,cs:exp/tri3c_ali/raw_trans.10 ark:- ark:- | splice-feats  ark:- ark:- | transform-feats exp/tri3c_ali/final.mat ark:- ark:- |" "ark,s,cs:gunzip -c exp/sgmm2_4c/ali.10.gz | ali-to-post ark:- ark:-|" exp/sgmm2_4c/4.10.acc 
# Started at Wed Jun 22 14:14:26 BRT 2016
#
sgmm2-acc-stats --utt2spk=ark:data/train/split16/10/utt2spk --update-flags=vMwSct '--gselect=ark,s,cs:gunzip -c exp/sgmm2_4c/gselect.10.gz|' --rand-prune=0.1 exp/sgmm2_4c/4.mdl 'ark,s,cs:apply-cmvn  --utt2spk=ark:data/train/split16/10/utt2spk scp:data/train/split16/10/cmvn.scp scp:data/train/split16/10/feats.scp ark:- | transform-feats --utt2spk=ark:data/train/split16/10/utt2spk ark,s,cs:exp/tri3c_ali/raw_trans.10 ark:- ark:- | splice-feats  ark:- ark:- | transform-feats exp/tri3c_ali/final.mat ark:- ark:- |' 'ark,s,cs:gunzip -c exp/sgmm2_4c/ali.10.gz | ali-to-post ark:- ark:-|' exp/sgmm2_4c/4.10.acc 
apply-cmvn --utt2spk=ark:data/train/split16/10/utt2spk scp:data/train/split16/10/cmvn.scp scp:data/train/split16/10/feats.scp ark:- 
transform-feats exp/tri3c_ali/final.mat ark:- ark:- 
splice-feats ark:- ark:- 
transform-feats --utt2spk=ark:data/train/split16/10/utt2spk ark,s,cs:exp/tri3c_ali/raw_trans.10 ark:- ark:- 
ali-to-post ark:- ark:- 
WARNING (sgmm2-acc-stats:main():sgmm2-acc-stats.cc:145) No posterior info available for utterance felipe_vsix_Sfelipe_vsix18 (or wrong size)
LOG (apply-cmvn:main():apply-cmvn.cc:146) Applied cepstral mean normalization to 19 utterances, errors on 0
LOG (ali-to-post:main():ali-to-post.cc:65) Converted 18 alignments.
LOG (transform-feats:main():transform-feats.cc:158) Overall average logdet is 0.448372 over 37229 frames.
LOG (transform-feats:main():transform-feats.cc:161) Applied transform to 19 utterances; 0 had errors.
LOG (transform-feats:main():transform-feats.cc:158) Overall average [pseudo-]logdet is -85.9813 over 37229 frames.
LOG (transform-feats:main():transform-feats.cc:161) Applied transform to 19 utterances; 0 had errors.
LOG (sgmm2-acc-stats:main():sgmm2-acc-stats.cc:203) Overall like per frame (Gaussian only) = -41.037 over 35706 frames.
LOG (sgmm2-acc-stats:main():sgmm2-acc-stats.cc:206) Done 18 files, 1 with errors.
LOG (sgmm2-acc-stats:main():sgmm2-acc-stats.cc:215) Written accs.
# Accounting: time=7 threads=1
# Ended (code 0) at Wed Jun 22 14:14:33 BRT 2016, elapsed time 7 seconds
