# sgmm2-acc-stats --spk-vecs=ark:exp/sgmm2_4c/vecs.14 --utt2spk=ark:data/train/split16/14/utt2spk --update-flags=vNwSctu "--gselect=ark,s,cs:gunzip -c exp/sgmm2_4c/gselect.14.gz|" --rand-prune=0.1 exp/sgmm2_4c/23.mdl "ark,s,cs:apply-cmvn  --utt2spk=ark:data/train/split16/14/utt2spk scp:data/train/split16/14/cmvn.scp scp:data/train/split16/14/feats.scp ark:- | transform-feats --utt2spk=ark:data/train/split16/14/utt2spk ark,s,cs:exp/tri3c_ali/raw_trans.14 ark:- ark:- | splice-feats  ark:- ark:- | transform-feats exp/tri3c_ali/final.mat ark:- ark:- |" "ark,s,cs:gunzip -c exp/sgmm2_4c/ali.14.gz | ali-to-post ark:- ark:-|" exp/sgmm2_4c/23.14.acc 
# Started at Wed Jun 22 14:41:25 BRT 2016
#
sgmm2-acc-stats --spk-vecs=ark:exp/sgmm2_4c/vecs.14 --utt2spk=ark:data/train/split16/14/utt2spk --update-flags=vNwSctu '--gselect=ark,s,cs:gunzip -c exp/sgmm2_4c/gselect.14.gz|' --rand-prune=0.1 exp/sgmm2_4c/23.mdl 'ark,s,cs:apply-cmvn  --utt2spk=ark:data/train/split16/14/utt2spk scp:data/train/split16/14/cmvn.scp scp:data/train/split16/14/feats.scp ark:- | transform-feats --utt2spk=ark:data/train/split16/14/utt2spk ark,s,cs:exp/tri3c_ali/raw_trans.14 ark:- ark:- | splice-feats  ark:- ark:- | transform-feats exp/tri3c_ali/final.mat ark:- ark:- |' 'ark,s,cs:gunzip -c exp/sgmm2_4c/ali.14.gz | ali-to-post ark:- ark:-|' exp/sgmm2_4c/23.14.acc 
transform-feats --utt2spk=ark:data/train/split16/14/utt2spk ark,s,cs:exp/tri3c_ali/raw_trans.14 ark:- ark:- 
splice-feats ark:- ark:- 
transform-feats exp/tri3c_ali/final.mat ark:- ark:- 
apply-cmvn --utt2spk=ark:data/train/split16/14/utt2spk scp:data/train/split16/14/cmvn.scp scp:data/train/split16/14/feats.scp ark:- 
ali-to-post ark:- ark:- 
LOG (apply-cmvn:main():apply-cmvn.cc:146) Applied cepstral mean normalization to 20 utterances, errors on 0
LOG (transform-feats:main():transform-feats.cc:158) Overall average logdet is -0.572948 over 33790 frames.
LOG (transform-feats:main():transform-feats.cc:161) Applied transform to 20 utterances; 0 had errors.
LOG (ali-to-post:main():ali-to-post.cc:65) Converted 20 alignments.
LOG (transform-feats:main():transform-feats.cc:158) Overall average [pseudo-]logdet is -85.9813 over 33790 frames.
LOG (transform-feats:main():transform-feats.cc:161) Applied transform to 20 utterances; 0 had errors.
LOG (sgmm2-acc-stats:main():sgmm2-acc-stats.cc:203) Overall like per frame (Gaussian only) = -36.4623 over 33790 frames.
LOG (sgmm2-acc-stats:main():sgmm2-acc-stats.cc:206) Done 20 files, 0 with errors.
LOG (sgmm2-acc-stats:main():sgmm2-acc-stats.cc:215) Written accs.
# Accounting: time=17 threads=1
# Ended (code 0) at Wed Jun 22 14:41:42 BRT 2016, elapsed time 17 seconds
