# sgmm2-acc-stats --spk-vecs=ark:exp/sgmm2_4c/vecs.5 --utt2spk=ark:data/train/split16/5/utt2spk --update-flags=vMwSctu "--gselect=ark,s,cs:gunzip -c exp/sgmm2_4c/gselect.5.gz|" --rand-prune=0.1 exp/sgmm2_4c/24.mdl "ark,s,cs:apply-cmvn  --utt2spk=ark:data/train/split16/5/utt2spk scp:data/train/split16/5/cmvn.scp scp:data/train/split16/5/feats.scp ark:- | transform-feats --utt2spk=ark:data/train/split16/5/utt2spk ark,s,cs:exp/tri3c_ali/raw_trans.5 ark:- ark:- | splice-feats  ark:- ark:- | transform-feats exp/tri3c_ali/final.mat ark:- ark:- |" "ark,s,cs:gunzip -c exp/sgmm2_4c/ali.5.gz | ali-to-post ark:- ark:-|" exp/sgmm2_4c/24.5.acc 
# Started at Tue Aug  2 16:38:45 BRT 2016
#
sgmm2-acc-stats --spk-vecs=ark:exp/sgmm2_4c/vecs.5 --utt2spk=ark:data/train/split16/5/utt2spk --update-flags=vMwSctu '--gselect=ark,s,cs:gunzip -c exp/sgmm2_4c/gselect.5.gz|' --rand-prune=0.1 exp/sgmm2_4c/24.mdl 'ark,s,cs:apply-cmvn  --utt2spk=ark:data/train/split16/5/utt2spk scp:data/train/split16/5/cmvn.scp scp:data/train/split16/5/feats.scp ark:- | transform-feats --utt2spk=ark:data/train/split16/5/utt2spk ark,s,cs:exp/tri3c_ali/raw_trans.5 ark:- ark:- | splice-feats  ark:- ark:- | transform-feats exp/tri3c_ali/final.mat ark:- ark:- |' 'ark,s,cs:gunzip -c exp/sgmm2_4c/ali.5.gz | ali-to-post ark:- ark:-|' exp/sgmm2_4c/24.5.acc 
splice-feats ark:- ark:- 
transform-feats --utt2spk=ark:data/train/split16/5/utt2spk ark,s,cs:exp/tri3c_ali/raw_trans.5 ark:- ark:- 
apply-cmvn --utt2spk=ark:data/train/split16/5/utt2spk scp:data/train/split16/5/cmvn.scp scp:data/train/split16/5/feats.scp ark:- 
transform-feats exp/tri3c_ali/final.mat ark:- ark:- 
ali-to-post ark:- ark:- 
LOG (sgmm2-acc-stats:main():sgmm2-acc-stats.cc:194) Processed 50 utterances; for utterance felipe_vnine-Sfelipe_vnine18 avg. like is -35.3863 over 2048 frames.
LOG (apply-cmvn:main():apply-cmvn.cc:146) Applied cepstral mean normalization to 60 utterances, errors on 0
LOG (ali-to-post:main():ali-to-post.cc:65) Converted 60 alignments.
LOG (transform-feats:main():transform-feats.cc:158) Overall average logdet is 0.123257 over 108062 frames.
LOG (transform-feats:main():transform-feats.cc:161) Applied transform to 60 utterances; 0 had errors.
LOG (transform-feats:main():transform-feats.cc:158) Overall average [pseudo-]logdet is -87.2258 over 108062 frames.
LOG (transform-feats:main():transform-feats.cc:161) Applied transform to 60 utterances; 0 had errors.
LOG (sgmm2-acc-stats:main():sgmm2-acc-stats.cc:203) Overall like per frame (Gaussian only) = -36.6423 over 108062 frames.
LOG (sgmm2-acc-stats:main():sgmm2-acc-stats.cc:206) Done 60 files, 0 with errors.
LOG (sgmm2-acc-stats:main():sgmm2-acc-stats.cc:215) Written accs.
# Accounting: time=26 threads=1
# Ended (code 0) at Tue Aug  2 16:39:11 BRT 2016, elapsed time 26 seconds
