# sgmm2-acc-stats --utt2spk=ark:data/train/split16/12/utt2spk --update-flags=vwcSt "--gselect=ark,s,cs:gunzip -c exp/sgmm2_4c/gselect.12.gz|" --rand-prune=0.1 exp/sgmm2_4c/0.mdl "ark,s,cs:apply-cmvn  --utt2spk=ark:data/train/split16/12/utt2spk scp:data/train/split16/12/cmvn.scp scp:data/train/split16/12/feats.scp ark:- | transform-feats --utt2spk=ark:data/train/split16/12/utt2spk ark,s,cs:exp/tri3c_ali/raw_trans.12 ark:- ark:- | splice-feats  ark:- ark:- | transform-feats exp/tri3c_ali/final.mat ark:- ark:- |" "ark,s,cs:gunzip -c exp/sgmm2_4c/ali.12.gz | ali-to-post ark:- ark:-|" exp/sgmm2_4c/0.12.acc 
# Started at Wed Jun 22 14:11:28 BRT 2016
#
sgmm2-acc-stats --utt2spk=ark:data/train/split16/12/utt2spk --update-flags=vwcSt '--gselect=ark,s,cs:gunzip -c exp/sgmm2_4c/gselect.12.gz|' --rand-prune=0.1 exp/sgmm2_4c/0.mdl 'ark,s,cs:apply-cmvn  --utt2spk=ark:data/train/split16/12/utt2spk scp:data/train/split16/12/cmvn.scp scp:data/train/split16/12/feats.scp ark:- | transform-feats --utt2spk=ark:data/train/split16/12/utt2spk ark,s,cs:exp/tri3c_ali/raw_trans.12 ark:- ark:- | splice-feats  ark:- ark:- | transform-feats exp/tri3c_ali/final.mat ark:- ark:- |' 'ark,s,cs:gunzip -c exp/sgmm2_4c/ali.12.gz | ali-to-post ark:- ark:-|' exp/sgmm2_4c/0.12.acc 
transform-feats exp/tri3c_ali/final.mat ark:- ark:- 
splice-feats ark:- ark:- 
transform-feats --utt2spk=ark:data/train/split16/12/utt2spk ark,s,cs:exp/tri3c_ali/raw_trans.12 ark:- ark:- 
apply-cmvn --utt2spk=ark:data/train/split16/12/utt2spk scp:data/train/split16/12/cmvn.scp scp:data/train/split16/12/feats.scp ark:- 
ali-to-post ark:- ark:- 
LOG (apply-cmvn:main():apply-cmvn.cc:146) Applied cepstral mean normalization to 20 utterances, errors on 0
LOG (ali-to-post:main():ali-to-post.cc:65) Converted 20 alignments.
LOG (transform-feats:main():transform-feats.cc:158) Overall average logdet is -0.210065 over 38705 frames.
LOG (transform-feats:main():transform-feats.cc:161) Applied transform to 20 utterances; 0 had errors.
LOG (transform-feats:main():transform-feats.cc:158) Overall average [pseudo-]logdet is -85.9813 over 38705 frames.
LOG (transform-feats:main():transform-feats.cc:161) Applied transform to 20 utterances; 0 had errors.
LOG (sgmm2-acc-stats:main():sgmm2-acc-stats.cc:203) Overall like per frame (Gaussian only) = -46.2604 over 38705 frames.
LOG (sgmm2-acc-stats:main():sgmm2-acc-stats.cc:206) Done 20 files, 0 with errors.
LOG (sgmm2-acc-stats:main():sgmm2-acc-stats.cc:215) Written accs.
# Accounting: time=6 threads=1
# Ended (code 0) at Wed Jun 22 14:11:34 BRT 2016, elapsed time 6 seconds
