# sgmm2-acc-stats --spk-vecs=ark:exp/sgmm2_4c/vecs.4 --utt2spk=ark:data/train/split16/4/utt2spk --update-flags=vNwSctu "--gselect=ark,s,cs:gunzip -c exp/sgmm2_4c/gselect.4.gz|" --rand-prune=0.1 exp/sgmm2_4c/17.mdl "ark,s,cs:apply-cmvn  --utt2spk=ark:data/train/split16/4/utt2spk scp:data/train/split16/4/cmvn.scp scp:data/train/split16/4/feats.scp ark:- | transform-feats --utt2spk=ark:data/train/split16/4/utt2spk ark,s,cs:exp/tri3c_ali/raw_trans.4 ark:- ark:- | splice-feats  ark:- ark:- | transform-feats exp/tri3c_ali/final.mat ark:- ark:- |" "ark,s,cs:gunzip -c exp/sgmm2_4c/ali.4.gz | ali-to-post ark:- ark:-|" exp/sgmm2_4c/17.4.acc 
# Started at Tue Aug  2 16:31:18 BRT 2016
#
sgmm2-acc-stats --spk-vecs=ark:exp/sgmm2_4c/vecs.4 --utt2spk=ark:data/train/split16/4/utt2spk --update-flags=vNwSctu '--gselect=ark,s,cs:gunzip -c exp/sgmm2_4c/gselect.4.gz|' --rand-prune=0.1 exp/sgmm2_4c/17.mdl 'ark,s,cs:apply-cmvn  --utt2spk=ark:data/train/split16/4/utt2spk scp:data/train/split16/4/cmvn.scp scp:data/train/split16/4/feats.scp ark:- | transform-feats --utt2spk=ark:data/train/split16/4/utt2spk ark,s,cs:exp/tri3c_ali/raw_trans.4 ark:- ark:- | splice-feats  ark:- ark:- | transform-feats exp/tri3c_ali/final.mat ark:- ark:- |' 'ark,s,cs:gunzip -c exp/sgmm2_4c/ali.4.gz | ali-to-post ark:- ark:-|' exp/sgmm2_4c/17.4.acc 
apply-cmvn --utt2spk=ark:data/train/split16/4/utt2spk scp:data/train/split16/4/cmvn.scp scp:data/train/split16/4/feats.scp ark:- 
transform-feats --utt2spk=ark:data/train/split16/4/utt2spk ark,s,cs:exp/tri3c_ali/raw_trans.4 ark:- ark:- 
transform-feats exp/tri3c_ali/final.mat ark:- ark:- 
splice-feats ark:- ark:- 
ali-to-post ark:- ark:- 
LOG (apply-cmvn:main():apply-cmvn.cc:146) Applied cepstral mean normalization to 39 utterances, errors on 0
LOG (ali-to-post:main():ali-to-post.cc:65) Converted 39 alignments.
LOG (transform-feats:main():transform-feats.cc:158) Overall average logdet is 0.394195 over 71269 frames.
LOG (transform-feats:main():transform-feats.cc:161) Applied transform to 39 utterances; 0 had errors.
LOG (transform-feats:main():transform-feats.cc:158) Overall average [pseudo-]logdet is -87.2258 over 71269 frames.
LOG (transform-feats:main():transform-feats.cc:161) Applied transform to 39 utterances; 0 had errors.
LOG (sgmm2-acc-stats:main():sgmm2-acc-stats.cc:203) Overall like per frame (Gaussian only) = -36.6023 over 71269 frames.
LOG (sgmm2-acc-stats:main():sgmm2-acc-stats.cc:206) Done 39 files, 0 with errors.
LOG (sgmm2-acc-stats:main():sgmm2-acc-stats.cc:215) Written accs.
# Accounting: time=29 threads=1
# Ended (code 0) at Tue Aug  2 16:31:47 BRT 2016, elapsed time 29 seconds
