# sgmm2-acc-stats --utt2spk=ark:data/train/split12/1/utt2spk --update-flags=vwcSt "--gselect=ark,s,cs:gunzip -c exp/sgmm2_4c/gselect.1.gz|" --rand-prune=0.1 exp/sgmm2_4c/0.mdl "ark,s,cs:apply-cmvn  --utt2spk=ark:data/train/split12/1/utt2spk scp:data/train/split12/1/cmvn.scp scp:data/train/split12/1/feats.scp ark:- | transform-feats --utt2spk=ark:data/train/split12/1/utt2spk ark,s,cs:exp/tri3c_ali/raw_trans.1 ark:- ark:- | splice-feats  ark:- ark:- | transform-feats exp/tri3c_ali/final.mat ark:- ark:- |" "ark,s,cs:gunzip -c exp/sgmm2_4c/ali.1.gz | ali-to-post ark:- ark:-|" exp/sgmm2_4c/0.1.acc 
# Started at Fri Jun 17 14:44:53 BRT 2016
#
sgmm2-acc-stats --utt2spk=ark:data/train/split12/1/utt2spk --update-flags=vwcSt '--gselect=ark,s,cs:gunzip -c exp/sgmm2_4c/gselect.1.gz|' --rand-prune=0.1 exp/sgmm2_4c/0.mdl 'ark,s,cs:apply-cmvn  --utt2spk=ark:data/train/split12/1/utt2spk scp:data/train/split12/1/cmvn.scp scp:data/train/split12/1/feats.scp ark:- | transform-feats --utt2spk=ark:data/train/split12/1/utt2spk ark,s,cs:exp/tri3c_ali/raw_trans.1 ark:- ark:- | splice-feats  ark:- ark:- | transform-feats exp/tri3c_ali/final.mat ark:- ark:- |' 'ark,s,cs:gunzip -c exp/sgmm2_4c/ali.1.gz | ali-to-post ark:- ark:-|' exp/sgmm2_4c/0.1.acc 
splice-feats ark:- ark:- 
transform-feats --utt2spk=ark:data/train/split12/1/utt2spk ark,s,cs:exp/tri3c_ali/raw_trans.1 ark:- ark:- 
apply-cmvn --utt2spk=ark:data/train/split12/1/utt2spk scp:data/train/split12/1/cmvn.scp scp:data/train/split12/1/feats.scp ark:- 
transform-feats exp/tri3c_ali/final.mat ark:- ark:- 
ali-to-post ark:- ark:- 
WARNING (sgmm2-acc-stats:main():sgmm2-acc-stats.cc:145) No posterior info available for utterance eduardo_Seduardo16 (or wrong size)
WARNING (sgmm2-acc-stats:main():sgmm2-acc-stats.cc:145) No posterior info available for utterance eduardo_Seduardo4 (or wrong size)
LOG (apply-cmvn:main():apply-cmvn.cc:146) Applied cepstral mean normalization to 20 utterances, errors on 0
LOG (ali-to-post:main():ali-to-post.cc:65) Converted 18 alignments.
LOG (transform-feats:main():transform-feats.cc:158) Overall average logdet is -0.764785 over 23996 frames.
LOG (transform-feats:main():transform-feats.cc:161) Applied transform to 20 utterances; 0 had errors.
LOG (transform-feats:main():transform-feats.cc:158) Overall average [pseudo-]logdet is -87.7405 over 23996 frames.
LOG (transform-feats:main():transform-feats.cc:161) Applied transform to 20 utterances; 0 had errors.
LOG (sgmm2-acc-stats:main():sgmm2-acc-stats.cc:203) Overall like per frame (Gaussian only) = -49.3422 over 21499 frames.
LOG (sgmm2-acc-stats:main():sgmm2-acc-stats.cc:206) Done 18 files, 2 with errors.
LOG (sgmm2-acc-stats:main():sgmm2-acc-stats.cc:215) Written accs.
# Accounting: time=11 threads=1
# Ended (code 0) at Fri Jun 17 14:45:04 BRT 2016, elapsed time 11 seconds
