# sgmm2-acc-stats --utt2spk=ark:data/train/split16/11/utt2spk --update-flags=vwcSt "--gselect=ark,s,cs:gunzip -c exp/sgmm2_4c/gselect.11.gz|" --rand-prune=0.1 exp/sgmm2_4c/0.mdl "ark,s,cs:apply-cmvn  --utt2spk=ark:data/train/split16/11/utt2spk scp:data/train/split16/11/cmvn.scp scp:data/train/split16/11/feats.scp ark:- | transform-feats --utt2spk=ark:data/train/split16/11/utt2spk ark,s,cs:exp/tri3c_ali/raw_trans.11 ark:- ark:- | splice-feats  ark:- ark:- | transform-feats exp/tri3c_ali/final.mat ark:- ark:- |" "ark,s,cs:gunzip -c exp/sgmm2_4c/ali.11.gz | ali-to-post ark:- ark:-|" exp/sgmm2_4c/0.11.acc 
# Started at Wed Jun 22 14:11:28 BRT 2016
#
sgmm2-acc-stats --utt2spk=ark:data/train/split16/11/utt2spk --update-flags=vwcSt '--gselect=ark,s,cs:gunzip -c exp/sgmm2_4c/gselect.11.gz|' --rand-prune=0.1 exp/sgmm2_4c/0.mdl 'ark,s,cs:apply-cmvn  --utt2spk=ark:data/train/split16/11/utt2spk scp:data/train/split16/11/cmvn.scp scp:data/train/split16/11/feats.scp ark:- | transform-feats --utt2spk=ark:data/train/split16/11/utt2spk ark,s,cs:exp/tri3c_ali/raw_trans.11 ark:- ark:- | splice-feats  ark:- ark:- | transform-feats exp/tri3c_ali/final.mat ark:- ark:- |' 'ark,s,cs:gunzip -c exp/sgmm2_4c/ali.11.gz | ali-to-post ark:- ark:-|' exp/sgmm2_4c/0.11.acc 
transform-feats exp/tri3c_ali/final.mat ark:- ark:- 
transform-feats --utt2spk=ark:data/train/split16/11/utt2spk ark,s,cs:exp/tri3c_ali/raw_trans.11 ark:- ark:- 
splice-feats ark:- ark:- 
apply-cmvn --utt2spk=ark:data/train/split16/11/utt2spk scp:data/train/split16/11/cmvn.scp scp:data/train/split16/11/feats.scp ark:- 
ali-to-post ark:- ark:- 
LOG (apply-cmvn:main():apply-cmvn.cc:146) Applied cepstral mean normalization to 10 utterances, errors on 0
LOG (transform-feats:main():transform-feats.cc:158) Overall average logdet is 0.933179 over 18420 frames.
LOG (transform-feats:main():transform-feats.cc:161) Applied transform to 10 utterances; 0 had errors.
LOG (ali-to-post:main():ali-to-post.cc:65) Converted 10 alignments.
LOG (transform-feats:main():transform-feats.cc:158) Overall average [pseudo-]logdet is -85.9813 over 18420 frames.
LOG (transform-feats:main():transform-feats.cc:161) Applied transform to 10 utterances; 0 had errors.
LOG (sgmm2-acc-stats:main():sgmm2-acc-stats.cc:203) Overall like per frame (Gaussian only) = -44.1284 over 18420 frames.
LOG (sgmm2-acc-stats:main():sgmm2-acc-stats.cc:206) Done 10 files, 0 with errors.
LOG (sgmm2-acc-stats:main():sgmm2-acc-stats.cc:215) Written accs.
# Accounting: time=3 threads=1
# Ended (code 0) at Wed Jun 22 14:11:31 BRT 2016, elapsed time 3 seconds
