# sgmm2-acc-stats --spk-vecs=ark:exp/sgmm2_4c/vecs.10 --utt2spk=ark:data/train/split12/10/utt2spk --update-flags=vMwSctu "--gselect=ark,s,cs:gunzip -c exp/sgmm2_4c/gselect.10.gz|" --rand-prune=0.1 exp/sgmm2_4c/16.mdl "ark,s,cs:apply-cmvn  --utt2spk=ark:data/train/split12/10/utt2spk scp:data/train/split12/10/cmvn.scp scp:data/train/split12/10/feats.scp ark:- | transform-feats --utt2spk=ark:data/train/split12/10/utt2spk ark,s,cs:exp/tri3c_ali/raw_trans.10 ark:- ark:- | splice-feats  ark:- ark:- | transform-feats exp/tri3c_ali/final.mat ark:- ark:- |" "ark,s,cs:gunzip -c exp/sgmm2_4c/ali.10.gz | ali-to-post ark:- ark:-|" exp/sgmm2_4c/16.10.acc 
# Started at Fri Jun 17 15:00:58 BRT 2016
#
sgmm2-acc-stats --spk-vecs=ark:exp/sgmm2_4c/vecs.10 --utt2spk=ark:data/train/split12/10/utt2spk --update-flags=vMwSctu '--gselect=ark,s,cs:gunzip -c exp/sgmm2_4c/gselect.10.gz|' --rand-prune=0.1 exp/sgmm2_4c/16.mdl 'ark,s,cs:apply-cmvn  --utt2spk=ark:data/train/split12/10/utt2spk scp:data/train/split12/10/cmvn.scp scp:data/train/split12/10/feats.scp ark:- | transform-feats --utt2spk=ark:data/train/split12/10/utt2spk ark,s,cs:exp/tri3c_ali/raw_trans.10 ark:- ark:- | splice-feats  ark:- ark:- | transform-feats exp/tri3c_ali/final.mat ark:- ark:- |' 'ark,s,cs:gunzip -c exp/sgmm2_4c/ali.10.gz | ali-to-post ark:- ark:-|' exp/sgmm2_4c/16.10.acc 
transform-feats --utt2spk=ark:data/train/split12/10/utt2spk ark,s,cs:exp/tri3c_ali/raw_trans.10 ark:- ark:- 
transform-feats exp/tri3c_ali/final.mat ark:- ark:- 
apply-cmvn --utt2spk=ark:data/train/split12/10/utt2spk scp:data/train/split12/10/cmvn.scp scp:data/train/split12/10/feats.scp ark:- 
splice-feats ark:- ark:- 
ali-to-post ark:- ark:- 
LOG (apply-cmvn:main():apply-cmvn.cc:146) Applied cepstral mean normalization to 20 utterances, errors on 0
LOG (ali-to-post:main():ali-to-post.cc:65) Converted 20 alignments.
LOG (transform-feats:main():transform-feats.cc:158) Overall average logdet is -0.382405 over 33790 frames.
LOG (transform-feats:main():transform-feats.cc:161) Applied transform to 20 utterances; 0 had errors.
LOG (transform-feats:main():transform-feats.cc:158) Overall average [pseudo-]logdet is -87.7405 over 33790 frames.
LOG (transform-feats:main():transform-feats.cc:161) Applied transform to 20 utterances; 0 had errors.
LOG (sgmm2-acc-stats:main():sgmm2-acc-stats.cc:203) Overall like per frame (Gaussian only) = -35.4824 over 33790 frames.
LOG (sgmm2-acc-stats:main():sgmm2-acc-stats.cc:206) Done 20 files, 0 with errors.
LOG (sgmm2-acc-stats:main():sgmm2-acc-stats.cc:215) Written accs.
# Accounting: time=17 threads=1
# Ended (code 0) at Fri Jun 17 15:01:15 BRT 2016, elapsed time 17 seconds
