# ali-to-post "ark:gunzip -c exp/sgmm2_4c/ali.1.gz|" ark:- | sgmm2-post-to-gpost --spk-vecs=ark:exp/sgmm2_4c/vecs.1 "--gselect=ark,s,cs:gunzip -c exp/sgmm2_4c/gselect.1.gz|" --utt2spk=ark:data/train/split16/1/utt2spk exp/sgmm2_4c/25.mdl "ark,s,cs:apply-cmvn  --utt2spk=ark:data/train/split16/1/utt2spk scp:data/train/split16/1/cmvn.scp scp:data/train/split16/1/feats.scp ark:- | transform-feats --utt2spk=ark:data/train/split16/1/utt2spk ark,s,cs:exp/tri3c_ali/raw_trans.1 ark:- ark:- | splice-feats  ark:- ark:- | transform-feats exp/tri3c_ali/final.mat ark:- ark:- |" ark,s,cs:- ark:- | sgmm2-acc-stats-gpost --rand-prune=0.1 --update-flags=vMwcS exp/sgmm2_4c/26.alimdl "ark,s,cs:apply-cmvn  --utt2spk=ark:data/train/split16/1/utt2spk scp:data/train/split16/1/cmvn.scp scp:data/train/split16/1/feats.scp ark:- | transform-feats --utt2spk=ark:data/train/split16/1/utt2spk ark,s,cs:exp/tri3c_ali/raw_trans.1 ark:- ark:- | splice-feats  ark:- ark:- | transform-feats exp/tri3c_ali/final.mat ark:- ark:- |" ark,s,cs:- exp/sgmm2_4c/26.1.aliacc 
# Started at Wed Jun 22 14:44:07 BRT 2016
#
ali-to-post 'ark:gunzip -c exp/sgmm2_4c/ali.1.gz|' ark:- 
sgmm2-post-to-gpost --spk-vecs=ark:exp/sgmm2_4c/vecs.1 '--gselect=ark,s,cs:gunzip -c exp/sgmm2_4c/gselect.1.gz|' --utt2spk=ark:data/train/split16/1/utt2spk exp/sgmm2_4c/25.mdl 'ark,s,cs:apply-cmvn  --utt2spk=ark:data/train/split16/1/utt2spk scp:data/train/split16/1/cmvn.scp scp:data/train/split16/1/feats.scp ark:- | transform-feats --utt2spk=ark:data/train/split16/1/utt2spk ark,s,cs:exp/tri3c_ali/raw_trans.1 ark:- ark:- | splice-feats  ark:- ark:- | transform-feats exp/tri3c_ali/final.mat ark:- ark:- |' ark,s,cs:- ark:- 
sgmm2-acc-stats-gpost --rand-prune=0.1 --update-flags=vMwcS exp/sgmm2_4c/26.alimdl 'ark,s,cs:apply-cmvn  --utt2spk=ark:data/train/split16/1/utt2spk scp:data/train/split16/1/cmvn.scp scp:data/train/split16/1/feats.scp ark:- | transform-feats --utt2spk=ark:data/train/split16/1/utt2spk ark,s,cs:exp/tri3c_ali/raw_trans.1 ark:- ark:- | splice-feats  ark:- ark:- | transform-feats exp/tri3c_ali/final.mat ark:- ark:- |' ark,s,cs:- exp/sgmm2_4c/26.1.aliacc 
transform-feats --utt2spk=ark:data/train/split16/1/utt2spk ark,s,cs:exp/tri3c_ali/raw_trans.1 ark:- ark:- 
apply-cmvn --utt2spk=ark:data/train/split16/1/utt2spk scp:data/train/split16/1/cmvn.scp scp:data/train/split16/1/feats.scp ark:- 
splice-feats ark:- ark:- 
transform-feats exp/tri3c_ali/final.mat ark:- ark:- 
splice-feats ark:- ark:- 
transform-feats exp/tri3c_ali/final.mat ark:- ark:- 
transform-feats --utt2spk=ark:data/train/split16/1/utt2spk ark,s,cs:exp/tri3c_ali/raw_trans.1 ark:- ark:- 
apply-cmvn --utt2spk=ark:data/train/split16/1/utt2spk scp:data/train/split16/1/cmvn.scp scp:data/train/split16/1/feats.scp ark:- 
LOG (sgmm2-post-to-gpost:main():sgmm2-post-to-gpost.cc:168) Avg like per frame so far is -37.6845
WARNING (sgmm2-post-to-gpost:main():sgmm2-post-to-gpost.cc:93) No posteriors available for utterance eduardo_Seduardo4 (or wrong size)
LOG (apply-cmvn:main():apply-cmvn.cc:146) Applied cepstral mean normalization to 20 utterances, errors on 0
LOG (ali-to-post:main():ali-to-post.cc:65) Converted 19 alignments.
WARNING (sgmm2-acc-stats-gpost:main():sgmm2-acc-stats-gpost.cc:130) No Gaussian-posterior information for utterance eduardo_Seduardo4 (or wrong size).
LOG (apply-cmvn:main():apply-cmvn.cc:146) Applied cepstral mean normalization to 20 utterances, errors on 0
LOG (transform-feats:main():transform-feats.cc:158) Overall average logdet is -0.920182 over 23996 frames.
LOG (transform-feats:main():transform-feats.cc:161) Applied transform to 20 utterances; 0 had errors.
LOG (transform-feats:main():transform-feats.cc:158) Overall average logdet is -0.920182 over 23996 frames.
LOG (transform-feats:main():transform-feats.cc:161) Applied transform to 20 utterances; 0 had errors.
LOG (transform-feats:main():transform-feats.cc:158) Overall average [pseudo-]logdet is -85.9813 over 23996 frames.
LOG (transform-feats:main():transform-feats.cc:161) Applied transform to 20 utterances; 0 had errors.
LOG (transform-feats:main():transform-feats.cc:158) Overall average [pseudo-]logdet is -85.9813 over 23996 frames.
LOG (transform-feats:main():transform-feats.cc:161) Applied transform to 20 utterances; 0 had errors.
LOG (sgmm2-post-to-gpost:main():sgmm2-post-to-gpost.cc:173) Overall like per frame (Gaussian only) = -37.6426 over 22760 frames.
LOG (sgmm2-post-to-gpost:main():sgmm2-post-to-gpost.cc:176) Done 19 files, 1 with errors.
LOG (sgmm2-acc-stats-gpost:main():sgmm2-acc-stats-gpost.cc:164) Overall number of frames is 22760
LOG (sgmm2-acc-stats-gpost:main():sgmm2-acc-stats-gpost.cc:165) Done 19 files, 1 with errors.
LOG (sgmm2-acc-stats-gpost:main():sgmm2-acc-stats-gpost.cc:173) Written accs.
# Accounting: time=6 threads=1
# Ended (code 0) at Wed Jun 22 14:44:13 BRT 2016, elapsed time 6 seconds
