# ali-to-post "ark:gunzip -c exp/sgmm2_4c/ali.2.gz|" ark:- | sgmm2-post-to-gpost --spk-vecs=ark:exp/sgmm2_4c/vecs.2 "--gselect=ark,s,cs:gunzip -c exp/sgmm2_4c/gselect.2.gz|" --utt2spk=ark:data/train/split16/2/utt2spk exp/sgmm2_4c/25.mdl "ark,s,cs:apply-cmvn  --utt2spk=ark:data/train/split16/2/utt2spk scp:data/train/split16/2/cmvn.scp scp:data/train/split16/2/feats.scp ark:- | transform-feats --utt2spk=ark:data/train/split16/2/utt2spk ark,s,cs:exp/tri3c_ali/raw_trans.2 ark:- ark:- | splice-feats  ark:- ark:- | transform-feats exp/tri3c_ali/final.mat ark:- ark:- |" ark,s,cs:- ark:- | sgmm2-acc-stats-gpost --rand-prune=0.1 --update-flags=vMwcS exp/sgmm2_4c/26.alimdl "ark,s,cs:apply-cmvn  --utt2spk=ark:data/train/split16/2/utt2spk scp:data/train/split16/2/cmvn.scp scp:data/train/split16/2/feats.scp ark:- | transform-feats --utt2spk=ark:data/train/split16/2/utt2spk ark,s,cs:exp/tri3c_ali/raw_trans.2 ark:- ark:- | splice-feats  ark:- ark:- | transform-feats exp/tri3c_ali/final.mat ark:- ark:- |" ark,s,cs:- exp/sgmm2_4c/26.2.aliacc 
# Started at Tue Aug  2 16:40:28 BRT 2016
#
ali-to-post 'ark:gunzip -c exp/sgmm2_4c/ali.2.gz|' ark:- 
sgmm2-acc-stats-gpost --rand-prune=0.1 --update-flags=vMwcS exp/sgmm2_4c/26.alimdl 'ark,s,cs:apply-cmvn  --utt2spk=ark:data/train/split16/2/utt2spk scp:data/train/split16/2/cmvn.scp scp:data/train/split16/2/feats.scp ark:- | transform-feats --utt2spk=ark:data/train/split16/2/utt2spk ark,s,cs:exp/tri3c_ali/raw_trans.2 ark:- ark:- | splice-feats  ark:- ark:- | transform-feats exp/tri3c_ali/final.mat ark:- ark:- |' ark,s,cs:- exp/sgmm2_4c/26.2.aliacc 
sgmm2-post-to-gpost --spk-vecs=ark:exp/sgmm2_4c/vecs.2 '--gselect=ark,s,cs:gunzip -c exp/sgmm2_4c/gselect.2.gz|' --utt2spk=ark:data/train/split16/2/utt2spk exp/sgmm2_4c/25.mdl 'ark,s,cs:apply-cmvn  --utt2spk=ark:data/train/split16/2/utt2spk scp:data/train/split16/2/cmvn.scp scp:data/train/split16/2/feats.scp ark:- | transform-feats --utt2spk=ark:data/train/split16/2/utt2spk ark,s,cs:exp/tri3c_ali/raw_trans.2 ark:- ark:- | splice-feats  ark:- ark:- | transform-feats exp/tri3c_ali/final.mat ark:- ark:- |' ark,s,cs:- ark:- 
apply-cmvn --utt2spk=ark:data/train/split16/2/utt2spk scp:data/train/split16/2/cmvn.scp scp:data/train/split16/2/feats.scp ark:- 
splice-feats ark:- ark:- 
transform-feats --utt2spk=ark:data/train/split16/2/utt2spk ark,s,cs:exp/tri3c_ali/raw_trans.2 ark:- ark:- 
transform-feats exp/tri3c_ali/final.mat ark:- ark:- 
transform-feats exp/tri3c_ali/final.mat ark:- ark:- 
splice-feats ark:- ark:- 
apply-cmvn --utt2spk=ark:data/train/split16/2/utt2spk scp:data/train/split16/2/cmvn.scp scp:data/train/split16/2/feats.scp ark:- 
transform-feats --utt2spk=ark:data/train/split16/2/utt2spk ark,s,cs:exp/tri3c_ali/raw_trans.2 ark:- ark:- 
LOG (sgmm2-post-to-gpost:main():sgmm2-post-to-gpost.cc:168) Avg like per frame so far is -39.2246
LOG (sgmm2-post-to-gpost:main():sgmm2-post-to-gpost.cc:168) Avg like per frame so far is -38.6505
LOG (apply-cmvn:main():apply-cmvn.cc:146) Applied cepstral mean normalization to 30 utterances, errors on 0
LOG (apply-cmvn:main():apply-cmvn.cc:146) Applied cepstral mean normalization to 30 utterances, errors on 0
LOG (ali-to-post:main():ali-to-post.cc:65) Converted 30 alignments.
LOG (transform-feats:main():transform-feats.cc:158) Overall average logdet is -0.624568 over 36478 frames.
LOG (transform-feats:main():transform-feats.cc:161) Applied transform to 30 utterances; 0 had errors.
LOG (transform-feats:main():transform-feats.cc:158) Overall average logdet is -0.624568 over 36478 frames.
LOG (transform-feats:main():transform-feats.cc:161) Applied transform to 30 utterances; 0 had errors.
LOG (transform-feats:main():transform-feats.cc:158) Overall average [pseudo-]logdet is -87.2258 over 36478 frames.
LOG (transform-feats:main():transform-feats.cc:161) Applied transform to 30 utterances; 0 had errors.
LOG (transform-feats:main():transform-feats.cc:158) Overall average [pseudo-]logdet is -87.2258 over 36478 frames.
LOG (transform-feats:main():transform-feats.cc:161) Applied transform to 30 utterances; 0 had errors.
LOG (sgmm2-post-to-gpost:main():sgmm2-post-to-gpost.cc:168) Avg like per frame so far is -38.591
LOG (sgmm2-post-to-gpost:main():sgmm2-post-to-gpost.cc:173) Overall like per frame (Gaussian only) = -38.591 over 36478 frames.
LOG (sgmm2-post-to-gpost:main():sgmm2-post-to-gpost.cc:176) Done 30 files, 0 with errors.
LOG (sgmm2-acc-stats-gpost:main():sgmm2-acc-stats-gpost.cc:164) Overall number of frames is 36478
LOG (sgmm2-acc-stats-gpost:main():sgmm2-acc-stats-gpost.cc:165) Done 30 files, 0 with errors.
LOG (sgmm2-acc-stats-gpost:main():sgmm2-acc-stats-gpost.cc:173) Written accs.
# Accounting: time=7 threads=1
# Ended (code 0) at Tue Aug  2 16:40:35 BRT 2016, elapsed time 7 seconds
