# sgmm2-align-compiled --transition-scale=1.0 --acoustic-scale=0.1 --self-loop-scale=0.1 "--gselect=ark,s,cs:gunzip -c exp/sgmm2_4c/gselect.4.gz|" --utt2spk=ark:data/train/split16/4/utt2spk --beam=8 --retry-beam=40 exp/sgmm2_4c/5.mdl "ark:gunzip -c exp/sgmm2_4c/fsts.4.gz|" "ark,s,cs:apply-cmvn  --utt2spk=ark:data/train/split16/4/utt2spk scp:data/train/split16/4/cmvn.scp scp:data/train/split16/4/feats.scp ark:- | transform-feats --utt2spk=ark:data/train/split16/4/utt2spk ark,s,cs:exp/tri3c_ali/raw_trans.4 ark:- ark:- | splice-feats  ark:- ark:- | transform-feats exp/tri3c_ali/final.mat ark:- ark:- |" "ark:|gzip -c >exp/sgmm2_4c/ali.4.gz" 
# Started at Tue Aug  2 16:16:44 BRT 2016
#
sgmm2-align-compiled --transition-scale=1.0 --acoustic-scale=0.1 --self-loop-scale=0.1 '--gselect=ark,s,cs:gunzip -c exp/sgmm2_4c/gselect.4.gz|' --utt2spk=ark:data/train/split16/4/utt2spk --beam=8 --retry-beam=40 exp/sgmm2_4c/5.mdl 'ark:gunzip -c exp/sgmm2_4c/fsts.4.gz|' 'ark,s,cs:apply-cmvn  --utt2spk=ark:data/train/split16/4/utt2spk scp:data/train/split16/4/cmvn.scp scp:data/train/split16/4/feats.scp ark:- | transform-feats --utt2spk=ark:data/train/split16/4/utt2spk ark,s,cs:exp/tri3c_ali/raw_trans.4 ark:- ark:- | splice-feats  ark:- ark:- | transform-feats exp/tri3c_ali/final.mat ark:- ark:- |' 'ark:|gzip -c >exp/sgmm2_4c/ali.4.gz' 
splice-feats ark:- ark:- 
transform-feats exp/tri3c_ali/final.mat ark:- ark:- 
transform-feats --utt2spk=ark:data/train/split16/4/utt2spk ark,s,cs:exp/tri3c_ali/raw_trans.4 ark:- ark:- 
apply-cmvn --utt2spk=ark:data/train/split16/4/utt2spk scp:data/train/split16/4/cmvn.scp scp:data/train/split16/4/feats.scp ark:- 
WARNING (sgmm2-align-compiled:AlignUtteranceWrapper():decoder-wrappers.cc:466) Retrying utterance felipe_veight-Sfelipe_veight1 with beam 40
LOG (apply-cmvn:main():apply-cmvn.cc:146) Applied cepstral mean normalization to 39 utterances, errors on 0
LOG (transform-feats:main():transform-feats.cc:158) Overall average logdet is 0.394195 over 71269 frames.
LOG (transform-feats:main():transform-feats.cc:161) Applied transform to 39 utterances; 0 had errors.
WARNING (sgmm2-align-compiled:main():sgmm2-align-compiled.cc:113) No feature found for utterance felipe_veight-Sfelipe_veight7
LOG (transform-feats:main():transform-feats.cc:158) Overall average [pseudo-]logdet is -87.2258 over 71269 frames.
LOG (transform-feats:main():transform-feats.cc:161) Applied transform to 39 utterances; 0 had errors.
LOG (sgmm2-align-compiled:main():sgmm2-align-compiled.cc:168) Overall log-likelihood per frame is -40.5718 over 71269 frames.
LOG (sgmm2-align-compiled:main():sgmm2-align-compiled.cc:170) Retried 1 out of 40 utterances.
LOG (sgmm2-align-compiled:main():sgmm2-align-compiled.cc:172) Done 39, errors on 1
# Accounting: time=25 threads=1
# Ended (code 0) at Tue Aug  2 16:17:09 BRT 2016, elapsed time 25 seconds
