# sgmm2-gselect exp/sgmm2_4c/0.mdl "ark,s,cs:apply-cmvn  --utt2spk=ark:data/train/split16/4/utt2spk scp:data/train/split16/4/cmvn.scp scp:data/train/split16/4/feats.scp ark:- | transform-feats --utt2spk=ark:data/train/split16/4/utt2spk ark,s,cs:exp/tri3c_ali/raw_trans.4 ark:- ark:- | splice-feats  ark:- ark:- | transform-feats exp/tri3c_ali/final.mat ark:- ark:- |" "ark,t:|gzip -c >exp/sgmm2_4c/gselect.4.gz" 
# Started at Tue Aug  2 16:13:22 BRT 2016
#
sgmm2-gselect exp/sgmm2_4c/0.mdl 'ark,s,cs:apply-cmvn  --utt2spk=ark:data/train/split16/4/utt2spk scp:data/train/split16/4/cmvn.scp scp:data/train/split16/4/feats.scp ark:- | transform-feats --utt2spk=ark:data/train/split16/4/utt2spk ark,s,cs:exp/tri3c_ali/raw_trans.4 ark:- ark:- | splice-feats  ark:- ark:- | transform-feats exp/tri3c_ali/final.mat ark:- ark:- |' 'ark,t:|gzip -c >exp/sgmm2_4c/gselect.4.gz' 
transform-feats --utt2spk=ark:data/train/split16/4/utt2spk ark,s,cs:exp/tri3c_ali/raw_trans.4 ark:- ark:- 
transform-feats exp/tri3c_ali/final.mat ark:- ark:- 
apply-cmvn --utt2spk=ark:data/train/split16/4/utt2spk scp:data/train/split16/4/cmvn.scp scp:data/train/split16/4/feats.scp ark:- 
splice-feats ark:- ark:- 
LOG (sgmm2-gselect:main():sgmm2-gselect.cc:86) For 0'th file, average UBM likelihood over 1786 frames is -45.9234
LOG (sgmm2-gselect:main():sgmm2-gselect.cc:86) For 10'th file, average UBM likelihood over 1611 frames is -46.3589
LOG (sgmm2-gselect:main():sgmm2-gselect.cc:86) For 20'th file, average UBM likelihood over 1736 frames is -51.6775
LOG (sgmm2-gselect:main():sgmm2-gselect.cc:86) For 30'th file, average UBM likelihood over 2036 frames is -44.8707
LOG (apply-cmvn:main():apply-cmvn.cc:146) Applied cepstral mean normalization to 39 utterances, errors on 0
LOG (transform-feats:main():transform-feats.cc:158) Overall average logdet is 0.394195 over 71269 frames.
LOG (transform-feats:main():transform-feats.cc:161) Applied transform to 39 utterances; 0 had errors.
LOG (transform-feats:main():transform-feats.cc:158) Overall average [pseudo-]logdet is -87.2258 over 71269 frames.
LOG (transform-feats:main():transform-feats.cc:161) Applied transform to 39 utterances; 0 had errors.
LOG (sgmm2-gselect:main():sgmm2-gselect.cc:97) Done 39 files, 0 with errors, average UBM log-likelihood is -45.9008 over 71269 frames.
# Accounting: time=13 threads=1
# Ended (code 0) at Tue Aug  2 16:13:35 BRT 2016, elapsed time 13 seconds
