# sgmm2-gselect exp/sgmm2_4c/0.mdl "ark,s,cs:apply-cmvn  --utt2spk=ark:data/train/split16/5/utt2spk scp:data/train/split16/5/cmvn.scp scp:data/train/split16/5/feats.scp ark:- | transform-feats --utt2spk=ark:data/train/split16/5/utt2spk ark,s,cs:exp/tri3c_ali/raw_trans.5 ark:- ark:- | splice-feats  ark:- ark:- | transform-feats exp/tri3c_ali/final.mat ark:- ark:- |" "ark,t:|gzip -c >exp/sgmm2_4c/gselect.5.gz" 
# Started at Tue Aug  2 16:13:22 BRT 2016
#
sgmm2-gselect exp/sgmm2_4c/0.mdl 'ark,s,cs:apply-cmvn  --utt2spk=ark:data/train/split16/5/utt2spk scp:data/train/split16/5/cmvn.scp scp:data/train/split16/5/feats.scp ark:- | transform-feats --utt2spk=ark:data/train/split16/5/utt2spk ark,s,cs:exp/tri3c_ali/raw_trans.5 ark:- ark:- | splice-feats  ark:- ark:- | transform-feats exp/tri3c_ali/final.mat ark:- ark:- |' 'ark,t:|gzip -c >exp/sgmm2_4c/gselect.5.gz' 
splice-feats ark:- ark:- 
apply-cmvn --utt2spk=ark:data/train/split16/5/utt2spk scp:data/train/split16/5/cmvn.scp scp:data/train/split16/5/feats.scp ark:- 
transform-feats exp/tri3c_ali/final.mat ark:- ark:- 
transform-feats --utt2spk=ark:data/train/split16/5/utt2spk ark,s,cs:exp/tri3c_ali/raw_trans.5 ark:- ark:- 
LOG (sgmm2-gselect:main():sgmm2-gselect.cc:86) For 0'th file, average UBM likelihood over 1423 frames is -46.8321
LOG (sgmm2-gselect:main():sgmm2-gselect.cc:86) For 10'th file, average UBM likelihood over 1673 frames is -45.8024
LOG (sgmm2-gselect:main():sgmm2-gselect.cc:86) For 20'th file, average UBM likelihood over 1423 frames is -48.7159
LOG (sgmm2-gselect:main():sgmm2-gselect.cc:86) For 30'th file, average UBM likelihood over 1761 frames is -47.8942
LOG (sgmm2-gselect:main():sgmm2-gselect.cc:86) For 40'th file, average UBM likelihood over 1936 frames is -44.6995
LOG (sgmm2-gselect:main():sgmm2-gselect.cc:86) For 50'th file, average UBM likelihood over 2173 frames is -42.1117
LOG (apply-cmvn:main():apply-cmvn.cc:146) Applied cepstral mean normalization to 60 utterances, errors on 0
LOG (transform-feats:main():transform-feats.cc:158) Overall average logdet is 0.123257 over 108062 frames.
LOG (transform-feats:main():transform-feats.cc:161) Applied transform to 60 utterances; 0 had errors.
LOG (transform-feats:main():transform-feats.cc:158) Overall average [pseudo-]logdet is -87.2258 over 108062 frames.
LOG (transform-feats:main():transform-feats.cc:161) Applied transform to 60 utterances; 0 had errors.
LOG (sgmm2-gselect:main():sgmm2-gselect.cc:97) Done 60 files, 0 with errors, average UBM log-likelihood is -45.9458 over 108062 frames.
# Accounting: time=18 threads=1
# Ended (code 0) at Tue Aug  2 16:13:40 BRT 2016, elapsed time 18 seconds
