# sgmm2-gselect exp/sgmm2_4c/0.mdl "ark,s,cs:apply-cmvn  --utt2spk=ark:data/train/split16/6/utt2spk scp:data/train/split16/6/cmvn.scp scp:data/train/split16/6/feats.scp ark:- | transform-feats --utt2spk=ark:data/train/split16/6/utt2spk ark,s,cs:exp/tri3c_ali/raw_trans.6 ark:- ark:- | splice-feats  ark:- ark:- | transform-feats exp/tri3c_ali/final.mat ark:- ark:- |" "ark,t:|gzip -c >exp/sgmm2_4c/gselect.6.gz" 
# Started at Tue Aug  2 16:13:22 BRT 2016
#
sgmm2-gselect exp/sgmm2_4c/0.mdl 'ark,s,cs:apply-cmvn  --utt2spk=ark:data/train/split16/6/utt2spk scp:data/train/split16/6/cmvn.scp scp:data/train/split16/6/feats.scp ark:- | transform-feats --utt2spk=ark:data/train/split16/6/utt2spk ark,s,cs:exp/tri3c_ali/raw_trans.6 ark:- ark:- | splice-feats  ark:- ark:- | transform-feats exp/tri3c_ali/final.mat ark:- ark:- |' 'ark,t:|gzip -c >exp/sgmm2_4c/gselect.6.gz' 
transform-feats exp/tri3c_ali/final.mat ark:- ark:- 
splice-feats ark:- ark:- 
transform-feats --utt2spk=ark:data/train/split16/6/utt2spk ark,s,cs:exp/tri3c_ali/raw_trans.6 ark:- ark:- 
apply-cmvn --utt2spk=ark:data/train/split16/6/utt2spk scp:data/train/split16/6/cmvn.scp scp:data/train/split16/6/feats.scp ark:- 
LOG (sgmm2-gselect:main():sgmm2-gselect.cc:86) For 0'th file, average UBM likelihood over 2211 frames is -45.3633
LOG (sgmm2-gselect:main():sgmm2-gselect.cc:86) For 10'th file, average UBM likelihood over 1723 frames is -45.5207
LOG (sgmm2-gselect:main():sgmm2-gselect.cc:86) For 20'th file, average UBM likelihood over 1583 frames is -47.0085
LOG (sgmm2-gselect:main():sgmm2-gselect.cc:86) For 30'th file, average UBM likelihood over 1736 frames is -45.1853
LOG (apply-cmvn:main():apply-cmvn.cc:146) Applied cepstral mean normalization to 40 utterances, errors on 0
LOG (transform-feats:main():transform-feats.cc:158) Overall average logdet is 0.174532 over 76351 frames.
LOG (transform-feats:main():transform-feats.cc:161) Applied transform to 40 utterances; 0 had errors.
LOG (transform-feats:main():transform-feats.cc:158) Overall average [pseudo-]logdet is -87.2258 over 76351 frames.
LOG (transform-feats:main():transform-feats.cc:161) Applied transform to 40 utterances; 0 had errors.
LOG (sgmm2-gselect:main():sgmm2-gselect.cc:97) Done 40 files, 0 with errors, average UBM log-likelihood is -45.436 over 76351 frames.
# Accounting: time=14 threads=1
# Ended (code 0) at Tue Aug  2 16:13:36 BRT 2016, elapsed time 14 seconds
