# sgmm2-gselect exp/sgmm2_4c/0.mdl "ark,s,cs:apply-cmvn  --utt2spk=ark:data/train/split16/7/utt2spk scp:data/train/split16/7/cmvn.scp scp:data/train/split16/7/feats.scp ark:- | transform-feats --utt2spk=ark:data/train/split16/7/utt2spk ark,s,cs:exp/tri3c_ali/raw_trans.7 ark:- ark:- | splice-feats  ark:- ark:- | transform-feats exp/tri3c_ali/final.mat ark:- ark:- |" "ark,t:|gzip -c >exp/sgmm2_4c/gselect.7.gz" 
# Started at Tue Aug  2 16:13:22 BRT 2016
#
sgmm2-gselect exp/sgmm2_4c/0.mdl 'ark,s,cs:apply-cmvn  --utt2spk=ark:data/train/split16/7/utt2spk scp:data/train/split16/7/cmvn.scp scp:data/train/split16/7/feats.scp ark:- | transform-feats --utt2spk=ark:data/train/split16/7/utt2spk ark,s,cs:exp/tri3c_ali/raw_trans.7 ark:- ark:- | splice-feats  ark:- ark:- | transform-feats exp/tri3c_ali/final.mat ark:- ark:- |' 'ark,t:|gzip -c >exp/sgmm2_4c/gselect.7.gz' 
apply-cmvn --utt2spk=ark:data/train/split16/7/utt2spk scp:data/train/split16/7/cmvn.scp scp:data/train/split16/7/feats.scp ark:- 
transform-feats --utt2spk=ark:data/train/split16/7/utt2spk ark,s,cs:exp/tri3c_ali/raw_trans.7 ark:- ark:- 
splice-feats ark:- ark:- 
transform-feats exp/tri3c_ali/final.mat ark:- ark:- 
LOG (sgmm2-gselect:main():sgmm2-gselect.cc:86) For 0'th file, average UBM likelihood over 1998 frames is -48.271
LOG (sgmm2-gselect:main():sgmm2-gselect.cc:86) For 10'th file, average UBM likelihood over 2223 frames is -45.3085
LOG (sgmm2-gselect:main():sgmm2-gselect.cc:86) For 20'th file, average UBM likelihood over 1811 frames is -40.6705
LOG (sgmm2-gselect:main():sgmm2-gselect.cc:86) For 30'th file, average UBM likelihood over 1911 frames is -45.3408
LOG (sgmm2-gselect:main():sgmm2-gselect.cc:86) For 40'th file, average UBM likelihood over 1886 frames is -46.4552
LOG (apply-cmvn:main():apply-cmvn.cc:146) Applied cepstral mean normalization to 49 utterances, errors on 0
LOG (transform-feats:main():transform-feats.cc:158) Overall average logdet is 0.315138 over 94354 frames.
LOG (transform-feats:main():transform-feats.cc:161) Applied transform to 49 utterances; 0 had errors.
LOG (transform-feats:main():transform-feats.cc:158) Overall average [pseudo-]logdet is -87.2258 over 94354 frames.
LOG (transform-feats:main():transform-feats.cc:161) Applied transform to 49 utterances; 0 had errors.
LOG (sgmm2-gselect:main():sgmm2-gselect.cc:97) Done 49 files, 0 with errors, average UBM log-likelihood is -44.8668 over 94354 frames.
# Accounting: time=16 threads=1
# Ended (code 0) at Tue Aug  2 16:13:38 BRT 2016, elapsed time 16 seconds
