# ali-to-post "ark:gunzip -c exp/sgmm2_4c/ali.1.gz|" ark:- | weight-silence-post 0.01 1:2:3:4:5:6:7:8:9:10 exp/sgmm2_4c/17.mdl ark:- ark:- | sgmm2-est-spkvecs --rand-prune=0.1 --spk2utt=ark:data/train/split16/1/spk2utt --spk-vecs=ark:exp/sgmm2_4c/vecs.1 "--gselect=ark,s,cs:gunzip -c exp/sgmm2_4c/gselect.1.gz|" exp/sgmm2_4c/17.mdl "ark,s,cs:apply-cmvn  --utt2spk=ark:data/train/split16/1/utt2spk scp:data/train/split16/1/cmvn.scp scp:data/train/split16/1/feats.scp ark:- | transform-feats --utt2spk=ark:data/train/split16/1/utt2spk ark,s,cs:exp/tri3c_ali/raw_trans.1 ark:- ark:- | splice-feats  ark:- ark:- | transform-feats exp/tri3c_ali/final.mat ark:- ark:- |" ark,s,cs:- ark:exp/sgmm2_4c/tmp_vecs.1 && mv exp/sgmm2_4c/tmp_vecs.1 exp/sgmm2_4c/vecs.1 
# Started at Tue Aug  2 16:31:06 BRT 2016
#
sgmm2-est-spkvecs --rand-prune=0.1 --spk2utt=ark:data/train/split16/1/spk2utt --spk-vecs=ark:exp/sgmm2_4c/vecs.1 '--gselect=ark,s,cs:gunzip -c exp/sgmm2_4c/gselect.1.gz|' exp/sgmm2_4c/17.mdl 'ark,s,cs:apply-cmvn  --utt2spk=ark:data/train/split16/1/utt2spk scp:data/train/split16/1/cmvn.scp scp:data/train/split16/1/feats.scp ark:- | transform-feats --utt2spk=ark:data/train/split16/1/utt2spk ark,s,cs:exp/tri3c_ali/raw_trans.1 ark:- ark:- | splice-feats  ark:- ark:- | transform-feats exp/tri3c_ali/final.mat ark:- ark:- |' ark,s,cs:- ark:exp/sgmm2_4c/tmp_vecs.1 
ali-to-post 'ark:gunzip -c exp/sgmm2_4c/ali.1.gz|' ark:- 
weight-silence-post 0.01 1:2:3:4:5:6:7:8:9:10 exp/sgmm2_4c/17.mdl ark:- ark:- 
splice-feats ark:- ark:- 
transform-feats --utt2spk=ark:data/train/split16/1/utt2spk ark,s,cs:exp/tri3c_ali/raw_trans.1 ark:- ark:- 
transform-feats exp/tri3c_ali/final.mat ark:- ark:- 
apply-cmvn --utt2spk=ark:data/train/split16/1/utt2spk scp:data/train/split16/1/cmvn.scp scp:data/train/split16/1/feats.scp ark:- 
LOG (sgmm2-est-spkvecs:UpdateWithU():estimate-am-sgmm2.cc:1931) *Objf impr for speaker vector is 0.00131193 per frame, over 7167.05 frames.
LOG (sgmm2-est-spkvecs:main():sgmm2-est-spkvecs.cc:186) For speaker alfeu, auxf-impr from speaker vector is 0.00131193, over 7167.05 frames.
WARNING (sgmm2-est-spkvecs:main():sgmm2-est-spkvecs.cc:147) Did not find features for utterance alfeu1-Salfeu15
LOG (sgmm2-est-spkvecs:SolveQuadraticProblem<double>():sp-matrix.cc:710) Solving quadratic problem for v_s: floored 1 eigenvalues. 
LOG (sgmm2-est-spkvecs:SolveQuadraticProblem<double>():sp-matrix.cc:710) Solving quadratic problem for v_s: floored 1 eigenvalues. 
LOG (sgmm2-est-spkvecs:SolveQuadraticProblem<double>():sp-matrix.cc:710) Solving quadratic problem for v_s: floored 1 eigenvalues. 
LOG (sgmm2-est-spkvecs:SolveQuadraticProblem<double>():sp-matrix.cc:710) Solving quadratic problem for v_s: floored 1 eigenvalues. 
LOG (sgmm2-est-spkvecs:SolveQuadraticProblem<double>():sp-matrix.cc:710) Solving quadratic problem for v_s: floored 1 eigenvalues. 
LOG (sgmm2-est-spkvecs:UpdateWithU():estimate-am-sgmm2.cc:1931) *Objf impr for speaker vector is 0.00108661 per frame, over 6591.04 frames.
LOG (sgmm2-est-spkvecs:main():sgmm2-est-spkvecs.cc:186) For speaker alfeu1, auxf-impr from speaker vector is 0.00108661, over 6591.04 frames.
LOG (ali-to-post:main():ali-to-post.cc:65) Converted 38 alignments.
LOG (sgmm2-est-spkvecs:SolveQuadraticProblem<double>():sp-matrix.cc:710) Solving quadratic problem for v_s: floored 1 eigenvalues. 
LOG (sgmm2-est-spkvecs:SolveQuadraticProblem<double>():sp-matrix.cc:710) Solving quadratic problem for v_s: floored 1 eigenvalues. 
LOG (sgmm2-est-spkvecs:SolveQuadraticProblem<double>():sp-matrix.cc:710) Solving quadratic problem for v_s: floored 1 eigenvalues. 
LOG (sgmm2-est-spkvecs:SolveQuadraticProblem<double>():sp-matrix.cc:710) Solving quadratic problem for v_s: floored 1 eigenvalues. 
LOG (sgmm2-est-spkvecs:SolveQuadraticProblem<double>():sp-matrix.cc:710) Solving quadratic problem for v_s: floored 1 eigenvalues. 
LOG (sgmm2-est-spkvecs:UpdateWithU():estimate-am-sgmm2.cc:1931) *Objf impr for speaker vector is 0.00115297 per frame, over 5732.85 frames.
LOG (sgmm2-est-spkvecs:main():sgmm2-est-spkvecs.cc:186) For speaker arthur1, auxf-impr from speaker vector is 0.00115297, over 5732.85 frames.
LOG (apply-cmvn:main():apply-cmvn.cc:146) Applied cepstral mean normalization to 38 utterances, errors on 0
LOG (weight-silence-post:main():weight-silence-post.cc:95) Done 38 posteriors.
LOG (transform-feats:main():transform-feats.cc:158) Overall average logdet is -0.0949557 over 40765 frames.
LOG (transform-feats:main():transform-feats.cc:161) Applied transform to 38 utterances; 0 had errors.
LOG (transform-feats:main():transform-feats.cc:158) Overall average [pseudo-]logdet is -87.2258 over 40765 frames.
LOG (transform-feats:main():transform-feats.cc:161) Applied transform to 38 utterances; 0 had errors.
LOG (sgmm2-est-spkvecs:SolveQuadraticProblem<double>():sp-matrix.cc:710) Solving quadratic problem for v_s: floored 1 eigenvalues. 
LOG (sgmm2-est-spkvecs:SolveQuadraticProblem<double>():sp-matrix.cc:710) Solving quadratic problem for v_s: floored 1 eigenvalues. 
LOG (sgmm2-est-spkvecs:SolveQuadraticProblem<double>():sp-matrix.cc:710) Solving quadratic problem for v_s: floored 1 eigenvalues. 
LOG (sgmm2-est-spkvecs:SolveQuadraticProblem<double>():sp-matrix.cc:710) Solving quadratic problem for v_s: floored 1 eigenvalues. 
LOG (sgmm2-est-spkvecs:SolveQuadraticProblem<double>():sp-matrix.cc:710) Solving quadratic problem for v_s: floored 1 eigenvalues. 
LOG (sgmm2-est-spkvecs:UpdateWithU():estimate-am-sgmm2.cc:1931) *Objf impr for speaker vector is 0.00126956 per frame, over 5837.78 frames.
LOG (sgmm2-est-spkvecs:main():sgmm2-est-spkvecs.cc:186) For speaker dieniffer1, auxf-impr from speaker vector is 0.00126956, over 5837.78 frames.
LOG (sgmm2-est-spkvecs:main():sgmm2-est-spkvecs.cc:250) Overall auxf impr per frame is 0.00120755 over 25328.7 frames.
LOG (sgmm2-est-spkvecs:main():sgmm2-est-spkvecs.cc:252) Done 38 files, 0 with errors.
# Accounting: time=5 threads=1
# Ended (code 0) at Tue Aug  2 16:31:11 BRT 2016, elapsed time 5 seconds
