# ali-to-post "ark:gunzip -c exp/sgmm2_4c/ali.4.gz|" ark:- | weight-silence-post 0.01 1:2:3:4:5:6:7:8:9:10 exp/sgmm2_4c/5.mdl ark:- ark:- | sgmm2-est-spkvecs --rand-prune=0.1 --spk2utt=ark:data/train/split16/4/spk2utt "--gselect=ark,s,cs:gunzip -c exp/sgmm2_4c/gselect.4.gz|" exp/sgmm2_4c/5.mdl "ark,s,cs:apply-cmvn  --utt2spk=ark:data/train/split16/4/utt2spk scp:data/train/split16/4/cmvn.scp scp:data/train/split16/4/feats.scp ark:- | transform-feats --utt2spk=ark:data/train/split16/4/utt2spk ark,s,cs:exp/tri3c_ali/raw_trans.4 ark:- ark:- | splice-feats  ark:- ark:- | transform-feats exp/tri3c_ali/final.mat ark:- ark:- |" ark,s,cs:- ark:exp/sgmm2_4c/tmp_vecs.4 && mv exp/sgmm2_4c/tmp_vecs.4 exp/sgmm2_4c/vecs.4 
# Started at Tue Aug  2 16:17:19 BRT 2016
#
ali-to-post 'ark:gunzip -c exp/sgmm2_4c/ali.4.gz|' ark:- 
weight-silence-post 0.01 1:2:3:4:5:6:7:8:9:10 exp/sgmm2_4c/5.mdl ark:- ark:- 
sgmm2-est-spkvecs --rand-prune=0.1 --spk2utt=ark:data/train/split16/4/spk2utt '--gselect=ark,s,cs:gunzip -c exp/sgmm2_4c/gselect.4.gz|' exp/sgmm2_4c/5.mdl 'ark,s,cs:apply-cmvn  --utt2spk=ark:data/train/split16/4/utt2spk scp:data/train/split16/4/cmvn.scp scp:data/train/split16/4/feats.scp ark:- | transform-feats --utt2spk=ark:data/train/split16/4/utt2spk ark,s,cs:exp/tri3c_ali/raw_trans.4 ark:- ark:- | splice-feats  ark:- ark:- | transform-feats exp/tri3c_ali/final.mat ark:- ark:- |' ark,s,cs:- ark:exp/sgmm2_4c/tmp_vecs.4 
transform-feats --utt2spk=ark:data/train/split16/4/utt2spk ark,s,cs:exp/tri3c_ali/raw_trans.4 ark:- ark:- 
transform-feats exp/tri3c_ali/final.mat ark:- ark:- 
splice-feats ark:- ark:- 
apply-cmvn --utt2spk=ark:data/train/split16/4/utt2spk scp:data/train/split16/4/cmvn.scp scp:data/train/split16/4/feats.scp ark:- 
LOG (sgmm2-est-spkvecs:UpdateWithU():estimate-am-sgmm2.cc:1931) *Objf impr for speaker vector is 0.00782615 per frame, over 21834.5 frames.
LOG (sgmm2-est-spkvecs:main():sgmm2-est-spkvecs.cc:186) For speaker felipe_v2, auxf-impr from speaker vector is 0.00782615, over 21834.5 frames.
LOG (ali-to-post:main():ali-to-post.cc:65) Converted 39 alignments.
LOG (apply-cmvn:main():apply-cmvn.cc:146) Applied cepstral mean normalization to 39 utterances, errors on 0
LOG (transform-feats:main():transform-feats.cc:158) Overall average logdet is 0.394195 over 71269 frames.
LOG (transform-feats:main():transform-feats.cc:161) Applied transform to 39 utterances; 0 had errors.
LOG (weight-silence-post:main():weight-silence-post.cc:95) Done 39 posteriors.
WARNING (sgmm2-est-spkvecs:main():sgmm2-est-spkvecs.cc:147) Did not find features for utterance felipe_veight-Sfelipe_veight7
LOG (transform-feats:main():transform-feats.cc:158) Overall average [pseudo-]logdet is -87.2258 over 71269 frames.
LOG (transform-feats:main():transform-feats.cc:161) Applied transform to 39 utterances; 0 had errors.
LOG (sgmm2-est-spkvecs:UpdateWithU():estimate-am-sgmm2.cc:1931) *Objf impr for speaker vector is 0.00684304 per frame, over 21186.9 frames.
LOG (sgmm2-est-spkvecs:main():sgmm2-est-spkvecs.cc:186) For speaker felipe_veight, auxf-impr from speaker vector is 0.00684304, over 21186.9 frames.
LOG (sgmm2-est-spkvecs:main():sgmm2-est-spkvecs.cc:250) Overall auxf impr per frame is 0.00734199 over 43021.4 frames.
LOG (sgmm2-est-spkvecs:main():sgmm2-est-spkvecs.cc:252) Done 39 files, 0 with errors.
# Accounting: time=10 threads=1
# Ended (code 0) at Tue Aug  2 16:17:29 BRT 2016, elapsed time 10 seconds
