# ali-to-post "ark:gunzip -c exp/sgmm2_4c/ali.16.gz|" ark:- | weight-silence-post 0.01 1:2:3:4:5:6:7:8:9:10 exp/sgmm2_4c/5.mdl ark:- ark:- | sgmm2-est-spkvecs --rand-prune=0.1 --spk2utt=ark:data/train/split16/16/spk2utt "--gselect=ark,s,cs:gunzip -c exp/sgmm2_4c/gselect.16.gz|" exp/sgmm2_4c/5.mdl "ark,s,cs:apply-cmvn  --utt2spk=ark:data/train/split16/16/utt2spk scp:data/train/split16/16/cmvn.scp scp:data/train/split16/16/feats.scp ark:- | transform-feats --utt2spk=ark:data/train/split16/16/utt2spk ark,s,cs:exp/tri3c_ali/raw_trans.16 ark:- ark:- | splice-feats  ark:- ark:- | transform-feats exp/tri3c_ali/final.mat ark:- ark:- |" ark,s,cs:- ark:exp/sgmm2_4c/tmp_vecs.16 && mv exp/sgmm2_4c/tmp_vecs.16 exp/sgmm2_4c/vecs.16 
# Started at Wed Jun 22 14:15:45 BRT 2016
#
weight-silence-post 0.01 1:2:3:4:5:6:7:8:9:10 exp/sgmm2_4c/5.mdl ark:- ark:- 
sgmm2-est-spkvecs --rand-prune=0.1 --spk2utt=ark:data/train/split16/16/spk2utt '--gselect=ark,s,cs:gunzip -c exp/sgmm2_4c/gselect.16.gz|' exp/sgmm2_4c/5.mdl 'ark,s,cs:apply-cmvn  --utt2spk=ark:data/train/split16/16/utt2spk scp:data/train/split16/16/cmvn.scp scp:data/train/split16/16/feats.scp ark:- | transform-feats --utt2spk=ark:data/train/split16/16/utt2spk ark,s,cs:exp/tri3c_ali/raw_trans.16 ark:- ark:- | splice-feats  ark:- ark:- | transform-feats exp/tri3c_ali/final.mat ark:- ark:- |' ark,s,cs:- ark:exp/sgmm2_4c/tmp_vecs.16 
ali-to-post 'ark:gunzip -c exp/sgmm2_4c/ali.16.gz|' ark:- 
transform-feats exp/tri3c_ali/final.mat ark:- ark:- 
splice-feats ark:- ark:- 
transform-feats --utt2spk=ark:data/train/split16/16/utt2spk ark,s,cs:exp/tri3c_ali/raw_trans.16 ark:- ark:- 
apply-cmvn --utt2spk=ark:data/train/split16/16/utt2spk scp:data/train/split16/16/cmvn.scp scp:data/train/split16/16/feats.scp ark:- 
LOG (ali-to-post:main():ali-to-post.cc:65) Converted 20 alignments.
LOG (apply-cmvn:main():apply-cmvn.cc:146) Applied cepstral mean normalization to 20 utterances, errors on 0
LOG (transform-feats:main():transform-feats.cc:158) Overall average logdet is -0.440951 over 29287 frames.
LOG (transform-feats:main():transform-feats.cc:161) Applied transform to 20 utterances; 0 had errors.
LOG (weight-silence-post:main():weight-silence-post.cc:95) Done 20 posteriors.
LOG (transform-feats:main():transform-feats.cc:158) Overall average [pseudo-]logdet is -85.9813 over 29287 frames.
LOG (transform-feats:main():transform-feats.cc:161) Applied transform to 20 utterances; 0 had errors.
LOG (sgmm2-est-spkvecs:UpdateWithU():estimate-am-sgmm2.cc:1931) *Objf impr for speaker vector is 0.00520731 per frame, over 21181 frames.
LOG (sgmm2-est-spkvecs:main():sgmm2-est-spkvecs.cc:186) For speaker zilio, auxf-impr from speaker vector is 0.00520731, over 21181 frames.
LOG (sgmm2-est-spkvecs:main():sgmm2-est-spkvecs.cc:250) Overall auxf impr per frame is 0.00520731 over 21181 frames.
LOG (sgmm2-est-spkvecs:main():sgmm2-est-spkvecs.cc:252) Done 20 files, 0 with errors.
# Accounting: time=3 threads=1
# Ended (code 0) at Wed Jun 22 14:15:48 BRT 2016, elapsed time 3 seconds
