# ali-to-post "ark:gunzip -c exp/sgmm2_4c/ali.13.gz|" ark:- | weight-silence-post 0.01 1:2:3:4:5:6:7:8:9:10 exp/sgmm2_4c/5.mdl ark:- ark:- | sgmm2-est-spkvecs --rand-prune=0.1 --spk2utt=ark:data/train/split16/13/spk2utt "--gselect=ark,s,cs:gunzip -c exp/sgmm2_4c/gselect.13.gz|" exp/sgmm2_4c/5.mdl "ark,s,cs:apply-cmvn  --utt2spk=ark:data/train/split16/13/utt2spk scp:data/train/split16/13/cmvn.scp scp:data/train/split16/13/feats.scp ark:- | transform-feats --utt2spk=ark:data/train/split16/13/utt2spk ark,s,cs:exp/tri3c_ali/raw_trans.13 ark:- ark:- | splice-feats  ark:- ark:- | transform-feats exp/tri3c_ali/final.mat ark:- ark:- |" ark,s,cs:- ark:exp/sgmm2_4c/tmp_vecs.13 && mv exp/sgmm2_4c/tmp_vecs.13 exp/sgmm2_4c/vecs.13 
# Started at Tue Aug  2 16:17:28 BRT 2016
#
weight-silence-post 0.01 1:2:3:4:5:6:7:8:9:10 exp/sgmm2_4c/5.mdl ark:- ark:- 
sgmm2-est-spkvecs --rand-prune=0.1 --spk2utt=ark:data/train/split16/13/spk2utt '--gselect=ark,s,cs:gunzip -c exp/sgmm2_4c/gselect.13.gz|' exp/sgmm2_4c/5.mdl 'ark,s,cs:apply-cmvn  --utt2spk=ark:data/train/split16/13/utt2spk scp:data/train/split16/13/cmvn.scp scp:data/train/split16/13/feats.scp ark:- | transform-feats --utt2spk=ark:data/train/split16/13/utt2spk ark,s,cs:exp/tri3c_ali/raw_trans.13 ark:- ark:- | splice-feats  ark:- ark:- | transform-feats exp/tri3c_ali/final.mat ark:- ark:- |' ark,s,cs:- ark:exp/sgmm2_4c/tmp_vecs.13 
ali-to-post 'ark:gunzip -c exp/sgmm2_4c/ali.13.gz|' ark:- 
apply-cmvn --utt2spk=ark:data/train/split16/13/utt2spk scp:data/train/split16/13/cmvn.scp scp:data/train/split16/13/feats.scp ark:- 
transform-feats exp/tri3c_ali/final.mat ark:- ark:- 
transform-feats --utt2spk=ark:data/train/split16/13/utt2spk ark,s,cs:exp/tri3c_ali/raw_trans.13 ark:- ark:- 
splice-feats ark:- ark:- 
LOG (sgmm2-est-spkvecs:UpdateWithU():estimate-am-sgmm2.cc:1931) *Objf impr for speaker vector is 0.0148529 per frame, over 7881.31 frames.
LOG (sgmm2-est-spkvecs:main():sgmm2-est-spkvecs.cc:186) For speaker paula, auxf-impr from speaker vector is 0.0148529, over 7881.31 frames.
LOG (sgmm2-est-spkvecs:UpdateWithU():estimate-am-sgmm2.cc:1931) *Objf impr for speaker vector is 0.0108811 per frame, over 7626.79 frames.
LOG (sgmm2-est-spkvecs:main():sgmm2-est-spkvecs.cc:186) For speaker paula1, auxf-impr from speaker vector is 0.0108811, over 7626.79 frames.
LOG (ali-to-post:main():ali-to-post.cc:65) Converted 30 alignments.
LOG (apply-cmvn:main():apply-cmvn.cc:146) Applied cepstral mean normalization to 30 utterances, errors on 0
LOG (weight-silence-post:main():weight-silence-post.cc:95) Done 30 posteriors.
LOG (transform-feats:main():transform-feats.cc:158) Overall average logdet is 1.1754 over 31504 frames.
LOG (transform-feats:main():transform-feats.cc:161) Applied transform to 30 utterances; 0 had errors.
LOG (transform-feats:main():transform-feats.cc:158) Overall average [pseudo-]logdet is -87.2258 over 31504 frames.
LOG (transform-feats:main():transform-feats.cc:161) Applied transform to 30 utterances; 0 had errors.
LOG (sgmm2-est-spkvecs:UpdateWithU():estimate-am-sgmm2.cc:1931) *Objf impr for speaker vector is 0.0115892 per frame, over 5848.36 frames.
LOG (sgmm2-est-spkvecs:main():sgmm2-est-spkvecs.cc:186) For speaker rafael_petersen, auxf-impr from speaker vector is 0.0115892, over 5848.36 frames.
LOG (sgmm2-est-spkvecs:main():sgmm2-est-spkvecs.cc:250) Overall auxf impr per frame is 0.0125408 over 21356.5 frames.
LOG (sgmm2-est-spkvecs:main():sgmm2-est-spkvecs.cc:252) Done 30 files, 0 with errors.
# Accounting: time=3 threads=1
# Ended (code 0) at Tue Aug  2 16:17:31 BRT 2016, elapsed time 3 seconds
