# sgmm2-est --update-flags=vMwSctu --split-substates=5798 --power=0.25 --write-occs=exp/sgmm2_4c/7.occs exp/sgmm2_4c/6.mdl "sgmm2-sum-accs - exp/sgmm2_4c/6.*.acc|" exp/sgmm2_4c/7.mdl 
# Started at Wed Jun 22 14:17:52 BRT 2016
#
sgmm2-est --update-flags=vMwSctu --split-substates=5798 --power=0.25 --write-occs=exp/sgmm2_4c/7.occs exp/sgmm2_4c/6.mdl 'sgmm2-sum-accs - exp/sgmm2_4c/6.*.acc|' exp/sgmm2_4c/7.mdl 
sgmm2-sum-accs - exp/sgmm2_4c/6.1.acc exp/sgmm2_4c/6.10.acc exp/sgmm2_4c/6.11.acc exp/sgmm2_4c/6.12.acc exp/sgmm2_4c/6.13.acc exp/sgmm2_4c/6.14.acc exp/sgmm2_4c/6.15.acc exp/sgmm2_4c/6.16.acc exp/sgmm2_4c/6.2.acc exp/sgmm2_4c/6.3.acc exp/sgmm2_4c/6.4.acc exp/sgmm2_4c/6.5.acc exp/sgmm2_4c/6.6.acc exp/sgmm2_4c/6.7.acc exp/sgmm2_4c/6.8.acc exp/sgmm2_4c/6.9.acc 
LOG (sgmm2-sum-accs:main():sgmm2-sum-accs.cc:84) Written stats to -
LOG (sgmm2-est:MleUpdate():transition-model.cc:393) TransitionModel::Update, objf change is 0 per frame over 541209 frames. 
LOG (sgmm2-est:MleUpdate():transition-model.cc:396) 481 probabilities floored, 12767 out of 17306 transition-states skipped due to insuffient data (it is normal to have some skipped.)
LOG (sgmm2-est:main():sgmm2-est.cc:109) Transition model update: Overall 0 log-like improvement per frame over 541209 frames.
LOG (sgmm2-est:Check():estimate-am-sgmm2.cc:216) Sgmm2PdfModel: J1 = 1000, J2 = 4982, D = 40, S = 41, T = 40, I = 400
LOG (sgmm2-est:Check():estimate-am-sgmm2.cc:362) Subspace GMM model properties: Y: yes, nonzero. Z, R: no.  S: yes, nonzero. y: yes, nonzero. a: yes.  a: yes, nonzero. gamma: yes.  gamma: yes, nonzero. gamma_c: yes, nonzero. t: yes, nonzero. t: yes, nonzero. 
WARNING (sgmm2-est:ComputeLogA():estimate-am-sgmm2.cc:828) 1 sub-states with zero "a" (and presumably gamma) stats.
LOG (sgmm2-est:UpdatePhoneVectors():estimate-am-sgmm2.cc:782) Updating phone vectors
LOG (sgmm2-est:UpdatePhoneVectorsInternal():estimate-am-sgmm2.cc:928) Auxf impr for j = 0 m = 0 is 0.00728968 per frame over 740.439 frames.
LOG (sgmm2-est:UpdatePhoneVectorsInternal():estimate-am-sgmm2.cc:928) Auxf impr for j = 0 m = 1 is 0.00549469 per frame over 737.311 frames.
LOG (sgmm2-est:UpdatePhoneVectorsInternal():estimate-am-sgmm2.cc:928) Auxf impr for j = 0 m = 2 is 0.00697148 per frame over 1394.21 frames.
WARNING (sgmm2-est:SolveQuadraticProblem<double>():sp-matrix.cc:667) Zero quadratic term in quadratic vector problem for v: leaving it unchanged.
LOG (sgmm2-est:UpdatePhoneVectorsInternal():estimate-am-sgmm2.cc:928) Auxf impr for j = 1 m = 0 is -nan per frame over 0 frames.
LOG (sgmm2-est:UpdatePhoneVectorsInternal():estimate-am-sgmm2.cc:928) Auxf impr for j = 2 m = 0 is 0.107433 per frame over 61.3837 frames.
LOG (sgmm2-est:UpdatePhoneVectorsInternal():estimate-am-sgmm2.cc:928) Auxf impr for j = 2 m = 1 is 0.146364 per frame over 34.6833 frames.
LOG (sgmm2-est:UpdatePhoneVectorsInternal():estimate-am-sgmm2.cc:928) Auxf impr for j = 2 m = 2 is 0.041533 per frame over 119.088 frames.
LOG (sgmm2-est:UpdatePhoneVectors():estimate-am-sgmm2.cc:794) **Overall auxf impr for v is 0.0733434 over 541204 frames
LOG (sgmm2-est:SolveQuadraticMatrixProblem():sp-matrix.cc:810) Solving matrix problem for M: floored 1 eigenvalues. 
LOG (sgmm2-est:SolveQuadraticMatrixProblem():sp-matrix.cc:810) Solving matrix problem for M: floored 6 eigenvalues. 
LOG (sgmm2-est:SolveQuadraticMatrixProblem():sp-matrix.cc:810) Solving matrix problem for M: floored 11 eigenvalues. 
LOG (sgmm2-est:SolveQuadraticMatrixProblem():sp-matrix.cc:810) Solving matrix problem for M: floored 5 eigenvalues. 
LOG (sgmm2-est:SolveQuadraticMatrixProblem():sp-matrix.cc:810) Solving matrix problem for M: floored 2 eigenvalues. 
LOG (sgmm2-est:SolveQuadraticMatrixProblem():sp-matrix.cc:810) Solving matrix problem for M: floored 5 eigenvalues. 
LOG (sgmm2-est:SolveQuadraticMatrixProblem():sp-matrix.cc:810) Solving matrix problem for M: floored 18 eigenvalues. 
LOG (sgmm2-est:SolveQuadraticMatrixProblem():sp-matrix.cc:810) Solving matrix problem for M: floored 1 eigenvalues. 
LOG (sgmm2-est:SolveQuadraticMatrixProblem():sp-matrix.cc:810) Solving matrix problem for M: floored 1 eigenvalues. 
LOG (sgmm2-est:SolveQuadraticMatrixProblem():sp-matrix.cc:810) Solving matrix problem for M: floored 1 eigenvalues. 
LOG (sgmm2-est:SolveQuadraticMatrixProblem():sp-matrix.cc:810) Solving matrix problem for M: floored 18 eigenvalues. 
LOG (sgmm2-est:SolveQuadraticMatrixProblem():sp-matrix.cc:810) Solving matrix problem for M: floored 5 eigenvalues. 
LOG (sgmm2-est:SolveQuadraticMatrixProblem():sp-matrix.cc:810) Solving matrix problem for M: floored 13 eigenvalues. 
LOG (sgmm2-est:SolveQuadraticMatrixProblem():sp-matrix.cc:810) Solving matrix problem for M: floored 7 eigenvalues. 
LOG (sgmm2-est:SolveQuadraticMatrixProblem():sp-matrix.cc:810) Solving matrix problem for M: floored 1 eigenvalues. 
LOG (sgmm2-est:SolveQuadraticMatrixProblem():sp-matrix.cc:810) Solving matrix problem for M: floored 27 eigenvalues. 
LOG (sgmm2-est:SolveQuadraticMatrixProblem():sp-matrix.cc:810) Solving matrix problem for M: floored 11 eigenvalues. 
LOG (sgmm2-est:SolveQuadraticMatrixProblem():sp-matrix.cc:810) Solving matrix problem for M: floored 1 eigenvalues. 
LOG (sgmm2-est:SolveQuadraticMatrixProblem():sp-matrix.cc:810) Solving matrix problem for M: floored 1 eigenvalues. 
LOG (sgmm2-est:SolveQuadraticMatrixProblem():sp-matrix.cc:810) Solving matrix problem for M: floored 1 eigenvalues. 
LOG (sgmm2-est:SolveQuadraticMatrixProblem():sp-matrix.cc:810) Solving matrix problem for M: floored 3 eigenvalues. 
LOG (sgmm2-est:SolveQuadraticMatrixProblem():sp-matrix.cc:810) Solving matrix problem for M: floored 9 eigenvalues. 
LOG (sgmm2-est:SolveQuadraticMatrixProblem():sp-matrix.cc:810) Solving matrix problem for M: floored 1 eigenvalues. 
LOG (sgmm2-est:SolveQuadraticMatrixProblem():sp-matrix.cc:810) Solving matrix problem for M: floored 4 eigenvalues. 
LOG (sgmm2-est:SolveQuadraticMatrixProblem():sp-matrix.cc:810) Solving matrix problem for M: floored 15 eigenvalues. 
LOG (sgmm2-est:SolveQuadraticMatrixProblem():sp-matrix.cc:810) Solving matrix problem for M: floored 7 eigenvalues. 
LOG (sgmm2-est:SolveQuadraticMatrixProblem():sp-matrix.cc:810) Solving matrix problem for M: floored 5 eigenvalues. 
LOG (sgmm2-est:SolveQuadraticMatrixProblem():sp-matrix.cc:810) Solving matrix problem for M: floored 4 eigenvalues. 
LOG (sgmm2-est:SolveQuadraticMatrixProblem():sp-matrix.cc:810) Solving matrix problem for M: floored 1 eigenvalues. 
LOG (sgmm2-est:SolveQuadraticMatrixProblem():sp-matrix.cc:810) Solving matrix problem for M: floored 4 eigenvalues. 
LOG (sgmm2-est:UpdateM():estimate-am-sgmm2.cc:1068) Overall objective function improvement for model projections M is 0.319449 over 541204 frames
LOG (sgmm2-est:UpdateW():estimate-am-sgmm2.cc:1319) Updating weight projections
LOG (sgmm2-est:UpdateW():estimate-am-sgmm2.cc:1373) Predicted objf impr for w, iter = 0, i = 0 is 0.00771782 per frame over 1250.68 frames.
LOG (sgmm2-est:UpdateW():estimate-am-sgmm2.cc:1373) Predicted objf impr for w, iter = 0, i = 1 is 0.00320891 per frame over 2177.72 frames.
LOG (sgmm2-est:UpdateW():estimate-am-sgmm2.cc:1373) Predicted objf impr for w, iter = 0, i = 2 is 0.00500579 per frame over 1625.97 frames.
LOG (sgmm2-est:UpdateW():estimate-am-sgmm2.cc:1373) Predicted objf impr for w, iter = 0, i = 3 is 0.00397028 per frame over 1858.32 frames.
LOG (sgmm2-est:UpdateW():estimate-am-sgmm2.cc:1373) Predicted objf impr for w, iter = 0, i = 4 is 0.00312399 per frame over 1765.71 frames.
LOG (sgmm2-est:UpdateW():estimate-am-sgmm2.cc:1373) Predicted objf impr for w, iter = 0, i = 5 is 0.0028664 per frame over 2958.02 frames.
LOG (sgmm2-est:UpdateW():estimate-am-sgmm2.cc:1373) Predicted objf impr for w, iter = 0, i = 6 is 0.00614697 per frame over 2331.32 frames.
LOG (sgmm2-est:UpdateW():estimate-am-sgmm2.cc:1373) Predicted objf impr for w, iter = 0, i = 7 is 0.00420914 per frame over 1612.53 frames.
LOG (sgmm2-est:UpdateW():estimate-am-sgmm2.cc:1373) Predicted objf impr for w, iter = 0, i = 8 is 0.00680309 per frame over 3065.66 frames.
LOG (sgmm2-est:UpdateW():estimate-am-sgmm2.cc:1373) Predicted objf impr for w, iter = 0, i = 9 is 0.00370894 per frame over 750.712 frames.
LOG (sgmm2-est:UpdateW():estimate-am-sgmm2.cc:1373) Predicted objf impr for w, iter = 1, i = 0 is 0.000396799 per frame over 1250.68 frames.
LOG (sgmm2-est:UpdateW():estimate-am-sgmm2.cc:1373) Predicted objf impr for w, iter = 1, i = 1 is 0.000337268 per frame over 2177.72 frames.
LOG (sgmm2-est:UpdateW():estimate-am-sgmm2.cc:1373) Predicted objf impr for w, iter = 1, i = 2 is 0.000521152 per frame over 1625.97 frames.
LOG (sgmm2-est:UpdateW():estimate-am-sgmm2.cc:1373) Predicted objf impr for w, iter = 1, i = 3 is 0.000467063 per frame over 1858.32 frames.
LOG (sgmm2-est:UpdateW():estimate-am-sgmm2.cc:1373) Predicted objf impr for w, iter = 1, i = 4 is 0.000274817 per frame over 1765.71 frames.
LOG (sgmm2-est:UpdateW():estimate-am-sgmm2.cc:1373) Predicted objf impr for w, iter = 1, i = 5 is 0.000337789 per frame over 2958.02 frames.
LOG (sgmm2-est:UpdateW():estimate-am-sgmm2.cc:1373) Predicted objf impr for w, iter = 1, i = 6 is 0.000411376 per frame over 2331.32 frames.
LOG (sgmm2-est:UpdateW():estimate-am-sgmm2.cc:1373) Predicted objf impr for w, iter = 1, i = 7 is 0.000909336 per frame over 1612.53 frames.
LOG (sgmm2-est:UpdateW():estimate-am-sgmm2.cc:1373) Predicted objf impr for w, iter = 1, i = 8 is 0.000314309 per frame over 3065.66 frames.
LOG (sgmm2-est:UpdateW():estimate-am-sgmm2.cc:1373) Predicted objf impr for w, iter = 1, i = 9 is 0.00104376 per frame over 750.712 frames.
LOG (sgmm2-est:UpdateW():estimate-am-sgmm2.cc:1373) Predicted objf impr for w, iter = 2, i = 0 is 0.000160388 per frame over 1250.68 frames.
LOG (sgmm2-est:UpdateW():estimate-am-sgmm2.cc:1373) Predicted objf impr for w, iter = 2, i = 1 is 0.000152249 per frame over 2177.72 frames.
LOG (sgmm2-est:UpdateW():estimate-am-sgmm2.cc:1373) Predicted objf impr for w, iter = 2, i = 2 is 0.000198885 per frame over 1625.97 frames.
LOG (sgmm2-est:UpdateW():estimate-am-sgmm2.cc:1373) Predicted objf impr for w, iter = 2, i = 3 is 0.000283963 per frame over 1858.32 frames.
LOG (sgmm2-est:UpdateW():estimate-am-sgmm2.cc:1373) Predicted objf impr for w, iter = 2, i = 4 is 0.000131079 per frame over 1765.71 frames.
LOG (sgmm2-est:UpdateW():estimate-am-sgmm2.cc:1373) Predicted objf impr for w, iter = 2, i = 5 is 0.000156378 per frame over 2958.02 frames.
LOG (sgmm2-est:UpdateW():estimate-am-sgmm2.cc:1373) Predicted objf impr for w, iter = 2, i = 6 is 0.00019108 per frame over 2331.32 frames.
LOG (sgmm2-est:UpdateW():estimate-am-sgmm2.cc:1373) Predicted objf impr for w, iter = 2, i = 7 is 0.000371778 per frame over 1612.53 frames.
LOG (sgmm2-est:UpdateW():estimate-am-sgmm2.cc:1373) Predicted objf impr for w, iter = 2, i = 8 is 0.000129562 per frame over 3065.66 frames.
LOG (sgmm2-est:UpdateW():estimate-am-sgmm2.cc:1373) Predicted objf impr for w, iter = 2, i = 9 is 0.000597767 per frame over 750.712 frames.
LOG (sgmm2-est:UpdateW():estimate-am-sgmm2.cc:1427) **Overall objf impr for w is 0.00454731, actual 0.0063556, over 541204 frames
WARNING (sgmm2-est:UpdateVars():estimate-am-sgmm2.cc:1643) For Gaussian component 57: Floored 1 covariance eigenvalues.
WARNING (sgmm2-est:UpdateVars():estimate-am-sgmm2.cc:1643) For Gaussian component 174: Floored 1 covariance eigenvalues.
LOG (sgmm2-est:UpdateVars():estimate-am-sgmm2.cc:1669) **Overall objf impr for variance update = 0.219339 over 541204 frames
LOG (sgmm2-est:UpdateSubstateWeights():estimate-am-sgmm2.cc:1678) Updating substate mixture weights
LOG (sgmm2-est:UpdateSubstateWeights():estimate-am-sgmm2.cc:1701) **Overall objf impr for c is 0.00231578, over 541204 frames.
LOG (sgmm2-est:SolveQuadraticProblem<double>():sp-matrix.cc:710) Solving quadratic problem for u: floored 24 eigenvalues. 
LOG (sgmm2-est:UpdateU():estimate-am-sgmm2.cc:1467) Objf impr for spk weight-projection u for i = 0, is 0.0468684 over 1250.68 frames
LOG (sgmm2-est:SolveQuadraticProblem<double>():sp-matrix.cc:710) Solving quadratic problem for u: floored 24 eigenvalues. 
LOG (sgmm2-est:UpdateU():estimate-am-sgmm2.cc:1467) Objf impr for spk weight-projection u for i = 1, is 0.0242107 over 2177.72 frames
LOG (sgmm2-est:SolveQuadraticProblem<double>():sp-matrix.cc:710) Solving quadratic problem for u: floored 24 eigenvalues. 
LOG (sgmm2-est:UpdateU():estimate-am-sgmm2.cc:1467) Objf impr for spk weight-projection u for i = 2, is 0.0236087 over 1625.97 frames
LOG (sgmm2-est:SolveQuadraticProblem<double>():sp-matrix.cc:710) Solving quadratic problem for u: floored 24 eigenvalues. 
LOG (sgmm2-est:UpdateU():estimate-am-sgmm2.cc:1467) Objf impr for spk weight-projection u for i = 3, is 0.022873 over 1858.32 frames
LOG (sgmm2-est:SolveQuadraticProblem<double>():sp-matrix.cc:710) Solving quadratic problem for u: floored 24 eigenvalues. 
LOG (sgmm2-est:UpdateU():estimate-am-sgmm2.cc:1467) Objf impr for spk weight-projection u for i = 4, is 0.0263965 over 1765.71 frames
LOG (sgmm2-est:SolveQuadraticProblem<double>():sp-matrix.cc:710) Solving quadratic problem for u: floored 24 eigenvalues. 
LOG (sgmm2-est:UpdateU():estimate-am-sgmm2.cc:1467) Objf impr for spk weight-projection u for i = 5, is 0.0263255 over 2958.02 frames
LOG (sgmm2-est:SolveQuadraticProblem<double>():sp-matrix.cc:710) Solving quadratic problem for u: floored 24 eigenvalues. 
LOG (sgmm2-est:UpdateU():estimate-am-sgmm2.cc:1467) Objf impr for spk weight-projection u for i = 6, is 0.0245332 over 2331.32 frames
LOG (sgmm2-est:SolveQuadraticProblem<double>():sp-matrix.cc:710) Solving quadratic problem for u: floored 24 eigenvalues. 
LOG (sgmm2-est:UpdateU():estimate-am-sgmm2.cc:1467) Objf impr for spk weight-projection u for i = 7, is 0.0116512 over 1612.53 frames
LOG (sgmm2-est:SolveQuadraticProblem<double>():sp-matrix.cc:710) Solving quadratic problem for u: floored 24 eigenvalues. 
LOG (sgmm2-est:UpdateU():estimate-am-sgmm2.cc:1467) Objf impr for spk weight-projection u for i = 8, is 0.0324369 over 3065.66 frames
LOG (sgmm2-est:SolveQuadraticProblem<double>():sp-matrix.cc:710) Solving quadratic problem for u: floored 24 eigenvalues. 
LOG (sgmm2-est:UpdateU():estimate-am-sgmm2.cc:1467) Objf impr for spk weight-projection u for i = 9, is 0.00734309 over 750.712 frames
LOG (sgmm2-est:SolveQuadraticProblem<double>():sp-matrix.cc:710) Solving quadratic problem for u: floored 24 eigenvalues. 
LOG (sgmm2-est:SolveQuadraticProblem<double>():sp-matrix.cc:710) Solving quadratic problem for u: floored 24 eigenvalues. 
LOG (sgmm2-est:SolveQuadraticProblem<double>():sp-matrix.cc:710) Solving quadratic problem for u: floored 24 eigenvalues. 
WARNING (sgmm2-est:UpdateU():estimate-am-sgmm2.cc:1454) Updating speaker weight projections u, for Gaussian index 12, impr/frame is 0.867049 over 1299.5 frames, scaling back to not exceed 0.25
LOG (sgmm2-est:SolveQuadraticProblem<double>():sp-matrix.cc:710) Solving quadratic problem for u: floored 24 eigenvalues. 
LOG (sgmm2-est:SolveQuadraticProblem<double>():sp-matrix.cc:710) Solving quadratic problem for u: floored 24 eigenvalues. 
WARNING (sgmm2-est:UpdateU():estimate-am-sgmm2.cc:1454) Updating speaker weight projections u, for Gaussian index 14, impr/frame is 2.0068 over 586.019 frames, scaling back to not exceed 0.25
LOG (sgmm2-est:SolveQuadraticProblem<double>():sp-matrix.cc:710) Solving quadratic problem for u: floored 24 eigenvalues. 
LOG (sgmm2-est:SolveQuadraticProblem<double>():sp-matrix.cc:710) Solving quadratic problem for u: floored 24 eigenvalues. 
LOG (sgmm2-est:SolveQuadraticProblem<double>():sp-matrix.cc:710) Solving quadratic problem for u: floored 24 eigenvalues. 
LOG (sgmm2-est:SolveQuadraticProblem<double>():sp-matrix.cc:710) Solving quadratic problem for u: floored 24 eigenvalues. 
LOG (sgmm2-est:SolveQuadraticProblem<double>():sp-matrix.cc:710) Solving quadratic problem for u: floored 24 eigenvalues. 
WARNING (sgmm2-est:UpdateU():estimate-am-sgmm2.cc:1454) Updating speaker weight projections u, for Gaussian index 19, impr/frame is 0.49887 over 1057.81 frames, scaling back to not exceed 0.25
LOG (sgmm2-est:SolveQuadraticProblem<double>():sp-matrix.cc:710) Solving quadratic problem for u: floored 24 eigenvalues. 
LOG (sgmm2-est:SolveQuadraticProblem<double>():sp-matrix.cc:710) Solving quadratic problem for u: floored 24 eigenvalues. 
LOG (sgmm2-est:SolveQuadraticProblem<double>():sp-matrix.cc:710) Solving quadratic problem for u: floored 24 eigenvalues. 
LOG (sgmm2-est:SolveQuadraticProblem<double>():sp-matrix.cc:710) Solving quadratic problem for u: floored 24 eigenvalues. 
LOG (sgmm2-est:SolveQuadraticProblem<double>():sp-matrix.cc:710) Solving quadratic problem for u: floored 24 eigenvalues. 
LOG (sgmm2-est:SolveQuadraticProblem<double>():sp-matrix.cc:710) Solving quadratic problem for u: floored 24 eigenvalues. 
LOG (sgmm2-est:SolveQuadraticProblem<double>():sp-matrix.cc:710) Solving quadratic problem for u: floored 24 eigenvalues. 
LOG (sgmm2-est:SolveQuadraticProblem<double>():sp-matrix.cc:710) Solving quadratic problem for u: floored 24 eigenvalues. 
LOG (sgmm2-est:SolveQuadraticProblem<double>():sp-matrix.cc:710) Solving quadratic problem for u: floored 24 eigenvalues. 
LOG (sgmm2-est:SolveQuadraticProblem<double>():sp-matrix.cc:710) Solving quadratic problem for u: floored 24 eigenvalues. 
LOG (sgmm2-est:SolveQuadraticProblem<double>():sp-matrix.cc:710) Solving quadratic problem for u: floored 24 eigenvalues. 
LOG (sgmm2-est:SolveQuadraticProblem<double>():sp-matrix.cc:710) Solving quadratic problem for u: floored 24 eigenvalues. 
LOG (sgmm2-est:SolveQuadraticProblem<double>():sp-matrix.cc:710) Solving quadratic problem for u: floored 24 eigenvalues. 
LOG (sgmm2-est:SolveQuadraticProblem<double>():sp-matrix.cc:710) Solving quadratic problem for u: floored 24 eigenvalues. 
LOG (sgmm2-est:SolveQuadraticProblem<double>():sp-matrix.cc:710) Solving quadratic problem for u: floored 24 eigenvalues. 
LOG (sgmm2-est:SolveQuadraticProblem<double>():sp-matrix.cc:710) Solving quadratic problem for u: floored 24 eigenvalues. 
LOG (sgmm2-est:SolveQuadraticProblem<double>():sp-matrix.cc:710) Solving quadratic problem for u: floored 24 eigenvalues. 
LOG (sgmm2-est:SolveQuadraticProblem<double>():sp-matrix.cc:710) Solving quadratic problem for u: floored 24 eigenvalues. 
LOG (sgmm2-est:SolveQuadraticProblem<double>():sp-matrix.cc:710) Solving quadratic problem for u: floored 24 eigenvalues. 
LOG (sgmm2-est:SolveQuadraticProblem<double>():sp-matrix.cc:710) Solving quadratic problem for u: floored 24 eigenvalues. 
LOG (sgmm2-est:SolveQuadraticProblem<double>():sp-matrix.cc:710) Solving quadratic problem for u: floored 24 eigenvalues. 
LOG (sgmm2-est:SolveQuadraticProblem<double>():sp-matrix.cc:710) Solving quadratic problem for u: floored 24 eigenvalues. 
LOG (sgmm2-est:SolveQuadraticProblem<double>():sp-matrix.cc:710) Solving quadratic problem for u: floored 24 eigenvalues. 
LOG (sgmm2-est:SolveQuadraticProblem<double>():sp-matrix.cc:710) Solving quadratic problem for u: floored 24 eigenvalues. 
LOG (sgmm2-est:SolveQuadraticProblem<double>():sp-matrix.cc:710) Solving quadratic problem for u: floored 24 eigenvalues. 
LOG (sgmm2-est:SolveQuadraticProblem<double>():sp-matrix.cc:710) Solving quadratic problem for u: floored 24 eigenvalues. 
LOG (sgmm2-est:SolveQuadraticProblem<double>():sp-matrix.cc:710) Solving quadratic problem for u: floored 24 eigenvalues. 
LOG (sgmm2-est:SolveQuadraticProblem<double>():sp-matrix.cc:710) Solving quadratic problem for u: floored 24 eigenvalues. 
LOG (sgmm2-est:SolveQuadraticProblem<double>():sp-matrix.cc:710) Solving quadratic problem for u: floored 24 eigenvalues. 
LOG (sgmm2-est:SolveQuadraticProblem<double>():sp-matrix.cc:710) Solving quadratic problem for u: floored 24 eigenvalues. 
LOG (sgmm2-est:SolveQuadraticProblem<double>():sp-matrix.cc:710) Solving quadratic problem for u: floored 24 eigenvalues. 
LOG (sgmm2-est:SolveQuadraticProblem<double>():sp-matrix.cc:710) Solving quadratic problem for u: floored 24 eigenvalues. 
LOG (sgmm2-est:SolveQuadraticProblem<double>():sp-matrix.cc:710) Solving quadratic problem for u: floored 24 eigenvalues. 
LOG (sgmm2-est:SolveQuadraticProblem<double>():sp-matrix.cc:710) Solving quadratic problem for u: floored 24 eigenvalues. 
LOG (sgmm2-est:SolveQuadraticProblem<double>():sp-matrix.cc:710) Solving quadratic problem for u: floored 24 eigenvalues. 
LOG (sgmm2-est:SolveQuadraticProblem<double>():sp-matrix.cc:710) Solving quadratic problem for u: floored 24 eigenvalues. 
LOG (sgmm2-est:SolveQuadraticProblem<double>():sp-matrix.cc:710) Solving quadratic problem for u: floored 24 eigenvalues. 
LOG (sgmm2-est:SolveQuadraticProblem<double>():sp-matrix.cc:710) Solving quadratic problem for u: floored 24 eigenvalues. 
WARNING (sgmm2-est:UpdateU():estimate-am-sgmm2.cc:1454) Updating speaker weight projections u, for Gaussian index 57, impr/frame is 0.836331 over 2280.53 frames, scaling back to not exceed 0.25
LOG (sgmm2-est:SolveQuadraticProblem<double>():sp-matrix.cc:710) Solving quadratic problem for u: floored 24 eigenvalues. 
LOG (sgmm2-est:SolveQuadraticProblem<double>():sp-matrix.cc:710) Solving quadratic problem for u: floored 24 eigenvalues. 
LOG (sgmm2-est:SolveQuadraticProblem<double>():sp-matrix.cc:710) Solving quadratic problem for u: floored 24 eigenvalues. 
LOG (sgmm2-est:SolveQuadraticProblem<double>():sp-matrix.cc:710) Solving quadratic problem for u: floored 24 eigenvalues. 
LOG (sgmm2-est:SolveQuadraticProblem<double>():sp-matrix.cc:710) Solving quadratic problem for u: floored 24 eigenvalues. 
LOG (sgmm2-est:SolveQuadraticProblem<double>():sp-matrix.cc:710) Solving quadratic problem for u: floored 24 eigenvalues. 
LOG (sgmm2-est:SolveQuadraticProblem<double>():sp-matrix.cc:710) Solving quadratic problem for u: floored 24 eigenvalues. 
LOG (sgmm2-est:SolveQuadraticProblem<double>():sp-matrix.cc:710) Solving quadratic problem for u: floored 24 eigenvalues. 
LOG (sgmm2-est:SolveQuadraticProblem<double>():sp-matrix.cc:710) Solving quadratic problem for u: floored 24 eigenvalues. 
LOG (sgmm2-est:SolveQuadraticProblem<double>():sp-matrix.cc:710) Solving quadratic problem for u: floored 24 eigenvalues. 
LOG (sgmm2-est:SolveQuadraticProblem<double>():sp-matrix.cc:710) Solving quadratic problem for u: floored 24 eigenvalues. 
LOG (sgmm2-est:SolveQuadraticProblem<double>():sp-matrix.cc:710) Solving quadratic problem for u: floored 24 eigenvalues. 
LOG (sgmm2-est:SolveQuadraticProblem<double>():sp-matrix.cc:710) Solving quadratic problem for u: floored 24 eigenvalues. 
LOG (sgmm2-est:SolveQuadraticProblem<double>():sp-matrix.cc:710) Solving quadratic problem for u: floored 24 eigenvalues. 
LOG (sgmm2-est:SolveQuadraticProblem<double>():sp-matrix.cc:710) Solving quadratic problem for u: floored 24 eigenvalues. 
LOG (sgmm2-est:SolveQuadraticProblem<double>():sp-matrix.cc:710) Solving quadratic problem for u: floored 24 eigenvalues. 
LOG (sgmm2-est:SolveQuadraticProblem<double>():sp-matrix.cc:710) Solving quadratic problem for u: floored 24 eigenvalues. 
LOG (sgmm2-est:SolveQuadraticProblem<double>():sp-matrix.cc:710) Solving quadratic problem for u: floored 24 eigenvalues. 
LOG (sgmm2-est:SolveQuadraticProblem<double>():sp-matrix.cc:710) Solving quadratic problem for u: floored 24 eigenvalues. 
LOG (sgmm2-est:SolveQuadraticProblem<double>():sp-matrix.cc:710) Solving quadratic problem for u: floored 24 eigenvalues. 
LOG (sgmm2-est:SolveQuadraticProblem<double>():sp-matrix.cc:710) Solving quadratic problem for u: floored 24 eigenvalues. 
LOG (sgmm2-est:SolveQuadraticProblem<double>():sp-matrix.cc:710) Solving quadratic problem for u: floored 24 eigenvalues. 
LOG (sgmm2-est:SolveQuadraticProblem<double>():sp-matrix.cc:710) Solving quadratic problem for u: floored 24 eigenvalues. 
LOG (sgmm2-est:SolveQuadraticProblem<double>():sp-matrix.cc:710) Solving quadratic problem for u: floored 24 eigenvalues. 
LOG (sgmm2-est:SolveQuadraticProblem<double>():sp-matrix.cc:710) Solving quadratic problem for u: floored 24 eigenvalues. 
WARNING (sgmm2-est:UpdateU():estimate-am-sgmm2.cc:1454) Updating speaker weight projections u, for Gaussian index 82, impr/frame is 1.14592 over 2364.14 frames, scaling back to not exceed 0.25
LOG (sgmm2-est:SolveQuadraticProblem<double>():sp-matrix.cc:710) Solving quadratic problem for u: floored 24 eigenvalues. 
WARNING (sgmm2-est:UpdateU():estimate-am-sgmm2.cc:1454) Updating speaker weight projections u, for Gaussian index 83, impr/frame is 0.378563 over 2865.41 frames, scaling back to not exceed 0.25
LOG (sgmm2-est:SolveQuadraticProblem<double>():sp-matrix.cc:710) Solving quadratic problem for u: floored 24 eigenvalues. 
LOG (sgmm2-est:SolveQuadraticProblem<double>():sp-matrix.cc:710) Solving quadratic problem for u: floored 24 eigenvalues. 
LOG (sgmm2-est:SolveQuadraticProblem<double>():sp-matrix.cc:710) Solving quadratic problem for u: floored 24 eigenvalues. 
LOG (sgmm2-est:SolveQuadraticProblem<double>():sp-matrix.cc:710) Solving quadratic problem for u: floored 24 eigenvalues. 
LOG (sgmm2-est:SolveQuadraticProblem<double>():sp-matrix.cc:710) Solving quadratic problem for u: floored 24 eigenvalues. 
LOG (sgmm2-est:SolveQuadraticProblem<double>():sp-matrix.cc:710) Solving quadratic problem for u: floored 24 eigenvalues. 
LOG (sgmm2-est:SolveQuadraticProblem<double>():sp-matrix.cc:710) Solving quadratic problem for u: floored 24 eigenvalues. 
LOG (sgmm2-est:SolveQuadraticProblem<double>():sp-matrix.cc:710) Solving quadratic problem for u: floored 24 eigenvalues. 
LOG (sgmm2-est:SolveQuadraticProblem<double>():sp-matrix.cc:710) Solving quadratic problem for u: floored 24 eigenvalues. 
LOG (sgmm2-est:SolveQuadraticProblem<double>():sp-matrix.cc:710) Solving quadratic problem for u: floored 24 eigenvalues. 
LOG (sgmm2-est:SolveQuadraticProblem<double>():sp-matrix.cc:710) Solving quadratic problem for u: floored 24 eigenvalues. 
LOG (sgmm2-est:SolveQuadraticProblem<double>():sp-matrix.cc:710) Solving quadratic problem for u: floored 24 eigenvalues. 
LOG (sgmm2-est:SolveQuadraticProblem<double>():sp-matrix.cc:710) Solving quadratic problem for u: floored 24 eigenvalues. 
LOG (sgmm2-est:SolveQuadraticProblem<double>():sp-matrix.cc:710) Solving quadratic problem for u: floored 24 eigenvalues. 
LOG (sgmm2-est:SolveQuadraticProblem<double>():sp-matrix.cc:710) Solving quadratic problem for u: floored 24 eigenvalues. 
LOG (sgmm2-est:SolveQuadraticProblem<double>():sp-matrix.cc:710) Solving quadratic problem for u: floored 24 eigenvalues. 
LOG (sgmm2-est:SolveQuadraticProblem<double>():sp-matrix.cc:710) Solving quadratic problem for u: floored 24 eigenvalues. 
LOG (sgmm2-est:SolveQuadraticProblem<double>():sp-matrix.cc:710) Solving quadratic problem for u: floored 24 eigenvalues. 
LOG (sgmm2-est:SolveQuadraticProblem<double>():sp-matrix.cc:710) Solving quadratic problem for u: floored 24 eigenvalues. 
WARNING (sgmm2-est:UpdateU():estimate-am-sgmm2.cc:1454) Updating speaker weight projections u, for Gaussian index 102, impr/frame is 0.32459 over 1025.54 frames, scaling back to not exceed 0.25
LOG (sgmm2-est:SolveQuadraticProblem<double>():sp-matrix.cc:710) Solving quadratic problem for u: floored 24 eigenvalues. 
LOG (sgmm2-est:SolveQuadraticProblem<double>():sp-matrix.cc:710) Solving quadratic problem for u: floored 24 eigenvalues. 
LOG (sgmm2-est:SolveQuadraticProblem<double>():sp-matrix.cc:710) Solving quadratic problem for u: floored 24 eigenvalues. 
LOG (sgmm2-est:SolveQuadraticProblem<double>():sp-matrix.cc:710) Solving quadratic problem for u: floored 24 eigenvalues. 
LOG (sgmm2-est:SolveQuadraticProblem<double>():sp-matrix.cc:710) Solving quadratic problem for u: floored 24 eigenvalues. 
LOG (sgmm2-est:SolveQuadraticProblem<double>():sp-matrix.cc:710) Solving quadratic problem for u: floored 24 eigenvalues. 
WARNING (sgmm2-est:UpdateU():estimate-am-sgmm2.cc:1454) Updating speaker weight projections u, for Gaussian index 108, impr/frame is 0.359307 over 1120.95 frames, scaling back to not exceed 0.25
LOG (sgmm2-est:SolveQuadraticProblem<double>():sp-matrix.cc:710) Solving quadratic problem for u: floored 24 eigenvalues. 
LOG (sgmm2-est:SolveQuadraticProblem<double>():sp-matrix.cc:710) Solving quadratic problem for u: floored 24 eigenvalues. 
LOG (sgmm2-est:SolveQuadraticProblem<double>():sp-matrix.cc:710) Solving quadratic problem for u: floored 24 eigenvalues. 
WARNING (sgmm2-est:UpdateU():estimate-am-sgmm2.cc:1454) Updating speaker weight projections u, for Gaussian index 111, impr/frame is 0.357811 over 773.368 frames, scaling back to not exceed 0.25
LOG (sgmm2-est:SolveQuadraticProblem<double>():sp-matrix.cc:710) Solving quadratic problem for u: floored 24 eigenvalues. 
LOG (sgmm2-est:SolveQuadraticProblem<double>():sp-matrix.cc:710) Solving quadratic problem for u: floored 24 eigenvalues. 
LOG (sgmm2-est:SolveQuadraticProblem<double>():sp-matrix.cc:710) Solving quadratic problem for u: floored 24 eigenvalues. 
WARNING (sgmm2-est:UpdateU():estimate-am-sgmm2.cc:1454) Updating speaker weight projections u, for Gaussian index 114, impr/frame is 1.10902 over 503.946 frames, scaling back to not exceed 0.25
LOG (sgmm2-est:SolveQuadraticProblem<double>():sp-matrix.cc:710) Solving quadratic problem for u: floored 24 eigenvalues. 
LOG (sgmm2-est:SolveQuadraticProblem<double>():sp-matrix.cc:710) Solving quadratic problem for u: floored 24 eigenvalues. 
LOG (sgmm2-est:SolveQuadraticProblem<double>():sp-matrix.cc:710) Solving quadratic problem for u: floored 24 eigenvalues. 
LOG (sgmm2-est:SolveQuadraticProblem<double>():sp-matrix.cc:710) Solving quadratic problem for u: floored 24 eigenvalues. 
LOG (sgmm2-est:SolveQuadraticProblem<double>():sp-matrix.cc:710) Solving quadratic problem for u: floored 24 eigenvalues. 
LOG (sgmm2-est:SolveQuadraticProblem<double>():sp-matrix.cc:710) Solving quadratic problem for u: floored 24 eigenvalues. 
LOG (sgmm2-est:SolveQuadraticProblem<double>():sp-matrix.cc:710) Solving quadratic problem for u: floored 24 eigenvalues. 
LOG (sgmm2-est:SolveQuadraticProblem<double>():sp-matrix.cc:710) Solving quadratic problem for u: floored 24 eigenvalues. 
LOG (sgmm2-est:SolveQuadraticProblem<double>():sp-matrix.cc:710) Solving quadratic problem for u: floored 24 eigenvalues. 
LOG (sgmm2-est:SolveQuadraticProblem<double>():sp-matrix.cc:710) Solving quadratic problem for u: floored 24 eigenvalues. 
LOG (sgmm2-est:SolveQuadraticProblem<double>():sp-matrix.cc:710) Solving quadratic problem for u: floored 24 eigenvalues. 
LOG (sgmm2-est:SolveQuadraticProblem<double>():sp-matrix.cc:710) Solving quadratic problem for u: floored 24 eigenvalues. 
WARNING (sgmm2-est:UpdateU():estimate-am-sgmm2.cc:1454) Updating speaker weight projections u, for Gaussian index 126, impr/frame is 0.31819 over 1211.9 frames, scaling back to not exceed 0.25
LOG (sgmm2-est:SolveQuadraticProblem<double>():sp-matrix.cc:710) Solving quadratic problem for u: floored 24 eigenvalues. 
LOG (sgmm2-est:SolveQuadraticProblem<double>():sp-matrix.cc:710) Solving quadratic problem for u: floored 24 eigenvalues. 
LOG (sgmm2-est:SolveQuadraticProblem<double>():sp-matrix.cc:710) Solving quadratic problem for u: floored 24 eigenvalues. 
LOG (sgmm2-est:SolveQuadraticProblem<double>():sp-matrix.cc:710) Solving quadratic problem for u: floored 24 eigenvalues. 
LOG (sgmm2-est:SolveQuadraticProblem<double>():sp-matrix.cc:710) Solving quadratic problem for u: floored 24 eigenvalues. 
LOG (sgmm2-est:SolveQuadraticProblem<double>():sp-matrix.cc:710) Solving quadratic problem for u: floored 24 eigenvalues. 
WARNING (sgmm2-est:UpdateU():estimate-am-sgmm2.cc:1454) Updating speaker weight projections u, for Gaussian index 132, impr/frame is 0.587739 over 1972.76 frames, scaling back to not exceed 0.25
LOG (sgmm2-est:SolveQuadraticProblem<double>():sp-matrix.cc:710) Solving quadratic problem for u: floored 24 eigenvalues. 
LOG (sgmm2-est:SolveQuadraticProblem<double>():sp-matrix.cc:710) Solving quadratic problem for u: floored 24 eigenvalues. 
LOG (sgmm2-est:SolveQuadraticProblem<double>():sp-matrix.cc:710) Solving quadratic problem for u: floored 24 eigenvalues. 
LOG (sgmm2-est:SolveQuadraticProblem<double>():sp-matrix.cc:710) Solving quadratic problem for u: floored 24 eigenvalues. 
LOG (sgmm2-est:SolveQuadraticProblem<double>():sp-matrix.cc:710) Solving quadratic problem for u: floored 24 eigenvalues. 
LOG (sgmm2-est:SolveQuadraticProblem<double>():sp-matrix.cc:710) Solving quadratic problem for u: floored 24 eigenvalues. 
LOG (sgmm2-est:SolveQuadraticProblem<double>():sp-matrix.cc:710) Solving quadratic problem for u: floored 24 eigenvalues. 
LOG (sgmm2-est:SolveQuadraticProblem<double>():sp-matrix.cc:710) Solving quadratic problem for u: floored 24 eigenvalues. 
LOG (sgmm2-est:SolveQuadraticProblem<double>():sp-matrix.cc:710) Solving quadratic problem for u: floored 24 eigenvalues. 
LOG (sgmm2-est:SolveQuadraticProblem<double>():sp-matrix.cc:710) Solving quadratic problem for u: floored 24 eigenvalues. 
LOG (sgmm2-est:SolveQuadraticProblem<double>():sp-matrix.cc:710) Solving quadratic problem for u: floored 24 eigenvalues. 
LOG (sgmm2-est:SolveQuadraticProblem<double>():sp-matrix.cc:710) Solving quadratic problem for u: floored 24 eigenvalues. 
LOG (sgmm2-est:SolveQuadraticProblem<double>():sp-matrix.cc:710) Solving quadratic problem for u: floored 24 eigenvalues. 
LOG (sgmm2-est:SolveQuadraticProblem<double>():sp-matrix.cc:710) Solving quadratic problem for u: floored 24 eigenvalues. 
LOG (sgmm2-est:SolveQuadraticProblem<double>():sp-matrix.cc:710) Solving quadratic problem for u: floored 24 eigenvalues. 
LOG (sgmm2-est:SolveQuadraticProblem<double>():sp-matrix.cc:710) Solving quadratic problem for u: floored 24 eigenvalues. 
LOG (sgmm2-est:SolveQuadraticProblem<double>():sp-matrix.cc:710) Solving quadratic problem for u: floored 24 eigenvalues. 
LOG (sgmm2-est:SolveQuadraticProblem<double>():sp-matrix.cc:710) Solving quadratic problem for u: floored 24 eigenvalues. 
LOG (sgmm2-est:SolveQuadraticProblem<double>():sp-matrix.cc:710) Solving quadratic problem for u: floored 24 eigenvalues. 
LOG (sgmm2-est:SolveQuadraticProblem<double>():sp-matrix.cc:710) Solving quadratic problem for u: floored 24 eigenvalues. 
LOG (sgmm2-est:SolveQuadraticProblem<double>():sp-matrix.cc:710) Solving quadratic problem for u: floored 24 eigenvalues. 
LOG (sgmm2-est:SolveQuadraticProblem<double>():sp-matrix.cc:710) Solving quadratic problem for u: floored 24 eigenvalues. 
LOG (sgmm2-est:SolveQuadraticProblem<double>():sp-matrix.cc:710) Solving quadratic problem for u: floored 24 eigenvalues. 
LOG (sgmm2-est:SolveQuadraticProblem<double>():sp-matrix.cc:710) Solving quadratic problem for u: floored 24 eigenvalues. 
LOG (sgmm2-est:SolveQuadraticProblem<double>():sp-matrix.cc:710) Solving quadratic problem for u: floored 24 eigenvalues. 
LOG (sgmm2-est:SolveQuadraticProblem<double>():sp-matrix.cc:710) Solving quadratic problem for u: floored 24 eigenvalues. 
WARNING (sgmm2-est:UpdateU():estimate-am-sgmm2.cc:1454) Updating speaker weight projections u, for Gaussian index 158, impr/frame is 0.394859 over 4146.22 frames, scaling back to not exceed 0.25
LOG (sgmm2-est:SolveQuadraticProblem<double>():sp-matrix.cc:710) Solving quadratic problem for u: floored 24 eigenvalues. 
LOG (sgmm2-est:SolveQuadraticProblem<double>():sp-matrix.cc:710) Solving quadratic problem for u: floored 24 eigenvalues. 
LOG (sgmm2-est:SolveQuadraticProblem<double>():sp-matrix.cc:710) Solving quadratic problem for u: floored 24 eigenvalues. 
LOG (sgmm2-est:SolveQuadraticProblem<double>():sp-matrix.cc:710) Solving quadratic problem for u: floored 24 eigenvalues. 
LOG (sgmm2-est:SolveQuadraticProblem<double>():sp-matrix.cc:710) Solving quadratic problem for u: floored 24 eigenvalues. 
LOG (sgmm2-est:SolveQuadraticProblem<double>():sp-matrix.cc:710) Solving quadratic problem for u: floored 24 eigenvalues. 
LOG (sgmm2-est:SolveQuadraticProblem<double>():sp-matrix.cc:710) Solving quadratic problem for u: floored 24 eigenvalues. 
WARNING (sgmm2-est:UpdateU():estimate-am-sgmm2.cc:1454) Updating speaker weight projections u, for Gaussian index 165, impr/frame is 1.99028 over 7035.49 frames, scaling back to not exceed 0.25
LOG (sgmm2-est:SolveQuadraticProblem<double>():sp-matrix.cc:710) Solving quadratic problem for u: floored 24 eigenvalues. 
LOG (sgmm2-est:SolveQuadraticProblem<double>():sp-matrix.cc:710) Solving quadratic problem for u: floored 24 eigenvalues. 
LOG (sgmm2-est:SolveQuadraticProblem<double>():sp-matrix.cc:710) Solving quadratic problem for u: floored 24 eigenvalues. 
LOG (sgmm2-est:SolveQuadraticProblem<double>():sp-matrix.cc:710) Solving quadratic problem for u: floored 24 eigenvalues. 
LOG (sgmm2-est:SolveQuadraticProblem<double>():sp-matrix.cc:710) Solving quadratic problem for u: floored 24 eigenvalues. 
LOG (sgmm2-est:SolveQuadraticProblem<double>():sp-matrix.cc:710) Solving quadratic problem for u: floored 24 eigenvalues. 
LOG (sgmm2-est:SolveQuadraticProblem<double>():sp-matrix.cc:710) Solving quadratic problem for u: floored 24 eigenvalues. 
LOG (sgmm2-est:SolveQuadraticProblem<double>():sp-matrix.cc:710) Solving quadratic problem for u: floored 24 eigenvalues. 
LOG (sgmm2-est:SolveQuadraticProblem<double>():sp-matrix.cc:710) Solving quadratic problem for u: floored 24 eigenvalues. 
WARNING (sgmm2-est:UpdateU():estimate-am-sgmm2.cc:1454) Updating speaker weight projections u, for Gaussian index 174, impr/frame is 1.00829 over 6905.53 frames, scaling back to not exceed 0.25
LOG (sgmm2-est:SolveQuadraticProblem<double>():sp-matrix.cc:710) Solving quadratic problem for u: floored 24 eigenvalues. 
LOG (sgmm2-est:SolveQuadraticProblem<double>():sp-matrix.cc:710) Solving quadratic problem for u: floored 24 eigenvalues. 
LOG (sgmm2-est:SolveQuadraticProblem<double>():sp-matrix.cc:710) Solving quadratic problem for u: floored 24 eigenvalues. 
LOG (sgmm2-est:SolveQuadraticProblem<double>():sp-matrix.cc:710) Solving quadratic problem for u: floored 24 eigenvalues. 
LOG (sgmm2-est:SolveQuadraticProblem<double>():sp-matrix.cc:710) Solving quadratic problem for u: floored 24 eigenvalues. 
LOG (sgmm2-est:SolveQuadraticProblem<double>():sp-matrix.cc:710) Solving quadratic problem for u: floored 24 eigenvalues. 
LOG (sgmm2-est:SolveQuadraticProblem<double>():sp-matrix.cc:710) Solving quadratic problem for u: floored 24 eigenvalues. 
LOG (sgmm2-est:SolveQuadraticProblem<double>():sp-matrix.cc:710) Solving quadratic problem for u: floored 24 eigenvalues. 
LOG (sgmm2-est:SolveQuadraticProblem<double>():sp-matrix.cc:710) Solving quadratic problem for u: floored 24 eigenvalues. 
LOG (sgmm2-est:SolveQuadraticProblem<double>():sp-matrix.cc:710) Solving quadratic problem for u: floored 24 eigenvalues. 
LOG (sgmm2-est:SolveQuadraticProblem<double>():sp-matrix.cc:710) Solving quadratic problem for u: floored 24 eigenvalues. 
LOG (sgmm2-est:SolveQuadraticProblem<double>():sp-matrix.cc:710) Solving quadratic problem for u: floored 24 eigenvalues. 
LOG (sgmm2-est:SolveQuadraticProblem<double>():sp-matrix.cc:710) Solving quadratic problem for u: floored 24 eigenvalues. 
LOG (sgmm2-est:SolveQuadraticProblem<double>():sp-matrix.cc:710) Solving quadratic problem for u: floored 24 eigenvalues. 
LOG (sgmm2-est:SolveQuadraticProblem<double>():sp-matrix.cc:710) Solving quadratic problem for u: floored 24 eigenvalues. 
LOG (sgmm2-est:SolveQuadraticProblem<double>():sp-matrix.cc:710) Solving quadratic problem for u: floored 24 eigenvalues. 
LOG (sgmm2-est:SolveQuadraticProblem<double>():sp-matrix.cc:710) Solving quadratic problem for u: floored 24 eigenvalues. 
LOG (sgmm2-est:SolveQuadraticProblem<double>():sp-matrix.cc:710) Solving quadratic problem for u: floored 24 eigenvalues. 
LOG (sgmm2-est:SolveQuadraticProblem<double>():sp-matrix.cc:710) Solving quadratic problem for u: floored 24 eigenvalues. 
LOG (sgmm2-est:SolveQuadraticProblem<double>():sp-matrix.cc:710) Solving quadratic problem for u: floored 24 eigenvalues. 
LOG (sgmm2-est:SolveQuadraticProblem<double>():sp-matrix.cc:710) Solving quadratic problem for u: floored 24 eigenvalues. 
LOG (sgmm2-est:SolveQuadraticProblem<double>():sp-matrix.cc:710) Solving quadratic problem for u: floored 24 eigenvalues. 
LOG (sgmm2-est:SolveQuadraticProblem<double>():sp-matrix.cc:710) Solving quadratic problem for u: floored 24 eigenvalues. 
LOG (sgmm2-est:SolveQuadraticProblem<double>():sp-matrix.cc:710) Solving quadratic problem for u: floored 24 eigenvalues. 
LOG (sgmm2-est:SolveQuadraticProblem<double>():sp-matrix.cc:710) Solving quadratic problem for u: floored 24 eigenvalues. 
LOG (sgmm2-est:SolveQuadraticProblem<double>():sp-matrix.cc:710) Solving quadratic problem for u: floored 24 eigenvalues. 
LOG (sgmm2-est:SolveQuadraticProblem<double>():sp-matrix.cc:710) Solving quadratic problem for u: floored 24 eigenvalues. 
LOG (sgmm2-est:SolveQuadraticProblem<double>():sp-matrix.cc:710) Solving quadratic problem for u: floored 24 eigenvalues. 
LOG (sgmm2-est:SolveQuadraticProblem<double>():sp-matrix.cc:710) Solving quadratic problem for u: floored 24 eigenvalues. 
LOG (sgmm2-est:SolveQuadraticProblem<double>():sp-matrix.cc:710) Solving quadratic problem for u: floored 24 eigenvalues. 
LOG (sgmm2-est:SolveQuadraticProblem<double>():sp-matrix.cc:710) Solving quadratic problem for u: floored 24 eigenvalues. 
LOG (sgmm2-est:SolveQuadraticProblem<double>():sp-matrix.cc:710) Solving quadratic problem for u: floored 24 eigenvalues. 
LOG (sgmm2-est:SolveQuadraticProblem<double>():sp-matrix.cc:710) Solving quadratic problem for u: floored 24 eigenvalues. 
LOG (sgmm2-est:SolveQuadraticProblem<double>():sp-matrix.cc:710) Solving quadratic problem for u: floored 24 eigenvalues. 
LOG (sgmm2-est:SolveQuadraticProblem<double>():sp-matrix.cc:710) Solving quadratic problem for u: floored 24 eigenvalues. 
LOG (sgmm2-est:SolveQuadraticProblem<double>():sp-matrix.cc:710) Solving quadratic problem for u: floored 24 eigenvalues. 
LOG (sgmm2-est:SolveQuadraticProblem<double>():sp-matrix.cc:710) Solving quadratic problem for u: floored 24 eigenvalues. 
LOG (sgmm2-est:SolveQuadraticProblem<double>():sp-matrix.cc:710) Solving quadratic problem for u: floored 24 eigenvalues. 
LOG (sgmm2-est:SolveQuadraticProblem<double>():sp-matrix.cc:710) Solving quadratic problem for u: floored 24 eigenvalues. 
LOG (sgmm2-est:SolveQuadraticProblem<double>():sp-matrix.cc:710) Solving quadratic problem for u: floored 24 eigenvalues. 
LOG (sgmm2-est:SolveQuadraticProblem<double>():sp-matrix.cc:710) Solving quadratic problem for u: floored 24 eigenvalues. 
LOG (sgmm2-est:SolveQuadraticProblem<double>():sp-matrix.cc:710) Solving quadratic problem for u: floored 24 eigenvalues. 
LOG (sgmm2-est:SolveQuadraticProblem<double>():sp-matrix.cc:710) Solving quadratic problem for u: floored 24 eigenvalues. 
LOG (sgmm2-est:SolveQuadraticProblem<double>():sp-matrix.cc:710) Solving quadratic problem for u: floored 24 eigenvalues. 
LOG (sgmm2-est:SolveQuadraticProblem<double>():sp-matrix.cc:710) Solving quadratic problem for u: floored 24 eigenvalues. 
LOG (sgmm2-est:SolveQuadraticProblem<double>():sp-matrix.cc:710) Solving quadratic problem for u: floored 24 eigenvalues. 
LOG (sgmm2-est:SolveQuadraticProblem<double>():sp-matrix.cc:710) Solving quadratic problem for u: floored 24 eigenvalues. 
LOG (sgmm2-est:SolveQuadraticProblem<double>():sp-matrix.cc:710) Solving quadratic problem for u: floored 24 eigenvalues. 
LOG (sgmm2-est:SolveQuadraticProblem<double>():sp-matrix.cc:710) Solving quadratic problem for u: floored 24 eigenvalues. 
LOG (sgmm2-est:SolveQuadraticProblem<double>():sp-matrix.cc:710) Solving quadratic problem for u: floored 24 eigenvalues. 
LOG (sgmm2-est:SolveQuadraticProblem<double>():sp-matrix.cc:710) Solving quadratic problem for u: floored 24 eigenvalues. 
LOG (sgmm2-est:SolveQuadraticProblem<double>():sp-matrix.cc:710) Solving quadratic problem for u: floored 24 eigenvalues. 
LOG (sgmm2-est:SolveQuadraticProblem<double>():sp-matrix.cc:710) Solving quadratic problem for u: floored 24 eigenvalues. 
LOG (sgmm2-est:SolveQuadraticProblem<double>():sp-matrix.cc:710) Solving quadratic problem for u: floored 24 eigenvalues. 
LOG (sgmm2-est:SolveQuadraticProblem<double>():sp-matrix.cc:710) Solving quadratic problem for u: floored 24 eigenvalues. 
LOG (sgmm2-est:SolveQuadraticProblem<double>():sp-matrix.cc:710) Solving quadratic problem for u: floored 24 eigenvalues. 
LOG (sgmm2-est:SolveQuadraticProblem<double>():sp-matrix.cc:710) Solving quadratic problem for u: floored 24 eigenvalues. 
LOG (sgmm2-est:SolveQuadraticProblem<double>():sp-matrix.cc:710) Solving quadratic problem for u: floored 24 eigenvalues. 
LOG (sgmm2-est:SolveQuadraticProblem<double>():sp-matrix.cc:710) Solving quadratic problem for u: floored 24 eigenvalues. 
LOG (sgmm2-est:SolveQuadraticProblem<double>():sp-matrix.cc:710) Solving quadratic problem for u: floored 24 eigenvalues. 
LOG (sgmm2-est:SolveQuadraticProblem<double>():sp-matrix.cc:710) Solving quadratic problem for u: floored 24 eigenvalues. 
LOG (sgmm2-est:SolveQuadraticProblem<double>():sp-matrix.cc:710) Solving quadratic problem for u: floored 24 eigenvalues. 
LOG (sgmm2-est:SolveQuadraticProblem<double>():sp-matrix.cc:710) Solving quadratic problem for u: floored 24 eigenvalues. 
LOG (sgmm2-est:SolveQuadraticProblem<double>():sp-matrix.cc:710) Solving quadratic problem for u: floored 24 eigenvalues. 
LOG (sgmm2-est:SolveQuadraticProblem<double>():sp-matrix.cc:710) Solving quadratic problem for u: floored 24 eigenvalues. 
LOG (sgmm2-est:SolveQuadraticProblem<double>():sp-matrix.cc:710) Solving quadratic problem for u: floored 24 eigenvalues. 
LOG (sgmm2-est:SolveQuadraticProblem<double>():sp-matrix.cc:710) Solving quadratic problem for u: floored 24 eigenvalues. 
LOG (sgmm2-est:SolveQuadraticProblem<double>():sp-matrix.cc:710) Solving quadratic problem for u: floored 24 eigenvalues. 
LOG (sgmm2-est:SolveQuadraticProblem<double>():sp-matrix.cc:710) Solving quadratic problem for u: floored 24 eigenvalues. 
LOG (sgmm2-est:SolveQuadraticProblem<double>():sp-matrix.cc:710) Solving quadratic problem for u: floored 24 eigenvalues. 
LOG (sgmm2-est:SolveQuadraticProblem<double>():sp-matrix.cc:710) Solving quadratic problem for u: floored 24 eigenvalues. 
LOG (sgmm2-est:SolveQuadraticProblem<double>():sp-matrix.cc:710) Solving quadratic problem for u: floored 24 eigenvalues. 
LOG (sgmm2-est:SolveQuadraticProblem<double>():sp-matrix.cc:710) Solving quadratic problem for u: floored 24 eigenvalues. 
LOG (sgmm2-est:SolveQuadraticProblem<double>():sp-matrix.cc:710) Solving quadratic problem for u: floored 24 eigenvalues. 
LOG (sgmm2-est:SolveQuadraticProblem<double>():sp-matrix.cc:710) Solving quadratic problem for u: floored 24 eigenvalues. 
LOG (sgmm2-est:SolveQuadraticProblem<double>():sp-matrix.cc:710) Solving quadratic problem for u: floored 24 eigenvalues. 
LOG (sgmm2-est:SolveQuadraticProblem<double>():sp-matrix.cc:710) Solving quadratic problem for u: floored 24 eigenvalues. 
LOG (sgmm2-est:SolveQuadraticProblem<double>():sp-matrix.cc:710) Solving quadratic problem for u: floored 24 eigenvalues. 
LOG (sgmm2-est:SolveQuadraticProblem<double>():sp-matrix.cc:710) Solving quadratic problem for u: floored 24 eigenvalues. 
LOG (sgmm2-est:SolveQuadraticProblem<double>():sp-matrix.cc:710) Solving quadratic problem for u: floored 24 eigenvalues. 
LOG (sgmm2-est:SolveQuadraticProblem<double>():sp-matrix.cc:710) Solving quadratic problem for u: floored 24 eigenvalues. 
LOG (sgmm2-est:SolveQuadraticProblem<double>():sp-matrix.cc:710) Solving quadratic problem for u: floored 24 eigenvalues. 
LOG (sgmm2-est:SolveQuadraticProblem<double>():sp-matrix.cc:710) Solving quadratic problem for u: floored 24 eigenvalues. 
LOG (sgmm2-est:SolveQuadraticProblem<double>():sp-matrix.cc:710) Solving quadratic problem for u: floored 24 eigenvalues. 
LOG (sgmm2-est:SolveQuadraticProblem<double>():sp-matrix.cc:710) Solving quadratic problem for u: floored 24 eigenvalues. 
LOG (sgmm2-est:SolveQuadraticProblem<double>():sp-matrix.cc:710) Solving quadratic problem for u: floored 24 eigenvalues. 
LOG (sgmm2-est:SolveQuadraticProblem<double>():sp-matrix.cc:710) Solving quadratic problem for u: floored 24 eigenvalues. 
WARNING (sgmm2-est:UpdateU():estimate-am-sgmm2.cc:1454) Updating speaker weight projections u, for Gaussian index 261, impr/frame is 0.461081 over 1365.89 frames, scaling back to not exceed 0.25
LOG (sgmm2-est:SolveQuadraticProblem<double>():sp-matrix.cc:710) Solving quadratic problem for u: floored 24 eigenvalues. 
LOG (sgmm2-est:SolveQuadraticProblem<double>():sp-matrix.cc:710) Solving quadratic problem for u: floored 24 eigenvalues. 
LOG (sgmm2-est:SolveQuadraticProblem<double>():sp-matrix.cc:710) Solving quadratic problem for u: floored 24 eigenvalues. 
LOG (sgmm2-est:SolveQuadraticProblem<double>():sp-matrix.cc:710) Solving quadratic problem for u: floored 24 eigenvalues. 
LOG (sgmm2-est:SolveQuadraticProblem<double>():sp-matrix.cc:710) Solving quadratic problem for u: floored 24 eigenvalues. 
LOG (sgmm2-est:SolveQuadraticProblem<double>():sp-matrix.cc:710) Solving quadratic problem for u: floored 24 eigenvalues. 
LOG (sgmm2-est:SolveQuadraticProblem<double>():sp-matrix.cc:710) Solving quadratic problem for u: floored 24 eigenvalues. 
LOG (sgmm2-est:SolveQuadraticProblem<double>():sp-matrix.cc:710) Solving quadratic problem for u: floored 24 eigenvalues. 
LOG (sgmm2-est:SolveQuadraticProblem<double>():sp-matrix.cc:710) Solving quadratic problem for u: floored 24 eigenvalues. 
LOG (sgmm2-est:SolveQuadraticProblem<double>():sp-matrix.cc:710) Solving quadratic problem for u: floored 24 eigenvalues. 
LOG (sgmm2-est:SolveQuadraticProblem<double>():sp-matrix.cc:710) Solving quadratic problem for u: floored 24 eigenvalues. 
LOG (sgmm2-est:SolveQuadraticProblem<double>():sp-matrix.cc:710) Solving quadratic problem for u: floored 24 eigenvalues. 
LOG (sgmm2-est:SolveQuadraticProblem<double>():sp-matrix.cc:710) Solving quadratic problem for u: floored 24 eigenvalues. 
LOG (sgmm2-est:SolveQuadraticProblem<double>():sp-matrix.cc:710) Solving quadratic problem for u: floored 24 eigenvalues. 
LOG (sgmm2-est:SolveQuadraticProblem<double>():sp-matrix.cc:710) Solving quadratic problem for u: floored 24 eigenvalues. 
LOG (sgmm2-est:SolveQuadraticProblem<double>():sp-matrix.cc:710) Solving quadratic problem for u: floored 24 eigenvalues. 
LOG (sgmm2-est:SolveQuadraticProblem<double>():sp-matrix.cc:710) Solving quadratic problem for u: floored 24 eigenvalues. 
LOG (sgmm2-est:SolveQuadraticProblem<double>():sp-matrix.cc:710) Solving quadratic problem for u: floored 24 eigenvalues. 
LOG (sgmm2-est:SolveQuadraticProblem<double>():sp-matrix.cc:710) Solving quadratic problem for u: floored 24 eigenvalues. 
LOG (sgmm2-est:SolveQuadraticProblem<double>():sp-matrix.cc:710) Solving quadratic problem for u: floored 24 eigenvalues. 
LOG (sgmm2-est:SolveQuadraticProblem<double>():sp-matrix.cc:710) Solving quadratic problem for u: floored 24 eigenvalues. 
LOG (sgmm2-est:SolveQuadraticProblem<double>():sp-matrix.cc:710) Solving quadratic problem for u: floored 24 eigenvalues. 
LOG (sgmm2-est:SolveQuadraticProblem<double>():sp-matrix.cc:710) Solving quadratic problem for u: floored 24 eigenvalues. 
LOG (sgmm2-est:SolveQuadraticProblem<double>():sp-matrix.cc:710) Solving quadratic problem for u: floored 24 eigenvalues. 
LOG (sgmm2-est:SolveQuadraticProblem<double>():sp-matrix.cc:710) Solving quadratic problem for u: floored 24 eigenvalues. 
LOG (sgmm2-est:SolveQuadraticProblem<double>():sp-matrix.cc:710) Solving quadratic problem for u: floored 24 eigenvalues. 
LOG (sgmm2-est:SolveQuadraticProblem<double>():sp-matrix.cc:710) Solving quadratic problem for u: floored 24 eigenvalues. 
LOG (sgmm2-est:SolveQuadraticProblem<double>():sp-matrix.cc:710) Solving quadratic problem for u: floored 24 eigenvalues. 
WARNING (sgmm2-est:UpdateU():estimate-am-sgmm2.cc:1454) Updating speaker weight projections u, for Gaussian index 289, impr/frame is 0.308414 over 1322.02 frames, scaling back to not exceed 0.25
LOG (sgmm2-est:SolveQuadraticProblem<double>():sp-matrix.cc:710) Solving quadratic problem for u: floored 24 eigenvalues. 
LOG (sgmm2-est:SolveQuadraticProblem<double>():sp-matrix.cc:710) Solving quadratic problem for u: floored 24 eigenvalues. 
LOG (sgmm2-est:SolveQuadraticProblem<double>():sp-matrix.cc:710) Solving quadratic problem for u: floored 24 eigenvalues. 
LOG (sgmm2-est:SolveQuadraticProblem<double>():sp-matrix.cc:710) Solving quadratic problem for u: floored 24 eigenvalues. 
LOG (sgmm2-est:SolveQuadraticProblem<double>():sp-matrix.cc:710) Solving quadratic problem for u: floored 24 eigenvalues. 
LOG (sgmm2-est:SolveQuadraticProblem<double>():sp-matrix.cc:710) Solving quadratic problem for u: floored 24 eigenvalues. 
LOG (sgmm2-est:SolveQuadraticProblem<double>():sp-matrix.cc:710) Solving quadratic problem for u: floored 24 eigenvalues. 
LOG (sgmm2-est:SolveQuadraticProblem<double>():sp-matrix.cc:710) Solving quadratic problem for u: floored 24 eigenvalues. 
LOG (sgmm2-est:SolveQuadraticProblem<double>():sp-matrix.cc:710) Solving quadratic problem for u: floored 24 eigenvalues. 
LOG (sgmm2-est:SolveQuadraticProblem<double>():sp-matrix.cc:710) Solving quadratic problem for u: floored 24 eigenvalues. 
LOG (sgmm2-est:SolveQuadraticProblem<double>():sp-matrix.cc:710) Solving quadratic problem for u: floored 24 eigenvalues. 
LOG (sgmm2-est:SolveQuadraticProblem<double>():sp-matrix.cc:710) Solving quadratic problem for u: floored 24 eigenvalues. 
LOG (sgmm2-est:SolveQuadraticProblem<double>():sp-matrix.cc:710) Solving quadratic problem for u: floored 24 eigenvalues. 
LOG (sgmm2-est:SolveQuadraticProblem<double>():sp-matrix.cc:710) Solving quadratic problem for u: floored 24 eigenvalues. 
LOG (sgmm2-est:SolveQuadraticProblem<double>():sp-matrix.cc:710) Solving quadratic problem for u: floored 24 eigenvalues. 
LOG (sgmm2-est:SolveQuadraticProblem<double>():sp-matrix.cc:710) Solving quadratic problem for u: floored 24 eigenvalues. 
LOG (sgmm2-est:SolveQuadraticProblem<double>():sp-matrix.cc:710) Solving quadratic problem for u: floored 24 eigenvalues. 
LOG (sgmm2-est:SolveQuadraticProblem<double>():sp-matrix.cc:710) Solving quadratic problem for u: floored 24 eigenvalues. 
LOG (sgmm2-est:SolveQuadraticProblem<double>():sp-matrix.cc:710) Solving quadratic problem for u: floored 24 eigenvalues. 
LOG (sgmm2-est:SolveQuadraticProblem<double>():sp-matrix.cc:710) Solving quadratic problem for u: floored 24 eigenvalues. 
LOG (sgmm2-est:SolveQuadraticProblem<double>():sp-matrix.cc:710) Solving quadratic problem for u: floored 24 eigenvalues. 
LOG (sgmm2-est:SolveQuadraticProblem<double>():sp-matrix.cc:710) Solving quadratic problem for u: floored 24 eigenvalues. 
LOG (sgmm2-est:SolveQuadraticProblem<double>():sp-matrix.cc:710) Solving quadratic problem for u: floored 24 eigenvalues. 
LOG (sgmm2-est:SolveQuadraticProblem<double>():sp-matrix.cc:710) Solving quadratic problem for u: floored 24 eigenvalues. 
LOG (sgmm2-est:SolveQuadraticProblem<double>():sp-matrix.cc:710) Solving quadratic problem for u: floored 24 eigenvalues. 
LOG (sgmm2-est:SolveQuadraticProblem<double>():sp-matrix.cc:710) Solving quadratic problem for u: floored 24 eigenvalues. 
LOG (sgmm2-est:SolveQuadraticProblem<double>():sp-matrix.cc:710) Solving quadratic problem for u: floored 24 eigenvalues. 
LOG (sgmm2-est:SolveQuadraticProblem<double>():sp-matrix.cc:710) Solving quadratic problem for u: floored 24 eigenvalues. 
LOG (sgmm2-est:SolveQuadraticProblem<double>():sp-matrix.cc:710) Solving quadratic problem for u: floored 24 eigenvalues. 
LOG (sgmm2-est:SolveQuadraticProblem<double>():sp-matrix.cc:710) Solving quadratic problem for u: floored 24 eigenvalues. 
LOG (sgmm2-est:SolveQuadraticProblem<double>():sp-matrix.cc:710) Solving quadratic problem for u: floored 24 eigenvalues. 
WARNING (sgmm2-est:UpdateU():estimate-am-sgmm2.cc:1454) Updating speaker weight projections u, for Gaussian index 320, impr/frame is 0.297537 over 1262.33 frames, scaling back to not exceed 0.25
LOG (sgmm2-est:SolveQuadraticProblem<double>():sp-matrix.cc:710) Solving quadratic problem for u: floored 24 eigenvalues. 
LOG (sgmm2-est:SolveQuadraticProblem<double>():sp-matrix.cc:710) Solving quadratic problem for u: floored 24 eigenvalues. 
LOG (sgmm2-est:SolveQuadraticProblem<double>():sp-matrix.cc:710) Solving quadratic problem for u: floored 24 eigenvalues. 
LOG (sgmm2-est:SolveQuadraticProblem<double>():sp-matrix.cc:710) Solving quadratic problem for u: floored 24 eigenvalues. 
LOG (sgmm2-est:SolveQuadraticProblem<double>():sp-matrix.cc:710) Solving quadratic problem for u: floored 24 eigenvalues. 
LOG (sgmm2-est:SolveQuadraticProblem<double>():sp-matrix.cc:710) Solving quadratic problem for u: floored 24 eigenvalues. 
LOG (sgmm2-est:SolveQuadraticProblem<double>():sp-matrix.cc:710) Solving quadratic problem for u: floored 24 eigenvalues. 
LOG (sgmm2-est:SolveQuadraticProblem<double>():sp-matrix.cc:710) Solving quadratic problem for u: floored 24 eigenvalues. 
LOG (sgmm2-est:SolveQuadraticProblem<double>():sp-matrix.cc:710) Solving quadratic problem for u: floored 24 eigenvalues. 
LOG (sgmm2-est:SolveQuadraticProblem<double>():sp-matrix.cc:710) Solving quadratic problem for u: floored 24 eigenvalues. 
LOG (sgmm2-est:SolveQuadraticProblem<double>():sp-matrix.cc:710) Solving quadratic problem for u: floored 24 eigenvalues. 
LOG (sgmm2-est:SolveQuadraticProblem<double>():sp-matrix.cc:710) Solving quadratic problem for u: floored 24 eigenvalues. 
LOG (sgmm2-est:SolveQuadraticProblem<double>():sp-matrix.cc:710) Solving quadratic problem for u: floored 24 eigenvalues. 
WARNING (sgmm2-est:UpdateU():estimate-am-sgmm2.cc:1454) Updating speaker weight projections u, for Gaussian index 333, impr/frame is 0.548962 over 1186.72 frames, scaling back to not exceed 0.25
LOG (sgmm2-est:SolveQuadraticProblem<double>():sp-matrix.cc:710) Solving quadratic problem for u: floored 24 eigenvalues. 
LOG (sgmm2-est:SolveQuadraticProblem<double>():sp-matrix.cc:710) Solving quadratic problem for u: floored 24 eigenvalues. 
LOG (sgmm2-est:SolveQuadraticProblem<double>():sp-matrix.cc:710) Solving quadratic problem for u: floored 24 eigenvalues. 
LOG (sgmm2-est:SolveQuadraticProblem<double>():sp-matrix.cc:710) Solving quadratic problem for u: floored 24 eigenvalues. 
LOG (sgmm2-est:SolveQuadraticProblem<double>():sp-matrix.cc:710) Solving quadratic problem for u: floored 24 eigenvalues. 
LOG (sgmm2-est:SolveQuadraticProblem<double>():sp-matrix.cc:710) Solving quadratic problem for u: floored 24 eigenvalues. 
LOG (sgmm2-est:SolveQuadraticProblem<double>():sp-matrix.cc:710) Solving quadratic problem for u: floored 24 eigenvalues. 
LOG (sgmm2-est:SolveQuadraticProblem<double>():sp-matrix.cc:710) Solving quadratic problem for u: floored 24 eigenvalues. 
LOG (sgmm2-est:SolveQuadraticProblem<double>():sp-matrix.cc:710) Solving quadratic problem for u: floored 24 eigenvalues. 
LOG (sgmm2-est:SolveQuadraticProblem<double>():sp-matrix.cc:710) Solving quadratic problem for u: floored 24 eigenvalues. 
LOG (sgmm2-est:SolveQuadraticProblem<double>():sp-matrix.cc:710) Solving quadratic problem for u: floored 24 eigenvalues. 
LOG (sgmm2-est:SolveQuadraticProblem<double>():sp-matrix.cc:710) Solving quadratic problem for u: floored 24 eigenvalues. 
LOG (sgmm2-est:SolveQuadraticProblem<double>():sp-matrix.cc:710) Solving quadratic problem for u: floored 24 eigenvalues. 
LOG (sgmm2-est:SolveQuadraticProblem<double>():sp-matrix.cc:710) Solving quadratic problem for u: floored 24 eigenvalues. 
LOG (sgmm2-est:SolveQuadraticProblem<double>():sp-matrix.cc:710) Solving quadratic problem for u: floored 24 eigenvalues. 
LOG (sgmm2-est:SolveQuadraticProblem<double>():sp-matrix.cc:710) Solving quadratic problem for u: floored 24 eigenvalues. 
LOG (sgmm2-est:SolveQuadraticProblem<double>():sp-matrix.cc:710) Solving quadratic problem for u: floored 24 eigenvalues. 
LOG (sgmm2-est:SolveQuadraticProblem<double>():sp-matrix.cc:710) Solving quadratic problem for u: floored 24 eigenvalues. 
LOG (sgmm2-est:SolveQuadraticProblem<double>():sp-matrix.cc:710) Solving quadratic problem for u: floored 24 eigenvalues. 
LOG (sgmm2-est:SolveQuadraticProblem<double>():sp-matrix.cc:710) Solving quadratic problem for u: floored 24 eigenvalues. 
LOG (sgmm2-est:SolveQuadraticProblem<double>():sp-matrix.cc:710) Solving quadratic problem for u: floored 24 eigenvalues. 
LOG (sgmm2-est:SolveQuadraticProblem<double>():sp-matrix.cc:710) Solving quadratic problem for u: floored 24 eigenvalues. 
WARNING (sgmm2-est:UpdateU():estimate-am-sgmm2.cc:1454) Updating speaker weight projections u, for Gaussian index 355, impr/frame is 0.505784 over 1126.71 frames, scaling back to not exceed 0.25
LOG (sgmm2-est:SolveQuadraticProblem<double>():sp-matrix.cc:710) Solving quadratic problem for u: floored 24 eigenvalues. 
LOG (sgmm2-est:SolveQuadraticProblem<double>():sp-matrix.cc:710) Solving quadratic problem for u: floored 24 eigenvalues. 
LOG (sgmm2-est:SolveQuadraticProblem<double>():sp-matrix.cc:710) Solving quadratic problem for u: floored 24 eigenvalues. 
LOG (sgmm2-est:SolveQuadraticProblem<double>():sp-matrix.cc:710) Solving quadratic problem for u: floored 24 eigenvalues. 
LOG (sgmm2-est:SolveQuadraticProblem<double>():sp-matrix.cc:710) Solving quadratic problem for u: floored 24 eigenvalues. 
LOG (sgmm2-est:SolveQuadraticProblem<double>():sp-matrix.cc:710) Solving quadratic problem for u: floored 24 eigenvalues. 
LOG (sgmm2-est:SolveQuadraticProblem<double>():sp-matrix.cc:710) Solving quadratic problem for u: floored 24 eigenvalues. 
LOG (sgmm2-est:SolveQuadraticProblem<double>():sp-matrix.cc:710) Solving quadratic problem for u: floored 24 eigenvalues. 
LOG (sgmm2-est:SolveQuadraticProblem<double>():sp-matrix.cc:710) Solving quadratic problem for u: floored 24 eigenvalues. 
LOG (sgmm2-est:SolveQuadraticProblem<double>():sp-matrix.cc:710) Solving quadratic problem for u: floored 24 eigenvalues. 
LOG (sgmm2-est:SolveQuadraticProblem<double>():sp-matrix.cc:710) Solving quadratic problem for u: floored 24 eigenvalues. 
LOG (sgmm2-est:SolveQuadraticProblem<double>():sp-matrix.cc:710) Solving quadratic problem for u: floored 24 eigenvalues. 
LOG (sgmm2-est:SolveQuadraticProblem<double>():sp-matrix.cc:710) Solving quadratic problem for u: floored 24 eigenvalues. 
LOG (sgmm2-est:SolveQuadraticProblem<double>():sp-matrix.cc:710) Solving quadratic problem for u: floored 24 eigenvalues. 
LOG (sgmm2-est:SolveQuadraticProblem<double>():sp-matrix.cc:710) Solving quadratic problem for u: floored 24 eigenvalues. 
LOG (sgmm2-est:SolveQuadraticProblem<double>():sp-matrix.cc:710) Solving quadratic problem for u: floored 24 eigenvalues. 
LOG (sgmm2-est:SolveQuadraticProblem<double>():sp-matrix.cc:710) Solving quadratic problem for u: floored 24 eigenvalues. 
LOG (sgmm2-est:SolveQuadraticProblem<double>():sp-matrix.cc:710) Solving quadratic problem for u: floored 24 eigenvalues. 
LOG (sgmm2-est:SolveQuadraticProblem<double>():sp-matrix.cc:710) Solving quadratic problem for u: floored 24 eigenvalues. 
LOG (sgmm2-est:SolveQuadraticProblem<double>():sp-matrix.cc:710) Solving quadratic problem for u: floored 24 eigenvalues. 
LOG (sgmm2-est:SolveQuadraticProblem<double>():sp-matrix.cc:710) Solving quadratic problem for u: floored 24 eigenvalues. 
LOG (sgmm2-est:SolveQuadraticProblem<double>():sp-matrix.cc:710) Solving quadratic problem for u: floored 24 eigenvalues. 
LOG (sgmm2-est:SolveQuadraticProblem<double>():sp-matrix.cc:710) Solving quadratic problem for u: floored 24 eigenvalues. 
WARNING (sgmm2-est:UpdateU():estimate-am-sgmm2.cc:1454) Updating speaker weight projections u, for Gaussian index 378, impr/frame is 0.33115 over 1295.21 frames, scaling back to not exceed 0.25
LOG (sgmm2-est:SolveQuadraticProblem<double>():sp-matrix.cc:710) Solving quadratic problem for u: floored 24 eigenvalues. 
LOG (sgmm2-est:SolveQuadraticProblem<double>():sp-matrix.cc:710) Solving quadratic problem for u: floored 24 eigenvalues. 
LOG (sgmm2-est:SolveQuadraticProblem<double>():sp-matrix.cc:710) Solving quadratic problem for u: floored 24 eigenvalues. 
WARNING (sgmm2-est:UpdateU():estimate-am-sgmm2.cc:1454) Updating speaker weight projections u, for Gaussian index 381, impr/frame is 0.330366 over 1690.06 frames, scaling back to not exceed 0.25
LOG (sgmm2-est:SolveQuadraticProblem<double>():sp-matrix.cc:710) Solving quadratic problem for u: floored 24 eigenvalues. 
LOG (sgmm2-est:SolveQuadraticProblem<double>():sp-matrix.cc:710) Solving quadratic problem for u: floored 24 eigenvalues. 
LOG (sgmm2-est:SolveQuadraticProblem<double>():sp-matrix.cc:710) Solving quadratic problem for u: floored 24 eigenvalues. 
LOG (sgmm2-est:SolveQuadraticProblem<double>():sp-matrix.cc:710) Solving quadratic problem for u: floored 24 eigenvalues. 
LOG (sgmm2-est:SolveQuadraticProblem<double>():sp-matrix.cc:710) Solving quadratic problem for u: floored 24 eigenvalues. 
LOG (sgmm2-est:SolveQuadraticProblem<double>():sp-matrix.cc:710) Solving quadratic problem for u: floored 24 eigenvalues. 
LOG (sgmm2-est:SolveQuadraticProblem<double>():sp-matrix.cc:710) Solving quadratic problem for u: floored 24 eigenvalues. 
LOG (sgmm2-est:SolveQuadraticProblem<double>():sp-matrix.cc:710) Solving quadratic problem for u: floored 24 eigenvalues. 
LOG (sgmm2-est:SolveQuadraticProblem<double>():sp-matrix.cc:710) Solving quadratic problem for u: floored 24 eigenvalues. 
LOG (sgmm2-est:SolveQuadraticProblem<double>():sp-matrix.cc:710) Solving quadratic problem for u: floored 24 eigenvalues. 
LOG (sgmm2-est:SolveQuadraticProblem<double>():sp-matrix.cc:710) Solving quadratic problem for u: floored 24 eigenvalues. 
LOG (sgmm2-est:SolveQuadraticProblem<double>():sp-matrix.cc:710) Solving quadratic problem for u: floored 24 eigenvalues. 
LOG (sgmm2-est:SolveQuadraticProblem<double>():sp-matrix.cc:710) Solving quadratic problem for u: floored 24 eigenvalues. 
LOG (sgmm2-est:SolveQuadraticProblem<double>():sp-matrix.cc:710) Solving quadratic problem for u: floored 24 eigenvalues. 
WARNING (sgmm2-est:UpdateU():estimate-am-sgmm2.cc:1454) Updating speaker weight projections u, for Gaussian index 395, impr/frame is 0.298045 over 1416.95 frames, scaling back to not exceed 0.25
LOG (sgmm2-est:SolveQuadraticProblem<double>():sp-matrix.cc:710) Solving quadratic problem for u: floored 24 eigenvalues. 
LOG (sgmm2-est:SolveQuadraticProblem<double>():sp-matrix.cc:710) Solving quadratic problem for u: floored 24 eigenvalues. 
LOG (sgmm2-est:SolveQuadraticProblem<double>():sp-matrix.cc:710) Solving quadratic problem for u: floored 24 eigenvalues. 
LOG (sgmm2-est:SolveQuadraticProblem<double>():sp-matrix.cc:710) Solving quadratic problem for u: floored 24 eigenvalues. 
LOG (sgmm2-est:UpdateU():estimate-am-sgmm2.cc:1475) **Overall objf impr for u is 0.0483831, over 541204 frames
LOG (sgmm2-est:RenormalizeV():estimate-am-sgmm2.cc:963) Scatter of vectors v is : 
LOG (sgmm2-est:PrintEigs():matrix/sp-matrix.h:217) PrintEigs: Sigma:  [ 1.05695 0.958172 1.03776 1.03859 1.03405 0.969148 0.972787 0.971575 1.03064 1.02775 1.02694 1.02487 0.975595 1.02289 1.02121 1.01851 1.01775 1.0157 1.01382 1.01287 1.0118 1.01125 1.00755 1.0058 1.00437 1.00375 1.00184 1.00242 0.999899 0.998892 0.997095 0.995623 0.994645 0.994128 0.993404 0.991151 0.989041 0.987861 0.985517 0.980259 0.982151 ]
LOG (sgmm2-est:RenormalizeV():estimate-am-sgmm2.cc:985) Note on the next diagnostic: the first number is generally not that meaningful as it relates to the static offset
LOG (sgmm2-est:PrintEigs():matrix/sp-matrix.h:217) PrintEigs: H_sm_proj (Significance of dims in vector space.. note):  [ 65.2381 11.8566 10.3462 9.47947 8.56429 7.62268 6.76846 5.71295 4.77542 4.66611 4.24877 4.08092 4.00189 3.71369 3.48604 3.36675 3.22447 3.09649 2.9953 2.87336 2.78746 2.74993 2.6571 2.51443 2.45365 2.35197 2.28129 2.23728 2.2068 1.33319 1.4187 1.47402 1.57907 2.04329 1.65476 1.6981 1.74115 1.81688 1.89545 1.97954 1.93045 ]
LOG (sgmm2-est:RenormalizeV():estimate-am-sgmm2.cc:1031) Renormalized subspace.
LOG (sgmm2-est:Update():estimate-am-sgmm2.cc:673) *Overall auxf improvement, combining all parameters, is 0.669186
LOG (sgmm2-est:Update():estimate-am-sgmm2.cc:676) ***Overall data likelihood is -39.2088 over 541204 frames.
LOG (sgmm2-est:ComputeHsmFromModel():am-sgmm2.cc:1287) total count is 541201
LOG (sgmm2-est:SplitSubstates():am-sgmm2.cc:692) Getting rid of normalizers as they will no longer be valid
LOG (sgmm2-est:SplitSubstates():am-sgmm2.cc:694) Split 6861 substates to 6945
LOG (sgmm2-est:ComputeNormalizers():am-sgmm2.cc:852) Computing normalizers
LOG (sgmm2-est:ComputeNormalizers():am-sgmm2.cc:859) Entropy of weights in substates is 1.70537 over 6945 substates, equivalent to perplexity of 5.50343
LOG (sgmm2-est:ComputeNormalizers():am-sgmm2.cc:863) Done computing normalizers
LOG (sgmm2-est:main():sgmm2-est.cc:158) Written model to exp/sgmm2_4c/7.mdl
# Accounting: time=14 threads=1
# Ended (code 0) at Wed Jun 22 14:18:06 BRT 2016, elapsed time 14 seconds
