# nnet-get-egs --left-context=5 --right-context=5 "ark,s,cs:utils/filter_scp.pl --exclude exp/nnet4a/valid_uttlist data/train/split12/1/feats.scp | apply-cmvn  --utt2spk=ark:data/train/split12/1/utt2spk scp:data/train/split12/1/cmvn.scp scp:- ark:- | transform-feats --utt2spk=ark:data/train/split12/1/utt2spk ark:exp/tri3c_ali/raw_trans.1 ark:- ark:- |" "ark,s,cs:gunzip -c exp/tri3c_ali/ali.1.gz | ali-to-pdf exp/tri3c_ali/final.mdl ark:- ark:- | ali-to-post ark:- ark:- |" ark:- | nnet-copy-egs ark:- ark:exp/nnet4a/egs/egs_orig.1.1.ark ark:exp/nnet4a/egs/egs_orig.2.1.ark ark:exp/nnet4a/egs/egs_orig.3.1.ark ark:exp/nnet4a/egs/egs_orig.4.1.ark ark:exp/nnet4a/egs/egs_orig.5.1.ark ark:exp/nnet4a/egs/egs_orig.6.1.ark ark:exp/nnet4a/egs/egs_orig.7.1.ark ark:exp/nnet4a/egs/egs_orig.8.1.ark ark:exp/nnet4a/egs/egs_orig.9.1.ark ark:exp/nnet4a/egs/egs_orig.10.1.ark ark:exp/nnet4a/egs/egs_orig.11.1.ark ark:exp/nnet4a/egs/egs_orig.12.1.ark ark:exp/nnet4a/egs/egs_orig.13.1.ark ark:exp/nnet4a/egs/egs_orig.14.1.ark ark:exp/nnet4a/egs/egs_orig.15.1.ark ark:exp/nnet4a/egs/egs_orig.16.1.ark 
# Started at Fri Jun 17 15:13:49 BRT 2016
#
nnet-get-egs --left-context=5 --right-context=5 'ark,s,cs:utils/filter_scp.pl --exclude exp/nnet4a/valid_uttlist data/train/split12/1/feats.scp | apply-cmvn  --utt2spk=ark:data/train/split12/1/utt2spk scp:data/train/split12/1/cmvn.scp scp:- ark:- | transform-feats --utt2spk=ark:data/train/split12/1/utt2spk ark:exp/tri3c_ali/raw_trans.1 ark:- ark:- |' 'ark,s,cs:gunzip -c exp/tri3c_ali/ali.1.gz | ali-to-pdf exp/tri3c_ali/final.mdl ark:- ark:- | ali-to-post ark:- ark:- |' ark:- 
nnet-copy-egs ark:- ark:exp/nnet4a/egs/egs_orig.1.1.ark ark:exp/nnet4a/egs/egs_orig.2.1.ark ark:exp/nnet4a/egs/egs_orig.3.1.ark ark:exp/nnet4a/egs/egs_orig.4.1.ark ark:exp/nnet4a/egs/egs_orig.5.1.ark ark:exp/nnet4a/egs/egs_orig.6.1.ark ark:exp/nnet4a/egs/egs_orig.7.1.ark ark:exp/nnet4a/egs/egs_orig.8.1.ark ark:exp/nnet4a/egs/egs_orig.9.1.ark ark:exp/nnet4a/egs/egs_orig.10.1.ark ark:exp/nnet4a/egs/egs_orig.11.1.ark ark:exp/nnet4a/egs/egs_orig.12.1.ark ark:exp/nnet4a/egs/egs_orig.13.1.ark ark:exp/nnet4a/egs/egs_orig.14.1.ark ark:exp/nnet4a/egs/egs_orig.15.1.ark ark:exp/nnet4a/egs/egs_orig.16.1.ark 
apply-cmvn --utt2spk=ark:data/train/split12/1/utt2spk scp:data/train/split12/1/cmvn.scp scp:- ark:- 
transform-feats --utt2spk=ark:data/train/split12/1/utt2spk ark:exp/tri3c_ali/raw_trans.1 ark:- ark:- 
ali-to-pdf exp/tri3c_ali/final.mdl ark:- ark:- 
ali-to-post ark:- ark:- 
LOG (ali-to-pdf:main():ali-to-pdf.cc:68) Converted 18 alignments to pdf sequences.
WARNING (nnet-get-egs:main():nnet-get-egs.cc:156) No pdf-level posterior for key eduardo_Seduardo16
WARNING (nnet-get-egs:main():nnet-get-egs.cc:156) No pdf-level posterior for key eduardo_Seduardo4
LOG (apply-cmvn:main():apply-cmvn.cc:146) Applied cepstral mean normalization to 18 utterances, errors on 0
LOG (ali-to-post:main():ali-to-post.cc:65) Converted 18 alignments.
LOG (transform-feats:main():transform-feats.cc:158) Overall average logdet is -0.764785 over 21474 frames.
LOG (transform-feats:main():transform-feats.cc:161) Applied transform to 18 utterances; 0 had errors.
LOG (nnet-get-egs:main():nnet-get-egs.cc:174) Finished generating examples, successfully processed 16 feature files, wrote 18977 examples,  with 18977 egs in total; 2 files had errors.
LOG (nnet-copy-egs:main():nnet-copy-egs.cc:170) Read 18977 neural-network training examples, wrote 18977
# Accounting: time=3 threads=1
# Ended (code 0) at Fri Jun 17 15:13:53 BRT 2016, elapsed time 3 seconds
