# ali-to-post "ark:gunzip -c exp/tri3c_ali/ali.1.gz|" ark:- | weight-silence-post 0.0 1:2:3:4:5:6:7:8:9:10 exp/tri3c_ali/final.mdl ark:- ark:- | acc-lda --rand-prune=4.0 exp/tri3c_ali/final.mdl "ark,s,cs:utils/subset_scp.pl --quiet 625 data/train/split16/1/feats.scp | apply-cmvn  --utt2spk=ark:data/train/split16/1/utt2spk scp:data/train/split16/1/cmvn.scp scp:- ark:- | transform-feats --utt2spk=ark:data/train/split16/1/utt2spk ark:exp/tri3c_ali/raw_trans.1 ark:- ark:- | splice-feats --left-context=5 --right-context=5 ark:- ark:- |" ark,s,cs:- exp/nnet4a/lda.1.acc 
# Started at Tue Aug  2 16:42:16 BRT 2016
#
acc-lda --rand-prune=4.0 exp/tri3c_ali/final.mdl 'ark,s,cs:utils/subset_scp.pl --quiet 625 data/train/split16/1/feats.scp | apply-cmvn  --utt2spk=ark:data/train/split16/1/utt2spk scp:data/train/split16/1/cmvn.scp scp:- ark:- | transform-feats --utt2spk=ark:data/train/split16/1/utt2spk ark:exp/tri3c_ali/raw_trans.1 ark:- ark:- | splice-feats --left-context=5 --right-context=5 ark:- ark:- |' ark,s,cs:- exp/nnet4a/lda.1.acc 
weight-silence-post 0.0 1:2:3:4:5:6:7:8:9:10 exp/tri3c_ali/final.mdl ark:- ark:- 
ali-to-post 'ark:gunzip -c exp/tri3c_ali/ali.1.gz|' ark:- 
transform-feats --utt2spk=ark:data/train/split16/1/utt2spk ark:exp/tri3c_ali/raw_trans.1 ark:- ark:- 
splice-feats --left-context=5 --right-context=5 ark:- ark:- 
apply-cmvn --utt2spk=ark:data/train/split16/1/utt2spk scp:data/train/split16/1/cmvn.scp scp:- ark:- 
LOG (ali-to-post:main():ali-to-post.cc:65) Converted 35 alignments.
LOG (weight-silence-post:main():weight-silence-post.cc:95) Done 35 posteriors.
WARNING (acc-lda:main():acc-lda.cc:77) No posteriors for utterance dieniffer1-Sdieniffer13
LOG (apply-cmvn:main():apply-cmvn.cc:146) Applied cepstral mean normalization to 38 utterances, errors on 0
LOG (transform-feats:main():transform-feats.cc:158) Overall average logdet is -0.0949557 over 40765 frames.
LOG (transform-feats:main():transform-feats.cc:161) Applied transform to 38 utterances; 0 had errors.
WARNING (acc-lda:main():acc-lda.cc:77) No posteriors for utterance dieniffer1-Sdieniffer17
WARNING (acc-lda:main():acc-lda.cc:77) No posteriors for utterance dieniffer1-Sdieniffer18
LOG (acc-lda:main():acc-lda.cc:117) Done 35 files, failed for 3
LOG (acc-lda:main():acc-lda.cc:122) Written statistics.
# Accounting: time=0 threads=1
# Ended (code 0) at Tue Aug  2 16:42:16 BRT 2016, elapsed time 0 seconds
