# nnet-subset-egs --n=2000 --randomize-order=true --srand=95 ark:exp/nnet4a/egs/train_diagnostic.egs ark:- | nnet-combine-fast --use-gpu=no --num-threads=16 --verbose=3 --minibatch-size=125 exp/nnet4a/96.mdl ark:- exp/nnet4a/96.mdl 
# Started at Wed Jun 22 15:31:34 BRT 2016
#
nnet-subset-egs --n=2000 --randomize-order=true --srand=95 ark:exp/nnet4a/egs/train_diagnostic.egs ark:- 
nnet-combine-fast --use-gpu=no --num-threads=16 --verbose=3 --minibatch-size=125 exp/nnet4a/96.mdl ark:- exp/nnet4a/96.mdl 
LOG (nnet-subset-egs:main():nnet-subset-egs.cc:92) Selected a subset of 2000 out of 4000 neural-network training examples 
LOG (nnet-combine-fast:main():nnet-combine-fast.cc:108) Read 2000 examples from the validation set.
VLOG[3] (nnet-combine-fast:Propagate():nnet-update.cc:114) Stddev of data for component 0 for this minibatch is 120.386
VLOG[3] (nnet-combine-fast:Propagate():nnet-update.cc:114) Stddev of data for component 0 for this minibatch is 128.893
VLOG[3] (nnet-combine-fast:Propagate():nnet-update.cc:114) Stddev of data for component 0 for this minibatch is 122.726
VLOG[3] (nnet-combine-fast:Propagate():nnet-update.cc:114) Stddev of data for component 1 for this minibatch is 120.386
VLOG[3] (nnet-combine-fast:Propagate():nnet-update.cc:114) Stddev of data for component 1 for this minibatch is 128.893
VLOG[3] (nnet-combine-fast:Propagate():nnet-update.cc:114) Stddev of data for component 1 for this minibatch is 122.726
VLOG[3] (nnet-combine-fast:Propagate():nnet-update.cc:114) Stddev of data for component 0 for this minibatch is 133.831
VLOG[3] (nnet-combine-fast:Propagate():nnet-update.cc:114) Stddev of data for component 1 for this minibatch is 133.831
VLOG[3] (nnet-combine-fast:Propagate():nnet-update.cc:114) Stddev of data for component 2 for this minibatch is 0.249623
VLOG[3] (nnet-combine-fast:Propagate():nnet-update.cc:114) Stddev of data for component 2 for this minibatch is 0.22089
VLOG[3] (nnet-combine-fast:Propagate():nnet-update.cc:114) Stddev of data for component 2 for this minibatch is 0.238841
VLOG[3] (nnet-combine-fast:Propagate():nnet-update.cc:114) Stddev of data for component 2 for this minibatch is 0.271719
VLOG[3] (nnet-combine-fast:Propagate():nnet-update.cc:114) Stddev of data for component 3 for this minibatch is 7.07874
VLOG[3] (nnet-combine-fast:Propagate():nnet-update.cc:114) Stddev of data for component 3 for this minibatch is 6.90486
VLOG[3] (nnet-combine-fast:Propagate():nnet-update.cc:114) Stddev of data for component 3 for this minibatch is 6.4232
VLOG[3] (nnet-combine-fast:Propagate():nnet-update.cc:114) Stddev of data for component 3 for this minibatch is 7.84669
VLOG[3] (nnet-combine-fast:Propagate():nnet-update.cc:114) Stddev of data for component 4 for this minibatch is 0.706546
VLOG[3] (nnet-combine-fast:Propagate():nnet-update.cc:114) Stddev of data for component 4 for this minibatch is 0.700439
VLOG[3] (nnet-combine-fast:Propagate():nnet-update.cc:114) Stddev of data for component 4 for this minibatch is 0.711391
VLOG[3] (nnet-combine-fast:Propagate():nnet-update.cc:114) Stddev of data for component 4 for this minibatch is 0.717967
VLOG[3] (nnet-combine-fast:Propagate():nnet-update.cc:114) Stddev of data for component 5 for this minibatch is 49.7929
VLOG[3] (nnet-combine-fast:Propagate():nnet-update.cc:114) Stddev of data for component 5 for this minibatch is 48.4942
VLOG[3] (nnet-combine-fast:Propagate():nnet-update.cc:114) Stddev of data for component 5 for this minibatch is 47.6452
VLOG[3] (nnet-combine-fast:Propagate():nnet-update.cc:114) Stddev of data for component 5 for this minibatch is 51.3909
VLOG[3] (nnet-combine-fast:Propagate():nnet-update.cc:114) Stddev of data for component 0 for this minibatch is 134.404
VLOG[3] (nnet-combine-fast:Propagate():nnet-update.cc:114) Stddev of data for component 1 for this minibatch is 134.404
VLOG[3] (nnet-combine-fast:Propagate():nnet-update.cc:114) Stddev of data for component 2 for this minibatch is 0.275913
VLOG[3] (nnet-combine-fast:Propagate():nnet-update.cc:114) Stddev of data for component 3 for this minibatch is 7.81566
VLOG[3] (nnet-combine-fast:Propagate():nnet-update.cc:114) Stddev of data for component 6 for this minibatch is 0.899383
VLOG[3] (nnet-combine-fast:Propagate():nnet-update.cc:114) Stddev of data for component 6 for this minibatch is 0.901838
VLOG[3] (nnet-combine-fast:Propagate():nnet-update.cc:114) Stddev of data for component 6 for this minibatch is 0.903246
VLOG[3] (nnet-combine-fast:Propagate():nnet-update.cc:114) Stddev of data for component 4 for this minibatch is 0.718523
VLOG[3] (nnet-combine-fast:Propagate():nnet-update.cc:114) Stddev of data for component 5 for this minibatch is 52.11
VLOG[3] (nnet-combine-fast:Propagate():nnet-update.cc:114) Stddev of data for component 0 for this minibatch is 120.128
VLOG[3] (nnet-combine-fast:Propagate():nnet-update.cc:114) Stddev of data for component 1 for this minibatch is 120.128
VLOG[3] (nnet-combine-fast:Propagate():nnet-update.cc:114) Stddev of data for component 7 for this minibatch is 42.2968
VLOG[3] (nnet-combine-fast:Propagate():nnet-update.cc:114) Stddev of data for component 7 for this minibatch is 43.6253
VLOG[3] (nnet-combine-fast:Propagate():nnet-update.cc:114) Stddev of data for component 7 for this minibatch is 45.9443
VLOG[3] (nnet-combine-fast:Propagate():nnet-update.cc:114) Stddev of data for component 2 for this minibatch is 0.256438
VLOG[3] (nnet-combine-fast:Propagate():nnet-update.cc:114) Stddev of data for component 8 for this minibatch is 0.000256791
VLOG[3] (nnet-combine-fast:Propagate():nnet-update.cc:114) Stddev of data for component 8 for this minibatch is 0.00022102
VLOG[3] (nnet-combine-fast:Propagate():nnet-update.cc:114) Stddev of data for component 8 for this minibatch is 0.000207405
VLOG[3] (nnet-combine-fast:Propagate():nnet-update.cc:114) Stddev of data for component 3 for this minibatch is 7.22176
VLOG[3] (nnet-combine-fast:Propagate():nnet-update.cc:114) Stddev of data for component 4 for this minibatch is 0.703561
VLOG[3] (nnet-combine-fast:Propagate():nnet-update.cc:114) Stddev of data for component 5 for this minibatch is 47.7101
VLOG[3] (nnet-combine-fast:Propagate():nnet-update.cc:114) Stddev of data for component 0 for this minibatch is 128.879
VLOG[3] (nnet-combine-fast:Propagate():nnet-update.cc:114) Stddev of data for component 0 for this minibatch is 126.109
VLOG[3] (nnet-combine-fast:Propagate():nnet-update.cc:114) Stddev of data for component 1 for this minibatch is 128.879
VLOG[3] (nnet-combine-fast:Propagate():nnet-update.cc:114) Stddev of data for component 1 for this minibatch is 126.109
VLOG[3] (nnet-combine-fast:Propagate():nnet-update.cc:114) Stddev of data for component 2 for this minibatch is 0.247686
VLOG[3] (nnet-combine-fast:Propagate():nnet-update.cc:114) Stddev of data for component 2 for this minibatch is 0.26302
VLOG[3] (nnet-combine-fast:Propagate():nnet-update.cc:114) Stddev of data for component 3 for this minibatch is 7.2081
VLOG[3] (nnet-combine-fast:Propagate():nnet-update.cc:114) Stddev of data for component 3 for this minibatch is 7.37788
VLOG[3] (nnet-combine-fast:Propagate():nnet-update.cc:114) Stddev of data for component 6 for this minibatch is 0.898997
VLOG[3] (nnet-combine-fast:Propagate():nnet-update.cc:114) Stddev of data for component 4 for this minibatch is 0.713836
VLOG[3] (nnet-combine-fast:Propagate():nnet-update.cc:114) Stddev of data for component 4 for this minibatch is 0.710699
VLOG[3] (nnet-combine-fast:Propagate():nnet-update.cc:114) Stddev of data for component 5 for this minibatch is 50.063
VLOG[3] (nnet-combine-fast:Propagate():nnet-update.cc:114) Stddev of data for component 5 for this minibatch is 48.607
VLOG[3] (nnet-combine-fast:Propagate():nnet-update.cc:114) Stddev of data for component 6 for this minibatch is 0.899174
VLOG[3] (nnet-combine-fast:Propagate():nnet-update.cc:114) Stddev of data for component 7 for this minibatch is 42.3875
VLOG[3] (nnet-combine-fast:Propagate():nnet-update.cc:114) Stddev of data for component 8 for this minibatch is 0.000264574
VLOG[3] (nnet-combine-fast:Propagate():nnet-update.cc:114) Stddev of data for component 0 for this minibatch is 145.052
VLOG[3] (nnet-combine-fast:Propagate():nnet-update.cc:114) Stddev of data for component 1 for this minibatch is 145.052
VLOG[3] (nnet-combine-fast:Propagate():nnet-update.cc:114) Stddev of data for component 7 for this minibatch is 41.0485
VLOG[3] (nnet-combine-fast:Propagate():nnet-update.cc:114) Stddev of data for component 2 for this minibatch is 0.291626
VLOG[3] (nnet-combine-fast:Propagate():nnet-update.cc:114) Stddev of data for component 8 for this minibatch is 0.000273834
VLOG[3] (nnet-combine-fast:Propagate():nnet-update.cc:114) Stddev of data for component 3 for this minibatch is 8.18809
VLOG[3] (nnet-combine-fast:Propagate():nnet-update.cc:114) Stddev of data for component 6 for this minibatch is 0.900949
VLOG[3] (nnet-combine-fast:Propagate():nnet-update.cc:114) Stddev of data for component 4 for this minibatch is 0.723818
VLOG[3] (nnet-combine-fast:Propagate():nnet-update.cc:114) Stddev of data for component 5 for this minibatch is 52.0023
VLOG[3] (nnet-combine-fast:Propagate():nnet-update.cc:114) Stddev of data for component 6 for this minibatch is 0.900414
VLOG[3] (nnet-combine-fast:Propagate():nnet-update.cc:114) Stddev of data for component 6 for this minibatch is 0.90038
VLOG[3] (nnet-combine-fast:Propagate():nnet-update.cc:114) Stddev of data for component 7 for this minibatch is 42.3862
VLOG[3] (nnet-combine-fast:Propagate():nnet-update.cc:114) Stddev of data for component 0 for this minibatch is 129.273
VLOG[3] (nnet-combine-fast:Propagate():nnet-update.cc:114) Stddev of data for component 1 for this minibatch is 129.273
VLOG[3] (nnet-combine-fast:Propagate():nnet-update.cc:114) Stddev of data for component 2 for this minibatch is 0.260087
VLOG[3] (nnet-combine-fast:Propagate():nnet-update.cc:114) Stddev of data for component 7 for this minibatch is 44.0994
VLOG[3] (nnet-combine-fast:Propagate():nnet-update.cc:114) Stddev of data for component 3 for this minibatch is 7.47156
VLOG[3] (nnet-combine-fast:Propagate():nnet-update.cc:114) Stddev of data for component 8 for this minibatch is 0.000224487
VLOG[3] (nnet-combine-fast:Propagate():nnet-update.cc:114) Stddev of data for component 7 for this minibatch is 43.2171
VLOG[3] (nnet-combine-fast:Propagate():nnet-update.cc:114) Stddev of data for component 0 for this minibatch is 116.576
VLOG[3] (nnet-combine-fast:Propagate():nnet-update.cc:114) Stddev of data for component 8 for this minibatch is 0.000214336
VLOG[3] (nnet-combine-fast:Propagate():nnet-update.cc:114) Stddev of data for component 4 for this minibatch is 0.711338
VLOG[3] (nnet-combine-fast:Propagate():nnet-update.cc:114) Stddev of data for component 1 for this minibatch is 116.576
VLOG[3] (nnet-combine-fast:Propagate():nnet-update.cc:114) Stddev of data for component 6 for this minibatch is 0.899041
VLOG[3] (nnet-combine-fast:Propagate():nnet-update.cc:114) Stddev of data for component 8 for this minibatch is 0.000269258
VLOG[3] (nnet-combine-fast:Propagate():nnet-update.cc:114) Stddev of data for component 5 for this minibatch is 48.7142
VLOG[3] (nnet-combine-fast:Propagate():nnet-update.cc:114) Stddev of data for component 0 for this minibatch is 119.422
VLOG[3] (nnet-combine-fast:Propagate():nnet-update.cc:114) Stddev of data for component 2 for this minibatch is 0.240213
VLOG[3] (nnet-combine-fast:Propagate():nnet-update.cc:114) Stddev of data for component 1 for this minibatch is 119.422
VLOG[3] (nnet-combine-fast:Propagate():nnet-update.cc:114) Stddev of data for component 3 for this minibatch is 6.86999
VLOG[3] (nnet-combine-fast:Propagate():nnet-update.cc:114) Stddev of data for component 0 for this minibatch is 130.742
VLOG[3] (nnet-combine-fast:Propagate():nnet-update.cc:114) Stddev of data for component 0 for this minibatch is 133.87
VLOG[3] (nnet-combine-fast:Propagate():nnet-update.cc:114) Stddev of data for component 1 for this minibatch is 133.87
VLOG[3] (nnet-combine-fast:Propagate():nnet-update.cc:114) Stddev of data for component 0 for this minibatch is 117.466
VLOG[3] (nnet-combine-fast:Propagate():nnet-update.cc:114) Stddev of data for component 2 for this minibatch is 0.245826
VLOG[3] (nnet-combine-fast:Propagate():nnet-update.cc:114) Stddev of data for component 3 for this minibatch is 7.10432
VLOG[3] (nnet-combine-fast:Propagate():nnet-update.cc:114) Stddev of data for component 0 for this minibatch is 136.99
VLOG[3] (nnet-combine-fast:Propagate():nnet-update.cc:114) Stddev of data for component 1 for this minibatch is 117.466
VLOG[3] (nnet-combine-fast:Propagate():nnet-update.cc:114) Stddev of data for component 1 for this minibatch is 136.99
VLOG[2] (nnet-combine-fast:DoBackpropParallel():nnet-update-parallel.cc:264) Did backprop on 2000 examples, average log-prob per frame is -0.509267
LOG (nnet-combine-fast:GetInitialModel():combine-nnet-fast.cc:402) Objective functions for the source neural nets are  [ -0.509267 ]
LOG (nnet-combine-fast:GetInitialParams():combine-nnet-fast.cc:281) Initializing with neural net with index 0
VLOG[2] (nnet-combine-fast:DoBackpropParallel():nnet-update-parallel.cc:264) Did backprop on 2000 examples, average log-prob per frame is -0.509267
VLOG[2] (nnet-combine-fast:ComputeObjfAndGradient():combine-nnet-fast.cc:346) Objf is -0.509267, raw gradient is  [ 0.00077895 0.0216947 0.0423191 ]
VLOG[2] (nnet-combine-fast:DoBackpropParallel():nnet-update-parallel.cc:264) Did backprop on 2000 examples, average log-prob per frame is -0.505746
VLOG[2] (nnet-combine-fast:ComputeObjfAndGradient():combine-nnet-fast.cc:346) Objf is -0.505746, raw gradient is  [ 0.023448 0.00142052 0.0287328 ]
VLOG[3] (nnet-combine-fast:StepSizeIteration():optimization.cc:240) In step size iteration, function value changed -0.509267 to -0.505746
VLOG[3] (nnet-combine-fast:StepSizeIteration():optimization.cc:323) d = 2, iter = 0, action = accept
VLOG[3] (nnet-combine-fast:AcceptStep():optimization.cc:194) Accepted step; length was 0.137714, prod was -0.0110252
VLOG[2] (nnet-combine-fast:DoBackpropParallel():nnet-update-parallel.cc:264) Did backprop on 2000 examples, average log-prob per frame is -0.504947
VLOG[2] (nnet-combine-fast:ComputeObjfAndGradient():combine-nnet-fast.cc:346) Objf is -0.504947, raw gradient is  [ -0.0113775 -0.000425921 0.0171204 ]
VLOG[3] (nnet-combine-fast:StepSizeIteration():optimization.cc:240) In step size iteration, function value changed -0.505746 to -0.504947
VLOG[3] (nnet-combine-fast:StepSizeIteration():optimization.cc:323) d = 2, iter = 1, action = accept
VLOG[3] (nnet-combine-fast:AcceptStep():optimization.cc:194) Accepted step; length was 0.0601715, prod was -0.00343971
VLOG[2] (nnet-combine-fast:DoBackpropParallel():nnet-update-parallel.cc:264) Did backprop on 2000 examples, average log-prob per frame is -0.504708
VLOG[2] (nnet-combine-fast:ComputeObjfAndGradient():combine-nnet-fast.cc:346) Objf is -0.504708, raw gradient is  [ -0.00349525 -0.000136476 0.0143396 ]
VLOG[3] (nnet-combine-fast:StepSizeIteration():optimization.cc:240) In step size iteration, function value changed -0.504947 to -0.504708
VLOG[3] (nnet-combine-fast:StepSizeIteration():optimization.cc:323) d = 2, iter = 2, action = accept
VLOG[3] (nnet-combine-fast:AcceptStep():optimization.cc:194) Accepted step; length was 0.01376, prod was -0.000202897
VLOG[2] (nnet-combine-fast:DoBackpropParallel():nnet-update-parallel.cc:264) Did backprop on 2000 examples, average log-prob per frame is -0.504596
VLOG[2] (nnet-combine-fast:ComputeObjfAndGradient():combine-nnet-fast.cc:346) Objf is -0.504596, raw gradient is  [ 0.00153613 -9.95741e-05 0.00716866 ]
VLOG[3] (nnet-combine-fast:StepSizeIteration():optimization.cc:240) In step size iteration, function value changed -0.504708 to -0.504596
VLOG[3] (nnet-combine-fast:StepSizeIteration():optimization.cc:323) d = 2, iter = 3, action = accept
VLOG[3] (nnet-combine-fast:AcceptStep():optimization.cc:194) Accepted step; length was 0.0158587, prod was -0.000134968
VLOG[2] (nnet-combine-fast:DoBackpropParallel():nnet-update-parallel.cc:264) Did backprop on 2000 examples, average log-prob per frame is -0.504561
VLOG[2] (nnet-combine-fast:ComputeObjfAndGradient():combine-nnet-fast.cc:346) Objf is -0.504561, raw gradient is  [ 0.00103558 -0.000157016 0.00171378 ]
VLOG[3] (nnet-combine-fast:StepSizeIteration():optimization.cc:240) In step size iteration, function value changed -0.504596 to -0.504561
VLOG[3] (nnet-combine-fast:StepSizeIteration():optimization.cc:323) d = 2, iter = 4, action = accept
VLOG[3] (nnet-combine-fast:AcceptStep():optimization.cc:194) Accepted step; length was 0.0114931, prod was -3.99293e-05
VLOG[2] (nnet-combine-fast:DoBackpropParallel():nnet-update-parallel.cc:264) Did backprop on 2000 examples, average log-prob per frame is -0.504557
VLOG[2] (nnet-combine-fast:ComputeObjfAndGradient():combine-nnet-fast.cc:346) Objf is -0.504557, raw gradient is  [ -0.000181133 -3.20082e-05 5.41008e-05 ]
VLOG[3] (nnet-combine-fast:StepSizeIteration():optimization.cc:240) In step size iteration, function value changed -0.504561 to -0.504557
VLOG[3] (nnet-combine-fast:StepSizeIteration():optimization.cc:323) d = 2, iter = 5, action = accept
VLOG[3] (nnet-combine-fast:AcceptStep():optimization.cc:194) Accepted step; length was 0.00434481, prod was -9.83657e-06
VLOG[2] (nnet-combine-fast:DoBackpropParallel():nnet-update-parallel.cc:264) Did backprop on 2000 examples, average log-prob per frame is -0.504556
VLOG[2] (nnet-combine-fast:ComputeObjfAndGradient():combine-nnet-fast.cc:346) Objf is -0.504556, raw gradient is  [ -3.92189e-05 -2.44904e-05 -4.69317e-05 ]
VLOG[3] (nnet-combine-fast:StepSizeIteration():optimization.cc:240) In step size iteration, function value changed -0.504557 to -0.504556
VLOG[3] (nnet-combine-fast:StepSizeIteration():optimization.cc:323) d = 2, iter = 6, action = accept
VLOG[3] (nnet-combine-fast:AcceptStep():optimization.cc:194) Accepted step; length was 0.000300153, prod was -7.06499e-08
VLOG[2] (nnet-combine-fast:DoBackpropParallel():nnet-update-parallel.cc:264) Did backprop on 2000 examples, average log-prob per frame is -0.504557
VLOG[2] (nnet-combine-fast:ComputeObjfAndGradient():combine-nnet-fast.cc:346) Objf is -0.504557, raw gradient is  [ -3.63541e-06 -1.48392e-05 -4.59839e-05 ]
VLOG[3] (nnet-combine-fast:StepSizeIteration():optimization.cc:240) In step size iteration, function value changed -0.504556 to -0.504557
VLOG[3] (nnet-combine-fast:StepSizeIteration():optimization.cc:323) d = 2, iter = 7, action = decrease
VLOG[2] (nnet-combine-fast:DoBackpropParallel():nnet-update-parallel.cc:264) Did backprop on 2000 examples, average log-prob per frame is -0.504557
VLOG[2] (nnet-combine-fast:ComputeObjfAndGradient():combine-nnet-fast.cc:346) Objf is -0.504557, raw gradient is  [ -2.14043e-05 -1.96409e-05 -4.68149e-05 ]
VLOG[3] (nnet-combine-fast:StepSizeIteration():optimization.cc:240) In step size iteration, function value changed -0.504556 to -0.504557
VLOG[3] (nnet-combine-fast:StepSizeIteration():optimization.cc:323) d = 2, iter = 7, action = decrease
LOG (nnet-combine-fast:ComputeCurrentNnet():combine-nnet-fast.cc:372) Scale parameters are  [
  0.984019 1.47699 1.03903 ]
LOG (nnet-combine-fast:FastNnetCombiner():combine-nnet-fast.cc:151) Combining nnets, objf per frame changed from -0.509267 to -0.504556
LOG (nnet-combine-fast:main():nnet-combine-fast.cc:124) Finished combining neural nets, wrote model to exp/nnet4a/96.mdl
# Accounting: time=4 threads=1
# Ended (code 0) at Wed Jun 22 15:31:38 BRT 2016, elapsed time 4 seconds
