# nnet-subset-egs --n=2000 --randomize-order=true --srand=45 ark:exp/nnet4a/egs/train_diagnostic.egs ark:- | nnet-combine-fast --use-gpu=no --num-threads=16 --verbose=3 --minibatch-size=125 exp/nnet4a/46.mdl ark:- exp/nnet4a/46.mdl 
# Started at Tue Aug  2 16:57:13 BRT 2016
#
nnet-subset-egs --n=2000 --randomize-order=true --srand=45 ark:exp/nnet4a/egs/train_diagnostic.egs ark:- 
nnet-combine-fast --use-gpu=no --num-threads=16 --verbose=3 --minibatch-size=125 exp/nnet4a/46.mdl ark:- exp/nnet4a/46.mdl 
LOG (nnet-subset-egs:main():nnet-subset-egs.cc:92) Selected a subset of 2000 out of 4000 neural-network training examples 
LOG (nnet-combine-fast:main():nnet-combine-fast.cc:108) Read 2000 examples from the validation set.
VLOG[3] (nnet-combine-fast:Propagate():nnet-update.cc:114) Stddev of data for component 0 for this minibatch is 136.603
VLOG[3] (nnet-combine-fast:Propagate():nnet-update.cc:114) Stddev of data for component 0 for this minibatch is 133.143
VLOG[3] (nnet-combine-fast:Propagate():nnet-update.cc:114) Stddev of data for component 0 for this minibatch is 119.087
VLOG[3] (nnet-combine-fast:Propagate():nnet-update.cc:114) Stddev of data for component 0 for this minibatch is 121.099
VLOG[3] (nnet-combine-fast:Propagate():nnet-update.cc:114) Stddev of data for component 1 for this minibatch is 119.087
VLOG[3] (nnet-combine-fast:Propagate():nnet-update.cc:114) Stddev of data for component 1 for this minibatch is 133.143
VLOG[3] (nnet-combine-fast:Propagate():nnet-update.cc:114) Stddev of data for component 1 for this minibatch is 136.603
VLOG[3] (nnet-combine-fast:Propagate():nnet-update.cc:114) Stddev of data for component 0 for this minibatch is 120.948
VLOG[3] (nnet-combine-fast:Propagate():nnet-update.cc:114) Stddev of data for component 0 for this minibatch is 119.609
VLOG[3] (nnet-combine-fast:Propagate():nnet-update.cc:114) Stddev of data for component 1 for this minibatch is 120.948
VLOG[3] (nnet-combine-fast:Propagate():nnet-update.cc:114) Stddev of data for component 0 for this minibatch is 128.471
VLOG[3] (nnet-combine-fast:Propagate():nnet-update.cc:114) Stddev of data for component 2 for this minibatch is 0.244923
VLOG[3] (nnet-combine-fast:Propagate():nnet-update.cc:114) Stddev of data for component 1 for this minibatch is 121.099
VLOG[3] (nnet-combine-fast:Propagate():nnet-update.cc:114) Stddev of data for component 2 for this minibatch is 0.241803
VLOG[3] (nnet-combine-fast:Propagate():nnet-update.cc:114) Stddev of data for component 0 for this minibatch is 114.763
VLOG[3] (nnet-combine-fast:Propagate():nnet-update.cc:114) Stddev of data for component 1 for this minibatch is 119.609
VLOG[3] (nnet-combine-fast:Propagate():nnet-update.cc:114) Stddev of data for component 2 for this minibatch is 0.229185
VLOG[3] (nnet-combine-fast:Propagate():nnet-update.cc:114) Stddev of data for component 3 for this minibatch is 5.3262
VLOG[3] (nnet-combine-fast:Propagate():nnet-update.cc:114) Stddev of data for component 3 for this minibatch is 5.37957
VLOG[3] (nnet-combine-fast:Propagate():nnet-update.cc:114) Stddev of data for component 3 for this minibatch is 5.09039
VLOG[3] (nnet-combine-fast:Propagate():nnet-update.cc:114) Stddev of data for component 2 for this minibatch is 0.223669
VLOG[3] (nnet-combine-fast:Propagate():nnet-update.cc:114) Stddev of data for component 2 for this minibatch is 0.231267
VLOG[3] (nnet-combine-fast:Propagate():nnet-update.cc:114) Stddev of data for component 1 for this minibatch is 128.471
VLOG[3] (nnet-combine-fast:Propagate():nnet-update.cc:114) Stddev of data for component 2 for this minibatch is 0.242169
VLOG[3] (nnet-combine-fast:Propagate():nnet-update.cc:114) Stddev of data for component 3 for this minibatch is 4.9684
VLOG[3] (nnet-combine-fast:Propagate():nnet-update.cc:114) Stddev of data for component 0 for this minibatch is 110.334
VLOG[3] (nnet-combine-fast:Propagate():nnet-update.cc:114) Stddev of data for component 0 for this minibatch is 116.524
VLOG[3] (nnet-combine-fast:Propagate():nnet-update.cc:114) Stddev of data for component 3 for this minibatch is 5.1632
VLOG[3] (nnet-combine-fast:Propagate():nnet-update.cc:114) Stddev of data for component 1 for this minibatch is 114.763
VLOG[3] (nnet-combine-fast:Propagate():nnet-update.cc:114) Stddev of data for component 4 for this minibatch is 0.670054
VLOG[3] (nnet-combine-fast:Propagate():nnet-update.cc:114) Stddev of data for component 1 for this minibatch is 110.334
VLOG[3] (nnet-combine-fast:Propagate():nnet-update.cc:114) Stddev of data for component 1 for this minibatch is 116.524
VLOG[3] (nnet-combine-fast:Propagate():nnet-update.cc:114) Stddev of data for component 0 for this minibatch is 121.424
VLOG[3] (nnet-combine-fast:Propagate():nnet-update.cc:114) Stddev of data for component 4 for this minibatch is 0.664544
VLOG[3] (nnet-combine-fast:Propagate():nnet-update.cc:114) Stddev of data for component 0 for this minibatch is 121.345
VLOG[3] (nnet-combine-fast:Propagate():nnet-update.cc:114) Stddev of data for component 0 for this minibatch is 126.762
VLOG[3] (nnet-combine-fast:Propagate():nnet-update.cc:114) Stddev of data for component 5 for this minibatch is 13.9537
VLOG[3] (nnet-combine-fast:Propagate():nnet-update.cc:114) Stddev of data for component 5 for this minibatch is 13.4493
VLOG[3] (nnet-combine-fast:Propagate():nnet-update.cc:114) Stddev of data for component 2 for this minibatch is 0.220962
VLOG[3] (nnet-combine-fast:Propagate():nnet-update.cc:114) Stddev of data for component 1 for this minibatch is 121.424
VLOG[3] (nnet-combine-fast:Propagate():nnet-update.cc:114) Stddev of data for component 1 for this minibatch is 121.345
VLOG[3] (nnet-combine-fast:Propagate():nnet-update.cc:114) Stddev of data for component 0 for this minibatch is 124.014
VLOG[3] (nnet-combine-fast:Propagate():nnet-update.cc:114) Stddev of data for component 1 for this minibatch is 126.762
VLOG[3] (nnet-combine-fast:Propagate():nnet-update.cc:114) Stddev of data for component 1 for this minibatch is 124.014
VLOG[3] (nnet-combine-fast:Propagate():nnet-update.cc:114) Stddev of data for component 4 for this minibatch is 0.667514
VLOG[3] (nnet-combine-fast:Propagate():nnet-update.cc:114) Stddev of data for component 4 for this minibatch is 0.671831
VLOG[3] (nnet-combine-fast:Propagate():nnet-update.cc:114) Stddev of data for component 2 for this minibatch is 0.24214
VLOG[3] (nnet-combine-fast:Propagate():nnet-update.cc:114) Stddev of data for component 2 for this minibatch is 0.225467
VLOG[3] (nnet-combine-fast:Propagate():nnet-update.cc:114) Stddev of data for component 2 for this minibatch is 0.222036
VLOG[3] (nnet-combine-fast:Propagate():nnet-update.cc:114) Stddev of data for component 5 for this minibatch is 13.817
VLOG[3] (nnet-combine-fast:Propagate():nnet-update.cc:114) Stddev of data for component 5 for this minibatch is 13.7961
VLOG[3] (nnet-combine-fast:Propagate():nnet-update.cc:114) Stddev of data for component 2 for this minibatch is 0.221889
VLOG[3] (nnet-combine-fast:Propagate():nnet-update.cc:114) Stddev of data for component 2 for this minibatch is 0.219288
VLOG[3] (nnet-combine-fast:Propagate():nnet-update.cc:114) Stddev of data for component 3 for this minibatch is 5.28584
VLOG[3] (nnet-combine-fast:Propagate():nnet-update.cc:114) Stddev of data for component 3 for this minibatch is 4.91364
VLOG[3] (nnet-combine-fast:Propagate():nnet-update.cc:114) Stddev of data for component 3 for this minibatch is 5.28114
VLOG[3] (nnet-combine-fast:Propagate():nnet-update.cc:114) Stddev of data for component 3 for this minibatch is 4.9084
VLOG[3] (nnet-combine-fast:Propagate():nnet-update.cc:114) Stddev of data for component 3 for this minibatch is 5.00563
VLOG[3] (nnet-combine-fast:Propagate():nnet-update.cc:114) Stddev of data for component 2 for this minibatch is 0.231236
VLOG[3] (nnet-combine-fast:Propagate():nnet-update.cc:114) Stddev of data for component 4 for this minibatch is 0.668641
VLOG[3] (nnet-combine-fast:Propagate():nnet-update.cc:114) Stddev of data for component 5 for this minibatch is 13.629
VLOG[3] (nnet-combine-fast:Propagate():nnet-update.cc:114) Stddev of data for component 6 for this minibatch is 0.811488
VLOG[3] (nnet-combine-fast:Propagate():nnet-update.cc:114) Stddev of data for component 3 for this minibatch is 5.05945
VLOG[3] (nnet-combine-fast:Propagate():nnet-update.cc:114) Stddev of data for component 2 for this minibatch is 0.222965
VLOG[3] (nnet-combine-fast:Propagate():nnet-update.cc:114) Stddev of data for component 4 for this minibatch is 0.662857
VLOG[3] (nnet-combine-fast:Propagate():nnet-update.cc:114) Stddev of data for component 4 for this minibatch is 0.666406
VLOG[3] (nnet-combine-fast:Propagate():nnet-update.cc:114) Stddev of data for component 5 for this minibatch is 13.3671
VLOG[3] (nnet-combine-fast:Propagate():nnet-update.cc:114) Stddev of data for component 5 for this minibatch is 13.662
VLOG[3] (nnet-combine-fast:Propagate():nnet-update.cc:114) Stddev of data for component 4 for this minibatch is 0.663391
VLOG[3] (nnet-combine-fast:Propagate():nnet-update.cc:114) Stddev of data for component 5 for this minibatch is 13.7415
VLOG[3] (nnet-combine-fast:Propagate():nnet-update.cc:114) Stddev of data for component 3 for this minibatch is 5.13061
VLOG[3] (nnet-combine-fast:Propagate():nnet-update.cc:114) Stddev of data for component 4 for this minibatch is 0.66122
VLOG[3] (nnet-combine-fast:Propagate():nnet-update.cc:114) Stddev of data for component 5 for this minibatch is 13.5816
VLOG[3] (nnet-combine-fast:Propagate():nnet-update.cc:114) Stddev of data for component 7 for this minibatch is 10.7518
VLOG[3] (nnet-combine-fast:Propagate():nnet-update.cc:114) Stddev of data for component 3 for this minibatch is 4.97495
VLOG[3] (nnet-combine-fast:Propagate():nnet-update.cc:114) Stddev of data for component 6 for this minibatch is 0.811247
VLOG[3] (nnet-combine-fast:Propagate():nnet-update.cc:114) Stddev of data for component 4 for this minibatch is 0.66331
VLOG[3] (nnet-combine-fast:Propagate():nnet-update.cc:114) Stddev of data for component 5 for this minibatch is 13.5454
VLOG[3] (nnet-combine-fast:Propagate():nnet-update.cc:114) Stddev of data for component 4 for this minibatch is 0.664852
VLOG[3] (nnet-combine-fast:Propagate():nnet-update.cc:114) Stddev of data for component 6 for this minibatch is 0.811979
VLOG[3] (nnet-combine-fast:Propagate():nnet-update.cc:114) Stddev of data for component 6 for this minibatch is 0.812105
VLOG[3] (nnet-combine-fast:Propagate():nnet-update.cc:114) Stddev of data for component 5 for this minibatch is 13.636
VLOG[3] (nnet-combine-fast:Propagate():nnet-update.cc:114) Stddev of data for component 3 for this minibatch is 4.93852
VLOG[3] (nnet-combine-fast:Propagate():nnet-update.cc:114) Stddev of data for component 6 for this minibatch is 0.81081
VLOG[3] (nnet-combine-fast:Propagate():nnet-update.cc:114) Stddev of data for component 4 for this minibatch is 0.667325
VLOG[3] (nnet-combine-fast:Propagate():nnet-update.cc:114) Stddev of data for component 4 for this minibatch is 0.664565
VLOG[3] (nnet-combine-fast:Propagate():nnet-update.cc:114) Stddev of data for component 5 for this minibatch is 13.7072
VLOG[3] (nnet-combine-fast:Propagate():nnet-update.cc:114) Stddev of data for component 0 for this minibatch is 127.653
VLOG[3] (nnet-combine-fast:Propagate():nnet-update.cc:114) Stddev of data for component 5 for this minibatch is 13.4933
VLOG[3] (nnet-combine-fast:Propagate():nnet-update.cc:114) Stddev of data for component 4 for this minibatch is 0.661644
VLOG[3] (nnet-combine-fast:Propagate():nnet-update.cc:114) Stddev of data for component 0 for this minibatch is 120.801
VLOG[3] (nnet-combine-fast:Propagate():nnet-update.cc:114) Stddev of data for component 1 for this minibatch is 120.801
VLOG[3] (nnet-combine-fast:Propagate():nnet-update.cc:114) Stddev of data for component 5 for this minibatch is 13.6249
VLOG[3] (nnet-combine-fast:Propagate():nnet-update.cc:114) Stddev of data for component 7 for this minibatch is 11.6005
VLOG[3] (nnet-combine-fast:Propagate():nnet-update.cc:114) Stddev of data for component 7 for this minibatch is 11.6088
VLOG[3] (nnet-combine-fast:Propagate():nnet-update.cc:114) Stddev of data for component 7 for this minibatch is 11.8808
VLOG[3] (nnet-combine-fast:Propagate():nnet-update.cc:114) Stddev of data for component 6 for this minibatch is 0.812164
VLOG[3] (nnet-combine-fast:Propagate():nnet-update.cc:114) Stddev of data for component 1 for this minibatch is 127.653
VLOG[3] (nnet-combine-fast:Propagate():nnet-update.cc:114) Stddev of data for component 6 for this minibatch is 0.809185
VLOG[3] (nnet-combine-fast:Propagate():nnet-update.cc:114) Stddev of data for component 6 for this minibatch is 0.811693
VLOG[2] (nnet-combine-fast:DoBackpropParallel():nnet-update-parallel.cc:264) Did backprop on 2000 examples, average log-prob per frame is -0.901578
LOG (nnet-combine-fast:GetInitialModel():combine-nnet-fast.cc:402) Objective functions for the source neural nets are  [ -0.901578 ]
LOG (nnet-combine-fast:GetInitialParams():combine-nnet-fast.cc:281) Initializing with neural net with index 0
VLOG[2] (nnet-combine-fast:DoBackpropParallel():nnet-update-parallel.cc:264) Did backprop on 2000 examples, average log-prob per frame is -0.901578
VLOG[2] (nnet-combine-fast:ComputeObjfAndGradient():combine-nnet-fast.cc:346) Objf is -0.901578, raw gradient is  [ -0.0148177 -0.00172534 0.106029 ]
VLOG[2] (nnet-combine-fast:DoBackpropParallel():nnet-update-parallel.cc:264) Did backprop on 2000 examples, average log-prob per frame is -0.896497
VLOG[2] (nnet-combine-fast:ComputeObjfAndGradient():combine-nnet-fast.cc:346) Objf is -0.896497, raw gradient is  [ -0.00745451 0.0070232 0.0161424 ]
VLOG[3] (nnet-combine-fast:StepSizeIteration():optimization.cc:240) In step size iteration, function value changed -0.901578 to -0.896497
VLOG[3] (nnet-combine-fast:StepSizeIteration():optimization.cc:323) d = 2, iter = 0, action = accept
VLOG[3] (nnet-combine-fast:AcceptStep():optimization.cc:194) Accepted step; length was 0.131016, prod was -0.00953421
VLOG[2] (nnet-combine-fast:DoBackpropParallel():nnet-update-parallel.cc:264) Did backprop on 2000 examples, average log-prob per frame is -0.89634
VLOG[2] (nnet-combine-fast:ComputeObjfAndGradient():combine-nnet-fast.cc:346) Objf is -0.89634, raw gradient is  [ 0.00395987 -0.00620163 -0.00760683 ]
VLOG[3] (nnet-combine-fast:StepSizeIteration():optimization.cc:240) In step size iteration, function value changed -0.896497 to -0.89634
VLOG[3] (nnet-combine-fast:StepSizeIteration():optimization.cc:323) d = 2, iter = 1, action = accept
VLOG[3] (nnet-combine-fast:AcceptStep():optimization.cc:194) Accepted step; length was 0.048387, prod was -0.00202538
VLOG[2] (nnet-combine-fast:DoBackpropParallel():nnet-update-parallel.cc:264) Did backprop on 2000 examples, average log-prob per frame is -0.89615
VLOG[2] (nnet-combine-fast:ComputeObjfAndGradient():combine-nnet-fast.cc:346) Objf is -0.89615, raw gradient is  [ -0.000751678 -0.000939168 -0.000129325 ]
VLOG[3] (nnet-combine-fast:StepSizeIteration():optimization.cc:240) In step size iteration, function value changed -0.89634 to -0.89615
VLOG[3] (nnet-combine-fast:StepSizeIteration():optimization.cc:323) d = 2, iter = 2, action = accept
VLOG[3] (nnet-combine-fast:AcceptStep():optimization.cc:194) Accepted step; length was 0.0185756, prod was -0.000334758
VLOG[2] (nnet-combine-fast:DoBackpropParallel():nnet-update-parallel.cc:264) Did backprop on 2000 examples, average log-prob per frame is -0.896148
VLOG[2] (nnet-combine-fast:ComputeObjfAndGradient():combine-nnet-fast.cc:346) Objf is -0.896148, raw gradient is  [ -4.01764e-05 9.2998e-05 6.45709e-05 ]
VLOG[3] (nnet-combine-fast:StepSizeIteration():optimization.cc:240) In step size iteration, function value changed -0.89615 to -0.896148
VLOG[3] (nnet-combine-fast:StepSizeIteration():optimization.cc:323) d = 2, iter = 3, action = accept
VLOG[3] (nnet-combine-fast:AcceptStep():optimization.cc:194) Accepted step; length was 0.00243114, prod was -5.86054e-06
VLOG[2] (nnet-combine-fast:DoBackpropParallel():nnet-update-parallel.cc:264) Did backprop on 2000 examples, average log-prob per frame is -0.896148
VLOG[2] (nnet-combine-fast:ComputeObjfAndGradient():combine-nnet-fast.cc:346) Objf is -0.896148, raw gradient is  [ -6.83594e-06 -1.08051e-06 -1.02329e-06 ]
VLOG[3] (nnet-combine-fast:StepSizeIteration():optimization.cc:240) In step size iteration, function value changed -0.896148 to -0.896148
VLOG[3] (nnet-combine-fast:StepSizeIteration():optimization.cc:323) d = 2, iter = 4, action = decrease
VLOG[2] (nnet-combine-fast:DoBackpropParallel():nnet-update-parallel.cc:264) Did backprop on 2000 examples, average log-prob per frame is -0.896147
VLOG[2] (nnet-combine-fast:ComputeObjfAndGradient():combine-nnet-fast.cc:346) Objf is -0.896147, raw gradient is  [ -2.34833e-05 4.58894e-05 3.16629e-05 ]
VLOG[3] (nnet-combine-fast:StepSizeIteration():optimization.cc:240) In step size iteration, function value changed -0.896148 to -0.896147
VLOG[3] (nnet-combine-fast:StepSizeIteration():optimization.cc:323) d = 2, iter = 4, action = accept
VLOG[3] (nnet-combine-fast:AcceptStep():optimization.cc:194) Accepted step; length was 0.000115078, prod was -1.63177e-08
VLOG[2] (nnet-combine-fast:DoBackpropParallel():nnet-update-parallel.cc:264) Did backprop on 2000 examples, average log-prob per frame is -0.896147
VLOG[2] (nnet-combine-fast:ComputeObjfAndGradient():combine-nnet-fast.cc:346) Objf is -0.896147, raw gradient is  [ -5.56946e-07 -3.13044e-07 -1.84727e-06 ]
VLOG[3] (nnet-combine-fast:StepSizeIteration():optimization.cc:240) In step size iteration, function value changed -0.896147 to -0.896147
VLOG[3] (nnet-combine-fast:StepSizeIteration():optimization.cc:323) d = 2, iter = 5, action = accept
VLOG[3] (nnet-combine-fast:AcceptStep():optimization.cc:194) Accepted step; length was 0.000120622, prod was -1.76289e-08
VLOG[2] (nnet-combine-fast:DoBackpropParallel():nnet-update-parallel.cc:264) Did backprop on 2000 examples, average log-prob per frame is -0.896148
VLOG[2] (nnet-combine-fast:ComputeObjfAndGradient():combine-nnet-fast.cc:346) Objf is -0.896148, raw gradient is  [ -1.14441e-07 -1.18256e-07 -1.10722e-06 ]
VLOG[3] (nnet-combine-fast:StepSizeIteration():optimization.cc:240) In step size iteration, function value changed -0.896147 to -0.896148
VLOG[3] (nnet-combine-fast:StepSizeIteration():optimization.cc:323) d = 2, iter = 6, action = decrease
VLOG[2] (nnet-combine-fast:DoBackpropParallel():nnet-update-parallel.cc:264) Did backprop on 2000 examples, average log-prob per frame is -0.896147
VLOG[2] (nnet-combine-fast:ComputeObjfAndGradient():combine-nnet-fast.cc:346) Objf is -0.896147, raw gradient is  [ -3.58582e-07 -2.21491e-07 -1.56593e-06 ]
VLOG[3] (nnet-combine-fast:StepSizeIteration():optimization.cc:240) In step size iteration, function value changed -0.896147 to -0.896147
VLOG[3] (nnet-combine-fast:StepSizeIteration():optimization.cc:323) d = 2, iter = 6, action = accept
VLOG[3] (nnet-combine-fast:AcceptStep():optimization.cc:194) Accepted step; length was 6.09037e-07, prod was -2.10561e-13
LOG (nnet-combine-fast:ComputeCurrentNnet():combine-nnet-fast.cc:372) Scale parameters are  [
  0.959416 0.892304 1.10021 ]
LOG (nnet-combine-fast:FastNnetCombiner():combine-nnet-fast.cc:151) Combining nnets, objf per frame changed from -0.901578 to -0.896147
LOG (nnet-combine-fast:main():nnet-combine-fast.cc:124) Finished combining neural nets, wrote model to exp/nnet4a/46.mdl
# Accounting: time=2 threads=1
# Ended (code 0) at Tue Aug  2 16:57:15 BRT 2016, elapsed time 2 seconds
