# nnet-shuffle-egs --buffer-size=5000 --srand=8 ark:exp/nnet4a/egs/egs.7.0.ark ark:- | nnet-train-parallel --num-threads=16 --minibatch-size=128 --srand=8 exp/nnet4a/8.mdl ark:- exp/nnet4a/9.7.mdl 
# Started at Wed Jun 22 14:51:54 BRT 2016
#
nnet-train-parallel --num-threads=16 --minibatch-size=128 --srand=8 exp/nnet4a/8.mdl ark:- exp/nnet4a/9.7.mdl 
nnet-shuffle-egs --buffer-size=5000 --srand=8 ark:exp/nnet4a/egs/egs.7.0.ark ark:- 
LOG (nnet-train-parallel:GetScalingFactor():nnet-component.cc:1588) Limiting step size to 10 using scaling factor 0.913007, for component index 6
LOG (nnet-train-parallel:GetScalingFactor():nnet-component.cc:1588) Limiting step size to 10 using scaling factor 0.807524, for component index 6
LOG (nnet-train-parallel:GetScalingFactor():nnet-component.cc:1588) Limiting step size to 10 using scaling factor 0.881758, for component index 6
LOG (nnet-train-parallel:GetScalingFactor():nnet-component.cc:1588) Limiting step size to 10 using scaling factor 0.869261, for component index 6
LOG (nnet-train-parallel:GetScalingFactor():nnet-component.cc:1588) Limiting step size to 10 using scaling factor 0.939223, for component index 6
LOG (nnet-train-parallel:GetScalingFactor():nnet-component.cc:1588) Limiting step size to 10 using scaling factor 0.856708, for component index 6
LOG (nnet-train-parallel:GetScalingFactor():nnet-component.cc:1588) Limiting step size to 10 using scaling factor 0.939127, for component index 6
LOG (nnet-train-parallel:GetScalingFactor():nnet-component.cc:1588) Limiting step size to 10 using scaling factor 0.884557, for component index 6
LOG (nnet-train-parallel:GetScalingFactor():nnet-component.cc:1588) Limiting step size to 10 using scaling factor 0.91878, for component index 6
LOG (nnet-train-parallel:GetScalingFactor():nnet-component.cc:1588) Limiting step size to 10 using scaling factor 0.991723, for component index 6
LOG (nnet-shuffle-egs:main():nnet-shuffle-egs.cc:102) Shuffled order of 7839 neural-network training examples using a buffer (partial randomization)
LOG (nnet-train-parallel:DoBackpropParallel():nnet-update-parallel.cc:194) Did backprop on 7839 examples, average log-prob per frame is -1.69364
LOG (nnet-train-parallel:DoBackpropParallel():nnet-update-parallel.cc:196) [this line is to be parsed by a script:] log-prob-per-frame=-1.69364
LOG (nnet-train-parallel:main():nnet-train-parallel.cc:102) Finished training, processed 7839 training examples (weighted).  Wrote model to exp/nnet4a/9.7.mdl
# Accounting: time=5 threads=1
# Ended (code 0) at Wed Jun 22 14:51:59 BRT 2016, elapsed time 5 seconds
