# nnet-shuffle-egs --buffer-size=5000 --srand=19 ark:exp/nnet4a/egs/egs.15.5.ark ark:- | nnet-train-parallel --num-threads=16 --minibatch-size=128 --srand=19 exp/nnet4a/19.mdl ark:- exp/nnet4a/20.15.mdl 
# Started at Tue Aug  2 16:49:58 BRT 2016
#
nnet-shuffle-egs --buffer-size=5000 --srand=19 ark:exp/nnet4a/egs/egs.15.5.ark ark:- 
nnet-train-parallel --num-threads=16 --minibatch-size=128 --srand=19 exp/nnet4a/19.mdl ark:- exp/nnet4a/20.15.mdl 
LOG (nnet-train-parallel:GetScalingFactor():nnet-component.cc:1588) Limiting step size to 10 using scaling factor 0.965204, for component index 6
LOG (nnet-train-parallel:GetScalingFactor():nnet-component.cc:1588) Limiting step size to 10 using scaling factor 0.964739, for component index 6
LOG (nnet-train-parallel:GetScalingFactor():nnet-component.cc:1588) Limiting step size to 10 using scaling factor 0.950895, for component index 6
LOG (nnet-train-parallel:GetScalingFactor():nnet-component.cc:1588) Limiting step size to 10 using scaling factor 0.949075, for component index 6
LOG (nnet-train-parallel:GetScalingFactor():nnet-component.cc:1588) Limiting step size to 10 using scaling factor 0.924821, for component index 6
LOG (nnet-train-parallel:GetScalingFactor():nnet-component.cc:1588) Limiting step size to 10 using scaling factor 0.993862, for component index 6
LOG (nnet-train-parallel:GetScalingFactor():nnet-component.cc:1588) Limiting step size to 10 using scaling factor 0.998118, for component index 6
LOG (nnet-train-parallel:GetScalingFactor():nnet-component.cc:1588) Limiting step size to 10 using scaling factor 0.935831, for component index 6
LOG (nnet-train-parallel:GetScalingFactor():nnet-component.cc:1588) Limiting step size to 10 using scaling factor 0.967616, for component index 6
LOG (nnet-train-parallel:GetScalingFactor():nnet-component.cc:1588) Limiting step size to 10 using scaling factor 0.968964, for component index 6
LOG (nnet-shuffle-egs:main():nnet-shuffle-egs.cc:102) Shuffled order of 6750 neural-network training examples using a buffer (partial randomization)
LOG (nnet-train-parallel:DoBackpropParallel():nnet-update-parallel.cc:194) Did backprop on 6750 examples, average log-prob per frame is -1.44965
LOG (nnet-train-parallel:DoBackpropParallel():nnet-update-parallel.cc:196) [this line is to be parsed by a script:] log-prob-per-frame=-1.44965
LOG (nnet-train-parallel:main():nnet-train-parallel.cc:102) Finished training, processed 6750 training examples (weighted).  Wrote model to exp/nnet4a/20.15.mdl
# Accounting: time=6 threads=1
# Ended (code 0) at Tue Aug  2 16:50:04 BRT 2016, elapsed time 6 seconds
