# nnet-shuffle-egs --buffer-size=5000 --srand=3 ark:exp/nnet4a/egs/egs.14.0.ark ark:- | nnet-train-parallel --num-threads=16 --minibatch-size=128 --srand=3 exp/nnet4a/3.mdl ark:- exp/nnet4a/4.14.mdl 
# Started at Fri Jun 17 15:16:42 BRT 2016
#
nnet-shuffle-egs --buffer-size=5000 --srand=3 ark:exp/nnet4a/egs/egs.14.0.ark ark:- 
nnet-train-parallel --num-threads=16 --minibatch-size=128 --srand=3 exp/nnet4a/3.mdl ark:- exp/nnet4a/4.14.mdl 
LOG (nnet-train-parallel:GetScalingFactor():nnet-component.cc:1588) Limiting step size to 10 using scaling factor 0.922268, for component index 6
LOG (nnet-train-parallel:GetScalingFactor():nnet-component.cc:1588) Limiting step size to 10 using scaling factor 0.956126, for component index 6
LOG (nnet-train-parallel:GetScalingFactor():nnet-component.cc:1588) Limiting step size to 10 using scaling factor 0.917898, for component index 6
LOG (nnet-train-parallel:GetScalingFactor():nnet-component.cc:1588) Limiting step size to 10 using scaling factor 0.957512, for component index 6
LOG (nnet-train-parallel:GetScalingFactor():nnet-component.cc:1588) Limiting step size to 10 using scaling factor 0.933723, for component index 6
LOG (nnet-train-parallel:GetScalingFactor():nnet-component.cc:1588) Limiting step size to 10 using scaling factor 0.934972, for component index 6
LOG (nnet-train-parallel:GetScalingFactor():nnet-component.cc:1588) Limiting step size to 10 using scaling factor 0.918283, for component index 6
LOG (nnet-train-parallel:GetScalingFactor():nnet-component.cc:1588) Limiting step size to 10 using scaling factor 0.906745, for component index 6
LOG (nnet-train-parallel:GetScalingFactor():nnet-component.cc:1588) Limiting step size to 10 using scaling factor 0.928923, for component index 6
LOG (nnet-train-parallel:GetScalingFactor():nnet-component.cc:1588) Limiting step size to 10 using scaling factor 0.997186, for component index 6
LOG (nnet-shuffle-egs:main():nnet-shuffle-egs.cc:102) Shuffled order of 22026 neural-network training examples using a buffer (partial randomization)
LOG (nnet-train-parallel:DoBackpropParallel():nnet-update-parallel.cc:194) Did backprop on 22026 examples, average log-prob per frame is -1.85015
LOG (nnet-train-parallel:DoBackpropParallel():nnet-update-parallel.cc:196) [this line is to be parsed by a script:] log-prob-per-frame=-1.85015
LOG (nnet-train-parallel:main():nnet-train-parallel.cc:102) Finished training, processed 22026 training examples (weighted).  Wrote model to exp/nnet4a/4.14.mdl
# Accounting: time=18 threads=1
# Ended (code 0) at Fri Jun 17 15:17:00 BRT 2016, elapsed time 18 seconds
