# nnet-shuffle-egs --buffer-size=5000 --srand=5 ark:exp/nnet4a/egs/egs.2.1.ark ark:- | nnet-train-parallel --num-threads=16 --minibatch-size=128 --srand=5 exp/nnet4a/5.mdl ark:- exp/nnet4a/6.2.mdl 
# Started at Wed Jun 22 14:50:31 BRT 2016
#
nnet-shuffle-egs --buffer-size=5000 --srand=5 ark:exp/nnet4a/egs/egs.2.1.ark ark:- 
nnet-train-parallel --num-threads=16 --minibatch-size=128 --srand=5 exp/nnet4a/5.mdl ark:- exp/nnet4a/6.2.mdl 
LOG (nnet-train-parallel:GetScalingFactor():nnet-component.cc:1588) Limiting step size to 10 using scaling factor 0.804156, for component index 6
LOG (nnet-train-parallel:GetScalingFactor():nnet-component.cc:1588) Limiting step size to 10 using scaling factor 0.803113, for component index 6
LOG (nnet-train-parallel:GetScalingFactor():nnet-component.cc:1588) Limiting step size to 10 using scaling factor 0.827203, for component index 6
LOG (nnet-train-parallel:GetScalingFactor():nnet-component.cc:1588) Limiting step size to 10 using scaling factor 0.819763, for component index 6
LOG (nnet-train-parallel:GetScalingFactor():nnet-component.cc:1588) Limiting step size to 10 using scaling factor 0.786245, for component index 6
LOG (nnet-train-parallel:GetScalingFactor():nnet-component.cc:1588) Limiting step size to 10 using scaling factor 0.778224, for component index 6
LOG (nnet-train-parallel:GetScalingFactor():nnet-component.cc:1588) Limiting step size to 10 using scaling factor 0.823391, for component index 6
LOG (nnet-train-parallel:GetScalingFactor():nnet-component.cc:1588) Limiting step size to 10 using scaling factor 0.774255, for component index 6
LOG (nnet-train-parallel:GetScalingFactor():nnet-component.cc:1588) Limiting step size to 10 using scaling factor 0.809949, for component index 6
LOG (nnet-train-parallel:GetScalingFactor():nnet-component.cc:1588) Limiting step size to 10 using scaling factor 0.819218, for component index 6
LOG (nnet-shuffle-egs:main():nnet-shuffle-egs.cc:102) Shuffled order of 7840 neural-network training examples using a buffer (partial randomization)
LOG (nnet-train-parallel:DoBackpropParallel():nnet-update-parallel.cc:194) Did backprop on 7840 examples, average log-prob per frame is -2.17668
LOG (nnet-train-parallel:DoBackpropParallel():nnet-update-parallel.cc:196) [this line is to be parsed by a script:] log-prob-per-frame=-2.17668
LOG (nnet-train-parallel:main():nnet-train-parallel.cc:102) Finished training, processed 7840 training examples (weighted).  Wrote model to exp/nnet4a/6.2.mdl
# Accounting: time=5 threads=1
# Ended (code 0) at Wed Jun 22 14:50:37 BRT 2016, elapsed time 5 seconds
