# nnet-shuffle-egs --buffer-size=5000 --srand=11 ark:exp/nnet4a/egs/egs.2.4.ark ark:- | nnet-train-parallel --num-threads=16 --minibatch-size=128 --srand=11 exp/nnet4a/11.mdl ark:- exp/nnet4a/12.2.mdl 
# Started at Tue Aug  2 16:47:39 BRT 2016
#
nnet-shuffle-egs --buffer-size=5000 --srand=11 ark:exp/nnet4a/egs/egs.2.4.ark ark:- 
nnet-train-parallel --num-threads=16 --minibatch-size=128 --srand=11 exp/nnet4a/11.mdl ark:- exp/nnet4a/12.2.mdl 
LOG (nnet-train-parallel:GetScalingFactor():nnet-component.cc:1588) Limiting step size to 10 using scaling factor 0.889851, for component index 6
LOG (nnet-train-parallel:GetScalingFactor():nnet-component.cc:1588) Limiting step size to 10 using scaling factor 0.857204, for component index 6
LOG (nnet-train-parallel:GetScalingFactor():nnet-component.cc:1588) Limiting step size to 10 using scaling factor 0.865581, for component index 6
LOG (nnet-train-parallel:GetScalingFactor():nnet-component.cc:1588) Limiting step size to 10 using scaling factor 0.869894, for component index 6
LOG (nnet-train-parallel:GetScalingFactor():nnet-component.cc:1588) Limiting step size to 10 using scaling factor 0.808398, for component index 6
LOG (nnet-train-parallel:GetScalingFactor():nnet-component.cc:1588) Limiting step size to 10 using scaling factor 0.875535, for component index 6
LOG (nnet-train-parallel:GetScalingFactor():nnet-component.cc:1588) Limiting step size to 10 using scaling factor 0.830806, for component index 2
LOG (nnet-train-parallel:GetScalingFactor():nnet-component.cc:1588) Limiting step size to 10 using scaling factor 0.945167, for component index 6
LOG (nnet-train-parallel:GetScalingFactor():nnet-component.cc:1588) Limiting step size to 10 using scaling factor 0.881866, for component index 6
LOG (nnet-train-parallel:GetScalingFactor():nnet-component.cc:1588) Limiting step size to 10 using scaling factor 0.789462, for component index 6
LOG (nnet-shuffle-egs:main():nnet-shuffle-egs.cc:102) Shuffled order of 6752 neural-network training examples using a buffer (partial randomization)
LOG (nnet-train-parallel:DoBackpropParallel():nnet-update-parallel.cc:194) Did backprop on 6752 examples, average log-prob per frame is -1.74867
LOG (nnet-train-parallel:DoBackpropParallel():nnet-update-parallel.cc:196) [this line is to be parsed by a script:] log-prob-per-frame=-1.74867
LOG (nnet-train-parallel:main():nnet-train-parallel.cc:102) Finished training, processed 6752 training examples (weighted).  Wrote model to exp/nnet4a/12.2.mdl
# Accounting: time=7 threads=1
# Ended (code 0) at Tue Aug  2 16:47:47 BRT 2016, elapsed time 7 seconds
