# nnet-shuffle-egs --buffer-size=5000 --srand=11 ark:exp/nnet4a/egs/egs.11.4.ark ark:- | nnet-train-parallel --num-threads=16 --minibatch-size=128 --srand=11 exp/nnet4a/11.mdl ark:- exp/nnet4a/12.11.mdl 
# Started at Tue Aug  2 16:47:47 BRT 2016
#
nnet-train-parallel --num-threads=16 --minibatch-size=128 --srand=11 exp/nnet4a/11.mdl ark:- exp/nnet4a/12.11.mdl 
nnet-shuffle-egs --buffer-size=5000 --srand=11 ark:exp/nnet4a/egs/egs.11.4.ark ark:- 
LOG (nnet-train-parallel:GetScalingFactor():nnet-component.cc:1588) Limiting step size to 10 using scaling factor 0.865502, for component index 6
LOG (nnet-train-parallel:GetScalingFactor():nnet-component.cc:1588) Limiting step size to 10 using scaling factor 0.945617, for component index 6
LOG (nnet-train-parallel:GetScalingFactor():nnet-component.cc:1588) Limiting step size to 10 using scaling factor 0.985148, for component index 6
LOG (nnet-train-parallel:GetScalingFactor():nnet-component.cc:1588) Limiting step size to 10 using scaling factor 0.92311, for component index 6
LOG (nnet-train-parallel:GetScalingFactor():nnet-component.cc:1588) Limiting step size to 10 using scaling factor 0.855291, for component index 6
LOG (nnet-train-parallel:GetScalingFactor():nnet-component.cc:1588) Limiting step size to 10 using scaling factor 0.825581, for component index 6
LOG (nnet-train-parallel:GetScalingFactor():nnet-component.cc:1588) Limiting step size to 10 using scaling factor 0.785511, for component index 6
LOG (nnet-train-parallel:GetScalingFactor():nnet-component.cc:1588) Limiting step size to 10 using scaling factor 0.835385, for component index 6
LOG (nnet-train-parallel:GetScalingFactor():nnet-component.cc:1588) Limiting step size to 10 using scaling factor 0.935082, for component index 6
LOG (nnet-train-parallel:GetScalingFactor():nnet-component.cc:1588) Limiting step size to 10 using scaling factor 0.882849, for component index 6
LOG (nnet-shuffle-egs:main():nnet-shuffle-egs.cc:102) Shuffled order of 6750 neural-network training examples using a buffer (partial randomization)
LOG (nnet-train-parallel:DoBackpropParallel():nnet-update-parallel.cc:194) Did backprop on 6750 examples, average log-prob per frame is -1.72276
LOG (nnet-train-parallel:DoBackpropParallel():nnet-update-parallel.cc:196) [this line is to be parsed by a script:] log-prob-per-frame=-1.72276
LOG (nnet-train-parallel:main():nnet-train-parallel.cc:102) Finished training, processed 6750 training examples (weighted).  Wrote model to exp/nnet4a/12.11.mdl
# Accounting: time=7 threads=1
# Ended (code 0) at Tue Aug  2 16:47:54 BRT 2016, elapsed time 7 seconds
