# nnet-shuffle-egs --buffer-size=5000 --srand=5 ark:exp/nnet4a/egs/egs.5.1.ark ark:- | nnet-train-parallel --num-threads=16 --minibatch-size=128 --srand=5 exp/nnet4a/5.mdl ark:- exp/nnet4a/6.5.mdl 
# Started at Wed Jun 22 14:50:37 BRT 2016
#
nnet-train-parallel --num-threads=16 --minibatch-size=128 --srand=5 exp/nnet4a/5.mdl ark:- exp/nnet4a/6.5.mdl 
nnet-shuffle-egs --buffer-size=5000 --srand=5 ark:exp/nnet4a/egs/egs.5.1.ark ark:- 
LOG (nnet-train-parallel:GetScalingFactor():nnet-component.cc:1588) Limiting step size to 10 using scaling factor 0.825503, for component index 6
LOG (nnet-train-parallel:GetScalingFactor():nnet-component.cc:1588) Limiting step size to 10 using scaling factor 0.824828, for component index 6
LOG (nnet-train-parallel:GetScalingFactor():nnet-component.cc:1588) Limiting step size to 10 using scaling factor 0.794839, for component index 6
LOG (nnet-train-parallel:GetScalingFactor():nnet-component.cc:1588) Limiting step size to 10 using scaling factor 0.771542, for component index 6
LOG (nnet-train-parallel:GetScalingFactor():nnet-component.cc:1588) Limiting step size to 10 using scaling factor 0.798819, for component index 6
LOG (nnet-train-parallel:GetScalingFactor():nnet-component.cc:1588) Limiting step size to 10 using scaling factor 0.813746, for component index 6
LOG (nnet-train-parallel:GetScalingFactor():nnet-component.cc:1588) Limiting step size to 10 using scaling factor 0.79519, for component index 6
LOG (nnet-train-parallel:GetScalingFactor():nnet-component.cc:1588) Limiting step size to 10 using scaling factor 0.754083, for component index 6
LOG (nnet-train-parallel:GetScalingFactor():nnet-component.cc:1588) Limiting step size to 10 using scaling factor 0.777083, for component index 6
LOG (nnet-train-parallel:GetScalingFactor():nnet-component.cc:1588) Limiting step size to 10 using scaling factor 0.788011, for component index 6
LOG (nnet-shuffle-egs:main():nnet-shuffle-egs.cc:102) Shuffled order of 7839 neural-network training examples using a buffer (partial randomization)
LOG (nnet-train-parallel:DoBackpropParallel():nnet-update-parallel.cc:194) Did backprop on 7839 examples, average log-prob per frame is -2.15344
LOG (nnet-train-parallel:DoBackpropParallel():nnet-update-parallel.cc:196) [this line is to be parsed by a script:] log-prob-per-frame=-2.15344
LOG (nnet-train-parallel:main():nnet-train-parallel.cc:102) Finished training, processed 7839 training examples (weighted).  Wrote model to exp/nnet4a/6.5.mdl
# Accounting: time=5 threads=1
# Ended (code 0) at Wed Jun 22 14:50:42 BRT 2016, elapsed time 5 seconds
