# nnet-shuffle-egs --buffer-size=5000 --srand=6 ark:exp/nnet4a/egs/egs.2.6.ark ark:- | nnet-train-parallel --num-threads=16 --minibatch-size=128 --srand=6 exp/nnet4a/6.mdl ark:- exp/nnet4a/7.2.mdl 
# Started at Tue Aug  2 16:46:17 BRT 2016
#
nnet-shuffle-egs --buffer-size=5000 --srand=6 ark:exp/nnet4a/egs/egs.2.6.ark ark:- 
nnet-train-parallel --num-threads=16 --minibatch-size=128 --srand=6 exp/nnet4a/6.mdl ark:- exp/nnet4a/7.2.mdl 
LOG (nnet-train-parallel:GetScalingFactor():nnet-component.cc:1588) Limiting step size to 10 using scaling factor 0.745337, for component index 6
LOG (nnet-train-parallel:GetScalingFactor():nnet-component.cc:1588) Limiting step size to 10 using scaling factor 0.741154, for component index 6
LOG (nnet-train-parallel:GetScalingFactor():nnet-component.cc:1588) Limiting step size to 10 using scaling factor 0.780523, for component index 6
LOG (nnet-train-parallel:GetScalingFactor():nnet-component.cc:1588) Limiting step size to 10 using scaling factor 0.76046, for component index 6
LOG (nnet-train-parallel:GetScalingFactor():nnet-component.cc:1588) Limiting step size to 10 using scaling factor 0.790696, for component index 6
LOG (nnet-train-parallel:GetScalingFactor():nnet-component.cc:1588) Limiting step size to 10 using scaling factor 0.808927, for component index 6
LOG (nnet-train-parallel:GetScalingFactor():nnet-component.cc:1588) Limiting step size to 10 using scaling factor 0.797479, for component index 6
LOG (nnet-train-parallel:GetScalingFactor():nnet-component.cc:1588) Limiting step size to 10 using scaling factor 0.790197, for component index 6
LOG (nnet-train-parallel:GetScalingFactor():nnet-component.cc:1588) Limiting step size to 10 using scaling factor 0.750229, for component index 6
LOG (nnet-train-parallel:GetScalingFactor():nnet-component.cc:1588) Limiting step size to 10 using scaling factor 0.736209, for component index 6
LOG (nnet-shuffle-egs:main():nnet-shuffle-egs.cc:102) Shuffled order of 6752 neural-network training examples using a buffer (partial randomization)
LOG (nnet-train-parallel:DoBackpropParallel():nnet-update-parallel.cc:194) Did backprop on 6752 examples, average log-prob per frame is -2.17778
LOG (nnet-train-parallel:DoBackpropParallel():nnet-update-parallel.cc:196) [this line is to be parsed by a script:] log-prob-per-frame=-2.17778
LOG (nnet-train-parallel:main():nnet-train-parallel.cc:102) Finished training, processed 6752 training examples (weighted).  Wrote model to exp/nnet4a/7.2.mdl
# Accounting: time=7 threads=1
# Ended (code 0) at Tue Aug  2 16:46:24 BRT 2016, elapsed time 7 seconds
