# nnet-shuffle-egs --buffer-size=5000 --srand=10 ark:exp/nnet4a/egs/egs.16.3.ark ark:- | nnet-train-parallel --num-threads=16 --minibatch-size=128 --srand=10 exp/nnet4a/10.mdl ark:- exp/nnet4a/11.16.mdl 
# Started at Tue Aug  2 16:47:29 BRT 2016
#
nnet-shuffle-egs --buffer-size=5000 --srand=10 ark:exp/nnet4a/egs/egs.16.3.ark ark:- 
nnet-train-parallel --num-threads=16 --minibatch-size=128 --srand=10 exp/nnet4a/10.mdl ark:- exp/nnet4a/11.16.mdl 
LOG (nnet-train-parallel:GetScalingFactor():nnet-component.cc:1588) Limiting step size to 10 using scaling factor 0.78473, for component index 6
LOG (nnet-train-parallel:GetScalingFactor():nnet-component.cc:1588) Limiting step size to 10 using scaling factor 0.877429, for component index 6
LOG (nnet-train-parallel:GetScalingFactor():nnet-component.cc:1588) Limiting step size to 10 using scaling factor 0.849472, for component index 6
LOG (nnet-train-parallel:GetScalingFactor():nnet-component.cc:1588) Limiting step size to 10 using scaling factor 0.783687, for component index 6
LOG (nnet-train-parallel:GetScalingFactor():nnet-component.cc:1588) Limiting step size to 10 using scaling factor 0.800562, for component index 6
LOG (nnet-train-parallel:GetScalingFactor():nnet-component.cc:1588) Limiting step size to 10 using scaling factor 0.872865, for component index 6
LOG (nnet-train-parallel:GetScalingFactor():nnet-component.cc:1588) Limiting step size to 10 using scaling factor 0.917782, for component index 6
LOG (nnet-train-parallel:GetScalingFactor():nnet-component.cc:1588) Limiting step size to 10 using scaling factor 0.833996, for component index 6
LOG (nnet-train-parallel:GetScalingFactor():nnet-component.cc:1588) Limiting step size to 10 using scaling factor 0.868231, for component index 6
LOG (nnet-train-parallel:GetScalingFactor():nnet-component.cc:1588) Limiting step size to 10 using scaling factor 0.811352, for component index 6
LOG (nnet-shuffle-egs:main():nnet-shuffle-egs.cc:102) Shuffled order of 6750 neural-network training examples using a buffer (partial randomization)
LOG (nnet-train-parallel:DoBackpropParallel():nnet-update-parallel.cc:194) Did backprop on 6750 examples, average log-prob per frame is -1.78684
LOG (nnet-train-parallel:DoBackpropParallel():nnet-update-parallel.cc:196) [this line is to be parsed by a script:] log-prob-per-frame=-1.78684
LOG (nnet-train-parallel:main():nnet-train-parallel.cc:102) Finished training, processed 6750 training examples (weighted).  Wrote model to exp/nnet4a/11.16.mdl
# Accounting: time=7 threads=1
# Ended (code 0) at Tue Aug  2 16:47:36 BRT 2016, elapsed time 7 seconds
