# nnet-shuffle-egs --buffer-size=5000 --srand=7 ark:exp/nnet4a/egs/egs.10.3.ark ark:- | nnet-train-parallel --num-threads=16 --minibatch-size=128 --srand=7 exp/nnet4a/7.mdl ark:- exp/nnet4a/8.10.mdl 
# Started at Wed Jun 22 14:51:35 BRT 2016
#
nnet-shuffle-egs --buffer-size=5000 --srand=7 ark:exp/nnet4a/egs/egs.10.3.ark ark:- 
nnet-train-parallel --num-threads=16 --minibatch-size=128 --srand=7 exp/nnet4a/7.mdl ark:- exp/nnet4a/8.10.mdl 
LOG (nnet-train-parallel:GetScalingFactor():nnet-component.cc:1588) Limiting step size to 10 using scaling factor 0.881782, for component index 6
LOG (nnet-train-parallel:GetScalingFactor():nnet-component.cc:1588) Limiting step size to 10 using scaling factor 0.841047, for component index 6
LOG (nnet-train-parallel:GetScalingFactor():nnet-component.cc:1588) Limiting step size to 10 using scaling factor 0.839509, for component index 6
LOG (nnet-train-parallel:GetScalingFactor():nnet-component.cc:1588) Limiting step size to 10 using scaling factor 0.828972, for component index 6
LOG (nnet-train-parallel:GetScalingFactor():nnet-component.cc:1588) Limiting step size to 10 using scaling factor 0.865748, for component index 6
LOG (nnet-train-parallel:GetScalingFactor():nnet-component.cc:1588) Limiting step size to 10 using scaling factor 0.790244, for component index 6
LOG (nnet-train-parallel:GetScalingFactor():nnet-component.cc:1588) Limiting step size to 10 using scaling factor 0.872645, for component index 6
LOG (nnet-train-parallel:GetScalingFactor():nnet-component.cc:1588) Limiting step size to 10 using scaling factor 0.834396, for component index 6
LOG (nnet-train-parallel:GetScalingFactor():nnet-component.cc:1588) Limiting step size to 10 using scaling factor 0.774932, for component index 6
LOG (nnet-train-parallel:GetScalingFactor():nnet-component.cc:1588) Limiting step size to 10 using scaling factor 0.87374, for component index 6
LOG (nnet-shuffle-egs:main():nnet-shuffle-egs.cc:102) Shuffled order of 7836 neural-network training examples using a buffer (partial randomization)
LOG (nnet-train-parallel:DoBackpropParallel():nnet-update-parallel.cc:194) Did backprop on 7836 examples, average log-prob per frame is -1.8186
LOG (nnet-train-parallel:DoBackpropParallel():nnet-update-parallel.cc:196) [this line is to be parsed by a script:] log-prob-per-frame=-1.8186
LOG (nnet-train-parallel:main():nnet-train-parallel.cc:102) Finished training, processed 7836 training examples (weighted).  Wrote model to exp/nnet4a/8.10.mdl
# Accounting: time=6 threads=1
# Ended (code 0) at Wed Jun 22 14:51:41 BRT 2016, elapsed time 6 seconds
