# nnet-shuffle-egs --buffer-size=5000 --srand=4 ark:exp/nnet4a/egs/egs.1.0.ark ark:- | nnet-train-parallel --num-threads=16 --minibatch-size=128 --srand=4 exp/nnet4a/4.mdl ark:- exp/nnet4a/5.1.mdl 
# Started at Wed Jun 22 14:50:06 BRT 2016
#
nnet-train-parallel --num-threads=16 --minibatch-size=128 --srand=4 exp/nnet4a/4.mdl ark:- exp/nnet4a/5.1.mdl 
nnet-shuffle-egs --buffer-size=5000 --srand=4 ark:exp/nnet4a/egs/egs.1.0.ark ark:- 
LOG (nnet-train-parallel:GetScalingFactor():nnet-component.cc:1588) Limiting step size to 10 using scaling factor 0.753739, for component index 6
LOG (nnet-train-parallel:GetScalingFactor():nnet-component.cc:1588) Limiting step size to 10 using scaling factor 0.771974, for component index 6
LOG (nnet-train-parallel:GetScalingFactor():nnet-component.cc:1588) Limiting step size to 10 using scaling factor 0.773583, for component index 6
LOG (nnet-train-parallel:GetScalingFactor():nnet-component.cc:1588) Limiting step size to 10 using scaling factor 0.809992, for component index 6
LOG (nnet-train-parallel:GetScalingFactor():nnet-component.cc:1588) Limiting step size to 10 using scaling factor 0.797072, for component index 6
LOG (nnet-train-parallel:GetScalingFactor():nnet-component.cc:1588) Limiting step size to 10 using scaling factor 0.805471, for component index 6
LOG (nnet-train-parallel:GetScalingFactor():nnet-component.cc:1588) Limiting step size to 10 using scaling factor 0.738566, for component index 6
LOG (nnet-train-parallel:GetScalingFactor():nnet-component.cc:1588) Limiting step size to 10 using scaling factor 0.762465, for component index 6
LOG (nnet-train-parallel:GetScalingFactor():nnet-component.cc:1588) Limiting step size to 10 using scaling factor 0.784348, for component index 6
LOG (nnet-train-parallel:GetScalingFactor():nnet-component.cc:1588) Limiting step size to 10 using scaling factor 0.786957, for component index 6
LOG (nnet-shuffle-egs:main():nnet-shuffle-egs.cc:102) Shuffled order of 7840 neural-network training examples using a buffer (partial randomization)
LOG (nnet-train-parallel:DoBackpropParallel():nnet-update-parallel.cc:194) Did backprop on 7840 examples, average log-prob per frame is -2.38443
LOG (nnet-train-parallel:DoBackpropParallel():nnet-update-parallel.cc:196) [this line is to be parsed by a script:] log-prob-per-frame=-2.38443
LOG (nnet-train-parallel:main():nnet-train-parallel.cc:102) Finished training, processed 7840 training examples (weighted).  Wrote model to exp/nnet4a/5.1.mdl
# Accounting: time=6 threads=1
# Ended (code 0) at Wed Jun 22 14:50:12 BRT 2016, elapsed time 6 seconds
