# nnet-shuffle-egs --buffer-size=5000 --srand=6 ark:exp/nnet4a/egs/egs.7.6.ark ark:- | nnet-train-parallel --num-threads=16 --minibatch-size=128 --srand=6 exp/nnet4a/6.mdl ark:- exp/nnet4a/7.7.mdl 
# Started at Tue Aug  2 16:46:17 BRT 2016
#
nnet-train-parallel --num-threads=16 --minibatch-size=128 --srand=6 exp/nnet4a/6.mdl ark:- exp/nnet4a/7.7.mdl 
nnet-shuffle-egs --buffer-size=5000 --srand=6 ark:exp/nnet4a/egs/egs.7.6.ark ark:- 
LOG (nnet-train-parallel:GetScalingFactor():nnet-component.cc:1588) Limiting step size to 10 using scaling factor 0.782926, for component index 6
LOG (nnet-train-parallel:GetScalingFactor():nnet-component.cc:1588) Limiting step size to 10 using scaling factor 0.741199, for component index 6
LOG (nnet-train-parallel:GetScalingFactor():nnet-component.cc:1588) Limiting step size to 10 using scaling factor 0.746251, for component index 6
LOG (nnet-train-parallel:GetScalingFactor():nnet-component.cc:1588) Limiting step size to 10 using scaling factor 0.770339, for component index 6
LOG (nnet-train-parallel:GetScalingFactor():nnet-component.cc:1588) Limiting step size to 10 using scaling factor 0.761488, for component index 6
LOG (nnet-train-parallel:GetScalingFactor():nnet-component.cc:1588) Limiting step size to 10 using scaling factor 0.771465, for component index 6
LOG (nnet-train-parallel:GetScalingFactor():nnet-component.cc:1588) Limiting step size to 10 using scaling factor 0.820604, for component index 6
LOG (nnet-train-parallel:GetScalingFactor():nnet-component.cc:1588) Limiting step size to 10 using scaling factor 0.760931, for component index 6
LOG (nnet-train-parallel:GetScalingFactor():nnet-component.cc:1588) Limiting step size to 10 using scaling factor 0.726578, for component index 6
LOG (nnet-train-parallel:GetScalingFactor():nnet-component.cc:1588) Limiting step size to 10 using scaling factor 0.721242, for component index 6
LOG (nnet-shuffle-egs:main():nnet-shuffle-egs.cc:102) Shuffled order of 6751 neural-network training examples using a buffer (partial randomization)
LOG (nnet-train-parallel:DoBackpropParallel():nnet-update-parallel.cc:194) Did backprop on 6751 examples, average log-prob per frame is -2.2251
LOG (nnet-train-parallel:DoBackpropParallel():nnet-update-parallel.cc:196) [this line is to be parsed by a script:] log-prob-per-frame=-2.2251
LOG (nnet-train-parallel:main():nnet-train-parallel.cc:102) Finished training, processed 6751 training examples (weighted).  Wrote model to exp/nnet4a/7.7.mdl
# Accounting: time=7 threads=1
# Ended (code 0) at Tue Aug  2 16:46:25 BRT 2016, elapsed time 7 seconds
