# nnet-shuffle-egs --buffer-size=5000 --srand=14 ark:exp/nnet4a/egs/egs.7.0.ark ark:- | nnet-train-parallel --num-threads=16 --minibatch-size=128 --srand=14 exp/nnet4a/14.mdl ark:- exp/nnet4a/15.7.mdl 
# Started at Tue Aug  2 16:48:27 BRT 2016
#
nnet-shuffle-egs --buffer-size=5000 --srand=14 ark:exp/nnet4a/egs/egs.7.0.ark ark:- 
nnet-train-parallel --num-threads=16 --minibatch-size=128 --srand=14 exp/nnet4a/14.mdl ark:- exp/nnet4a/15.7.mdl 
LOG (nnet-train-parallel:GetScalingFactor():nnet-component.cc:1588) Limiting step size to 10 using scaling factor 0.95988, for component index 6
LOG (nnet-train-parallel:GetScalingFactor():nnet-component.cc:1588) Limiting step size to 10 using scaling factor 0.899053, for component index 6
LOG (nnet-train-parallel:GetScalingFactor():nnet-component.cc:1588) Limiting step size to 10 using scaling factor 0.894483, for component index 6
LOG (nnet-train-parallel:GetScalingFactor():nnet-component.cc:1588) Limiting step size to 10 using scaling factor 0.90084, for component index 6
LOG (nnet-train-parallel:GetScalingFactor():nnet-component.cc:1588) Limiting step size to 10 using scaling factor 0.905309, for component index 6
LOG (nnet-train-parallel:GetScalingFactor():nnet-component.cc:1588) Limiting step size to 10 using scaling factor 0.963983, for component index 6
LOG (nnet-train-parallel:GetScalingFactor():nnet-component.cc:1588) Limiting step size to 10 using scaling factor 0.844843, for component index 6
LOG (nnet-train-parallel:GetScalingFactor():nnet-component.cc:1588) Limiting step size to 10 using scaling factor 0.964053, for component index 6
LOG (nnet-train-parallel:GetScalingFactor():nnet-component.cc:1588) Limiting step size to 10 using scaling factor 0.984135, for component index 2
LOG (nnet-train-parallel:GetScalingFactor():nnet-component.cc:1588) Limiting step size to 10 using scaling factor 0.91775, for component index 2
LOG (nnet-shuffle-egs:main():nnet-shuffle-egs.cc:102) Shuffled order of 6752 neural-network training examples using a buffer (partial randomization)
LOG (nnet-train-parallel:DoBackpropParallel():nnet-update-parallel.cc:194) Did backprop on 6752 examples, average log-prob per frame is -1.6493
LOG (nnet-train-parallel:DoBackpropParallel():nnet-update-parallel.cc:196) [this line is to be parsed by a script:] log-prob-per-frame=-1.6493
LOG (nnet-train-parallel:main():nnet-train-parallel.cc:102) Finished training, processed 6752 training examples (weighted).  Wrote model to exp/nnet4a/15.7.mdl
# Accounting: time=7 threads=1
# Ended (code 0) at Tue Aug  2 16:48:35 BRT 2016, elapsed time 7 seconds
