# nnet-shuffle-egs --buffer-size=5000 --srand=0 ark:exp/nnet4a/egs/egs.4.0.ark ark:- | nnet-train-parallel --num-threads=16 --minibatch-size=128 --srand=0 exp/nnet4a/0.mdl ark:- exp/nnet4a/1.4.mdl 
# Started at Tue Aug  2 16:44:21 BRT 2016
#
nnet-shuffle-egs --buffer-size=5000 --srand=0 ark:exp/nnet4a/egs/egs.4.0.ark ark:- 
nnet-train-parallel --num-threads=16 --minibatch-size=128 --srand=0 exp/nnet4a/0.mdl ark:- exp/nnet4a/1.4.mdl 
LOG (nnet-train-parallel:GetScalingFactor():nnet-component.cc:1588) Limiting step size to 10 using scaling factor 0.474675, for component index 4
LOG (nnet-train-parallel:GetScalingFactor():nnet-component.cc:1588) Limiting step size to 10 using scaling factor 0.494043, for component index 4
LOG (nnet-train-parallel:GetScalingFactor():nnet-component.cc:1588) Limiting step size to 10 using scaling factor 0.483848, for component index 4
LOG (nnet-train-parallel:GetScalingFactor():nnet-component.cc:1588) Limiting step size to 10 using scaling factor 0.500234, for component index 4
LOG (nnet-train-parallel:GetScalingFactor():nnet-component.cc:1588) Limiting step size to 10 using scaling factor 0.478835, for component index 4
LOG (nnet-train-parallel:GetScalingFactor():nnet-component.cc:1588) Limiting step size to 10 using scaling factor 0.492082, for component index 4
LOG (nnet-train-parallel:GetScalingFactor():nnet-component.cc:1588) Limiting step size to 10 using scaling factor 0.484884, for component index 4
LOG (nnet-train-parallel:GetScalingFactor():nnet-component.cc:1588) Limiting step size to 10 using scaling factor 0.486849, for component index 4
LOG (nnet-train-parallel:GetScalingFactor():nnet-component.cc:1588) Limiting step size to 10 using scaling factor 0.486219, for component index 4
LOG (nnet-train-parallel:GetScalingFactor():nnet-component.cc:1588) Limiting step size to 10 using scaling factor 0.490346, for component index 4
LOG (nnet-shuffle-egs:main():nnet-shuffle-egs.cc:102) Shuffled order of 6752 neural-network training examples using a buffer (partial randomization)
LOG (nnet-train-parallel:DoBackpropParallel():nnet-update-parallel.cc:194) Did backprop on 6752 examples, average log-prob per frame is -6.82819
LOG (nnet-train-parallel:DoBackpropParallel():nnet-update-parallel.cc:196) [this line is to be parsed by a script:] log-prob-per-frame=-6.82819
LOG (nnet-train-parallel:main():nnet-train-parallel.cc:102) Finished training, processed 6752 training examples (weighted).  Wrote model to exp/nnet4a/1.4.mdl
# Accounting: time=16 threads=1
# Ended (code 0) at Tue Aug  2 16:44:38 BRT 2016, elapsed time 16 seconds
