# nnet-shuffle-egs --buffer-size=5000 --srand=6 ark:exp/nnet4a/egs/egs.11.2.ark ark:- | nnet-train-parallel --num-threads=16 --minibatch-size=128 --srand=6 exp/nnet4a/6.mdl ark:- exp/nnet4a/7.11.mdl 
# Started at Wed Jun 22 14:51:10 BRT 2016
#
nnet-shuffle-egs --buffer-size=5000 --srand=6 ark:exp/nnet4a/egs/egs.11.2.ark ark:- 
nnet-train-parallel --num-threads=16 --minibatch-size=128 --srand=6 exp/nnet4a/6.mdl ark:- exp/nnet4a/7.11.mdl 
LOG (nnet-train-parallel:GetScalingFactor():nnet-component.cc:1588) Limiting step size to 10 using scaling factor 0.866514, for component index 6
LOG (nnet-train-parallel:GetScalingFactor():nnet-component.cc:1588) Limiting step size to 10 using scaling factor 0.89926, for component index 6
LOG (nnet-train-parallel:GetScalingFactor():nnet-component.cc:1588) Limiting step size to 10 using scaling factor 0.800437, for component index 6
LOG (nnet-train-parallel:GetScalingFactor():nnet-component.cc:1588) Limiting step size to 10 using scaling factor 0.816268, for component index 6
LOG (nnet-train-parallel:GetScalingFactor():nnet-component.cc:1588) Limiting step size to 10 using scaling factor 0.830657, for component index 6
LOG (nnet-train-parallel:GetScalingFactor():nnet-component.cc:1588) Limiting step size to 10 using scaling factor 0.807157, for component index 6
LOG (nnet-train-parallel:GetScalingFactor():nnet-component.cc:1588) Limiting step size to 10 using scaling factor 0.873294, for component index 6
LOG (nnet-train-parallel:GetScalingFactor():nnet-component.cc:1588) Limiting step size to 10 using scaling factor 0.816684, for component index 6
LOG (nnet-train-parallel:GetScalingFactor():nnet-component.cc:1588) Limiting step size to 10 using scaling factor 0.887494, for component index 6
LOG (nnet-train-parallel:GetScalingFactor():nnet-component.cc:1588) Limiting step size to 10 using scaling factor 0.767901, for component index 6
LOG (nnet-shuffle-egs:main():nnet-shuffle-egs.cc:102) Shuffled order of 7836 neural-network training examples using a buffer (partial randomization)
LOG (nnet-train-parallel:DoBackpropParallel():nnet-update-parallel.cc:194) Did backprop on 7836 examples, average log-prob per frame is -1.8704
LOG (nnet-train-parallel:DoBackpropParallel():nnet-update-parallel.cc:196) [this line is to be parsed by a script:] log-prob-per-frame=-1.8704
LOG (nnet-train-parallel:main():nnet-train-parallel.cc:102) Finished training, processed 7836 training examples (weighted).  Wrote model to exp/nnet4a/7.11.mdl
# Accounting: time=5 threads=1
# Ended (code 0) at Wed Jun 22 14:51:16 BRT 2016, elapsed time 5 seconds
