# nnet-shuffle-egs --buffer-size=5000 --srand=25 ark:exp/nnet4a/egs/egs.2.4.ark ark:- | nnet-train-parallel --num-threads=16 --minibatch-size=128 --srand=25 exp/nnet4a/25.mdl ark:- exp/nnet4a/26.2.mdl 
# Started at Tue Aug  2 16:51:28 BRT 2016
#
nnet-shuffle-egs --buffer-size=5000 --srand=25 ark:exp/nnet4a/egs/egs.2.4.ark ark:- 
nnet-train-parallel --num-threads=16 --minibatch-size=128 --srand=25 exp/nnet4a/25.mdl ark:- exp/nnet4a/26.2.mdl 
LOG (nnet-train-parallel:GetScalingFactor():nnet-component.cc:1588) Limiting step size to 10 using scaling factor 0.970949, for component index 6
LOG (nnet-train-parallel:GetScalingFactor():nnet-component.cc:1588) Limiting step size to 10 using scaling factor 0.925242, for component index 6
LOG (nnet-train-parallel:GetScalingFactor():nnet-component.cc:1588) Limiting step size to 10 using scaling factor 0.970125, for component index 6
LOG (nnet-train-parallel:GetScalingFactor():nnet-component.cc:1588) Limiting step size to 10 using scaling factor 0.975797, for component index 6
LOG (nnet-train-parallel:GetScalingFactor():nnet-component.cc:1588) Limiting step size to 10 using scaling factor 0.995891, for component index 6
LOG (nnet-shuffle-egs:main():nnet-shuffle-egs.cc:102) Shuffled order of 6752 neural-network training examples using a buffer (partial randomization)
LOG (nnet-train-parallel:GetScalingFactor():nnet-component.cc:1588) Limiting step size to 10 using scaling factor 0.99682, for component index 6
LOG (nnet-train-parallel:GetScalingFactor():nnet-component.cc:1588) Limiting step size to 10 using scaling factor 0.963819, for component index 6
LOG (nnet-train-parallel:GetScalingFactor():nnet-component.cc:1588) Limiting step size to 10 using scaling factor 0.975362, for component index 6
LOG (nnet-train-parallel:GetScalingFactor():nnet-component.cc:1588) Limiting step size to 10 using scaling factor 0.97079, for component index 2
LOG (nnet-train-parallel:DoBackpropParallel():nnet-update-parallel.cc:194) Did backprop on 6752 examples, average log-prob per frame is -1.37441
LOG (nnet-train-parallel:DoBackpropParallel():nnet-update-parallel.cc:196) [this line is to be parsed by a script:] log-prob-per-frame=-1.37441
LOG (nnet-train-parallel:main():nnet-train-parallel.cc:102) Finished training, processed 6752 training examples (weighted).  Wrote model to exp/nnet4a/26.2.mdl
# Accounting: time=8 threads=1
# Ended (code 0) at Tue Aug  2 16:51:36 BRT 2016, elapsed time 8 seconds
