# nnet-shuffle-egs --buffer-size=5000 --srand=21 ark:exp/nnet4a/egs/egs.2.0.ark ark:- | nnet-train-parallel --num-threads=16 --minibatch-size=128 --srand=21 exp/nnet4a/21.mdl ark:- exp/nnet4a/22.2.mdl 
# Started at Tue Aug  2 16:50:24 BRT 2016
#
nnet-train-parallel --num-threads=16 --minibatch-size=128 --srand=21 exp/nnet4a/21.mdl ark:- exp/nnet4a/22.2.mdl 
nnet-shuffle-egs --buffer-size=5000 --srand=21 ark:exp/nnet4a/egs/egs.2.0.ark ark:- 
LOG (nnet-train-parallel:GetScalingFactor():nnet-component.cc:1588) Limiting step size to 10 using scaling factor 0.960296, for component index 6
LOG (nnet-train-parallel:GetScalingFactor():nnet-component.cc:1588) Limiting step size to 10 using scaling factor 0.923345, for component index 6
LOG (nnet-train-parallel:GetScalingFactor():nnet-component.cc:1588) Limiting step size to 10 using scaling factor 0.995199, for component index 2
LOG (nnet-train-parallel:GetScalingFactor():nnet-component.cc:1588) Limiting step size to 10 using scaling factor 0.984101, for component index 6
LOG (nnet-train-parallel:GetScalingFactor():nnet-component.cc:1588) Limiting step size to 10 using scaling factor 0.973873, for component index 6
LOG (nnet-train-parallel:GetScalingFactor():nnet-component.cc:1588) Limiting step size to 10 using scaling factor 0.946389, for component index 6
LOG (nnet-train-parallel:GetScalingFactor():nnet-component.cc:1588) Limiting step size to 10 using scaling factor 0.939432, for component index 6
LOG (nnet-train-parallel:GetScalingFactor():nnet-component.cc:1588) Limiting step size to 10 using scaling factor 0.877748, for component index 6
LOG (nnet-shuffle-egs:main():nnet-shuffle-egs.cc:102) Shuffled order of 6753 neural-network training examples using a buffer (partial randomization)
LOG (nnet-train-parallel:GetScalingFactor():nnet-component.cc:1588) Limiting step size to 10 using scaling factor 0.918169, for component index 2
LOG (nnet-train-parallel:GetScalingFactor():nnet-component.cc:1588) Limiting step size to 10 using scaling factor 0.996062, for component index 6
LOG (nnet-train-parallel:DoBackpropParallel():nnet-update-parallel.cc:194) Did backprop on 6753 examples, average log-prob per frame is -1.38469
LOG (nnet-train-parallel:DoBackpropParallel():nnet-update-parallel.cc:196) [this line is to be parsed by a script:] log-prob-per-frame=-1.38469
LOG (nnet-train-parallel:main():nnet-train-parallel.cc:102) Finished training, processed 6753 training examples (weighted).  Wrote model to exp/nnet4a/22.2.mdl
# Accounting: time=7 threads=1
# Ended (code 0) at Tue Aug  2 16:50:31 BRT 2016, elapsed time 7 seconds
