# nnet-shuffle-egs --buffer-size=5000 --srand=22 ark:exp/nnet4a/egs/egs.12.1.ark ark:- | nnet-train-parallel --num-threads=16 --minibatch-size=128 --srand=22 exp/nnet4a/22.mdl ark:- exp/nnet4a/23.12.mdl 
# Started at Tue Aug  2 16:50:48 BRT 2016
#
nnet-train-parallel --num-threads=16 --minibatch-size=128 --srand=22 exp/nnet4a/22.mdl ark:- exp/nnet4a/23.12.mdl 
nnet-shuffle-egs --buffer-size=5000 --srand=22 ark:exp/nnet4a/egs/egs.12.1.ark ark:- 
LOG (nnet-train-parallel:GetScalingFactor():nnet-component.cc:1588) Limiting step size to 10 using scaling factor 0.977287, for component index 6
LOG (nnet-train-parallel:GetScalingFactor():nnet-component.cc:1588) Limiting step size to 10 using scaling factor 0.995894, for component index 6
LOG (nnet-train-parallel:GetScalingFactor():nnet-component.cc:1588) Limiting step size to 10 using scaling factor 0.999618, for component index 6
LOG (nnet-train-parallel:GetScalingFactor():nnet-component.cc:1588) Limiting step size to 10 using scaling factor 0.929684, for component index 6
LOG (nnet-train-parallel:GetScalingFactor():nnet-component.cc:1588) Limiting step size to 10 using scaling factor 0.905738, for component index 6
LOG (nnet-train-parallel:GetScalingFactor():nnet-component.cc:1588) Limiting step size to 10 using scaling factor 0.946759, for component index 6
LOG (nnet-train-parallel:GetScalingFactor():nnet-component.cc:1588) Limiting step size to 10 using scaling factor 0.998286, for component index 6
LOG (nnet-train-parallel:GetScalingFactor():nnet-component.cc:1588) Limiting step size to 10 using scaling factor 0.873063, for component index 6
LOG (nnet-train-parallel:GetScalingFactor():nnet-component.cc:1588) Limiting step size to 10 using scaling factor 0.968631, for component index 6
LOG (nnet-train-parallel:GetScalingFactor():nnet-component.cc:1588) Limiting step size to 10 using scaling factor 0.960749, for component index 2
LOG (nnet-shuffle-egs:main():nnet-shuffle-egs.cc:102) Shuffled order of 6751 neural-network training examples using a buffer (partial randomization)
LOG (nnet-train-parallel:DoBackpropParallel():nnet-update-parallel.cc:194) Did backprop on 6751 examples, average log-prob per frame is -1.49348
LOG (nnet-train-parallel:DoBackpropParallel():nnet-update-parallel.cc:196) [this line is to be parsed by a script:] log-prob-per-frame=-1.49348
LOG (nnet-train-parallel:main():nnet-train-parallel.cc:102) Finished training, processed 6751 training examples (weighted).  Wrote model to exp/nnet4a/23.12.mdl
# Accounting: time=8 threads=1
# Ended (code 0) at Tue Aug  2 16:50:56 BRT 2016, elapsed time 8 seconds
