# nnet-shuffle-egs --buffer-size=5000 --srand=5 ark:exp/nnet4a/egs/egs.9.1.ark ark:- | nnet-train-parallel --num-threads=16 --minibatch-size=128 --srand=5 exp/nnet4a/5.mdl ark:- exp/nnet4a/6.9.mdl 
# Started at Wed Jun 22 14:50:42 BRT 2016
#
nnet-shuffle-egs --buffer-size=5000 --srand=5 ark:exp/nnet4a/egs/egs.9.1.ark ark:- 
nnet-train-parallel --num-threads=16 --minibatch-size=128 --srand=5 exp/nnet4a/5.mdl ark:- exp/nnet4a/6.9.mdl 
LOG (nnet-train-parallel:GetScalingFactor():nnet-component.cc:1588) Limiting step size to 10 using scaling factor 0.821758, for component index 6
LOG (nnet-train-parallel:GetScalingFactor():nnet-component.cc:1588) Limiting step size to 10 using scaling factor 0.754238, for component index 6
LOG (nnet-train-parallel:GetScalingFactor():nnet-component.cc:1588) Limiting step size to 10 using scaling factor 0.815408, for component index 6
LOG (nnet-train-parallel:GetScalingFactor():nnet-component.cc:1588) Limiting step size to 10 using scaling factor 0.826073, for component index 6
LOG (nnet-train-parallel:GetScalingFactor():nnet-component.cc:1588) Limiting step size to 10 using scaling factor 0.777232, for component index 6
LOG (nnet-train-parallel:GetScalingFactor():nnet-component.cc:1588) Limiting step size to 10 using scaling factor 0.785304, for component index 6
LOG (nnet-train-parallel:GetScalingFactor():nnet-component.cc:1588) Limiting step size to 10 using scaling factor 0.789567, for component index 6
LOG (nnet-train-parallel:GetScalingFactor():nnet-component.cc:1588) Limiting step size to 10 using scaling factor 0.846413, for component index 6
LOG (nnet-train-parallel:GetScalingFactor():nnet-component.cc:1588) Limiting step size to 10 using scaling factor 0.833248, for component index 6
LOG (nnet-train-parallel:GetScalingFactor():nnet-component.cc:1588) Limiting step size to 10 using scaling factor 0.783649, for component index 6
LOG (nnet-shuffle-egs:main():nnet-shuffle-egs.cc:102) Shuffled order of 7837 neural-network training examples using a buffer (partial randomization)
LOG (nnet-train-parallel:DoBackpropParallel():nnet-update-parallel.cc:194) Did backprop on 7837 examples, average log-prob per frame is -2.13623
LOG (nnet-train-parallel:DoBackpropParallel():nnet-update-parallel.cc:196) [this line is to be parsed by a script:] log-prob-per-frame=-2.13623
LOG (nnet-train-parallel:main():nnet-train-parallel.cc:102) Finished training, processed 7837 training examples (weighted).  Wrote model to exp/nnet4a/6.9.mdl
# Accounting: time=6 threads=1
# Ended (code 0) at Wed Jun 22 14:50:48 BRT 2016, elapsed time 6 seconds
