# nnet-shuffle-egs --buffer-size=5000 --srand=15 ark:exp/nnet4a/egs/egs.6.1.ark ark:- | nnet-train-parallel --num-threads=16 --minibatch-size=128 --srand=15 exp/nnet4a/15.mdl ark:- exp/nnet4a/16.6.mdl 
# Started at Tue Aug  2 16:48:43 BRT 2016
#
nnet-shuffle-egs --buffer-size=5000 --srand=15 ark:exp/nnet4a/egs/egs.6.1.ark ark:- 
nnet-train-parallel --num-threads=16 --minibatch-size=128 --srand=15 exp/nnet4a/15.mdl ark:- exp/nnet4a/16.6.mdl 
LOG (nnet-train-parallel:GetScalingFactor():nnet-component.cc:1588) Limiting step size to 10 using scaling factor 0.858135, for component index 6
LOG (nnet-train-parallel:GetScalingFactor():nnet-component.cc:1588) Limiting step size to 10 using scaling factor 0.883423, for component index 6
LOG (nnet-train-parallel:GetScalingFactor():nnet-component.cc:1588) Limiting step size to 10 using scaling factor 0.875503, for component index 6
LOG (nnet-train-parallel:GetScalingFactor():nnet-component.cc:1588) Limiting step size to 10 using scaling factor 0.967888, for component index 6
LOG (nnet-train-parallel:GetScalingFactor():nnet-component.cc:1588) Limiting step size to 10 using scaling factor 0.842056, for component index 6
LOG (nnet-train-parallel:GetScalingFactor():nnet-component.cc:1588) Limiting step size to 10 using scaling factor 0.89698, for component index 6
LOG (nnet-train-parallel:GetScalingFactor():nnet-component.cc:1588) Limiting step size to 10 using scaling factor 0.950954, for component index 6
LOG (nnet-train-parallel:GetScalingFactor():nnet-component.cc:1588) Limiting step size to 10 using scaling factor 0.852927, for component index 6
LOG (nnet-train-parallel:GetScalingFactor():nnet-component.cc:1588) Limiting step size to 10 using scaling factor 0.909469, for component index 6
LOG (nnet-train-parallel:GetScalingFactor():nnet-component.cc:1588) Limiting step size to 10 using scaling factor 0.986461, for component index 6
LOG (nnet-shuffle-egs:main():nnet-shuffle-egs.cc:102) Shuffled order of 6751 neural-network training examples using a buffer (partial randomization)
LOG (nnet-train-parallel:DoBackpropParallel():nnet-update-parallel.cc:194) Did backprop on 6751 examples, average log-prob per frame is -1.62432
LOG (nnet-train-parallel:DoBackpropParallel():nnet-update-parallel.cc:196) [this line is to be parsed by a script:] log-prob-per-frame=-1.62432
LOG (nnet-train-parallel:main():nnet-train-parallel.cc:102) Finished training, processed 6751 training examples (weighted).  Wrote model to exp/nnet4a/16.6.mdl
# Accounting: time=8 threads=1
# Ended (code 0) at Tue Aug  2 16:48:51 BRT 2016, elapsed time 8 seconds
