# nnet-shuffle-egs --buffer-size=5000 --srand=20 ark:exp/nnet4a/egs/egs.9.6.ark ark:- | nnet-train-parallel --num-threads=16 --minibatch-size=128 --srand=20 exp/nnet4a/20.mdl ark:- exp/nnet4a/21.9.mdl 
# Started at Tue Aug  2 16:50:14 BRT 2016
#
nnet-train-parallel --num-threads=16 --minibatch-size=128 --srand=20 exp/nnet4a/20.mdl ark:- exp/nnet4a/21.9.mdl 
nnet-shuffle-egs --buffer-size=5000 --srand=20 ark:exp/nnet4a/egs/egs.9.6.ark ark:- 
LOG (nnet-train-parallel:GetScalingFactor():nnet-component.cc:1588) Limiting step size to 10 using scaling factor 0.980781, for component index 6
LOG (nnet-train-parallel:GetScalingFactor():nnet-component.cc:1588) Limiting step size to 10 using scaling factor 0.948633, for component index 6
LOG (nnet-train-parallel:GetScalingFactor():nnet-component.cc:1588) Limiting step size to 10 using scaling factor 0.980339, for component index 6
LOG (nnet-train-parallel:GetScalingFactor():nnet-component.cc:1588) Limiting step size to 10 using scaling factor 0.963979, for component index 6
LOG (nnet-train-parallel:GetScalingFactor():nnet-component.cc:1588) Limiting step size to 10 using scaling factor 0.968964, for component index 6
LOG (nnet-train-parallel:GetScalingFactor():nnet-component.cc:1588) Limiting step size to 10 using scaling factor 0.916564, for component index 6
LOG (nnet-train-parallel:GetScalingFactor():nnet-component.cc:1588) Limiting step size to 10 using scaling factor 0.974709, for component index 6
LOG (nnet-train-parallel:GetScalingFactor():nnet-component.cc:1588) Limiting step size to 10 using scaling factor 0.958266, for component index 6
LOG (nnet-train-parallel:GetScalingFactor():nnet-component.cc:1588) Limiting step size to 10 using scaling factor 0.878706, for component index 6
LOG (nnet-train-parallel:GetScalingFactor():nnet-component.cc:1588) Limiting step size to 10 using scaling factor 0.985566, for component index 6
LOG (nnet-shuffle-egs:main():nnet-shuffle-egs.cc:102) Shuffled order of 6750 neural-network training examples using a buffer (partial randomization)
LOG (nnet-train-parallel:DoBackpropParallel():nnet-update-parallel.cc:194) Did backprop on 6750 examples, average log-prob per frame is -1.43233
LOG (nnet-train-parallel:DoBackpropParallel():nnet-update-parallel.cc:196) [this line is to be parsed by a script:] log-prob-per-frame=-1.43233
LOG (nnet-train-parallel:main():nnet-train-parallel.cc:102) Finished training, processed 6750 training examples (weighted).  Wrote model to exp/nnet4a/21.9.mdl
# Accounting: time=7 threads=1
# Ended (code 0) at Tue Aug  2 16:50:21 BRT 2016, elapsed time 7 seconds
