# nnet-shuffle-egs --buffer-size=5000 --srand=19 ark:exp/nnet4a/egs/egs.6.5.ark ark:- | nnet-train-parallel --num-threads=16 --minibatch-size=128 --srand=19 exp/nnet4a/19.mdl ark:- exp/nnet4a/20.6.mdl 
# Started at Tue Aug  2 16:49:50 BRT 2016
#
nnet-shuffle-egs --buffer-size=5000 --srand=19 ark:exp/nnet4a/egs/egs.6.5.ark ark:- 
nnet-train-parallel --num-threads=16 --minibatch-size=128 --srand=19 exp/nnet4a/19.mdl ark:- exp/nnet4a/20.6.mdl 
LOG (nnet-train-parallel:GetScalingFactor():nnet-component.cc:1588) Limiting step size to 10 using scaling factor 0.922727, for component index 6
LOG (nnet-train-parallel:GetScalingFactor():nnet-component.cc:1588) Limiting step size to 10 using scaling factor 0.980101, for component index 6
LOG (nnet-train-parallel:GetScalingFactor():nnet-component.cc:1588) Limiting step size to 10 using scaling factor 0.970962, for component index 6
LOG (nnet-train-parallel:GetScalingFactor():nnet-component.cc:1588) Limiting step size to 10 using scaling factor 0.974216, for component index 6
LOG (nnet-train-parallel:GetScalingFactor():nnet-component.cc:1588) Limiting step size to 10 using scaling factor 0.991265, for component index 6
LOG (nnet-train-parallel:GetScalingFactor():nnet-component.cc:1588) Limiting step size to 10 using scaling factor 0.999497, for component index 6
LOG (nnet-train-parallel:GetScalingFactor():nnet-component.cc:1588) Limiting step size to 10 using scaling factor 0.968656, for component index 6
LOG (nnet-train-parallel:GetScalingFactor():nnet-component.cc:1588) Limiting step size to 10 using scaling factor 0.951061, for component index 6
LOG (nnet-train-parallel:GetScalingFactor():nnet-component.cc:1588) Limiting step size to 10 using scaling factor 0.966647, for component index 6
LOG (nnet-train-parallel:GetScalingFactor():nnet-component.cc:1588) Limiting step size to 10 using scaling factor 0.899342, for component index 6
LOG (nnet-shuffle-egs:main():nnet-shuffle-egs.cc:102) Shuffled order of 6751 neural-network training examples using a buffer (partial randomization)
LOG (nnet-train-parallel:DoBackpropParallel():nnet-update-parallel.cc:194) Did backprop on 6751 examples, average log-prob per frame is -1.48558
LOG (nnet-train-parallel:DoBackpropParallel():nnet-update-parallel.cc:196) [this line is to be parsed by a script:] log-prob-per-frame=-1.48558
LOG (nnet-train-parallel:main():nnet-train-parallel.cc:102) Finished training, processed 6751 training examples (weighted).  Wrote model to exp/nnet4a/20.6.mdl
# Accounting: time=8 threads=1
# Ended (code 0) at Tue Aug  2 16:49:58 BRT 2016, elapsed time 8 seconds
