# nnet-shuffle-egs --buffer-size=5000 --srand=3 ark:exp/nnet4a/egs/egs.6.0.ark ark:- | nnet-train-parallel --num-threads=16 --minibatch-size=128 --srand=3 exp/nnet4a/3.mdl ark:- exp/nnet4a/4.6.mdl 
# Started at Fri Jun 17 15:16:22 BRT 2016
#
nnet-shuffle-egs --buffer-size=5000 --srand=3 ark:exp/nnet4a/egs/egs.6.0.ark ark:- 
nnet-train-parallel --num-threads=16 --minibatch-size=128 --srand=3 exp/nnet4a/3.mdl ark:- exp/nnet4a/4.6.mdl 
LOG (nnet-train-parallel:GetScalingFactor():nnet-component.cc:1588) Limiting step size to 10 using scaling factor 0.942599, for component index 6
LOG (nnet-train-parallel:GetScalingFactor():nnet-component.cc:1588) Limiting step size to 10 using scaling factor 0.909604, for component index 6
LOG (nnet-train-parallel:GetScalingFactor():nnet-component.cc:1588) Limiting step size to 10 using scaling factor 0.95633, for component index 6
LOG (nnet-train-parallel:GetScalingFactor():nnet-component.cc:1588) Limiting step size to 10 using scaling factor 0.910117, for component index 6
LOG (nnet-train-parallel:GetScalingFactor():nnet-component.cc:1588) Limiting step size to 10 using scaling factor 0.92596, for component index 6
LOG (nnet-train-parallel:GetScalingFactor():nnet-component.cc:1588) Limiting step size to 10 using scaling factor 0.936961, for component index 6
LOG (nnet-train-parallel:GetScalingFactor():nnet-component.cc:1588) Limiting step size to 10 using scaling factor 0.932233, for component index 6
LOG (nnet-train-parallel:GetScalingFactor():nnet-component.cc:1588) Limiting step size to 10 using scaling factor 0.889587, for component index 6
LOG (nnet-train-parallel:GetScalingFactor():nnet-component.cc:1588) Limiting step size to 10 using scaling factor 0.885021, for component index 6
LOG (nnet-train-parallel:GetScalingFactor():nnet-component.cc:1588) Limiting step size to 10 using scaling factor 0.944794, for component index 6
LOG (nnet-shuffle-egs:main():nnet-shuffle-egs.cc:102) Shuffled order of 22029 neural-network training examples using a buffer (partial randomization)
LOG (nnet-train-parallel:DoBackpropParallel():nnet-update-parallel.cc:194) Did backprop on 22029 examples, average log-prob per frame is -1.89272
LOG (nnet-train-parallel:DoBackpropParallel():nnet-update-parallel.cc:196) [this line is to be parsed by a script:] log-prob-per-frame=-1.89272
LOG (nnet-train-parallel:main():nnet-train-parallel.cc:102) Finished training, processed 22029 training examples (weighted).  Wrote model to exp/nnet4a/4.6.mdl
# Accounting: time=18 threads=1
# Ended (code 0) at Fri Jun 17 15:16:41 BRT 2016, elapsed time 18 seconds
