# nnet-shuffle-egs --buffer-size=5000 --srand=17 ark:exp/nnet4a/egs/egs.12.3.ark ark:- | nnet-train-parallel --num-threads=16 --minibatch-size=128 --srand=17 exp/nnet4a/17.mdl ark:- exp/nnet4a/18.12.mdl 
# Started at Tue Aug  2 16:49:25 BRT 2016
#
nnet-shuffle-egs --buffer-size=5000 --srand=17 ark:exp/nnet4a/egs/egs.12.3.ark ark:- 
nnet-train-parallel --num-threads=16 --minibatch-size=128 --srand=17 exp/nnet4a/17.mdl ark:- exp/nnet4a/18.12.mdl 
LOG (nnet-train-parallel:GetScalingFactor():nnet-component.cc:1588) Limiting step size to 10 using scaling factor 0.903799, for component index 6
LOG (nnet-train-parallel:GetScalingFactor():nnet-component.cc:1588) Limiting step size to 10 using scaling factor 0.976326, for component index 6
LOG (nnet-train-parallel:GetScalingFactor():nnet-component.cc:1588) Limiting step size to 10 using scaling factor 0.967098, for component index 6
LOG (nnet-train-parallel:GetScalingFactor():nnet-component.cc:1588) Limiting step size to 10 using scaling factor 0.989926, for component index 6
LOG (nnet-train-parallel:GetScalingFactor():nnet-component.cc:1588) Limiting step size to 10 using scaling factor 0.912116, for component index 6
LOG (nnet-train-parallel:GetScalingFactor():nnet-component.cc:1588) Limiting step size to 10 using scaling factor 0.898626, for component index 6
LOG (nnet-train-parallel:GetScalingFactor():nnet-component.cc:1588) Limiting step size to 10 using scaling factor 0.977765, for component index 6
LOG (nnet-train-parallel:GetScalingFactor():nnet-component.cc:1588) Limiting step size to 10 using scaling factor 0.97704, for component index 6
LOG (nnet-train-parallel:GetScalingFactor():nnet-component.cc:1588) Limiting step size to 10 using scaling factor 0.95384, for component index 6
LOG (nnet-train-parallel:GetScalingFactor():nnet-component.cc:1588) Limiting step size to 10 using scaling factor 0.918488, for component index 6
LOG (nnet-shuffle-egs:main():nnet-shuffle-egs.cc:102) Shuffled order of 6750 neural-network training examples using a buffer (partial randomization)
LOG (nnet-train-parallel:DoBackpropParallel():nnet-update-parallel.cc:194) Did backprop on 6750 examples, average log-prob per frame is -1.50244
LOG (nnet-train-parallel:DoBackpropParallel():nnet-update-parallel.cc:196) [this line is to be parsed by a script:] log-prob-per-frame=-1.50244
LOG (nnet-train-parallel:main():nnet-train-parallel.cc:102) Finished training, processed 6750 training examples (weighted).  Wrote model to exp/nnet4a/18.12.mdl
# Accounting: time=6 threads=1
# Ended (code 0) at Tue Aug  2 16:49:32 BRT 2016, elapsed time 6 seconds
