# nnet-shuffle-egs --buffer-size=5000 --srand=10 ark:exp/nnet4a/egs/egs.15.2.ark ark:- | nnet-train-parallel --num-threads=16 --minibatch-size=128 --srand=10 exp/nnet4a/10.mdl ark:- exp/nnet4a/11.15.mdl 
# Started at Wed Jun 22 14:52:54 BRT 2016
#
nnet-shuffle-egs --buffer-size=5000 --srand=10 ark:exp/nnet4a/egs/egs.15.2.ark ark:- 
nnet-train-parallel --num-threads=16 --minibatch-size=128 --srand=10 exp/nnet4a/10.mdl ark:- exp/nnet4a/11.15.mdl 
LOG (nnet-train-parallel:GetScalingFactor():nnet-component.cc:1588) Limiting step size to 10 using scaling factor 0.992066, for component index 6
LOG (nnet-train-parallel:GetScalingFactor():nnet-component.cc:1588) Limiting step size to 10 using scaling factor 0.939678, for component index 6
LOG (nnet-train-parallel:GetScalingFactor():nnet-component.cc:1588) Limiting step size to 10 using scaling factor 0.938522, for component index 6
LOG (nnet-train-parallel:GetScalingFactor():nnet-component.cc:1588) Limiting step size to 10 using scaling factor 0.962925, for component index 6
LOG (nnet-train-parallel:GetScalingFactor():nnet-component.cc:1588) Limiting step size to 10 using scaling factor 0.879721, for component index 6
LOG (nnet-train-parallel:GetScalingFactor():nnet-component.cc:1588) Limiting step size to 10 using scaling factor 0.93935, for component index 6
LOG (nnet-train-parallel:GetScalingFactor():nnet-component.cc:1588) Limiting step size to 10 using scaling factor 0.917184, for component index 6
LOG (nnet-train-parallel:GetScalingFactor():nnet-component.cc:1588) Limiting step size to 10 using scaling factor 0.890933, for component index 6
LOG (nnet-train-parallel:GetScalingFactor():nnet-component.cc:1588) Limiting step size to 10 using scaling factor 0.912196, for component index 6
LOG (nnet-train-parallel:GetScalingFactor():nnet-component.cc:1588) Limiting step size to 10 using scaling factor 0.914596, for component index 6
LOG (nnet-shuffle-egs:main():nnet-shuffle-egs.cc:102) Shuffled order of 7836 neural-network training examples using a buffer (partial randomization)
LOG (nnet-train-parallel:DoBackpropParallel():nnet-update-parallel.cc:194) Did backprop on 7836 examples, average log-prob per frame is -1.56716
LOG (nnet-train-parallel:DoBackpropParallel():nnet-update-parallel.cc:196) [this line is to be parsed by a script:] log-prob-per-frame=-1.56716
LOG (nnet-train-parallel:main():nnet-train-parallel.cc:102) Finished training, processed 7836 training examples (weighted).  Wrote model to exp/nnet4a/11.15.mdl
# Accounting: time=6 threads=1
# Ended (code 0) at Wed Jun 22 14:53:00 BRT 2016, elapsed time 6 seconds
