# nnet-shuffle-egs --buffer-size=5000 --srand=3 ark:exp/nnet4a/egs/egs.8.0.ark ark:- | nnet-train-parallel --num-threads=16 --minibatch-size=128 --srand=3 exp/nnet4a/3.mdl ark:- exp/nnet4a/4.8.mdl 
# Started at Fri Jun 17 15:16:22 BRT 2016
#
nnet-train-parallel --num-threads=16 --minibatch-size=128 --srand=3 exp/nnet4a/3.mdl ark:- exp/nnet4a/4.8.mdl 
nnet-shuffle-egs --buffer-size=5000 --srand=3 ark:exp/nnet4a/egs/egs.8.0.ark ark:- 
LOG (nnet-train-parallel:GetScalingFactor():nnet-component.cc:1588) Limiting step size to 10 using scaling factor 0.870441, for component index 6
LOG (nnet-train-parallel:GetScalingFactor():nnet-component.cc:1588) Limiting step size to 10 using scaling factor 0.989397, for component index 6
LOG (nnet-train-parallel:GetScalingFactor():nnet-component.cc:1588) Limiting step size to 10 using scaling factor 0.87376, for component index 6
LOG (nnet-train-parallel:GetScalingFactor():nnet-component.cc:1588) Limiting step size to 10 using scaling factor 0.936628, for component index 6
LOG (nnet-train-parallel:GetScalingFactor():nnet-component.cc:1588) Limiting step size to 10 using scaling factor 0.920186, for component index 6
LOG (nnet-train-parallel:GetScalingFactor():nnet-component.cc:1588) Limiting step size to 10 using scaling factor 0.925054, for component index 6
LOG (nnet-train-parallel:GetScalingFactor():nnet-component.cc:1588) Limiting step size to 10 using scaling factor 0.932923, for component index 6
LOG (nnet-train-parallel:GetScalingFactor():nnet-component.cc:1588) Limiting step size to 10 using scaling factor 0.929494, for component index 6
LOG (nnet-train-parallel:GetScalingFactor():nnet-component.cc:1588) Limiting step size to 10 using scaling factor 0.961873, for component index 6
LOG (nnet-train-parallel:GetScalingFactor():nnet-component.cc:1588) Limiting step size to 10 using scaling factor 0.898472, for component index 6
LOG (nnet-shuffle-egs:main():nnet-shuffle-egs.cc:102) Shuffled order of 22029 neural-network training examples using a buffer (partial randomization)
LOG (nnet-train-parallel:DoBackpropParallel():nnet-update-parallel.cc:194) Did backprop on 22029 examples, average log-prob per frame is -1.89282
LOG (nnet-train-parallel:DoBackpropParallel():nnet-update-parallel.cc:196) [this line is to be parsed by a script:] log-prob-per-frame=-1.89282
LOG (nnet-train-parallel:main():nnet-train-parallel.cc:102) Finished training, processed 22029 training examples (weighted).  Wrote model to exp/nnet4a/4.8.mdl
# Accounting: time=19 threads=1
# Ended (code 0) at Fri Jun 17 15:16:42 BRT 2016, elapsed time 19 seconds
