# nnet-shuffle-egs --buffer-size=5000 --srand=7 ark:exp/nnet4a/egs/egs.8.0.ark ark:- | nnet-train-parallel --num-threads=16 --minibatch-size=128 --srand=7 exp/nnet4a/7.mdl ark:- exp/nnet4a/8.8.mdl 
# Started at Tue Aug  2 16:46:33 BRT 2016
#
nnet-shuffle-egs --buffer-size=5000 --srand=7 ark:exp/nnet4a/egs/egs.8.0.ark ark:- 
nnet-train-parallel --num-threads=16 --minibatch-size=128 --srand=7 exp/nnet4a/7.mdl ark:- exp/nnet4a/8.8.mdl 
LOG (nnet-train-parallel:GetScalingFactor():nnet-component.cc:1588) Limiting step size to 10 using scaling factor 0.833648, for component index 6
LOG (nnet-train-parallel:GetScalingFactor():nnet-component.cc:1588) Limiting step size to 10 using scaling factor 0.773078, for component index 6
LOG (nnet-train-parallel:GetScalingFactor():nnet-component.cc:1588) Limiting step size to 10 using scaling factor 0.780677, for component index 6
LOG (nnet-train-parallel:GetScalingFactor():nnet-component.cc:1588) Limiting step size to 10 using scaling factor 0.827821, for component index 6
LOG (nnet-train-parallel:GetScalingFactor():nnet-component.cc:1588) Limiting step size to 10 using scaling factor 0.827996, for component index 6
LOG (nnet-train-parallel:GetScalingFactor():nnet-component.cc:1588) Limiting step size to 10 using scaling factor 0.774614, for component index 6
LOG (nnet-train-parallel:GetScalingFactor():nnet-component.cc:1588) Limiting step size to 10 using scaling factor 0.782969, for component index 6
LOG (nnet-train-parallel:GetScalingFactor():nnet-component.cc:1588) Limiting step size to 10 using scaling factor 0.761184, for component index 6
LOG (nnet-train-parallel:GetScalingFactor():nnet-component.cc:1588) Limiting step size to 10 using scaling factor 0.793619, for component index 6
LOG (nnet-train-parallel:GetScalingFactor():nnet-component.cc:1588) Limiting step size to 10 using scaling factor 0.699276, for component index 6
LOG (nnet-shuffle-egs:main():nnet-shuffle-egs.cc:102) Shuffled order of 6751 neural-network training examples using a buffer (partial randomization)
LOG (nnet-train-parallel:DoBackpropParallel():nnet-update-parallel.cc:194) Did backprop on 6751 examples, average log-prob per frame is -2.00715
LOG (nnet-train-parallel:DoBackpropParallel():nnet-update-parallel.cc:196) [this line is to be parsed by a script:] log-prob-per-frame=-2.00715
LOG (nnet-train-parallel:main():nnet-train-parallel.cc:102) Finished training, processed 6751 training examples (weighted).  Wrote model to exp/nnet4a/8.8.mdl
# Accounting: time=7 threads=1
# Ended (code 0) at Tue Aug  2 16:46:41 BRT 2016, elapsed time 7 seconds
