# nnet-shuffle-egs --buffer-size=5000 --srand=1 ark:exp/nnet4a/egs/egs.3.1.ark ark:- | nnet-train-parallel --num-threads=16 --minibatch-size=128 --srand=1 "nnet-init --srand=1 exp/nnet4a/hidden.config - | nnet-insert exp/nnet4a/1.mdl - - |" ark:- exp/nnet4a/2.3.mdl 
# Started at Tue Aug  2 16:44:50 BRT 2016
#
nnet-shuffle-egs --buffer-size=5000 --srand=1 ark:exp/nnet4a/egs/egs.3.1.ark ark:- 
nnet-train-parallel --num-threads=16 --minibatch-size=128 --srand=1 'nnet-init --srand=1 exp/nnet4a/hidden.config - | nnet-insert exp/nnet4a/1.mdl - - |' ark:- exp/nnet4a/2.3.mdl 
nnet-init --srand=1 exp/nnet4a/hidden.config - 
nnet-insert exp/nnet4a/1.mdl - - 
LOG (nnet-init:main():nnet-init.cc:69) Initialized raw neural net and wrote it to -
LOG (nnet-insert:main():nnet-insert.cc:106) Inserted 2 components at position 4
LOG (nnet-insert:main():nnet-insert.cc:122) Randomized component index 6 with stddev 0.00516398
LOG (nnet-insert:main():nnet-insert.cc:132) Write neural-net acoustic model to -
LOG (nnet-train-parallel:GetScalingFactor():nnet-component.cc:1588) Limiting step size to 10 using scaling factor 0.836688, for component index 6
LOG (nnet-train-parallel:GetScalingFactor():nnet-component.cc:1588) Limiting step size to 10 using scaling factor 0.835902, for component index 6
LOG (nnet-train-parallel:GetScalingFactor():nnet-component.cc:1588) Limiting step size to 10 using scaling factor 0.876657, for component index 6
LOG (nnet-train-parallel:GetScalingFactor():nnet-component.cc:1588) Limiting step size to 10 using scaling factor 0.875096, for component index 6
LOG (nnet-train-parallel:GetScalingFactor():nnet-component.cc:1588) Limiting step size to 10 using scaling factor 0.850917, for component index 6
LOG (nnet-train-parallel:GetScalingFactor():nnet-component.cc:1588) Limiting step size to 10 using scaling factor 0.831769, for component index 6
LOG (nnet-train-parallel:GetScalingFactor():nnet-component.cc:1588) Limiting step size to 10 using scaling factor 0.842268, for component index 6
LOG (nnet-train-parallel:GetScalingFactor():nnet-component.cc:1588) Limiting step size to 10 using scaling factor 0.855756, for component index 6
LOG (nnet-train-parallel:GetScalingFactor():nnet-component.cc:1588) Limiting step size to 10 using scaling factor 0.849875, for component index 6
LOG (nnet-train-parallel:GetScalingFactor():nnet-component.cc:1588) Limiting step size to 10 using scaling factor 0.85441, for component index 6
LOG (nnet-shuffle-egs:main():nnet-shuffle-egs.cc:102) Shuffled order of 6752 neural-network training examples using a buffer (partial randomization)
LOG (nnet-train-parallel:DoBackpropParallel():nnet-update-parallel.cc:194) Did backprop on 6752 examples, average log-prob per frame is -6.59068
LOG (nnet-train-parallel:DoBackpropParallel():nnet-update-parallel.cc:196) [this line is to be parsed by a script:] log-prob-per-frame=-6.59068
LOG (nnet-train-parallel:main():nnet-train-parallel.cc:102) Finished training, processed 6752 training examples (weighted).  Wrote model to exp/nnet4a/2.3.mdl
# Accounting: time=11 threads=1
# Ended (code 0) at Tue Aug  2 16:45:02 BRT 2016, elapsed time 11 seconds
