# nnet-shuffle-egs --buffer-size=5000 --srand=12 ark:exp/nnet4a/egs/egs.14.0.ark ark:- | nnet-train-parallel --num-threads=16 --minibatch-size=128 --srand=12 exp/nnet4a/12.mdl ark:- exp/nnet4a/13.14.mdl 
# Started at Wed Jun 22 14:53:47 BRT 2016
#
nnet-shuffle-egs --buffer-size=5000 --srand=12 ark:exp/nnet4a/egs/egs.14.0.ark ark:- 
nnet-train-parallel --num-threads=16 --minibatch-size=128 --srand=12 exp/nnet4a/12.mdl ark:- exp/nnet4a/13.14.mdl 
LOG (nnet-train-parallel:GetScalingFactor():nnet-component.cc:1588) Limiting step size to 10 using scaling factor 0.992001, for component index 6
LOG (nnet-train-parallel:GetScalingFactor():nnet-component.cc:1588) Limiting step size to 10 using scaling factor 0.898157, for component index 6
LOG (nnet-train-parallel:GetScalingFactor():nnet-component.cc:1588) Limiting step size to 10 using scaling factor 0.9629, for component index 6
LOG (nnet-train-parallel:GetScalingFactor():nnet-component.cc:1588) Limiting step size to 10 using scaling factor 0.929, for component index 6
LOG (nnet-train-parallel:GetScalingFactor():nnet-component.cc:1588) Limiting step size to 10 using scaling factor 0.961996, for component index 6
LOG (nnet-train-parallel:GetScalingFactor():nnet-component.cc:1588) Limiting step size to 10 using scaling factor 0.982262, for component index 6
LOG (nnet-train-parallel:GetScalingFactor():nnet-component.cc:1588) Limiting step size to 10 using scaling factor 0.965799, for component index 6
LOG (nnet-train-parallel:GetScalingFactor():nnet-component.cc:1588) Limiting step size to 10 using scaling factor 0.900029, for component index 6
LOG (nnet-train-parallel:GetScalingFactor():nnet-component.cc:1588) Limiting step size to 10 using scaling factor 0.915489, for component index 6
LOG (nnet-train-parallel:GetScalingFactor():nnet-component.cc:1588) Limiting step size to 10 using scaling factor 0.871995, for component index 6
LOG (nnet-shuffle-egs:main():nnet-shuffle-egs.cc:102) Shuffled order of 7837 neural-network training examples using a buffer (partial randomization)
LOG (nnet-train-parallel:DoBackpropParallel():nnet-update-parallel.cc:194) Did backprop on 7837 examples, average log-prob per frame is -1.31148
LOG (nnet-train-parallel:DoBackpropParallel():nnet-update-parallel.cc:196) [this line is to be parsed by a script:] log-prob-per-frame=-1.31148
LOG (nnet-train-parallel:main():nnet-train-parallel.cc:102) Finished training, processed 7837 training examples (weighted).  Wrote model to exp/nnet4a/13.14.mdl
# Accounting: time=5 threads=1
# Ended (code 0) at Wed Jun 22 14:53:52 BRT 2016, elapsed time 5 seconds
