# nnet-shuffle-egs --buffer-size=5000 --srand=1 ark:exp/nnet4a/egs/egs.13.1.ark ark:- | nnet-train-parallel --num-threads=16 --minibatch-size=128 --srand=1 "nnet-init --srand=1 exp/nnet4a/hidden.config - | nnet-insert exp/nnet4a/1.mdl - - |" ark:- exp/nnet4a/2.13.mdl 
# Started at Wed Jun 22 14:49:10 BRT 2016
#
nnet-train-parallel --num-threads=16 --minibatch-size=128 --srand=1 'nnet-init --srand=1 exp/nnet4a/hidden.config - | nnet-insert exp/nnet4a/1.mdl - - |' ark:- exp/nnet4a/2.13.mdl 
nnet-shuffle-egs --buffer-size=5000 --srand=1 ark:exp/nnet4a/egs/egs.13.1.ark ark:- 
nnet-insert exp/nnet4a/1.mdl - - 
nnet-init --srand=1 exp/nnet4a/hidden.config - 
LOG (nnet-init:main():nnet-init.cc:69) Initialized raw neural net and wrote it to -
LOG (nnet-insert:main():nnet-insert.cc:106) Inserted 2 components at position 4
LOG (nnet-insert:main():nnet-insert.cc:122) Randomized component index 6 with stddev 0.00516398
LOG (nnet-insert:main():nnet-insert.cc:132) Write neural-net acoustic model to -
LOG (nnet-train-parallel:GetScalingFactor():nnet-component.cc:1588) Limiting step size to 10 using scaling factor 0.904864, for component index 6
LOG (nnet-train-parallel:GetScalingFactor():nnet-component.cc:1588) Limiting step size to 10 using scaling factor 0.901357, for component index 6
LOG (nnet-train-parallel:GetScalingFactor():nnet-component.cc:1588) Limiting step size to 10 using scaling factor 0.878214, for component index 6
LOG (nnet-train-parallel:GetScalingFactor():nnet-component.cc:1588) Limiting step size to 10 using scaling factor 0.890696, for component index 6
LOG (nnet-train-parallel:GetScalingFactor():nnet-component.cc:1588) Limiting step size to 10 using scaling factor 0.907209, for component index 6
LOG (nnet-train-parallel:GetScalingFactor():nnet-component.cc:1588) Limiting step size to 10 using scaling factor 0.882, for component index 6
LOG (nnet-train-parallel:GetScalingFactor():nnet-component.cc:1588) Limiting step size to 10 using scaling factor 0.925701, for component index 6
LOG (nnet-train-parallel:GetScalingFactor():nnet-component.cc:1588) Limiting step size to 10 using scaling factor 0.899563, for component index 6
LOG (nnet-train-parallel:GetScalingFactor():nnet-component.cc:1588) Limiting step size to 10 using scaling factor 0.905163, for component index 6
LOG (nnet-train-parallel:GetScalingFactor():nnet-component.cc:1588) Limiting step size to 10 using scaling factor 0.914562, for component index 6
LOG (nnet-shuffle-egs:main():nnet-shuffle-egs.cc:102) Shuffled order of 7836 neural-network training examples using a buffer (partial randomization)
LOG (nnet-train-parallel:DoBackpropParallel():nnet-update-parallel.cc:194) Did backprop on 7836 examples, average log-prob per frame is -6.28941
LOG (nnet-train-parallel:DoBackpropParallel():nnet-update-parallel.cc:196) [this line is to be parsed by a script:] log-prob-per-frame=-6.28941
LOG (nnet-train-parallel:main():nnet-train-parallel.cc:102) Finished training, processed 7836 training examples (weighted).  Wrote model to exp/nnet4a/2.13.mdl
# Accounting: time=5 threads=1
# Ended (code 0) at Wed Jun 22 14:49:15 BRT 2016, elapsed time 5 seconds
