# gmm-init-model --write-occs=exp/tri1/1.occs exp/tri1/tree exp/tri1/treeacc data/lang/topo exp/tri1/1.mdl 
# Started at Fri Jun 10 15:11:01 BRT 2016
#
gmm-init-model --write-occs=exp/tri1/1.occs exp/tri1/tree exp/tri1/treeacc data/lang/topo exp/tri1/1.mdl 
LOG (gmm-init-model:main():gmm-init-model.cc:271) Number of separate statistics is 5240
WARNING (gmm-init-model:InitAmGmm():gmm-init-model.cc:55) Tree has pdf-id 1 with no stats; corresponding phone list: 6 7 8 9 10 
WARNING (gmm-init-model:InitAmGmm():gmm-init-model.cc:83) Very small count for state 6: 45; corresponding phone list: 27 28 29 30 
WARNING (gmm-init-model:InitAmGmm():gmm-init-model.cc:83) Very small count for state 10: 45; corresponding phone list: 43 44 45 46 
WARNING (gmm-init-model:InitAmGmm():gmm-init-model.cc:83) Very small count for state 13: 34; corresponding phone list: 55 56 57 58 
WARNING (gmm-init-model:InitAmGmm():gmm-init-model.cc:83) Very small count for state 14: 14; corresponding phone list: 59 60 61 62 
WARNING (gmm-init-model:InitAmGmm():gmm-init-model.cc:83) Very small count for state 18: 54; corresponding phone list: 75 76 77 78 
WARNING (gmm-init-model:InitAmGmm():gmm-init-model.cc:83) Very small count for state 21: 65; corresponding phone list: 87 88 89 90 
WARNING (gmm-init-model:InitAmGmm():gmm-init-model.cc:83) Very small count for state 22: 94; corresponding phone list: 91 92 93 94 
WARNING (gmm-init-model:InitAmGmm():gmm-init-model.cc:83) Very small count for state 29: 16; corresponding phone list: 119 120 121 122 
WARNING (gmm-init-model:InitAmGmm():gmm-init-model.cc:83) Very small count for state 30: 44; corresponding phone list: 123 124 125 126 
WARNING (gmm-init-model:InitAmGmm():gmm-init-model.cc:83) Very small count for state 42: 59; corresponding phone list: 171 172 173 174 
WARNING (gmm-init-model:InitAmGmm():gmm-init-model.cc:83) Very small count for state 43: 98; corresponding phone list: 175 176 177 178 
WARNING (gmm-init-model:InitAmGmm():gmm-init-model.cc:83) Very small count for state 44: 82; corresponding phone list: 179 180 181 182 
WARNING (gmm-init-model:InitAmGmm():gmm-init-model.cc:83) Very small count for state 54: 83; corresponding phone list: 47 48 49 50 
WARNING (gmm-init-model:InitAmGmm():gmm-init-model.cc:83) Very small count for state 58: 74; corresponding phone list: 151 152 153 154 
WARNING (gmm-init-model:InitAmGmm():gmm-init-model.cc:83) Very small count for state 60: 86; corresponding phone list: 31 32 33 34 
WARNING (gmm-init-model:InitAmGmm():gmm-init-model.cc:83) Very small count for state 66: 85; corresponding phone list: 135 136 137 138 
WARNING (gmm-init-model:InitAmGmm():gmm-init-model.cc:83) Very small count for state 87: 86; corresponding phone list: 151 152 153 154 
WARNING (gmm-init-model:InitAmGmm():gmm-init-model.cc:83) Very small count for state 93: 82; corresponding phone list: 31 32 33 34 
WARNING (gmm-init-model:InitAmGmm():gmm-init-model.cc:83) Very small count for state 98: 84; corresponding phone list: 115 116 117 118 
WARNING (gmm-init-model:InitAmGmm():gmm-init-model.cc:83) Very small count for state 101: 80; corresponding phone list: 183 184 185 186 
WARNING (gmm-init-model:InitAmGmm():gmm-init-model.cc:83) Very small count for state 102: 88; corresponding phone list: 51 52 53 54 
WARNING (gmm-init-model:InitAmGmm():gmm-init-model.cc:83) Very small count for state 106: 89; corresponding phone list: 91 92 93 94 
WARNING (gmm-init-model:InitAmGmm():gmm-init-model.cc:83) Very small count for state 108: 64; corresponding phone list: 63 64 65 66 
WARNING (gmm-init-model:InitAmGmm():gmm-init-model.cc:83) Very small count for state 116: 58; corresponding phone list: 111 112 113 114 
WARNING (gmm-init-model:InitAmGmm():gmm-init-model.cc:83) Very small count for state 130: 64; corresponding phone list: 151 152 153 154 
WARNING (gmm-init-model:InitAmGmm():gmm-init-model.cc:83) Very small count for state 134: 35; corresponding phone list: 179 180 181 182 
WARNING (gmm-init-model:InitAmGmm():gmm-init-model.cc:83) Very small count for state 146: 88; corresponding phone list: 139 140 141 142 
WARNING (gmm-init-model:InitAmGmm():gmm-init-model.cc:83) Very small count for state 148: 40; corresponding phone list: 39 40 41 42 
WARNING (gmm-init-model:InitAmGmm():gmm-init-model.cc:83) Very small count for state 151: 78; corresponding phone list: 15 16 17 18 
WARNING (gmm-init-model:InitAmGmm():gmm-init-model.cc:83) Very small count for state 171: 99; corresponding phone list: 171 172 173 174 
WARNING (gmm-init-model:InitAmGmm():gmm-init-model.cc:83) Very small count for state 175: 39; corresponding phone list: 135 136 137 138 
WARNING (gmm-init-model:InitAmGmm():gmm-init-model.cc:83) Very small count for state 185: 85; corresponding phone list: 155 157 158 
WARNING (gmm-init-model:InitAmGmm():gmm-init-model.cc:83) Very small count for state 189: 42; corresponding phone list: 139 140 141 142 
WARNING (gmm-init-model:InitAmGmm():gmm-init-model.cc:83) Very small count for state 191: 55; corresponding phone list: 71 72 73 74 
WARNING (gmm-init-model:InitAmGmm():gmm-init-model.cc:83) Very small count for state 198: 71; corresponding phone list: 131 132 133 134 
WARNING (gmm-init-model:InitAmGmm():gmm-init-model.cc:83) Very small count for state 203: 38; corresponding phone list: 143 144 145 146 
WARNING (gmm-init-model:InitAmGmm():gmm-init-model.cc:83) Very small count for state 246: 52; corresponding phone list: 47 48 49 50 
WARNING (gmm-init-model:InitAmGmm():gmm-init-model.cc:83) Very small count for state 247: 63; corresponding phone list: 143 144 145 146 
WARNING (gmm-init-model:InitAmGmm():gmm-init-model.cc:83) Very small count for state 248: 58; corresponding phone list: 51 52 53 54 
WARNING (gmm-init-model:InitAmGmm():gmm-init-model.cc:83) Very small count for state 256: 67; corresponding phone list: 71 72 73 74 
WARNING (gmm-init-model:InitAmGmm():gmm-init-model.cc:83) Very small count for state 259: 66; corresponding phone list: 49 
WARNING (gmm-init-model:InitAmGmm():gmm-init-model.cc:83) Very small count for state 266: 50; corresponding phone list: 147 148 149 150 
WARNING (gmm-init-model:InitAmGmm():gmm-init-model.cc:83) Very small count for state 267: 94; corresponding phone list: 147 148 149 150 
WARNING (gmm-init-model:InitAmGmm():gmm-init-model.cc:83) Very small count for state 269: 97; corresponding phone list: 111 112 113 114 
WARNING (gmm-init-model:InitAmGmm():gmm-init-model.cc:83) Very small count for state 273: 89; corresponding phone list: 12 
WARNING (gmm-init-model:InitAmGmm():gmm-init-model.cc:83) Very small count for state 274: 49; corresponding phone list: 179 180 181 182 
WARNING (gmm-init-model:InitAmGmm():gmm-init-model.cc:83) Very small count for state 275: 96; corresponding phone list: 111 112 113 114 
WARNING (gmm-init-model:InitAmGmm():gmm-init-model.cc:83) Very small count for state 278: 94; corresponding phone list: 143 144 145 146 
WARNING (gmm-init-model:InitAmGmm():gmm-init-model.cc:83) Very small count for state 280: 64; corresponding phone list: 111 112 113 114 
WARNING (gmm-init-model:InitAmGmm():gmm-init-model.cc:83) Very small count for state 284: 56; corresponding phone list: 139 140 141 142 
WARNING (gmm-init-model:InitAmGmm():gmm-init-model.cc:83) Very small count for state 292: 92; corresponding phone list: 147 148 149 150 
WARNING (gmm-init-model:InitAmGmm():gmm-init-model.cc:83) Very small count for state 295: 47; corresponding phone list: 111 113 114 
WARNING (gmm-init-model:InitAmGmm():gmm-init-model.cc:83) Very small count for state 296: 93; corresponding phone list: 51 52 53 54 
WARNING (gmm-init-model:InitAmGmm():gmm-init-model.cc:83) Very small count for state 302: 74; corresponding phone list: 95 96 97 98 
WARNING (gmm-init-model:InitAmGmm():gmm-init-model.cc:83) Very small count for state 309: 86; corresponding phone list: 32 33 34 
WARNING (gmm-init-model:InitAmGmm():gmm-init-model.cc:83) Very small count for state 321: 88; corresponding phone list: 91 92 93 94 
WARNING (gmm-init-model:InitAmGmm():gmm-init-model.cc:83) Very small count for state 323: 86; corresponding phone list: 155 156 157 158 
WARNING (gmm-init-model:InitAmGmm():gmm-init-model.cc:83) Very small count for state 324: 79; corresponding phone list: 99 100 101 102 
WARNING (gmm-init-model:InitAmGmm():gmm-init-model.cc:83) Very small count for state 326: 77; corresponding phone list: 49 
WARNING (gmm-init-model:InitAmGmm():gmm-init-model.cc:83) Very small count for state 342: 67; corresponding phone list: 115 116 117 118 
WARNING (gmm-init-model:InitAmGmm():gmm-init-model.cc:83) Very small count for state 351: 76; corresponding phone list: 135 136 137 138 
WARNING (gmm-init-model:InitAmGmm():gmm-init-model.cc:83) Very small count for state 356: 96; corresponding phone list: 179 180 181 182 
WARNING (gmm-init-model:InitAmGmm():gmm-init-model.cc:83) Very small count for state 357: 45; corresponding phone list: 59 60 61 62 
WARNING (gmm-init-model:InitAmGmm():gmm-init-model.cc:83) Very small count for state 367: 92; corresponding phone list: 67 68 69 70 
WARNING (gmm-init-model:InitAmGmm():gmm-init-model.cc:83) Very small count for state 373: 66; corresponding phone list: 119 120 121 122 
WARNING (gmm-init-model:InitAmGmm():gmm-init-model.cc:83) Very small count for state 375: 85; corresponding phone list: 47 48 50 
WARNING (gmm-init-model:InitAmGmm():gmm-init-model.cc:83) Very small count for state 379: 99; corresponding phone list: 119 120 121 122 
WARNING (gmm-init-model:InitAmGmm():gmm-init-model.cc:83) Very small count for state 380: 99; corresponding phone list: 119 120 121 122 
WARNING (gmm-init-model:InitAmGmm():gmm-init-model.cc:83) Very small count for state 383: 75; corresponding phone list: 71 72 73 74 
WARNING (gmm-init-model:InitAmGmm():gmm-init-model.cc:83) Very small count for state 400: 93; corresponding phone list: 47 48 49 50 
WARNING (gmm-init-model:InitAmGmm():gmm-init-model.cc:83) Very small count for state 402: 71; corresponding phone list: 11 13 14 
WARNING (gmm-init-model:InitAmGmm():gmm-init-model.cc:83) Very small count for state 407: 70; corresponding phone list: 147 148 149 150 
WARNING (gmm-init-model:InitAmGmm():gmm-init-model.cc:83) Very small count for state 418: 49; corresponding phone list: 11 13 14 
WARNING (gmm-init-model:InitAmGmm():gmm-init-model.cc:83) Very small count for state 421: 65; corresponding phone list: 183 184 185 186 
WARNING (gmm-init-model:InitAmGmm():gmm-init-model.cc:83) Very small count for state 427: 40; corresponding phone list: 99 100 101 102 
WARNING (gmm-init-model:InitAmGmm():gmm-init-model.cc:83) Very small count for state 429: 58; corresponding phone list: 71 72 73 74 
WARNING (gmm-init-model:InitAmGmm():gmm-init-model.cc:83) Very small count for state 433: 76; corresponding phone list: 11 13 14 
WARNING (gmm-init-model:InitAmGmm():gmm-init-model.cc:83) Very small count for state 436: 51; corresponding phone list: 31 32 33 34 
WARNING (gmm-init-model:InitAmGmm():gmm-init-model.cc:83) Very small count for state 438: 61; corresponding phone list: 63 64 65 66 
WARNING (gmm-init-model:InitAmGmm():gmm-init-model.cc:83) Very small count for state 440: 65; corresponding phone list: 11 13 14 
WARNING (gmm-init-model:InitAmGmm():gmm-init-model.cc:83) Very small count for state 445: 55; corresponding phone list: 123 124 125 126 
WARNING (gmm-init-model:InitAmGmm():gmm-init-model.cc:83) Very small count for state 452: 92; corresponding phone list: 131 132 133 134 
WARNING (gmm-init-model:InitAmGmm():gmm-init-model.cc:83) Very small count for state 463: 74; corresponding phone list: 183 184 185 186 
WARNING (gmm-init-model:InitAmGmm():gmm-init-model.cc:83) Very small count for state 480: 88; corresponding phone list: 23 24 25 26 
WARNING (gmm-init-model:InitAmGmm():gmm-init-model.cc:83) Very small count for state 495: 83; corresponding phone list: 71 72 73 74 
WARNING (gmm-init-model:InitAmGmm():gmm-init-model.cc:83) Very small count for state 497: 71; corresponding phone list: 111 112 113 114 
WARNING (gmm-init-model:InitAmGmm():gmm-init-model.cc:83) Very small count for state 499: 59; corresponding phone list: 179 180 181 182 
WARNING (gmm-init-model:InitAmGmm():gmm-init-model.cc:83) Very small count for state 503: 25; corresponding phone list: 151 152 153 154 
WARNING (gmm-init-model:InitAmGmm():gmm-init-model.cc:83) Very small count for state 508: 51; corresponding phone list: 111 113 114 
WARNING (gmm-init-model:InitAmGmm():gmm-init-model.cc:83) Very small count for state 512: 54; corresponding phone list: 155 157 158 
WARNING (gmm-init-model:InitAmGmm():gmm-init-model.cc:83) Very small count for state 517: 81; corresponding phone list: 147 148 149 150 
WARNING (gmm-init-model:InitAmGmm():gmm-init-model.cc:83) Very small count for state 522: 28; corresponding phone list: 171 172 173 174 
WARNING (gmm-init-model:InitAmGmm():gmm-init-model.cc:83) Very small count for state 536: 31; corresponding phone list: 63 64 65 66 
WARNING (gmm-init-model:InitAmGmm():gmm-init-model.cc:83) Very small count for state 543: 94; corresponding phone list: 111 113 114 
WARNING (gmm-init-model:InitAmGmm():gmm-init-model.cc:83) Very small count for state 551: 68; corresponding phone list: 155 157 158 
WARNING (gmm-init-model:InitAmGmm():gmm-init-model.cc:83) Very small count for state 554: 76; corresponding phone list: 171 172 173 174 
WARNING (gmm-init-model:InitAmGmm():gmm-init-model.cc:83) Very small count for state 555: 54; corresponding phone list: 35 36 37 38 
WARNING (gmm-init-model:InitAmGmm():gmm-init-model.cc:83) Very small count for state 558: 64; corresponding phone list: 11 13 14 
WARNING (gmm-init-model:InitAmGmm():gmm-init-model.cc:83) Very small count for state 560: 41; corresponding phone list: 91 92 93 94 
WARNING (gmm-init-model:InitAmGmm():gmm-init-model.cc:83) Very small count for state 562: 47; corresponding phone list: 115 116 117 118 
WARNING (gmm-init-model:InitAmGmm():gmm-init-model.cc:83) Very small count for state 563: 97; corresponding phone list: 32 33 34 
WARNING (gmm-init-model:InitAmGmm():gmm-init-model.cc:83) Very small count for state 571: 81; corresponding phone list: 151 152 153 154 
WARNING (gmm-init-model:InitAmGmm():gmm-init-model.cc:83) Very small count for state 583: 67; corresponding phone list: 111 112 113 114 
WARNING (gmm-init-model:InitAmGmm():gmm-init-model.cc:83) Very small count for state 585: 64; corresponding phone list: 111 113 114 
WARNING (gmm-init-model:InitAmGmm():gmm-init-model.cc:83) Very small count for state 589: 77; corresponding phone list: 139 140 141 142 
WARNING (gmm-init-model:InitAmGmm():gmm-init-model.cc:83) Very small count for state 592: 44; corresponding phone list: 23 24 25 26 
WARNING (gmm-init-model:InitAmGmm():gmm-init-model.cc:83) Very small count for state 598: 74; corresponding phone list: 183 184 185 186 
WARNING (gmm-init-model:InitAmGmm():gmm-init-model.cc:83) Very small count for state 612: 81; corresponding phone list: 71 72 73 74 
WARNING (gmm-init-model:InitAmGmm():gmm-init-model.cc:83) Very small count for state 617: 68; corresponding phone list: 179 180 181 182 
WARNING (gmm-init-model:InitAmGmm():gmm-init-model.cc:83) Very small count for state 618: 89; corresponding phone list: 175 176 177 178 
WARNING (gmm-init-model:InitAmGmm():gmm-init-model.cc:83) Very small count for state 623: 87; corresponding phone list: 43 44 45 46 
WARNING (gmm-init-model:InitAmGmm():gmm-init-model.cc:83) Very small count for state 625: 66; corresponding phone list: 115 116 117 118 
WARNING (gmm-init-model:InitAmGmm():gmm-init-model.cc:83) Very small count for state 643: 39; corresponding phone list: 155 157 158 
WARNING (gmm-init-model:InitAmGmm():gmm-init-model.cc:83) Very small count for state 650: 77; corresponding phone list: 23 24 25 26 
WARNING (gmm-init-model:InitAmGmm():gmm-init-model.cc:83) Very small count for state 666: 27; corresponding phone list: 131 132 133 134 
WARNING (gmm-init-model:InitAmGmm():gmm-init-model.cc:83) Very small count for state 670: 70; corresponding phone list: 103 104 105 106 
WARNING (gmm-init-model:InitAmGmm():gmm-init-model.cc:83) Very small count for state 685: 32; corresponding phone list: 63 64 65 66 
WARNING (gmm-init-model:InitAmGmm():gmm-init-model.cc:83) Very small count for state 686: 76; corresponding phone list: 111 112 113 114 
WARNING (gmm-init-model:InitAmGmm():gmm-init-model.cc:83) Very small count for state 688: 92; corresponding phone list: 111 112 113 114 
WARNING (gmm-init-model:InitAmGmm():gmm-init-model.cc:83) Very small count for state 692: 83; corresponding phone list: 163 164 165 166 
WARNING (gmm-init-model:InitAmGmm():gmm-init-model.cc:83) Very small count for state 694: 68; corresponding phone list: 27 28 29 30 
WARNING (gmm-init-model:InitAmGmm():gmm-init-model.cc:83) Very small count for state 696: 86; corresponding phone list: 139 140 141 142 
WARNING (gmm-init-model:InitAmGmm():gmm-init-model.cc:83) Very small count for state 711: 78; corresponding phone list: 87 88 89 90 
WARNING (gmm-init-model:InitAmGmm():gmm-init-model.cc:83) Very small count for state 739: 83; corresponding phone list: 115 116 117 118 
WARNING (gmm-init-model:InitAmGmm():gmm-init-model.cc:83) Very small count for state 742: 33; corresponding phone list: 59 60 61 62 
WARNING (gmm-init-model:InitAmGmm():gmm-init-model.cc:83) Very small count for state 743: 37; corresponding phone list: 59 60 61 62 
WARNING (gmm-init-model:InitAmGmm():gmm-init-model.cc:83) Very small count for state 763: 48; corresponding phone list: 11 12 13 14 
WARNING (gmm-init-model:InitAmGmm():gmm-init-model.cc:83) Very small count for state 767: 88; corresponding phone list: 123 124 125 126 
WARNING (gmm-init-model:InitAmGmm():gmm-init-model.cc:83) Very small count for state 779: 41; corresponding phone list: 49 
WARNING (gmm-init-model:InitAmGmm():gmm-init-model.cc:83) Very small count for state 782: 74; corresponding phone list: 143 144 145 146 
WARNING (gmm-init-model:InitAmGmm():gmm-init-model.cc:83) Very small count for state 784: 49; corresponding phone list: 171 172 173 174 
WARNING (gmm-init-model:InitAmGmm():gmm-init-model.cc:83) Very small count for state 792: 77; corresponding phone list: 11 13 14 
WARNING (gmm-init-model:InitAmGmm():gmm-init-model.cc:83) Very small count for state 796: 95; corresponding phone list: 71 72 73 74 
WARNING (gmm-init-model:InitAmGmm():gmm-init-model.cc:83) Very small count for state 814: 50; corresponding phone list: 155 156 157 158 
WARNING (gmm-init-model:InitAmGmm():gmm-init-model.cc:83) Very small count for state 815: 97; corresponding phone list: 147 148 149 150 
WARNING (gmm-init-model:InitAmGmm():gmm-init-model.cc:83) Very small count for state 819: 37; corresponding phone list: 59 60 61 62 
WARNING (gmm-init-model:InitAmGmm():gmm-init-model.cc:83) Very small count for state 821: 78; corresponding phone list: 183 184 185 186 
WARNING (gmm-init-model:InitAmGmm():gmm-init-model.cc:83) Very small count for state 825: 95; corresponding phone list: 119 120 121 122 
WARNING (gmm-init-model:InitAmGmm():gmm-init-model.cc:83) Very small count for state 826: 85; corresponding phone list: 52 53 54 
WARNING (gmm-init-model:InitAmGmm():gmm-init-model.cc:83) Very small count for state 828: 27; corresponding phone list: 139 140 141 142 
WARNING (gmm-init-model:InitAmGmm():gmm-init-model.cc:83) Very small count for state 830: 34; corresponding phone list: 139 140 141 142 
WARNING (gmm-init-model:InitAmGmm():gmm-init-model.cc:83) Very small count for state 831: 66; corresponding phone list: 49 
WARNING (gmm-init-model:InitAmGmm():gmm-init-model.cc:83) Very small count for state 833: 99; corresponding phone list: 99 100 101 102 
WARNING (gmm-init-model:InitAmGmm():gmm-init-model.cc:83) Very small count for state 835: 50; corresponding phone list: 175 176 177 178 
WARNING (gmm-init-model:InitAmGmm():gmm-init-model.cc:83) Very small count for state 836: 55; corresponding phone list: 99 100 101 102 
WARNING (gmm-init-model:InitAmGmm():gmm-init-model.cc:83) Very small count for state 837: 80; corresponding phone list: 63 64 65 66 
WARNING (gmm-init-model:InitAmGmm():gmm-init-model.cc:83) Very small count for state 838: 57; corresponding phone list: 119 120 121 122 
WARNING (gmm-init-model:InitAmGmm():gmm-init-model.cc:83) Very small count for state 843: 67; corresponding phone list: 47 48 49 50 
WARNING (gmm-init-model:InitAmGmm():gmm-init-model.cc:83) Very small count for state 854: 19; corresponding phone list: 95 96 97 98 
WARNING (gmm-init-model:InitAmGmm():gmm-init-model.cc:83) Very small count for state 855: 93; corresponding phone list: 115 116 117 118 
WARNING (gmm-init-model:InitAmGmm():gmm-init-model.cc:83) Very small count for state 857: 67; corresponding phone list: 43 44 45 46 
WARNING (gmm-init-model:InitAmGmm():gmm-init-model.cc:83) Very small count for state 872: 34; corresponding phone list: 139 140 141 142 
WARNING (gmm-init-model:InitAmGmm():gmm-init-model.cc:83) Very small count for state 876: 90; corresponding phone list: 139 140 141 142 
WARNING (gmm-init-model:InitAmGmm():gmm-init-model.cc:83) Very small count for state 878: 80; corresponding phone list: 59 60 61 62 
WARNING (gmm-init-model:InitAmGmm():gmm-init-model.cc:83) Very small count for state 879: 41; corresponding phone list: 119 120 121 122 
LOG (gmm-init-model:main():gmm-init-model.cc:306) Wrote model.
# Accounting: time=0 threads=1
# Ended (code 0) at Fri Jun 10 15:11:01 BRT 2016, elapsed time 0 seconds
