# gmm-est --mix-up=10280 --power=0.25 --write-occs=exp/tri1/25.occs exp/tri1/24.mdl "gmm-sum-accs - exp/tri1/24.*.acc |" exp/tri1/25.mdl 
# Started at Fri Jun 17 14:29:53 BRT 2016
#
gmm-est --mix-up=10280 --power=0.25 --write-occs=exp/tri1/25.occs exp/tri1/24.mdl 'gmm-sum-accs - exp/tri1/24.*.acc |' exp/tri1/25.mdl 
gmm-sum-accs - exp/tri1/24.1.acc exp/tri1/24.10.acc exp/tri1/24.11.acc exp/tri1/24.12.acc exp/tri1/24.2.acc exp/tri1/24.3.acc exp/tri1/24.4.acc exp/tri1/24.5.acc exp/tri1/24.6.acc exp/tri1/24.7.acc exp/tri1/24.8.acc exp/tri1/24.9.acc 
LOG (gmm-sum-accs:main():gmm-sum-accs.cc:63) Summed 12 stats, total count 391336, avg like/frame -81.5981
LOG (gmm-sum-accs:main():gmm-sum-accs.cc:66) Total count of stats is 391336
LOG (gmm-sum-accs:main():gmm-sum-accs.cc:67) Written stats to -
LOG (gmm-est:MleUpdate():transition-model.cc:393) TransitionModel::Update, objf change is -9.44326e-12 per frame over 391336 frames. 
LOG (gmm-est:MleUpdate():transition-model.cc:396) 92 probabilities floored, 2402 out of 3595 transition-states skipped due to insuffient data (it is normal to have some skipped.)
LOG (gmm-est:main():gmm-est.cc:102) Transition model update: Overall -9.44326e-12 log-like improvement per frame over 391336 frames.
WARNING (gmm-est:MleDiagGmmUpdate():mle-diag-gmm.cc:365) Gaussian has too little data but not removing it because it is the last Gaussian: i = 0, occ = 0, weight = 1
WARNING (gmm-est:MleDiagGmmUpdate():mle-diag-gmm.cc:359) Too little data - removing Gaussian (weight 0.044442, occupation count 9.866117, vector size 39)
WARNING (gmm-est:MleDiagGmmUpdate():mle-diag-gmm.cc:359) Too little data - removing Gaussian (weight 0.089219, occupation count 9.992481, vector size 39)
WARNING (gmm-est:MleDiagGmmUpdate():mle-diag-gmm.cc:359) Too little data - removing Gaussian (weight 0.046636, occupation count 8.581046, vector size 39)
WARNING (gmm-est:MleDiagGmmUpdate():mle-diag-gmm.cc:359) Too little data - removing Gaussian (weight 0.035393, occupation count 9.272913, vector size 39)
WARNING (gmm-est:MleDiagGmmUpdate():mle-diag-gmm.cc:359) Too little data - removing Gaussian (weight 0.061024, occupation count 9.946841, vector size 39)
WARNING (gmm-est:MleDiagGmmUpdate():mle-diag-gmm.cc:359) Too little data - removing Gaussian (weight 0.055214, occupation count 9.993804, vector size 39)
LOG (gmm-est:MleAmDiagGmmUpdate():mle-am-diag-gmm.cc:225) 0 variance elements floored in 0 Gaussians, out of 9928
LOG (gmm-est:MleAmDiagGmmUpdate():mle-am-diag-gmm.cc:229) Removed 6 Gaussians due to counts < --min-gaussian-occupancy=10 and --remove-low-count-gaussians=true
LOG (gmm-est:main():gmm-est.cc:113) GMM update: Overall 0.0735707 objective function improvement per frame over 391336 frames
LOG (gmm-est:main():gmm-est.cc:116) GMM update: Overall avg like per frame = -81.5981 over 391336 frames.
LOG (gmm-est:SplitByCount():am-diag-gmm.cc:116) Split 919 states with target = 10280, power = 0.25, perturb_factor = 0.01 and min_count = 20, split #Gauss from 9928 to 10294
LOG (gmm-est:main():gmm-est.cc:146) Written model to exp/tri1/25.mdl
# Accounting: time=1 threads=1
# Ended (code 0) at Fri Jun 17 14:29:54 BRT 2016, elapsed time 1 seconds
