# gmm-est --mix-up=2000 --power=0.25 --write-occs=exp/tri1/2.occs exp/tri1/1.mdl "gmm-sum-accs - exp/tri1/1.*.acc |" exp/tri1/2.mdl 
# Started at Wed Jun 22 13:41:00 BRT 2016
#
gmm-est --mix-up=2000 --power=0.25 --write-occs=exp/tri1/2.occs exp/tri1/1.mdl 'gmm-sum-accs - exp/tri1/1.*.acc |' exp/tri1/2.mdl 
gmm-sum-accs - exp/tri1/1.1.acc exp/tri1/1.10.acc exp/tri1/1.11.acc exp/tri1/1.12.acc exp/tri1/1.13.acc exp/tri1/1.14.acc exp/tri1/1.15.acc exp/tri1/1.16.acc exp/tri1/1.2.acc exp/tri1/1.3.acc exp/tri1/1.4.acc exp/tri1/1.5.acc exp/tri1/1.6.acc exp/tri1/1.7.acc exp/tri1/1.8.acc exp/tri1/1.9.acc 
LOG (gmm-sum-accs:main():gmm-sum-accs.cc:63) Summed 16 stats, total count 540872, avg like/frame -86.779
LOG (gmm-sum-accs:main():gmm-sum-accs.cc:66) Total count of stats is 540872
LOG (gmm-sum-accs:main():gmm-sum-accs.cc:67) Written stats to -
LOG (gmm-est:MleUpdate():transition-model.cc:393) TransitionModel::Update, objf change is 0.28768 per frame over 540872 frames. 
LOG (gmm-est:MleUpdate():transition-model.cc:396) 37 probabilities floored, 3406 out of 4999 transition-states skipped due to insuffient data (it is normal to have some skipped.)
LOG (gmm-est:main():gmm-est.cc:102) Transition model update: Overall 0.28768 log-like improvement per frame over 540872 frames.
WARNING (gmm-est:MleDiagGmmUpdate():mle-diag-gmm.cc:365) Gaussian has too little data but not removing it because it is the last Gaussian: i = 0, occ = 0, weight = 1
WARNING (gmm-est:MleDiagGmmUpdate():mle-diag-gmm.cc:365) Gaussian has too little data but not removing it because it is the last Gaussian: i = 0, occ = 10, weight = 1
LOG (gmm-est:MleAmDiagGmmUpdate():mle-am-diag-gmm.cc:225) 0 variance elements floored in 0 Gaussians, out of 2000
LOG (gmm-est:MleAmDiagGmmUpdate():mle-am-diag-gmm.cc:229) Removed 0 Gaussians due to counts < --min-gaussian-occupancy=10 and --remove-low-count-gaussians=true
LOG (gmm-est:main():gmm-est.cc:113) GMM update: Overall 0.00295534 objective function improvement per frame over 540872 frames
LOG (gmm-est:main():gmm-est.cc:116) GMM update: Overall avg like per frame = -86.779 over 540872 frames.
LOG (gmm-est:SplitByCount():am-diag-gmm.cc:116) Split 1285 states with target = 2000, power = 0.25, perturb_factor = 0.01 and min_count = 20, split #Gauss from 2000 to 2004
LOG (gmm-est:main():gmm-est.cc:146) Written model to exp/tri1/2.mdl
# Accounting: time=1 threads=1
# Ended (code 0) at Wed Jun 22 13:41:01 BRT 2016, elapsed time 1 seconds
