# gmm-est --mix-up=11000 --power=0.25 --write-occs=exp/tri1/35.occs exp/tri1/34.mdl "gmm-sum-accs - exp/tri1/34.*.acc |" exp/tri1/35.mdl 
# Started at Tue Aug  2 15:54:04 BRT 2016
#
gmm-est --mix-up=11000 --power=0.25 --write-occs=exp/tri1/35.occs exp/tri1/34.mdl 'gmm-sum-accs - exp/tri1/34.*.acc |' exp/tri1/35.mdl 
gmm-sum-accs - exp/tri1/34.1.acc exp/tri1/34.10.acc exp/tri1/34.11.acc exp/tri1/34.12.acc exp/tri1/34.13.acc exp/tri1/34.14.acc exp/tri1/34.15.acc exp/tri1/34.16.acc exp/tri1/34.2.acc exp/tri1/34.3.acc exp/tri1/34.4.acc exp/tri1/34.5.acc exp/tri1/34.6.acc exp/tri1/34.7.acc exp/tri1/34.8.acc exp/tri1/34.9.acc 
LOG (gmm-sum-accs:main():gmm-sum-accs.cc:63) Summed 16 stats, total count 793014, avg like/frame -83.2695
LOG (gmm-sum-accs:main():gmm-sum-accs.cc:66) Total count of stats is 793014
LOG (gmm-sum-accs:main():gmm-sum-accs.cc:67) Written stats to -
LOG (gmm-est:MleUpdate():transition-model.cc:393) TransitionModel::Update, objf change is 0 per frame over 793014 frames. 
LOG (gmm-est:MleUpdate():transition-model.cc:396) 100 probabilities floored, 3414 out of 5178 transition-states skipped due to insuffient data (it is normal to have some skipped.)
LOG (gmm-est:main():gmm-est.cc:102) Transition model update: Overall 0 log-like improvement per frame over 793014 frames.
WARNING (gmm-est:MleDiagGmmUpdate():mle-diag-gmm.cc:365) Gaussian has too little data but not removing it because it is the last Gaussian: i = 0, occ = 0, weight = 1
LOG (gmm-est:MleAmDiagGmmUpdate():mle-am-diag-gmm.cc:225) 0 variance elements floored in 0 Gaussians, out of 11022
LOG (gmm-est:MleAmDiagGmmUpdate():mle-am-diag-gmm.cc:229) Removed 0 Gaussians due to counts < --min-gaussian-occupancy=10 and --remove-low-count-gaussians=true
LOG (gmm-est:main():gmm-est.cc:113) GMM update: Overall 0.00679149 objective function improvement per frame over 793014 frames
LOG (gmm-est:main():gmm-est.cc:116) GMM update: Overall avg like per frame = -83.2695 over 793014 frames.
LOG (gmm-est:SplitByCount():am-diag-gmm.cc:116) Split 1389 states with target = 11000, power = 0.25, perturb_factor = 0.01 and min_count = 20, split #Gauss from 11022 to 11022
LOG (gmm-est:main():gmm-est.cc:146) Written model to exp/tri1/35.mdl
# Accounting: time=1 threads=1
# Ended (code 0) at Tue Aug  2 15:54:05 BRT 2016, elapsed time 1 seconds
