# gmm-est --mix-up=4880 --power=0.25 --write-occs=exp/tri1/10.occs exp/tri1/9.mdl "gmm-sum-accs - exp/tri1/9.*.acc |" exp/tri1/10.mdl 
# Started at Tue Aug  2 15:51:28 BRT 2016
#
gmm-est --mix-up=4880 --power=0.25 --write-occs=exp/tri1/10.occs exp/tri1/9.mdl 'gmm-sum-accs - exp/tri1/9.*.acc |' exp/tri1/10.mdl 
gmm-sum-accs - exp/tri1/9.1.acc exp/tri1/9.10.acc exp/tri1/9.11.acc exp/tri1/9.12.acc exp/tri1/9.13.acc exp/tri1/9.14.acc exp/tri1/9.15.acc exp/tri1/9.16.acc exp/tri1/9.2.acc exp/tri1/9.3.acc exp/tri1/9.4.acc exp/tri1/9.5.acc exp/tri1/9.6.acc exp/tri1/9.7.acc exp/tri1/9.8.acc exp/tri1/9.9.acc 
LOG (gmm-sum-accs:main():gmm-sum-accs.cc:63) Summed 16 stats, total count 794250, avg like/frame -86.1839
LOG (gmm-sum-accs:main():gmm-sum-accs.cc:66) Total count of stats is 794250
LOG (gmm-sum-accs:main():gmm-sum-accs.cc:67) Written stats to -
LOG (gmm-est:MleUpdate():transition-model.cc:393) TransitionModel::Update, objf change is 6.90416e-12 per frame over 794250 frames. 
LOG (gmm-est:MleUpdate():transition-model.cc:396) 20 probabilities floored, 3406 out of 5178 transition-states skipped due to insuffient data (it is normal to have some skipped.)
LOG (gmm-est:main():gmm-est.cc:102) Transition model update: Overall 6.90416e-12 log-like improvement per frame over 794250 frames.
WARNING (gmm-est:MleDiagGmmUpdate():mle-diag-gmm.cc:365) Gaussian has too little data but not removing it because it is the last Gaussian: i = 0, occ = 0, weight = 1
WARNING (gmm-est:MleDiagGmmUpdate():mle-diag-gmm.cc:365) Gaussian has too little data but not removing it because it is the last Gaussian: i = 0, occ = 10, weight = 1
LOG (gmm-est:MleAmDiagGmmUpdate():mle-am-diag-gmm.cc:225) 0 variance elements floored in 0 Gaussians, out of 4520
LOG (gmm-est:MleAmDiagGmmUpdate():mle-am-diag-gmm.cc:229) Removed 0 Gaussians due to counts < --min-gaussian-occupancy=10 and --remove-low-count-gaussians=true
LOG (gmm-est:main():gmm-est.cc:113) GMM update: Overall 0.122964 objective function improvement per frame over 794250 frames
LOG (gmm-est:main():gmm-est.cc:116) GMM update: Overall avg like per frame = -86.1839 over 794250 frames.
LOG (gmm-est:SplitByCount():am-diag-gmm.cc:116) Split 1389 states with target = 4880, power = 0.25, perturb_factor = 0.01 and min_count = 20, split #Gauss from 4520 to 4880
LOG (gmm-est:main():gmm-est.cc:146) Written model to exp/tri1/10.mdl
# Accounting: time=1 threads=1
# Ended (code 0) at Tue Aug  2 15:51:29 BRT 2016, elapsed time 1 seconds
