# gmm-est --mix-up=5240 --power=0.25 --write-occs=exp/tri1/11.occs exp/tri1/10.mdl "gmm-sum-accs - exp/tri1/10.*.acc |" exp/tri1/11.mdl 
# Started at Wed Jun 22 13:41:36 BRT 2016
#
gmm-est --mix-up=5240 --power=0.25 --write-occs=exp/tri1/11.occs exp/tri1/10.mdl 'gmm-sum-accs - exp/tri1/10.*.acc |' exp/tri1/11.mdl 
gmm-sum-accs - exp/tri1/10.1.acc exp/tri1/10.10.acc exp/tri1/10.11.acc exp/tri1/10.12.acc exp/tri1/10.13.acc exp/tri1/10.14.acc exp/tri1/10.15.acc exp/tri1/10.16.acc exp/tri1/10.2.acc exp/tri1/10.3.acc exp/tri1/10.4.acc exp/tri1/10.5.acc exp/tri1/10.6.acc exp/tri1/10.7.acc exp/tri1/10.8.acc exp/tri1/10.9.acc 
LOG (gmm-sum-accs:main():gmm-sum-accs.cc:63) Summed 16 stats, total count 539149, avg like/frame -83.6609
LOG (gmm-sum-accs:main():gmm-sum-accs.cc:66) Total count of stats is 539149
LOG (gmm-sum-accs:main():gmm-sum-accs.cc:67) Written stats to -
LOG (gmm-est:MleUpdate():transition-model.cc:393) TransitionModel::Update, objf change is 0.00336989 per frame over 539149 frames. 
LOG (gmm-est:MleUpdate():transition-model.cc:396) 109 probabilities floored, 3412 out of 4999 transition-states skipped due to insuffient data (it is normal to have some skipped.)
LOG (gmm-est:main():gmm-est.cc:102) Transition model update: Overall 0.00336989 log-like improvement per frame over 539149 frames.
WARNING (gmm-est:MleDiagGmmUpdate():mle-diag-gmm.cc:365) Gaussian has too little data but not removing it because it is the last Gaussian: i = 0, occ = 0, weight = 1
WARNING (gmm-est:MleDiagGmmUpdate():mle-diag-gmm.cc:359) Too little data - removing Gaussian (weight 0.005853, occupation count 1.000870, vector size 39)
WARNING (gmm-est:MleDiagGmmUpdate():mle-diag-gmm.cc:359) Too little data - removing Gaussian (weight 0.071132, occupation count 7.611135, vector size 39)
WARNING (gmm-est:MleDiagGmmUpdate():mle-diag-gmm.cc:359) Too little data - removing Gaussian (weight 0.086041, occupation count 8.087821, vector size 39)
WARNING (gmm-est:MleDiagGmmUpdate():mle-diag-gmm.cc:359) Too little data - removing Gaussian (weight 0.090247, occupation count 4.873312, vector size 39)
WARNING (gmm-est:MleDiagGmmUpdate():mle-diag-gmm.cc:365) Gaussian has too little data but not removing it because it is the last Gaussian: i = 0, occ = 10, weight = 1
LOG (gmm-est:MleAmDiagGmmUpdate():mle-am-diag-gmm.cc:225) 0 variance elements floored in 0 Gaussians, out of 4876
LOG (gmm-est:MleAmDiagGmmUpdate():mle-am-diag-gmm.cc:229) Removed 4 Gaussians due to counts < --min-gaussian-occupancy=10 and --remove-low-count-gaussians=true
LOG (gmm-est:main():gmm-est.cc:113) GMM update: Overall 0.22069 objective function improvement per frame over 539149 frames
LOG (gmm-est:main():gmm-est.cc:116) GMM update: Overall avg like per frame = -83.6609 over 539149 frames.
LOG (gmm-est:SplitByCount():am-diag-gmm.cc:116) Split 1285 states with target = 5240, power = 0.25, perturb_factor = 0.01 and min_count = 20, split #Gauss from 4876 to 5241
LOG (gmm-est:main():gmm-est.cc:146) Written model to exp/tri1/11.mdl
# Accounting: time=0 threads=1
# Ended (code 0) at Wed Jun 22 13:41:36 BRT 2016, elapsed time 0 seconds
