# compile-train-graphs exp/tri2b_ali/tree exp/tri2b_ali/final.mdl data/lang/L.fst "ark:utils/sym2int.pl --map-oov 2 -f 2- data/lang/words.txt data/train/split16/11/text|" ark:- | gmm-align-compiled --transition-scale=1.0 --acoustic-scale=0.1 --self-loop-scale=0.1 --beam=10 --retry-beam=40 --careful=false "gmm-boost-silence --boost=1.0 1 exp/tri2b_ali/final.mdl - |" ark:- "ark,s,cs:apply-cmvn  --utt2spk=ark:data/train/split16/11/utt2spk scp:data/train/split16/11/cmvn.scp scp:data/train/split16/11/feats.scp ark:- | splice-feats  ark:- ark:- | transform-feats exp/tri2b/final.mat ark:- ark:- |" "ark,t:|gzip -c >exp/tri2b_ali/ali.11.gz" 
# Started at Tue Aug  2 15:57:42 BRT 2016
#
compile-train-graphs exp/tri2b_ali/tree exp/tri2b_ali/final.mdl data/lang/L.fst 'ark:utils/sym2int.pl --map-oov 2 -f 2- data/lang/words.txt data/train/split16/11/text|' ark:- 
gmm-align-compiled --transition-scale=1.0 --acoustic-scale=0.1 --self-loop-scale=0.1 --beam=10 --retry-beam=40 --careful=false 'gmm-boost-silence --boost=1.0 1 exp/tri2b_ali/final.mdl - |' ark:- 'ark,s,cs:apply-cmvn  --utt2spk=ark:data/train/split16/11/utt2spk scp:data/train/split16/11/cmvn.scp scp:data/train/split16/11/feats.scp ark:- | splice-feats  ark:- ark:- | transform-feats exp/tri2b/final.mat ark:- ark:- |' 'ark,t:|gzip -c >exp/tri2b_ali/ali.11.gz' 
gmm-boost-silence --boost=1.0 1 exp/tri2b_ali/final.mdl - 
WARNING (gmm-boost-silence:main():gmm-boost-silence.cc:82) The pdfs for the silence phones may be shared by other phones (note: this probably does not matter.)
LOG (gmm-boost-silence:main():gmm-boost-silence.cc:93) Boosted weights for 5 pdfs, by factor of 1
LOG (gmm-boost-silence:main():gmm-boost-silence.cc:103) Wrote model to -
apply-cmvn --utt2spk=ark:data/train/split16/11/utt2spk scp:data/train/split16/11/cmvn.scp scp:data/train/split16/11/feats.scp ark:- 
splice-feats ark:- ark:- 
transform-feats exp/tri2b/final.mat ark:- ark:- 
LOG (compile-train-graphs:main():compile-train-graphs.cc:145) compile-train-graphs: succeeded for 29 graphs, failed for 0
LOG (apply-cmvn:main():apply-cmvn.cc:146) Applied cepstral mean normalization to 29 utterances, errors on 0
LOG (transform-feats:main():transform-feats.cc:158) Overall average [pseudo-]logdet is -89.9609 over 37076 frames.
LOG (transform-feats:main():transform-feats.cc:161) Applied transform to 29 utterances; 0 had errors.
LOG (gmm-align-compiled:main():gmm-align-compiled.cc:129) Overall log-likelihood per frame is -46.2893 over 37076 frames.
LOG (gmm-align-compiled:main():gmm-align-compiled.cc:131) Retried 0 out of 29 utterances.
LOG (gmm-align-compiled:main():gmm-align-compiled.cc:133) Done 29, errors on 0
# Accounting: time=2 threads=1
# Ended (code 0) at Tue Aug  2 15:57:44 BRT 2016, elapsed time 2 seconds
