# gunzip -c exp/sgmm2_4c/decode_fmllr/pre_lat.1.gz | sgmm2-rescore-lattice --speedup=true --spk-vecs=ark:exp/sgmm2_4c/decode_fmllr/pre_vecs.1 --utt2spk=ark:data/test/split1/1/utt2spk "--gselect=ark,s,cs:gunzip -c exp/sgmm2_4c/decode_fmllr/gselect.1.gz|" exp/sgmm2_4c/final.mdl ark:- "ark,s,cs:apply-cmvn  --utt2spk=ark:data/test/split1/1/utt2spk scp:data/test/split1/1/cmvn.scp scp:data/test/split1/1/feats.scp ark:- | transform-feats --utt2spk=ark:data/test/split1/1/utt2spk ark,s,cs:exp/tri3c/decode/raw_trans.1 ark:- ark:- | splice-feats  ark:- ark:- | transform-feats exp/sgmm2_4c/final.mat ark:- ark:- |" ark:- | lattice-prune --acoustic-scale=0.1 --beam=4.0 ark:- ark:- | lattice-determinize-pruned --acoustic-scale=0.1 --beam=4.0 ark:- ark:- | lattice-to-post --acoustic-scale=0.1 ark:- ark:- | weight-silence-post 0.0 1:2:3:4:5:6:7:8:9:10 exp/sgmm2_4c/final.mdl ark:- ark:- | sgmm2-est-spkvecs --spk2utt=ark:data/test/split1/1/spk2utt "--gselect=ark,s,cs:gunzip -c exp/sgmm2_4c/decode_fmllr/gselect.1.gz|" --spk-vecs=ark:exp/sgmm2_4c/decode_fmllr/pre_vecs.1 exp/sgmm2_4c/final.mdl "ark,s,cs:apply-cmvn  --utt2spk=ark:data/test/split1/1/utt2spk scp:data/test/split1/1/cmvn.scp scp:data/test/split1/1/feats.scp ark:- | transform-feats --utt2spk=ark:data/test/split1/1/utt2spk ark,s,cs:exp/tri3c/decode/raw_trans.1 ark:- ark:- | splice-feats  ark:- ark:- | transform-feats exp/sgmm2_4c/final.mat ark:- ark:- |" ark,s,cs:- ark:exp/sgmm2_4c/decode_fmllr/vecs.1 
# Started at Tue Jul  5 11:59:10 BRT 2016
#
lattice-to-post --acoustic-scale=0.1 ark:- ark:- 
lattice-prune --acoustic-scale=0.1 --beam=4.0 ark:- ark:- 
weight-silence-post 0.0 1:2:3:4:5:6:7:8:9:10 exp/sgmm2_4c/final.mdl ark:- ark:- 
sgmm2-rescore-lattice --speedup=true --spk-vecs=ark:exp/sgmm2_4c/decode_fmllr/pre_vecs.1 --utt2spk=ark:data/test/split1/1/utt2spk '--gselect=ark,s,cs:gunzip -c exp/sgmm2_4c/decode_fmllr/gselect.1.gz|' exp/sgmm2_4c/final.mdl ark:- 'ark,s,cs:apply-cmvn  --utt2spk=ark:data/test/split1/1/utt2spk scp:data/test/split1/1/cmvn.scp scp:data/test/split1/1/feats.scp ark:- | transform-feats --utt2spk=ark:data/test/split1/1/utt2spk ark,s,cs:exp/tri3c/decode/raw_trans.1 ark:- ark:- | splice-feats  ark:- ark:- | transform-feats exp/sgmm2_4c/final.mat ark:- ark:- |' ark:- 
lattice-determinize-pruned --acoustic-scale=0.1 --beam=4.0 ark:- ark:- 
sgmm2-est-spkvecs --spk2utt=ark:data/test/split1/1/spk2utt '--gselect=ark,s,cs:gunzip -c exp/sgmm2_4c/decode_fmllr/gselect.1.gz|' --spk-vecs=ark:exp/sgmm2_4c/decode_fmllr/pre_vecs.1 exp/sgmm2_4c/final.mdl 'ark,s,cs:apply-cmvn  --utt2spk=ark:data/test/split1/1/utt2spk scp:data/test/split1/1/cmvn.scp scp:data/test/split1/1/feats.scp ark:- | transform-feats --utt2spk=ark:data/test/split1/1/utt2spk ark,s,cs:exp/tri3c/decode/raw_trans.1 ark:- ark:- | splice-feats  ark:- ark:- | transform-feats exp/sgmm2_4c/final.mat ark:- ark:- |' ark,s,cs:- ark:exp/sgmm2_4c/decode_fmllr/vecs.1 
splice-feats ark:- ark:- 
transform-feats exp/sgmm2_4c/final.mat ark:- ark:- 
transform-feats --utt2spk=ark:data/test/split1/1/utt2spk ark,s,cs:exp/tri3c/decode/raw_trans.1 ark:- ark:- 
apply-cmvn --utt2spk=ark:data/test/split1/1/utt2spk scp:data/test/split1/1/cmvn.scp scp:data/test/split1/1/feats.scp ark:- 
LOG (apply-cmvn:main():apply-cmvn.cc:146) Applied cepstral mean normalization to 3 utterances, errors on 0
transform-feats exp/sgmm2_4c/final.mat ark:- ark:- 
transform-feats --utt2spk=ark:data/test/split1/1/utt2spk ark,s,cs:exp/tri3c/decode/raw_trans.1 ark:- ark:- 
apply-cmvn --utt2spk=ark:data/test/split1/1/utt2spk scp:data/test/split1/1/cmvn.scp scp:data/test/split1/1/feats.scp ark:- 
splice-feats ark:- ark:- 
LOG (apply-cmvn:main():apply-cmvn.cc:146) Applied cepstral mean normalization to 3 utterances, errors on 0
LOG (transform-feats:main():transform-feats.cc:158) Overall average logdet is -1.27549 over 19069 frames.
LOG (transform-feats:main():transform-feats.cc:161) Applied transform to 3 utterances; 0 had errors.
LOG (transform-feats:main():transform-feats.cc:158) Overall average logdet is -1.27549 over 19069 frames.
LOG (transform-feats:main():transform-feats.cc:161) Applied transform to 3 utterances; 0 had errors.
LOG (lattice-prune:main():lattice-prune.cc:95) For utterance felipe_test, pruned #states from 10961 to 7345 and #arcs from 19586 to 11042
LOG (transform-feats:main():transform-feats.cc:158) Overall average [pseudo-]logdet is -79.7442 over 19069 frames.
LOG (transform-feats:main():transform-feats.cc:161) Applied transform to 3 utterances; 0 had errors.
LOG (lattice-prune:main():lattice-prune.cc:95) For utterance felipe_test1, pruned #states from 13250 to 9784 and #arcs from 23987 to 15037
LOG (transform-feats:main():transform-feats.cc:158) Overall average [pseudo-]logdet is -79.7442 over 19069 frames.
LOG (transform-feats:main():transform-feats.cc:161) Applied transform to 3 utterances; 0 had errors.
LOG (sgmm2-rescore-lattice:main():sgmm2-rescore-lattice.cc:159) Done 3 lattices, errors on 0
LOG (lattice-prune:main():lattice-prune.cc:95) For utterance felipe_test2, pruned #states from 9701 to 7478 and #arcs from 17323 to 11619
LOG (lattice-prune:main():lattice-prune.cc:104) Overall, pruned from on average 11304 to 8202.33 states, and from 20298.7 to 12566 arcs, over 3 utterances.
LOG (lattice-prune:main():lattice-prune.cc:108) Done 3 lattices.
LOG (lattice-determinize-pruned:main():lattice-determinize-pruned.cc:111) Done 3 lattices, determinization finished earlier than specified by the beam on 0 of these.
LOG (lattice-to-post:main():lattice-to-post.cc:106) Overall average log-like/frame is -5.98399 over 19069 frames.  Average acoustic like/frame is -5.91929
LOG (lattice-to-post:main():lattice-to-post.cc:110) Done 3 lattices.
LOG (weight-silence-post:main():weight-silence-post.cc:95) Done 3 posteriors.
LOG (sgmm2-est-spkvecs:UpdateWithU():estimate-am-sgmm2.cc:1931) *Objf impr for speaker vector is 0.0801041 per frame, over 5633.86 frames.
LOG (sgmm2-est-spkvecs:main():sgmm2-est-spkvecs.cc:186) For speaker felipe, auxf-impr from speaker vector is 0.0801041, over 5633.86 frames.
LOG (sgmm2-est-spkvecs:main():sgmm2-est-spkvecs.cc:250) Overall auxf impr per frame is 0.0801041 over 5633.86 frames.
LOG (sgmm2-est-spkvecs:main():sgmm2-est-spkvecs.cc:252) Done 3 files, 0 with errors.
# Accounting: time=7 threads=1
# Ended (code 0) at Tue Jul  5 11:59:17 BRT 2016, elapsed time 7 seconds
