# sgmm2-acc-stats --spk-vecs=ark:exp/sgmm2_4c/vecs.17 --utt2spk=ark:data/train/split20/17/utt2spk --update-flags=vNwSctu "--gselect=ark,s,cs:gunzip -c exp/sgmm2_4c/gselect.17.gz|" --rand-prune=0.1 exp/sgmm2_4c/15.mdl "ark,s,cs:apply-cmvn  --utt2spk=ark:data/train/split20/17/utt2spk scp:data/train/split20/17/cmvn.scp scp:data/train/split20/17/feats.scp ark:- | transform-feats --utt2spk=ark:data/train/split20/17/utt2spk ark,s,cs:exp/tri3c_ali/raw_trans.17 ark:- ark:- | splice-feats  ark:- ark:- | transform-feats exp/tri3c_ali/final.mat ark:- ark:- |" "ark,s,cs:gunzip -c exp/sgmm2_4c/ali.17.gz | ali-to-post ark:- ark:-|" exp/sgmm2_4c/15.17.acc 
# Started at Mon Jul  4 17:08:10 BRT 2016
#
sgmm2-acc-stats --spk-vecs=ark:exp/sgmm2_4c/vecs.17 --utt2spk=ark:data/train/split20/17/utt2spk --update-flags=vNwSctu '--gselect=ark,s,cs:gunzip -c exp/sgmm2_4c/gselect.17.gz|' --rand-prune=0.1 exp/sgmm2_4c/15.mdl 'ark,s,cs:apply-cmvn  --utt2spk=ark:data/train/split20/17/utt2spk scp:data/train/split20/17/cmvn.scp scp:data/train/split20/17/feats.scp ark:- | transform-feats --utt2spk=ark:data/train/split20/17/utt2spk ark,s,cs:exp/tri3c_ali/raw_trans.17 ark:- ark:- | splice-feats  ark:- ark:- | transform-feats exp/tri3c_ali/final.mat ark:- ark:- |' 'ark,s,cs:gunzip -c exp/sgmm2_4c/ali.17.gz | ali-to-post ark:- ark:-|' exp/sgmm2_4c/15.17.acc 
transform-feats exp/tri3c_ali/final.mat ark:- ark:- 
splice-feats ark:- ark:- 
apply-cmvn --utt2spk=ark:data/train/split20/17/utt2spk scp:data/train/split20/17/cmvn.scp scp:data/train/split20/17/feats.scp ark:- 
transform-feats --utt2spk=ark:data/train/split20/17/utt2spk ark,s,cs:exp/tri3c_ali/raw_trans.17 ark:- ark:- 
ali-to-post ark:- ark:- 
LOG (ali-to-post:main():ali-to-post.cc:65) Converted 9 alignments.
LOG (apply-cmvn:main():apply-cmvn.cc:146) Applied cepstral mean normalization to 10 utterances, errors on 0
LOG (transform-feats:main():transform-feats.cc:158) Overall average logdet is -0.24576 over 12575 frames.
LOG (transform-feats:main():transform-feats.cc:161) Applied transform to 10 utterances; 0 had errors.
WARNING (sgmm2-acc-stats:main():sgmm2-acc-stats.cc:145) No posterior info available for utterance felipe_spp6-Sfelipe_spp67 (or wrong size)
LOG (transform-feats:main():transform-feats.cc:158) Overall average [pseudo-]logdet is -79.7442 over 12575 frames.
LOG (transform-feats:main():transform-feats.cc:161) Applied transform to 10 utterances; 0 had errors.
LOG (sgmm2-acc-stats:main():sgmm2-acc-stats.cc:203) Overall like per frame (Gaussian only) = -33.0827 over 11302 frames.
LOG (sgmm2-acc-stats:main():sgmm2-acc-stats.cc:206) Done 9 files, 1 with errors.
LOG (sgmm2-acc-stats:main():sgmm2-acc-stats.cc:215) Written accs.
# Accounting: time=22 threads=1
# Ended (code 0) at Mon Jul  4 17:08:32 BRT 2016, elapsed time 22 seconds
