# sgmm2-acc-stats --utt2spk=ark:data/train/split20/2/utt2spk --update-flags=vwSct "--gselect=ark,s,cs:gunzip -c exp/sgmm2_4c/gselect.2.gz|" --rand-prune=0.1 exp/sgmm2_4c/3.mdl "ark,s,cs:apply-cmvn  --utt2spk=ark:data/train/split20/2/utt2spk scp:data/train/split20/2/cmvn.scp scp:data/train/split20/2/feats.scp ark:- | transform-feats --utt2spk=ark:data/train/split20/2/utt2spk ark,s,cs:exp/tri3c_ali/raw_trans.2 ark:- ark:- | splice-feats  ark:- ark:- | transform-feats exp/tri3c_ali/final.mat ark:- ark:- |" "ark,s,cs:gunzip -c exp/sgmm2_4c/ali.2.gz | ali-to-post ark:- ark:-|" exp/sgmm2_4c/3.2.acc 
# Started at Mon Jul  4 16:34:46 BRT 2016
#
sgmm2-acc-stats --utt2spk=ark:data/train/split20/2/utt2spk --update-flags=vwSct '--gselect=ark,s,cs:gunzip -c exp/sgmm2_4c/gselect.2.gz|' --rand-prune=0.1 exp/sgmm2_4c/3.mdl 'ark,s,cs:apply-cmvn  --utt2spk=ark:data/train/split20/2/utt2spk scp:data/train/split20/2/cmvn.scp scp:data/train/split20/2/feats.scp ark:- | transform-feats --utt2spk=ark:data/train/split20/2/utt2spk ark,s,cs:exp/tri3c_ali/raw_trans.2 ark:- ark:- | splice-feats  ark:- ark:- | transform-feats exp/tri3c_ali/final.mat ark:- ark:- |' 'ark,s,cs:gunzip -c exp/sgmm2_4c/ali.2.gz | ali-to-post ark:- ark:-|' exp/sgmm2_4c/3.2.acc 
apply-cmvn --utt2spk=ark:data/train/split20/2/utt2spk scp:data/train/split20/2/cmvn.scp scp:data/train/split20/2/feats.scp ark:- 
transform-feats exp/tri3c_ali/final.mat ark:- ark:- 
transform-feats --utt2spk=ark:data/train/split20/2/utt2spk ark,s,cs:exp/tri3c_ali/raw_trans.2 ark:- ark:- 
splice-feats ark:- ark:- 
ali-to-post ark:- ark:- 
LOG (apply-cmvn:main():apply-cmvn.cc:146) Applied cepstral mean normalization to 10 utterances, errors on 0
LOG (transform-feats:main():transform-feats.cc:158) Overall average logdet is -0.185674 over 15495 frames.
LOG (transform-feats:main():transform-feats.cc:161) Applied transform to 10 utterances; 0 had errors.
LOG (ali-to-post:main():ali-to-post.cc:65) Converted 10 alignments.
LOG (transform-feats:main():transform-feats.cc:158) Overall average [pseudo-]logdet is -79.7442 over 15495 frames.
LOG (transform-feats:main():transform-feats.cc:161) Applied transform to 10 utterances; 0 had errors.
LOG (sgmm2-acc-stats:main():sgmm2-acc-stats.cc:203) Overall like per frame (Gaussian only) = -37.7584 over 15495 frames.
LOG (sgmm2-acc-stats:main():sgmm2-acc-stats.cc:206) Done 10 files, 0 with errors.
LOG (sgmm2-acc-stats:main():sgmm2-acc-stats.cc:215) Written accs.
# Accounting: time=10 threads=1
# Ended (code 0) at Mon Jul  4 16:34:56 BRT 2016, elapsed time 10 seconds
