# sgmm2-align-compiled --spk-vecs=ark:exp/sgmm2_4c/vecs.17 --transition-scale=1.0 --acoustic-scale=0.1 --self-loop-scale=0.1 "--gselect=ark,s,cs:gunzip -c exp/sgmm2_4c/gselect.17.gz|" --utt2spk=ark:data/train/split20/17/utt2spk --beam=8 --retry-beam=40 exp/sgmm2_4c/10.mdl "ark:gunzip -c exp/sgmm2_4c/fsts.17.gz|" "ark,s,cs:apply-cmvn  --utt2spk=ark:data/train/split20/17/utt2spk scp:data/train/split20/17/cmvn.scp scp:data/train/split20/17/feats.scp ark:- | transform-feats --utt2spk=ark:data/train/split20/17/utt2spk ark,s,cs:exp/tri3c_ali/raw_trans.17 ark:- ark:- | splice-feats  ark:- ark:- | transform-feats exp/tri3c_ali/final.mat ark:- ark:- |" "ark:|gzip -c >exp/sgmm2_4c/ali.17.gz" 
# Started at Mon Jul  4 16:51:33 BRT 2016
#
sgmm2-align-compiled --spk-vecs=ark:exp/sgmm2_4c/vecs.17 --transition-scale=1.0 --acoustic-scale=0.1 --self-loop-scale=0.1 '--gselect=ark,s,cs:gunzip -c exp/sgmm2_4c/gselect.17.gz|' --utt2spk=ark:data/train/split20/17/utt2spk --beam=8 --retry-beam=40 exp/sgmm2_4c/10.mdl 'ark:gunzip -c exp/sgmm2_4c/fsts.17.gz|' 'ark,s,cs:apply-cmvn  --utt2spk=ark:data/train/split20/17/utt2spk scp:data/train/split20/17/cmvn.scp scp:data/train/split20/17/feats.scp ark:- | transform-feats --utt2spk=ark:data/train/split20/17/utt2spk ark,s,cs:exp/tri3c_ali/raw_trans.17 ark:- ark:- | splice-feats  ark:- ark:- | transform-feats exp/tri3c_ali/final.mat ark:- ark:- |' 'ark:|gzip -c >exp/sgmm2_4c/ali.17.gz' 
transform-feats exp/tri3c_ali/final.mat ark:- ark:- 
splice-feats ark:- ark:- 
transform-feats --utt2spk=ark:data/train/split20/17/utt2spk ark,s,cs:exp/tri3c_ali/raw_trans.17 ark:- ark:- 
apply-cmvn --utt2spk=ark:data/train/split20/17/utt2spk scp:data/train/split20/17/cmvn.scp scp:data/train/split20/17/feats.scp ark:- 
LOG (apply-cmvn:main():apply-cmvn.cc:146) Applied cepstral mean normalization to 10 utterances, errors on 0
LOG (transform-feats:main():transform-feats.cc:158) Overall average logdet is -0.24576 over 12575 frames.
LOG (transform-feats:main():transform-feats.cc:161) Applied transform to 10 utterances; 0 had errors.
WARNING (sgmm2-align-compiled:AlignUtteranceWrapper():decoder-wrappers.cc:466) Retrying utterance felipe_spp6-Sfelipe_spp67 with beam 40
WARNING (sgmm2-align-compiled:AlignUtteranceWrapper():decoder-wrappers.cc:475) Did not successfully decode file felipe_spp6-Sfelipe_spp67, len = 1273
LOG (transform-feats:main():transform-feats.cc:158) Overall average [pseudo-]logdet is -79.7442 over 12575 frames.
LOG (transform-feats:main():transform-feats.cc:161) Applied transform to 10 utterances; 0 had errors.
LOG (sgmm2-align-compiled:main():sgmm2-align-compiled.cc:168) Overall log-likelihood per frame is -34.3063 over 11302 frames.
LOG (sgmm2-align-compiled:main():sgmm2-align-compiled.cc:170) Retried 1 out of 10 utterances.
LOG (sgmm2-align-compiled:main():sgmm2-align-compiled.cc:172) Done 9, errors on 1
# Accounting: time=21 threads=1
# Ended (code 0) at Mon Jul  4 16:51:54 BRT 2016, elapsed time 21 seconds
