# ali-to-post "ark:gunzip -c exp/sgmm2_4c/ali.15.gz|" ark:- | weight-silence-post 0.01 1:2:3:4:5:6:7:8:9:10 exp/sgmm2_4c/5.mdl ark:- ark:- | sgmm2-est-spkvecs --rand-prune=0.1 --spk2utt=ark:data/train/split20/15/spk2utt "--gselect=ark,s,cs:gunzip -c exp/sgmm2_4c/gselect.15.gz|" exp/sgmm2_4c/5.mdl "ark,s,cs:apply-cmvn  --utt2spk=ark:data/train/split20/15/utt2spk scp:data/train/split20/15/cmvn.scp scp:data/train/split20/15/feats.scp ark:- | transform-feats --utt2spk=ark:data/train/split20/15/utt2spk ark,s,cs:exp/tri3c_ali/raw_trans.15 ark:- ark:- | splice-feats  ark:- ark:- | transform-feats exp/tri3c_ali/final.mat ark:- ark:- |" ark,s,cs:- ark:exp/sgmm2_4c/tmp_vecs.15 && mv exp/sgmm2_4c/tmp_vecs.15 exp/sgmm2_4c/vecs.15 
# Started at Mon Jul  4 16:39:18 BRT 2016
#
weight-silence-post 0.01 1:2:3:4:5:6:7:8:9:10 exp/sgmm2_4c/5.mdl ark:- ark:- 
sgmm2-est-spkvecs --rand-prune=0.1 --spk2utt=ark:data/train/split20/15/spk2utt '--gselect=ark,s,cs:gunzip -c exp/sgmm2_4c/gselect.15.gz|' exp/sgmm2_4c/5.mdl 'ark,s,cs:apply-cmvn  --utt2spk=ark:data/train/split20/15/utt2spk scp:data/train/split20/15/cmvn.scp scp:data/train/split20/15/feats.scp ark:- | transform-feats --utt2spk=ark:data/train/split20/15/utt2spk ark,s,cs:exp/tri3c_ali/raw_trans.15 ark:- ark:- | splice-feats  ark:- ark:- | transform-feats exp/tri3c_ali/final.mat ark:- ark:- |' ark,s,cs:- ark:exp/sgmm2_4c/tmp_vecs.15 
ali-to-post 'ark:gunzip -c exp/sgmm2_4c/ali.15.gz|' ark:- 
splice-feats ark:- ark:- 
apply-cmvn --utt2spk=ark:data/train/split20/15/utt2spk scp:data/train/split20/15/cmvn.scp scp:data/train/split20/15/feats.scp ark:- 
transform-feats --utt2spk=ark:data/train/split20/15/utt2spk ark,s,cs:exp/tri3c_ali/raw_trans.15 ark:- ark:- 
transform-feats exp/tri3c_ali/final.mat ark:- ark:- 
LOG (ali-to-post:main():ali-to-post.cc:65) Converted 10 alignments.
LOG (apply-cmvn:main():apply-cmvn.cc:146) Applied cepstral mean normalization to 10 utterances, errors on 0
LOG (transform-feats:main():transform-feats.cc:158) Overall average logdet is -0.12782 over 12794 frames.
LOG (transform-feats:main():transform-feats.cc:161) Applied transform to 10 utterances; 0 had errors.
LOG (weight-silence-post:main():weight-silence-post.cc:95) Done 10 posteriors.
LOG (transform-feats:main():transform-feats.cc:158) Overall average [pseudo-]logdet is -79.7442 over 12794 frames.
LOG (transform-feats:main():transform-feats.cc:161) Applied transform to 10 utterances; 0 had errors.
LOG (sgmm2-est-spkvecs:UpdateWithU():estimate-am-sgmm2.cc:1931) *Objf impr for speaker vector is 0.00561054 per frame, over 7312.94 frames.
LOG (sgmm2-est-spkvecs:main():sgmm2-est-spkvecs.cc:186) For speaker felipe_spp4, auxf-impr from speaker vector is 0.00561054, over 7312.94 frames.
LOG (sgmm2-est-spkvecs:main():sgmm2-est-spkvecs.cc:250) Overall auxf impr per frame is 0.00561054 over 7312.94 frames.
LOG (sgmm2-est-spkvecs:main():sgmm2-est-spkvecs.cc:252) Done 10 files, 0 with errors.
# Accounting: time=9 threads=1
# Ended (code 0) at Mon Jul  4 16:39:27 BRT 2016, elapsed time 9 seconds
