# ali-to-post "ark:gunzip -c exp/sgmm2_4c/ali.14.gz|" ark:- | weight-silence-post 0.01 1:2:3:4:5:6:7:8:9:10 exp/sgmm2_4c/17.mdl ark:- ark:- | sgmm2-est-spkvecs --rand-prune=0.1 --spk2utt=ark:data/train/split20/14/spk2utt --spk-vecs=ark:exp/sgmm2_4c/vecs.14 "--gselect=ark,s,cs:gunzip -c exp/sgmm2_4c/gselect.14.gz|" exp/sgmm2_4c/17.mdl "ark,s,cs:apply-cmvn  --utt2spk=ark:data/train/split20/14/utt2spk scp:data/train/split20/14/cmvn.scp scp:data/train/split20/14/feats.scp ark:- | transform-feats --utt2spk=ark:data/train/split20/14/utt2spk ark,s,cs:exp/tri3c_ali/raw_trans.14 ark:- ark:- | splice-feats  ark:- ark:- | transform-feats exp/tri3c_ali/final.mat ark:- ark:- |" ark,s,cs:- ark:exp/sgmm2_4c/tmp_vecs.14 && mv exp/sgmm2_4c/tmp_vecs.14 exp/sgmm2_4c/vecs.14 
# Started at Mon Jul  4 17:13:01 BRT 2016
#
weight-silence-post 0.01 1:2:3:4:5:6:7:8:9:10 exp/sgmm2_4c/17.mdl ark:- ark:- 
ali-to-post 'ark:gunzip -c exp/sgmm2_4c/ali.14.gz|' ark:- 
sgmm2-est-spkvecs --rand-prune=0.1 --spk2utt=ark:data/train/split20/14/spk2utt --spk-vecs=ark:exp/sgmm2_4c/vecs.14 '--gselect=ark,s,cs:gunzip -c exp/sgmm2_4c/gselect.14.gz|' exp/sgmm2_4c/17.mdl 'ark,s,cs:apply-cmvn  --utt2spk=ark:data/train/split20/14/utt2spk scp:data/train/split20/14/cmvn.scp scp:data/train/split20/14/feats.scp ark:- | transform-feats --utt2spk=ark:data/train/split20/14/utt2spk ark,s,cs:exp/tri3c_ali/raw_trans.14 ark:- ark:- | splice-feats  ark:- ark:- | transform-feats exp/tri3c_ali/final.mat ark:- ark:- |' ark,s,cs:- ark:exp/sgmm2_4c/tmp_vecs.14 
transform-feats exp/tri3c_ali/final.mat ark:- ark:- 
splice-feats ark:- ark:- 
transform-feats --utt2spk=ark:data/train/split20/14/utt2spk ark,s,cs:exp/tri3c_ali/raw_trans.14 ark:- ark:- 
apply-cmvn --utt2spk=ark:data/train/split20/14/utt2spk scp:data/train/split20/14/cmvn.scp scp:data/train/split20/14/feats.scp ark:- 
LOG (ali-to-post:main():ali-to-post.cc:65) Converted 9 alignments.
LOG (apply-cmvn:main():apply-cmvn.cc:146) Applied cepstral mean normalization to 9 utterances, errors on 0
LOG (transform-feats:main():transform-feats.cc:158) Overall average logdet is -0.243609 over 13797 frames.
LOG (transform-feats:main():transform-feats.cc:161) Applied transform to 9 utterances; 0 had errors.
LOG (weight-silence-post:main():weight-silence-post.cc:95) Done 9 posteriors.
WARNING (sgmm2-est-spkvecs:main():sgmm2-est-spkvecs.cc:147) Did not find features for utterance felipe_spp3-Sfelipe_spp37
LOG (transform-feats:main():transform-feats.cc:158) Overall average [pseudo-]logdet is -79.7442 over 13797 frames.
LOG (transform-feats:main():transform-feats.cc:161) Applied transform to 9 utterances; 0 had errors.
LOG (sgmm2-est-spkvecs:SolveQuadraticProblem<double>():sp-matrix.cc:710) Solving quadratic problem for v_s: floored 1 eigenvalues. 
LOG (sgmm2-est-spkvecs:SolveQuadraticProblem<double>():sp-matrix.cc:710) Solving quadratic problem for v_s: floored 1 eigenvalues. 
LOG (sgmm2-est-spkvecs:SolveQuadraticProblem<double>():sp-matrix.cc:710) Solving quadratic problem for v_s: floored 1 eigenvalues. 
LOG (sgmm2-est-spkvecs:SolveQuadraticProblem<double>():sp-matrix.cc:710) Solving quadratic problem for v_s: floored 1 eigenvalues. 
LOG (sgmm2-est-spkvecs:SolveQuadraticProblem<double>():sp-matrix.cc:710) Solving quadratic problem for v_s: floored 1 eigenvalues. 
LOG (sgmm2-est-spkvecs:UpdateWithU():estimate-am-sgmm2.cc:1931) *Objf impr for speaker vector is 0.00346826 per frame, over 7158.99 frames.
LOG (sgmm2-est-spkvecs:main():sgmm2-est-spkvecs.cc:186) For speaker felipe_spp3, auxf-impr from speaker vector is 0.00346826, over 7158.99 frames.
LOG (sgmm2-est-spkvecs:main():sgmm2-est-spkvecs.cc:250) Overall auxf impr per frame is 0.00346826 over 7158.99 frames.
LOG (sgmm2-est-spkvecs:main():sgmm2-est-spkvecs.cc:252) Done 9 files, 0 with errors.
# Accounting: time=25 threads=1
# Ended (code 0) at Mon Jul  4 17:13:26 BRT 2016, elapsed time 25 seconds
