# sgmm2-est --update-flags=vMwSct --split-substates=5532 --power=0.25 --write-occs=exp/sgmm2_4c/5.occs exp/sgmm2_4c/4.mdl "sgmm2-sum-accs - exp/sgmm2_4c/4.*.acc|" exp/sgmm2_4c/5.mdl 
# Started at Mon Jul  4 16:36:47 BRT 2016
#
sgmm2-est --update-flags=vMwSct --split-substates=5532 --power=0.25 --write-occs=exp/sgmm2_4c/5.occs exp/sgmm2_4c/4.mdl 'sgmm2-sum-accs - exp/sgmm2_4c/4.*.acc|' exp/sgmm2_4c/5.mdl 
sgmm2-sum-accs - exp/sgmm2_4c/4.1.acc exp/sgmm2_4c/4.10.acc exp/sgmm2_4c/4.11.acc exp/sgmm2_4c/4.12.acc exp/sgmm2_4c/4.13.acc exp/sgmm2_4c/4.14.acc exp/sgmm2_4c/4.15.acc exp/sgmm2_4c/4.16.acc exp/sgmm2_4c/4.17.acc exp/sgmm2_4c/4.18.acc exp/sgmm2_4c/4.19.acc exp/sgmm2_4c/4.2.acc exp/sgmm2_4c/4.20.acc exp/sgmm2_4c/4.3.acc exp/sgmm2_4c/4.4.acc exp/sgmm2_4c/4.5.acc exp/sgmm2_4c/4.6.acc exp/sgmm2_4c/4.7.acc exp/sgmm2_4c/4.8.acc exp/sgmm2_4c/4.9.acc 
LOG (sgmm2-sum-accs:main():sgmm2-sum-accs.cc:84) Written stats to -
LOG (sgmm2-est:MleUpdate():transition-model.cc:393) TransitionModel::Update, objf change is 0 per frame over 308780 frames. 
LOG (sgmm2-est:MleUpdate():transition-model.cc:396) 550 probabilities floored, 13778 out of 18357 transition-states skipped due to insuffient data (it is normal to have some skipped.)
LOG (sgmm2-est:main():sgmm2-est.cc:109) Transition model update: Overall 0 log-like improvement per frame over 308780 frames.
LOG (sgmm2-est:Check():estimate-am-sgmm2.cc:216) Sgmm2PdfModel: J1 = 1000, J2 = 4835, D = 40, S = 41, T = 40, I = 399
LOG (sgmm2-est:Check():estimate-am-sgmm2.cc:362) Subspace GMM model properties: Y: yes, nonzero. Z, R: no.  S: yes, nonzero. y: yes, nonzero. a: no.  gamma: yes.  gamma: yes, nonzero. gamma_c: yes, nonzero. t: no.  U: no.  
LOG (sgmm2-est:UpdatePhoneVectors():estimate-am-sgmm2.cc:782) Updating phone vectors
LOG (sgmm2-est:UpdatePhoneVectorsInternal():estimate-am-sgmm2.cc:928) Auxf impr for j = 0 m = 0 is 0.0800169 per frame over 35.5 frames.
LOG (sgmm2-est:UpdatePhoneVectorsInternal():estimate-am-sgmm2.cc:928) Auxf impr for j = 0 m = 1 is 0.0468257 per frame over 44.6 frames.
LOG (sgmm2-est:UpdatePhoneVectorsInternal():estimate-am-sgmm2.cc:928) Auxf impr for j = 0 m = 2 is 0.0479298 per frame over 39.5 frames.
LOG (sgmm2-est:UpdatePhoneVectorsInternal():estimate-am-sgmm2.cc:887) Backtracking computation of v_jm for j = 530 and m = 0 because auxf changed by -6.8898 [vs. predicted:] 2.08548
LOG (sgmm2-est:UpdatePhoneVectorsInternal():estimate-am-sgmm2.cc:928) Auxf impr for j = 1 m = 0 is 1.75017 per frame over 4.89671 frames.
LOG (sgmm2-est:UpdatePhoneVectorsInternal():estimate-am-sgmm2.cc:928) Auxf impr for j = 1 m = 1 is 0.551136 per frame over 33.2366 frames.
LOG (sgmm2-est:UpdatePhoneVectorsInternal():estimate-am-sgmm2.cc:928) Auxf impr for j = 1 m = 2 is 1.26157 per frame over 7.89127 frames.
LOG (sgmm2-est:UpdatePhoneVectorsInternal():estimate-am-sgmm2.cc:928) Auxf impr for j = 2 m = 0 is 0.0716964 per frame over 66.1472 frames.
LOG (sgmm2-est:UpdatePhoneVectorsInternal():estimate-am-sgmm2.cc:928) Auxf impr for j = 2 m = 1 is 0.468817 per frame over 20.9072 frames.
LOG (sgmm2-est:UpdatePhoneVectorsInternal():estimate-am-sgmm2.cc:928) Auxf impr for j = 2 m = 2 is 0.0525958 per frame over 46.5538 frames.
WARNING (sgmm2-est:SolveQuadraticProblem<double>():sp-matrix.cc:667) Zero quadratic term in quadratic vector problem for v: leaving it unchanged.
WARNING (sgmm2-est:SolveQuadraticProblem<double>():sp-matrix.cc:667) Zero quadratic term in quadratic vector problem for v: leaving it unchanged.
WARNING (sgmm2-est:SolveQuadraticProblem<double>():sp-matrix.cc:667) Zero quadratic term in quadratic vector problem for v: leaving it unchanged.
LOG (sgmm2-est:UpdatePhoneVectors():estimate-am-sgmm2.cc:794) **Overall auxf impr for v is 0.0794188 over 308729 frames
LOG (sgmm2-est:SolveQuadraticMatrixProblem():sp-matrix.cc:810) Solving matrix problem for M: floored 34 eigenvalues. 
LOG (sgmm2-est:SolveQuadraticMatrixProblem():sp-matrix.cc:810) Solving matrix problem for M: floored 3 eigenvalues. 
LOG (sgmm2-est:SolveQuadraticMatrixProblem():sp-matrix.cc:810) Solving matrix problem for M: floored 5 eigenvalues. 
LOG (sgmm2-est:SolveQuadraticMatrixProblem():sp-matrix.cc:810) Solving matrix problem for M: floored 30 eigenvalues. 
LOG (sgmm2-est:SolveQuadraticMatrixProblem():sp-matrix.cc:810) Solving matrix problem for M: floored 4 eigenvalues. 
LOG (sgmm2-est:SolveQuadraticMatrixProblem():sp-matrix.cc:810) Solving matrix problem for M: floored 1 eigenvalues. 
LOG (sgmm2-est:SolveQuadraticMatrixProblem():sp-matrix.cc:810) Solving matrix problem for M: floored 1 eigenvalues. 
LOG (sgmm2-est:SolveQuadraticMatrixProblem():sp-matrix.cc:810) Solving matrix problem for M: floored 4 eigenvalues. 
LOG (sgmm2-est:SolveQuadraticMatrixProblem():sp-matrix.cc:810) Solving matrix problem for M: floored 15 eigenvalues. 
LOG (sgmm2-est:SolveQuadraticMatrixProblem():sp-matrix.cc:810) Solving matrix problem for M: floored 17 eigenvalues. 
LOG (sgmm2-est:SolveQuadraticMatrixProblem():sp-matrix.cc:810) Solving matrix problem for M: floored 21 eigenvalues. 
LOG (sgmm2-est:SolveQuadraticMatrixProblem():sp-matrix.cc:810) Solving matrix problem for M: floored 9 eigenvalues. 
LOG (sgmm2-est:SolveQuadraticMatrixProblem():sp-matrix.cc:810) Solving matrix problem for M: floored 20 eigenvalues. 
LOG (sgmm2-est:SolveQuadraticMatrixProblem():sp-matrix.cc:810) Solving matrix problem for M: floored 6 eigenvalues. 
LOG (sgmm2-est:SolveQuadraticMatrixProblem():sp-matrix.cc:810) Solving matrix problem for M: floored 14 eigenvalues. 
LOG (sgmm2-est:SolveQuadraticMatrixProblem():sp-matrix.cc:810) Solving matrix problem for M: floored 9 eigenvalues. 
LOG (sgmm2-est:SolveQuadraticMatrixProblem():sp-matrix.cc:810) Solving matrix problem for M: floored 15 eigenvalues. 
LOG (sgmm2-est:SolveQuadraticMatrixProblem():sp-matrix.cc:810) Solving matrix problem for M: floored 1 eigenvalues. 
LOG (sgmm2-est:SolveQuadraticMatrixProblem():sp-matrix.cc:810) Solving matrix problem for M: floored 28 eigenvalues. 
LOG (sgmm2-est:SolveQuadraticMatrixProblem():sp-matrix.cc:810) Solving matrix problem for M: floored 2 eigenvalues. 
LOG (sgmm2-est:SolveQuadraticMatrixProblem():sp-matrix.cc:810) Solving matrix problem for M: floored 17 eigenvalues. 
LOG (sgmm2-est:SolveQuadraticMatrixProblem():sp-matrix.cc:810) Solving matrix problem for M: floored 3 eigenvalues. 
LOG (sgmm2-est:SolveQuadraticMatrixProblem():sp-matrix.cc:810) Solving matrix problem for M: floored 8 eigenvalues. 
LOG (sgmm2-est:SolveQuadraticMatrixProblem():sp-matrix.cc:810) Solving matrix problem for M: floored 15 eigenvalues. 
LOG (sgmm2-est:SolveQuadraticMatrixProblem():sp-matrix.cc:810) Solving matrix problem for M: floored 7 eigenvalues. 
LOG (sgmm2-est:SolveQuadraticMatrixProblem():sp-matrix.cc:810) Solving matrix problem for M: floored 2 eigenvalues. 
LOG (sgmm2-est:SolveQuadraticMatrixProblem():sp-matrix.cc:810) Solving matrix problem for M: floored 5 eigenvalues. 
LOG (sgmm2-est:SolveQuadraticMatrixProblem():sp-matrix.cc:810) Solving matrix problem for M: floored 10 eigenvalues. 
LOG (sgmm2-est:SolveQuadraticMatrixProblem():sp-matrix.cc:810) Solving matrix problem for M: floored 5 eigenvalues. 
LOG (sgmm2-est:SolveQuadraticMatrixProblem():sp-matrix.cc:810) Solving matrix problem for M: floored 7 eigenvalues. 
LOG (sgmm2-est:SolveQuadraticMatrixProblem():sp-matrix.cc:810) Solving matrix problem for M: floored 2 eigenvalues. 
LOG (sgmm2-est:SolveQuadraticMatrixProblem():sp-matrix.cc:810) Solving matrix problem for M: floored 21 eigenvalues. 
LOG (sgmm2-est:SolveQuadraticMatrixProblem():sp-matrix.cc:810) Solving matrix problem for M: floored 6 eigenvalues. 
LOG (sgmm2-est:SolveQuadraticMatrixProblem():sp-matrix.cc:810) Solving matrix problem for M: floored 18 eigenvalues. 
LOG (sgmm2-est:SolveQuadraticMatrixProblem():sp-matrix.cc:810) Solving matrix problem for M: floored 12 eigenvalues. 
LOG (sgmm2-est:SolveQuadraticMatrixProblem():sp-matrix.cc:810) Solving matrix problem for M: floored 1 eigenvalues. 
LOG (sgmm2-est:SolveQuadraticMatrixProblem():sp-matrix.cc:810) Solving matrix problem for M: floored 7 eigenvalues. 
LOG (sgmm2-est:SolveQuadraticMatrixProblem():sp-matrix.cc:810) Solving matrix problem for M: floored 2 eigenvalues. 
LOG (sgmm2-est:SolveQuadraticMatrixProblem():sp-matrix.cc:810) Solving matrix problem for M: floored 9 eigenvalues. 
LOG (sgmm2-est:SolveQuadraticMatrixProblem():sp-matrix.cc:810) Solving matrix problem for M: floored 25 eigenvalues. 
LOG (sgmm2-est:SolveQuadraticMatrixProblem():sp-matrix.cc:810) Solving matrix problem for M: floored 15 eigenvalues. 
LOG (sgmm2-est:SolveQuadraticMatrixProblem():sp-matrix.cc:810) Solving matrix problem for M: floored 1 eigenvalues. 
LOG (sgmm2-est:SolveQuadraticMatrixProblem():sp-matrix.cc:810) Solving matrix problem for M: floored 1 eigenvalues. 
LOG (sgmm2-est:UpdateM():estimate-am-sgmm2.cc:1068) Overall objective function improvement for model projections M is 1.24396 over 308729 frames
LOG (sgmm2-est:UpdateW():estimate-am-sgmm2.cc:1319) Updating weight projections
LOG (sgmm2-est:UpdateW():estimate-am-sgmm2.cc:1373) Predicted objf impr for w, iter = 0, i = 0 is 0.00793494 per frame over 1913.27 frames.
LOG (sgmm2-est:UpdateW():estimate-am-sgmm2.cc:1373) Predicted objf impr for w, iter = 0, i = 1 is 0.00851859 per frame over 2558.79 frames.
LOG (sgmm2-est:UpdateW():estimate-am-sgmm2.cc:1373) Predicted objf impr for w, iter = 0, i = 2 is 0.00661642 per frame over 1014.72 frames.
LOG (sgmm2-est:UpdateW():estimate-am-sgmm2.cc:1373) Predicted objf impr for w, iter = 0, i = 3 is 0.00767196 per frame over 653.531 frames.
LOG (sgmm2-est:UpdateW():estimate-am-sgmm2.cc:1373) Predicted objf impr for w, iter = 0, i = 4 is 0.00821297 per frame over 1509.06 frames.
LOG (sgmm2-est:UpdateW():estimate-am-sgmm2.cc:1373) Predicted objf impr for w, iter = 0, i = 5 is 0.00884519 per frame over 1362.37 frames.
LOG (sgmm2-est:UpdateW():estimate-am-sgmm2.cc:1373) Predicted objf impr for w, iter = 0, i = 6 is 0.00958596 per frame over 2310.51 frames.
LOG (sgmm2-est:UpdateW():estimate-am-sgmm2.cc:1373) Predicted objf impr for w, iter = 0, i = 7 is 0.00883697 per frame over 2209.42 frames.
LOG (sgmm2-est:UpdateW():estimate-am-sgmm2.cc:1373) Predicted objf impr for w, iter = 0, i = 8 is 0.00772146 per frame over 1652.28 frames.
LOG (sgmm2-est:UpdateW():estimate-am-sgmm2.cc:1373) Predicted objf impr for w, iter = 0, i = 9 is 0.00738763 per frame over 585.627 frames.
LOG (sgmm2-est:UpdateW():estimate-am-sgmm2.cc:1373) Predicted objf impr for w, iter = 1, i = 0 is 0.00134042 per frame over 1913.27 frames.
LOG (sgmm2-est:UpdateW():estimate-am-sgmm2.cc:1373) Predicted objf impr for w, iter = 1, i = 1 is 0.000892799 per frame over 2558.79 frames.
LOG (sgmm2-est:UpdateW():estimate-am-sgmm2.cc:1373) Predicted objf impr for w, iter = 1, i = 2 is 0.000913556 per frame over 1014.72 frames.
LOG (sgmm2-est:UpdateW():estimate-am-sgmm2.cc:1373) Predicted objf impr for w, iter = 1, i = 3 is 0.000897507 per frame over 653.531 frames.
LOG (sgmm2-est:UpdateW():estimate-am-sgmm2.cc:1373) Predicted objf impr for w, iter = 1, i = 4 is 0.00207178 per frame over 1509.06 frames.
LOG (sgmm2-est:UpdateW():estimate-am-sgmm2.cc:1373) Predicted objf impr for w, iter = 1, i = 5 is 0.00129434 per frame over 1362.37 frames.
LOG (sgmm2-est:UpdateW():estimate-am-sgmm2.cc:1373) Predicted objf impr for w, iter = 1, i = 6 is 0.00113791 per frame over 2310.51 frames.
LOG (sgmm2-est:UpdateW():estimate-am-sgmm2.cc:1373) Predicted objf impr for w, iter = 1, i = 7 is 0.000939426 per frame over 2209.42 frames.
LOG (sgmm2-est:UpdateW():estimate-am-sgmm2.cc:1373) Predicted objf impr for w, iter = 1, i = 8 is 0.00120058 per frame over 1652.28 frames.
LOG (sgmm2-est:UpdateW():estimate-am-sgmm2.cc:1373) Predicted objf impr for w, iter = 1, i = 9 is 0.00247355 per frame over 585.627 frames.
LOG (sgmm2-est:SolveQuadraticProblem<double>():sp-matrix.cc:710) Solving quadratic problem for w: floored 1 eigenvalues. 
LOG (sgmm2-est:UpdateW():estimate-am-sgmm2.cc:1373) Predicted objf impr for w, iter = 2, i = 0 is 0.000683474 per frame over 1913.27 frames.
LOG (sgmm2-est:UpdateW():estimate-am-sgmm2.cc:1373) Predicted objf impr for w, iter = 2, i = 1 is 0.000408787 per frame over 2558.79 frames.
LOG (sgmm2-est:UpdateW():estimate-am-sgmm2.cc:1373) Predicted objf impr for w, iter = 2, i = 2 is 0.000456505 per frame over 1014.72 frames.
LOG (sgmm2-est:UpdateW():estimate-am-sgmm2.cc:1373) Predicted objf impr for w, iter = 2, i = 3 is 0.000323088 per frame over 653.531 frames.
LOG (sgmm2-est:UpdateW():estimate-am-sgmm2.cc:1373) Predicted objf impr for w, iter = 2, i = 4 is 0.00132675 per frame over 1509.06 frames.
LOG (sgmm2-est:UpdateW():estimate-am-sgmm2.cc:1373) Predicted objf impr for w, iter = 2, i = 5 is 0.000595781 per frame over 1362.37 frames.
LOG (sgmm2-est:UpdateW():estimate-am-sgmm2.cc:1373) Predicted objf impr for w, iter = 2, i = 6 is 0.000424053 per frame over 2310.51 frames.
LOG (sgmm2-est:UpdateW():estimate-am-sgmm2.cc:1373) Predicted objf impr for w, iter = 2, i = 7 is 0.000398548 per frame over 2209.42 frames.
LOG (sgmm2-est:UpdateW():estimate-am-sgmm2.cc:1373) Predicted objf impr for w, iter = 2, i = 8 is 0.00066116 per frame over 1652.28 frames.
LOG (sgmm2-est:UpdateW():estimate-am-sgmm2.cc:1373) Predicted objf impr for w, iter = 2, i = 9 is 0.00153927 per frame over 585.627 frames.
LOG (sgmm2-est:SolveQuadraticProblem<double>():sp-matrix.cc:710) Solving quadratic problem for w: floored 1 eigenvalues. 
LOG (sgmm2-est:UpdateW():estimate-am-sgmm2.cc:1427) **Overall objf impr for w is 0.0152107, actual 0.0240672, over 308729 frames
WARNING (sgmm2-est:UpdateVars():estimate-am-sgmm2.cc:1643) For Gaussian component 42: Floored 1 covariance eigenvalues.
LOG (sgmm2-est:UpdateVars():estimate-am-sgmm2.cc:1669) **Overall objf impr for variance update = 0.0478976 over 308729 frames
LOG (sgmm2-est:UpdateSubstateWeights():estimate-am-sgmm2.cc:1678) Updating substate mixture weights
LOG (sgmm2-est:UpdateSubstateWeights():estimate-am-sgmm2.cc:1701) **Overall objf impr for c is 0.0030494, over 308729 frames.
LOG (sgmm2-est:RenormalizeV():estimate-am-sgmm2.cc:963) Scatter of vectors v is : 
LOG (sgmm2-est:PrintEigs():matrix/sp-matrix.h:217) PrintEigs: Sigma:  [ 0.975126 1.15733 1.02068 1.02828 1.03325 1.03645 1.03998 1.04452 1.13532 1.04944 1.05508 1.05537 1.05876 1.06048 1.06326 1.06716 1.06688 1.0703 1.07188 1.07315 1.07638 1.12552 1.12184 1.12074 1.11855 1.07969 1.08082 1.08356 1.08624 1.08841 1.09048 1.09158 1.09303 1.09549 1.09755 1.09939 1.10236 1.10505 1.11113 1.10914 1.10772 ]
LOG (sgmm2-est:RenormalizeV():estimate-am-sgmm2.cc:985) Note on the next diagnostic: the first number is generally not that meaningful as it relates to the static offset
LOG (sgmm2-est:PrintEigs():matrix/sp-matrix.h:217) PrintEigs: H_sm_proj (Significance of dims in vector space.. note):  [ 105.821 11.9333 7.16652 6.82432 5.11788 4.05741 3.58307 3.07567 2.38655 2.10091 1.98379 1.78753 1.63964 1.60086 1.44771 1.21791 1.19155 1.12442 0.988811 0.915785 0.847501 0.7937 0.757679 0.701887 0.677356 0.617961 0.593631 0.551199 0.526287 0.148245 0.176827 0.196396 0.230383 0.249479 0.414962 0.392129 0.382176 0.346984 0.289624 0.303734 0.316067 ]
LOG (sgmm2-est:RenormalizeV():estimate-am-sgmm2.cc:1031) Renormalized subspace.
LOG (sgmm2-est:Update():estimate-am-sgmm2.cc:673) *Overall auxf improvement, combining all parameters, is 1.3984
LOG (sgmm2-est:Update():estimate-am-sgmm2.cc:676) ***Overall data likelihood is -39.1799 over 308729 frames.
WARNING (sgmm2-est:ComputeHsmFromModel():am-sgmm2.cc:1282) Limited 2 eigenvalues of H_sm
LOG (sgmm2-est:ComputeHsmFromModel():am-sgmm2.cc:1287) total count is 308728
LOG (sgmm2-est:SplitSubstates():am-sgmm2.cc:692) Getting rid of normalizers as they will no longer be valid
LOG (sgmm2-est:SplitSubstates():am-sgmm2.cc:694) Split 7490 substates to 7626
LOG (sgmm2-est:ComputeNormalizers():am-sgmm2.cc:852) Computing normalizers
LOG (sgmm2-est:ComputeNormalizers():am-sgmm2.cc:859) Entropy of weights in substates is 2.07143 over 7626 substates, equivalent to perplexity of 7.93613
LOG (sgmm2-est:ComputeNormalizers():am-sgmm2.cc:863) Done computing normalizers
LOG (sgmm2-est:main():sgmm2-est.cc:158) Written model to exp/sgmm2_4c/5.mdl
# Accounting: time=18 threads=1
# Ended (code 0) at Mon Jul  4 16:37:05 BRT 2016, elapsed time 18 seconds
