# Running on red-black-tea
# Started at Mon Jul 18 17:09:23 BRT 2016
# nnet-latgen-faster --minimize=false --max-active=7000 --min-active=200 --beam=13.0 --lattice-beam=6.0 --acoustic-scale=0.1 --allow-partial=true --word-symbol-table=exp/tri3c/graph/words.txt exp/nnet4a/final.mdl exp/tri3c/graph/HCLG.fst "ark,s,cs:apply-cmvn  --utt2spk=ark:data/test/split1/1/utt2spk scp:data/test/split1/1/cmvn.scp scp:data/test/split1/1/feats.scp ark:- | transform-feats --utt2spk=ark:data/test/split1/1/utt2spk ark:exp/tri3c/decode/raw_trans.1 ark:- ark:- |" "ark:|gzip -c > exp/nnet4a/decode/lat.1.gz" 
nnet-latgen-faster --minimize=false --max-active=7000 --min-active=200 --beam=13.0 --lattice-beam=6.0 --acoustic-scale=0.1 --allow-partial=true --word-symbol-table=exp/tri3c/graph/words.txt exp/nnet4a/final.mdl exp/tri3c/graph/HCLG.fst 'ark,s,cs:apply-cmvn  --utt2spk=ark:data/test/split1/1/utt2spk scp:data/test/split1/1/cmvn.scp scp:data/test/split1/1/feats.scp ark:- | transform-feats --utt2spk=ark:data/test/split1/1/utt2spk ark:exp/tri3c/decode/raw_trans.1 ark:- ark:- |' 'ark:|gzip -c > exp/nnet4a/decode/lat.1.gz' 
apply-cmvn --utt2spk=ark:data/test/split1/1/utt2spk scp:data/test/split1/1/cmvn.scp scp:data/test/split1/1/feats.scp ark:- 
transform-feats --utt2spk=ark:data/test/split1/1/utt2spk ark:exp/tri3c/decode/raw_trans.1 ark:- ark:- 
felipe_test feijao arroz carne detergente escova-de-dente desodorante <UNK> pasta-de-dente <UNK> shampoo coco repolho rucula alface tomate batata <UNK> sucrilhos leite ovos <UNK> pao iogurte <UNK> oleo massa-de-tomate tempero massa aveia <cough> <UNK> <UNK> farinha amendoim farofa 
LOG (nnet-latgen-faster:DecodeUtteranceLatticeFaster():decoder-wrappers.cc:285) Log-like per frame for utterance felipe_test is 0.185332 over 6798 frames.
LOG (apply-cmvn:main():apply-cmvn.cc:146) Applied cepstral mean normalization to 3 utterances, errors on 0
felipe_test1 carne <hesitation> uva molho galinha CD bolo cenoura tomate beterraba <cough> agriao rucula arroz feijao farofa cha nescau cafe filtro-de-papel azeite oleo massa queijo iogurte leite pao ovos <hesitation> rim geleia gin vodca <cough> <hesitation> ovo 
LOG (nnet-latgen-faster:DecodeUtteranceLatticeFaster():decoder-wrappers.cc:285) Log-like per frame for utterance felipe_test1 is 0.188867 over 6173 frames.
LOG (transform-feats:main():transform-feats.cc:158) Overall average logdet is -1.27549 over 19069 frames.
LOG (transform-feats:main():transform-feats.cc:161) Applied transform to 3 utterances; 0 had errors.
felipe_test2 comida-de-cachorro comida-de-gato pasta-de-dente shampoo bolo oleo azeite molho-de-tomate massa queijo cebola cenoura batata alface tomate maçã abacaxi pao leite ovos iogurte papel-higienico aparelho-de-barbear veneno-para-matar-mosquito detergente saco-de-lixo 
LOG (nnet-latgen-faster:DecodeUtteranceLatticeFaster():decoder-wrappers.cc:285) Log-like per frame for utterance felipe_test2 is 0.222931 over 6098 frames.
LOG (nnet-latgen-faster:main():nnet-latgen-faster.cc:180) Time taken 9.73972s: real-time factor assuming 100 frames/sec is 0.0510762
LOG (nnet-latgen-faster:main():nnet-latgen-faster.cc:183) Done 3 utterances, failed for 0
LOG (nnet-latgen-faster:main():nnet-latgen-faster.cc:185) Overall log-likelihood per frame is 0.1985 over 19069 frames.
# Accounting: time=9 threads=1
# Finished at Mon Jul 18 17:09:32 BRT 2016 with status 0
