# gunzip -c exp/tri3c/decode_2fmllr.si/depth_stats_tmp.*.gz | steps/diagnostic/analyze_lattice_depth_stats.py exp/tri3c/graph 
# Started at Fri Jun 24 14:40:59 BRT 2016
#
The total amount of data analyzed assuming 100 frames per second is 0.0 hours
Overall, lattice depth (10,50,90-percentile)=(1,2,6) and mean=3.0
Phone sil accounts for 71.2% of frames, with lattice depth (10,50,90-percentile)=(1,2,6) and mean=3.0
Nonsilence phones as a group account for 28.5% of frames, with lattice depth (10,50,90-percentile)=(1,2,6) and mean=3.0
Phone a_E accounts for 3.8% of frames, with lattice depth (10,50,90-percentile)=(1,2,10) and mean=3.8
Phone a_I accounts for 3.0% of frames, with lattice depth (10,50,90-percentile)=(1,2,3) and mean=2.3
Phone u_E accounts for 2.2% of frames, with lattice depth (10,50,90-percentile)=(1,2,9) and mean=4.2
Phone r_I accounts for 1.2% of frames, with lattice depth (10,50,90-percentile)=(1,2,5) and mean=2.7
Phone i_I accounts for 1.2% of frames, with lattice depth (10,50,90-percentile)=(1,2,6) and mean=2.6
Phone l_I accounts for 1.1% of frames, with lattice depth (10,50,90-percentile)=(1,2,2) and mean=2.0
Phone o_I accounts for 1.1% of frames, with lattice depth (10,50,90-percentile)=(1,3,6) and mean=4.1
Phone e_I accounts for 1.0% of frames, with lattice depth (10,50,90-percentile)=(1,1,11) and mean=3.5
Phone s_I accounts for 1.0% of frames, with lattice depth (10,50,90-percentile)=(2,2,2) and mean=2.0
Phone g_B accounts for 0.9% of frames, with lattice depth (10,50,90-percentile)=(1,2,6) and mean=2.7
Phone i_E accounts for 0.9% of frames, with lattice depth (10,50,90-percentile)=(1,2,6) and mean=2.1
Phone sh_I accounts for 0.7% of frames, with lattice depth (10,50,90-percentile)=(1,1,6) and mean=2.7
Phone t_I accounts for 0.7% of frames, with lattice depth (10,50,90-percentile)=(1,2,5) and mean=2.8
Phone u_I accounts for 0.6% of frames, with lattice depth (10,50,90-percentile)=(1,2,5) and mean=2.5
Phone k_B accounts for 0.6% of frames, with lattice depth (10,50,90-percentile)=(2,2,6) and mean=3.0
Phone un_E accounts for 0.5% of frames, with lattice depth (10,50,90-percentile)=(1,1,1) and mean=1.0
Phone eh_B accounts for 0.5% of frames, with lattice depth (10,50,90-percentile)=(1,1,1) and mean=1.0
# Accounting: time=0 threads=1
# Ended (code 0) at Fri Jun 24 14:40:59 BRT 2016, elapsed time 0 seconds
