# gmm-gselect --n=25 "--gselect=ark,s,cs:gunzip -c exp/ubm4c/gselect.3.gz|" "fgmm-global-to-gmm exp/ubm4c/2.ubm - |" "ark,s,cs:apply-cmvn  --utt2spk=ark:data/train/split16/3/utt2spk scp:data/train/split16/3/cmvn.scp scp:data/train/split16/3/feats.scp ark:- | transform-feats --utt2spk=ark:data/train/split16/3/utt2spk ark,s,cs:exp/tri3c_ali/raw_trans.3 ark:- ark:- | splice-feats  ark:- ark:- | transform-feats exp/tri3c_ali/final.mat ark:- ark:- |" ark:- | fgmm-global-acc-stats --weights='ark,s,cs:gunzip -c exp/tri3c_ali/ali.3.gz | ali-to-post ark:- ark:- | weight-silence-post 0.5 1:2:3:4:5:6:7:8:9:10 exp/tri3c_ali/final.mdl ark:- ark:- | post-to-weights ark:- ark:- |' --gselect=ark,s,cs:- exp/ubm4c/2.ubm "ark,s,cs:apply-cmvn  --utt2spk=ark:data/train/split16/3/utt2spk scp:data/train/split16/3/cmvn.scp scp:data/train/split16/3/feats.scp ark:- | transform-feats --utt2spk=ark:data/train/split16/3/utt2spk ark,s,cs:exp/tri3c_ali/raw_trans.3 ark:- ark:- | splice-feats  ark:- ark:- | transform-feats exp/tri3c_ali/final.mat ark:- ark:- |" exp/ubm4c/2.3.acc 
# Started at Tue Aug  2 16:12:51 BRT 2016
#
gmm-gselect --n=25 '--gselect=ark,s,cs:gunzip -c exp/ubm4c/gselect.3.gz|' 'fgmm-global-to-gmm exp/ubm4c/2.ubm - |' 'ark,s,cs:apply-cmvn  --utt2spk=ark:data/train/split16/3/utt2spk scp:data/train/split16/3/cmvn.scp scp:data/train/split16/3/feats.scp ark:- | transform-feats --utt2spk=ark:data/train/split16/3/utt2spk ark,s,cs:exp/tri3c_ali/raw_trans.3 ark:- ark:- | splice-feats  ark:- ark:- | transform-feats exp/tri3c_ali/final.mat ark:- ark:- |' ark:- 
fgmm-global-acc-stats '--weights=ark,s,cs:gunzip -c exp/tri3c_ali/ali.3.gz | ali-to-post ark:- ark:- | weight-silence-post 0.5 1:2:3:4:5:6:7:8:9:10 exp/tri3c_ali/final.mdl ark:- ark:- | post-to-weights ark:- ark:- |' --gselect=ark,s,cs:- exp/ubm4c/2.ubm 'ark,s,cs:apply-cmvn  --utt2spk=ark:data/train/split16/3/utt2spk scp:data/train/split16/3/cmvn.scp scp:data/train/split16/3/feats.scp ark:- | transform-feats --utt2spk=ark:data/train/split16/3/utt2spk ark,s,cs:exp/tri3c_ali/raw_trans.3 ark:- ark:- | splice-feats  ark:- ark:- | transform-feats exp/tri3c_ali/final.mat ark:- ark:- |' exp/ubm4c/2.3.acc 
fgmm-global-to-gmm exp/ubm4c/2.ubm - 
apply-cmvn --utt2spk=ark:data/train/split16/3/utt2spk scp:data/train/split16/3/cmvn.scp scp:data/train/split16/3/feats.scp ark:- 
transform-feats exp/tri3c_ali/final.mat ark:- ark:- 
splice-feats ark:- ark:- 
transform-feats --utt2spk=ark:data/train/split16/3/utt2spk ark,s,cs:exp/tri3c_ali/raw_trans.3 ark:- ark:- 
post-to-weights ark:- ark:- 
weight-silence-post 0.5 1:2:3:4:5:6:7:8:9:10 exp/tri3c_ali/final.mdl ark:- ark:- 
ali-to-post ark:- ark:- 
LOG (fgmm-global-to-gmm:main():fgmm-global-to-gmm.cc:58) Written diagonal GMM to -
apply-cmvn --utt2spk=ark:data/train/split16/3/utt2spk scp:data/train/split16/3/cmvn.scp scp:data/train/split16/3/feats.scp ark:- 
transform-feats exp/tri3c_ali/final.mat ark:- ark:- 
splice-feats ark:- ark:- 
transform-feats --utt2spk=ark:data/train/split16/3/utt2spk ark,s,cs:exp/tri3c_ali/raw_trans.3 ark:- ark:- 
LOG (gmm-gselect:main():gmm-gselect.cc:114) For 0'th file, average UBM likelihood over 1836 frames is -48.0899
LOG (gmm-gselect:main():gmm-gselect.cc:114) For 10'th file, average UBM likelihood over 1723 frames is -50.8151
LOG (ali-to-post:main():ali-to-post.cc:65) Converted 30 alignments.
LOG (weight-silence-post:main():weight-silence-post.cc:95) Done 30 posteriors.
LOG (post-to-weights:main():post-to-weights.cc:68) Done converting 30 posteriors to weights.
LOG (gmm-gselect:main():gmm-gselect.cc:114) For 20'th file, average UBM likelihood over 1266 frames is -51.771
LOG (apply-cmvn:main():apply-cmvn.cc:146) Applied cepstral mean normalization to 30 utterances, errors on 0
LOG (apply-cmvn:main():apply-cmvn.cc:146) Applied cepstral mean normalization to 30 utterances, errors on 0
LOG (transform-feats:main():transform-feats.cc:158) Overall average logdet is -0.0592824 over 46422 frames.
LOG (transform-feats:main():transform-feats.cc:161) Applied transform to 30 utterances; 0 had errors.
LOG (transform-feats:main():transform-feats.cc:158) Overall average logdet is -0.0592824 over 46422 frames.
LOG (transform-feats:main():transform-feats.cc:161) Applied transform to 30 utterances; 0 had errors.
LOG (transform-feats:main():transform-feats.cc:158) Overall average [pseudo-]logdet is -87.2258 over 46422 frames.
LOG (transform-feats:main():transform-feats.cc:161) Applied transform to 30 utterances; 0 had errors.
LOG (transform-feats:main():transform-feats.cc:158) Overall average [pseudo-]logdet is -87.2258 over 46422 frames.
LOG (transform-feats:main():transform-feats.cc:161) Applied transform to 30 utterances; 0 had errors.
LOG (gmm-gselect:main():gmm-gselect.cc:125) Done 30 files, 0 with errors, average UBM log-likelihood is -50.5532 over 46422 frames.
LOG (fgmm-global-acc-stats:main():fgmm-global-acc-stats.cc:148) Done 30 files; 0 with errors.
LOG (fgmm-global-acc-stats:main():fgmm-global-acc-stats.cc:150) Overall likelihood per frame = -50.0916 over 38091 (weighted) frames.
LOG (fgmm-global-acc-stats:main():fgmm-global-acc-stats.cc:155) Written accs to exp/ubm4c/2.3.acc
# Accounting: time=5 threads=1
# Ended (code 0) at Tue Aug  2 16:12:56 BRT 2016, elapsed time 5 seconds
