# gmm-gselect --n=25 "--gselect=ark,s,cs:gunzip -c exp/ubm4c/gselect.5.gz|" "fgmm-global-to-gmm exp/ubm4c/0.ubm - |" "ark,s,cs:apply-cmvn  --utt2spk=ark:data/train/split12/5/utt2spk scp:data/train/split12/5/cmvn.scp scp:data/train/split12/5/feats.scp ark:- | transform-feats --utt2spk=ark:data/train/split12/5/utt2spk ark,s,cs:exp/tri3c_ali/raw_trans.5 ark:- ark:- | splice-feats  ark:- ark:- | transform-feats exp/tri3c_ali/final.mat ark:- ark:- |" ark:- | fgmm-global-acc-stats --weights='ark,s,cs:gunzip -c exp/tri3c_ali/ali.5.gz | ali-to-post ark:- ark:- | weight-silence-post 0.5 1:2:3:4:5:6:7:8:9:10 exp/tri3c_ali/final.mdl ark:- ark:- | post-to-weights ark:- ark:- |' --gselect=ark,s,cs:- exp/ubm4c/0.ubm "ark,s,cs:apply-cmvn  --utt2spk=ark:data/train/split12/5/utt2spk scp:data/train/split12/5/cmvn.scp scp:data/train/split12/5/feats.scp ark:- | transform-feats --utt2spk=ark:data/train/split12/5/utt2spk ark,s,cs:exp/tri3c_ali/raw_trans.5 ark:- ark:- | splice-feats  ark:- ark:- | transform-feats exp/tri3c_ali/final.mat ark:- ark:- |" exp/ubm4c/0.5.acc 
# Started at Fri Jun 17 14:44:07 BRT 2016
#
gmm-gselect --n=25 '--gselect=ark,s,cs:gunzip -c exp/ubm4c/gselect.5.gz|' 'fgmm-global-to-gmm exp/ubm4c/0.ubm - |' 'ark,s,cs:apply-cmvn  --utt2spk=ark:data/train/split12/5/utt2spk scp:data/train/split12/5/cmvn.scp scp:data/train/split12/5/feats.scp ark:- | transform-feats --utt2spk=ark:data/train/split12/5/utt2spk ark,s,cs:exp/tri3c_ali/raw_trans.5 ark:- ark:- | splice-feats  ark:- ark:- | transform-feats exp/tri3c_ali/final.mat ark:- ark:- |' ark:- 
fgmm-global-acc-stats '--weights=ark,s,cs:gunzip -c exp/tri3c_ali/ali.5.gz | ali-to-post ark:- ark:- | weight-silence-post 0.5 1:2:3:4:5:6:7:8:9:10 exp/tri3c_ali/final.mdl ark:- ark:- | post-to-weights ark:- ark:- |' --gselect=ark,s,cs:- exp/ubm4c/0.ubm 'ark,s,cs:apply-cmvn  --utt2spk=ark:data/train/split12/5/utt2spk scp:data/train/split12/5/cmvn.scp scp:data/train/split12/5/feats.scp ark:- | transform-feats --utt2spk=ark:data/train/split12/5/utt2spk ark,s,cs:exp/tri3c_ali/raw_trans.5 ark:- ark:- | splice-feats  ark:- ark:- | transform-feats exp/tri3c_ali/final.mat ark:- ark:- |' exp/ubm4c/0.5.acc 
fgmm-global-to-gmm exp/ubm4c/0.ubm - 
LOG (fgmm-global-to-gmm:main():fgmm-global-to-gmm.cc:58) Written diagonal GMM to -
apply-cmvn --utt2spk=ark:data/train/split12/5/utt2spk scp:data/train/split12/5/cmvn.scp scp:data/train/split12/5/feats.scp ark:- 
transform-feats --utt2spk=ark:data/train/split12/5/utt2spk ark,s,cs:exp/tri3c_ali/raw_trans.5 ark:- ark:- 
transform-feats exp/tri3c_ali/final.mat ark:- ark:- 
splice-feats ark:- ark:- 
apply-cmvn --utt2spk=ark:data/train/split12/5/utt2spk scp:data/train/split12/5/cmvn.scp scp:data/train/split12/5/feats.scp ark:- 
post-to-weights ark:- ark:- 
weight-silence-post 0.5 1:2:3:4:5:6:7:8:9:10 exp/tri3c_ali/final.mdl ark:- ark:- 
ali-to-post ark:- ark:- 
transform-feats --utt2spk=ark:data/train/split12/5/utt2spk ark,s,cs:exp/tri3c_ali/raw_trans.5 ark:- ark:- 
transform-feats exp/tri3c_ali/final.mat ark:- ark:- 
splice-feats ark:- ark:- 
LOG (gmm-gselect:main():gmm-gselect.cc:114) For 0'th file, average UBM likelihood over 1423 frames is -52.8132
LOG (ali-to-post:main():ali-to-post.cc:65) Converted 20 alignments.
LOG (weight-silence-post:main():weight-silence-post.cc:95) Done 20 posteriors.
LOG (gmm-gselect:main():gmm-gselect.cc:114) For 10'th file, average UBM likelihood over 1761 frames is -52.0278
LOG (post-to-weights:main():post-to-weights.cc:68) Done converting 20 posteriors to weights.
LOG (apply-cmvn:main():apply-cmvn.cc:146) Applied cepstral mean normalization to 20 utterances, errors on 0
LOG (apply-cmvn:main():apply-cmvn.cc:146) Applied cepstral mean normalization to 20 utterances, errors on 0
LOG (transform-feats:main():transform-feats.cc:158) Overall average logdet is 0.012447 over 31476 frames.
LOG (transform-feats:main():transform-feats.cc:161) Applied transform to 20 utterances; 0 had errors.
LOG (transform-feats:main():transform-feats.cc:158) Overall average logdet is 0.012447 over 31476 frames.
LOG (transform-feats:main():transform-feats.cc:161) Applied transform to 20 utterances; 0 had errors.
LOG (transform-feats:main():transform-feats.cc:158) Overall average [pseudo-]logdet is -87.7405 over 31476 frames.
LOG (transform-feats:main():transform-feats.cc:161) Applied transform to 20 utterances; 0 had errors.
LOG (transform-feats:main():transform-feats.cc:158) Overall average [pseudo-]logdet is -87.7405 over 31476 frames.
LOG (transform-feats:main():transform-feats.cc:161) Applied transform to 20 utterances; 0 had errors.
LOG (gmm-gselect:main():gmm-gselect.cc:125) Done 20 files, 0 with errors, average UBM log-likelihood is -51.4586 over 31476 frames.
LOG (fgmm-global-acc-stats:main():fgmm-global-acc-stats.cc:148) Done 20 files; 0 with errors.
LOG (fgmm-global-acc-stats:main():fgmm-global-acc-stats.cc:150) Overall likelihood per frame = -54.6691 over 25918 (weighted) frames.
LOG (fgmm-global-acc-stats:main():fgmm-global-acc-stats.cc:155) Written accs to exp/ubm4c/0.5.acc
# Accounting: time=3 threads=1
# Ended (code 0) at Fri Jun 17 14:44:10 BRT 2016, elapsed time 3 seconds
