# gmm-gselect --n=25 "--gselect=ark,s,cs:gunzip -c exp/ubm4c/gselect.1.gz|" "fgmm-global-to-gmm exp/ubm4c/0.ubm - |" "ark,s,cs:apply-cmvn  --utt2spk=ark:data/train/split16/1/utt2spk scp:data/train/split16/1/cmvn.scp scp:data/train/split16/1/feats.scp ark:- | transform-feats --utt2spk=ark:data/train/split16/1/utt2spk ark,s,cs:exp/tri3c_ali/raw_trans.1 ark:- ark:- | splice-feats  ark:- ark:- | transform-feats exp/tri3c_ali/final.mat ark:- ark:- |" ark:- | fgmm-global-acc-stats --weights='ark,s,cs:gunzip -c exp/tri3c_ali/ali.1.gz | ali-to-post ark:- ark:- | weight-silence-post 0.5 1:2:3:4:5:6:7:8:9:10 exp/tri3c_ali/final.mdl ark:- ark:- | post-to-weights ark:- ark:- |' --gselect=ark,s,cs:- exp/ubm4c/0.ubm "ark,s,cs:apply-cmvn  --utt2spk=ark:data/train/split16/1/utt2spk scp:data/train/split16/1/cmvn.scp scp:data/train/split16/1/feats.scp ark:- | transform-feats --utt2spk=ark:data/train/split16/1/utt2spk ark,s,cs:exp/tri3c_ali/raw_trans.1 ark:- ark:- | splice-feats  ark:- ark:- | transform-feats exp/tri3c_ali/final.mat ark:- ark:- |" exp/ubm4c/0.1.acc 
# Started at Wed Jun 22 14:09:47 BRT 2016
#
gmm-gselect --n=25 '--gselect=ark,s,cs:gunzip -c exp/ubm4c/gselect.1.gz|' 'fgmm-global-to-gmm exp/ubm4c/0.ubm - |' 'ark,s,cs:apply-cmvn  --utt2spk=ark:data/train/split16/1/utt2spk scp:data/train/split16/1/cmvn.scp scp:data/train/split16/1/feats.scp ark:- | transform-feats --utt2spk=ark:data/train/split16/1/utt2spk ark,s,cs:exp/tri3c_ali/raw_trans.1 ark:- ark:- | splice-feats  ark:- ark:- | transform-feats exp/tri3c_ali/final.mat ark:- ark:- |' ark:- 
fgmm-global-acc-stats '--weights=ark,s,cs:gunzip -c exp/tri3c_ali/ali.1.gz | ali-to-post ark:- ark:- | weight-silence-post 0.5 1:2:3:4:5:6:7:8:9:10 exp/tri3c_ali/final.mdl ark:- ark:- | post-to-weights ark:- ark:- |' --gselect=ark,s,cs:- exp/ubm4c/0.ubm 'ark,s,cs:apply-cmvn  --utt2spk=ark:data/train/split16/1/utt2spk scp:data/train/split16/1/cmvn.scp scp:data/train/split16/1/feats.scp ark:- | transform-feats --utt2spk=ark:data/train/split16/1/utt2spk ark,s,cs:exp/tri3c_ali/raw_trans.1 ark:- ark:- | splice-feats  ark:- ark:- | transform-feats exp/tri3c_ali/final.mat ark:- ark:- |' exp/ubm4c/0.1.acc 
fgmm-global-to-gmm exp/ubm4c/0.ubm - 
transform-feats exp/tri3c_ali/final.mat ark:- ark:- 
transform-feats --utt2spk=ark:data/train/split16/1/utt2spk ark,s,cs:exp/tri3c_ali/raw_trans.1 ark:- ark:- 
apply-cmvn --utt2spk=ark:data/train/split16/1/utt2spk scp:data/train/split16/1/cmvn.scp scp:data/train/split16/1/feats.scp ark:- 
splice-feats ark:- ark:- 
post-to-weights ark:- ark:- 
ali-to-post ark:- ark:- 
weight-silence-post 0.5 1:2:3:4:5:6:7:8:9:10 exp/tri3c_ali/final.mdl ark:- ark:- 
LOG (fgmm-global-to-gmm:main():fgmm-global-to-gmm.cc:58) Written diagonal GMM to -
transform-feats exp/tri3c_ali/final.mat ark:- ark:- 
splice-feats ark:- ark:- 
transform-feats --utt2spk=ark:data/train/split16/1/utt2spk ark,s,cs:exp/tri3c_ali/raw_trans.1 ark:- ark:- 
apply-cmvn --utt2spk=ark:data/train/split16/1/utt2spk scp:data/train/split16/1/cmvn.scp scp:data/train/split16/1/feats.scp ark:- 
LOG (gmm-gselect:main():gmm-gselect.cc:114) For 0'th file, average UBM likelihood over 1202 frames is -51.8139
LOG (ali-to-post:main():ali-to-post.cc:65) Converted 18 alignments.
LOG (weight-silence-post:main():weight-silence-post.cc:95) Done 18 posteriors.
WARNING (fgmm-global-acc-stats:main():fgmm-global-acc-stats.cc:88) No per-frame weights available for utterance eduardo_Seduardo16
LOG (post-to-weights:main():post-to-weights.cc:68) Done converting 18 posteriors to weights.
LOG (gmm-gselect:main():gmm-gselect.cc:114) For 10'th file, average UBM likelihood over 1086 frames is -55.7185
WARNING (fgmm-global-acc-stats:main():fgmm-global-acc-stats.cc:88) No per-frame weights available for utterance eduardo_Seduardo4
LOG (apply-cmvn:main():apply-cmvn.cc:146) Applied cepstral mean normalization to 20 utterances, errors on 0
LOG (apply-cmvn:main():apply-cmvn.cc:146) Applied cepstral mean normalization to 20 utterances, errors on 0
LOG (transform-feats:main():transform-feats.cc:158) Overall average logdet is -0.920182 over 23996 frames.
LOG (transform-feats:main():transform-feats.cc:161) Applied transform to 20 utterances; 0 had errors.
LOG (transform-feats:main():transform-feats.cc:158) Overall average logdet is -0.920182 over 23996 frames.
LOG (transform-feats:main():transform-feats.cc:161) Applied transform to 20 utterances; 0 had errors.
LOG (transform-feats:main():transform-feats.cc:158) Overall average [pseudo-]logdet is -85.9813 over 23996 frames.
LOG (transform-feats:main():transform-feats.cc:161) Applied transform to 20 utterances; 0 had errors.
LOG (transform-feats:main():transform-feats.cc:158) Overall average [pseudo-]logdet is -85.9813 over 23996 frames.
LOG (transform-feats:main():transform-feats.cc:161) Applied transform to 20 utterances; 0 had errors.
LOG (gmm-gselect:main():gmm-gselect.cc:125) Done 20 files, 0 with errors, average UBM log-likelihood is -54.8634 over 23996 frames.
LOG (fgmm-global-acc-stats:main():fgmm-global-acc-stats.cc:148) Done 18 files; 2 with errors.
LOG (fgmm-global-acc-stats:main():fgmm-global-acc-stats.cc:150) Overall likelihood per frame = -56.809 over 18908.5 (weighted) frames.
LOG (fgmm-global-acc-stats:main():fgmm-global-acc-stats.cc:155) Written accs to exp/ubm4c/0.1.acc
# Accounting: time=2 threads=1
# Ended (code 0) at Wed Jun 22 14:09:49 BRT 2016, elapsed time 2 seconds
