# gmm-gselect --n=25 "--gselect=ark,s,cs:gunzip -c exp/ubm4c/gselect.7.gz|" "fgmm-global-to-gmm exp/ubm4c/0.ubm - |" "ark,s,cs:apply-cmvn  --utt2spk=ark:data/train/split16/7/utt2spk scp:data/train/split16/7/cmvn.scp scp:data/train/split16/7/feats.scp ark:- | transform-feats --utt2spk=ark:data/train/split16/7/utt2spk ark,s,cs:exp/tri3c_ali/raw_trans.7 ark:- ark:- | splice-feats  ark:- ark:- | transform-feats exp/tri3c_ali/final.mat ark:- ark:- |" ark:- | fgmm-global-acc-stats --weights='ark,s,cs:gunzip -c exp/tri3c_ali/ali.7.gz | ali-to-post ark:- ark:- | weight-silence-post 0.5 1:2:3:4:5:6:7:8:9:10 exp/tri3c_ali/final.mdl ark:- ark:- | post-to-weights ark:- ark:- |' --gselect=ark,s,cs:- exp/ubm4c/0.ubm "ark,s,cs:apply-cmvn  --utt2spk=ark:data/train/split16/7/utt2spk scp:data/train/split16/7/cmvn.scp scp:data/train/split16/7/feats.scp ark:- | transform-feats --utt2spk=ark:data/train/split16/7/utt2spk ark,s,cs:exp/tri3c_ali/raw_trans.7 ark:- ark:- | splice-feats  ark:- ark:- | transform-feats exp/tri3c_ali/final.mat ark:- ark:- |" exp/ubm4c/0.7.acc 
# Started at Tue Aug  2 16:12:26 BRT 2016
#
gmm-gselect --n=25 '--gselect=ark,s,cs:gunzip -c exp/ubm4c/gselect.7.gz|' 'fgmm-global-to-gmm exp/ubm4c/0.ubm - |' 'ark,s,cs:apply-cmvn  --utt2spk=ark:data/train/split16/7/utt2spk scp:data/train/split16/7/cmvn.scp scp:data/train/split16/7/feats.scp ark:- | transform-feats --utt2spk=ark:data/train/split16/7/utt2spk ark,s,cs:exp/tri3c_ali/raw_trans.7 ark:- ark:- | splice-feats  ark:- ark:- | transform-feats exp/tri3c_ali/final.mat ark:- ark:- |' ark:- 
fgmm-global-to-gmm exp/ubm4c/0.ubm - 
LOG (fgmm-global-to-gmm:main():fgmm-global-to-gmm.cc:58) Written diagonal GMM to -
fgmm-global-acc-stats '--weights=ark,s,cs:gunzip -c exp/tri3c_ali/ali.7.gz | ali-to-post ark:- ark:- | weight-silence-post 0.5 1:2:3:4:5:6:7:8:9:10 exp/tri3c_ali/final.mdl ark:- ark:- | post-to-weights ark:- ark:- |' --gselect=ark,s,cs:- exp/ubm4c/0.ubm 'ark,s,cs:apply-cmvn  --utt2spk=ark:data/train/split16/7/utt2spk scp:data/train/split16/7/cmvn.scp scp:data/train/split16/7/feats.scp ark:- | transform-feats --utt2spk=ark:data/train/split16/7/utt2spk ark,s,cs:exp/tri3c_ali/raw_trans.7 ark:- ark:- | splice-feats  ark:- ark:- | transform-feats exp/tri3c_ali/final.mat ark:- ark:- |' exp/ubm4c/0.7.acc 
splice-feats ark:- ark:- 
transform-feats exp/tri3c_ali/final.mat ark:- ark:- 
apply-cmvn --utt2spk=ark:data/train/split16/7/utt2spk scp:data/train/split16/7/cmvn.scp scp:data/train/split16/7/feats.scp ark:- 
transform-feats --utt2spk=ark:data/train/split16/7/utt2spk ark,s,cs:exp/tri3c_ali/raw_trans.7 ark:- ark:- 
transform-feats exp/tri3c_ali/final.mat ark:- ark:- 
apply-cmvn --utt2spk=ark:data/train/split16/7/utt2spk scp:data/train/split16/7/cmvn.scp scp:data/train/split16/7/feats.scp ark:- 
splice-feats ark:- ark:- 
transform-feats --utt2spk=ark:data/train/split16/7/utt2spk ark,s,cs:exp/tri3c_ali/raw_trans.7 ark:- ark:- 
ali-to-post ark:- ark:- 
weight-silence-post 0.5 1:2:3:4:5:6:7:8:9:10 exp/tri3c_ali/final.mdl ark:- ark:- 
post-to-weights ark:- ark:- 
LOG (gmm-gselect:main():gmm-gselect.cc:114) For 0'th file, average UBM likelihood over 1998 frames is -50.7006
WARNING (fgmm-global-acc-stats:main():fgmm-global-acc-stats.cc:88) No per-frame weights available for utterance felipe_vsix-Sfelipe_vsix18
LOG (gmm-gselect:main():gmm-gselect.cc:114) For 10'th file, average UBM likelihood over 2223 frames is -48.0005
LOG (gmm-gselect:main():gmm-gselect.cc:114) For 20'th file, average UBM likelihood over 1811 frames is -43.847
LOG (gmm-gselect:main():gmm-gselect.cc:114) For 30'th file, average UBM likelihood over 1911 frames is -48.2339
LOG (ali-to-post:main():ali-to-post.cc:65) Converted 48 alignments.
LOG (weight-silence-post:main():weight-silence-post.cc:95) Done 48 posteriors.
LOG (gmm-gselect:main():gmm-gselect.cc:114) For 40'th file, average UBM likelihood over 1886 frames is -49.6374
LOG (post-to-weights:main():post-to-weights.cc:68) Done converting 48 posteriors to weights.
LOG (apply-cmvn:main():apply-cmvn.cc:146) Applied cepstral mean normalization to 49 utterances, errors on 0
LOG (apply-cmvn:main():apply-cmvn.cc:146) Applied cepstral mean normalization to 49 utterances, errors on 0
LOG (transform-feats:main():transform-feats.cc:158) Overall average logdet is 0.315138 over 94354 frames.
LOG (transform-feats:main():transform-feats.cc:161) Applied transform to 49 utterances; 0 had errors.
LOG (transform-feats:main():transform-feats.cc:158) Overall average logdet is 0.315138 over 94354 frames.
LOG (transform-feats:main():transform-feats.cc:161) Applied transform to 49 utterances; 0 had errors.
LOG (transform-feats:main():transform-feats.cc:158) Overall average [pseudo-]logdet is -87.2258 over 94354 frames.
LOG (transform-feats:main():transform-feats.cc:161) Applied transform to 49 utterances; 0 had errors.
LOG (transform-feats:main():transform-feats.cc:158) Overall average [pseudo-]logdet is -87.2258 over 94354 frames.
LOG (transform-feats:main():transform-feats.cc:161) Applied transform to 49 utterances; 0 had errors.
LOG (gmm-gselect:main():gmm-gselect.cc:125) Done 49 files, 0 with errors, average UBM log-likelihood is -47.8889 over 94354 frames.
LOG (fgmm-global-acc-stats:main():fgmm-global-acc-stats.cc:148) Done 48 files; 1 with errors.
LOG (fgmm-global-acc-stats:main():fgmm-global-acc-stats.cc:150) Overall likelihood per frame = -51.5863 over 71897 (weighted) frames.
LOG (fgmm-global-acc-stats:main():fgmm-global-acc-stats.cc:155) Written accs to exp/ubm4c/0.7.acc
# Accounting: time=10 threads=1
# Ended (code 0) at Tue Aug  2 16:12:36 BRT 2016, elapsed time 10 seconds
