# gmm-gselect --n=50 "fgmm-global-to-gmm exp/ubm4c/0.ubm - |" "ark,s,cs:apply-cmvn  --utt2spk=ark:data/train/split16/6/utt2spk scp:data/train/split16/6/cmvn.scp scp:data/train/split16/6/feats.scp ark:- | transform-feats --utt2spk=ark:data/train/split16/6/utt2spk ark,s,cs:exp/tri3c_ali/raw_trans.6 ark:- ark:- | splice-feats  ark:- ark:- | transform-feats exp/tri3c_ali/final.mat ark:- ark:- |" "ark:|gzip -c >exp/ubm4c/gselect.6.gz" 
# Started at Wed Jun 22 14:09:39 BRT 2016
#
gmm-gselect --n=50 'fgmm-global-to-gmm exp/ubm4c/0.ubm - |' 'ark,s,cs:apply-cmvn  --utt2spk=ark:data/train/split16/6/utt2spk scp:data/train/split16/6/cmvn.scp scp:data/train/split16/6/feats.scp ark:- | transform-feats --utt2spk=ark:data/train/split16/6/utt2spk ark,s,cs:exp/tri3c_ali/raw_trans.6 ark:- ark:- | splice-feats  ark:- ark:- | transform-feats exp/tri3c_ali/final.mat ark:- ark:- |' 'ark:|gzip -c >exp/ubm4c/gselect.6.gz' 
fgmm-global-to-gmm exp/ubm4c/0.ubm - 
LOG (fgmm-global-to-gmm:main():fgmm-global-to-gmm.cc:58) Written diagonal GMM to -
apply-cmvn --utt2spk=ark:data/train/split16/6/utt2spk scp:data/train/split16/6/cmvn.scp scp:data/train/split16/6/feats.scp ark:- 
transform-feats --utt2spk=ark:data/train/split16/6/utt2spk ark,s,cs:exp/tri3c_ali/raw_trans.6 ark:- ark:- 
transform-feats exp/tri3c_ali/final.mat ark:- ark:- 
splice-feats ark:- ark:- 
LOG (gmm-gselect:main():gmm-gselect.cc:114) For 0'th file, average UBM likelihood over 1423 frames is -52.8966
LOG (gmm-gselect:main():gmm-gselect.cc:114) For 10'th file, average UBM likelihood over 1761 frames is -52.3536
LOG (apply-cmvn:main():apply-cmvn.cc:146) Applied cepstral mean normalization to 20 utterances, errors on 0
LOG (transform-feats:main():transform-feats.cc:158) Overall average logdet is -0.026542 over 31476 frames.
LOG (transform-feats:main():transform-feats.cc:161) Applied transform to 20 utterances; 0 had errors.
LOG (transform-feats:main():transform-feats.cc:158) Overall average [pseudo-]logdet is -85.9813 over 31476 frames.
LOG (transform-feats:main():transform-feats.cc:161) Applied transform to 20 utterances; 0 had errors.
LOG (gmm-gselect:main():gmm-gselect.cc:125) Done 20 files, 0 with errors, average UBM log-likelihood is -51.6694 over 31476 frames.
# Accounting: time=2 threads=1
# Ended (code 0) at Wed Jun 22 14:09:41 BRT 2016, elapsed time 2 seconds
