# gmm-gselect --n=50 "fgmm-global-to-gmm exp/ubm4c/0.ubm - |" "ark,s,cs:apply-cmvn  --utt2spk=ark:data/train/split16/16/utt2spk scp:data/train/split16/16/cmvn.scp scp:data/train/split16/16/feats.scp ark:- | transform-feats --utt2spk=ark:data/train/split16/16/utt2spk ark,s,cs:exp/tri3c_ali/raw_trans.16 ark:- ark:- | splice-feats  ark:- ark:- | transform-feats exp/tri3c_ali/final.mat ark:- ark:- |" "ark:|gzip -c >exp/ubm4c/gselect.16.gz" 
# Started at Tue Aug  2 16:12:23 BRT 2016
#
gmm-gselect --n=50 'fgmm-global-to-gmm exp/ubm4c/0.ubm - |' 'ark,s,cs:apply-cmvn  --utt2spk=ark:data/train/split16/16/utt2spk scp:data/train/split16/16/cmvn.scp scp:data/train/split16/16/feats.scp ark:- | transform-feats --utt2spk=ark:data/train/split16/16/utt2spk ark,s,cs:exp/tri3c_ali/raw_trans.16 ark:- ark:- | splice-feats  ark:- ark:- | transform-feats exp/tri3c_ali/final.mat ark:- ark:- |' 'ark:|gzip -c >exp/ubm4c/gselect.16.gz' 
fgmm-global-to-gmm exp/ubm4c/0.ubm - 
LOG (fgmm-global-to-gmm:main():fgmm-global-to-gmm.cc:58) Written diagonal GMM to -
apply-cmvn --utt2spk=ark:data/train/split16/16/utt2spk scp:data/train/split16/16/cmvn.scp scp:data/train/split16/16/feats.scp ark:- 
transform-feats exp/tri3c_ali/final.mat ark:- ark:- 
transform-feats --utt2spk=ark:data/train/split16/16/utt2spk ark,s,cs:exp/tri3c_ali/raw_trans.16 ark:- ark:- 
splice-feats ark:- ark:- 
LOG (gmm-gselect:main():gmm-gselect.cc:114) For 0'th file, average UBM likelihood over 936 frames is -55.1552
LOG (gmm-gselect:main():gmm-gselect.cc:114) For 10'th file, average UBM likelihood over 824 frames is -59.2329
LOG (gmm-gselect:main():gmm-gselect.cc:114) For 20'th file, average UBM likelihood over 1661 frames is -51.5726
LOG (apply-cmvn:main():apply-cmvn.cc:146) Applied cepstral mean normalization to 30 utterances, errors on 0
LOG (transform-feats:main():transform-feats.cc:158) Overall average logdet is -0.20452 over 37608 frames.
LOG (transform-feats:main():transform-feats.cc:161) Applied transform to 30 utterances; 0 had errors.
LOG (transform-feats:main():transform-feats.cc:158) Overall average [pseudo-]logdet is -87.2258 over 37608 frames.
LOG (transform-feats:main():transform-feats.cc:161) Applied transform to 30 utterances; 0 had errors.
LOG (gmm-gselect:main():gmm-gselect.cc:125) Done 30 files, 0 with errors, average UBM log-likelihood is -53.6424 over 37608 frames.
# Accounting: time=3 threads=1
# Ended (code 0) at Tue Aug  2 16:12:26 BRT 2016, elapsed time 3 seconds
