# gmm-gselect --n=50 "fgmm-global-to-gmm exp/ubm4c/0.ubm - |" "ark,s,cs:apply-cmvn  --utt2spk=ark:data/train/split16/8/utt2spk scp:data/train/split16/8/cmvn.scp scp:data/train/split16/8/feats.scp ark:- | transform-feats --utt2spk=ark:data/train/split16/8/utt2spk ark,s,cs:exp/tri3c_ali/raw_trans.8 ark:- ark:- | splice-feats  ark:- ark:- | transform-feats exp/tri3c_ali/final.mat ark:- ark:- |" "ark:|gzip -c >exp/ubm4c/gselect.8.gz" 
# Started at Tue Aug  2 16:12:15 BRT 2016
#
gmm-gselect --n=50 'fgmm-global-to-gmm exp/ubm4c/0.ubm - |' 'ark,s,cs:apply-cmvn  --utt2spk=ark:data/train/split16/8/utt2spk scp:data/train/split16/8/cmvn.scp scp:data/train/split16/8/feats.scp ark:- | transform-feats --utt2spk=ark:data/train/split16/8/utt2spk ark,s,cs:exp/tri3c_ali/raw_trans.8 ark:- ark:- | splice-feats  ark:- ark:- | transform-feats exp/tri3c_ali/final.mat ark:- ark:- |' 'ark:|gzip -c >exp/ubm4c/gselect.8.gz' 
fgmm-global-to-gmm exp/ubm4c/0.ubm - 
LOG (fgmm-global-to-gmm:main():fgmm-global-to-gmm.cc:58) Written diagonal GMM to -
apply-cmvn --utt2spk=ark:data/train/split16/8/utt2spk scp:data/train/split16/8/cmvn.scp scp:data/train/split16/8/feats.scp ark:- 
transform-feats exp/tri3c_ali/final.mat ark:- ark:- 
transform-feats --utt2spk=ark:data/train/split16/8/utt2spk ark,s,cs:exp/tri3c_ali/raw_trans.8 ark:- ark:- 
splice-feats ark:- ark:- 
LOG (gmm-gselect:main():gmm-gselect.cc:114) For 0'th file, average UBM likelihood over 1998 frames is -47.8636
LOG (gmm-gselect:main():gmm-gselect.cc:114) For 10'th file, average UBM likelihood over 1636 frames is -48.8723
LOG (gmm-gselect:main():gmm-gselect.cc:114) For 20'th file, average UBM likelihood over 1161 frames is -50.9609
LOG (apply-cmvn:main():apply-cmvn.cc:146) Applied cepstral mean normalization to 30 utterances, errors on 0
LOG (transform-feats:main():transform-feats.cc:158) Overall average logdet is 0.37786 over 47078 frames.
LOG (transform-feats:main():transform-feats.cc:161) Applied transform to 30 utterances; 0 had errors.
LOG (transform-feats:main():transform-feats.cc:158) Overall average [pseudo-]logdet is -87.2258 over 47078 frames.
LOG (transform-feats:main():transform-feats.cc:161) Applied transform to 30 utterances; 0 had errors.
LOG (gmm-gselect:main():gmm-gselect.cc:125) Done 30 files, 0 with errors, average UBM log-likelihood is -49.359 over 47078 frames.
# Accounting: time=5 threads=1
# Ended (code 0) at Tue Aug  2 16:12:20 BRT 2016, elapsed time 5 seconds
