# gunzip -c exp/tri3c/decode.si/depth_stats_tmp.*.gz | steps/diagnostic/analyze_lattice_depth_stats.py exp/tri3c/graph 
# Started at Fri Jun 17 14:42:14 BRT 2016
#
The total amount of data analyzed assuming 100 frames per second is 0.1 hours
Overall, lattice depth (10,50,90-percentile)=(1,3,8) and mean=5.0
Phone sil accounts for 65.6% of frames, with lattice depth (10,50,90-percentile)=(1,2,7) and mean=4.5
Nonsilence phones as a group account for 31.7% of frames, with lattice depth (10,50,90-percentile)=(1,2,12) and mean=5.8
Phone b_B accounts for 10.5% of frames, with lattice depth (10,50,90-percentile)=(3,6,38) and mean=12.0
Phone a_I accounts for 3.0% of frames, with lattice depth (10,50,90-percentile)=(1,2,4) and mean=2.6
Phone spn_S accounts for 2.8% of frames, with lattice depth (10,50,90-percentile)=(2,6,25) and mean=9.2
Phone a_E accounts for 1.4% of frames, with lattice depth (10,50,90-percentile)=(1,2,4) and mean=2.1
Phone o_I accounts for 1.4% of frames, with lattice depth (10,50,90-percentile)=(1,2,6) and mean=3.7
Phone u_E accounts for 1.1% of frames, with lattice depth (10,50,90-percentile)=(1,2,7) and mean=3.2
Phone e_I accounts for 0.9% of frames, with lattice depth (10,50,90-percentile)=(1,2,2) and mean=2.0
Phone l_I accounts for 0.8% of frames, with lattice depth (10,50,90-percentile)=(1,2,4) and mean=3.4
Phone rr_B accounts for 0.8% of frames, with lattice depth (10,50,90-percentile)=(1,1,6) and mean=2.4
Phone i_E accounts for 0.7% of frames, with lattice depth (10,50,90-percentile)=(1,2,10) and mean=5.2
Phone i_I accounts for 0.7% of frames, with lattice depth (10,50,90-percentile)=(1,2,2) and mean=1.7
Phone r_I accounts for 0.7% of frames, with lattice depth (10,50,90-percentile)=(1,1,3) and mean=1.6
Phone sh_I accounts for 0.7% of frames, with lattice depth (10,50,90-percentile)=(1,2,10) and mean=2.9
# Accounting: time=0 threads=1
# Ended (code 0) at Fri Jun 17 14:42:14 BRT 2016, elapsed time 0 seconds
