# lattice-determinize-pruned --acoustic-scale=0.083333 --beam=4.0 "ark:gunzip -c exp/tri3c/decode/lat.tmp.1.gz|" ark:- | lattice-to-post --acoustic-scale=0.083333 ark:- ark:- | weight-silence-post 0.01 1:2:3:4:5:6:7:8:9:10 exp/tri3c/final.mdl ark:- ark:- | gmm-est-fmllr-raw --raw-feat-dim=13 --spk2utt=ark:data/test/split1/1/spk2utt exp/tri3c/final.mdl "get-full-lda-mat --print-args=false exp/tri3c/final.mat exp/tri3c/full.mat -|" "ark,s,cs:apply-cmvn  --utt2spk=ark:data/test/split1/1/utt2spk scp:data/test/split1/1/cmvn.scp scp:data/test/split1/1/feats.scp ark:- | transform-feats --utt2spk=ark:data/test/split1/1/utt2spk ark:exp/tri3c/decode/pre_trans.1 ark:- ark:- | splice-feats  ark:- ark:- |" ark,s,cs:- ark:exp/tri3c/decode/trans_tmp.1 && compose-transforms --b-is-affine=true ark:exp/tri3c/decode/trans_tmp.1 ark:exp/tri3c/decode/pre_trans.1 ark:exp/tri3c/decode/raw_trans.1 
# Started at Mon Jul  4 16:27:49 BRT 2016
#
weight-silence-post 0.01 1:2:3:4:5:6:7:8:9:10 exp/tri3c/final.mdl ark:- ark:- 
gmm-est-fmllr-raw --raw-feat-dim=13 --spk2utt=ark:data/test/split1/1/spk2utt exp/tri3c/final.mdl 'get-full-lda-mat --print-args=false exp/tri3c/final.mat exp/tri3c/full.mat -|' 'ark,s,cs:apply-cmvn  --utt2spk=ark:data/test/split1/1/utt2spk scp:data/test/split1/1/cmvn.scp scp:data/test/split1/1/feats.scp ark:- | transform-feats --utt2spk=ark:data/test/split1/1/utt2spk ark:exp/tri3c/decode/pre_trans.1 ark:- ark:- | splice-feats  ark:- ark:- |' ark,s,cs:- ark:exp/tri3c/decode/trans_tmp.1 
lattice-to-post --acoustic-scale=0.083333 ark:- ark:- 
lattice-determinize-pruned --acoustic-scale=0.083333 --beam=4.0 'ark:gunzip -c exp/tri3c/decode/lat.tmp.1.gz|' ark:- 
splice-feats ark:- ark:- 
apply-cmvn --utt2spk=ark:data/test/split1/1/utt2spk scp:data/test/split1/1/cmvn.scp scp:data/test/split1/1/feats.scp ark:- 
transform-feats --utt2spk=ark:data/test/split1/1/utt2spk ark:exp/tri3c/decode/pre_trans.1 ark:- ark:- 
LOG (apply-cmvn:main():apply-cmvn.cc:146) Applied cepstral mean normalization to 3 utterances, errors on 0
LOG (lattice-determinize-pruned:main():lattice-determinize-pruned.cc:111) Done 3 lattices, determinization finished earlier than specified by the beam on 0 of these.
LOG (transform-feats:main():transform-feats.cc:158) Overall average logdet is -1.20648 over 19069 frames.
LOG (transform-feats:main():transform-feats.cc:161) Applied transform to 3 utterances; 0 had errors.
LOG (lattice-to-post:main():lattice-to-post.cc:106) Overall average log-like/frame is -4.21244 over 19069 frames.  Average acoustic like/frame is -4.14807
LOG (lattice-to-post:main():lattice-to-post.cc:110) Done 3 lattices.
LOG (weight-silence-post:main():weight-silence-post.cc:95) Done 3 posteriors.
LOG (gmm-est-fmllr-raw:main():gmm-est-fmllr-raw.cc:145) For speaker felipe, auxf-impr from raw fMLLR is 0.242601 over 5968.24 frames.
LOG (gmm-est-fmllr-raw:main():gmm-est-fmllr-raw.cc:188) Processed 3 utterances, 0 had errors.
LOG (gmm-est-fmllr-raw:main():gmm-est-fmllr-raw.cc:190) Overall raw-fMLLR auxf impr per frame is 0.242601 over 5968.24 frames.
compose-transforms --b-is-affine=true ark:exp/tri3c/decode/trans_tmp.1 ark:exp/tri3c/decode/pre_trans.1 ark:exp/tri3c/decode/raw_trans.1 
# Accounting: time=6 threads=1
# Ended (code 0) at Mon Jul  4 16:27:55 BRT 2016, elapsed time 6 seconds
