# nnet-latgen-faster --minimize=false --max-active=7000 --min-active=200 --beam=13.0 --lattice-beam=6.0 --acoustic-scale=0.1 --allow-partial=true --word-symbol-table=exp/tri3c/graph/words.txt exp/nnet4a/final.mdl exp/tri3c/graph/HCLG.fst "ark,s,cs:apply-cmvn  --utt2spk=ark:data/test/split1/1/utt2spk scp:data/test/split1/1/cmvn.scp scp:data/test/split1/1/feats.scp ark:- | transform-feats --utt2spk=ark:data/test/split1/1/utt2spk ark:exp/tri3c/decode/raw_trans.1 ark:- ark:- |" "ark:|gzip -c > exp/nnet4a/decode/lat.1.gz" 
# Started at Fri Jun 17 15:39:21 BRT 2016
#
nnet-latgen-faster --minimize=false --max-active=7000 --min-active=200 --beam=13.0 --lattice-beam=6.0 --acoustic-scale=0.1 --allow-partial=true --word-symbol-table=exp/tri3c/graph/words.txt exp/nnet4a/final.mdl exp/tri3c/graph/HCLG.fst 'ark,s,cs:apply-cmvn  --utt2spk=ark:data/test/split1/1/utt2spk scp:data/test/split1/1/cmvn.scp scp:data/test/split1/1/feats.scp ark:- | transform-feats --utt2spk=ark:data/test/split1/1/utt2spk ark:exp/tri3c/decode/raw_trans.1 ark:- ark:- |' 'ark:|gzip -c > exp/nnet4a/decode/lat.1.gz' 
apply-cmvn --utt2spk=ark:data/test/split1/1/utt2spk scp:data/test/split1/1/cmvn.scp scp:data/test/split1/1/feats.scp ark:- 
transform-feats --utt2spk=ark:data/test/split1/1/utt2spk ark:exp/tri3c/decode/raw_trans.1 ark:- ark:- 
felipe_test_test0 <UNK> buzio cavalo <UNK> boi chita boi egua boi <UNK> boi esquilo boi <UNK> burro naja boi hiena boi cachorro boi garca burro <UNK> boi saira boi garca boi <UNK> boi <UNK> bode asno burro sardinha buzio boi bode asno bufalo <UNK> burro <UNK> bode corsa boi <UNK> boi <UNK> 
LOG (nnet-latgen-faster:DecodeUtteranceLatticeFaster():decoder-wrappers.cc:285) Log-like per frame for utterance felipe_test_test0 is 0.287783 over 6061 frames.
LOG (apply-cmvn:main():apply-cmvn.cc:146) Applied cepstral mean normalization to 3 utterances, errors on 0
felipe_test_test1 cachorro gato rato galinha cavalo porco lesma caracol mexilhao andorinha peixe polvo lula camarao leao tigre <UNK> zebra girafa rinoceronte hipopotamo macaco orangotango <UNK> gorila <UNK> <UNK> aguia codorna pomba morcego ra <UNK> <UNK> 
LOG (nnet-latgen-faster:DecodeUtteranceLatticeFaster():decoder-wrappers.cc:285) Log-like per frame for utterance felipe_test_test1 is 0.191025 over 6086 frames.
LOG (transform-feats:main():transform-feats.cc:158) Overall average logdet is 0.99215 over 18220 frames.
LOG (transform-feats:main():transform-feats.cc:161) Applied transform to 3 utterances; 0 had errors.
felipe_test_test2 cachorro ra tatu gato <UNK> <UNK> rato peixe tubarao baleia <UNK> polvo urso <UNK> lula ra <UNK> potro camarao baleia-cachalote <UNK> <UNK> <UNK> ra foca <UNK> ra lula polvo <UNK> zebra rinoceronte girafa <UNK> raia condor <UNK> girino 
LOG (nnet-latgen-faster:DecodeUtteranceLatticeFaster():decoder-wrappers.cc:285) Log-like per frame for utterance felipe_test_test2 is 0.165972 over 6073 frames.
LOG (nnet-latgen-faster:main():nnet-latgen-faster.cc:180) Time taken 13.3028s: real-time factor assuming 100 frames/sec is 0.0730118
LOG (nnet-latgen-faster:main():nnet-latgen-faster.cc:183) Done 3 utterances, failed for 0
LOG (nnet-latgen-faster:main():nnet-latgen-faster.cc:185) Overall log-likelihood per frame is 0.214861 over 18220 frames.
# Accounting: time=14 threads=1
# Ended (code 0) at Fri Jun 17 15:39:35 BRT 2016, elapsed time 14 seconds
