# gmm-est --write-occs=exp/mono/2.occs --mix-up=142 --power=0.25 exp/mono/1.mdl "gmm-sum-accs - exp/mono/1.*.acc|" exp/mono/2.mdl 
# Started at Mon Jul  4 16:02:58 BRT 2016
#
gmm-est --write-occs=exp/mono/2.occs --mix-up=142 --power=0.25 exp/mono/1.mdl 'gmm-sum-accs - exp/mono/1.*.acc|' exp/mono/2.mdl 
gmm-sum-accs - exp/mono/1.1.acc exp/mono/1.10.acc exp/mono/1.11.acc exp/mono/1.12.acc exp/mono/1.13.acc exp/mono/1.14.acc exp/mono/1.15.acc exp/mono/1.16.acc exp/mono/1.17.acc exp/mono/1.18.acc exp/mono/1.19.acc exp/mono/1.2.acc exp/mono/1.20.acc exp/mono/1.3.acc exp/mono/1.4.acc exp/mono/1.5.acc exp/mono/1.6.acc exp/mono/1.7.acc exp/mono/1.8.acc exp/mono/1.9.acc 
LOG (gmm-sum-accs:main():gmm-sum-accs.cc:63) Summed 20 stats, total count 310053, avg like/frame -92.9495
LOG (gmm-sum-accs:main():gmm-sum-accs.cc:66) Total count of stats is 310053
LOG (gmm-sum-accs:main():gmm-sum-accs.cc:67) Written stats to -
LOG (gmm-est:MleUpdate():transition-model.cc:393) TransitionModel::Update, objf change is 0.171189 per frame over 310053 frames. 
LOG (gmm-est:MleUpdate():transition-model.cc:396) 10 probabilities floored, 318 out of 578 transition-states skipped due to insuffient data (it is normal to have some skipped.)
LOG (gmm-est:main():gmm-est.cc:102) Transition model update: Overall 0.171189 log-like improvement per frame over 310053 frames.
WARNING (gmm-est:MleDiagGmmUpdate():mle-diag-gmm.cc:365) Gaussian has too little data but not removing it because it is the last Gaussian: i = 0, occ = 3, weight = 1
WARNING (gmm-est:MleDiagGmmUpdate():mle-diag-gmm.cc:365) Gaussian has too little data but not removing it because it is the last Gaussian: i = 0, occ = 5, weight = 1
WARNING (gmm-est:MleDiagGmmUpdate():mle-diag-gmm.cc:365) Gaussian has too little data but not removing it because it is the last Gaussian: i = 0, occ = 5, weight = 1
WARNING (gmm-est:MleDiagGmmUpdate():mle-diag-gmm.cc:365) Gaussian has too little data but not removing it because it is the last Gaussian: i = 0, occ = 0, weight = 1
WARNING (gmm-est:MleDiagGmmUpdate():mle-diag-gmm.cc:365) Gaussian has too little data but not removing it because it is the last Gaussian: i = 0, occ = 0, weight = 1
WARNING (gmm-est:MleDiagGmmUpdate():mle-diag-gmm.cc:365) Gaussian has too little data but not removing it because it is the last Gaussian: i = 0, occ = 6, weight = 1
WARNING (gmm-est:MleDiagGmmUpdate():mle-diag-gmm.cc:365) Gaussian has too little data but not removing it because it is the last Gaussian: i = 0, occ = 0, weight = 1
WARNING (gmm-est:MleDiagGmmUpdate():mle-diag-gmm.cc:365) Gaussian has too little data but not removing it because it is the last Gaussian: i = 0, occ = 0, weight = 1
WARNING (gmm-est:MleDiagGmmUpdate():mle-diag-gmm.cc:365) Gaussian has too little data but not removing it because it is the last Gaussian: i = 0, occ = 0, weight = 1
WARNING (gmm-est:MleDiagGmmUpdate():mle-diag-gmm.cc:365) Gaussian has too little data but not removing it because it is the last Gaussian: i = 0, occ = 0, weight = 1
WARNING (gmm-est:MleDiagGmmUpdate():mle-diag-gmm.cc:365) Gaussian has too little data but not removing it because it is the last Gaussian: i = 0, occ = 0, weight = 1
WARNING (gmm-est:MleDiagGmmUpdate():mle-diag-gmm.cc:365) Gaussian has too little data but not removing it because it is the last Gaussian: i = 0, occ = 0, weight = 1
WARNING (gmm-est:MleDiagGmmUpdate():mle-diag-gmm.cc:365) Gaussian has too little data but not removing it because it is the last Gaussian: i = 0, occ = 0, weight = 1
WARNING (gmm-est:MleDiagGmmUpdate():mle-diag-gmm.cc:365) Gaussian has too little data but not removing it because it is the last Gaussian: i = 0, occ = 0, weight = 1
WARNING (gmm-est:MleDiagGmmUpdate():mle-diag-gmm.cc:365) Gaussian has too little data but not removing it because it is the last Gaussian: i = 0, occ = 0, weight = 1
LOG (gmm-est:MleAmDiagGmmUpdate():mle-am-diag-gmm.cc:225) 0 variance elements floored in 0 Gaussians, out of 142
LOG (gmm-est:MleAmDiagGmmUpdate():mle-am-diag-gmm.cc:229) Removed 0 Gaussians due to counts < --min-gaussian-occupancy=10 and --remove-low-count-gaussians=true
LOG (gmm-est:main():gmm-est.cc:113) GMM update: Overall 6.1007 objective function improvement per frame over 310053 frames
LOG (gmm-est:main():gmm-est.cc:116) GMM update: Overall avg like per frame = -92.9495 over 310053 frames.
LOG (gmm-est:SplitByCount():am-diag-gmm.cc:116) Split 142 states with target = 142, power = 0.25, perturb_factor = 0.01 and min_count = 20, split #Gauss from 142 to 142
LOG (gmm-est:main():gmm-est.cc:146) Written model to exp/mono/2.mdl
# Accounting: time=0 threads=1
# Ended (code 0) at Mon Jul  4 16:02:58 BRT 2016, elapsed time 0 seconds
