# ali-to-post "ark:gunzip -c exp/tri3b/ali.20.gz|" ark:- | gmm-acc-stats-twofeats exp/tri3b/35.mdl "ark,s,cs:apply-cmvn  --utt2spk=ark:data/train/split20/20/utt2spk scp:data/train/split20/20/cmvn.scp scp:data/train/split20/20/feats.scp ark:- | splice-feats  ark:- ark:- | transform-feats exp/tri2b_ali/final.mat ark:- ark:- | transform-feats --utt2spk=ark:data/train/split20/20/utt2spk ark:exp/tri3b/trans.20 ark:- ark:- |" "ark,s,cs:apply-cmvn  --utt2spk=ark:data/train/split20/20/utt2spk scp:data/train/split20/20/cmvn.scp scp:data/train/split20/20/feats.scp ark:- | splice-feats  ark:- ark:- | transform-feats exp/tri2b_ali/final.mat ark:- ark:- |" ark,s,cs:- exp/tri3b/35.20.acc 
# Started at Mon Jul  4 16:19:43 BRT 2016
#
gmm-acc-stats-twofeats exp/tri3b/35.mdl 'ark,s,cs:apply-cmvn  --utt2spk=ark:data/train/split20/20/utt2spk scp:data/train/split20/20/cmvn.scp scp:data/train/split20/20/feats.scp ark:- | splice-feats  ark:- ark:- | transform-feats exp/tri2b_ali/final.mat ark:- ark:- | transform-feats --utt2spk=ark:data/train/split20/20/utt2spk ark:exp/tri3b/trans.20 ark:- ark:- |' 'ark,s,cs:apply-cmvn  --utt2spk=ark:data/train/split20/20/utt2spk scp:data/train/split20/20/cmvn.scp scp:data/train/split20/20/feats.scp ark:- | splice-feats  ark:- ark:- | transform-feats exp/tri2b_ali/final.mat ark:- ark:- |' ark,s,cs:- exp/tri3b/35.20.acc 
ali-to-post 'ark:gunzip -c exp/tri3b/ali.20.gz|' ark:- 
transform-feats --utt2spk=ark:data/train/split20/20/utt2spk ark:exp/tri3b/trans.20 ark:- ark:- 
transform-feats exp/tri2b_ali/final.mat ark:- ark:- 
apply-cmvn --utt2spk=ark:data/train/split20/20/utt2spk scp:data/train/split20/20/cmvn.scp scp:data/train/split20/20/feats.scp ark:- 
splice-feats ark:- ark:- 
splice-feats ark:- ark:- 
transform-feats exp/tri2b_ali/final.mat ark:- ark:- 
apply-cmvn --utt2spk=ark:data/train/split20/20/utt2spk scp:data/train/split20/20/cmvn.scp scp:data/train/split20/20/feats.scp ark:- 
LOG (gmm-acc-stats-twofeats:main():gmm-acc-stats-twofeats.cc:140) Average like for this file is -39.1476 over 1248 frames.
LOG (gmm-acc-stats-twofeats:main():gmm-acc-stats-twofeats.cc:140) Average like for this file is -39.6406 over 1636 frames.
LOG (gmm-acc-stats-twofeats:main():gmm-acc-stats-twofeats.cc:140) Average like for this file is -37.4262 over 1298 frames.
LOG (gmm-acc-stats-twofeats:main():gmm-acc-stats-twofeats.cc:140) Average like for this file is -37.7366 over 1386 frames.
LOG (gmm-acc-stats-twofeats:main():gmm-acc-stats-twofeats.cc:140) Average like for this file is -37.7985 over 1248 frames.
LOG (gmm-acc-stats-twofeats:main():gmm-acc-stats-twofeats.cc:140) Average like for this file is -38.3971 over 1361 frames.
LOG (ali-to-post:main():ali-to-post.cc:65) Converted 10 alignments.
LOG (apply-cmvn:main():apply-cmvn.cc:146) Applied cepstral mean normalization to 10 utterances, errors on 0
LOG (gmm-acc-stats-twofeats:main():gmm-acc-stats-twofeats.cc:140) Average like for this file is -38.4088 over 1636 frames.
LOG (apply-cmvn:main():apply-cmvn.cc:146) Applied cepstral mean normalization to 10 utterances, errors on 0
LOG (gmm-acc-stats-twofeats:main():gmm-acc-stats-twofeats.cc:140) Average like for this file is -36.7668 over 1523 frames.
LOG (transform-feats:main():transform-feats.cc:158) Overall average [pseudo-]logdet is -82.5515 over 14408 frames.
LOG (transform-feats:main():transform-feats.cc:161) Applied transform to 10 utterances; 0 had errors.
LOG (gmm-acc-stats-twofeats:main():gmm-acc-stats-twofeats.cc:140) Average like for this file is -38.0209 over 1486 frames.
LOG (transform-feats:main():transform-feats.cc:158) Overall average logdet is 2.07488 over 14408 frames.
LOG (transform-feats:main():transform-feats.cc:161) Applied transform to 10 utterances; 0 had errors.
LOG (transform-feats:main():transform-feats.cc:158) Overall average [pseudo-]logdet is -82.5515 over 14408 frames.
LOG (transform-feats:main():transform-feats.cc:161) Applied transform to 10 utterances; 0 had errors.
LOG (gmm-acc-stats-twofeats:main():gmm-acc-stats-twofeats.cc:140) Average like for this file is -38.3379 over 1586 frames.
LOG (gmm-acc-stats-twofeats:main():gmm-acc-stats-twofeats.cc:146) Avg like per frame so far is -38.1841
LOG (gmm-acc-stats-twofeats:main():gmm-acc-stats-twofeats.cc:150) Done 10 files, 0 with no posteriors, 0 with no second features, 0 with other errors.
LOG (gmm-acc-stats-twofeats:main():gmm-acc-stats-twofeats.cc:155) Overall avg like per frame (Gaussian only) = -38.1841 over 14408 frames.
LOG (gmm-acc-stats-twofeats:main():gmm-acc-stats-twofeats.cc:163) Written accs.
# Accounting: time=2 threads=1
# Ended (code 0) at Mon Jul  4 16:19:45 BRT 2016, elapsed time 2 seconds
