# ali-to-post "ark:gunzip -c exp/tri3b/ali.14.gz|" ark:- | gmm-acc-stats-twofeats exp/tri3b/35.mdl "ark,s,cs:apply-cmvn  --utt2spk=ark:data/train/split20/14/utt2spk scp:data/train/split20/14/cmvn.scp scp:data/train/split20/14/feats.scp ark:- | splice-feats  ark:- ark:- | transform-feats exp/tri2b_ali/final.mat ark:- ark:- | transform-feats --utt2spk=ark:data/train/split20/14/utt2spk ark:exp/tri3b/trans.14 ark:- ark:- |" "ark,s,cs:apply-cmvn  --utt2spk=ark:data/train/split20/14/utt2spk scp:data/train/split20/14/cmvn.scp scp:data/train/split20/14/feats.scp ark:- | splice-feats  ark:- ark:- | transform-feats exp/tri2b_ali/final.mat ark:- ark:- |" ark,s,cs:- exp/tri3b/35.14.acc 
# Started at Mon Jul  4 16:19:41 BRT 2016
#
ali-to-post 'ark:gunzip -c exp/tri3b/ali.14.gz|' ark:- 
gmm-acc-stats-twofeats exp/tri3b/35.mdl 'ark,s,cs:apply-cmvn  --utt2spk=ark:data/train/split20/14/utt2spk scp:data/train/split20/14/cmvn.scp scp:data/train/split20/14/feats.scp ark:- | splice-feats  ark:- ark:- | transform-feats exp/tri2b_ali/final.mat ark:- ark:- | transform-feats --utt2spk=ark:data/train/split20/14/utt2spk ark:exp/tri3b/trans.14 ark:- ark:- |' 'ark,s,cs:apply-cmvn  --utt2spk=ark:data/train/split20/14/utt2spk scp:data/train/split20/14/cmvn.scp scp:data/train/split20/14/feats.scp ark:- | splice-feats  ark:- ark:- | transform-feats exp/tri2b_ali/final.mat ark:- ark:- |' ark,s,cs:- exp/tri3b/35.14.acc 
splice-feats ark:- ark:- 
apply-cmvn --utt2spk=ark:data/train/split20/14/utt2spk scp:data/train/split20/14/cmvn.scp scp:data/train/split20/14/feats.scp ark:- 
transform-feats exp/tri2b_ali/final.mat ark:- ark:- 
transform-feats --utt2spk=ark:data/train/split20/14/utt2spk ark:exp/tri3b/trans.14 ark:- ark:- 
transform-feats exp/tri2b_ali/final.mat ark:- ark:- 
apply-cmvn --utt2spk=ark:data/train/split20/14/utt2spk scp:data/train/split20/14/cmvn.scp scp:data/train/split20/14/feats.scp ark:- 
splice-feats ark:- ark:- 
LOG (gmm-acc-stats-twofeats:main():gmm-acc-stats-twofeats.cc:140) Average like for this file is -40.2497 over 1561 frames.
LOG (gmm-acc-stats-twofeats:main():gmm-acc-stats-twofeats.cc:140) Average like for this file is -38.6214 over 1348 frames.
LOG (gmm-acc-stats-twofeats:main():gmm-acc-stats-twofeats.cc:140) Average like for this file is -38.4687 over 1548 frames.
LOG (gmm-acc-stats-twofeats:main():gmm-acc-stats-twofeats.cc:140) Average like for this file is -39.2433 over 1711 frames.
LOG (gmm-acc-stats-twofeats:main():gmm-acc-stats-twofeats.cc:140) Average like for this file is -37.0768 over 1598 frames.
LOG (apply-cmvn:main():apply-cmvn.cc:146) Applied cepstral mean normalization to 9 utterances, errors on 0
LOG (ali-to-post:main():ali-to-post.cc:65) Converted 9 alignments.
LOG (gmm-acc-stats-twofeats:main():gmm-acc-stats-twofeats.cc:140) Average like for this file is -37.264 over 1636 frames.
LOG (apply-cmvn:main():apply-cmvn.cc:146) Applied cepstral mean normalization to 9 utterances, errors on 0
LOG (gmm-acc-stats-twofeats:main():gmm-acc-stats-twofeats.cc:140) Average like for this file is -38.212 over 1423 frames.
LOG (transform-feats:main():transform-feats.cc:158) Overall average [pseudo-]logdet is -82.5515 over 13797 frames.
LOG (transform-feats:main():transform-feats.cc:161) Applied transform to 9 utterances; 0 had errors.
LOG (gmm-acc-stats-twofeats:main():gmm-acc-stats-twofeats.cc:140) Average like for this file is -38.2809 over 1586 frames.
LOG (transform-feats:main():transform-feats.cc:158) Overall average logdet is 2.06438 over 13797 frames.
LOG (transform-feats:main():transform-feats.cc:161) Applied transform to 9 utterances; 0 had errors.
LOG (transform-feats:main():transform-feats.cc:158) Overall average [pseudo-]logdet is -82.5515 over 13797 frames.
LOG (transform-feats:main():transform-feats.cc:161) Applied transform to 9 utterances; 0 had errors.
LOG (gmm-acc-stats-twofeats:main():gmm-acc-stats-twofeats.cc:140) Average like for this file is -37.1451 over 1386 frames.
LOG (gmm-acc-stats-twofeats:main():gmm-acc-stats-twofeats.cc:150) Done 9 files, 0 with no posteriors, 0 with no second features, 0 with other errors.
LOG (gmm-acc-stats-twofeats:main():gmm-acc-stats-twofeats.cc:155) Overall avg like per frame (Gaussian only) = -38.2961 over 13797 frames.
LOG (gmm-acc-stats-twofeats:main():gmm-acc-stats-twofeats.cc:163) Written accs.
# Accounting: time=2 threads=1
# Ended (code 0) at Mon Jul  4 16:19:43 BRT 2016, elapsed time 2 seconds
