# build-tree --verbose=1 --max-leaves=1800 --cluster-thresh=-1 exp/tri3b/treeacc data/lang/phones/roots.int exp/tri3b/questions.qst data/lang/topo exp/tri3b/tree 
# Started at Mon Jul  4 16:15:28 BRT 2016
#
build-tree --verbose=1 --max-leaves=1800 --cluster-thresh=-1 exp/tri3b/treeacc data/lang/phones/roots.int exp/tri3b/questions.qst data/lang/topo exp/tri3b/tree 
LOG (build-tree:main():build-tree.cc:100) Number of separate statistics is 6101
LOG (build-tree:BuildTree():build-tree.cc:159) BuildTree: before building trees, map has 46 leaves.
LOG (build-tree:SplitDecisionTree():build-tree-utils.cc:577) DoDecisionTreeSplit: split 1754 times, #leaves now 1800
LOG (build-tree:BuildTree():build-tree.cc:185) Setting clustering threshold to smallest split 326.934
VLOG[1] (build-tree:BuildTree():build-tree.cc:194) After decision tree split, num-leaves = 1800, like-impr = 8.57695 per frame over 308780 frames.
VLOG[1] (build-tree:BuildTree():build-tree.cc:198) Including just phones that were split, improvement is 8.57695 per frame over 308780 frames.
LOG (build-tree:BuildTree():build-tree.cc:213) BuildTree: removed 326 leaves.
VLOG[1] (build-tree:BuildTree():build-tree.cc:220) Objf change due to clustering -0.251062 per frame.
VLOG[1] (build-tree:BuildTree():build-tree.cc:223) Normalizing over only split phones, this is: -0.251062 per frame.
VLOG[1] (build-tree:BuildTree():build-tree.cc:226) Num-leaves is now 1474
VLOG[1] (build-tree:main():build-tree.cc:138) For pdf-id 1, low count 37
VLOG[1] (build-tree:main():build-tree.cc:138) For pdf-id 2, low count 64
VLOG[1] (build-tree:main():build-tree.cc:138) For pdf-id 3, low count 36
VLOG[1] (build-tree:main():build-tree.cc:138) For pdf-id 4, low count 66
VLOG[1] (build-tree:main():build-tree.cc:138) For pdf-id 5, low count 35
VLOG[1] (build-tree:main():build-tree.cc:138) For pdf-id 6, low count 0
VLOG[1] (build-tree:main():build-tree.cc:138) For pdf-id 8, low count 43
VLOG[1] (build-tree:main():build-tree.cc:138) For pdf-id 18, low count 15
VLOG[1] (build-tree:main():build-tree.cc:138) For pdf-id 19, low count 39
VLOG[1] (build-tree:main():build-tree.cc:138) For pdf-id 23, low count 59
VLOG[1] (build-tree:main():build-tree.cc:138) For pdf-id 25, low count 95
VLOG[1] (build-tree:main():build-tree.cc:138) For pdf-id 27, low count 62
VLOG[1] (build-tree:main():build-tree.cc:138) For pdf-id 28, low count 35
VLOG[1] (build-tree:main():build-tree.cc:138) For pdf-id 29, low count 23
VLOG[1] (build-tree:main():build-tree.cc:138) For pdf-id 31, low count 0
VLOG[1] (build-tree:main():build-tree.cc:138) For pdf-id 33, low count 90
VLOG[1] (build-tree:main():build-tree.cc:138) For pdf-id 39, low count 33
VLOG[1] (build-tree:main():build-tree.cc:138) For pdf-id 40, low count 99
VLOG[1] (build-tree:main():build-tree.cc:138) For pdf-id 42, low count 89
VLOG[1] (build-tree:main():build-tree.cc:138) For pdf-id 43, low count 0
VLOG[1] (build-tree:main():build-tree.cc:138) For pdf-id 51, low count 83
VLOG[1] (build-tree:main():build-tree.cc:138) For pdf-id 55, low count 95
VLOG[1] (build-tree:main():build-tree.cc:138) For pdf-id 57, low count 59
VLOG[1] (build-tree:main():build-tree.cc:138) For pdf-id 62, low count 19
VLOG[1] (build-tree:main():build-tree.cc:138) For pdf-id 64, low count 47
VLOG[1] (build-tree:main():build-tree.cc:138) For pdf-id 66, low count 76
VLOG[1] (build-tree:main():build-tree.cc:138) For pdf-id 67, low count 61
VLOG[1] (build-tree:main():build-tree.cc:138) For pdf-id 68, low count 92
VLOG[1] (build-tree:main():build-tree.cc:138) For pdf-id 69, low count 66
VLOG[1] (build-tree:main():build-tree.cc:138) For pdf-id 71, low count 85
VLOG[1] (build-tree:main():build-tree.cc:138) For pdf-id 74, low count 64
VLOG[1] (build-tree:main():build-tree.cc:138) For pdf-id 75, low count 56
VLOG[1] (build-tree:main():build-tree.cc:138) For pdf-id 77, low count 37
VLOG[1] (build-tree:main():build-tree.cc:138) For pdf-id 78, low count 97
VLOG[1] (build-tree:main():build-tree.cc:138) For pdf-id 81, low count 92
VLOG[1] (build-tree:main():build-tree.cc:138) For pdf-id 83, low count 55
VLOG[1] (build-tree:main():build-tree.cc:138) For pdf-id 86, low count 89
VLOG[1] (build-tree:main():build-tree.cc:138) For pdf-id 90, low count 59
VLOG[1] (build-tree:main():build-tree.cc:138) For pdf-id 91, low count 27
VLOG[1] (build-tree:main():build-tree.cc:138) For pdf-id 93, low count 90
VLOG[1] (build-tree:main():build-tree.cc:138) For pdf-id 94, low count 97
VLOG[1] (build-tree:main():build-tree.cc:138) For pdf-id 95, low count 91
VLOG[1] (build-tree:main():build-tree.cc:138) For pdf-id 97, low count 45
VLOG[1] (build-tree:main():build-tree.cc:138) For pdf-id 98, low count 90
VLOG[1] (build-tree:main():build-tree.cc:138) For pdf-id 99, low count 90
VLOG[1] (build-tree:main():build-tree.cc:138) For pdf-id 100, low count 33
VLOG[1] (build-tree:main():build-tree.cc:138) For pdf-id 102, low count 56
VLOG[1] (build-tree:main():build-tree.cc:138) For pdf-id 105, low count 82
VLOG[1] (build-tree:main():build-tree.cc:138) For pdf-id 107, low count 82
VLOG[1] (build-tree:main():build-tree.cc:138) For pdf-id 108, low count 51
VLOG[1] (build-tree:main():build-tree.cc:138) For pdf-id 110, low count 83
VLOG[1] (build-tree:main():build-tree.cc:138) For pdf-id 111, low count 31
VLOG[1] (build-tree:main():build-tree.cc:138) For pdf-id 112, low count 89
VLOG[1] (build-tree:main():build-tree.cc:138) For pdf-id 113, low count 59
VLOG[1] (build-tree:main():build-tree.cc:138) For pdf-id 114, low count 65
VLOG[1] (build-tree:main():build-tree.cc:138) For pdf-id 117, low count 83
VLOG[1] (build-tree:main():build-tree.cc:138) For pdf-id 120, low count 31
VLOG[1] (build-tree:main():build-tree.cc:138) For pdf-id 121, low count 71
VLOG[1] (build-tree:main():build-tree.cc:138) For pdf-id 123, low count 38
VLOG[1] (build-tree:main():build-tree.cc:138) For pdf-id 124, low count 88
VLOG[1] (build-tree:main():build-tree.cc:138) For pdf-id 125, low count 43
VLOG[1] (build-tree:main():build-tree.cc:138) For pdf-id 127, low count 30
VLOG[1] (build-tree:main():build-tree.cc:138) For pdf-id 128, low count 35
VLOG[1] (build-tree:main():build-tree.cc:138) For pdf-id 129, low count 85
VLOG[1] (build-tree:main():build-tree.cc:138) For pdf-id 131, low count 69
VLOG[1] (build-tree:main():build-tree.cc:138) For pdf-id 133, low count 23
VLOG[1] (build-tree:main():build-tree.cc:138) For pdf-id 134, low count 88
VLOG[1] (build-tree:main():build-tree.cc:138) For pdf-id 135, low count 53
VLOG[1] (build-tree:main():build-tree.cc:138) For pdf-id 136, low count 20
VLOG[1] (build-tree:main():build-tree.cc:138) For pdf-id 137, low count 48
VLOG[1] (build-tree:main():build-tree.cc:138) For pdf-id 138, low count 29
VLOG[1] (build-tree:main():build-tree.cc:138) For pdf-id 140, low count 94
VLOG[1] (build-tree:main():build-tree.cc:138) For pdf-id 141, low count 32
VLOG[1] (build-tree:main():build-tree.cc:138) For pdf-id 145, low count 26
VLOG[1] (build-tree:main():build-tree.cc:138) For pdf-id 149, low count 32
VLOG[1] (build-tree:main():build-tree.cc:138) For pdf-id 151, low count 32
VLOG[1] (build-tree:main():build-tree.cc:138) For pdf-id 152, low count 54
VLOG[1] (build-tree:main():build-tree.cc:138) For pdf-id 154, low count 82
VLOG[1] (build-tree:main():build-tree.cc:138) For pdf-id 156, low count 42
VLOG[1] (build-tree:main():build-tree.cc:138) For pdf-id 157, low count 48
VLOG[1] (build-tree:main():build-tree.cc:138) For pdf-id 158, low count 94
VLOG[1] (build-tree:main():build-tree.cc:138) For pdf-id 159, low count 74
VLOG[1] (build-tree:main():build-tree.cc:138) For pdf-id 160, low count 62
VLOG[1] (build-tree:main():build-tree.cc:138) For pdf-id 161, low count 69
VLOG[1] (build-tree:main():build-tree.cc:138) For pdf-id 164, low count 35
VLOG[1] (build-tree:main():build-tree.cc:138) For pdf-id 165, low count 43
VLOG[1] (build-tree:main():build-tree.cc:138) For pdf-id 166, low count 30
VLOG[1] (build-tree:main():build-tree.cc:138) For pdf-id 169, low count 37
VLOG[1] (build-tree:main():build-tree.cc:138) For pdf-id 170, low count 31
VLOG[1] (build-tree:main():build-tree.cc:138) For pdf-id 171, low count 61
VLOG[1] (build-tree:main():build-tree.cc:138) For pdf-id 174, low count 69
VLOG[1] (build-tree:main():build-tree.cc:138) For pdf-id 175, low count 79
VLOG[1] (build-tree:main():build-tree.cc:138) For pdf-id 177, low count 76
VLOG[1] (build-tree:main():build-tree.cc:138) For pdf-id 178, low count 54
VLOG[1] (build-tree:main():build-tree.cc:138) For pdf-id 180, low count 81
VLOG[1] (build-tree:main():build-tree.cc:138) For pdf-id 181, low count 62
VLOG[1] (build-tree:main():build-tree.cc:138) For pdf-id 182, low count 76
VLOG[1] (build-tree:main():build-tree.cc:138) For pdf-id 184, low count 23
VLOG[1] (build-tree:main():build-tree.cc:138) For pdf-id 185, low count 69
VLOG[1] (build-tree:main():build-tree.cc:138) For pdf-id 186, low count 15
VLOG[1] (build-tree:main():build-tree.cc:138) For pdf-id 187, low count 43
VLOG[1] (build-tree:main():build-tree.cc:138) For pdf-id 188, low count 77
VLOG[1] (build-tree:main():build-tree.cc:138) For pdf-id 189, low count 59
VLOG[1] (build-tree:main():build-tree.cc:138) For pdf-id 194, low count 24
VLOG[1] (build-tree:main():build-tree.cc:138) For pdf-id 196, low count 77
VLOG[1] (build-tree:main():build-tree.cc:138) For pdf-id 198, low count 82
VLOG[1] (build-tree:main():build-tree.cc:138) For pdf-id 199, low count 60
VLOG[1] (build-tree:main():build-tree.cc:138) For pdf-id 200, low count 88
VLOG[1] (build-tree:main():build-tree.cc:138) For pdf-id 201, low count 58
VLOG[1] (build-tree:main():build-tree.cc:138) For pdf-id 204, low count 71
VLOG[1] (build-tree:main():build-tree.cc:138) For pdf-id 207, low count 38
VLOG[1] (build-tree:main():build-tree.cc:138) For pdf-id 211, low count 91
VLOG[1] (build-tree:main():build-tree.cc:138) For pdf-id 212, low count 75
VLOG[1] (build-tree:main():build-tree.cc:138) For pdf-id 218, low count 88
VLOG[1] (build-tree:main():build-tree.cc:138) For pdf-id 221, low count 70
VLOG[1] (build-tree:main():build-tree.cc:138) For pdf-id 227, low count 30
VLOG[1] (build-tree:main():build-tree.cc:138) For pdf-id 228, low count 44
VLOG[1] (build-tree:main():build-tree.cc:138) For pdf-id 229, low count 59
VLOG[1] (build-tree:main():build-tree.cc:138) For pdf-id 230, low count 66
VLOG[1] (build-tree:main():build-tree.cc:138) For pdf-id 233, low count 80
VLOG[1] (build-tree:main():build-tree.cc:138) For pdf-id 234, low count 32
VLOG[1] (build-tree:main():build-tree.cc:138) For pdf-id 235, low count 73
VLOG[1] (build-tree:main():build-tree.cc:138) For pdf-id 237, low count 98
VLOG[1] (build-tree:main():build-tree.cc:138) For pdf-id 238, low count 84
VLOG[1] (build-tree:main():build-tree.cc:138) For pdf-id 239, low count 79
VLOG[1] (build-tree:main():build-tree.cc:138) For pdf-id 240, low count 14
VLOG[1] (build-tree:main():build-tree.cc:138) For pdf-id 241, low count 91
VLOG[1] (build-tree:main():build-tree.cc:138) For pdf-id 243, low count 46
VLOG[1] (build-tree:main():build-tree.cc:138) For pdf-id 245, low count 71
VLOG[1] (build-tree:main():build-tree.cc:138) For pdf-id 246, low count 62
VLOG[1] (build-tree:main():build-tree.cc:138) For pdf-id 247, low count 94
VLOG[1] (build-tree:main():build-tree.cc:138) For pdf-id 251, low count 92
VLOG[1] (build-tree:main():build-tree.cc:138) For pdf-id 252, low count 31
VLOG[1] (build-tree:main():build-tree.cc:138) For pdf-id 253, low count 38
VLOG[1] (build-tree:main():build-tree.cc:138) For pdf-id 254, low count 78
VLOG[1] (build-tree:main():build-tree.cc:138) For pdf-id 255, low count 81
VLOG[1] (build-tree:main():build-tree.cc:138) For pdf-id 257, low count 70
VLOG[1] (build-tree:main():build-tree.cc:138) For pdf-id 258, low count 29
VLOG[1] (build-tree:main():build-tree.cc:138) For pdf-id 259, low count 52
VLOG[1] (build-tree:main():build-tree.cc:138) For pdf-id 261, low count 23
VLOG[1] (build-tree:main():build-tree.cc:138) For pdf-id 262, low count 52
VLOG[1] (build-tree:main():build-tree.cc:138) For pdf-id 264, low count 31
VLOG[1] (build-tree:main():build-tree.cc:138) For pdf-id 265, low count 88
VLOG[1] (build-tree:main():build-tree.cc:138) For pdf-id 266, low count 87
VLOG[1] (build-tree:main():build-tree.cc:138) For pdf-id 270, low count 42
VLOG[1] (build-tree:main():build-tree.cc:138) For pdf-id 271, low count 72
VLOG[1] (build-tree:main():build-tree.cc:138) For pdf-id 272, low count 26
VLOG[1] (build-tree:main():build-tree.cc:138) For pdf-id 273, low count 97
VLOG[1] (build-tree:main():build-tree.cc:138) For pdf-id 276, low count 87
VLOG[1] (build-tree:main():build-tree.cc:138) For pdf-id 277, low count 70
VLOG[1] (build-tree:main():build-tree.cc:138) For pdf-id 278, low count 54
VLOG[1] (build-tree:main():build-tree.cc:138) For pdf-id 279, low count 65
VLOG[1] (build-tree:main():build-tree.cc:138) For pdf-id 280, low count 64
VLOG[1] (build-tree:main():build-tree.cc:138) For pdf-id 281, low count 33
VLOG[1] (build-tree:main():build-tree.cc:138) For pdf-id 282, low count 75
VLOG[1] (build-tree:main():build-tree.cc:138) For pdf-id 284, low count 75
VLOG[1] (build-tree:main():build-tree.cc:138) For pdf-id 287, low count 32
VLOG[1] (build-tree:main():build-tree.cc:138) For pdf-id 288, low count 86
VLOG[1] (build-tree:main():build-tree.cc:138) For pdf-id 289, low count 32
VLOG[1] (build-tree:main():build-tree.cc:138) For pdf-id 290, low count 57
VLOG[1] (build-tree:main():build-tree.cc:138) For pdf-id 291, low count 80
VLOG[1] (build-tree:main():build-tree.cc:138) For pdf-id 294, low count 38
VLOG[1] (build-tree:main():build-tree.cc:138) For pdf-id 295, low count 38
VLOG[1] (build-tree:main():build-tree.cc:138) For pdf-id 296, low count 81
VLOG[1] (build-tree:main():build-tree.cc:138) For pdf-id 297, low count 73
VLOG[1] (build-tree:main():build-tree.cc:138) For pdf-id 300, low count 99
VLOG[1] (build-tree:main():build-tree.cc:138) For pdf-id 302, low count 66
VLOG[1] (build-tree:main():build-tree.cc:138) For pdf-id 303, low count 65
VLOG[1] (build-tree:main():build-tree.cc:138) For pdf-id 304, low count 26
VLOG[1] (build-tree:main():build-tree.cc:138) For pdf-id 306, low count 24
VLOG[1] (build-tree:main():build-tree.cc:138) For pdf-id 307, low count 29
VLOG[1] (build-tree:main():build-tree.cc:138) For pdf-id 309, low count 67
VLOG[1] (build-tree:main():build-tree.cc:138) For pdf-id 310, low count 86
VLOG[1] (build-tree:main():build-tree.cc:138) For pdf-id 316, low count 97
VLOG[1] (build-tree:main():build-tree.cc:138) For pdf-id 319, low count 68
VLOG[1] (build-tree:main():build-tree.cc:138) For pdf-id 320, low count 17
VLOG[1] (build-tree:main():build-tree.cc:138) For pdf-id 321, low count 78
VLOG[1] (build-tree:main():build-tree.cc:138) For pdf-id 322, low count 71
VLOG[1] (build-tree:main():build-tree.cc:138) For pdf-id 323, low count 39
VLOG[1] (build-tree:main():build-tree.cc:138) For pdf-id 324, low count 77
VLOG[1] (build-tree:main():build-tree.cc:138) For pdf-id 326, low count 61
VLOG[1] (build-tree:main():build-tree.cc:138) For pdf-id 328, low count 43
VLOG[1] (build-tree:main():build-tree.cc:138) For pdf-id 330, low count 33
VLOG[1] (build-tree:main():build-tree.cc:138) For pdf-id 331, low count 60
VLOG[1] (build-tree:main():build-tree.cc:138) For pdf-id 332, low count 46
VLOG[1] (build-tree:main():build-tree.cc:138) For pdf-id 333, low count 57
VLOG[1] (build-tree:main():build-tree.cc:138) For pdf-id 334, low count 27
VLOG[1] (build-tree:main():build-tree.cc:138) For pdf-id 335, low count 54
VLOG[1] (build-tree:main():build-tree.cc:138) For pdf-id 336, low count 35
VLOG[1] (build-tree:main():build-tree.cc:138) For pdf-id 337, low count 86
VLOG[1] (build-tree:main():build-tree.cc:138) For pdf-id 340, low count 94
VLOG[1] (build-tree:main():build-tree.cc:138) For pdf-id 341, low count 82
VLOG[1] (build-tree:main():build-tree.cc:138) For pdf-id 343, low count 35
VLOG[1] (build-tree:main():build-tree.cc:138) For pdf-id 344, low count 27
VLOG[1] (build-tree:main():build-tree.cc:138) For pdf-id 345, low count 46
VLOG[1] (build-tree:main():build-tree.cc:138) For pdf-id 347, low count 42
VLOG[1] (build-tree:main():build-tree.cc:138) For pdf-id 349, low count 43
VLOG[1] (build-tree:main():build-tree.cc:138) For pdf-id 350, low count 67
VLOG[1] (build-tree:main():build-tree.cc:138) For pdf-id 351, low count 85
VLOG[1] (build-tree:main():build-tree.cc:138) For pdf-id 352, low count 23
VLOG[1] (build-tree:main():build-tree.cc:138) For pdf-id 355, low count 50
VLOG[1] (build-tree:main():build-tree.cc:138) For pdf-id 356, low count 67
VLOG[1] (build-tree:main():build-tree.cc:138) For pdf-id 357, low count 52
VLOG[1] (build-tree:main():build-tree.cc:138) For pdf-id 358, low count 69
VLOG[1] (build-tree:main():build-tree.cc:138) For pdf-id 359, low count 63
VLOG[1] (build-tree:main():build-tree.cc:138) For pdf-id 360, low count 72
VLOG[1] (build-tree:main():build-tree.cc:138) For pdf-id 361, low count 53
VLOG[1] (build-tree:main():build-tree.cc:138) For pdf-id 362, low count 69
VLOG[1] (build-tree:main():build-tree.cc:138) For pdf-id 363, low count 46
VLOG[1] (build-tree:main():build-tree.cc:138) For pdf-id 366, low count 83
VLOG[1] (build-tree:main():build-tree.cc:138) For pdf-id 367, low count 95
VLOG[1] (build-tree:main():build-tree.cc:138) For pdf-id 369, low count 53
VLOG[1] (build-tree:main():build-tree.cc:138) For pdf-id 370, low count 69
VLOG[1] (build-tree:main():build-tree.cc:138) For pdf-id 374, low count 43
VLOG[1] (build-tree:main():build-tree.cc:138) For pdf-id 375, low count 40
VLOG[1] (build-tree:main():build-tree.cc:138) For pdf-id 376, low count 30
VLOG[1] (build-tree:main():build-tree.cc:138) For pdf-id 379, low count 61
VLOG[1] (build-tree:main():build-tree.cc:138) For pdf-id 380, low count 64
VLOG[1] (build-tree:main():build-tree.cc:138) For pdf-id 382, low count 52
VLOG[1] (build-tree:main():build-tree.cc:138) For pdf-id 384, low count 83
VLOG[1] (build-tree:main():build-tree.cc:138) For pdf-id 385, low count 57
VLOG[1] (build-tree:main():build-tree.cc:138) For pdf-id 387, low count 60
VLOG[1] (build-tree:main():build-tree.cc:138) For pdf-id 391, low count 62
VLOG[1] (build-tree:main():build-tree.cc:138) For pdf-id 393, low count 31
VLOG[1] (build-tree:main():build-tree.cc:138) For pdf-id 397, low count 40
VLOG[1] (build-tree:main():build-tree.cc:138) For pdf-id 400, low count 86
VLOG[1] (build-tree:main():build-tree.cc:138) For pdf-id 408, low count 43
VLOG[1] (build-tree:main():build-tree.cc:138) For pdf-id 409, low count 66
VLOG[1] (build-tree:main():build-tree.cc:138) For pdf-id 410, low count 27
VLOG[1] (build-tree:main():build-tree.cc:138) For pdf-id 412, low count 30
VLOG[1] (build-tree:main():build-tree.cc:138) For pdf-id 413, low count 99
VLOG[1] (build-tree:main():build-tree.cc:138) For pdf-id 414, low count 62
VLOG[1] (build-tree:main():build-tree.cc:138) For pdf-id 415, low count 47
VLOG[1] (build-tree:main():build-tree.cc:138) For pdf-id 416, low count 38
VLOG[1] (build-tree:main():build-tree.cc:138) For pdf-id 419, low count 17
VLOG[1] (build-tree:main():build-tree.cc:138) For pdf-id 422, low count 74
VLOG[1] (build-tree:main():build-tree.cc:138) For pdf-id 423, low count 45
VLOG[1] (build-tree:main():build-tree.cc:138) For pdf-id 424, low count 76
VLOG[1] (build-tree:main():build-tree.cc:138) For pdf-id 425, low count 91
VLOG[1] (build-tree:main():build-tree.cc:138) For pdf-id 426, low count 56
VLOG[1] (build-tree:main():build-tree.cc:138) For pdf-id 427, low count 66
VLOG[1] (build-tree:main():build-tree.cc:138) For pdf-id 428, low count 91
VLOG[1] (build-tree:main():build-tree.cc:138) For pdf-id 429, low count 79
VLOG[1] (build-tree:main():build-tree.cc:138) For pdf-id 430, low count 75
VLOG[1] (build-tree:main():build-tree.cc:138) For pdf-id 433, low count 22
VLOG[1] (build-tree:main():build-tree.cc:138) For pdf-id 434, low count 94
VLOG[1] (build-tree:main():build-tree.cc:138) For pdf-id 435, low count 41
VLOG[1] (build-tree:main():build-tree.cc:138) For pdf-id 438, low count 75
VLOG[1] (build-tree:main():build-tree.cc:138) For pdf-id 439, low count 43
VLOG[1] (build-tree:main():build-tree.cc:138) For pdf-id 440, low count 62
VLOG[1] (build-tree:main():build-tree.cc:138) For pdf-id 444, low count 45
VLOG[1] (build-tree:main():build-tree.cc:138) For pdf-id 445, low count 65
VLOG[1] (build-tree:main():build-tree.cc:138) For pdf-id 446, low count 37
VLOG[1] (build-tree:main():build-tree.cc:138) For pdf-id 449, low count 81
VLOG[1] (build-tree:main():build-tree.cc:138) For pdf-id 450, low count 42
VLOG[1] (build-tree:main():build-tree.cc:138) For pdf-id 451, low count 68
VLOG[1] (build-tree:main():build-tree.cc:138) For pdf-id 455, low count 65
VLOG[1] (build-tree:main():build-tree.cc:138) For pdf-id 456, low count 97
VLOG[1] (build-tree:main():build-tree.cc:138) For pdf-id 457, low count 71
VLOG[1] (build-tree:main():build-tree.cc:138) For pdf-id 459, low count 89
VLOG[1] (build-tree:main():build-tree.cc:138) For pdf-id 460, low count 89
VLOG[1] (build-tree:main():build-tree.cc:138) For pdf-id 462, low count 85
VLOG[1] (build-tree:main():build-tree.cc:138) For pdf-id 463, low count 58
VLOG[1] (build-tree:main():build-tree.cc:138) For pdf-id 465, low count 50
VLOG[1] (build-tree:main():build-tree.cc:138) For pdf-id 466, low count 81
VLOG[1] (build-tree:main():build-tree.cc:138) For pdf-id 468, low count 66
VLOG[1] (build-tree:main():build-tree.cc:138) For pdf-id 469, low count 41
VLOG[1] (build-tree:main():build-tree.cc:138) For pdf-id 470, low count 50
VLOG[1] (build-tree:main():build-tree.cc:138) For pdf-id 471, low count 37
VLOG[1] (build-tree:main():build-tree.cc:138) For pdf-id 475, low count 77
VLOG[1] (build-tree:main():build-tree.cc:138) For pdf-id 477, low count 31
VLOG[1] (build-tree:main():build-tree.cc:138) For pdf-id 478, low count 45
VLOG[1] (build-tree:main():build-tree.cc:138) For pdf-id 479, low count 37
VLOG[1] (build-tree:main():build-tree.cc:138) For pdf-id 480, low count 75
VLOG[1] (build-tree:main():build-tree.cc:138) For pdf-id 481, low count 47
VLOG[1] (build-tree:main():build-tree.cc:138) For pdf-id 482, low count 31
VLOG[1] (build-tree:main():build-tree.cc:138) For pdf-id 484, low count 63
VLOG[1] (build-tree:main():build-tree.cc:138) For pdf-id 485, low count 58
VLOG[1] (build-tree:main():build-tree.cc:138) For pdf-id 486, low count 86
VLOG[1] (build-tree:main():build-tree.cc:138) For pdf-id 487, low count 72
VLOG[1] (build-tree:main():build-tree.cc:138) For pdf-id 489, low count 69
VLOG[1] (build-tree:main():build-tree.cc:138) For pdf-id 490, low count 25
VLOG[1] (build-tree:main():build-tree.cc:138) For pdf-id 492, low count 68
VLOG[1] (build-tree:main():build-tree.cc:138) For pdf-id 494, low count 42
VLOG[1] (build-tree:main():build-tree.cc:138) For pdf-id 495, low count 82
VLOG[1] (build-tree:main():build-tree.cc:138) For pdf-id 496, low count 27
VLOG[1] (build-tree:main():build-tree.cc:138) For pdf-id 497, low count 75
VLOG[1] (build-tree:main():build-tree.cc:138) For pdf-id 499, low count 37
VLOG[1] (build-tree:main():build-tree.cc:138) For pdf-id 500, low count 69
VLOG[1] (build-tree:main():build-tree.cc:138) For pdf-id 501, low count 66
VLOG[1] (build-tree:main():build-tree.cc:138) For pdf-id 502, low count 47
VLOG[1] (build-tree:main():build-tree.cc:138) For pdf-id 503, low count 28
VLOG[1] (build-tree:main():build-tree.cc:138) For pdf-id 505, low count 55
VLOG[1] (build-tree:main():build-tree.cc:138) For pdf-id 506, low count 48
VLOG[1] (build-tree:main():build-tree.cc:138) For pdf-id 508, low count 80
VLOG[1] (build-tree:main():build-tree.cc:138) For pdf-id 510, low count 51
VLOG[1] (build-tree:main():build-tree.cc:138) For pdf-id 511, low count 86
VLOG[1] (build-tree:main():build-tree.cc:138) For pdf-id 512, low count 51
VLOG[1] (build-tree:main():build-tree.cc:138) For pdf-id 513, low count 65
VLOG[1] (build-tree:main():build-tree.cc:138) For pdf-id 515, low count 55
VLOG[1] (build-tree:main():build-tree.cc:138) For pdf-id 516, low count 60
VLOG[1] (build-tree:main():build-tree.cc:138) For pdf-id 517, low count 31
VLOG[1] (build-tree:main():build-tree.cc:138) For pdf-id 520, low count 48
VLOG[1] (build-tree:main():build-tree.cc:138) For pdf-id 521, low count 52
VLOG[1] (build-tree:main():build-tree.cc:138) For pdf-id 522, low count 83
VLOG[1] (build-tree:main():build-tree.cc:138) For pdf-id 523, low count 58
VLOG[1] (build-tree:main():build-tree.cc:138) For pdf-id 525, low count 71
VLOG[1] (build-tree:main():build-tree.cc:138) For pdf-id 529, low count 80
VLOG[1] (build-tree:main():build-tree.cc:138) For pdf-id 532, low count 33
VLOG[1] (build-tree:main():build-tree.cc:138) For pdf-id 533, low count 75
VLOG[1] (build-tree:main():build-tree.cc:138) For pdf-id 534, low count 20
VLOG[1] (build-tree:main():build-tree.cc:138) For pdf-id 539, low count 76
VLOG[1] (build-tree:main():build-tree.cc:138) For pdf-id 540, low count 41
VLOG[1] (build-tree:main():build-tree.cc:138) For pdf-id 541, low count 73
VLOG[1] (build-tree:main():build-tree.cc:138) For pdf-id 543, low count 72
VLOG[1] (build-tree:main():build-tree.cc:138) For pdf-id 545, low count 67
VLOG[1] (build-tree:main():build-tree.cc:138) For pdf-id 547, low count 41
VLOG[1] (build-tree:main():build-tree.cc:138) For pdf-id 549, low count 39
VLOG[1] (build-tree:main():build-tree.cc:138) For pdf-id 552, low count 17
VLOG[1] (build-tree:main():build-tree.cc:138) For pdf-id 553, low count 49
VLOG[1] (build-tree:main():build-tree.cc:138) For pdf-id 554, low count 26
VLOG[1] (build-tree:main():build-tree.cc:138) For pdf-id 556, low count 76
VLOG[1] (build-tree:main():build-tree.cc:138) For pdf-id 558, low count 20
VLOG[1] (build-tree:main():build-tree.cc:138) For pdf-id 561, low count 21
VLOG[1] (build-tree:main():build-tree.cc:138) For pdf-id 562, low count 68
VLOG[1] (build-tree:main():build-tree.cc:138) For pdf-id 563, low count 63
VLOG[1] (build-tree:main():build-tree.cc:138) For pdf-id 564, low count 49
VLOG[1] (build-tree:main():build-tree.cc:138) For pdf-id 565, low count 87
VLOG[1] (build-tree:main():build-tree.cc:138) For pdf-id 566, low count 84
VLOG[1] (build-tree:main():build-tree.cc:138) For pdf-id 567, low count 40
VLOG[1] (build-tree:main():build-tree.cc:138) For pdf-id 569, low count 44
VLOG[1] (build-tree:main():build-tree.cc:138) For pdf-id 570, low count 87
VLOG[1] (build-tree:main():build-tree.cc:138) For pdf-id 571, low count 25
VLOG[1] (build-tree:main():build-tree.cc:138) For pdf-id 572, low count 48
VLOG[1] (build-tree:main():build-tree.cc:138) For pdf-id 573, low count 50
VLOG[1] (build-tree:main():build-tree.cc:138) For pdf-id 575, low count 48
VLOG[1] (build-tree:main():build-tree.cc:138) For pdf-id 577, low count 47
VLOG[1] (build-tree:main():build-tree.cc:138) For pdf-id 579, low count 37
VLOG[1] (build-tree:main():build-tree.cc:138) For pdf-id 581, low count 71
VLOG[1] (build-tree:main():build-tree.cc:138) For pdf-id 584, low count 53
VLOG[1] (build-tree:main():build-tree.cc:138) For pdf-id 585, low count 77
VLOG[1] (build-tree:main():build-tree.cc:138) For pdf-id 586, low count 19
VLOG[1] (build-tree:main():build-tree.cc:138) For pdf-id 587, low count 66
VLOG[1] (build-tree:main():build-tree.cc:138) For pdf-id 588, low count 39
VLOG[1] (build-tree:main():build-tree.cc:138) For pdf-id 589, low count 94
VLOG[1] (build-tree:main():build-tree.cc:138) For pdf-id 590, low count 74
VLOG[1] (build-tree:main():build-tree.cc:138) For pdf-id 592, low count 92
VLOG[1] (build-tree:main():build-tree.cc:138) For pdf-id 595, low count 58
VLOG[1] (build-tree:main():build-tree.cc:138) For pdf-id 596, low count 34
VLOG[1] (build-tree:main():build-tree.cc:138) For pdf-id 597, low count 34
VLOG[1] (build-tree:main():build-tree.cc:138) For pdf-id 598, low count 52
VLOG[1] (build-tree:main():build-tree.cc:138) For pdf-id 599, low count 89
VLOG[1] (build-tree:main():build-tree.cc:138) For pdf-id 601, low count 57
VLOG[1] (build-tree:main():build-tree.cc:138) For pdf-id 602, low count 76
VLOG[1] (build-tree:main():build-tree.cc:138) For pdf-id 603, low count 49
VLOG[1] (build-tree:main():build-tree.cc:138) For pdf-id 604, low count 37
VLOG[1] (build-tree:main():build-tree.cc:138) For pdf-id 605, low count 36
VLOG[1] (build-tree:main():build-tree.cc:138) For pdf-id 610, low count 26
VLOG[1] (build-tree:main():build-tree.cc:138) For pdf-id 611, low count 49
VLOG[1] (build-tree:main():build-tree.cc:138) For pdf-id 612, low count 12
VLOG[1] (build-tree:main():build-tree.cc:138) For pdf-id 616, low count 51
VLOG[1] (build-tree:main():build-tree.cc:138) For pdf-id 617, low count 60
VLOG[1] (build-tree:main():build-tree.cc:138) For pdf-id 618, low count 81
VLOG[1] (build-tree:main():build-tree.cc:138) For pdf-id 622, low count 62
VLOG[1] (build-tree:main():build-tree.cc:138) For pdf-id 623, low count 40
VLOG[1] (build-tree:main():build-tree.cc:138) For pdf-id 625, low count 43
VLOG[1] (build-tree:main():build-tree.cc:138) For pdf-id 626, low count 91
VLOG[1] (build-tree:main():build-tree.cc:138) For pdf-id 628, low count 28
VLOG[1] (build-tree:main():build-tree.cc:138) For pdf-id 631, low count 80
VLOG[1] (build-tree:main():build-tree.cc:138) For pdf-id 632, low count 49
VLOG[1] (build-tree:main():build-tree.cc:138) For pdf-id 633, low count 59
VLOG[1] (build-tree:main():build-tree.cc:138) For pdf-id 634, low count 86
VLOG[1] (build-tree:main():build-tree.cc:138) For pdf-id 636, low count 97
VLOG[1] (build-tree:main():build-tree.cc:138) For pdf-id 639, low count 77
VLOG[1] (build-tree:main():build-tree.cc:138) For pdf-id 640, low count 15
VLOG[1] (build-tree:main():build-tree.cc:138) For pdf-id 641, low count 61
VLOG[1] (build-tree:main():build-tree.cc:138) For pdf-id 642, low count 71
VLOG[1] (build-tree:main():build-tree.cc:138) For pdf-id 643, low count 33
VLOG[1] (build-tree:main():build-tree.cc:138) For pdf-id 644, low count 76
VLOG[1] (build-tree:main():build-tree.cc:138) For pdf-id 646, low count 43
VLOG[1] (build-tree:main():build-tree.cc:138) For pdf-id 647, low count 67
VLOG[1] (build-tree:main():build-tree.cc:138) For pdf-id 650, low count 99
VLOG[1] (build-tree:main():build-tree.cc:138) For pdf-id 653, low count 47
VLOG[1] (build-tree:main():build-tree.cc:138) For pdf-id 655, low count 84
VLOG[1] (build-tree:main():build-tree.cc:138) For pdf-id 657, low count 54
VLOG[1] (build-tree:main():build-tree.cc:138) For pdf-id 660, low count 64
VLOG[1] (build-tree:main():build-tree.cc:138) For pdf-id 661, low count 29
VLOG[1] (build-tree:main():build-tree.cc:138) For pdf-id 663, low count 53
VLOG[1] (build-tree:main():build-tree.cc:138) For pdf-id 664, low count 23
VLOG[1] (build-tree:main():build-tree.cc:138) For pdf-id 665, low count 64
VLOG[1] (build-tree:main():build-tree.cc:138) For pdf-id 666, low count 52
VLOG[1] (build-tree:main():build-tree.cc:138) For pdf-id 668, low count 19
VLOG[1] (build-tree:main():build-tree.cc:138) For pdf-id 669, low count 46
VLOG[1] (build-tree:main():build-tree.cc:138) For pdf-id 670, low count 90
VLOG[1] (build-tree:main():build-tree.cc:138) For pdf-id 672, low count 85
VLOG[1] (build-tree:main():build-tree.cc:138) For pdf-id 673, low count 37
VLOG[1] (build-tree:main():build-tree.cc:138) For pdf-id 674, low count 29
VLOG[1] (build-tree:main():build-tree.cc:138) For pdf-id 675, low count 51
VLOG[1] (build-tree:main():build-tree.cc:138) For pdf-id 677, low count 31
VLOG[1] (build-tree:main():build-tree.cc:138) For pdf-id 678, low count 94
VLOG[1] (build-tree:main():build-tree.cc:138) For pdf-id 679, low count 29
VLOG[1] (build-tree:main():build-tree.cc:138) For pdf-id 682, low count 43
VLOG[1] (build-tree:main():build-tree.cc:138) For pdf-id 683, low count 72
VLOG[1] (build-tree:main():build-tree.cc:138) For pdf-id 688, low count 48
VLOG[1] (build-tree:main():build-tree.cc:138) For pdf-id 689, low count 65
VLOG[1] (build-tree:main():build-tree.cc:138) For pdf-id 691, low count 97
VLOG[1] (build-tree:main():build-tree.cc:138) For pdf-id 692, low count 98
VLOG[1] (build-tree:main():build-tree.cc:138) For pdf-id 693, low count 27
VLOG[1] (build-tree:main():build-tree.cc:138) For pdf-id 694, low count 16
VLOG[1] (build-tree:main():build-tree.cc:138) For pdf-id 699, low count 72
VLOG[1] (build-tree:main():build-tree.cc:138) For pdf-id 700, low count 63
VLOG[1] (build-tree:main():build-tree.cc:138) For pdf-id 704, low count 65
VLOG[1] (build-tree:main():build-tree.cc:138) For pdf-id 707, low count 22
VLOG[1] (build-tree:main():build-tree.cc:138) For pdf-id 708, low count 33
VLOG[1] (build-tree:main():build-tree.cc:138) For pdf-id 709, low count 98
VLOG[1] (build-tree:main():build-tree.cc:138) For pdf-id 710, low count 50
VLOG[1] (build-tree:main():build-tree.cc:138) For pdf-id 711, low count 56
VLOG[1] (build-tree:main():build-tree.cc:138) For pdf-id 715, low count 64
VLOG[1] (build-tree:main():build-tree.cc:138) For pdf-id 716, low count 68
VLOG[1] (build-tree:main():build-tree.cc:138) For pdf-id 717, low count 68
VLOG[1] (build-tree:main():build-tree.cc:138) For pdf-id 719, low count 55
VLOG[1] (build-tree:main():build-tree.cc:138) For pdf-id 721, low count 48
VLOG[1] (build-tree:main():build-tree.cc:138) For pdf-id 723, low count 39
VLOG[1] (build-tree:main():build-tree.cc:138) For pdf-id 725, low count 73
VLOG[1] (build-tree:main():build-tree.cc:138) For pdf-id 729, low count 26
VLOG[1] (build-tree:main():build-tree.cc:138) For pdf-id 730, low count 65
VLOG[1] (build-tree:main():build-tree.cc:138) For pdf-id 732, low count 77
VLOG[1] (build-tree:main():build-tree.cc:138) For pdf-id 733, low count 69
VLOG[1] (build-tree:main():build-tree.cc:138) For pdf-id 734, low count 43
VLOG[1] (build-tree:main():build-tree.cc:138) For pdf-id 736, low count 49
VLOG[1] (build-tree:main():build-tree.cc:138) For pdf-id 737, low count 93
VLOG[1] (build-tree:main():build-tree.cc:138) For pdf-id 739, low count 98
VLOG[1] (build-tree:main():build-tree.cc:138) For pdf-id 740, low count 22
VLOG[1] (build-tree:main():build-tree.cc:138) For pdf-id 741, low count 22
VLOG[1] (build-tree:main():build-tree.cc:138) For pdf-id 742, low count 74
VLOG[1] (build-tree:main():build-tree.cc:138) For pdf-id 744, low count 63
VLOG[1] (build-tree:main():build-tree.cc:138) For pdf-id 745, low count 26
VLOG[1] (build-tree:main():build-tree.cc:138) For pdf-id 746, low count 94
VLOG[1] (build-tree:main():build-tree.cc:138) For pdf-id 747, low count 62
VLOG[1] (build-tree:main():build-tree.cc:138) For pdf-id 748, low count 59
VLOG[1] (build-tree:main():build-tree.cc:138) For pdf-id 752, low count 23
VLOG[1] (build-tree:main():build-tree.cc:138) For pdf-id 753, low count 31
VLOG[1] (build-tree:main():build-tree.cc:138) For pdf-id 755, low count 32
VLOG[1] (build-tree:main():build-tree.cc:138) For pdf-id 757, low count 90
VLOG[1] (build-tree:main():build-tree.cc:138) For pdf-id 759, low count 91
VLOG[1] (build-tree:main():build-tree.cc:138) For pdf-id 760, low count 26
VLOG[1] (build-tree:main():build-tree.cc:138) For pdf-id 761, low count 89
VLOG[1] (build-tree:main():build-tree.cc:138) For pdf-id 762, low count 19
VLOG[1] (build-tree:main():build-tree.cc:138) For pdf-id 763, low count 46
VLOG[1] (build-tree:main():build-tree.cc:138) For pdf-id 764, low count 35
VLOG[1] (build-tree:main():build-tree.cc:138) For pdf-id 765, low count 43
VLOG[1] (build-tree:main():build-tree.cc:138) For pdf-id 767, low count 38
VLOG[1] (build-tree:main():build-tree.cc:138) For pdf-id 770, low count 39
VLOG[1] (build-tree:main():build-tree.cc:138) For pdf-id 771, low count 39
VLOG[1] (build-tree:main():build-tree.cc:138) For pdf-id 772, low count 63
VLOG[1] (build-tree:main():build-tree.cc:138) For pdf-id 774, low count 68
VLOG[1] (build-tree:main():build-tree.cc:138) For pdf-id 778, low count 89
VLOG[1] (build-tree:main():build-tree.cc:138) For pdf-id 779, low count 54
VLOG[1] (build-tree:main():build-tree.cc:138) For pdf-id 780, low count 17
VLOG[1] (build-tree:main():build-tree.cc:138) For pdf-id 781, low count 79
VLOG[1] (build-tree:main():build-tree.cc:138) For pdf-id 782, low count 74
VLOG[1] (build-tree:main():build-tree.cc:138) For pdf-id 783, low count 41
VLOG[1] (build-tree:main():build-tree.cc:138) For pdf-id 786, low count 99
VLOG[1] (build-tree:main():build-tree.cc:138) For pdf-id 787, low count 97
VLOG[1] (build-tree:main():build-tree.cc:138) For pdf-id 788, low count 79
VLOG[1] (build-tree:main():build-tree.cc:138) For pdf-id 790, low count 83
VLOG[1] (build-tree:main():build-tree.cc:138) For pdf-id 792, low count 81
VLOG[1] (build-tree:main():build-tree.cc:138) For pdf-id 794, low count 79
VLOG[1] (build-tree:main():build-tree.cc:138) For pdf-id 795, low count 73
VLOG[1] (build-tree:main():build-tree.cc:138) For pdf-id 796, low count 41
VLOG[1] (build-tree:main():build-tree.cc:138) For pdf-id 798, low count 80
VLOG[1] (build-tree:main():build-tree.cc:138) For pdf-id 799, low count 69
VLOG[1] (build-tree:main():build-tree.cc:138) For pdf-id 800, low count 60
VLOG[1] (build-tree:main():build-tree.cc:138) For pdf-id 801, low count 31
VLOG[1] (build-tree:main():build-tree.cc:138) For pdf-id 802, low count 96
VLOG[1] (build-tree:main():build-tree.cc:138) For pdf-id 804, low count 47
VLOG[1] (build-tree:main():build-tree.cc:138) For pdf-id 808, low count 59
VLOG[1] (build-tree:main():build-tree.cc:138) For pdf-id 809, low count 42
VLOG[1] (build-tree:main():build-tree.cc:138) For pdf-id 811, low count 88
VLOG[1] (build-tree:main():build-tree.cc:138) For pdf-id 813, low count 37
VLOG[1] (build-tree:main():build-tree.cc:138) For pdf-id 815, low count 95
VLOG[1] (build-tree:main():build-tree.cc:138) For pdf-id 817, low count 55
VLOG[1] (build-tree:main():build-tree.cc:138) For pdf-id 818, low count 85
VLOG[1] (build-tree:main():build-tree.cc:138) For pdf-id 820, low count 84
VLOG[1] (build-tree:main():build-tree.cc:138) For pdf-id 821, low count 83
VLOG[1] (build-tree:main():build-tree.cc:138) For pdf-id 823, low count 23
VLOG[1] (build-tree:main():build-tree.cc:138) For pdf-id 824, low count 69
VLOG[1] (build-tree:main():build-tree.cc:138) For pdf-id 825, low count 33
VLOG[1] (build-tree:main():build-tree.cc:138) For pdf-id 826, low count 28
VLOG[1] (build-tree:main():build-tree.cc:138) For pdf-id 827, low count 20
VLOG[1] (build-tree:main():build-tree.cc:138) For pdf-id 828, low count 54
VLOG[1] (build-tree:main():build-tree.cc:138) For pdf-id 830, low count 69
VLOG[1] (build-tree:main():build-tree.cc:138) For pdf-id 832, low count 42
VLOG[1] (build-tree:main():build-tree.cc:138) For pdf-id 839, low count 52
VLOG[1] (build-tree:main():build-tree.cc:138) For pdf-id 840, low count 32
VLOG[1] (build-tree:main():build-tree.cc:138) For pdf-id 841, low count 83
VLOG[1] (build-tree:main():build-tree.cc:138) For pdf-id 844, low count 47
VLOG[1] (build-tree:main():build-tree.cc:138) For pdf-id 846, low count 32
VLOG[1] (build-tree:main():build-tree.cc:138) For pdf-id 847, low count 38
VLOG[1] (build-tree:main():build-tree.cc:138) For pdf-id 853, low count 43
VLOG[1] (build-tree:main():build-tree.cc:138) For pdf-id 855, low count 57
VLOG[1] (build-tree:main():build-tree.cc:138) For pdf-id 856, low count 73
VLOG[1] (build-tree:main():build-tree.cc:138) For pdf-id 858, low count 50
VLOG[1] (build-tree:main():build-tree.cc:138) For pdf-id 860, low count 33
VLOG[1] (build-tree:main():build-tree.cc:138) For pdf-id 863, low count 47
VLOG[1] (build-tree:main():build-tree.cc:138) For pdf-id 864, low count 73
VLOG[1] (build-tree:main():build-tree.cc:138) For pdf-id 865, low count 39
VLOG[1] (build-tree:main():build-tree.cc:138) For pdf-id 866, low count 89
VLOG[1] (build-tree:main():build-tree.cc:138) For pdf-id 867, low count 35
VLOG[1] (build-tree:main():build-tree.cc:138) For pdf-id 868, low count 38
VLOG[1] (build-tree:main():build-tree.cc:138) For pdf-id 870, low count 54
VLOG[1] (build-tree:main():build-tree.cc:138) For pdf-id 872, low count 42
VLOG[1] (build-tree:main():build-tree.cc:138) For pdf-id 873, low count 32
VLOG[1] (build-tree:main():build-tree.cc:138) For pdf-id 874, low count 86
VLOG[1] (build-tree:main():build-tree.cc:138) For pdf-id 875, low count 64
VLOG[1] (build-tree:main():build-tree.cc:138) For pdf-id 877, low count 47
VLOG[1] (build-tree:main():build-tree.cc:138) For pdf-id 878, low count 48
VLOG[1] (build-tree:main():build-tree.cc:138) For pdf-id 879, low count 50
VLOG[1] (build-tree:main():build-tree.cc:138) For pdf-id 881, low count 46
VLOG[1] (build-tree:main():build-tree.cc:138) For pdf-id 883, low count 83
VLOG[1] (build-tree:main():build-tree.cc:138) For pdf-id 884, low count 42
VLOG[1] (build-tree:main():build-tree.cc:138) For pdf-id 886, low count 87
VLOG[1] (build-tree:main():build-tree.cc:138) For pdf-id 889, low count 85
VLOG[1] (build-tree:main():build-tree.cc:138) For pdf-id 891, low count 72
VLOG[1] (build-tree:main():build-tree.cc:138) For pdf-id 892, low count 34
VLOG[1] (build-tree:main():build-tree.cc:138) For pdf-id 894, low count 65
VLOG[1] (build-tree:main():build-tree.cc:138) For pdf-id 896, low count 21
VLOG[1] (build-tree:main():build-tree.cc:138) For pdf-id 897, low count 27
VLOG[1] (build-tree:main():build-tree.cc:138) For pdf-id 898, low count 95
VLOG[1] (build-tree:main():build-tree.cc:138) For pdf-id 899, low count 95
VLOG[1] (build-tree:main():build-tree.cc:138) For pdf-id 900, low count 81
VLOG[1] (build-tree:main():build-tree.cc:138) For pdf-id 901, low count 88
VLOG[1] (build-tree:main():build-tree.cc:138) For pdf-id 903, low count 95
VLOG[1] (build-tree:main():build-tree.cc:138) For pdf-id 904, low count 84
VLOG[1] (build-tree:main():build-tree.cc:138) For pdf-id 906, low count 31
VLOG[1] (build-tree:main():build-tree.cc:138) For pdf-id 907, low count 27
VLOG[1] (build-tree:main():build-tree.cc:138) For pdf-id 908, low count 29
VLOG[1] (build-tree:main():build-tree.cc:138) For pdf-id 910, low count 67
VLOG[1] (build-tree:main():build-tree.cc:138) For pdf-id 911, low count 99
VLOG[1] (build-tree:main():build-tree.cc:138) For pdf-id 913, low count 56
VLOG[1] (build-tree:main():build-tree.cc:138) For pdf-id 914, low count 79
VLOG[1] (build-tree:main():build-tree.cc:138) For pdf-id 915, low count 59
VLOG[1] (build-tree:main():build-tree.cc:138) For pdf-id 916, low count 56
VLOG[1] (build-tree:main():build-tree.cc:138) For pdf-id 918, low count 79
VLOG[1] (build-tree:main():build-tree.cc:138) For pdf-id 919, low count 43
VLOG[1] (build-tree:main():build-tree.cc:138) For pdf-id 920, low count 22
VLOG[1] (build-tree:main():build-tree.cc:138) For pdf-id 921, low count 54
VLOG[1] (build-tree:main():build-tree.cc:138) For pdf-id 925, low count 41
VLOG[1] (build-tree:main():build-tree.cc:138) For pdf-id 927, low count 87
VLOG[1] (build-tree:main():build-tree.cc:138) For pdf-id 930, low count 40
VLOG[1] (build-tree:main():build-tree.cc:138) For pdf-id 931, low count 60
VLOG[1] (build-tree:main():build-tree.cc:138) For pdf-id 932, low count 48
VLOG[1] (build-tree:main():build-tree.cc:138) For pdf-id 933, low count 91
VLOG[1] (build-tree:main():build-tree.cc:138) For pdf-id 936, low count 80
VLOG[1] (build-tree:main():build-tree.cc:138) For pdf-id 937, low count 30
VLOG[1] (build-tree:main():build-tree.cc:138) For pdf-id 939, low count 57
VLOG[1] (build-tree:main():build-tree.cc:138) For pdf-id 940, low count 84
VLOG[1] (build-tree:main():build-tree.cc:138) For pdf-id 942, low count 93
VLOG[1] (build-tree:main():build-tree.cc:138) For pdf-id 944, low count 94
VLOG[1] (build-tree:main():build-tree.cc:138) For pdf-id 945, low count 64
VLOG[1] (build-tree:main():build-tree.cc:138) For pdf-id 947, low count 38
VLOG[1] (build-tree:main():build-tree.cc:138) For pdf-id 948, low count 34
VLOG[1] (build-tree:main():build-tree.cc:138) For pdf-id 949, low count 69
VLOG[1] (build-tree:main():build-tree.cc:138) For pdf-id 950, low count 86
VLOG[1] (build-tree:main():build-tree.cc:138) For pdf-id 951, low count 57
VLOG[1] (build-tree:main():build-tree.cc:138) For pdf-id 952, low count 27
VLOG[1] (build-tree:main():build-tree.cc:138) For pdf-id 953, low count 87
VLOG[1] (build-tree:main():build-tree.cc:138) For pdf-id 954, low count 87
VLOG[1] (build-tree:main():build-tree.cc:138) For pdf-id 955, low count 65
VLOG[1] (build-tree:main():build-tree.cc:138) For pdf-id 956, low count 46
VLOG[1] (build-tree:main():build-tree.cc:138) For pdf-id 957, low count 48
VLOG[1] (build-tree:main():build-tree.cc:138) For pdf-id 958, low count 54
VLOG[1] (build-tree:main():build-tree.cc:138) For pdf-id 959, low count 15
VLOG[1] (build-tree:main():build-tree.cc:138) For pdf-id 961, low count 72
VLOG[1] (build-tree:main():build-tree.cc:138) For pdf-id 965, low count 46
VLOG[1] (build-tree:main():build-tree.cc:138) For pdf-id 966, low count 52
VLOG[1] (build-tree:main():build-tree.cc:138) For pdf-id 967, low count 95
VLOG[1] (build-tree:main():build-tree.cc:138) For pdf-id 968, low count 50
VLOG[1] (build-tree:main():build-tree.cc:138) For pdf-id 969, low count 33
VLOG[1] (build-tree:main():build-tree.cc:138) For pdf-id 971, low count 36
VLOG[1] (build-tree:main():build-tree.cc:138) For pdf-id 972, low count 89
VLOG[1] (build-tree:main():build-tree.cc:138) For pdf-id 973, low count 39
VLOG[1] (build-tree:main():build-tree.cc:138) For pdf-id 974, low count 68
VLOG[1] (build-tree:main():build-tree.cc:138) For pdf-id 975, low count 38
VLOG[1] (build-tree:main():build-tree.cc:138) For pdf-id 976, low count 39
VLOG[1] (build-tree:main():build-tree.cc:138) For pdf-id 979, low count 97
VLOG[1] (build-tree:main():build-tree.cc:138) For pdf-id 980, low count 39
VLOG[1] (build-tree:main():build-tree.cc:138) For pdf-id 981, low count 79
VLOG[1] (build-tree:main():build-tree.cc:138) For pdf-id 983, low count 46
VLOG[1] (build-tree:main():build-tree.cc:138) For pdf-id 984, low count 87
VLOG[1] (build-tree:main():build-tree.cc:138) For pdf-id 985, low count 76
VLOG[1] (build-tree:main():build-tree.cc:138) For pdf-id 986, low count 84
VLOG[1] (build-tree:main():build-tree.cc:138) For pdf-id 989, low count 75
VLOG[1] (build-tree:main():build-tree.cc:138) For pdf-id 990, low count 70
VLOG[1] (build-tree:main():build-tree.cc:138) For pdf-id 991, low count 79
VLOG[1] (build-tree:main():build-tree.cc:138) For pdf-id 992, low count 88
VLOG[1] (build-tree:main():build-tree.cc:138) For pdf-id 995, low count 54
VLOG[1] (build-tree:main():build-tree.cc:138) For pdf-id 996, low count 32
VLOG[1] (build-tree:main():build-tree.cc:138) For pdf-id 999, low count 28
VLOG[1] (build-tree:main():build-tree.cc:138) For pdf-id 1000, low count 54
VLOG[1] (build-tree:main():build-tree.cc:138) For pdf-id 1004, low count 75
VLOG[1] (build-tree:main():build-tree.cc:138) For pdf-id 1005, low count 93
VLOG[1] (build-tree:main():build-tree.cc:138) For pdf-id 1006, low count 37
VLOG[1] (build-tree:main():build-tree.cc:138) For pdf-id 1007, low count 23
VLOG[1] (build-tree:main():build-tree.cc:138) For pdf-id 1008, low count 72
VLOG[1] (build-tree:main():build-tree.cc:138) For pdf-id 1010, low count 36
VLOG[1] (build-tree:main():build-tree.cc:138) For pdf-id 1011, low count 45
VLOG[1] (build-tree:main():build-tree.cc:138) For pdf-id 1012, low count 55
VLOG[1] (build-tree:main():build-tree.cc:138) For pdf-id 1013, low count 20
VLOG[1] (build-tree:main():build-tree.cc:138) For pdf-id 1015, low count 37
VLOG[1] (build-tree:main():build-tree.cc:138) For pdf-id 1017, low count 19
VLOG[1] (build-tree:main():build-tree.cc:138) For pdf-id 1018, low count 40
VLOG[1] (build-tree:main():build-tree.cc:138) For pdf-id 1019, low count 95
VLOG[1] (build-tree:main():build-tree.cc:138) For pdf-id 1020, low count 96
VLOG[1] (build-tree:main():build-tree.cc:138) For pdf-id 1021, low count 42
VLOG[1] (build-tree:main():build-tree.cc:138) For pdf-id 1023, low count 95
VLOG[1] (build-tree:main():build-tree.cc:138) For pdf-id 1026, low count 54
VLOG[1] (build-tree:main():build-tree.cc:138) For pdf-id 1028, low count 50
VLOG[1] (build-tree:main():build-tree.cc:138) For pdf-id 1030, low count 30
VLOG[1] (build-tree:main():build-tree.cc:138) For pdf-id 1031, low count 49
VLOG[1] (build-tree:main():build-tree.cc:138) For pdf-id 1035, low count 78
VLOG[1] (build-tree:main():build-tree.cc:138) For pdf-id 1038, low count 31
VLOG[1] (build-tree:main():build-tree.cc:138) For pdf-id 1039, low count 81
VLOG[1] (build-tree:main():build-tree.cc:138) For pdf-id 1046, low count 59
VLOG[1] (build-tree:main():build-tree.cc:138) For pdf-id 1048, low count 42
VLOG[1] (build-tree:main():build-tree.cc:138) For pdf-id 1049, low count 70
VLOG[1] (build-tree:main():build-tree.cc:138) For pdf-id 1050, low count 28
VLOG[1] (build-tree:main():build-tree.cc:138) For pdf-id 1051, low count 85
VLOG[1] (build-tree:main():build-tree.cc:138) For pdf-id 1057, low count 40
VLOG[1] (build-tree:main():build-tree.cc:138) For pdf-id 1059, low count 86
VLOG[1] (build-tree:main():build-tree.cc:138) For pdf-id 1061, low count 33
VLOG[1] (build-tree:main():build-tree.cc:138) For pdf-id 1062, low count 71
VLOG[1] (build-tree:main():build-tree.cc:138) For pdf-id 1063, low count 12
VLOG[1] (build-tree:main():build-tree.cc:138) For pdf-id 1064, low count 55
VLOG[1] (build-tree:main():build-tree.cc:138) For pdf-id 1065, low count 71
VLOG[1] (build-tree:main():build-tree.cc:138) For pdf-id 1067, low count 97
VLOG[1] (build-tree:main():build-tree.cc:138) For pdf-id 1068, low count 43
VLOG[1] (build-tree:main():build-tree.cc:138) For pdf-id 1069, low count 74
VLOG[1] (build-tree:main():build-tree.cc:138) For pdf-id 1072, low count 78
VLOG[1] (build-tree:main():build-tree.cc:138) For pdf-id 1073, low count 89
VLOG[1] (build-tree:main():build-tree.cc:138) For pdf-id 1074, low count 62
VLOG[1] (build-tree:main():build-tree.cc:138) For pdf-id 1076, low count 94
VLOG[1] (build-tree:main():build-tree.cc:138) For pdf-id 1078, low count 92
VLOG[1] (build-tree:main():build-tree.cc:138) For pdf-id 1080, low count 91
VLOG[1] (build-tree:main():build-tree.cc:138) For pdf-id 1083, low count 49
VLOG[1] (build-tree:main():build-tree.cc:138) For pdf-id 1084, low count 85
VLOG[1] (build-tree:main():build-tree.cc:138) For pdf-id 1085, low count 85
VLOG[1] (build-tree:main():build-tree.cc:138) For pdf-id 1086, low count 48
VLOG[1] (build-tree:main():build-tree.cc:138) For pdf-id 1087, low count 66
VLOG[1] (build-tree:main():build-tree.cc:138) For pdf-id 1089, low count 40
VLOG[1] (build-tree:main():build-tree.cc:138) For pdf-id 1091, low count 35
VLOG[1] (build-tree:main():build-tree.cc:138) For pdf-id 1093, low count 26
VLOG[1] (build-tree:main():build-tree.cc:138) For pdf-id 1094, low count 91
VLOG[1] (build-tree:main():build-tree.cc:138) For pdf-id 1095, low count 87
VLOG[1] (build-tree:main():build-tree.cc:138) For pdf-id 1097, low count 32
VLOG[1] (build-tree:main():build-tree.cc:138) For pdf-id 1098, low count 64
VLOG[1] (build-tree:main():build-tree.cc:138) For pdf-id 1099, low count 50
VLOG[1] (build-tree:main():build-tree.cc:138) For pdf-id 1100, low count 33
VLOG[1] (build-tree:main():build-tree.cc:138) For pdf-id 1101, low count 92
VLOG[1] (build-tree:main():build-tree.cc:138) For pdf-id 1103, low count 42
VLOG[1] (build-tree:main():build-tree.cc:138) For pdf-id 1105, low count 60
VLOG[1] (build-tree:main():build-tree.cc:138) For pdf-id 1106, low count 22
VLOG[1] (build-tree:main():build-tree.cc:138) For pdf-id 1107, low count 41
VLOG[1] (build-tree:main():build-tree.cc:138) For pdf-id 1108, low count 13
VLOG[1] (build-tree:main():build-tree.cc:138) For pdf-id 1109, low count 82
VLOG[1] (build-tree:main():build-tree.cc:138) For pdf-id 1110, low count 63
VLOG[1] (build-tree:main():build-tree.cc:138) For pdf-id 1113, low count 58
VLOG[1] (build-tree:main():build-tree.cc:138) For pdf-id 1117, low count 93
VLOG[1] (build-tree:main():build-tree.cc:138) For pdf-id 1118, low count 65
VLOG[1] (build-tree:main():build-tree.cc:138) For pdf-id 1120, low count 44
VLOG[1] (build-tree:main():build-tree.cc:138) For pdf-id 1121, low count 23
VLOG[1] (build-tree:main():build-tree.cc:138) For pdf-id 1122, low count 38
VLOG[1] (build-tree:main():build-tree.cc:138) For pdf-id 1126, low count 82
VLOG[1] (build-tree:main():build-tree.cc:138) For pdf-id 1127, low count 42
VLOG[1] (build-tree:main():build-tree.cc:138) For pdf-id 1128, low count 95
VLOG[1] (build-tree:main():build-tree.cc:138) For pdf-id 1130, low count 84
VLOG[1] (build-tree:main():build-tree.cc:138) For pdf-id 1132, low count 85
VLOG[1] (build-tree:main():build-tree.cc:138) For pdf-id 1134, low count 98
VLOG[1] (build-tree:main():build-tree.cc:138) For pdf-id 1135, low count 90
VLOG[1] (build-tree:main():build-tree.cc:138) For pdf-id 1138, low count 85
VLOG[1] (build-tree:main():build-tree.cc:138) For pdf-id 1139, low count 95
VLOG[1] (build-tree:main():build-tree.cc:138) For pdf-id 1140, low count 27
VLOG[1] (build-tree:main():build-tree.cc:138) For pdf-id 1142, low count 24
VLOG[1] (build-tree:main():build-tree.cc:138) For pdf-id 1143, low count 64
VLOG[1] (build-tree:main():build-tree.cc:138) For pdf-id 1145, low count 32
VLOG[1] (build-tree:main():build-tree.cc:138) For pdf-id 1149, low count 54
VLOG[1] (build-tree:main():build-tree.cc:138) For pdf-id 1150, low count 68
VLOG[1] (build-tree:main():build-tree.cc:138) For pdf-id 1151, low count 82
VLOG[1] (build-tree:main():build-tree.cc:138) For pdf-id 1152, low count 69
VLOG[1] (build-tree:main():build-tree.cc:138) For pdf-id 1154, low count 42
VLOG[1] (build-tree:main():build-tree.cc:138) For pdf-id 1156, low count 86
VLOG[1] (build-tree:main():build-tree.cc:138) For pdf-id 1157, low count 65
VLOG[1] (build-tree:main():build-tree.cc:138) For pdf-id 1158, low count 22
VLOG[1] (build-tree:main():build-tree.cc:138) For pdf-id 1160, low count 77
VLOG[1] (build-tree:main():build-tree.cc:138) For pdf-id 1161, low count 96
VLOG[1] (build-tree:main():build-tree.cc:138) For pdf-id 1162, low count 29
VLOG[1] (build-tree:main():build-tree.cc:138) For pdf-id 1164, low count 38
VLOG[1] (build-tree:main():build-tree.cc:138) For pdf-id 1166, low count 64
VLOG[1] (build-tree:main():build-tree.cc:138) For pdf-id 1167, low count 81
VLOG[1] (build-tree:main():build-tree.cc:138) For pdf-id 1168, low count 99
VLOG[1] (build-tree:main():build-tree.cc:138) For pdf-id 1170, low count 79
VLOG[1] (build-tree:main():build-tree.cc:138) For pdf-id 1171, low count 13
VLOG[1] (build-tree:main():build-tree.cc:138) For pdf-id 1172, low count 96
VLOG[1] (build-tree:main():build-tree.cc:138) For pdf-id 1174, low count 96
VLOG[1] (build-tree:main():build-tree.cc:138) For pdf-id 1175, low count 48
VLOG[1] (build-tree:main():build-tree.cc:138) For pdf-id 1176, low count 87
VLOG[1] (build-tree:main():build-tree.cc:138) For pdf-id 1178, low count 54
VLOG[1] (build-tree:main():build-tree.cc:138) For pdf-id 1179, low count 46
VLOG[1] (build-tree:main():build-tree.cc:138) For pdf-id 1181, low count 40
VLOG[1] (build-tree:main():build-tree.cc:138) For pdf-id 1182, low count 39
VLOG[1] (build-tree:main():build-tree.cc:138) For pdf-id 1183, low count 66
VLOG[1] (build-tree:main():build-tree.cc:138) For pdf-id 1185, low count 24
VLOG[1] (build-tree:main():build-tree.cc:138) For pdf-id 1186, low count 67
VLOG[1] (build-tree:main():build-tree.cc:138) For pdf-id 1187, low count 72
VLOG[1] (build-tree:main():build-tree.cc:138) For pdf-id 1188, low count 51
VLOG[1] (build-tree:main():build-tree.cc:138) For pdf-id 1190, low count 55
VLOG[1] (build-tree:main():build-tree.cc:138) For pdf-id 1191, low count 35
VLOG[1] (build-tree:main():build-tree.cc:138) For pdf-id 1197, low count 50
VLOG[1] (build-tree:main():build-tree.cc:138) For pdf-id 1198, low count 57
VLOG[1] (build-tree:main():build-tree.cc:138) For pdf-id 1199, low count 67
VLOG[1] (build-tree:main():build-tree.cc:138) For pdf-id 1200, low count 33
VLOG[1] (build-tree:main():build-tree.cc:138) For pdf-id 1201, low count 24
VLOG[1] (build-tree:main():build-tree.cc:138) For pdf-id 1203, low count 94
VLOG[1] (build-tree:main():build-tree.cc:138) For pdf-id 1204, low count 67
VLOG[1] (build-tree:main():build-tree.cc:138) For pdf-id 1205, low count 15
VLOG[1] (build-tree:main():build-tree.cc:138) For pdf-id 1206, low count 29
VLOG[1] (build-tree:main():build-tree.cc:138) For pdf-id 1209, low count 71
VLOG[1] (build-tree:main():build-tree.cc:138) For pdf-id 1211, low count 30
VLOG[1] (build-tree:main():build-tree.cc:138) For pdf-id 1214, low count 63
VLOG[1] (build-tree:main():build-tree.cc:138) For pdf-id 1215, low count 54
VLOG[1] (build-tree:main():build-tree.cc:138) For pdf-id 1216, low count 45
VLOG[1] (build-tree:main():build-tree.cc:138) For pdf-id 1217, low count 44
VLOG[1] (build-tree:main():build-tree.cc:138) For pdf-id 1219, low count 47
VLOG[1] (build-tree:main():build-tree.cc:138) For pdf-id 1220, low count 52
VLOG[1] (build-tree:main():build-tree.cc:138) For pdf-id 1222, low count 34
VLOG[1] (build-tree:main():build-tree.cc:138) For pdf-id 1225, low count 71
VLOG[1] (build-tree:main():build-tree.cc:138) For pdf-id 1227, low count 81
VLOG[1] (build-tree:main():build-tree.cc:138) For pdf-id 1228, low count 69
VLOG[1] (build-tree:main():build-tree.cc:138) For pdf-id 1229, low count 76
VLOG[1] (build-tree:main():build-tree.cc:138) For pdf-id 1231, low count 99
VLOG[1] (build-tree:main():build-tree.cc:138) For pdf-id 1232, low count 86
VLOG[1] (build-tree:main():build-tree.cc:138) For pdf-id 1234, low count 58
VLOG[1] (build-tree:main():build-tree.cc:138) For pdf-id 1237, low count 61
VLOG[1] (build-tree:main():build-tree.cc:138) For pdf-id 1238, low count 71
VLOG[1] (build-tree:main():build-tree.cc:138) For pdf-id 1239, low count 28
VLOG[1] (build-tree:main():build-tree.cc:138) For pdf-id 1240, low count 73
VLOG[1] (build-tree:main():build-tree.cc:138) For pdf-id 1243, low count 57
VLOG[1] (build-tree:main():build-tree.cc:138) For pdf-id 1244, low count 70
VLOG[1] (build-tree:main():build-tree.cc:138) For pdf-id 1245, low count 68
VLOG[1] (build-tree:main():build-tree.cc:138) For pdf-id 1246, low count 64
VLOG[1] (build-tree:main():build-tree.cc:138) For pdf-id 1249, low count 54
VLOG[1] (build-tree:main():build-tree.cc:138) For pdf-id 1250, low count 69
VLOG[1] (build-tree:main():build-tree.cc:138) For pdf-id 1251, low count 48
VLOG[1] (build-tree:main():build-tree.cc:138) For pdf-id 1253, low count 80
VLOG[1] (build-tree:main():build-tree.cc:138) For pdf-id 1254, low count 78
VLOG[1] (build-tree:main():build-tree.cc:138) For pdf-id 1255, low count 40
VLOG[1] (build-tree:main():build-tree.cc:138) For pdf-id 1256, low count 92
VLOG[1] (build-tree:main():build-tree.cc:138) For pdf-id 1259, low count 39
VLOG[1] (build-tree:main():build-tree.cc:138) For pdf-id 1262, low count 88
VLOG[1] (build-tree:main():build-tree.cc:138) For pdf-id 1263, low count 73
VLOG[1] (build-tree:main():build-tree.cc:138) For pdf-id 1264, low count 27
VLOG[1] (build-tree:main():build-tree.cc:138) For pdf-id 1265, low count 81
VLOG[1] (build-tree:main():build-tree.cc:138) For pdf-id 1266, low count 48
VLOG[1] (build-tree:main():build-tree.cc:138) For pdf-id 1267, low count 76
VLOG[1] (build-tree:main():build-tree.cc:138) For pdf-id 1268, low count 97
VLOG[1] (build-tree:main():build-tree.cc:138) For pdf-id 1269, low count 58
VLOG[1] (build-tree:main():build-tree.cc:138) For pdf-id 1270, low count 95
VLOG[1] (build-tree:main():build-tree.cc:138) For pdf-id 1271, low count 52
VLOG[1] (build-tree:main():build-tree.cc:138) For pdf-id 1272, low count 70
VLOG[1] (build-tree:main():build-tree.cc:138) For pdf-id 1273, low count 16
VLOG[1] (build-tree:main():build-tree.cc:138) For pdf-id 1274, low count 70
VLOG[1] (build-tree:main():build-tree.cc:138) For pdf-id 1275, low count 83
VLOG[1] (build-tree:main():build-tree.cc:138) For pdf-id 1277, low count 40
VLOG[1] (build-tree:main():build-tree.cc:138) For pdf-id 1278, low count 94
VLOG[1] (build-tree:main():build-tree.cc:138) For pdf-id 1279, low count 60
VLOG[1] (build-tree:main():build-tree.cc:138) For pdf-id 1280, low count 95
VLOG[1] (build-tree:main():build-tree.cc:138) For pdf-id 1282, low count 65
VLOG[1] (build-tree:main():build-tree.cc:138) For pdf-id 1283, low count 62
VLOG[1] (build-tree:main():build-tree.cc:138) For pdf-id 1285, low count 58
VLOG[1] (build-tree:main():build-tree.cc:138) For pdf-id 1286, low count 99
VLOG[1] (build-tree:main():build-tree.cc:138) For pdf-id 1287, low count 56
VLOG[1] (build-tree:main():build-tree.cc:138) For pdf-id 1289, low count 37
VLOG[1] (build-tree:main():build-tree.cc:138) For pdf-id 1290, low count 78
VLOG[1] (build-tree:main():build-tree.cc:138) For pdf-id 1291, low count 31
VLOG[1] (build-tree:main():build-tree.cc:138) For pdf-id 1292, low count 86
VLOG[1] (build-tree:main():build-tree.cc:138) For pdf-id 1295, low count 53
VLOG[1] (build-tree:main():build-tree.cc:138) For pdf-id 1300, low count 32
VLOG[1] (build-tree:main():build-tree.cc:138) For pdf-id 1301, low count 47
VLOG[1] (build-tree:main():build-tree.cc:138) For pdf-id 1302, low count 28
VLOG[1] (build-tree:main():build-tree.cc:138) For pdf-id 1303, low count 94
VLOG[1] (build-tree:main():build-tree.cc:138) For pdf-id 1305, low count 29
VLOG[1] (build-tree:main():build-tree.cc:138) For pdf-id 1306, low count 76
VLOG[1] (build-tree:main():build-tree.cc:138) For pdf-id 1308, low count 24
VLOG[1] (build-tree:main():build-tree.cc:138) For pdf-id 1310, low count 35
VLOG[1] (build-tree:main():build-tree.cc:138) For pdf-id 1311, low count 83
VLOG[1] (build-tree:main():build-tree.cc:138) For pdf-id 1313, low count 92
VLOG[1] (build-tree:main():build-tree.cc:138) For pdf-id 1314, low count 38
VLOG[1] (build-tree:main():build-tree.cc:138) For pdf-id 1316, low count 81
VLOG[1] (build-tree:main():build-tree.cc:138) For pdf-id 1317, low count 45
VLOG[1] (build-tree:main():build-tree.cc:138) For pdf-id 1318, low count 80
VLOG[1] (build-tree:main():build-tree.cc:138) For pdf-id 1319, low count 35
VLOG[1] (build-tree:main():build-tree.cc:138) For pdf-id 1320, low count 28
VLOG[1] (build-tree:main():build-tree.cc:138) For pdf-id 1323, low count 40
VLOG[1] (build-tree:main():build-tree.cc:138) For pdf-id 1324, low count 45
VLOG[1] (build-tree:main():build-tree.cc:138) For pdf-id 1330, low count 77
VLOG[1] (build-tree:main():build-tree.cc:138) For pdf-id 1332, low count 57
VLOG[1] (build-tree:main():build-tree.cc:138) For pdf-id 1334, low count 68
VLOG[1] (build-tree:main():build-tree.cc:138) For pdf-id 1336, low count 63
VLOG[1] (build-tree:main():build-tree.cc:138) For pdf-id 1337, low count 73
VLOG[1] (build-tree:main():build-tree.cc:138) For pdf-id 1339, low count 60
VLOG[1] (build-tree:main():build-tree.cc:138) For pdf-id 1340, low count 46
VLOG[1] (build-tree:main():build-tree.cc:138) For pdf-id 1342, low count 50
VLOG[1] (build-tree:main():build-tree.cc:138) For pdf-id 1343, low count 42
VLOG[1] (build-tree:main():build-tree.cc:138) For pdf-id 1346, low count 40
VLOG[1] (build-tree:main():build-tree.cc:138) For pdf-id 1349, low count 80
VLOG[1] (build-tree:main():build-tree.cc:138) For pdf-id 1350, low count 95
VLOG[1] (build-tree:main():build-tree.cc:138) For pdf-id 1351, low count 61
VLOG[1] (build-tree:main():build-tree.cc:138) For pdf-id 1352, low count 75
VLOG[1] (build-tree:main():build-tree.cc:138) For pdf-id 1353, low count 65
VLOG[1] (build-tree:main():build-tree.cc:138) For pdf-id 1354, low count 63
VLOG[1] (build-tree:main():build-tree.cc:138) For pdf-id 1355, low count 45
VLOG[1] (build-tree:main():build-tree.cc:138) For pdf-id 1356, low count 72
VLOG[1] (build-tree:main():build-tree.cc:138) For pdf-id 1359, low count 38
VLOG[1] (build-tree:main():build-tree.cc:138) For pdf-id 1360, low count 91
VLOG[1] (build-tree:main():build-tree.cc:138) For pdf-id 1362, low count 75
VLOG[1] (build-tree:main():build-tree.cc:138) For pdf-id 1363, low count 95
VLOG[1] (build-tree:main():build-tree.cc:138) For pdf-id 1365, low count 98
VLOG[1] (build-tree:main():build-tree.cc:138) For pdf-id 1369, low count 50
VLOG[1] (build-tree:main():build-tree.cc:138) For pdf-id 1370, low count 90
VLOG[1] (build-tree:main():build-tree.cc:138) For pdf-id 1371, low count 74
VLOG[1] (build-tree:main():build-tree.cc:138) For pdf-id 1373, low count 19
VLOG[1] (build-tree:main():build-tree.cc:138) For pdf-id 1375, low count 77
VLOG[1] (build-tree:main():build-tree.cc:138) For pdf-id 1376, low count 72
VLOG[1] (build-tree:main():build-tree.cc:138) For pdf-id 1377, low count 77
VLOG[1] (build-tree:main():build-tree.cc:138) For pdf-id 1378, low count 40
VLOG[1] (build-tree:main():build-tree.cc:138) For pdf-id 1379, low count 34
VLOG[1] (build-tree:main():build-tree.cc:138) For pdf-id 1380, low count 32
VLOG[1] (build-tree:main():build-tree.cc:138) For pdf-id 1381, low count 25
VLOG[1] (build-tree:main():build-tree.cc:138) For pdf-id 1382, low count 78
VLOG[1] (build-tree:main():build-tree.cc:138) For pdf-id 1384, low count 75
VLOG[1] (build-tree:main():build-tree.cc:138) For pdf-id 1388, low count 76
VLOG[1] (build-tree:main():build-tree.cc:138) For pdf-id 1390, low count 42
VLOG[1] (build-tree:main():build-tree.cc:138) For pdf-id 1393, low count 38
VLOG[1] (build-tree:main():build-tree.cc:138) For pdf-id 1396, low count 92
VLOG[1] (build-tree:main():build-tree.cc:138) For pdf-id 1397, low count 70
VLOG[1] (build-tree:main():build-tree.cc:138) For pdf-id 1398, low count 65
VLOG[1] (build-tree:main():build-tree.cc:138) For pdf-id 1400, low count 77
VLOG[1] (build-tree:main():build-tree.cc:138) For pdf-id 1402, low count 98
VLOG[1] (build-tree:main():build-tree.cc:138) For pdf-id 1403, low count 29
VLOG[1] (build-tree:main():build-tree.cc:138) For pdf-id 1405, low count 76
VLOG[1] (build-tree:main():build-tree.cc:138) For pdf-id 1406, low count 93
VLOG[1] (build-tree:main():build-tree.cc:138) For pdf-id 1407, low count 88
VLOG[1] (build-tree:main():build-tree.cc:138) For pdf-id 1408, low count 90
VLOG[1] (build-tree:main():build-tree.cc:138) For pdf-id 1410, low count 46
VLOG[1] (build-tree:main():build-tree.cc:138) For pdf-id 1413, low count 33
VLOG[1] (build-tree:main():build-tree.cc:138) For pdf-id 1414, low count 29
VLOG[1] (build-tree:main():build-tree.cc:138) For pdf-id 1415, low count 33
VLOG[1] (build-tree:main():build-tree.cc:138) For pdf-id 1417, low count 77
VLOG[1] (build-tree:main():build-tree.cc:138) For pdf-id 1419, low count 83
VLOG[1] (build-tree:main():build-tree.cc:138) For pdf-id 1420, low count 55
VLOG[1] (build-tree:main():build-tree.cc:138) For pdf-id 1421, low count 66
VLOG[1] (build-tree:main():build-tree.cc:138) For pdf-id 1423, low count 91
VLOG[1] (build-tree:main():build-tree.cc:138) For pdf-id 1424, low count 18
VLOG[1] (build-tree:main():build-tree.cc:138) For pdf-id 1425, low count 65
VLOG[1] (build-tree:main():build-tree.cc:138) For pdf-id 1426, low count 17
VLOG[1] (build-tree:main():build-tree.cc:138) For pdf-id 1427, low count 59
VLOG[1] (build-tree:main():build-tree.cc:138) For pdf-id 1428, low count 40
VLOG[1] (build-tree:main():build-tree.cc:138) For pdf-id 1429, low count 32
VLOG[1] (build-tree:main():build-tree.cc:138) For pdf-id 1430, low count 63
VLOG[1] (build-tree:main():build-tree.cc:138) For pdf-id 1432, low count 40
VLOG[1] (build-tree:main():build-tree.cc:138) For pdf-id 1435, low count 95
VLOG[1] (build-tree:main():build-tree.cc:138) For pdf-id 1437, low count 64
VLOG[1] (build-tree:main():build-tree.cc:138) For pdf-id 1440, low count 38
VLOG[1] (build-tree:main():build-tree.cc:138) For pdf-id 1441, low count 98
VLOG[1] (build-tree:main():build-tree.cc:138) For pdf-id 1442, low count 87
VLOG[1] (build-tree:main():build-tree.cc:138) For pdf-id 1443, low count 89
VLOG[1] (build-tree:main():build-tree.cc:138) For pdf-id 1445, low count 60
VLOG[1] (build-tree:main():build-tree.cc:138) For pdf-id 1447, low count 80
VLOG[1] (build-tree:main():build-tree.cc:138) For pdf-id 1449, low count 32
VLOG[1] (build-tree:main():build-tree.cc:138) For pdf-id 1450, low count 92
VLOG[1] (build-tree:main():build-tree.cc:138) For pdf-id 1451, low count 31
VLOG[1] (build-tree:main():build-tree.cc:138) For pdf-id 1452, low count 96
VLOG[1] (build-tree:main():build-tree.cc:138) For pdf-id 1453, low count 60
VLOG[1] (build-tree:main():build-tree.cc:138) For pdf-id 1455, low count 80
VLOG[1] (build-tree:main():build-tree.cc:138) For pdf-id 1457, low count 73
VLOG[1] (build-tree:main():build-tree.cc:138) For pdf-id 1458, low count 65
VLOG[1] (build-tree:main():build-tree.cc:138) For pdf-id 1460, low count 77
VLOG[1] (build-tree:main():build-tree.cc:138) For pdf-id 1461, low count 9
VLOG[1] (build-tree:main():build-tree.cc:138) For pdf-id 1462, low count 92
VLOG[1] (build-tree:main():build-tree.cc:138) For pdf-id 1463, low count 50
VLOG[1] (build-tree:main():build-tree.cc:138) For pdf-id 1464, low count 83
VLOG[1] (build-tree:main():build-tree.cc:138) For pdf-id 1465, low count 74
VLOG[1] (build-tree:main():build-tree.cc:138) For pdf-id 1466, low count 71
VLOG[1] (build-tree:main():build-tree.cc:138) For pdf-id 1467, low count 78
VLOG[1] (build-tree:main():build-tree.cc:138) For pdf-id 1469, low count 18
VLOG[1] (build-tree:main():build-tree.cc:138) For pdf-id 1470, low count 28
VLOG[1] (build-tree:main():build-tree.cc:138) For pdf-id 1471, low count 74
VLOG[1] (build-tree:main():build-tree.cc:138) For pdf-id 1472, low count 49
VLOG[1] (build-tree:main():build-tree.cc:138) For pdf-id 1473, low count 80
WARNING (build-tree:main():build-tree.cc:180) Saw no stats for following phones: 2 3 4 5 6 7 8 9 14 18 19 20 22 23 27 28 29 30 32 34 35 38 40 42 43 44 46 50 51 54 55 58 64 66 68 70 74 75 78 79 82 84 86 90 92 94 95 96 98 100 102 104 106 107 108 110 114 118 119 122 123 126 127 128 129 130 132 134 138 140 142 146 148 150 152 154 158 159 160 162 163 166 168 170 171 174 175 176 177 178 179 180 182 183 184 186 
LOG (build-tree:main():build-tree.cc:184) Wrote tree
# Accounting: time=7 threads=1
# Ended (code 0) at Mon Jul  4 16:15:35 BRT 2016, elapsed time 7 seconds
