# ali-to-post "ark:gunzip -c exp/tri3b/ali.8.gz|" ark:- | weight-silence-post 0.0 1:2:3:4:5:6:7:8:9:10 exp/tri3b/6.mdl ark:- ark:- | gmm-est-fmllr --fmllr-update-type=full --spk2utt=ark:data/train/split20/8/spk2utt exp/tri3b/6.mdl "ark,s,cs:apply-cmvn  --utt2spk=ark:data/train/split20/8/utt2spk scp:data/train/split20/8/cmvn.scp scp:data/train/split20/8/feats.scp ark:- | splice-feats  ark:- ark:- | transform-feats exp/tri2b_ali/final.mat ark:- ark:- | transform-feats --utt2spk=ark:data/train/split20/8/utt2spk ark:exp/tri3b/trans.8 ark:- ark:- |" ark:- ark:exp/tri3b/tmp_trans.8 
# Started at Mon Jul  4 16:16:02 BRT 2016
#
gmm-est-fmllr --fmllr-update-type=full --spk2utt=ark:data/train/split20/8/spk2utt exp/tri3b/6.mdl 'ark,s,cs:apply-cmvn  --utt2spk=ark:data/train/split20/8/utt2spk scp:data/train/split20/8/cmvn.scp scp:data/train/split20/8/feats.scp ark:- | splice-feats  ark:- ark:- | transform-feats exp/tri2b_ali/final.mat ark:- ark:- | transform-feats --utt2spk=ark:data/train/split20/8/utt2spk ark:exp/tri3b/trans.8 ark:- ark:- |' ark:- ark:exp/tri3b/tmp_trans.8 
weight-silence-post 0.0 1:2:3:4:5:6:7:8:9:10 exp/tri3b/6.mdl ark:- ark:- 
ali-to-post 'ark:gunzip -c exp/tri3b/ali.8.gz|' ark:- 
transform-feats --utt2spk=ark:data/train/split20/8/utt2spk ark:exp/tri3b/trans.8 ark:- ark:- 
transform-feats exp/tri2b_ali/final.mat ark:- ark:- 
apply-cmvn --utt2spk=ark:data/train/split20/8/utt2spk scp:data/train/split20/8/cmvn.scp scp:data/train/split20/8/feats.scp ark:- 
splice-feats ark:- ark:- 
LOG (ali-to-post:main():ali-to-post.cc:65) Converted 9 alignments.
WARNING (gmm-est-fmllr:main():gmm-est-fmllr.cc:113) Did not find features for utterance felipe_spp17-Sfelipe_spp173
LOG (apply-cmvn:main():apply-cmvn.cc:146) Applied cepstral mean normalization to 9 utterances, errors on 0
LOG (weight-silence-post:main():weight-silence-post.cc:95) Done 9 posteriors.
LOG (transform-feats:main():transform-feats.cc:158) Overall average [pseudo-]logdet is -82.5515 over 12272 frames.
LOG (transform-feats:main():transform-feats.cc:161) Applied transform to 9 utterances; 0 had errors.
LOG (transform-feats:main():transform-feats.cc:158) Overall average logdet is 1.54576 over 12272 frames.
LOG (transform-feats:main():transform-feats.cc:161) Applied transform to 9 utterances; 0 had errors.
LOG (gmm-est-fmllr:ComputeFmllrMatrixDiagGmmFull():fmllr-diag-gmm.cc:262) fMLLR objf improvement is 0.0365859 per frame over 6530 frames.
LOG (gmm-est-fmllr:main():gmm-est-fmllr.cc:143) For speaker felipe_spp17, auxf-impr from fMLLR is 0.0365859, over 6530 frames.
LOG (gmm-est-fmllr:main():gmm-est-fmllr.cc:188) Done 9 files, 0 with no posts, 1 with other errors.
LOG (gmm-est-fmllr:main():gmm-est-fmllr.cc:190) Overall fMLLR auxf impr per frame is 0.0365859 over 6530 frames.
# Accounting: time=1 threads=1
# Ended (code 0) at Mon Jul  4 16:16:03 BRT 2016, elapsed time 1 seconds
