# ali-to-post "ark:gunzip -c exp/tri3b/ali.14.gz|" ark:- | weight-silence-post 0.0 1:2:3:4:5:6:7:8:9:10 exp/tri3b/6.mdl ark:- ark:- | gmm-est-fmllr --fmllr-update-type=full --spk2utt=ark:data/train/split20/14/spk2utt exp/tri3b/6.mdl "ark,s,cs:apply-cmvn  --utt2spk=ark:data/train/split20/14/utt2spk scp:data/train/split20/14/cmvn.scp scp:data/train/split20/14/feats.scp ark:- | splice-feats  ark:- ark:- | transform-feats exp/tri2b_ali/final.mat ark:- ark:- | transform-feats --utt2spk=ark:data/train/split20/14/utt2spk ark:exp/tri3b/trans.14 ark:- ark:- |" ark:- ark:exp/tri3b/tmp_trans.14 
# Started at Mon Jul  4 16:16:03 BRT 2016
#
weight-silence-post 0.0 1:2:3:4:5:6:7:8:9:10 exp/tri3b/6.mdl ark:- ark:- 
gmm-est-fmllr --fmllr-update-type=full --spk2utt=ark:data/train/split20/14/spk2utt exp/tri3b/6.mdl 'ark,s,cs:apply-cmvn  --utt2spk=ark:data/train/split20/14/utt2spk scp:data/train/split20/14/cmvn.scp scp:data/train/split20/14/feats.scp ark:- | splice-feats  ark:- ark:- | transform-feats exp/tri2b_ali/final.mat ark:- ark:- | transform-feats --utt2spk=ark:data/train/split20/14/utt2spk ark:exp/tri3b/trans.14 ark:- ark:- |' ark:- ark:exp/tri3b/tmp_trans.14 
ali-to-post 'ark:gunzip -c exp/tri3b/ali.14.gz|' ark:- 
apply-cmvn --utt2spk=ark:data/train/split20/14/utt2spk scp:data/train/split20/14/cmvn.scp scp:data/train/split20/14/feats.scp ark:- 
transform-feats exp/tri2b_ali/final.mat ark:- ark:- 
transform-feats --utt2spk=ark:data/train/split20/14/utt2spk ark:exp/tri3b/trans.14 ark:- ark:- 
splice-feats ark:- ark:- 
LOG (ali-to-post:main():ali-to-post.cc:65) Converted 9 alignments.
LOG (apply-cmvn:main():apply-cmvn.cc:146) Applied cepstral mean normalization to 9 utterances, errors on 0
LOG (weight-silence-post:main():weight-silence-post.cc:95) Done 9 posteriors.
LOG (transform-feats:main():transform-feats.cc:158) Overall average [pseudo-]logdet is -82.5515 over 13797 frames.
LOG (transform-feats:main():transform-feats.cc:161) Applied transform to 9 utterances; 0 had errors.
WARNING (gmm-est-fmllr:main():gmm-est-fmllr.cc:113) Did not find features for utterance felipe_spp3-Sfelipe_spp37
LOG (transform-feats:main():transform-feats.cc:158) Overall average logdet is 1.94259 over 13797 frames.
LOG (transform-feats:main():transform-feats.cc:161) Applied transform to 9 utterances; 0 had errors.
LOG (gmm-est-fmllr:ComputeFmllrMatrixDiagGmmFull():fmllr-diag-gmm.cc:262) fMLLR objf improvement is 0.0315681 per frame over 6778 frames.
LOG (gmm-est-fmllr:main():gmm-est-fmllr.cc:143) For speaker felipe_spp3, auxf-impr from fMLLR is 0.0315681, over 6778 frames.
LOG (gmm-est-fmllr:main():gmm-est-fmllr.cc:188) Done 9 files, 0 with no posts, 1 with other errors.
LOG (gmm-est-fmllr:main():gmm-est-fmllr.cc:190) Overall fMLLR auxf impr per frame is 0.0315681 over 6778 frames.
# Accounting: time=1 threads=1
# Ended (code 0) at Mon Jul  4 16:16:04 BRT 2016, elapsed time 1 seconds
