# ali-to-post "ark:gunzip -c exp/tri2b_ali/ali.3.gz|" ark:- | weight-silence-post 0.0 1:2:3:4:5:6:7:8:9:10 exp/tri2b_ali/final.mdl ark:- ark:- | gmm-est-fmllr --fmllr-update-type=full --spk2utt=ark:data/train/split20/3/spk2utt exp/tri2b_ali/final.mdl "ark,s,cs:apply-cmvn  --utt2spk=ark:data/train/split20/3/utt2spk scp:data/train/split20/3/cmvn.scp scp:data/train/split20/3/feats.scp ark:- | splice-feats  ark:- ark:- | transform-feats exp/tri2b_ali/final.mat ark:- ark:- |" ark:- ark:exp/tri3b/trans.3 
# Started at Mon Jul  4 16:15:17 BRT 2016
#
weight-silence-post 0.0 1:2:3:4:5:6:7:8:9:10 exp/tri2b_ali/final.mdl ark:- ark:- 
ali-to-post 'ark:gunzip -c exp/tri2b_ali/ali.3.gz|' ark:- 
gmm-est-fmllr --fmllr-update-type=full --spk2utt=ark:data/train/split20/3/spk2utt exp/tri2b_ali/final.mdl 'ark,s,cs:apply-cmvn  --utt2spk=ark:data/train/split20/3/utt2spk scp:data/train/split20/3/cmvn.scp scp:data/train/split20/3/feats.scp ark:- | splice-feats  ark:- ark:- | transform-feats exp/tri2b_ali/final.mat ark:- ark:- |' ark:- ark:exp/tri3b/trans.3 
apply-cmvn --utt2spk=ark:data/train/split20/3/utt2spk scp:data/train/split20/3/cmvn.scp scp:data/train/split20/3/feats.scp ark:- 
transform-feats exp/tri2b_ali/final.mat ark:- ark:- 
splice-feats ark:- ark:- 
LOG (ali-to-post:main():ali-to-post.cc:65) Converted 10 alignments.
LOG (weight-silence-post:main():weight-silence-post.cc:95) Done 10 posteriors.
LOG (apply-cmvn:main():apply-cmvn.cc:146) Applied cepstral mean normalization to 10 utterances, errors on 0
LOG (transform-feats:main():transform-feats.cc:158) Overall average [pseudo-]logdet is -82.5515 over 14682 frames.
LOG (transform-feats:main():transform-feats.cc:161) Applied transform to 10 utterances; 0 had errors.
LOG (gmm-est-fmllr:ComputeFmllrMatrixDiagGmmFull():fmllr-diag-gmm.cc:262) fMLLR objf improvement is 0.3647 per frame over 7670 frames.
LOG (gmm-est-fmllr:main():gmm-est-fmllr.cc:143) For speaker felipe_spp12, auxf-impr from fMLLR is 0.3647, over 7670 frames.
LOG (gmm-est-fmllr:main():gmm-est-fmllr.cc:188) Done 10 files, 0 with no posts, 0 with other errors.
LOG (gmm-est-fmllr:main():gmm-est-fmllr.cc:190) Overall fMLLR auxf impr per frame is 0.3647 over 7670 frames.
# Accounting: time=1 threads=1
# Ended (code 0) at Mon Jul  4 16:15:18 BRT 2016, elapsed time 1 seconds
