# gmm-est --power=0.2 --write-occs=exp/tri3b/20.occs --mix-up=6984 exp/tri3b/19.mdl "gmm-sum-accs - exp/tri3b/19.*.acc |" exp/tri3b/20.mdl 
# Started at Mon Jul  4 16:17:22 BRT 2016
#
gmm-est --power=0.2 --write-occs=exp/tri3b/20.occs --mix-up=6984 exp/tri3b/19.mdl 'gmm-sum-accs - exp/tri3b/19.*.acc |' exp/tri3b/20.mdl 
gmm-sum-accs - exp/tri3b/19.1.acc exp/tri3b/19.10.acc exp/tri3b/19.11.acc exp/tri3b/19.12.acc exp/tri3b/19.13.acc exp/tri3b/19.14.acc exp/tri3b/19.15.acc exp/tri3b/19.16.acc exp/tri3b/19.17.acc exp/tri3b/19.18.acc exp/tri3b/19.19.acc exp/tri3b/19.2.acc exp/tri3b/19.20.acc exp/tri3b/19.3.acc exp/tri3b/19.4.acc exp/tri3b/19.5.acc exp/tri3b/19.6.acc exp/tri3b/19.7.acc exp/tri3b/19.8.acc exp/tri3b/19.9.acc 
LOG (gmm-sum-accs:main():gmm-sum-accs.cc:63) Summed 20 stats, total count 308780, avg like/frame -39.9688
LOG (gmm-sum-accs:main():gmm-sum-accs.cc:66) Total count of stats is 308780
LOG (gmm-sum-accs:main():gmm-sum-accs.cc:67) Written stats to -
LOG (gmm-est:MleUpdate():transition-model.cc:393) TransitionModel::Update, objf change is 0 per frame over 308780 frames. 
LOG (gmm-est:MleUpdate():transition-model.cc:396) 385 probabilities floored, 4585 out of 6604 transition-states skipped due to insuffient data (it is normal to have some skipped.)
LOG (gmm-est:main():gmm-est.cc:102) Transition model update: Overall 0 log-like improvement per frame over 308780 frames.
WARNING (gmm-est:MleDiagGmmUpdate():mle-diag-gmm.cc:365) Gaussian has too little data but not removing it because it is the last Gaussian: i = 0, occ = 0, weight = 1
WARNING (gmm-est:MleDiagGmmUpdate():mle-diag-gmm.cc:359) Too little data - removing Gaussian (weight 0.035632, occupation count 7.269015, vector size 40)
WARNING (gmm-est:MleDiagGmmUpdate():mle-diag-gmm.cc:365) Gaussian has too little data but not removing it because it is the last Gaussian: i = 0, occ = 0, weight = 1
WARNING (gmm-est:MleDiagGmmUpdate():mle-diag-gmm.cc:359) Too little data - removing Gaussian (weight 0.108634, occupation count 9.994300, vector size 40)
WARNING (gmm-est:MleDiagGmmUpdate():mle-diag-gmm.cc:365) Gaussian has too little data but not removing it because it is the last Gaussian: i = 0, occ = 0, weight = 1
WARNING (gmm-est:MleDiagGmmUpdate():mle-diag-gmm.cc:359) Too little data - removing Gaussian (weight 0.084868, occupation count 8.741427, vector size 40)
WARNING (gmm-est:MleDiagGmmUpdate():mle-diag-gmm.cc:359) Too little data - removing Gaussian (weight 0.142856, occupation count 9.999893, vector size 40)
WARNING (gmm-est:MleDiagGmmUpdate():mle-diag-gmm.cc:359) Too little data - removing Gaussian (weight 0.078010, occupation count 9.985336, vector size 40)
WARNING (gmm-est:MleDiagGmmUpdate():mle-diag-gmm.cc:359) Too little data - removing Gaussian (weight 0.056392, occupation count 8.007648, vector size 40)
WARNING (gmm-est:MleDiagGmmUpdate():mle-diag-gmm.cc:359) Too little data - removing Gaussian (weight 0.080895, occupation count 9.788355, vector size 40)
WARNING (gmm-est:MleDiagGmmUpdate():mle-diag-gmm.cc:359) Too little data - removing Gaussian (weight 0.069040, occupation count 8.422862, vector size 40)
WARNING (gmm-est:MleDiagGmmUpdate():mle-diag-gmm.cc:359) Too little data - removing Gaussian (weight 0.081075, occupation count 9.972283, vector size 40)
WARNING (gmm-est:MleDiagGmmUpdate():mle-diag-gmm.cc:359) Too little data - removing Gaussian (weight 0.064454, occupation count 9.990343, vector size 40)
WARNING (gmm-est:MleDiagGmmUpdate():mle-diag-gmm.cc:365) Gaussian has too little data but not removing it because it is the last Gaussian: i = 0, occ = 9, weight = 1
LOG (gmm-est:MleAmDiagGmmUpdate():mle-am-diag-gmm.cc:225) 0 variance elements floored in 0 Gaussians, out of 6698
LOG (gmm-est:MleAmDiagGmmUpdate():mle-am-diag-gmm.cc:229) Removed 10 Gaussians due to counts < --min-gaussian-occupancy=10 and --remove-low-count-gaussians=true
LOG (gmm-est:main():gmm-est.cc:113) GMM update: Overall 0.0884621 objective function improvement per frame over 308780 frames
LOG (gmm-est:main():gmm-est.cc:116) GMM update: Overall avg like per frame = -39.9688 over 308780 frames.
LOG (gmm-est:SplitByCount():am-diag-gmm.cc:116) Split 1474 states with target = 6984, power = 0.2, perturb_factor = 0.01 and min_count = 20, split #Gauss from 6698 to 6996
LOG (gmm-est:main():gmm-est.cc:146) Written model to exp/tri3b/20.mdl
# Accounting: time=1 threads=1
# Ended (code 0) at Mon Jul  4 16:17:23 BRT 2016, elapsed time 1 seconds
