# gmm-est --power=0.2 --write-occs=exp/tri3b/21.occs --mix-up=7272 exp/tri3b/20.mdl "gmm-sum-accs - exp/tri3b/20.*.acc |" exp/tri3b/21.mdl 
# Started at Mon Jul  4 16:17:32 BRT 2016
#
gmm-est --power=0.2 --write-occs=exp/tri3b/21.occs --mix-up=7272 exp/tri3b/20.mdl 'gmm-sum-accs - exp/tri3b/20.*.acc |' exp/tri3b/21.mdl 
gmm-sum-accs - exp/tri3b/20.1.acc exp/tri3b/20.10.acc exp/tri3b/20.11.acc exp/tri3b/20.12.acc exp/tri3b/20.13.acc exp/tri3b/20.14.acc exp/tri3b/20.15.acc exp/tri3b/20.16.acc exp/tri3b/20.17.acc exp/tri3b/20.18.acc exp/tri3b/20.19.acc exp/tri3b/20.2.acc exp/tri3b/20.20.acc exp/tri3b/20.3.acc exp/tri3b/20.4.acc exp/tri3b/20.5.acc exp/tri3b/20.6.acc exp/tri3b/20.7.acc exp/tri3b/20.8.acc exp/tri3b/20.9.acc 
LOG (gmm-sum-accs:main():gmm-sum-accs.cc:63) Summed 20 stats, total count 308780, avg like/frame -39.781
LOG (gmm-sum-accs:main():gmm-sum-accs.cc:66) Total count of stats is 308780
LOG (gmm-sum-accs:main():gmm-sum-accs.cc:67) Written stats to -
LOG (gmm-est:MleUpdate():transition-model.cc:393) TransitionModel::Update, objf change is 0.000222608 per frame over 308780 frames. 
LOG (gmm-est:MleUpdate():transition-model.cc:396) 386 probabilities floored, 4587 out of 6604 transition-states skipped due to insuffient data (it is normal to have some skipped.)
LOG (gmm-est:main():gmm-est.cc:102) Transition model update: Overall 0.000222608 log-like improvement per frame over 308780 frames.
WARNING (gmm-est:MleDiagGmmUpdate():mle-diag-gmm.cc:365) Gaussian has too little data but not removing it because it is the last Gaussian: i = 0, occ = 0, weight = 1
WARNING (gmm-est:MleDiagGmmUpdate():mle-diag-gmm.cc:365) Gaussian has too little data but not removing it because it is the last Gaussian: i = 0, occ = 0, weight = 1
WARNING (gmm-est:MleDiagGmmUpdate():mle-diag-gmm.cc:365) Gaussian has too little data but not removing it because it is the last Gaussian: i = 0, occ = 0, weight = 1
WARNING (gmm-est:MleDiagGmmUpdate():mle-diag-gmm.cc:359) Too little data - removing Gaussian (weight 0.068929, occupation count 9.029640, vector size 40)
WARNING (gmm-est:MleDiagGmmUpdate():mle-diag-gmm.cc:359) Too little data - removing Gaussian (weight 0.140792, occupation count 9.292263, vector size 40)
WARNING (gmm-est:MleDiagGmmUpdate():mle-diag-gmm.cc:359) Too little data - removing Gaussian (weight 0.091741, occupation count 9.999751, vector size 40)
WARNING (gmm-est:MleDiagGmmUpdate():mle-diag-gmm.cc:359) Too little data - removing Gaussian (weight 0.094211, occupation count 9.892155, vector size 40)
WARNING (gmm-est:MleDiagGmmUpdate():mle-diag-gmm.cc:359) Too little data - removing Gaussian (weight 0.064147, occupation count 9.365390, vector size 40)
WARNING (gmm-est:MleDiagGmmUpdate():mle-diag-gmm.cc:359) Too little data - removing Gaussian (weight 0.075736, occupation count 9.012640, vector size 40)
WARNING (gmm-est:MleDiagGmmUpdate():mle-diag-gmm.cc:359) Too little data - removing Gaussian (weight 0.037470, occupation count 7.231711, vector size 40)
WARNING (gmm-est:MleDiagGmmUpdate():mle-diag-gmm.cc:359) Too little data - removing Gaussian (weight 0.042261, occupation count 9.001570, vector size 40)
WARNING (gmm-est:MleDiagGmmUpdate():mle-diag-gmm.cc:359) Too little data - removing Gaussian (weight 0.078740, occupation count 9.999996, vector size 40)
WARNING (gmm-est:MleDiagGmmUpdate():mle-diag-gmm.cc:365) Gaussian has too little data but not removing it because it is the last Gaussian: i = 0, occ = 9, weight = 1
LOG (gmm-est:MleAmDiagGmmUpdate():mle-am-diag-gmm.cc:225) 0 variance elements floored in 0 Gaussians, out of 6987
LOG (gmm-est:MleAmDiagGmmUpdate():mle-am-diag-gmm.cc:229) Removed 9 Gaussians due to counts < --min-gaussian-occupancy=10 and --remove-low-count-gaussians=true
LOG (gmm-est:main():gmm-est.cc:113) GMM update: Overall 0.128421 objective function improvement per frame over 308780 frames
LOG (gmm-est:main():gmm-est.cc:116) GMM update: Overall avg like per frame = -39.781 over 308780 frames.
LOG (gmm-est:SplitByCount():am-diag-gmm.cc:116) Split 1474 states with target = 7272, power = 0.2, perturb_factor = 0.01 and min_count = 20, split #Gauss from 6987 to 7302
LOG (gmm-est:main():gmm-est.cc:146) Written model to exp/tri3b/21.mdl
# Accounting: time=1 threads=1
# Ended (code 0) at Mon Jul  4 16:17:33 BRT 2016, elapsed time 1 seconds
