# gmm-est --power=0.2 --write-occs=exp/tri3b/33.occs --mix-up=9000 exp/tri3b/32.mdl "gmm-sum-accs - exp/tri3b/32.*.acc |" exp/tri3b/33.mdl 
# Started at Mon Jul  4 16:19:18 BRT 2016
#
gmm-est --power=0.2 --write-occs=exp/tri3b/33.occs --mix-up=9000 exp/tri3b/32.mdl 'gmm-sum-accs - exp/tri3b/32.*.acc |' exp/tri3b/33.mdl 
gmm-sum-accs - exp/tri3b/32.1.acc exp/tri3b/32.10.acc exp/tri3b/32.11.acc exp/tri3b/32.12.acc exp/tri3b/32.13.acc exp/tri3b/32.14.acc exp/tri3b/32.15.acc exp/tri3b/32.16.acc exp/tri3b/32.17.acc exp/tri3b/32.18.acc exp/tri3b/32.19.acc exp/tri3b/32.2.acc exp/tri3b/32.20.acc exp/tri3b/32.3.acc exp/tri3b/32.4.acc exp/tri3b/32.5.acc exp/tri3b/32.6.acc exp/tri3b/32.7.acc exp/tri3b/32.8.acc exp/tri3b/32.9.acc 
LOG (gmm-sum-accs:main():gmm-sum-accs.cc:63) Summed 20 stats, total count 308780, avg like/frame -38.4421
LOG (gmm-sum-accs:main():gmm-sum-accs.cc:66) Total count of stats is 308780
LOG (gmm-sum-accs:main():gmm-sum-accs.cc:67) Written stats to -
LOG (gmm-est:MleUpdate():transition-model.cc:393) TransitionModel::Update, objf change is 1.7759e-11 per frame over 308780 frames. 
LOG (gmm-est:MleUpdate():transition-model.cc:396) 387 probabilities floored, 4587 out of 6604 transition-states skipped due to insuffient data (it is normal to have some skipped.)
LOG (gmm-est:main():gmm-est.cc:102) Transition model update: Overall 1.7759e-11 log-like improvement per frame over 308780 frames.
WARNING (gmm-est:MleDiagGmmUpdate():mle-diag-gmm.cc:365) Gaussian has too little data but not removing it because it is the last Gaussian: i = 0, occ = 0, weight = 1
WARNING (gmm-est:MleDiagGmmUpdate():mle-diag-gmm.cc:365) Gaussian has too little data but not removing it because it is the last Gaussian: i = 0, occ = 0, weight = 1
WARNING (gmm-est:MleDiagGmmUpdate():mle-diag-gmm.cc:365) Gaussian has too little data but not removing it because it is the last Gaussian: i = 0, occ = 0, weight = 1
WARNING (gmm-est:MleDiagGmmUpdate():mle-diag-gmm.cc:359) Too little data - removing Gaussian (weight 0.016727, occupation count 9.985984, vector size 40)
WARNING (gmm-est:MleDiagGmmUpdate():mle-diag-gmm.cc:359) Too little data - removing Gaussian (weight 0.110345, occupation count 9.931053, vector size 40)
WARNING (gmm-est:MleDiagGmmUpdate():mle-diag-gmm.cc:359) Too little data - removing Gaussian (weight 0.053843, occupation count 6.838001, vector size 40)
WARNING (gmm-est:MleDiagGmmUpdate():mle-diag-gmm.cc:365) Gaussian has too little data but not removing it because it is the last Gaussian: i = 0, occ = 9, weight = 1
LOG (gmm-est:MleAmDiagGmmUpdate():mle-am-diag-gmm.cc:225) 0 variance elements floored in 0 Gaussians, out of 9081
LOG (gmm-est:MleAmDiagGmmUpdate():mle-am-diag-gmm.cc:229) Removed 3 Gaussians due to counts < --min-gaussian-occupancy=10 and --remove-low-count-gaussians=true
LOG (gmm-est:main():gmm-est.cc:113) GMM update: Overall 0.0434183 objective function improvement per frame over 308780 frames
LOG (gmm-est:main():gmm-est.cc:116) GMM update: Overall avg like per frame = -38.4421 over 308780 frames.
LOG (gmm-est:SplitByCount():am-diag-gmm.cc:116) Split 1474 states with target = 9000, power = 0.2, perturb_factor = 0.01 and min_count = 20, split #Gauss from 9081 to 9084
LOG (gmm-est:main():gmm-est.cc:146) Written model to exp/tri3b/33.mdl
# Accounting: time=1 threads=1
# Ended (code 0) at Mon Jul  4 16:19:19 BRT 2016, elapsed time 1 seconds
