# gmm-gselect --n=25 "--gselect=ark,s,cs:gunzip -c exp/ubm4c/gselect.15.gz|" "fgmm-global-to-gmm exp/ubm4c/0.ubm - |" "ark,s,cs:apply-cmvn  --utt2spk=ark:data/train/split20/15/utt2spk scp:data/train/split20/15/cmvn.scp scp:data/train/split20/15/feats.scp ark:- | transform-feats --utt2spk=ark:data/train/split20/15/utt2spk ark,s,cs:exp/tri3c_ali/raw_trans.15 ark:- ark:- | splice-feats  ark:- ark:- | transform-feats exp/tri3c_ali/final.mat ark:- ark:- |" ark:- | fgmm-global-acc-stats --weights='ark,s,cs:gunzip -c exp/tri3c_ali/ali.15.gz | ali-to-post ark:- ark:- | weight-silence-post 0.5 1:2:3:4:5:6:7:8:9:10 exp/tri3c_ali/final.mdl ark:- ark:- | post-to-weights ark:- ark:- |' --gselect=ark,s,cs:- exp/ubm4c/0.ubm "ark,s,cs:apply-cmvn  --utt2spk=ark:data/train/split20/15/utt2spk scp:data/train/split20/15/cmvn.scp scp:data/train/split20/15/feats.scp ark:- | transform-feats --utt2spk=ark:data/train/split20/15/utt2spk ark,s,cs:exp/tri3c_ali/raw_trans.15 ark:- ark:- | splice-feats  ark:- ark:- | transform-feats exp/tri3c_ali/final.mat ark:- ark:- |" exp/ubm4c/0.15.acc 
# Started at Mon Jul  4 16:30:50 BRT 2016
#
fgmm-global-acc-stats '--weights=ark,s,cs:gunzip -c exp/tri3c_ali/ali.15.gz | ali-to-post ark:- ark:- | weight-silence-post 0.5 1:2:3:4:5:6:7:8:9:10 exp/tri3c_ali/final.mdl ark:- ark:- | post-to-weights ark:- ark:- |' --gselect=ark,s,cs:- exp/ubm4c/0.ubm 'ark,s,cs:apply-cmvn  --utt2spk=ark:data/train/split20/15/utt2spk scp:data/train/split20/15/cmvn.scp scp:data/train/split20/15/feats.scp ark:- | transform-feats --utt2spk=ark:data/train/split20/15/utt2spk ark,s,cs:exp/tri3c_ali/raw_trans.15 ark:- ark:- | splice-feats  ark:- ark:- | transform-feats exp/tri3c_ali/final.mat ark:- ark:- |' exp/ubm4c/0.15.acc 
gmm-gselect --n=25 '--gselect=ark,s,cs:gunzip -c exp/ubm4c/gselect.15.gz|' 'fgmm-global-to-gmm exp/ubm4c/0.ubm - |' 'ark,s,cs:apply-cmvn  --utt2spk=ark:data/train/split20/15/utt2spk scp:data/train/split20/15/cmvn.scp scp:data/train/split20/15/feats.scp ark:- | transform-feats --utt2spk=ark:data/train/split20/15/utt2spk ark,s,cs:exp/tri3c_ali/raw_trans.15 ark:- ark:- | splice-feats  ark:- ark:- | transform-feats exp/tri3c_ali/final.mat ark:- ark:- |' ark:- 
fgmm-global-to-gmm exp/ubm4c/0.ubm - 
apply-cmvn --utt2spk=ark:data/train/split20/15/utt2spk scp:data/train/split20/15/cmvn.scp scp:data/train/split20/15/feats.scp ark:- 
transform-feats --utt2spk=ark:data/train/split20/15/utt2spk ark,s,cs:exp/tri3c_ali/raw_trans.15 ark:- ark:- 
transform-feats exp/tri3c_ali/final.mat ark:- ark:- 
splice-feats ark:- ark:- 
post-to-weights ark:- ark:- 
weight-silence-post 0.5 1:2:3:4:5:6:7:8:9:10 exp/tri3c_ali/final.mdl ark:- ark:- 
ali-to-post ark:- ark:- 
LOG (ali-to-post:main():ali-to-post.cc:65) Converted 10 alignments.
LOG (fgmm-global-to-gmm:main():fgmm-global-to-gmm.cc:58) Written diagonal GMM to -
LOG (weight-silence-post:main():weight-silence-post.cc:95) Done 10 posteriors.
transform-feats --utt2spk=ark:data/train/split20/15/utt2spk ark,s,cs:exp/tri3c_ali/raw_trans.15 ark:- ark:- 
apply-cmvn --utt2spk=ark:data/train/split20/15/utt2spk scp:data/train/split20/15/cmvn.scp scp:data/train/split20/15/feats.scp ark:- 
splice-feats ark:- ark:- 
transform-feats exp/tri3c_ali/final.mat ark:- ark:- 
LOG (gmm-gselect:main():gmm-gselect.cc:114) For 0'th file, average UBM likelihood over 1248 frames is -49.2543
LOG (post-to-weights:main():post-to-weights.cc:68) Done converting 10 posteriors to weights.
LOG (apply-cmvn:main():apply-cmvn.cc:146) Applied cepstral mean normalization to 10 utterances, errors on 0
LOG (apply-cmvn:main():apply-cmvn.cc:146) Applied cepstral mean normalization to 10 utterances, errors on 0
LOG (transform-feats:main():transform-feats.cc:158) Overall average logdet is -0.12782 over 12794 frames.
LOG (transform-feats:main():transform-feats.cc:161) Applied transform to 10 utterances; 0 had errors.
LOG (transform-feats:main():transform-feats.cc:158) Overall average logdet is -0.12782 over 12794 frames.
LOG (transform-feats:main():transform-feats.cc:161) Applied transform to 10 utterances; 0 had errors.
LOG (transform-feats:main():transform-feats.cc:158) Overall average [pseudo-]logdet is -79.7442 over 12794 frames.
LOG (transform-feats:main():transform-feats.cc:161) Applied transform to 10 utterances; 0 had errors.
LOG (transform-feats:main():transform-feats.cc:158) Overall average [pseudo-]logdet is -79.7442 over 12794 frames.
LOG (transform-feats:main():transform-feats.cc:161) Applied transform to 10 utterances; 0 had errors.
LOG (gmm-gselect:main():gmm-gselect.cc:125) Done 10 files, 0 with errors, average UBM log-likelihood is -49.2844 over 12794 frames.
LOG (fgmm-global-acc-stats:main():fgmm-global-acc-stats.cc:148) Done 10 files; 0 with errors.
LOG (fgmm-global-acc-stats:main():fgmm-global-acc-stats.cc:150) Overall likelihood per frame = -53.4397 over 9965.5 (weighted) frames.
LOG (fgmm-global-acc-stats:main():fgmm-global-acc-stats.cc:155) Written accs to exp/ubm4c/0.15.acc
# Accounting: time=2 threads=1
# Ended (code 0) at Mon Jul  4 16:30:52 BRT 2016, elapsed time 2 seconds
