# nnet-combine-fast --use-gpu=no --num-threads=16 --verbose=3 --minibatch-size=512 exp/nnet4a/101.mdl exp/nnet4a/102.mdl exp/nnet4a/103.mdl exp/nnet4a/104.mdl exp/nnet4a/105.mdl exp/nnet4a/106.mdl exp/nnet4a/107.mdl exp/nnet4a/108.mdl exp/nnet4a/109.mdl exp/nnet4a/110.mdl exp/nnet4a/111.mdl exp/nnet4a/112.mdl exp/nnet4a/113.mdl exp/nnet4a/114.mdl exp/nnet4a/115.mdl exp/nnet4a/116.mdl exp/nnet4a/117.mdl exp/nnet4a/118.mdl exp/nnet4a/119.mdl exp/nnet4a/120.mdl ark:exp/nnet4a/egs/combine.egs exp/nnet4a/final.mdl 
# Started at Mon Jul  4 18:16:43 BRT 2016
#
nnet-combine-fast --use-gpu=no --num-threads=16 --verbose=3 --minibatch-size=512 exp/nnet4a/101.mdl exp/nnet4a/102.mdl exp/nnet4a/103.mdl exp/nnet4a/104.mdl exp/nnet4a/105.mdl exp/nnet4a/106.mdl exp/nnet4a/107.mdl exp/nnet4a/108.mdl exp/nnet4a/109.mdl exp/nnet4a/110.mdl exp/nnet4a/111.mdl exp/nnet4a/112.mdl exp/nnet4a/113.mdl exp/nnet4a/114.mdl exp/nnet4a/115.mdl exp/nnet4a/116.mdl exp/nnet4a/117.mdl exp/nnet4a/118.mdl exp/nnet4a/119.mdl exp/nnet4a/120.mdl ark:exp/nnet4a/egs/combine.egs exp/nnet4a/final.mdl 
LOG (nnet-combine-fast:main():nnet-combine-fast.cc:108) Read 10000 examples from the validation set.
VLOG[3] (nnet-combine-fast:Propagate():nnet-update.cc:114) Stddev of data for component 0 for this minibatch is 96.2502
VLOG[3] (nnet-combine-fast:Propagate():nnet-update.cc:114) Stddev of data for component 0 for this minibatch is 95.4743
VLOG[3] (nnet-combine-fast:Propagate():nnet-update.cc:114) Stddev of data for component 0 for this minibatch is 92.9568
VLOG[3] (nnet-combine-fast:Propagate():nnet-update.cc:114) Stddev of data for component 1 for this minibatch is 96.2503
VLOG[3] (nnet-combine-fast:Propagate():nnet-update.cc:114) Stddev of data for component 1 for this minibatch is 95.4743
VLOG[3] (nnet-combine-fast:Propagate():nnet-update.cc:114) Stddev of data for component 0 for this minibatch is 92.3809
VLOG[3] (nnet-combine-fast:Propagate():nnet-update.cc:114) Stddev of data for component 1 for this minibatch is 92.9568
VLOG[3] (nnet-combine-fast:Propagate():nnet-update.cc:114) Stddev of data for component 1 for this minibatch is 92.381
VLOG[3] (nnet-combine-fast:Propagate():nnet-update.cc:114) Stddev of data for component 0 for this minibatch is 94.5496
VLOG[3] (nnet-combine-fast:Propagate():nnet-update.cc:114) Stddev of data for component 1 for this minibatch is 94.5497
VLOG[3] (nnet-combine-fast:Propagate():nnet-update.cc:114) Stddev of data for component 0 for this minibatch is 96.9841
VLOG[3] (nnet-combine-fast:Propagate():nnet-update.cc:114) Stddev of data for component 1 for this minibatch is 96.9842
VLOG[3] (nnet-combine-fast:Propagate():nnet-update.cc:114) Stddev of data for component 0 for this minibatch is 99.1009
VLOG[3] (nnet-combine-fast:Propagate():nnet-update.cc:114) Stddev of data for component 0 for this minibatch is 96.8833
VLOG[3] (nnet-combine-fast:Propagate():nnet-update.cc:114) Stddev of data for component 0 for this minibatch is 97.7213
VLOG[3] (nnet-combine-fast:Propagate():nnet-update.cc:114) Stddev of data for component 0 for this minibatch is 93.2809
VLOG[3] (nnet-combine-fast:Propagate():nnet-update.cc:114) Stddev of data for component 1 for this minibatch is 99.101
VLOG[3] (nnet-combine-fast:Propagate():nnet-update.cc:114) Stddev of data for component 1 for this minibatch is 93.281
VLOG[3] (nnet-combine-fast:Propagate():nnet-update.cc:114) Stddev of data for component 1 for this minibatch is 97.7211
VLOG[3] (nnet-combine-fast:Propagate():nnet-update.cc:114) Stddev of data for component 0 for this minibatch is 95.8425
VLOG[3] (nnet-combine-fast:Propagate():nnet-update.cc:114) Stddev of data for component 0 for this minibatch is 99.6351
VLOG[3] (nnet-combine-fast:Propagate():nnet-update.cc:114) Stddev of data for component 1 for this minibatch is 96.8833
VLOG[3] (nnet-combine-fast:Propagate():nnet-update.cc:114) Stddev of data for component 1 for this minibatch is 95.8426
VLOG[3] (nnet-combine-fast:Propagate():nnet-update.cc:114) Stddev of data for component 1 for this minibatch is 99.635
VLOG[3] (nnet-combine-fast:Propagate():nnet-update.cc:114) Stddev of data for component 2 for this minibatch is 0.329135
VLOG[3] (nnet-combine-fast:Propagate():nnet-update.cc:114) Stddev of data for component 0 for this minibatch is 92.5494
VLOG[3] (nnet-combine-fast:Propagate():nnet-update.cc:114) Stddev of data for component 1 for this minibatch is 92.5494
VLOG[3] (nnet-combine-fast:Propagate():nnet-update.cc:114) Stddev of data for component 3 for this minibatch is 3.4715
VLOG[3] (nnet-combine-fast:Propagate():nnet-update.cc:114) Stddev of data for component 2 for this minibatch is 0.338864
VLOG[3] (nnet-combine-fast:Propagate():nnet-update.cc:114) Stddev of data for component 2 for this minibatch is 0.33614
VLOG[3] (nnet-combine-fast:Propagate():nnet-update.cc:114) Stddev of data for component 0 for this minibatch is 92.6443
VLOG[3] (nnet-combine-fast:Propagate():nnet-update.cc:114) Stddev of data for component 1 for this minibatch is 92.6444
VLOG[3] (nnet-combine-fast:Propagate():nnet-update.cc:114) Stddev of data for component 2 for this minibatch is 0.329521
VLOG[3] (nnet-combine-fast:Propagate():nnet-update.cc:114) Stddev of data for component 2 for this minibatch is 0.32969
VLOG[3] (nnet-combine-fast:Propagate():nnet-update.cc:114) Stddev of data for component 3 for this minibatch is 3.47387
VLOG[3] (nnet-combine-fast:Propagate():nnet-update.cc:114) Stddev of data for component 2 for this minibatch is 0.332831
VLOG[3] (nnet-combine-fast:Propagate():nnet-update.cc:114) Stddev of data for component 2 for this minibatch is 0.324051
VLOG[3] (nnet-combine-fast:Propagate():nnet-update.cc:114) Stddev of data for component 2 for this minibatch is 0.342287
VLOG[3] (nnet-combine-fast:Propagate():nnet-update.cc:114) Stddev of data for component 2 for this minibatch is 0.331559
VLOG[3] (nnet-combine-fast:Propagate():nnet-update.cc:114) Stddev of data for component 2 for this minibatch is 0.342767
VLOG[3] (nnet-combine-fast:Propagate():nnet-update.cc:114) Stddev of data for component 2 for this minibatch is 0.326875
VLOG[3] (nnet-combine-fast:Propagate():nnet-update.cc:114) Stddev of data for component 2 for this minibatch is 0.344018
VLOG[3] (nnet-combine-fast:Propagate():nnet-update.cc:114) Stddev of data for component 3 for this minibatch is 3.42404
VLOG[3] (nnet-combine-fast:Propagate():nnet-update.cc:114) Stddev of data for component 2 for this minibatch is 0.333796
VLOG[3] (nnet-combine-fast:Propagate():nnet-update.cc:114) Stddev of data for component 2 for this minibatch is 0.328637
VLOG[3] (nnet-combine-fast:Propagate():nnet-update.cc:114) Stddev of data for component 3 for this minibatch is 3.58047
VLOG[3] (nnet-combine-fast:Propagate():nnet-update.cc:114) Stddev of data for component 3 for this minibatch is 3.56359
VLOG[3] (nnet-combine-fast:Propagate():nnet-update.cc:114) Stddev of data for component 4 for this minibatch is 0.564131
VLOG[3] (nnet-combine-fast:Propagate():nnet-update.cc:114) Stddev of data for component 0 for this minibatch is 92.5841
VLOG[3] (nnet-combine-fast:Propagate():nnet-update.cc:114) Stddev of data for component 4 for this minibatch is 0.565292
VLOG[3] (nnet-combine-fast:Propagate():nnet-update.cc:114) Stddev of data for component 3 for this minibatch is 3.64581
VLOG[3] (nnet-combine-fast:Propagate():nnet-update.cc:114) Stddev of data for component 1 for this minibatch is 92.5843
VLOG[3] (nnet-combine-fast:Propagate():nnet-update.cc:114) Stddev of data for component 3 for this minibatch is 3.56195
VLOG[3] (nnet-combine-fast:Propagate():nnet-update.cc:114) Stddev of data for component 0 for this minibatch is 92.5731
VLOG[3] (nnet-combine-fast:Propagate():nnet-update.cc:114) Stddev of data for component 3 for this minibatch is 3.4421
VLOG[3] (nnet-combine-fast:Propagate():nnet-update.cc:114) Stddev of data for component 1 for this minibatch is 92.5731
VLOG[3] (nnet-combine-fast:Propagate():nnet-update.cc:114) Stddev of data for component 3 for this minibatch is 3.59686
VLOG[3] (nnet-combine-fast:Propagate():nnet-update.cc:114) Stddev of data for component 4 for this minibatch is 0.565615
VLOG[3] (nnet-combine-fast:Propagate():nnet-update.cc:114) Stddev of data for component 2 for this minibatch is 0.328049
VLOG[3] (nnet-combine-fast:Propagate():nnet-update.cc:114) Stddev of data for component 4 for this minibatch is 0.565886
VLOG[3] (nnet-combine-fast:Propagate():nnet-update.cc:114) Stddev of data for component 3 for this minibatch is 3.53282
VLOG[3] (nnet-combine-fast:Propagate():nnet-update.cc:114) Stddev of data for component 3 for this minibatch is 3.58713
VLOG[3] (nnet-combine-fast:Propagate():nnet-update.cc:114) Stddev of data for component 5 for this minibatch is 5.49244
VLOG[3] (nnet-combine-fast:Propagate():nnet-update.cc:114) Stddev of data for component 3 for this minibatch is 3.43621
VLOG[3] (nnet-combine-fast:Propagate():nnet-update.cc:114) Stddev of data for component 4 for this minibatch is 0.562672
VLOG[3] (nnet-combine-fast:Propagate():nnet-update.cc:114) Stddev of data for component 4 for this minibatch is 0.567048
VLOG[3] (nnet-combine-fast:Propagate():nnet-update.cc:114) Stddev of data for component 5 for this minibatch is 5.53014
VLOG[3] (nnet-combine-fast:Propagate():nnet-update.cc:114) Stddev of data for component 4 for this minibatch is 0.569688
VLOG[3] (nnet-combine-fast:Propagate():nnet-update.cc:114) Stddev of data for component 5 for this minibatch is 5.60203
VLOG[3] (nnet-combine-fast:Propagate():nnet-update.cc:114) Stddev of data for component 3 for this minibatch is 3.62325
VLOG[3] (nnet-combine-fast:Propagate():nnet-update.cc:114) Stddev of data for component 3 for this minibatch is 3.48464
VLOG[3] (nnet-combine-fast:Propagate():nnet-update.cc:114) Stddev of data for component 5 for this minibatch is 5.46627
VLOG[3] (nnet-combine-fast:Propagate():nnet-update.cc:114) Stddev of data for component 2 for this minibatch is 0.326461
VLOG[3] (nnet-combine-fast:Propagate():nnet-update.cc:114) Stddev of data for component 4 for this minibatch is 0.562594
VLOG[3] (nnet-combine-fast:Propagate():nnet-update.cc:114) Stddev of data for component 4 for this minibatch is 0.567215
VLOG[3] (nnet-combine-fast:Propagate():nnet-update.cc:114) Stddev of data for component 5 for this minibatch is 5.51439
VLOG[3] (nnet-combine-fast:Propagate():nnet-update.cc:114) Stddev of data for component 4 for this minibatch is 0.567362
VLOG[3] (nnet-combine-fast:Propagate():nnet-update.cc:114) Stddev of data for component 5 for this minibatch is 5.46265
VLOG[3] (nnet-combine-fast:Propagate():nnet-update.cc:114) Stddev of data for component 3 for this minibatch is 3.45739
VLOG[3] (nnet-combine-fast:Propagate():nnet-update.cc:114) Stddev of data for component 4 for this minibatch is 0.565776
VLOG[3] (nnet-combine-fast:Propagate():nnet-update.cc:114) Stddev of data for component 5 for this minibatch is 5.58376
VLOG[3] (nnet-combine-fast:Propagate():nnet-update.cc:114) Stddev of data for component 4 for this minibatch is 0.569823
VLOG[3] (nnet-combine-fast:Propagate():nnet-update.cc:114) Stddev of data for component 4 for this minibatch is 0.56409
VLOG[3] (nnet-combine-fast:Propagate():nnet-update.cc:114) Stddev of data for component 5 for this minibatch is 5.43289
VLOG[3] (nnet-combine-fast:Propagate():nnet-update.cc:114) Stddev of data for component 5 for this minibatch is 5.57634
VLOG[3] (nnet-combine-fast:Propagate():nnet-update.cc:114) Stddev of data for component 5 for this minibatch is 5.48762
VLOG[3] (nnet-combine-fast:Propagate():nnet-update.cc:114) Stddev of data for component 5 for this minibatch is 5.53736
VLOG[3] (nnet-combine-fast:Propagate():nnet-update.cc:114) Stddev of data for component 3 for this minibatch is 3.48026
VLOG[3] (nnet-combine-fast:Propagate():nnet-update.cc:114) Stddev of data for component 6 for this minibatch is 0.640307
VLOG[3] (nnet-combine-fast:Propagate():nnet-update.cc:114) Stddev of data for component 4 for this minibatch is 0.568902
VLOG[3] (nnet-combine-fast:Propagate():nnet-update.cc:114) Stddev of data for component 5 for this minibatch is 5.51866
VLOG[3] (nnet-combine-fast:Propagate():nnet-update.cc:114) Stddev of data for component 5 for this minibatch is 5.44095
VLOG[3] (nnet-combine-fast:Propagate():nnet-update.cc:114) Stddev of data for component 6 for this minibatch is 0.640896
VLOG[3] (nnet-combine-fast:Propagate():nnet-update.cc:114) Stddev of data for component 5 for this minibatch is 5.55275
VLOG[3] (nnet-combine-fast:Propagate():nnet-update.cc:114) Stddev of data for component 6 for this minibatch is 0.63986
VLOG[3] (nnet-combine-fast:Propagate():nnet-update.cc:114) Stddev of data for component 6 for this minibatch is 0.641243
VLOG[3] (nnet-combine-fast:Propagate():nnet-update.cc:114) Stddev of data for component 7 for this minibatch is 46.4574
VLOG[3] (nnet-combine-fast:Propagate():nnet-update.cc:114) Stddev of data for component 6 for this minibatch is 0.63856
VLOG[3] (nnet-combine-fast:Propagate():nnet-update.cc:114) Stddev of data for component 4 for this minibatch is 0.562804
VLOG[3] (nnet-combine-fast:Propagate():nnet-update.cc:114) Stddev of data for component 4 for this minibatch is 0.561536
VLOG[2] (nnet-combine-fast:DoBackpropParallel():nnet-update-parallel.cc:264) Did backprop on 10000 examples, average log-prob per frame is -0.464047
VLOG[2] (nnet-combine-fast:DoBackpropParallel():nnet-update-parallel.cc:264) Did backprop on 10000 examples, average log-prob per frame is -0.468774
VLOG[2] (nnet-combine-fast:DoBackpropParallel():nnet-update-parallel.cc:264) Did backprop on 10000 examples, average log-prob per frame is -0.465716
VLOG[2] (nnet-combine-fast:DoBackpropParallel():nnet-update-parallel.cc:264) Did backprop on 10000 examples, average log-prob per frame is -0.433128
VLOG[2] (nnet-combine-fast:DoBackpropParallel():nnet-update-parallel.cc:264) Did backprop on 10000 examples, average log-prob per frame is -0.464937
VLOG[2] (nnet-combine-fast:DoBackpropParallel():nnet-update-parallel.cc:264) Did backprop on 10000 examples, average log-prob per frame is -0.447855
VLOG[2] (nnet-combine-fast:DoBackpropParallel():nnet-update-parallel.cc:264) Did backprop on 10000 examples, average log-prob per frame is -0.590626
VLOG[2] (nnet-combine-fast:DoBackpropParallel():nnet-update-parallel.cc:264) Did backprop on 10000 examples, average log-prob per frame is -0.509975
VLOG[2] (nnet-combine-fast:DoBackpropParallel():nnet-update-parallel.cc:264) Did backprop on 10000 examples, average log-prob per frame is -0.500244
VLOG[2] (nnet-combine-fast:DoBackpropParallel():nnet-update-parallel.cc:264) Did backprop on 10000 examples, average log-prob per frame is -0.522518
VLOG[2] (nnet-combine-fast:DoBackpropParallel():nnet-update-parallel.cc:264) Did backprop on 10000 examples, average log-prob per frame is -0.49798
VLOG[2] (nnet-combine-fast:DoBackpropParallel():nnet-update-parallel.cc:264) Did backprop on 10000 examples, average log-prob per frame is -0.557965
VLOG[2] (nnet-combine-fast:DoBackpropParallel():nnet-update-parallel.cc:264) Did backprop on 10000 examples, average log-prob per frame is -0.478793
VLOG[2] (nnet-combine-fast:DoBackpropParallel():nnet-update-parallel.cc:264) Did backprop on 10000 examples, average log-prob per frame is -0.507736
VLOG[2] (nnet-combine-fast:DoBackpropParallel():nnet-update-parallel.cc:264) Did backprop on 10000 examples, average log-prob per frame is -0.49686
VLOG[2] (nnet-combine-fast:DoBackpropParallel():nnet-update-parallel.cc:264) Did backprop on 10000 examples, average log-prob per frame is -0.481255
VLOG[2] (nnet-combine-fast:DoBackpropParallel():nnet-update-parallel.cc:264) Did backprop on 10000 examples, average log-prob per frame is -0.618701
VLOG[2] (nnet-combine-fast:DoBackpropParallel():nnet-update-parallel.cc:264) Did backprop on 10000 examples, average log-prob per frame is -0.570009
VLOG[2] (nnet-combine-fast:DoBackpropParallel():nnet-update-parallel.cc:264) Did backprop on 10000 examples, average log-prob per frame is -0.560643
VLOG[2] (nnet-combine-fast:DoBackpropParallel():nnet-update-parallel.cc:264) Did backprop on 10000 examples, average log-prob per frame is -0.515165
LOG (nnet-combine-fast:GetInitialModel():combine-nnet-fast.cc:402) Objective functions for the source neural nets are  [ -0.464047 -0.468774 -0.465716 -0.433128 -0.464937 -0.447855 -0.590626 -0.509975 -0.500244 -0.522518 -0.49798 -0.557965 -0.478793 -0.507736 -0.49686 -0.481255 -0.618701 -0.570009 -0.560643 -0.515165 ]
VLOG[2] (nnet-combine-fast:DoBackpropParallel():nnet-update-parallel.cc:264) Did backprop on 10000 examples, average log-prob per frame is -0.493354
LOG (nnet-combine-fast:GetInitialModel():combine-nnet-fast.cc:418) Objf with all neural nets averaged is -0.493354
LOG (nnet-combine-fast:GetInitialParams():combine-nnet-fast.cc:281) Initializing with neural net with index 3
VLOG[2] (nnet-combine-fast:DoBackpropParallel():nnet-update-parallel.cc:264) Did backprop on 10000 examples, average log-prob per frame is -0.433128
VLOG[2] (nnet-combine-fast:ComputeObjfAndGradient():combine-nnet-fast.cc:346) Objf is -0.433128, raw gradient is  [ -0.0906781 -0.0409265 0.0155719 -0.101204 -0.0407812 0.0161757 -0.10004 -0.0369301 0.0164203 -0.0866773 -0.033867 0.0166524 -0.104309 -0.0355825 0.0181309 -0.0914663 -0.0269056 0.0193338 -0.164536 -0.0515693 0.0190336 -0.138191 -0.0328639 0.0196942 -0.145912 -0.0234985 0.0209502 -0.159509 -0.0229459 0.021855 -0.14261 -0.016211 0.0210024 -0.181437 -0.0272157 0.0213016 -0.143739 -0.00279 0.0228353 -0.167129 -0.00614113 0.0234797 -0.165749 0.00122093 0.0240789 -0.157097 0.00540405 0.0244352 -0.221942 -0.0164035 0.0253853 -0.205515 0.000755884 0.0261363 -0.217441 0.00742061 0.0265371 -0.205441 0.0178711 0.0272299 ]
VLOG[2] (nnet-combine-fast:DoBackpropParallel():nnet-update-parallel.cc:264) Did backprop on 10000 examples, average log-prob per frame is -0.423387
VLOG[2] (nnet-combine-fast:ComputeObjfAndGradient():combine-nnet-fast.cc:346) Objf is -0.423387, raw gradient is  [ -0.0995077 -0.042049 0.00969856 -0.109829 -0.0423429 0.0102574 -0.108509 -0.0389112 0.010489 -0.0957989 -0.0361436 0.0107247 -0.112639 -0.0376735 0.0121663 -0.0991086 -0.0293916 0.0131628 -0.169714 -0.0528221 0.0128677 -0.144129 -0.0353127 0.0135182 -0.151876 -0.0270833 0.0147182 -0.164643 -0.0263964 0.0155847 -0.147388 -0.0206131 0.0149418 -0.18482 -0.0311816 0.0152332 -0.148296 -0.00843501 0.0167042 -0.170993 -0.0118101 0.0173107 -0.169661 -0.00504969 0.0178844 -0.160693 -0.000696368 0.018139 -0.223263 -0.0214241 0.0190607 -0.207157 -0.00532444 0.0197641 -0.218975 0.000541263 0.0201361 -0.207164 0.0103516 0.0208138 ]
VLOG[3] (nnet-combine-fast:StepSizeIteration():optimization.cc:240) In step size iteration, function value changed -0.433128 to -0.423387
VLOG[3] (nnet-combine-fast:StepSizeIteration():optimization.cc:323) d = 2, iter = 0, action = increase
VLOG[2] (nnet-combine-fast:DoBackpropParallel():nnet-update-parallel.cc:264) Did backprop on 10000 examples, average log-prob per frame is -0.414174
VLOG[2] (nnet-combine-fast:ComputeObjfAndGradient():combine-nnet-fast.cc:346) Objf is -0.414174, raw gradient is  [ -0.106491 -0.0426733 0.00424569 -0.116601 -0.0434001 0.00476011 -0.115145 -0.0403938 0.00497746 -0.103106 -0.0379246 0.0052157 -0.119076 -0.0392511 0.00662193 -0.104971 -0.0313571 0.00742393 -0.172941 -0.0535609 0.00713254 -0.148108 -0.0372368 0.00777242 -0.15592 -0.0301691 0.00891677 -0.167805 -0.0293316 0.00974551 -0.150316 -0.0244467 0.00929728 -0.186264 -0.0345936 0.00957999 -0.150948 -0.0134944 0.0109915 -0.172915 -0.016896 0.0115595 -0.171586 -0.0107126 0.0121066 -0.162435 -0.00625397 0.012264 -0.222589 -0.0259018 0.0131601 -0.206723 -0.0107857 0.0138173 -0.218421 -0.00573832 0.0141586 -0.206798 0.00342382 0.0148199 ]
VLOG[3] (nnet-combine-fast:StepSizeIteration():optimization.cc:240) In step size iteration, function value changed -0.433128 to -0.414174
VLOG[3] (nnet-combine-fast:StepSizeIteration():optimization.cc:323) d = 2, iter = 0, action = accept
VLOG[3] (nnet-combine-fast:AcceptStep():optimization.cc:194) Accepted step; length was 0.103826, prod was -0.00210821
VLOG[2] (nnet-combine-fast:DoBackpropParallel():nnet-update-parallel.cc:264) Did backprop on 10000 examples, average log-prob per frame is -6.68444
VLOG[2] (nnet-combine-fast:ComputeObjfAndGradient():combine-nnet-fast.cc:346) Objf is -6.68444, raw gradient is  [ 19.4382 -0.395984 -5.7278 19.5157 -0.446941 -5.73089 19.4056 -0.488172 -5.73266 19.2808 -0.520268 -5.73524 19.8497 -0.522491 -5.73458 18.433 -0.519193 -5.89984 19.793 -0.455451 -5.90091 19.7952 -0.506387 -5.9025 19.6441 -0.650224 -5.90892 19.9955 -0.658538 -5.91041 18.6125 -0.738748 -5.70156 19.3667 -0.73926 -5.70485 18.9228 -0.831093 -5.70639 19.3566 -0.861079 -5.71107 19.5719 -0.869677 -5.71205 18.3552 -0.840896 -5.80737 19.4064 -0.804453 -5.80685 19.731 -0.798052 -5.8075 20.0472 -0.860681 -5.81307 19.9222 -0.921073 -5.81763 ]
VLOG[3] (nnet-combine-fast:StepSizeIteration():optimization.cc:240) In step size iteration, function value changed -0.414174 to -6.68444
VLOG[3] (nnet-combine-fast:StepSizeIteration():optimization.cc:323) d = 2, iter = 1, action = decrease
VLOG[2] (nnet-combine-fast:DoBackpropParallel():nnet-update-parallel.cc:264) Did backprop on 10000 examples, average log-prob per frame is -0.691264
VLOG[2] (nnet-combine-fast:ComputeObjfAndGradient():combine-nnet-fast.cc:346) Objf is -0.691264, raw gradient is  [ 4.96746 0.14684 -0.415112 4.96762 0.123447 -0.41531 4.90686 0.0970274 -0.415755 4.87446 0.0836311 -0.415926 5.06834 0.104193 -0.413916 4.77098 0.0971952 -0.425771 5.17128 0.142534 -0.425394 5.27289 0.116587 -0.425447 5.13276 0.0319525 -0.42655 5.2394 0.0370362 -0.426031 4.90452 0.0256778 -0.41116 5.11896 0.0294381 -0.411146 5.03864 -0.0139457 -0.410626 5.11343 -0.0304573 -0.411115 5.2339 -0.027413 -0.41077 4.88315 -0.0513686 -0.4182 5.19379 -0.0167782 -0.416866 5.41083 0.000378479 -0.416197 5.43674 -0.0479061 -0.416943 5.43988 -0.0820234 -0.41748 ]
VLOG[3] (nnet-combine-fast:StepSizeIteration():optimization.cc:240) In step size iteration, function value changed -0.414174 to -0.691264
VLOG[3] (nnet-combine-fast:StepSizeIteration():optimization.cc:323) d = 2, iter = 1, action = decrease
VLOG[2] (nnet-combine-fast:DoBackpropParallel():nnet-update-parallel.cc:264) Did backprop on 10000 examples, average log-prob per frame is -0.359912
VLOG[2] (nnet-combine-fast:ComputeObjfAndGradient():combine-nnet-fast.cc:346) Objf is -0.359912, raw gradient is  [ 0.249954 0.0165528 -0.0204615 0.242194 0.0132379 -0.0201692 0.23765 0.0113083 -0.0201171 0.245355 0.0113021 -0.0199759 0.25258 0.0153001 -0.0186617 0.245298 0.017692 -0.0187673 0.230216 0.0142778 -0.0190216 0.25631 0.0175668 -0.018534 0.236314 0.00790206 -0.0179394 0.237724 0.0109481 -0.0172819 0.227747 0.0133075 -0.0169108 0.221132 0.00942095 -0.016758 0.240898 0.0130343 -0.0157188 0.231603 0.0100675 -0.0154188 0.243024 0.0137362 -0.0150257 0.226592 0.010784 -0.0155211 0.208044 0.00669673 -0.0147064 0.239084 0.016844 -0.0142457 0.23262 0.0123657 -0.0142318 0.24097 0.0113411 -0.0138487 ]
VLOG[3] (nnet-combine-fast:StepSizeIteration():optimization.cc:240) In step size iteration, function value changed -0.414174 to -0.359912
VLOG[3] (nnet-combine-fast:StepSizeIteration():optimization.cc:323) d = 2, iter = 1, action = accept
VLOG[3] (nnet-combine-fast:AcceptStep():optimization.cc:194) Accepted step; length was 0.438428, prod was -0.0847648
VLOG[2] (nnet-combine-fast:DoBackpropParallel():nnet-update-parallel.cc:264) Did backprop on 10000 examples, average log-prob per frame is -0.333979
VLOG[2] (nnet-combine-fast:ComputeObjfAndGradient():combine-nnet-fast.cc:346) Objf is -0.333979, raw gradient is  [ -0.102747 -0.0254311 -0.0185675 -0.10467 -0.0268779 -0.0184901 -0.101386 -0.0273579 -0.0185278 -0.100761 -0.027136 -0.0184074 -0.104925 -0.0269515 -0.0176191 -0.0958471 -0.0250099 -0.0179026 -0.114589 -0.0318497 -0.0183042 -0.109848 -0.0275845 -0.0178647 -0.109475 -0.0264805 -0.0174395 -0.110074 -0.0256509 -0.0171691 -0.0992003 -0.0274029 -0.0168954 -0.109039 -0.030523 -0.0168778 -0.0973301 -0.0257141 -0.016271 -0.103713 -0.027835 -0.0161812 -0.103366 -0.0274422 -0.0160683 -0.09693 -0.0240711 -0.0165311 -0.112022 -0.0300728 -0.0159896 -0.109785 -0.0276694 -0.0159712 -0.113548 -0.0274665 -0.0161612 -0.107862 -0.0241576 -0.0158441 ]
VLOG[3] (nnet-combine-fast:StepSizeIteration():optimization.cc:240) In step size iteration, function value changed -0.359912 to -0.333979
VLOG[3] (nnet-combine-fast:StepSizeIteration():optimization.cc:323) d = 2, iter = 2, action = accept
VLOG[3] (nnet-combine-fast:AcceptStep():optimization.cc:194) Accepted step; length was 0.325942, prod was -0.0555488
VLOG[2] (nnet-combine-fast:DoBackpropParallel():nnet-update-parallel.cc:264) Did backprop on 10000 examples, average log-prob per frame is -0.330079
VLOG[2] (nnet-combine-fast:ComputeObjfAndGradient():combine-nnet-fast.cc:346) Objf is -0.330079, raw gradient is  [ -0.0158151 -0.0214676 -0.0215519 -0.0152357 -0.0232671 -0.0215507 -0.0120467 -0.0248238 -0.0216349 -0.0157817 -0.0256634 -0.0215926 -0.0143505 -0.0245752 -0.0209467 -0.0126105 -0.0240233 -0.0214043 -0.0111811 -0.0255103 -0.0218018 -0.0117216 -0.0250929 -0.0214465 -0.0103168 -0.027168 -0.0212332 -0.00634108 -0.0262179 -0.02108 -0.00309024 -0.0296146 -0.0207001 -0.00301867 -0.0310111 -0.0207866 -0.000114044 -0.0309392 -0.0203806 -0.000610675 -0.032894 -0.0203874 0.00133297 -0.0333716 -0.0203469 0.000572736 -0.0308447 -0.0209731 0.00299342 -0.0326252 -0.0204976 0.00349623 -0.0325165 -0.0206036 0.00272881 -0.0342494 -0.0209181 0.0061754 -0.0335501 -0.020744 ]
VLOG[3] (nnet-combine-fast:StepSizeIteration():optimization.cc:240) In step size iteration, function value changed -0.333979 to -0.330079
VLOG[3] (nnet-combine-fast:StepSizeIteration():optimization.cc:323) d = 2, iter = 3, action = accept
VLOG[3] (nnet-combine-fast:AcceptStep():optimization.cc:194) Accepted step; length was 0.176388, prod was -0.00907779
VLOG[2] (nnet-combine-fast:DoBackpropParallel():nnet-update-parallel.cc:264) Did backprop on 10000 examples, average log-prob per frame is -0.326292
VLOG[2] (nnet-combine-fast:ComputeObjfAndGradient():combine-nnet-fast.cc:346) Objf is -0.326292, raw gradient is  [ -0.0233228 -0.011239 -0.0126181 -0.0222803 -0.0117899 -0.0126063 -0.0196519 -0.0126283 -0.0126398 -0.0224377 -0.0127594 -0.0126034 -0.0222664 -0.0120353 -0.0120486 -0.0213648 -0.0119499 -0.0122546 -0.0211377 -0.0129312 -0.0125986 -0.0235978 -0.0122256 -0.0122566 -0.0207599 -0.0126036 -0.0120698 -0.0187934 -0.0121027 -0.0119659 -0.0160701 -0.0139642 -0.0118402 -0.0165383 -0.0145871 -0.0119432 -0.0151271 -0.0142829 -0.0116048 -0.0149908 -0.0153217 -0.0116121 -0.0145443 -0.0155254 -0.0115468 -0.0137495 -0.0138477 -0.0120028 -0.0124768 -0.0152822 -0.0115567 -0.0152286 -0.0158039 -0.0116937 -0.0148927 -0.0158718 -0.0119659 -0.0131004 -0.0150668 -0.0118226 ]
VLOG[3] (nnet-combine-fast:StepSizeIteration():optimization.cc:240) In step size iteration, function value changed -0.330079 to -0.326292
VLOG[3] (nnet-combine-fast:StepSizeIteration():optimization.cc:323) d = 2, iter = 4, action = accept
VLOG[3] (nnet-combine-fast:AcceptStep():optimization.cc:194) Accepted step; length was 0.0440752, prod was -0.00179324
VLOG[2] (nnet-combine-fast:DoBackpropParallel():nnet-update-parallel.cc:264) Did backprop on 10000 examples, average log-prob per frame is -0.322655
VLOG[2] (nnet-combine-fast:ComputeObjfAndGradient():combine-nnet-fast.cc:346) Objf is -0.322655, raw gradient is  [ 0.0156642 0.00941068 0.00478904 0.0174203 0.0105492 0.0048102 0.0182759 0.0104578 0.00487073 0.0168156 0.011183 0.00483961 0.0171761 0.0117989 0.00521709 0.0139259 0.011107 0.00549971 0.0168849 0.0121947 0.00526444 0.0123371 0.0123967 0.00553316 0.0155256 0.0127711 0.00560363 0.0155071 0.0129102 0.00561744 0.0137971 0.0136235 0.00525834 0.015095 0.0144892 0.00506598 0.0126117 0.014021 0.00525179 0.014951 0.0145065 0.00523341 0.0140391 0.0147926 0.00535247 0.0134811 0.0142008 0.00515422 0.0169637 0.0145929 0.00554355 0.0117033 0.0137837 0.00536683 0.0137544 0.0151227 0.00514196 0.0125738 0.0150041 0.00515482 ]
VLOG[3] (nnet-combine-fast:StepSizeIteration():optimization.cc:240) In step size iteration, function value changed -0.326292 to -0.322655
VLOG[3] (nnet-combine-fast:StepSizeIteration():optimization.cc:323) d = 2, iter = 5, action = accept
VLOG[3] (nnet-combine-fast:AcceptStep():optimization.cc:194) Accepted step; length was 0.0997593, prod was -0.00567027
LOG (nnet-combine-fast:ComputeCurrentNnet():combine-nnet-fast.cc:372) Scale parameters are  [
  0.190964 0.628252 -1.34082 
  0.0686957 0.0701592 -1.25751 
  0.380249 -0.138855 -1.13805 
  1.30234 0.522262 -0.131109 
  0.330321 0.540151 -0.533369 
  0.540099 0.863419 -0.359839 
  -0.455623 0.135404 -0.461602 
  -0.22739 0.241248 -0.287071 
  -0.376173 -0.457946 0.000700979 
  -0.243082 0.50669 0.201237 
  0.108605 0.351921 0.073141 
  -0.499122 -0.500688 -0.00624808 
  0.363373 -0.064611 0.436365 
  0.0740441 0.0930274 0.564204 
  0.319218 0.237513 0.792306 
  0.252525 0.16574 0.524863 
  -0.457752 -0.723965 0.965075 
  -0.23721 -0.402927 0.968461 
  -0.354612 -0.41976 0.975812 
  -0.121363 -0.314684 1.10623 ]
LOG (nnet-combine-fast:FastNnetCombiner():combine-nnet-fast.cc:151) Combining nnets, objf per frame changed from -0.433128 to -0.322655
LOG (nnet-combine-fast:main():nnet-combine-fast.cc:124) Finished combining neural nets, wrote model to exp/nnet4a/final.mdl
# Accounting: time=26 threads=1
# Ended (code 0) at Mon Jul  4 18:17:09 BRT 2016, elapsed time 26 seconds
