# Running on red-black-tea
# Started at Mon Jul 18 12:03:08 BRT 2016
# nnet-subset-egs --n=2000 --randomize-order=true --srand=30 ark:exp/nnet4a/egs/train_diagnostic.egs ark:- | nnet-combine-fast --use-gpu=no --num-threads=8 --verbose=3 --minibatch-size=250 exp/nnet4a/31.mdl ark:- exp/nnet4a/31.mdl 
nnet-subset-egs --n=2000 --randomize-order=true --srand=30 ark:exp/nnet4a/egs/train_diagnostic.egs ark:- 
nnet-combine-fast --use-gpu=no --num-threads=8 --verbose=3 --minibatch-size=250 exp/nnet4a/31.mdl ark:- exp/nnet4a/31.mdl 
LOG (nnet-subset-egs:main():nnet-subset-egs.cc:92) Selected a subset of 2000 out of 4000 neural-network training examples 
LOG (nnet-combine-fast:main():nnet-combine-fast.cc:108) Read 2000 examples from the validation set.
VLOG[3] (nnet-combine-fast:Propagate():nnet-update.cc:114) Stddev of data for component 0 for this minibatch is 95.1013
VLOG[3] (nnet-combine-fast:Propagate():nnet-update.cc:114) Stddev of data for component 0 for this minibatch is 95.502
VLOG[3] (nnet-combine-fast:Propagate():nnet-update.cc:114) Stddev of data for component 0 for this minibatch is 103.314
VLOG[3] (nnet-combine-fast:Propagate():nnet-update.cc:114) Stddev of data for component 0 for this minibatch is 95.4371
VLOG[3] (nnet-combine-fast:Propagate():nnet-update.cc:114) Stddev of data for component 1 for this minibatch is 95.502
VLOG[3] (nnet-combine-fast:Propagate():nnet-update.cc:114) Stddev of data for component 1 for this minibatch is 95.1013
VLOG[3] (nnet-combine-fast:Propagate():nnet-update.cc:114) Stddev of data for component 1 for this minibatch is 103.314
VLOG[3] (nnet-combine-fast:Propagate():nnet-update.cc:114) Stddev of data for component 1 for this minibatch is 95.4371
VLOG[3] (nnet-combine-fast:Propagate():nnet-update.cc:114) Stddev of data for component 2 for this minibatch is 0.332144
VLOG[3] (nnet-combine-fast:Propagate():nnet-update.cc:114) Stddev of data for component 0 for this minibatch is 95.5352
VLOG[3] (nnet-combine-fast:Propagate():nnet-update.cc:114) Stddev of data for component 1 for this minibatch is 95.5353
VLOG[3] (nnet-combine-fast:Propagate():nnet-update.cc:114) Stddev of data for component 2 for this minibatch is 0.333045
VLOG[3] (nnet-combine-fast:Propagate():nnet-update.cc:114) Stddev of data for component 3 for this minibatch is 2.11491
VLOG[3] (nnet-combine-fast:Propagate():nnet-update.cc:114) Stddev of data for component 0 for this minibatch is 95.3712
VLOG[3] (nnet-combine-fast:Propagate():nnet-update.cc:114) Stddev of data for component 2 for this minibatch is 0.345934
VLOG[3] (nnet-combine-fast:Propagate():nnet-update.cc:114) Stddev of data for component 1 for this minibatch is 95.3711
VLOG[3] (nnet-combine-fast:Propagate():nnet-update.cc:114) Stddev of data for component 3 for this minibatch is 2.12492
VLOG[3] (nnet-combine-fast:Propagate():nnet-update.cc:114) Stddev of data for component 2 for this minibatch is 0.33912
VLOG[3] (nnet-combine-fast:Propagate():nnet-update.cc:114) Stddev of data for component 2 for this minibatch is 0.342173
VLOG[3] (nnet-combine-fast:Propagate():nnet-update.cc:114) Stddev of data for component 4 for this minibatch is 0.506597
VLOG[3] (nnet-combine-fast:Propagate():nnet-update.cc:114) Stddev of data for component 3 for this minibatch is 2.18132
VLOG[3] (nnet-combine-fast:Propagate():nnet-update.cc:114) Stddev of data for component 3 for this minibatch is 2.18257
VLOG[3] (nnet-combine-fast:Propagate():nnet-update.cc:114) Stddev of data for component 5 for this minibatch is 11.1297
VLOG[3] (nnet-combine-fast:Propagate():nnet-update.cc:114) Stddev of data for component 3 for this minibatch is 2.21274
VLOG[3] (nnet-combine-fast:Propagate():nnet-update.cc:114) Stddev of data for component 4 for this minibatch is 0.509048
VLOG[3] (nnet-combine-fast:Propagate():nnet-update.cc:114) Stddev of data for component 0 for this minibatch is 99.3763
VLOG[3] (nnet-combine-fast:Propagate():nnet-update.cc:114) Stddev of data for component 1 for this minibatch is 99.3764
VLOG[3] (nnet-combine-fast:Propagate():nnet-update.cc:114) Stddev of data for component 2 for this minibatch is 0.340886
VLOG[3] (nnet-combine-fast:Propagate():nnet-update.cc:114) Stddev of data for component 0 for this minibatch is 91.2727
VLOG[3] (nnet-combine-fast:Propagate():nnet-update.cc:114) Stddev of data for component 2 for this minibatch is 0.339807
VLOG[3] (nnet-combine-fast:Propagate():nnet-update.cc:114) Stddev of data for component 4 for this minibatch is 0.509006
VLOG[3] (nnet-combine-fast:Propagate():nnet-update.cc:114) Stddev of data for component 4 for this minibatch is 0.513003
VLOG[3] (nnet-combine-fast:Propagate():nnet-update.cc:114) Stddev of data for component 1 for this minibatch is 91.2728
VLOG[3] (nnet-combine-fast:Propagate():nnet-update.cc:114) Stddev of data for component 5 for this minibatch is 11.1595
VLOG[3] (nnet-combine-fast:Propagate():nnet-update.cc:114) Stddev of data for component 3 for this minibatch is 2.18003
VLOG[3] (nnet-combine-fast:Propagate():nnet-update.cc:114) Stddev of data for component 3 for this minibatch is 2.17791
VLOG[3] (nnet-combine-fast:Propagate():nnet-update.cc:114) Stddev of data for component 5 for this minibatch is 11.2051
VLOG[3] (nnet-combine-fast:Propagate():nnet-update.cc:114) Stddev of data for component 4 for this minibatch is 0.509357
VLOG[3] (nnet-combine-fast:Propagate():nnet-update.cc:114) Stddev of data for component 5 for this minibatch is 11.3321
VLOG[3] (nnet-combine-fast:Propagate():nnet-update.cc:114) Stddev of data for component 2 for this minibatch is 0.329939
VLOG[3] (nnet-combine-fast:Propagate():nnet-update.cc:114) Stddev of data for component 5 for this minibatch is 11.2377
VLOG[3] (nnet-combine-fast:Propagate():nnet-update.cc:114) Stddev of data for component 3 for this minibatch is 2.11965
VLOG[3] (nnet-combine-fast:Propagate():nnet-update.cc:114) Stddev of data for component 4 for this minibatch is 0.506242
VLOG[3] (nnet-combine-fast:Propagate():nnet-update.cc:114) Stddev of data for component 6 for this minibatch is 0.773152
VLOG[3] (nnet-combine-fast:Propagate():nnet-update.cc:114) Stddev of data for component 4 for this minibatch is 0.512356
VLOG[3] (nnet-combine-fast:Propagate():nnet-update.cc:114) Stddev of data for component 5 for this minibatch is 11.0572
VLOG[3] (nnet-combine-fast:Propagate():nnet-update.cc:114) Stddev of data for component 4 for this minibatch is 0.50892
VLOG[3] (nnet-combine-fast:Propagate():nnet-update.cc:114) Stddev of data for component 5 for this minibatch is 11.0811
VLOG[3] (nnet-combine-fast:Propagate():nnet-update.cc:114) Stddev of data for component 6 for this minibatch is 0.770649
VLOG[3] (nnet-combine-fast:Propagate():nnet-update.cc:114) Stddev of data for component 6 for this minibatch is 0.772497
VLOG[3] (nnet-combine-fast:Propagate():nnet-update.cc:114) Stddev of data for component 6 for this minibatch is 0.773057
VLOG[3] (nnet-combine-fast:Propagate():nnet-update.cc:114) Stddev of data for component 5 for this minibatch is 11.337
VLOG[3] (nnet-combine-fast:Propagate():nnet-update.cc:114) Stddev of data for component 7 for this minibatch is 9.71493
VLOG[3] (nnet-combine-fast:Propagate():nnet-update.cc:114) Stddev of data for component 6 for this minibatch is 0.776354
VLOG[3] (nnet-combine-fast:Propagate():nnet-update.cc:114) Stddev of data for component 6 for this minibatch is 0.774349
VLOG[3] (nnet-combine-fast:Propagate():nnet-update.cc:114) Stddev of data for component 7 for this minibatch is 9.73147
VLOG[3] (nnet-combine-fast:Propagate():nnet-update.cc:114) Stddev of data for component 7 for this minibatch is 9.86774
VLOG[3] (nnet-combine-fast:Propagate():nnet-update.cc:114) Stddev of data for component 7 for this minibatch is 9.50636
VLOG[3] (nnet-combine-fast:Propagate():nnet-update.cc:114) Stddev of data for component 7 for this minibatch is 9.88221
VLOG[3] (nnet-combine-fast:Propagate():nnet-update.cc:114) Stddev of data for component 7 for this minibatch is 9.62621
VLOG[3] (nnet-combine-fast:Propagate():nnet-update.cc:114) Stddev of data for component 6 for this minibatch is 0.772654
VLOG[3] (nnet-combine-fast:Propagate():nnet-update.cc:114) Stddev of data for component 6 for this minibatch is 0.772846
VLOG[3] (nnet-combine-fast:Propagate():nnet-update.cc:114) Stddev of data for component 7 for this minibatch is 9.78157
VLOG[3] (nnet-combine-fast:Propagate():nnet-update.cc:114) Stddev of data for component 7 for this minibatch is 10.035
VLOG[2] (nnet-combine-fast:DoBackpropParallel():nnet-update-parallel.cc:264) Did backprop on 2000 examples, average log-prob per frame is -0.78629
LOG (nnet-combine-fast:GetInitialModel():combine-nnet-fast.cc:402) Objective functions for the source neural nets are  [ -0.78629 ]
LOG (nnet-combine-fast:GetInitialParams():combine-nnet-fast.cc:281) Initializing with neural net with index 0
VLOG[3] (nnet-combine-fast:Propagate():nnet-update.cc:114) Stddev of data for component 0 for this minibatch is 88.5046
VLOG[3] (nnet-combine-fast:Propagate():nnet-update.cc:114) Stddev of data for component 0 for this minibatch is 79.9321
VLOG[3] (nnet-combine-fast:Propagate():nnet-update.cc:114) Stddev of data for component 0 for this minibatch is 103.057
VLOG[3] (nnet-combine-fast:Propagate():nnet-update.cc:114) Stddev of data for component 1 for this minibatch is 88.5046
VLOG[3] (nnet-combine-fast:Propagate():nnet-update.cc:114) Stddev of data for component 1 for this minibatch is 79.9322
VLOG[3] (nnet-combine-fast:Propagate():nnet-update.cc:114) Stddev of data for component 1 for this minibatch is 103.057
VLOG[3] (nnet-combine-fast:Propagate():nnet-update.cc:114) Stddev of data for component 2 for this minibatch is 0.32791
VLOG[3] (nnet-combine-fast:Propagate():nnet-update.cc:114) Stddev of data for component 2 for this minibatch is 0.282353
VLOG[3] (nnet-combine-fast:Propagate():nnet-update.cc:114) Stddev of data for component 2 for this minibatch is 0.340461
VLOG[3] (nnet-combine-fast:Propagate():nnet-update.cc:114) Stddev of data for component 0 for this minibatch is 92.2106
VLOG[3] (nnet-combine-fast:Propagate():nnet-update.cc:114) Stddev of data for component 1 for this minibatch is 92.2107
VLOG[3] (nnet-combine-fast:Propagate():nnet-update.cc:114) Stddev of data for component 3 for this minibatch is 2.07322
VLOG[3] (nnet-combine-fast:Propagate():nnet-update.cc:114) Stddev of data for component 3 for this minibatch is 1.7892
VLOG[3] (nnet-combine-fast:Propagate():nnet-update.cc:114) Stddev of data for component 3 for this minibatch is 2.22353
VLOG[3] (nnet-combine-fast:Propagate():nnet-update.cc:114) Stddev of data for component 2 for this minibatch is 0.33311
VLOG[3] (nnet-combine-fast:Propagate():nnet-update.cc:114) Stddev of data for component 3 for this minibatch is 2.10714
VLOG[3] (nnet-combine-fast:Propagate():nnet-update.cc:114) Stddev of data for component 4 for this minibatch is 0.504067
VLOG[3] (nnet-combine-fast:Propagate():nnet-update.cc:114) Stddev of data for component 4 for this minibatch is 0.514918
VLOG[3] (nnet-combine-fast:Propagate():nnet-update.cc:114) Stddev of data for component 4 for this minibatch is 0.487886
VLOG[3] (nnet-combine-fast:Propagate():nnet-update.cc:114) Stddev of data for component 5 for this minibatch is 10.8533
VLOG[3] (nnet-combine-fast:Propagate():nnet-update.cc:114) Stddev of data for component 5 for this minibatch is 11.5364
VLOG[3] (nnet-combine-fast:Propagate():nnet-update.cc:114) Stddev of data for component 5 for this minibatch is 10.3046
VLOG[3] (nnet-combine-fast:Propagate():nnet-update.cc:114) Stddev of data for component 0 for this minibatch is 88.0355
VLOG[3] (nnet-combine-fast:Propagate():nnet-update.cc:114) Stddev of data for component 1 for this minibatch is 88.0355
VLOG[3] (nnet-combine-fast:Propagate():nnet-update.cc:114) Stddev of data for component 2 for this minibatch is 0.31016
VLOG[3] (nnet-combine-fast:Propagate():nnet-update.cc:114) Stddev of data for component 6 for this minibatch is 0.772859
VLOG[3] (nnet-combine-fast:Propagate():nnet-update.cc:114) Stddev of data for component 6 for this minibatch is 0.769357
VLOG[3] (nnet-combine-fast:Propagate():nnet-update.cc:114) Stddev of data for component 4 for this minibatch is 0.507309
VLOG[3] (nnet-combine-fast:Propagate():nnet-update.cc:114) Stddev of data for component 0 for this minibatch is 96.5059
VLOG[3] (nnet-combine-fast:Propagate():nnet-update.cc:114) Stddev of data for component 5 for this minibatch is 11.1436
VLOG[3] (nnet-combine-fast:Propagate():nnet-update.cc:114) Stddev of data for component 1 for this minibatch is 96.5058
VLOG[3] (nnet-combine-fast:Propagate():nnet-update.cc:114) Stddev of data for component 6 for this minibatch is 0.773716
VLOG[3] (nnet-combine-fast:Propagate():nnet-update.cc:114) Stddev of data for component 7 for this minibatch is 9.32172
VLOG[3] (nnet-combine-fast:Propagate():nnet-update.cc:114) Stddev of data for component 7 for this minibatch is 8.57933
VLOG[3] (nnet-combine-fast:Propagate():nnet-update.cc:114) Stddev of data for component 2 for this minibatch is 0.345815
VLOG[3] (nnet-combine-fast:Propagate():nnet-update.cc:114) Stddev of data for component 3 for this minibatch is 2.21009
VLOG[2] (nnet-combine-fast:DoBackpropParallel():nnet-update-parallel.cc:264) Did backprop on 2000 examples, average log-prob per frame is -0.78629
VLOG[2] (nnet-combine-fast:ComputeObjfAndGradient():combine-nnet-fast.cc:346) Objf is -0.78629, raw gradient is  [ -0.133306 -0.111359 -0.0843814 ]
VLOG[2] (nnet-combine-fast:DoBackpropParallel():nnet-update-parallel.cc:264) Did backprop on 2000 examples, average log-prob per frame is -0.775388
VLOG[2] (nnet-combine-fast:ComputeObjfAndGradient():combine-nnet-fast.cc:346) Objf is -0.775388, raw gradient is  [ -0.0951312 -0.109606 -0.0605889 ]
VLOG[3] (nnet-combine-fast:StepSizeIteration():optimization.cc:240) In step size iteration, function value changed -0.78629 to -0.775388
VLOG[3] (nnet-combine-fast:StepSizeIteration():optimization.cc:323) d = 2, iter = 0, action = increase
VLOG[2] (nnet-combine-fast:DoBackpropParallel():nnet-update-parallel.cc:264) Did backprop on 2000 examples, average log-prob per frame is -0.76506
VLOG[2] (nnet-combine-fast:ComputeObjfAndGradient():combine-nnet-fast.cc:346) Objf is -0.76506, raw gradient is  [ -0.0178817 -0.0605269 -0.0182727 ]
VLOG[3] (nnet-combine-fast:StepSizeIteration():optimization.cc:240) In step size iteration, function value changed -0.78629 to -0.76506
VLOG[3] (nnet-combine-fast:StepSizeIteration():optimization.cc:323) d = 2, iter = 0, action = accept
VLOG[3] (nnet-combine-fast:AcceptStep():optimization.cc:194) Accepted step; length was 0.136454, prod was -0.00451882
VLOG[2] (nnet-combine-fast:DoBackpropParallel():nnet-update-parallel.cc:264) Did backprop on 2000 examples, average log-prob per frame is -40.8634
VLOG[2] (nnet-combine-fast:ComputeObjfAndGradient():combine-nnet-fast.cc:346) Objf is -40.8634, raw gradient is  [ -0.419531 0.717313 -28.5132 ]
VLOG[3] (nnet-combine-fast:StepSizeIteration():optimization.cc:240) In step size iteration, function value changed -0.76506 to -40.8634
VLOG[3] (nnet-combine-fast:StepSizeIteration():optimization.cc:323) d = 2, iter = 1, action = decrease
VLOG[2] (nnet-combine-fast:DoBackpropParallel():nnet-update-parallel.cc:264) Did backprop on 2000 examples, average log-prob per frame is -32.528
VLOG[2] (nnet-combine-fast:ComputeObjfAndGradient():combine-nnet-fast.cc:346) Objf is -32.528, raw gradient is  [ -2.14878 12.8888 -23.903 ]
VLOG[3] (nnet-combine-fast:StepSizeIteration():optimization.cc:240) In step size iteration, function value changed -0.76506 to -32.528
VLOG[3] (nnet-combine-fast:StepSizeIteration():optimization.cc:323) d = 2, iter = 1, action = decrease
VLOG[2] (nnet-combine-fast:DoBackpropParallel():nnet-update-parallel.cc:264) Did backprop on 2000 examples, average log-prob per frame is -3.10225
VLOG[2] (nnet-combine-fast:ComputeObjfAndGradient():combine-nnet-fast.cc:346) Objf is -3.10225, raw gradient is  [ 1.04712 37.3052 2.64379 ]
VLOG[3] (nnet-combine-fast:StepSizeIteration():optimization.cc:240) In step size iteration, function value changed -0.76506 to -3.10225
VLOG[3] (nnet-combine-fast:StepSizeIteration():optimization.cc:323) d = 2, iter = 1, action = decrease
VLOG[2] (nnet-combine-fast:DoBackpropParallel():nnet-update-parallel.cc:264) Did backprop on 2000 examples, average log-prob per frame is -0.824233
VLOG[2] (nnet-combine-fast:ComputeObjfAndGradient():combine-nnet-fast.cc:346) Objf is -0.824233, raw gradient is  [ 0.436697 0.944002 0.188934 ]
VLOG[3] (nnet-combine-fast:StepSizeIteration():optimization.cc:240) In step size iteration, function value changed -0.76506 to -0.824233
VLOG[3] (nnet-combine-fast:StepSizeIteration():optimization.cc:323) d = 2, iter = 1, action = decrease
VLOG[2] (nnet-combine-fast:DoBackpropParallel():nnet-update-parallel.cc:264) Did backprop on 2000 examples, average log-prob per frame is -0.765664
VLOG[2] (nnet-combine-fast:ComputeObjfAndGradient():combine-nnet-fast.cc:346) Objf is -0.765664, raw gradient is  [ 0.130752 0.149793 0.0541472 ]
VLOG[3] (nnet-combine-fast:StepSizeIteration():optimization.cc:240) In step size iteration, function value changed -0.76506 to -0.765664
VLOG[3] (nnet-combine-fast:StepSizeIteration():optimization.cc:323) d = 2, iter = 1, action = decrease
VLOG[2] (nnet-combine-fast:DoBackpropParallel():nnet-update-parallel.cc:264) Did backprop on 2000 examples, average log-prob per frame is -0.76242
VLOG[2] (nnet-combine-fast:ComputeObjfAndGradient():combine-nnet-fast.cc:346) Objf is -0.76242, raw gradient is  [ 0.0423502 0.00854431 0.0123856 ]
VLOG[3] (nnet-combine-fast:StepSizeIteration():optimization.cc:240) In step size iteration, function value changed -0.76506 to -0.76242
VLOG[3] (nnet-combine-fast:StepSizeIteration():optimization.cc:323) d = 2, iter = 1, action = accept
VLOG[3] (nnet-combine-fast:AcceptStep():optimization.cc:194) Accepted step; length was 0.0323625, prod was -0.00368808
VLOG[2] (nnet-combine-fast:DoBackpropParallel():nnet-update-parallel.cc:264) Did backprop on 2000 examples, average log-prob per frame is -0.762
VLOG[2] (nnet-combine-fast:ComputeObjfAndGradient():combine-nnet-fast.cc:346) Objf is -0.762, raw gradient is  [ 0.0465492 0.0249364 0.0229776 ]
VLOG[3] (nnet-combine-fast:StepSizeIteration():optimization.cc:240) In step size iteration, function value changed -0.76242 to -0.762
VLOG[3] (nnet-combine-fast:StepSizeIteration():optimization.cc:323) d = 2, iter = 2, action = accept
VLOG[3] (nnet-combine-fast:AcceptStep():optimization.cc:194) Accepted step; length was 0.0094652, prod was -0.000300691
LOG (nnet-combine-fast:ComputeCurrentNnet():combine-nnet-fast.cc:372) Scale parameters are  [
  1.11303 0.611835 1.03927 ]
LOG (nnet-combine-fast:FastNnetCombiner():combine-nnet-fast.cc:151) Combining nnets, objf per frame changed from -0.78629 to -0.762
LOG (nnet-combine-fast:main():nnet-combine-fast.cc:124) Finished combining neural nets, wrote model to exp/nnet4a/31.mdl
# Accounting: time=3 threads=1
# Finished at Mon Jul 18 12:03:11 BRT 2016 with status 0
