# Running on water1
# Started at Mon Jul 18 16:13:39 BRT 2016
# nnet-subset-egs --n=2000 --randomize-order=true --srand=220 ark:exp/nnet4a/egs/train_diagnostic.egs ark:- | nnet-combine-fast --use-gpu=no --num-threads=8 --verbose=3 --minibatch-size=250 exp/nnet4a/221.mdl ark:- exp/nnet4a/221.mdl 
nnet-subset-egs --n=2000 --randomize-order=true --srand=220 ark:exp/nnet4a/egs/train_diagnostic.egs ark:- 
nnet-combine-fast --use-gpu=no --num-threads=8 --verbose=3 --minibatch-size=250 exp/nnet4a/221.mdl ark:- exp/nnet4a/221.mdl 
LOG (nnet-subset-egs:main():nnet-subset-egs.cc:92) Selected a subset of 2000 out of 4000 neural-network training examples 
LOG (nnet-combine-fast:main():nnet-combine-fast.cc:108) Read 2000 examples from the validation set.
VLOG[3] (nnet-combine-fast:Propagate():nnet-update.cc:114) Stddev of data for component 0 for this minibatch is 92.7894
VLOG[3] (nnet-combine-fast:Propagate():nnet-update.cc:114) Stddev of data for component 1 for this minibatch is 92.7894
VLOG[3] (nnet-combine-fast:Propagate():nnet-update.cc:114) Stddev of data for component 2 for this minibatch is 0.325906
VLOG[3] (nnet-combine-fast:Propagate():nnet-update.cc:114) Stddev of data for component 0 for this minibatch is 100.467
VLOG[3] (nnet-combine-fast:Propagate():nnet-update.cc:114) Stddev of data for component 1 for this minibatch is 100.467
VLOG[3] (nnet-combine-fast:Propagate():nnet-update.cc:114) Stddev of data for component 2 for this minibatch is 0.343253
VLOG[3] (nnet-combine-fast:Propagate():nnet-update.cc:114) Stddev of data for component 3 for this minibatch is 2.78724
VLOG[3] (nnet-combine-fast:Propagate():nnet-update.cc:114) Stddev of data for component 0 for this minibatch is 97.7098
VLOG[3] (nnet-combine-fast:Propagate():nnet-update.cc:114) Stddev of data for component 1 for this minibatch is 97.7097
VLOG[3] (nnet-combine-fast:Propagate():nnet-update.cc:114) Stddev of data for component 2 for this minibatch is 0.340019
VLOG[3] (nnet-combine-fast:Propagate():nnet-update.cc:114) Stddev of data for component 3 for this minibatch is 2.7585
VLOG[3] (nnet-combine-fast:Propagate():nnet-update.cc:114) Stddev of data for component 0 for this minibatch is 87.3913
VLOG[3] (nnet-combine-fast:Propagate():nnet-update.cc:114) Stddev of data for component 1 for this minibatch is 87.3913
VLOG[3] (nnet-combine-fast:Propagate():nnet-update.cc:114) Stddev of data for component 2 for this minibatch is 0.323476
VLOG[3] (nnet-combine-fast:Propagate():nnet-update.cc:114) Stddev of data for component 3 for this minibatch is 2.49691
VLOG[3] (nnet-combine-fast:Propagate():nnet-update.cc:114) Stddev of data for component 3 for this minibatch is 2.56022
VLOG[3] (nnet-combine-fast:Propagate():nnet-update.cc:114) Stddev of data for component 4 for this minibatch is 0.489337
VLOG[3] (nnet-combine-fast:Propagate():nnet-update.cc:114) Stddev of data for component 0 for this minibatch is 90.6599
VLOG[3] (nnet-combine-fast:Propagate():nnet-update.cc:114) Stddev of data for component 1 for this minibatch is 90.6598
VLOG[3] (nnet-combine-fast:Propagate():nnet-update.cc:114) Stddev of data for component 4 for this minibatch is 0.497167
VLOG[3] (nnet-combine-fast:Propagate():nnet-update.cc:114) Stddev of data for component 2 for this minibatch is 0.322519
VLOG[3] (nnet-combine-fast:Propagate():nnet-update.cc:114) Stddev of data for component 5 for this minibatch is 22.8467
VLOG[3] (nnet-combine-fast:Propagate():nnet-update.cc:114) Stddev of data for component 3 for this minibatch is 2.57485
VLOG[3] (nnet-combine-fast:Propagate():nnet-update.cc:114) Stddev of data for component 4 for this minibatch is 0.496839
VLOG[3] (nnet-combine-fast:Propagate():nnet-update.cc:114) Stddev of data for component 5 for this minibatch is 22.5593
VLOG[3] (nnet-combine-fast:Propagate():nnet-update.cc:114) Stddev of data for component 4 for this minibatch is 0.48457
VLOG[3] (nnet-combine-fast:Propagate():nnet-update.cc:114) Stddev of data for component 4 for this minibatch is 0.488177
VLOG[3] (nnet-combine-fast:Propagate():nnet-update.cc:114) Stddev of data for component 5 for this minibatch is 21.969
VLOG[3] (nnet-combine-fast:Propagate():nnet-update.cc:114) Stddev of data for component 5 for this minibatch is 22.1387
VLOG[3] (nnet-combine-fast:Propagate():nnet-update.cc:114) Stddev of data for component 5 for this minibatch is 22.0689
VLOG[3] (nnet-combine-fast:Propagate():nnet-update.cc:114) Stddev of data for component 0 for this minibatch is 95.9598
VLOG[3] (nnet-combine-fast:Propagate():nnet-update.cc:114) Stddev of data for component 1 for this minibatch is 95.9598
VLOG[3] (nnet-combine-fast:Propagate():nnet-update.cc:114) Stddev of data for component 2 for this minibatch is 0.340199
VLOG[3] (nnet-combine-fast:Propagate():nnet-update.cc:114) Stddev of data for component 0 for this minibatch is 94.2214
VLOG[3] (nnet-combine-fast:Propagate():nnet-update.cc:114) Stddev of data for component 3 for this minibatch is 2.69602
VLOG[3] (nnet-combine-fast:Propagate():nnet-update.cc:114) Stddev of data for component 1 for this minibatch is 94.2215
VLOG[3] (nnet-combine-fast:Propagate():nnet-update.cc:114) Stddev of data for component 2 for this minibatch is 0.32715
VLOG[3] (nnet-combine-fast:Propagate():nnet-update.cc:114) Stddev of data for component 3 for this minibatch is 2.53772
VLOG[3] (nnet-combine-fast:Propagate():nnet-update.cc:114) Stddev of data for component 0 for this minibatch is 90.8237
VLOG[3] (nnet-combine-fast:Propagate():nnet-update.cc:114) Stddev of data for component 1 for this minibatch is 90.8236
VLOG[3] (nnet-combine-fast:Propagate():nnet-update.cc:114) Stddev of data for component 2 for this minibatch is 0.322703
VLOG[3] (nnet-combine-fast:Propagate():nnet-update.cc:114) Stddev of data for component 6 for this minibatch is 0.816287
VLOG[3] (nnet-combine-fast:Propagate():nnet-update.cc:114) Stddev of data for component 4 for this minibatch is 0.494028
VLOG[3] (nnet-combine-fast:Propagate():nnet-update.cc:114) Stddev of data for component 6 for this minibatch is 0.81517
VLOG[3] (nnet-combine-fast:Propagate():nnet-update.cc:114) Stddev of data for component 3 for this minibatch is 2.61658
VLOG[3] (nnet-combine-fast:Propagate():nnet-update.cc:114) Stddev of data for component 4 for this minibatch is 0.490904
VLOG[3] (nnet-combine-fast:Propagate():nnet-update.cc:114) Stddev of data for component 5 for this minibatch is 22.3367
VLOG[3] (nnet-combine-fast:Propagate():nnet-update.cc:114) Stddev of data for component 4 for this minibatch is 0.491821
VLOG[3] (nnet-combine-fast:Propagate():nnet-update.cc:114) Stddev of data for component 5 for this minibatch is 22.597
VLOG[3] (nnet-combine-fast:Propagate():nnet-update.cc:114) Stddev of data for component 5 for this minibatch is 22.268
VLOG[3] (nnet-combine-fast:Propagate():nnet-update.cc:114) Stddev of data for component 7 for this minibatch is 74.2398
VLOG[3] (nnet-combine-fast:Propagate():nnet-update.cc:114) Stddev of data for component 8 for this minibatch is 0.000284781
VLOG[3] (nnet-combine-fast:Propagate():nnet-update.cc:114) Stddev of data for component 7 for this minibatch is 72.9732
VLOG[3] (nnet-combine-fast:Propagate():nnet-update.cc:114) Stddev of data for component 8 for this minibatch is 0.000294492
VLOG[3] (nnet-combine-fast:Propagate():nnet-update.cc:114) Stddev of data for component 6 for this minibatch is 0.817334
VLOG[3] (nnet-combine-fast:Propagate():nnet-update.cc:114) Stddev of data for component 6 for this minibatch is 0.816623
VLOG[3] (nnet-combine-fast:Propagate():nnet-update.cc:114) Stddev of data for component 6 for this minibatch is 0.813068
VLOG[3] (nnet-combine-fast:Propagate():nnet-update.cc:114) Stddev of data for component 6 for this minibatch is 0.813561
VLOG[3] (nnet-combine-fast:Propagate():nnet-update.cc:114) Stddev of data for component 6 for this minibatch is 0.814682
VLOG[3] (nnet-combine-fast:Propagate():nnet-update.cc:114) Stddev of data for component 6 for this minibatch is 0.813843
VLOG[3] (nnet-combine-fast:Propagate():nnet-update.cc:114) Stddev of data for component 7 for this minibatch is 72.6655
VLOG[3] (nnet-combine-fast:Propagate():nnet-update.cc:114) Stddev of data for component 7 for this minibatch is 73.9214
VLOG[3] (nnet-combine-fast:Propagate():nnet-update.cc:114) Stddev of data for component 8 for this minibatch is 0.000313022
VLOG[3] (nnet-combine-fast:Propagate():nnet-update.cc:114) Stddev of data for component 7 for this minibatch is 73.9112
VLOG[3] (nnet-combine-fast:Propagate():nnet-update.cc:114) Stddev of data for component 8 for this minibatch is 0.000289946
VLOG[3] (nnet-combine-fast:Propagate():nnet-update.cc:114) Stddev of data for component 7 for this minibatch is 73.9486
VLOG[3] (nnet-combine-fast:Propagate():nnet-update.cc:114) Stddev of data for component 8 for this minibatch is 0.000258035
VLOG[3] (nnet-combine-fast:Propagate():nnet-update.cc:114) Stddev of data for component 7 for this minibatch is 75.5255
VLOG[3] (nnet-combine-fast:Propagate():nnet-update.cc:114) Stddev of data for component 8 for this minibatch is 0.000294667
VLOG[3] (nnet-combine-fast:Propagate():nnet-update.cc:114) Stddev of data for component 8 for this minibatch is 0.000243002
VLOG[3] (nnet-combine-fast:Propagate():nnet-update.cc:114) Stddev of data for component 7 for this minibatch is 72.4136
VLOG[3] (nnet-combine-fast:Propagate():nnet-update.cc:114) Stddev of data for component 8 for this minibatch is 0.000283553
VLOG[2] (nnet-combine-fast:DoBackpropParallel():nnet-update-parallel.cc:264) Did backprop on 2000 examples, average log-prob per frame is -0.482005
LOG (nnet-combine-fast:GetInitialModel():combine-nnet-fast.cc:402) Objective functions for the source neural nets are  [ -0.482005 ]
LOG (nnet-combine-fast:GetInitialParams():combine-nnet-fast.cc:281) Initializing with neural net with index 0
VLOG[3] (nnet-combine-fast:Propagate():nnet-update.cc:114) Stddev of data for component 0 for this minibatch is 86.91
VLOG[3] (nnet-combine-fast:Propagate():nnet-update.cc:114) Stddev of data for component 1 for this minibatch is 86.91
VLOG[3] (nnet-combine-fast:Propagate():nnet-update.cc:114) Stddev of data for component 2 for this minibatch is 0.31244
VLOG[3] (nnet-combine-fast:Propagate():nnet-update.cc:114) Stddev of data for component 3 for this minibatch is 2.45711
VLOG[3] (nnet-combine-fast:Propagate():nnet-update.cc:114) Stddev of data for component 0 for this minibatch is 100.154
VLOG[3] (nnet-combine-fast:Propagate():nnet-update.cc:114) Stddev of data for component 1 for this minibatch is 100.154
VLOG[3] (nnet-combine-fast:Propagate():nnet-update.cc:114) Stddev of data for component 0 for this minibatch is 99.2231
VLOG[3] (nnet-combine-fast:Propagate():nnet-update.cc:114) Stddev of data for component 1 for this minibatch is 99.2231
VLOG[3] (nnet-combine-fast:Propagate():nnet-update.cc:114) Stddev of data for component 2 for this minibatch is 0.354919
VLOG[3] (nnet-combine-fast:Propagate():nnet-update.cc:114) Stddev of data for component 3 for this minibatch is 2.85047
VLOG[3] (nnet-combine-fast:Propagate():nnet-update.cc:114) Stddev of data for component 2 for this minibatch is 0.326469
VLOG[3] (nnet-combine-fast:Propagate():nnet-update.cc:114) Stddev of data for component 3 for this minibatch is 2.54461
VLOG[3] (nnet-combine-fast:Propagate():nnet-update.cc:114) Stddev of data for component 4 for this minibatch is 0.499352
VLOG[3] (nnet-combine-fast:Propagate():nnet-update.cc:114) Stddev of data for component 4 for this minibatch is 0.490704
VLOG[3] (nnet-combine-fast:Propagate():nnet-update.cc:114) Stddev of data for component 5 for this minibatch is 22.3135
VLOG[3] (nnet-combine-fast:Propagate():nnet-update.cc:114) Stddev of data for component 4 for this minibatch is 0.482501
VLOG[3] (nnet-combine-fast:Propagate():nnet-update.cc:114) Stddev of data for component 5 for this minibatch is 21.5282
VLOG[3] (nnet-combine-fast:Propagate():nnet-update.cc:114) Stddev of data for component 0 for this minibatch is 105.529
VLOG[3] (nnet-combine-fast:Propagate():nnet-update.cc:114) Stddev of data for component 1 for this minibatch is 105.529
VLOG[3] (nnet-combine-fast:Propagate():nnet-update.cc:114) Stddev of data for component 5 for this minibatch is 22.4157
VLOG[3] (nnet-combine-fast:Propagate():nnet-update.cc:114) Stddev of data for component 0 for this minibatch is 80.5612
VLOG[3] (nnet-combine-fast:Propagate():nnet-update.cc:114) Stddev of data for component 0 for this minibatch is 101.519
VLOG[3] (nnet-combine-fast:Propagate():nnet-update.cc:114) Stddev of data for component 1 for this minibatch is 80.5612
VLOG[3] (nnet-combine-fast:Propagate():nnet-update.cc:114) Stddev of data for component 1 for this minibatch is 101.519
VLOG[3] (nnet-combine-fast:Propagate():nnet-update.cc:114) Stddev of data for component 2 for this minibatch is 0.300679
VLOG[3] (nnet-combine-fast:Propagate():nnet-update.cc:114) Stddev of data for component 2 for this minibatch is 0.351567
VLOG[3] (nnet-combine-fast:Propagate():nnet-update.cc:114) Stddev of data for component 3 for this minibatch is 2.28889
VLOG[3] (nnet-combine-fast:Propagate():nnet-update.cc:114) Stddev of data for component 3 for this minibatch is 2.87656
VLOG[2] (nnet-combine-fast:DoBackpropParallel():nnet-update-parallel.cc:264) Did backprop on 2000 examples, average log-prob per frame is -0.482005
VLOG[2] (nnet-combine-fast:ComputeObjfAndGradient():combine-nnet-fast.cc:346) Objf is -0.482005, raw gradient is  [ -0.30431 -0.179524 -0.173886 ]
VLOG[2] (nnet-combine-fast:DoBackpropParallel():nnet-update-parallel.cc:264) Did backprop on 2000 examples, average log-prob per frame is -0.472273
VLOG[2] (nnet-combine-fast:ComputeObjfAndGradient():combine-nnet-fast.cc:346) Objf is -0.472273, raw gradient is  [ -0.277271 -0.175747 -0.154881 ]
VLOG[3] (nnet-combine-fast:StepSizeIteration():optimization.cc:240) In step size iteration, function value changed -0.482005 to -0.472273
VLOG[3] (nnet-combine-fast:StepSizeIteration():optimization.cc:323) d = 2, iter = 0, action = increase
VLOG[2] (nnet-combine-fast:DoBackpropParallel():nnet-update-parallel.cc:264) Did backprop on 2000 examples, average log-prob per frame is -0.463152
VLOG[2] (nnet-combine-fast:ComputeObjfAndGradient():combine-nnet-fast.cc:346) Objf is -0.463152, raw gradient is  [ -0.248092 -0.169585 -0.134259 ]
VLOG[3] (nnet-combine-fast:StepSizeIteration():optimization.cc:240) In step size iteration, function value changed -0.482005 to -0.463152
VLOG[3] (nnet-combine-fast:StepSizeIteration():optimization.cc:323) d = 2, iter = 0, action = accept
VLOG[3] (nnet-combine-fast:AcceptStep():optimization.cc:194) Accepted step; length was 0.0729517, prod was -0.00245304
VLOG[2] (nnet-combine-fast:DoBackpropParallel():nnet-update-parallel.cc:264) Did backprop on 2000 examples, average log-prob per frame is -27.7828
VLOG[2] (nnet-combine-fast:ComputeObjfAndGradient():combine-nnet-fast.cc:346) Objf is -27.7828, raw gradient is  [ -1.39912 4.34738 -48.8732 ]
VLOG[3] (nnet-combine-fast:StepSizeIteration():optimization.cc:240) In step size iteration, function value changed -0.463152 to -27.7828
VLOG[3] (nnet-combine-fast:StepSizeIteration():optimization.cc:323) d = 2, iter = 1, action = decrease
VLOG[2] (nnet-combine-fast:DoBackpropParallel():nnet-update-parallel.cc:264) Did backprop on 2000 examples, average log-prob per frame is -2.45406
VLOG[2] (nnet-combine-fast:ComputeObjfAndGradient():combine-nnet-fast.cc:346) Objf is -2.45406, raw gradient is  [ 1.61 14.2816 -0.0399702 ]
VLOG[3] (nnet-combine-fast:StepSizeIteration():optimization.cc:240) In step size iteration, function value changed -0.463152 to -2.45406
VLOG[3] (nnet-combine-fast:StepSizeIteration():optimization.cc:323) d = 2, iter = 1, action = decrease
VLOG[2] (nnet-combine-fast:DoBackpropParallel():nnet-update-parallel.cc:264) Did backprop on 2000 examples, average log-prob per frame is -0.452297
VLOG[2] (nnet-combine-fast:ComputeObjfAndGradient():combine-nnet-fast.cc:346) Objf is -0.452297, raw gradient is  [ 0.378582 0.47981 -0.00182498 ]
VLOG[3] (nnet-combine-fast:StepSizeIteration():optimization.cc:240) In step size iteration, function value changed -0.463152 to -0.452297
VLOG[3] (nnet-combine-fast:StepSizeIteration():optimization.cc:323) d = 2, iter = 1, action = accept
VLOG[3] (nnet-combine-fast:AcceptStep():optimization.cc:194) Accepted step; length was 0.267763, prod was -0.24261
VLOG[2] (nnet-combine-fast:DoBackpropParallel():nnet-update-parallel.cc:264) Did backprop on 2000 examples, average log-prob per frame is -0.44144
VLOG[2] (nnet-combine-fast:ComputeObjfAndGradient():combine-nnet-fast.cc:346) Objf is -0.44144, raw gradient is  [ -0.156366 -0.12985 -0.0456192 ]
VLOG[3] (nnet-combine-fast:StepSizeIteration():optimization.cc:240) In step size iteration, function value changed -0.452297 to -0.44144
VLOG[3] (nnet-combine-fast:StepSizeIteration():optimization.cc:323) d = 2, iter = 2, action = accept
VLOG[3] (nnet-combine-fast:AcceptStep():optimization.cc:194) Accepted step; length was 0.157029, prod was -0.166829
VLOG[2] (nnet-combine-fast:DoBackpropParallel():nnet-update-parallel.cc:264) Did backprop on 2000 examples, average log-prob per frame is -0.434864
VLOG[2] (nnet-combine-fast:ComputeObjfAndGradient():combine-nnet-fast.cc:346) Objf is -0.434864, raw gradient is  [ -0.0978696 -0.0990639 -0.00991006 ]
VLOG[3] (nnet-combine-fast:StepSizeIteration():optimization.cc:240) In step size iteration, function value changed -0.44144 to -0.434864
VLOG[3] (nnet-combine-fast:StepSizeIteration():optimization.cc:323) d = 2, iter = 3, action = accept
VLOG[3] (nnet-combine-fast:AcceptStep():optimization.cc:194) Accepted step; length was 0.0466196, prod was -0.00228794
VLOG[2] (nnet-combine-fast:DoBackpropParallel():nnet-update-parallel.cc:264) Did backprop on 2000 examples, average log-prob per frame is -4.14512
VLOG[2] (nnet-combine-fast:ComputeObjfAndGradient():combine-nnet-fast.cc:346) Objf is -4.14512, raw gradient is  [ 1.16606 77.8335 0.379476 ]
VLOG[3] (nnet-combine-fast:StepSizeIteration():optimization.cc:240) In step size iteration, function value changed -0.434864 to -4.14512
VLOG[3] (nnet-combine-fast:StepSizeIteration():optimization.cc:323) d = 2, iter = 4, action = decrease
VLOG[2] (nnet-combine-fast:DoBackpropParallel():nnet-update-parallel.cc:264) Did backprop on 2000 examples, average log-prob per frame is -0.532901
VLOG[2] (nnet-combine-fast:ComputeObjfAndGradient():combine-nnet-fast.cc:346) Objf is -0.532901, raw gradient is  [ 0.891522 1.50295 -0.135676 ]
VLOG[3] (nnet-combine-fast:StepSizeIteration():optimization.cc:240) In step size iteration, function value changed -0.434864 to -0.532901
VLOG[3] (nnet-combine-fast:StepSizeIteration():optimization.cc:323) d = 2, iter = 4, action = decrease
LOG (nnet-combine-fast:ComputeCurrentNnet():combine-nnet-fast.cc:372) Scale parameters are  [
  1.0168 0.782303 0.824721 ]
LOG (nnet-combine-fast:FastNnetCombiner():combine-nnet-fast.cc:151) Combining nnets, objf per frame changed from -0.482005 to -0.434864
LOG (nnet-combine-fast:main():nnet-combine-fast.cc:124) Finished combining neural nets, wrote model to exp/nnet4a/221.mdl
# Accounting: time=7 threads=1
# Finished at Mon Jul 18 16:13:46 BRT 2016 with status 0
