# Running on water1
# Started at Mon Jul 18 16:57:54 BRT 2016
# nnet-subset-egs --n=2000 --randomize-order=true --srand=260 ark:exp/nnet4a/egs/train_diagnostic.egs ark:- | nnet-combine-fast --use-gpu=no --num-threads=8 --verbose=3 --minibatch-size=250 exp/nnet4a/261.mdl ark:- exp/nnet4a/261.mdl 
nnet-subset-egs --n=2000 --randomize-order=true --srand=260 ark:exp/nnet4a/egs/train_diagnostic.egs ark:- 
nnet-combine-fast --use-gpu=no --num-threads=8 --verbose=3 --minibatch-size=250 exp/nnet4a/261.mdl ark:- exp/nnet4a/261.mdl 
LOG (nnet-subset-egs:main():nnet-subset-egs.cc:92) Selected a subset of 2000 out of 4000 neural-network training examples 
LOG (nnet-combine-fast:main():nnet-combine-fast.cc:108) Read 2000 examples from the validation set.
VLOG[3] (nnet-combine-fast:Propagate():nnet-update.cc:114) Stddev of data for component 0 for this minibatch is 106.232
VLOG[3] (nnet-combine-fast:Propagate():nnet-update.cc:114) Stddev of data for component 1 for this minibatch is 106.232
VLOG[3] (nnet-combine-fast:Propagate():nnet-update.cc:114) Stddev of data for component 2 for this minibatch is 0.351716
VLOG[3] (nnet-combine-fast:Propagate():nnet-update.cc:114) Stddev of data for component 3 for this minibatch is 4.22146
VLOG[3] (nnet-combine-fast:Propagate():nnet-update.cc:114) Stddev of data for component 0 for this minibatch is 94.0104
VLOG[3] (nnet-combine-fast:Propagate():nnet-update.cc:114) Stddev of data for component 1 for this minibatch is 94.0104
VLOG[3] (nnet-combine-fast:Propagate():nnet-update.cc:114) Stddev of data for component 2 for this minibatch is 0.336491
VLOG[3] (nnet-combine-fast:Propagate():nnet-update.cc:114) Stddev of data for component 3 for this minibatch is 3.99633
VLOG[3] (nnet-combine-fast:Propagate():nnet-update.cc:114) Stddev of data for component 4 for this minibatch is 0.556328
VLOG[3] (nnet-combine-fast:Propagate():nnet-update.cc:114) Stddev of data for component 0 for this minibatch is 90.5971
VLOG[3] (nnet-combine-fast:Propagate():nnet-update.cc:114) Stddev of data for component 1 for this minibatch is 90.5971
VLOG[3] (nnet-combine-fast:Propagate():nnet-update.cc:114) Stddev of data for component 2 for this minibatch is 0.323476
VLOG[3] (nnet-combine-fast:Propagate():nnet-update.cc:114) Stddev of data for component 3 for this minibatch is 3.75296
VLOG[3] (nnet-combine-fast:Propagate():nnet-update.cc:114) Stddev of data for component 0 for this minibatch is 86.7338
VLOG[3] (nnet-combine-fast:Propagate():nnet-update.cc:114) Stddev of data for component 1 for this minibatch is 86.7337
VLOG[3] (nnet-combine-fast:Propagate():nnet-update.cc:114) Stddev of data for component 2 for this minibatch is 0.318691
VLOG[3] (nnet-combine-fast:Propagate():nnet-update.cc:114) Stddev of data for component 3 for this minibatch is 3.73001
VLOG[3] (nnet-combine-fast:Propagate():nnet-update.cc:114) Stddev of data for component 0 for this minibatch is 94.8548
VLOG[3] (nnet-combine-fast:Propagate():nnet-update.cc:114) Stddev of data for component 1 for this minibatch is 94.8548
VLOG[3] (nnet-combine-fast:Propagate():nnet-update.cc:114) Stddev of data for component 2 for this minibatch is 0.337808
VLOG[3] (nnet-combine-fast:Propagate():nnet-update.cc:114) Stddev of data for component 3 for this minibatch is 4.01781
VLOG[3] (nnet-combine-fast:Propagate():nnet-update.cc:114) Stddev of data for component 0 for this minibatch is 92.3072
VLOG[3] (nnet-combine-fast:Propagate():nnet-update.cc:114) Stddev of data for component 1 for this minibatch is 92.3072
VLOG[3] (nnet-combine-fast:Propagate():nnet-update.cc:114) Stddev of data for component 2 for this minibatch is 0.327913
VLOG[3] (nnet-combine-fast:Propagate():nnet-update.cc:114) Stddev of data for component 3 for this minibatch is 3.77357
VLOG[3] (nnet-combine-fast:Propagate():nnet-update.cc:114) Stddev of data for component 4 for this minibatch is 0.55385
VLOG[3] (nnet-combine-fast:Propagate():nnet-update.cc:114) Stddev of data for component 0 for this minibatch is 93.3266
VLOG[3] (nnet-combine-fast:Propagate():nnet-update.cc:114) Stddev of data for component 1 for this minibatch is 93.3265
VLOG[3] (nnet-combine-fast:Propagate():nnet-update.cc:114) Stddev of data for component 2 for this minibatch is 0.326996
VLOG[3] (nnet-combine-fast:Propagate():nnet-update.cc:114) Stddev of data for component 4 for this minibatch is 0.554324
VLOG[3] (nnet-combine-fast:Propagate():nnet-update.cc:114) Stddev of data for component 4 for this minibatch is 0.559573
VLOG[3] (nnet-combine-fast:Propagate():nnet-update.cc:114) Stddev of data for component 3 for this minibatch is 3.79816
VLOG[3] (nnet-combine-fast:Propagate():nnet-update.cc:114) Stddev of data for component 4 for this minibatch is 0.556412
VLOG[3] (nnet-combine-fast:Propagate():nnet-update.cc:114) Stddev of data for component 4 for this minibatch is 0.565679
VLOG[3] (nnet-combine-fast:Propagate():nnet-update.cc:114) Stddev of data for component 5 for this minibatch is 19.7042
VLOG[3] (nnet-combine-fast:Propagate():nnet-update.cc:114) Stddev of data for component 0 for this minibatch is 94.7164
VLOG[3] (nnet-combine-fast:Propagate():nnet-update.cc:114) Stddev of data for component 5 for this minibatch is 20.0522
VLOG[3] (nnet-combine-fast:Propagate():nnet-update.cc:114) Stddev of data for component 5 for this minibatch is 19.8205
VLOG[3] (nnet-combine-fast:Propagate():nnet-update.cc:114) Stddev of data for component 5 for this minibatch is 19.9375
VLOG[3] (nnet-combine-fast:Propagate():nnet-update.cc:114) Stddev of data for component 1 for this minibatch is 94.7163
VLOG[3] (nnet-combine-fast:Propagate():nnet-update.cc:114) Stddev of data for component 5 for this minibatch is 20.1564
VLOG[3] (nnet-combine-fast:Propagate():nnet-update.cc:114) Stddev of data for component 4 for this minibatch is 0.554159
VLOG[3] (nnet-combine-fast:Propagate():nnet-update.cc:114) Stddev of data for component 5 for this minibatch is 19.8285
VLOG[3] (nnet-combine-fast:Propagate():nnet-update.cc:114) Stddev of data for component 2 for this minibatch is 0.336882
VLOG[3] (nnet-combine-fast:Propagate():nnet-update.cc:114) Stddev of data for component 5 for this minibatch is 20.042
VLOG[3] (nnet-combine-fast:Propagate():nnet-update.cc:114) Stddev of data for component 3 for this minibatch is 3.88765
VLOG[3] (nnet-combine-fast:Propagate():nnet-update.cc:114) Stddev of data for component 6 for this minibatch is 0.804031
VLOG[3] (nnet-combine-fast:Propagate():nnet-update.cc:114) Stddev of data for component 4 for this minibatch is 0.557765
VLOG[3] (nnet-combine-fast:Propagate():nnet-update.cc:114) Stddev of data for component 5 for this minibatch is 19.8425
VLOG[3] (nnet-combine-fast:Propagate():nnet-update.cc:114) Stddev of data for component 6 for this minibatch is 0.805073
VLOG[3] (nnet-combine-fast:Propagate():nnet-update.cc:114) Stddev of data for component 6 for this minibatch is 0.804074
VLOG[3] (nnet-combine-fast:Propagate():nnet-update.cc:114) Stddev of data for component 7 for this minibatch is 88.4987
VLOG[3] (nnet-combine-fast:Propagate():nnet-update.cc:114) Stddev of data for component 7 for this minibatch is 89.3113
VLOG[3] (nnet-combine-fast:Propagate():nnet-update.cc:114) Stddev of data for component 6 for this minibatch is 0.80505
VLOG[3] (nnet-combine-fast:Propagate():nnet-update.cc:114) Stddev of data for component 8 for this minibatch is 0.000285334
VLOG[3] (nnet-combine-fast:Propagate():nnet-update.cc:114) Stddev of data for component 6 for this minibatch is 0.804093
VLOG[3] (nnet-combine-fast:Propagate():nnet-update.cc:114) Stddev of data for component 8 for this minibatch is 0.000313105
VLOG[3] (nnet-combine-fast:Propagate():nnet-update.cc:114) Stddev of data for component 6 for this minibatch is 0.804714
VLOG[3] (nnet-combine-fast:Propagate():nnet-update.cc:114) Stddev of data for component 6 for this minibatch is 0.804515
VLOG[3] (nnet-combine-fast:Propagate():nnet-update.cc:114) Stddev of data for component 7 for this minibatch is 87.3999
VLOG[3] (nnet-combine-fast:Propagate():nnet-update.cc:114) Stddev of data for component 7 for this minibatch is 85.4372
VLOG[3] (nnet-combine-fast:Propagate():nnet-update.cc:114) Stddev of data for component 8 for this minibatch is 0.000313054
VLOG[3] (nnet-combine-fast:Propagate():nnet-update.cc:114) Stddev of data for component 6 for this minibatch is 0.805624
VLOG[3] (nnet-combine-fast:Propagate():nnet-update.cc:114) Stddev of data for component 7 for this minibatch is 85.763
VLOG[3] (nnet-combine-fast:Propagate():nnet-update.cc:114) Stddev of data for component 8 for this minibatch is 0.000281916
VLOG[3] (nnet-combine-fast:Propagate():nnet-update.cc:114) Stddev of data for component 8 for this minibatch is 0.000332479
VLOG[3] (nnet-combine-fast:Propagate():nnet-update.cc:114) Stddev of data for component 7 for this minibatch is 87.1603
VLOG[3] (nnet-combine-fast:Propagate():nnet-update.cc:114) Stddev of data for component 7 for this minibatch is 87.1405
VLOG[3] (nnet-combine-fast:Propagate():nnet-update.cc:114) Stddev of data for component 7 for this minibatch is 88.8254
VLOG[3] (nnet-combine-fast:Propagate():nnet-update.cc:114) Stddev of data for component 8 for this minibatch is 0.000275972
VLOG[3] (nnet-combine-fast:Propagate():nnet-update.cc:114) Stddev of data for component 8 for this minibatch is 0.000312569
VLOG[3] (nnet-combine-fast:Propagate():nnet-update.cc:114) Stddev of data for component 8 for this minibatch is 0.000287666
VLOG[2] (nnet-combine-fast:DoBackpropParallel():nnet-update-parallel.cc:264) Did backprop on 2000 examples, average log-prob per frame is -0.40341
LOG (nnet-combine-fast:GetInitialModel():combine-nnet-fast.cc:402) Objective functions for the source neural nets are  [ -0.40341 ]
LOG (nnet-combine-fast:GetInitialParams():combine-nnet-fast.cc:281) Initializing with neural net with index 0
VLOG[3] (nnet-combine-fast:Propagate():nnet-update.cc:114) Stddev of data for component 0 for this minibatch is 118.962
VLOG[3] (nnet-combine-fast:Propagate():nnet-update.cc:114) Stddev of data for component 1 for this minibatch is 118.962
VLOG[3] (nnet-combine-fast:Propagate():nnet-update.cc:114) Stddev of data for component 2 for this minibatch is 0.386072
VLOG[3] (nnet-combine-fast:Propagate():nnet-update.cc:114) Stddev of data for component 3 for this minibatch is 4.71132
VLOG[3] (nnet-combine-fast:Propagate():nnet-update.cc:114) Stddev of data for component 0 for this minibatch is 109.594
VLOG[3] (nnet-combine-fast:Propagate():nnet-update.cc:114) Stddev of data for component 1 for this minibatch is 109.594
VLOG[3] (nnet-combine-fast:Propagate():nnet-update.cc:114) Stddev of data for component 0 for this minibatch is 96.5083
VLOG[3] (nnet-combine-fast:Propagate():nnet-update.cc:114) Stddev of data for component 1 for this minibatch is 96.5084
VLOG[3] (nnet-combine-fast:Propagate():nnet-update.cc:114) Stddev of data for component 2 for this minibatch is 0.331075
VLOG[3] (nnet-combine-fast:Propagate():nnet-update.cc:114) Stddev of data for component 3 for this minibatch is 3.92498
VLOG[3] (nnet-combine-fast:Propagate():nnet-update.cc:114) Stddev of data for component 4 for this minibatch is 0.549826
VLOG[3] (nnet-combine-fast:Propagate():nnet-update.cc:114) Stddev of data for component 5 for this minibatch is 19.7184
VLOG[3] (nnet-combine-fast:Propagate():nnet-update.cc:114) Stddev of data for component 2 for this minibatch is 0.350916
VLOG[3] (nnet-combine-fast:Propagate():nnet-update.cc:114) Stddev of data for component 3 for this minibatch is 4.36153
VLOG[3] (nnet-combine-fast:Propagate():nnet-update.cc:114) Stddev of data for component 4 for this minibatch is 0.572706
VLOG[3] (nnet-combine-fast:Propagate():nnet-update.cc:114) Stddev of data for component 5 for this minibatch is 20.6451
VLOG[3] (nnet-combine-fast:Propagate():nnet-update.cc:114) Stddev of data for component 4 for this minibatch is 0.581156
VLOG[3] (nnet-combine-fast:Propagate():nnet-update.cc:114) Stddev of data for component 5 for this minibatch is 20.5741
VLOG[3] (nnet-combine-fast:Propagate():nnet-update.cc:114) Stddev of data for component 0 for this minibatch is 96.3516
VLOG[3] (nnet-combine-fast:Propagate():nnet-update.cc:114) Stddev of data for component 1 for this minibatch is 96.3517
VLOG[3] (nnet-combine-fast:Propagate():nnet-update.cc:114) Stddev of data for component 6 for this minibatch is 0.806215
VLOG[3] (nnet-combine-fast:Propagate():nnet-update.cc:114) Stddev of data for component 0 for this minibatch is 92.6403
VLOG[3] (nnet-combine-fast:Propagate():nnet-update.cc:114) Stddev of data for component 1 for this minibatch is 92.6402
VLOG[3] (nnet-combine-fast:Propagate():nnet-update.cc:114) Stddev of data for component 7 for this minibatch is 82.5475
VLOG[3] (nnet-combine-fast:Propagate():nnet-update.cc:114) Stddev of data for component 8 for this minibatch is 0.000360161
VLOG[3] (nnet-combine-fast:Propagate():nnet-update.cc:114) Stddev of data for component 0 for this minibatch is 85.5726
VLOG[3] (nnet-combine-fast:Propagate():nnet-update.cc:114) Stddev of data for component 1 for this minibatch is 85.5726
VLOG[3] (nnet-combine-fast:Propagate():nnet-update.cc:114) Stddev of data for component 0 for this minibatch is 103.357
VLOG[2] (nnet-combine-fast:DoBackpropParallel():nnet-update-parallel.cc:264) Did backprop on 2000 examples, average log-prob per frame is -0.40341
VLOG[2] (nnet-combine-fast:ComputeObjfAndGradient():combine-nnet-fast.cc:346) Objf is -0.40341, raw gradient is  [ -0.489694 -0.28478 -0.136376 ]
VLOG[2] (nnet-combine-fast:DoBackpropParallel():nnet-update-parallel.cc:264) Did backprop on 2000 examples, average log-prob per frame is -0.39355
VLOG[2] (nnet-combine-fast:ComputeObjfAndGradient():combine-nnet-fast.cc:346) Objf is -0.39355, raw gradient is  [ -0.474869 -0.279299 -0.126986 ]
VLOG[3] (nnet-combine-fast:StepSizeIteration():optimization.cc:240) In step size iteration, function value changed -0.40341 to -0.39355
VLOG[3] (nnet-combine-fast:StepSizeIteration():optimization.cc:323) d = 2, iter = 0, action = increase
VLOG[2] (nnet-combine-fast:DoBackpropParallel():nnet-update-parallel.cc:264) Did backprop on 2000 examples, average log-prob per frame is -0.384006
VLOG[2] (nnet-combine-fast:ComputeObjfAndGradient():combine-nnet-fast.cc:346) Objf is -0.384006, raw gradient is  [ -0.457168 -0.272406 -0.117814 ]
VLOG[3] (nnet-combine-fast:StepSizeIteration():optimization.cc:240) In step size iteration, function value changed -0.40341 to -0.384006
VLOG[3] (nnet-combine-fast:StepSizeIteration():optimization.cc:323) d = 2, iter = 0, action = increase
VLOG[2] (nnet-combine-fast:DoBackpropParallel():nnet-update-parallel.cc:264) Did backprop on 2000 examples, average log-prob per frame is -0.366098
VLOG[2] (nnet-combine-fast:ComputeObjfAndGradient():combine-nnet-fast.cc:346) Objf is -0.366098, raw gradient is  [ -0.410858 -0.253503 -0.100357 ]
VLOG[3] (nnet-combine-fast:StepSizeIteration():optimization.cc:240) In step size iteration, function value changed -0.40341 to -0.366098
VLOG[3] (nnet-combine-fast:StepSizeIteration():optimization.cc:323) d = 2, iter = 0, action = accept
VLOG[3] (nnet-combine-fast:AcceptStep():optimization.cc:194) Accepted step; length was 0.116102, prod was -0.00603899
VLOG[2] (nnet-combine-fast:DoBackpropParallel():nnet-update-parallel.cc:264) Did backprop on 2000 examples, average log-prob per frame is -44.2417
VLOG[2] (nnet-combine-fast:ComputeObjfAndGradient():combine-nnet-fast.cc:346) Objf is -44.2417, raw gradient is  [ -15.179 24.0178 -55.2937 ]
VLOG[3] (nnet-combine-fast:StepSizeIteration():optimization.cc:240) In step size iteration, function value changed -0.366098 to -44.2417
VLOG[3] (nnet-combine-fast:StepSizeIteration():optimization.cc:323) d = 2, iter = 1, action = decrease
VLOG[2] (nnet-combine-fast:DoBackpropParallel():nnet-update-parallel.cc:264) Did backprop on 2000 examples, average log-prob per frame is -4.17091
VLOG[2] (nnet-combine-fast:ComputeObjfAndGradient():combine-nnet-fast.cc:346) Objf is -4.17091, raw gradient is  [ 4.29003 0.69736 -2.84659 ]
VLOG[3] (nnet-combine-fast:StepSizeIteration():optimization.cc:240) In step size iteration, function value changed -0.366098 to -4.17091
VLOG[3] (nnet-combine-fast:StepSizeIteration():optimization.cc:323) d = 2, iter = 1, action = decrease
VLOG[2] (nnet-combine-fast:DoBackpropParallel():nnet-update-parallel.cc:264) Did backprop on 2000 examples, average log-prob per frame is -0.41124
VLOG[2] (nnet-combine-fast:ComputeObjfAndGradient():combine-nnet-fast.cc:346) Objf is -0.41124, raw gradient is  [ 1.27771 1.24593 -0.187411 ]
VLOG[3] (nnet-combine-fast:StepSizeIteration():optimization.cc:240) In step size iteration, function value changed -0.366098 to -0.41124
VLOG[3] (nnet-combine-fast:StepSizeIteration():optimization.cc:323) d = 2, iter = 1, action = decrease
VLOG[2] (nnet-combine-fast:DoBackpropParallel():nnet-update-parallel.cc:264) Did backprop on 2000 examples, average log-prob per frame is -0.324222
VLOG[2] (nnet-combine-fast:ComputeObjfAndGradient():combine-nnet-fast.cc:346) Objf is -0.324222, raw gradient is  [ -0.0878843 -0.133198 -0.0862546 ]
VLOG[3] (nnet-combine-fast:StepSizeIteration():optimization.cc:240) In step size iteration, function value changed -0.366098 to -0.324222
VLOG[3] (nnet-combine-fast:StepSizeIteration():optimization.cc:323) d = 2, iter = 1, action = accept
VLOG[3] (nnet-combine-fast:AcceptStep():optimization.cc:194) Accepted step; length was 0.159988, prod was -0.0278021
VLOG[2] (nnet-combine-fast:DoBackpropParallel():nnet-update-parallel.cc:264) Did backprop on 2000 examples, average log-prob per frame is -13.5052
VLOG[2] (nnet-combine-fast:ComputeObjfAndGradient():combine-nnet-fast.cc:346) Objf is -13.5052, raw gradient is  [ -1.54419 201.721 -7.51975 ]
VLOG[3] (nnet-combine-fast:StepSizeIteration():optimization.cc:240) In step size iteration, function value changed -0.324222 to -13.5052
VLOG[3] (nnet-combine-fast:StepSizeIteration():optimization.cc:323) d = 2, iter = 2, action = decrease
VLOG[2] (nnet-combine-fast:DoBackpropParallel():nnet-update-parallel.cc:264) Did backprop on 2000 examples, average log-prob per frame is -0.631965
VLOG[2] (nnet-combine-fast:ComputeObjfAndGradient():combine-nnet-fast.cc:346) Objf is -0.631965, raw gradient is  [ 2.12394 4.4961 -0.341355 ]
VLOG[3] (nnet-combine-fast:StepSizeIteration():optimization.cc:240) In step size iteration, function value changed -0.324222 to -0.631965
VLOG[3] (nnet-combine-fast:StepSizeIteration():optimization.cc:323) d = 2, iter = 2, action = decrease
LOG (nnet-combine-fast:ComputeCurrentNnet():combine-nnet-fast.cc:372) Scale parameters are  [
  0.934763 0.748371 1.07577 ]
LOG (nnet-combine-fast:FastNnetCombiner():combine-nnet-fast.cc:151) Combining nnets, objf per frame changed from -0.40341 to -0.324222
LOG (nnet-combine-fast:main():nnet-combine-fast.cc:124) Finished combining neural nets, wrote model to exp/nnet4a/261.mdl
# Accounting: time=7 threads=1
# Finished at Mon Jul 18 16:58:01 BRT 2016 with status 0
