# Running on red-black-tea
# Started at Mon Jul 18 12:10:53 BRT 2016
# nnet-shuffle-egs --buffer-size=5000 --srand=37 ark:exp/nnet4a/egs/egs.7.1.ark ark:- | nnet-train-parallel --num-threads=8 --minibatch-size=128 --srand=37 exp/nnet4a/37.mdl ark:- exp/nnet4a/38.7.mdl 
nnet-shuffle-egs --buffer-size=5000 --srand=37 ark:exp/nnet4a/egs/egs.7.1.ark ark:- 
nnet-train-parallel --num-threads=8 --minibatch-size=128 --srand=37 exp/nnet4a/37.mdl ark:- exp/nnet4a/38.7.mdl 
LOG (nnet-train-parallel:GetScalingFactor():nnet-component.cc:1588) Limiting step size to 10 using scaling factor 0.921379, for component index 2
LOG (nnet-train-parallel:GetScalingFactor():nnet-component.cc:1588) Limiting step size to 10 using scaling factor 0.935597, for component index 2
LOG (nnet-train-parallel:GetScalingFactor():nnet-component.cc:1588) Limiting step size to 10 using scaling factor 0.970102, for component index 2
LOG (nnet-train-parallel:GetScalingFactor():nnet-component.cc:1588) Limiting step size to 10 using scaling factor 0.52756, for component index 2
LOG (nnet-train-parallel:GetScalingFactor():nnet-component.cc:1588) Limiting step size to 10 using scaling factor 0.470793, for component index 2
LOG (nnet-train-parallel:GetScalingFactor():nnet-component.cc:1588) Limiting step size to 10 using scaling factor 0.692884, for component index 2
LOG (nnet-train-parallel:GetScalingFactor():nnet-component.cc:1588) Limiting step size to 10 using scaling factor 0.839285, for component index 2
LOG (nnet-train-parallel:GetScalingFactor():nnet-component.cc:1588) Limiting step size to 10 using scaling factor 0.755265, for component index 2
LOG (nnet-train-parallel:GetScalingFactor():nnet-component.cc:1588) Limiting step size to 10 using scaling factor 0.594347, for component index 2
LOG (nnet-train-parallel:GetScalingFactor():nnet-component.cc:1588) Limiting step size to 10 using scaling factor 0.685299, for component index 2
LOG (nnet-shuffle-egs:main():nnet-shuffle-egs.cc:102) Shuffled order of 3886 neural-network training examples using a buffer (partial randomization)
LOG (nnet-train-parallel:DoBackpropParallel():nnet-update-parallel.cc:194) Did backprop on 3886 examples, average log-prob per frame is -0.895765
LOG (nnet-train-parallel:DoBackpropParallel():nnet-update-parallel.cc:196) [this line is to be parsed by a script:] log-prob-per-frame=-0.895765
LOG (nnet-train-parallel:main():nnet-train-parallel.cc:102) Finished training, processed 3886 training examples (weighted).  Wrote model to exp/nnet4a/38.7.mdl
# Accounting: time=1 threads=1
# Finished at Mon Jul 18 12:10:54 BRT 2016 with status 0
