# Running on red-black-tea
# Started at Mon Jul 18 12:11:53 BRT 2016
# nnet-shuffle-egs --buffer-size=5000 --srand=38 ark:exp/nnet4a/egs/egs.7.2.ark ark:- | nnet-train-parallel --num-threads=8 --minibatch-size=128 --srand=38 exp/nnet4a/38.mdl ark:- exp/nnet4a/39.7.mdl 
nnet-shuffle-egs --buffer-size=5000 --srand=38 ark:exp/nnet4a/egs/egs.7.2.ark ark:- 
nnet-train-parallel --num-threads=8 --minibatch-size=128 --srand=38 exp/nnet4a/38.mdl ark:- exp/nnet4a/39.7.mdl 
LOG (nnet-train-parallel:GetScalingFactor():nnet-component.cc:1588) Limiting step size to 10 using scaling factor 0.759899, for component index 2
LOG (nnet-train-parallel:GetScalingFactor():nnet-component.cc:1588) Limiting step size to 10 using scaling factor 0.72807, for component index 2
LOG (nnet-train-parallel:GetScalingFactor():nnet-component.cc:1588) Limiting step size to 10 using scaling factor 0.812254, for component index 2
LOG (nnet-train-parallel:GetScalingFactor():nnet-component.cc:1588) Limiting step size to 10 using scaling factor 0.720515, for component index 2
LOG (nnet-train-parallel:GetScalingFactor():nnet-component.cc:1588) Limiting step size to 10 using scaling factor 0.685909, for component index 2
LOG (nnet-train-parallel:GetScalingFactor():nnet-component.cc:1588) Limiting step size to 10 using scaling factor 0.900421, for component index 2
LOG (nnet-train-parallel:GetScalingFactor():nnet-component.cc:1588) Limiting step size to 10 using scaling factor 0.914355, for component index 2
LOG (nnet-train-parallel:GetScalingFactor():nnet-component.cc:1588) Limiting step size to 10 using scaling factor 0.951149, for component index 2
LOG (nnet-train-parallel:GetScalingFactor():nnet-component.cc:1588) Limiting step size to 10 using scaling factor 0.878542, for component index 2
LOG (nnet-train-parallel:GetScalingFactor():nnet-component.cc:1588) Limiting step size to 10 using scaling factor 0.663528, for component index 2
LOG (nnet-shuffle-egs:main():nnet-shuffle-egs.cc:102) Shuffled order of 3886 neural-network training examples using a buffer (partial randomization)
LOG (nnet-train-parallel:DoBackpropParallel():nnet-update-parallel.cc:194) Did backprop on 3886 examples, average log-prob per frame is -0.879399
LOG (nnet-train-parallel:DoBackpropParallel():nnet-update-parallel.cc:196) [this line is to be parsed by a script:] log-prob-per-frame=-0.879399
LOG (nnet-train-parallel:main():nnet-train-parallel.cc:102) Finished training, processed 3886 training examples (weighted).  Wrote model to exp/nnet4a/39.7.mdl
# Accounting: time=1 threads=1
# Finished at Mon Jul 18 12:11:54 BRT 2016 with status 0
