# nnet-shuffle-egs --buffer-size=5000 --srand=17 ark:exp/nnet4a/egs/egs.12.1.ark ark:- | nnet-train-parallel --num-threads=16 --minibatch-size=128 --srand=17 exp/nnet4a/17.mdl ark:- exp/nnet4a/18.12.mdl 
# Started at Mon Jul  4 17:46:36 BRT 2016
#
nnet-shuffle-egs --buffer-size=5000 --srand=17 ark:exp/nnet4a/egs/egs.12.1.ark ark:- 
nnet-train-parallel --num-threads=16 --minibatch-size=128 --srand=17 exp/nnet4a/17.mdl ark:- exp/nnet4a/18.12.mdl 
LOG (nnet-shuffle-egs:main():nnet-shuffle-egs.cc:102) Shuffled order of 4370 neural-network training examples using a buffer (partial randomization)
LOG (nnet-train-parallel:GetScalingFactor():nnet-component.cc:1588) Limiting step size to 10 using scaling factor 0.978566, for component index 4
LOG (nnet-train-parallel:GetScalingFactor():nnet-component.cc:1588) Limiting step size to 10 using scaling factor 0.943282, for component index 4
LOG (nnet-train-parallel:GetScalingFactor():nnet-component.cc:1588) Limiting step size to 10 using scaling factor 0.972775, for component index 2
LOG (nnet-train-parallel:GetScalingFactor():nnet-component.cc:1588) Limiting step size to 10 using scaling factor 0.814013, for component index 4
LOG (nnet-train-parallel:GetScalingFactor():nnet-component.cc:1588) Limiting step size to 10 using scaling factor 0.860665, for component index 4
LOG (nnet-train-parallel:GetScalingFactor():nnet-component.cc:1588) Limiting step size to 10 using scaling factor 0.841655, for component index 2
LOG (nnet-train-parallel:GetScalingFactor():nnet-component.cc:1588) Limiting step size to 10 using scaling factor 0.813354, for component index 4
LOG (nnet-train-parallel:GetScalingFactor():nnet-component.cc:1588) Limiting step size to 10 using scaling factor 0.917037, for component index 2
LOG (nnet-train-parallel:GetScalingFactor():nnet-component.cc:1588) Limiting step size to 10 using scaling factor 0.840522, for component index 4
LOG (nnet-train-parallel:GetScalingFactor():nnet-component.cc:1588) Limiting step size to 10 using scaling factor 0.813432, for component index 4
LOG (nnet-train-parallel:DoBackpropParallel():nnet-update-parallel.cc:194) Did backprop on 4370 examples, average log-prob per frame is -1.45915
LOG (nnet-train-parallel:DoBackpropParallel():nnet-update-parallel.cc:196) [this line is to be parsed by a script:] log-prob-per-frame=-1.45915
LOG (nnet-train-parallel:main():nnet-train-parallel.cc:102) Finished training, processed 4370 training examples (weighted).  Wrote model to exp/nnet4a/18.12.mdl
# Accounting: time=4 threads=1
# Ended (code 0) at Mon Jul  4 17:46:40 BRT 2016, elapsed time 4 seconds
