# Running on water1
# Started at Mon Jul 18 11:37:09 BRT 2016
# nnet-shuffle-egs --buffer-size=5000 --srand=8 ark:exp/nnet4a/egs/egs.5.8.ark ark:- | nnet-train-parallel --num-threads=8 --minibatch-size=128 --srand=8 exp/nnet4a/8.mdl ark:- exp/nnet4a/9.5.mdl 
nnet-shuffle-egs --buffer-size=5000 --srand=8 ark:exp/nnet4a/egs/egs.5.8.ark ark:- 
nnet-train-parallel --num-threads=8 --minibatch-size=128 --srand=8 exp/nnet4a/8.mdl ark:- exp/nnet4a/9.5.mdl 
LOG (nnet-train-parallel:GetScalingFactor():nnet-component.cc:1588) Limiting step size to 10 using scaling factor 0.878395, for component index 6
LOG (nnet-train-parallel:GetScalingFactor():nnet-component.cc:1588) Limiting step size to 10 using scaling factor 0.935451, for component index 6
LOG (nnet-train-parallel:GetScalingFactor():nnet-component.cc:1588) Limiting step size to 10 using scaling factor 0.832281, for component index 6
LOG (nnet-train-parallel:GetScalingFactor():nnet-component.cc:1588) Limiting step size to 10 using scaling factor 0.839196, for component index 6
LOG (nnet-train-parallel:GetScalingFactor():nnet-component.cc:1588) Limiting step size to 10 using scaling factor 0.819178, for component index 6
LOG (nnet-train-parallel:GetScalingFactor():nnet-component.cc:1588) Limiting step size to 10 using scaling factor 0.887644, for component index 6
LOG (nnet-train-parallel:GetScalingFactor():nnet-component.cc:1588) Limiting step size to 10 using scaling factor 0.862584, for component index 6
LOG (nnet-train-parallel:GetScalingFactor():nnet-component.cc:1588) Limiting step size to 10 using scaling factor 0.884784, for component index 6
LOG (nnet-train-parallel:GetScalingFactor():nnet-component.cc:1588) Limiting step size to 10 using scaling factor 0.882814, for component index 6
LOG (nnet-train-parallel:GetScalingFactor():nnet-component.cc:1588) Limiting step size to 10 using scaling factor 0.84411, for component index 6
LOG (nnet-shuffle-egs:main():nnet-shuffle-egs.cc:102) Shuffled order of 3885 neural-network training examples using a buffer (partial randomization)
LOG (nnet-train-parallel:DoBackpropParallel():nnet-update-parallel.cc:194) Did backprop on 3885 examples, average log-prob per frame is -1.61635
LOG (nnet-train-parallel:DoBackpropParallel():nnet-update-parallel.cc:196) [this line is to be parsed by a script:] log-prob-per-frame=-1.61635
LOG (nnet-train-parallel:main():nnet-train-parallel.cc:102) Finished training, processed 3885 training examples (weighted).  Wrote model to exp/nnet4a/9.5.mdl
# Accounting: time=1 threads=1
# Finished at Mon Jul 18 11:37:11 BRT 2016 with status 0
