# nnet-shuffle-egs --buffer-size=5000 --srand=21 ark:exp/nnet4a/egs/egs.1.1.ark ark:- | nnet-train-parallel --num-threads=16 --minibatch-size=128 --srand=21 exp/nnet4a/21.mdl ark:- exp/nnet4a/22.1.mdl 
# Started at Mon Jul  4 17:47:35 BRT 2016
#
nnet-shuffle-egs --buffer-size=5000 --srand=21 ark:exp/nnet4a/egs/egs.1.1.ark ark:- 
nnet-train-parallel --num-threads=16 --minibatch-size=128 --srand=21 exp/nnet4a/21.mdl ark:- exp/nnet4a/22.1.mdl 
LOG (nnet-shuffle-egs:main():nnet-shuffle-egs.cc:102) Shuffled order of 4374 neural-network training examples using a buffer (partial randomization)
LOG (nnet-train-parallel:GetScalingFactor():nnet-component.cc:1588) Limiting step size to 10 using scaling factor 0.913299, for component index 4
LOG (nnet-train-parallel:GetScalingFactor():nnet-component.cc:1588) Limiting step size to 10 using scaling factor 0.831397, for component index 4
LOG (nnet-train-parallel:GetScalingFactor():nnet-component.cc:1588) Limiting step size to 10 using scaling factor 0.662866, for component index 4
LOG (nnet-train-parallel:GetScalingFactor():nnet-component.cc:1588) Limiting step size to 10 using scaling factor 0.718715, for component index 4
LOG (nnet-train-parallel:GetScalingFactor():nnet-component.cc:1588) Limiting step size to 10 using scaling factor 0.766815, for component index 4
LOG (nnet-train-parallel:GetScalingFactor():nnet-component.cc:1588) Limiting step size to 10 using scaling factor 0.841718, for component index 2
LOG (nnet-train-parallel:GetScalingFactor():nnet-component.cc:1588) Limiting step size to 10 using scaling factor 0.939201, for component index 2
LOG (nnet-train-parallel:GetScalingFactor():nnet-component.cc:1588) Limiting step size to 10 using scaling factor 0.653642, for component index 4
LOG (nnet-train-parallel:GetScalingFactor():nnet-component.cc:1588) Limiting step size to 10 using scaling factor 0.674061, for component index 4
LOG (nnet-train-parallel:GetScalingFactor():nnet-component.cc:1588) Limiting step size to 10 using scaling factor 0.673326, for component index 2
LOG (nnet-train-parallel:DoBackpropParallel():nnet-update-parallel.cc:194) Did backprop on 4374 examples, average log-prob per frame is -1.47494
LOG (nnet-train-parallel:DoBackpropParallel():nnet-update-parallel.cc:196) [this line is to be parsed by a script:] log-prob-per-frame=-1.47494
LOG (nnet-train-parallel:main():nnet-train-parallel.cc:102) Finished training, processed 4374 training examples (weighted).  Wrote model to exp/nnet4a/22.1.mdl
# Accounting: time=4 threads=1
# Ended (code 0) at Mon Jul  4 17:47:39 BRT 2016, elapsed time 4 seconds
