# nnet-shuffle-egs --buffer-size=5000 --srand=17 ark:exp/nnet4a/egs/egs.1.1.ark ark:- | nnet-train-parallel --num-threads=16 --minibatch-size=128 --srand=17 exp/nnet4a/17.mdl ark:- exp/nnet4a/18.1.mdl 
# Started at Mon Jul  4 17:46:29 BRT 2016
#
nnet-train-parallel --num-threads=16 --minibatch-size=128 --srand=17 exp/nnet4a/17.mdl ark:- exp/nnet4a/18.1.mdl 
nnet-shuffle-egs --buffer-size=5000 --srand=17 ark:exp/nnet4a/egs/egs.1.1.ark ark:- 
LOG (nnet-shuffle-egs:main():nnet-shuffle-egs.cc:102) Shuffled order of 4374 neural-network training examples using a buffer (partial randomization)
LOG (nnet-train-parallel:GetScalingFactor():nnet-component.cc:1588) Limiting step size to 10 using scaling factor 0.975729, for component index 4
LOG (nnet-train-parallel:GetScalingFactor():nnet-component.cc:1588) Limiting step size to 10 using scaling factor 0.918307, for component index 4
LOG (nnet-train-parallel:GetScalingFactor():nnet-component.cc:1588) Limiting step size to 10 using scaling factor 0.906699, for component index 2
LOG (nnet-train-parallel:GetScalingFactor():nnet-component.cc:1588) Limiting step size to 10 using scaling factor 0.804217, for component index 4
LOG (nnet-train-parallel:GetScalingFactor():nnet-component.cc:1588) Limiting step size to 10 using scaling factor 0.869015, for component index 4
LOG (nnet-train-parallel:GetScalingFactor():nnet-component.cc:1588) Limiting step size to 10 using scaling factor 0.860751, for component index 4
LOG (nnet-train-parallel:GetScalingFactor():nnet-component.cc:1588) Limiting step size to 10 using scaling factor 0.816911, for component index 4
LOG (nnet-train-parallel:GetScalingFactor():nnet-component.cc:1588) Limiting step size to 10 using scaling factor 0.811736, for component index 4
LOG (nnet-train-parallel:GetScalingFactor():nnet-component.cc:1588) Limiting step size to 10 using scaling factor 0.891633, for component index 2
LOG (nnet-train-parallel:GetScalingFactor():nnet-component.cc:1588) Limiting step size to 10 using scaling factor 0.885723, for component index 2
LOG (nnet-train-parallel:DoBackpropParallel():nnet-update-parallel.cc:194) Did backprop on 4374 examples, average log-prob per frame is -1.55036
LOG (nnet-train-parallel:DoBackpropParallel():nnet-update-parallel.cc:196) [this line is to be parsed by a script:] log-prob-per-frame=-1.55036
LOG (nnet-train-parallel:main():nnet-train-parallel.cc:102) Finished training, processed 4374 training examples (weighted).  Wrote model to exp/nnet4a/18.1.mdl
# Accounting: time=3 threads=1
# Ended (code 0) at Mon Jul  4 17:46:32 BRT 2016, elapsed time 3 seconds
