# nnet-shuffle-egs --buffer-size=5000 --srand=21 ark:exp/nnet4a/egs/egs.5.1.ark ark:- | nnet-train-parallel --num-threads=16 --minibatch-size=128 --srand=21 exp/nnet4a/21.mdl ark:- exp/nnet4a/22.5.mdl 
# Started at Mon Jul  4 17:47:39 BRT 2016
#
nnet-shuffle-egs --buffer-size=5000 --srand=21 ark:exp/nnet4a/egs/egs.5.1.ark ark:- 
nnet-train-parallel --num-threads=16 --minibatch-size=128 --srand=21 exp/nnet4a/21.mdl ark:- exp/nnet4a/22.5.mdl 
LOG (nnet-shuffle-egs:main():nnet-shuffle-egs.cc:102) Shuffled order of 4373 neural-network training examples using a buffer (partial randomization)
LOG (nnet-train-parallel:GetScalingFactor():nnet-component.cc:1588) Limiting step size to 10 using scaling factor 0.92543, for component index 4
LOG (nnet-train-parallel:GetScalingFactor():nnet-component.cc:1588) Limiting step size to 10 using scaling factor 0.859633, for component index 4
LOG (nnet-train-parallel:GetScalingFactor():nnet-component.cc:1588) Limiting step size to 10 using scaling factor 0.933634, for component index 2
LOG (nnet-train-parallel:GetScalingFactor():nnet-component.cc:1588) Limiting step size to 10 using scaling factor 0.810133, for component index 4
LOG (nnet-train-parallel:GetScalingFactor():nnet-component.cc:1588) Limiting step size to 10 using scaling factor 0.97099, for component index 2
LOG (nnet-train-parallel:GetScalingFactor():nnet-component.cc:1588) Limiting step size to 10 using scaling factor 0.82856, for component index 4
LOG (nnet-train-parallel:GetScalingFactor():nnet-component.cc:1588) Limiting step size to 10 using scaling factor 0.77439, for component index 4
LOG (nnet-train-parallel:GetScalingFactor():nnet-component.cc:1588) Limiting step size to 10 using scaling factor 0.776297, for component index 2
LOG (nnet-train-parallel:GetScalingFactor():nnet-component.cc:1588) Limiting step size to 10 using scaling factor 0.726344, for component index 4
LOG (nnet-train-parallel:GetScalingFactor():nnet-component.cc:1588) Limiting step size to 10 using scaling factor 0.789999, for component index 2
LOG (nnet-train-parallel:DoBackpropParallel():nnet-update-parallel.cc:194) Did backprop on 4373 examples, average log-prob per frame is -1.36326
LOG (nnet-train-parallel:DoBackpropParallel():nnet-update-parallel.cc:196) [this line is to be parsed by a script:] log-prob-per-frame=-1.36326
LOG (nnet-train-parallel:main():nnet-train-parallel.cc:102) Finished training, processed 4373 training examples (weighted).  Wrote model to exp/nnet4a/22.5.mdl
# Accounting: time=3 threads=1
# Ended (code 0) at Mon Jul  4 17:47:43 BRT 2016, elapsed time 3 seconds
