# nnet-shuffle-egs --buffer-size=5000 --srand=15 ark:exp/nnet4a/egs/egs.6.3.ark ark:- | nnet-train-parallel --num-threads=16 --minibatch-size=128 --srand=15 exp/nnet4a/15.mdl ark:- exp/nnet4a/16.6.mdl 
# Started at Mon Jul  4 17:45:57 BRT 2016
#
nnet-shuffle-egs --buffer-size=5000 --srand=15 ark:exp/nnet4a/egs/egs.6.3.ark ark:- 
nnet-train-parallel --num-threads=16 --minibatch-size=128 --srand=15 exp/nnet4a/15.mdl ark:- exp/nnet4a/16.6.mdl 
LOG (nnet-shuffle-egs:main():nnet-shuffle-egs.cc:102) Shuffled order of 4373 neural-network training examples using a buffer (partial randomization)
LOG (nnet-train-parallel:GetScalingFactor():nnet-component.cc:1588) Limiting step size to 10 using scaling factor 0.977139, for component index 6
LOG (nnet-train-parallel:GetScalingFactor():nnet-component.cc:1588) Limiting step size to 10 using scaling factor 0.796623, for component index 2
LOG (nnet-train-parallel:GetScalingFactor():nnet-component.cc:1588) Limiting step size to 10 using scaling factor 0.950393, for component index 6
LOG (nnet-train-parallel:GetScalingFactor():nnet-component.cc:1588) Limiting step size to 10 using scaling factor 0.89022, for component index 2
LOG (nnet-train-parallel:GetScalingFactor():nnet-component.cc:1588) Limiting step size to 10 using scaling factor 0.903753, for component index 2
LOG (nnet-train-parallel:GetScalingFactor():nnet-component.cc:1588) Limiting step size to 10 using scaling factor 0.910811, for component index 2
LOG (nnet-train-parallel:GetScalingFactor():nnet-component.cc:1588) Limiting step size to 10 using scaling factor 0.831452, for component index 2
LOG (nnet-train-parallel:GetScalingFactor():nnet-component.cc:1588) Limiting step size to 10 using scaling factor 0.774232, for component index 2
LOG (nnet-train-parallel:GetScalingFactor():nnet-component.cc:1588) Limiting step size to 10 using scaling factor 0.679079, for component index 2
LOG (nnet-train-parallel:GetScalingFactor():nnet-component.cc:1588) Limiting step size to 10 using scaling factor 0.977256, for component index 6
LOG (nnet-train-parallel:DoBackpropParallel():nnet-update-parallel.cc:194) Did backprop on 4373 examples, average log-prob per frame is -1.35548
LOG (nnet-train-parallel:DoBackpropParallel():nnet-update-parallel.cc:196) [this line is to be parsed by a script:] log-prob-per-frame=-1.35548
LOG (nnet-train-parallel:main():nnet-train-parallel.cc:102) Finished training, processed 4373 training examples (weighted).  Wrote model to exp/nnet4a/16.6.mdl
# Accounting: time=4 threads=1
# Ended (code 0) at Mon Jul  4 17:46:01 BRT 2016, elapsed time 4 seconds
