# nnet-shuffle-egs --buffer-size=5000 --srand=11 ark:exp/nnet4a/egs/egs.10.3.ark ark:- | nnet-train-parallel --num-threads=16 --minibatch-size=128 --srand=11 exp/nnet4a/11.mdl ark:- exp/nnet4a/12.10.mdl 
# Started at Mon Jul  4 17:44:57 BRT 2016
#
nnet-shuffle-egs --buffer-size=5000 --srand=11 ark:exp/nnet4a/egs/egs.10.3.ark ark:- 
nnet-train-parallel --num-threads=16 --minibatch-size=128 --srand=11 exp/nnet4a/11.mdl ark:- exp/nnet4a/12.10.mdl 
LOG (nnet-shuffle-egs:main():nnet-shuffle-egs.cc:102) Shuffled order of 4371 neural-network training examples using a buffer (partial randomization)
LOG (nnet-train-parallel:GetScalingFactor():nnet-component.cc:1588) Limiting step size to 10 using scaling factor 0.991931, for component index 6
LOG (nnet-train-parallel:GetScalingFactor():nnet-component.cc:1588) Limiting step size to 10 using scaling factor 0.953487, for component index 6
LOG (nnet-train-parallel:GetScalingFactor():nnet-component.cc:1588) Limiting step size to 10 using scaling factor 0.945683, for component index 6
LOG (nnet-train-parallel:GetScalingFactor():nnet-component.cc:1588) Limiting step size to 10 using scaling factor 0.914135, for component index 6
LOG (nnet-train-parallel:GetScalingFactor():nnet-component.cc:1588) Limiting step size to 10 using scaling factor 0.94317, for component index 2
LOG (nnet-train-parallel:GetScalingFactor():nnet-component.cc:1588) Limiting step size to 10 using scaling factor 0.905378, for component index 2
LOG (nnet-train-parallel:GetScalingFactor():nnet-component.cc:1588) Limiting step size to 10 using scaling factor 0.892811, for component index 2
LOG (nnet-train-parallel:GetScalingFactor():nnet-component.cc:1588) Limiting step size to 10 using scaling factor 0.854152, for component index 2
LOG (nnet-train-parallel:GetScalingFactor():nnet-component.cc:1588) Limiting step size to 10 using scaling factor 0.776942, for component index 2
LOG (nnet-train-parallel:GetScalingFactor():nnet-component.cc:1588) Limiting step size to 10 using scaling factor 0.885418, for component index 2
LOG (nnet-train-parallel:DoBackpropParallel():nnet-update-parallel.cc:194) Did backprop on 4371 examples, average log-prob per frame is -1.3514
LOG (nnet-train-parallel:DoBackpropParallel():nnet-update-parallel.cc:196) [this line is to be parsed by a script:] log-prob-per-frame=-1.3514
LOG (nnet-train-parallel:main():nnet-train-parallel.cc:102) Finished training, processed 4371 training examples (weighted).  Wrote model to exp/nnet4a/12.10.mdl
# Accounting: time=4 threads=1
# Ended (code 0) at Mon Jul  4 17:45:01 BRT 2016, elapsed time 4 seconds
