# Running on water1
# Started at Mon Jul 18 13:48:24 BRT 2016
# nnet-shuffle-egs --buffer-size=5000 --srand=89 ark:exp/nnet4a/egs/egs.8.8.ark ark:- | nnet-train-parallel --num-threads=8 --minibatch-size=128 --srand=89 exp/nnet4a/89.mdl ark:- exp/nnet4a/90.8.mdl 
nnet-shuffle-egs --buffer-size=5000 --srand=89 ark:exp/nnet4a/egs/egs.8.8.ark ark:- 
nnet-train-parallel --num-threads=8 --minibatch-size=128 --srand=89 exp/nnet4a/89.mdl ark:- exp/nnet4a/90.8.mdl 
LOG (nnet-train-parallel:GetScalingFactor():nnet-component.cc:1588) Limiting step size to 10 using scaling factor 0.98454, for component index 4
LOG (nnet-train-parallel:GetScalingFactor():nnet-component.cc:1588) Limiting step size to 10 using scaling factor 0.594826, for component index 2
LOG (nnet-train-parallel:GetScalingFactor():nnet-component.cc:1588) Limiting step size to 10 using scaling factor 0.57065, for component index 2
LOG (nnet-train-parallel:GetScalingFactor():nnet-component.cc:1588) Limiting step size to 10 using scaling factor 0.651199, for component index 2
LOG (nnet-train-parallel:GetScalingFactor():nnet-component.cc:1588) Limiting step size to 10 using scaling factor 0.965498, for component index 4
LOG (nnet-train-parallel:GetScalingFactor():nnet-component.cc:1588) Limiting step size to 10 using scaling factor 0.553558, for component index 2
LOG (nnet-train-parallel:GetScalingFactor():nnet-component.cc:1588) Limiting step size to 10 using scaling factor 0.93212, for component index 2
LOG (nnet-train-parallel:GetScalingFactor():nnet-component.cc:1588) Limiting step size to 10 using scaling factor 0.574296, for component index 2
LOG (nnet-shuffle-egs:main():nnet-shuffle-egs.cc:102) Shuffled order of 3885 neural-network training examples using a buffer (partial randomization)
LOG (nnet-train-parallel:GetScalingFactor():nnet-component.cc:1588) Limiting step size to 10 using scaling factor 0.716864, for component index 2
LOG (nnet-train-parallel:GetScalingFactor():nnet-component.cc:1588) Limiting step size to 10 using scaling factor 0.932505, for component index 2
LOG (nnet-train-parallel:DoBackpropParallel():nnet-update-parallel.cc:194) Did backprop on 3885 examples, average log-prob per frame is -0.906951
LOG (nnet-train-parallel:DoBackpropParallel():nnet-update-parallel.cc:196) [this line is to be parsed by a script:] log-prob-per-frame=-0.906951
LOG (nnet-train-parallel:main():nnet-train-parallel.cc:102) Finished training, processed 3885 training examples (weighted).  Wrote model to exp/nnet4a/90.8.mdl
# Accounting: time=1 threads=1
# Finished at Mon Jul 18 13:48:25 BRT 2016 with status 0
