# nnet-shuffle-egs --buffer-size=5000 --srand=2 ark:exp/nnet4a/egs/egs.2.2.ark ark:- | nnet-train-parallel --num-threads=16 --minibatch-size=128 --srand=2 exp/nnet4a/2.mdl ark:- exp/nnet4a/3.2.mdl 
# Started at Mon Jul  4 17:42:19 BRT 2016
#
nnet-train-parallel --num-threads=16 --minibatch-size=128 --srand=2 exp/nnet4a/2.mdl ark:- exp/nnet4a/3.2.mdl 
nnet-shuffle-egs --buffer-size=5000 --srand=2 ark:exp/nnet4a/egs/egs.2.2.ark ark:- 
LOG (nnet-train-parallel:GetScalingFactor():nnet-component.cc:1588) Limiting step size to 10 using scaling factor 0.718892, for component index 6
LOG (nnet-train-parallel:GetScalingFactor():nnet-component.cc:1588) Limiting step size to 10 using scaling factor 0.722484, for component index 6
LOG (nnet-train-parallel:GetScalingFactor():nnet-component.cc:1588) Limiting step size to 10 using scaling factor 0.729419, for component index 6
LOG (nnet-train-parallel:GetScalingFactor():nnet-component.cc:1588) Limiting step size to 10 using scaling factor 0.747371, for component index 6
LOG (nnet-train-parallel:GetScalingFactor():nnet-component.cc:1588) Limiting step size to 10 using scaling factor 0.729064, for component index 6
LOG (nnet-train-parallel:GetScalingFactor():nnet-component.cc:1588) Limiting step size to 10 using scaling factor 0.725185, for component index 6
LOG (nnet-train-parallel:GetScalingFactor():nnet-component.cc:1588) Limiting step size to 10 using scaling factor 0.733323, for component index 6
LOG (nnet-train-parallel:GetScalingFactor():nnet-component.cc:1588) Limiting step size to 10 using scaling factor 0.718572, for component index 6
LOG (nnet-train-parallel:GetScalingFactor():nnet-component.cc:1588) Limiting step size to 10 using scaling factor 0.734821, for component index 6
LOG (nnet-train-parallel:GetScalingFactor():nnet-component.cc:1588) Limiting step size to 10 using scaling factor 0.766372, for component index 6
LOG (nnet-shuffle-egs:main():nnet-shuffle-egs.cc:102) Shuffled order of 4374 neural-network training examples using a buffer (partial randomization)
LOG (nnet-train-parallel:DoBackpropParallel():nnet-update-parallel.cc:194) Did backprop on 4374 examples, average log-prob per frame is -4.72434
LOG (nnet-train-parallel:DoBackpropParallel():nnet-update-parallel.cc:196) [this line is to be parsed by a script:] log-prob-per-frame=-4.72434
LOG (nnet-train-parallel:main():nnet-train-parallel.cc:102) Finished training, processed 4374 training examples (weighted).  Wrote model to exp/nnet4a/3.2.mdl
# Accounting: time=3 threads=1
# Ended (code 0) at Mon Jul  4 17:42:22 BRT 2016, elapsed time 3 seconds
