# Running on red-black-tea
# Started at Mon Jul 18 12:02:08 BRT 2016
# nnet-shuffle-egs --buffer-size=5000 --srand=30 ark:exp/nnet4a/egs/egs.1.3.ark ark:- | nnet-train-parallel --num-threads=8 --minibatch-size=128 --srand=30 exp/nnet4a/30.mdl ark:- exp/nnet4a/31.1.mdl 
nnet-train-parallel --num-threads=8 --minibatch-size=128 --srand=30 exp/nnet4a/30.mdl ark:- exp/nnet4a/31.1.mdl 
nnet-shuffle-egs --buffer-size=5000 --srand=30 ark:exp/nnet4a/egs/egs.1.3.ark ark:- 
LOG (nnet-train-parallel:GetScalingFactor():nnet-component.cc:1588) Limiting step size to 10 using scaling factor 0.901704, for component index 2
LOG (nnet-train-parallel:GetScalingFactor():nnet-component.cc:1588) Limiting step size to 10 using scaling factor 0.81606, for component index 2
LOG (nnet-train-parallel:GetScalingFactor():nnet-component.cc:1588) Limiting step size to 10 using scaling factor 0.986823, for component index 2
LOG (nnet-train-parallel:GetScalingFactor():nnet-component.cc:1588) Limiting step size to 10 using scaling factor 0.941694, for component index 2
LOG (nnet-train-parallel:GetScalingFactor():nnet-component.cc:1588) Limiting step size to 10 using scaling factor 0.790968, for component index 2
LOG (nnet-train-parallel:GetScalingFactor():nnet-component.cc:1588) Limiting step size to 10 using scaling factor 0.713282, for component index 2
LOG (nnet-train-parallel:GetScalingFactor():nnet-component.cc:1588) Limiting step size to 10 using scaling factor 0.901576, for component index 2
LOG (nnet-train-parallel:GetScalingFactor():nnet-component.cc:1588) Limiting step size to 10 using scaling factor 0.890719, for component index 2
LOG (nnet-train-parallel:GetScalingFactor():nnet-component.cc:1588) Limiting step size to 10 using scaling factor 0.94304, for component index 2
LOG (nnet-train-parallel:GetScalingFactor():nnet-component.cc:1588) Limiting step size to 10 using scaling factor 0.626026, for component index 2
LOG (nnet-shuffle-egs:main():nnet-shuffle-egs.cc:102) Shuffled order of 3887 neural-network training examples using a buffer (partial randomization)
LOG (nnet-train-parallel:DoBackpropParallel():nnet-update-parallel.cc:194) Did backprop on 3887 examples, average log-prob per frame is -0.935808
LOG (nnet-train-parallel:DoBackpropParallel():nnet-update-parallel.cc:196) [this line is to be parsed by a script:] log-prob-per-frame=-0.935808
LOG (nnet-train-parallel:main():nnet-train-parallel.cc:102) Finished training, processed 3887 training examples (weighted).  Wrote model to exp/nnet4a/31.1.mdl
# Accounting: time=1 threads=1
# Finished at Mon Jul 18 12:02:09 BRT 2016 with status 0
