# Running on red-black-tea
# Started at Mon Jul 18 11:38:23 BRT 2016
# nnet-shuffle-egs --buffer-size=5000 --srand=9 ark:exp/nnet4a/egs/egs.7.0.ark ark:- | nnet-train-parallel --num-threads=8 --minibatch-size=128 --srand=9 exp/nnet4a/9.mdl ark:- exp/nnet4a/10.7.mdl 
nnet-shuffle-egs --buffer-size=5000 --srand=9 ark:exp/nnet4a/egs/egs.7.0.ark ark:- 
nnet-train-parallel --num-threads=8 --minibatch-size=128 --srand=9 exp/nnet4a/9.mdl ark:- exp/nnet4a/10.7.mdl 
LOG (nnet-train-parallel:GetScalingFactor():nnet-component.cc:1588) Limiting step size to 10 using scaling factor 0.923439, for component index 6
LOG (nnet-train-parallel:GetScalingFactor():nnet-component.cc:1588) Limiting step size to 10 using scaling factor 0.85643, for component index 6
LOG (nnet-train-parallel:GetScalingFactor():nnet-component.cc:1588) Limiting step size to 10 using scaling factor 0.963841, for component index 6
LOG (nnet-train-parallel:GetScalingFactor():nnet-component.cc:1588) Limiting step size to 10 using scaling factor 0.905314, for component index 6
LOG (nnet-train-parallel:GetScalingFactor():nnet-component.cc:1588) Limiting step size to 10 using scaling factor 0.887563, for component index 6
LOG (nnet-train-parallel:GetScalingFactor():nnet-component.cc:1588) Limiting step size to 10 using scaling factor 0.912492, for component index 6
LOG (nnet-train-parallel:GetScalingFactor():nnet-component.cc:1588) Limiting step size to 10 using scaling factor 0.856103, for component index 6
LOG (nnet-train-parallel:GetScalingFactor():nnet-component.cc:1588) Limiting step size to 10 using scaling factor 0.900131, for component index 6
LOG (nnet-train-parallel:GetScalingFactor():nnet-component.cc:1588) Limiting step size to 10 using scaling factor 0.866268, for component index 6
LOG (nnet-train-parallel:GetScalingFactor():nnet-component.cc:1588) Limiting step size to 10 using scaling factor 0.88856, for component index 6
LOG (nnet-shuffle-egs:main():nnet-shuffle-egs.cc:102) Shuffled order of 3886 neural-network training examples using a buffer (partial randomization)
LOG (nnet-train-parallel:DoBackpropParallel():nnet-update-parallel.cc:194) Did backprop on 3886 examples, average log-prob per frame is -1.49798
LOG (nnet-train-parallel:DoBackpropParallel():nnet-update-parallel.cc:196) [this line is to be parsed by a script:] log-prob-per-frame=-1.49798
LOG (nnet-train-parallel:main():nnet-train-parallel.cc:102) Finished training, processed 3886 training examples (weighted).  Wrote model to exp/nnet4a/10.7.mdl
# Accounting: time=1 threads=1
# Finished at Mon Jul 18 11:38:24 BRT 2016 with status 0
