# nnet-shuffle-egs --buffer-size=5000 --srand=1 ark:exp/nnet4a/egs/egs.12.1.ark ark:- | nnet-train-parallel --num-threads=16 --minibatch-size=128 --srand=1 "nnet-init --srand=1 exp/nnet4a/hidden.config - | nnet-insert exp/nnet4a/1.mdl - - |" ark:- exp/nnet4a/2.12.mdl 
# Started at Mon Jul  4 17:42:10 BRT 2016
#
nnet-train-parallel --num-threads=16 --minibatch-size=128 --srand=1 'nnet-init --srand=1 exp/nnet4a/hidden.config - | nnet-insert exp/nnet4a/1.mdl - - |' ark:- exp/nnet4a/2.12.mdl 
nnet-shuffle-egs --buffer-size=5000 --srand=1 ark:exp/nnet4a/egs/egs.12.1.ark ark:- 
nnet-insert exp/nnet4a/1.mdl - - 
nnet-init --srand=1 exp/nnet4a/hidden.config - 
LOG (nnet-insert:main():nnet-insert.cc:106) Inserted 2 components at position 4
LOG (nnet-init:main():nnet-init.cc:69) Initialized raw neural net and wrote it to -
LOG (nnet-insert:main():nnet-insert.cc:122) Randomized component index 6 with stddev 0.00516398
LOG (nnet-insert:main():nnet-insert.cc:132) Write neural-net acoustic model to -
LOG (nnet-train-parallel:GetScalingFactor():nnet-component.cc:1588) Limiting step size to 10 using scaling factor 0.978325, for component index 6
LOG (nnet-train-parallel:GetScalingFactor():nnet-component.cc:1588) Limiting step size to 10 using scaling factor 0.957167, for component index 6
LOG (nnet-train-parallel:GetScalingFactor():nnet-component.cc:1588) Limiting step size to 10 using scaling factor 0.963361, for component index 6
LOG (nnet-train-parallel:GetScalingFactor():nnet-component.cc:1588) Limiting step size to 10 using scaling factor 0.962265, for component index 6
LOG (nnet-train-parallel:GetScalingFactor():nnet-component.cc:1588) Limiting step size to 10 using scaling factor 0.984291, for component index 6
LOG (nnet-train-parallel:GetScalingFactor():nnet-component.cc:1588) Limiting step size to 10 using scaling factor 0.962258, for component index 6
LOG (nnet-train-parallel:GetScalingFactor():nnet-component.cc:1588) Limiting step size to 10 using scaling factor 0.945305, for component index 6
LOG (nnet-train-parallel:GetScalingFactor():nnet-component.cc:1588) Limiting step size to 10 using scaling factor 0.960342, for component index 6
LOG (nnet-train-parallel:GetScalingFactor():nnet-component.cc:1588) Limiting step size to 10 using scaling factor 0.947328, for component index 6
LOG (nnet-train-parallel:GetScalingFactor():nnet-component.cc:1588) Limiting step size to 10 using scaling factor 0.947742, for component index 6
LOG (nnet-shuffle-egs:main():nnet-shuffle-egs.cc:102) Shuffled order of 4370 neural-network training examples using a buffer (partial randomization)
LOG (nnet-train-parallel:DoBackpropParallel():nnet-update-parallel.cc:194) Did backprop on 4370 examples, average log-prob per frame is -6.85272
LOG (nnet-train-parallel:DoBackpropParallel():nnet-update-parallel.cc:196) [this line is to be parsed by a script:] log-prob-per-frame=-6.85272
LOG (nnet-train-parallel:main():nnet-train-parallel.cc:102) Finished training, processed 4370 training examples (weighted).  Wrote model to exp/nnet4a/2.12.mdl
# Accounting: time=4 threads=1
# Ended (code 0) at Mon Jul  4 17:42:14 BRT 2016, elapsed time 4 seconds
