# Running on red-black-tea
# Started at Mon Jul 18 13:24:38 BRT 2016
# nnet-shuffle-egs --buffer-size=5000 --srand=68 ark:exp/nnet4a/egs/egs.4.5.ark ark:- | nnet-train-parallel --num-threads=8 --minibatch-size=128 --srand=68 exp/nnet4a/68.mdl ark:- exp/nnet4a/69.4.mdl 
nnet-shuffle-egs --buffer-size=5000 --srand=68 ark:exp/nnet4a/egs/egs.4.5.ark ark:- 
nnet-train-parallel --num-threads=8 --minibatch-size=128 --srand=68 exp/nnet4a/68.mdl ark:- exp/nnet4a/69.4.mdl 
LOG (nnet-train-parallel:GetScalingFactor():nnet-component.cc:1588) Limiting step size to 10 using scaling factor 0.620815, for component index 2
LOG (nnet-train-parallel:GetScalingFactor():nnet-component.cc:1588) Limiting step size to 10 using scaling factor 0.839706, for component index 2
LOG (nnet-train-parallel:GetScalingFactor():nnet-component.cc:1588) Limiting step size to 10 using scaling factor 0.82998, for component index 2
LOG (nnet-train-parallel:GetScalingFactor():nnet-component.cc:1588) Limiting step size to 10 using scaling factor 0.704384, for component index 2
LOG (nnet-train-parallel:GetScalingFactor():nnet-component.cc:1588) Limiting step size to 10 using scaling factor 0.988165, for component index 4
LOG (nnet-train-parallel:GetScalingFactor():nnet-component.cc:1588) Limiting step size to 10 using scaling factor 0.544059, for component index 2
LOG (nnet-train-parallel:GetScalingFactor():nnet-component.cc:1588) Limiting step size to 10 using scaling factor 0.599131, for component index 2
LOG (nnet-train-parallel:GetScalingFactor():nnet-component.cc:1588) Limiting step size to 10 using scaling factor 0.617334, for component index 2
LOG (nnet-shuffle-egs:main():nnet-shuffle-egs.cc:102) Shuffled order of 3886 neural-network training examples using a buffer (partial randomization)
LOG (nnet-train-parallel:GetScalingFactor():nnet-component.cc:1588) Limiting step size to 10 using scaling factor 0.691149, for component index 2
LOG (nnet-train-parallel:DoBackpropParallel():nnet-update-parallel.cc:194) Did backprop on 3886 examples, average log-prob per frame is -0.82504
LOG (nnet-train-parallel:DoBackpropParallel():nnet-update-parallel.cc:196) [this line is to be parsed by a script:] log-prob-per-frame=-0.82504
LOG (nnet-train-parallel:main():nnet-train-parallel.cc:102) Finished training, processed 3886 training examples (weighted).  Wrote model to exp/nnet4a/69.4.mdl
# Accounting: time=1 threads=1
# Finished at Mon Jul 18 13:24:39 BRT 2016 with status 0
