# nnet-shuffle-egs --buffer-size=5000 --srand=10 ark:exp/nnet4a/egs/egs.14.2.ark ark:- | nnet-train-parallel --num-threads=16 --minibatch-size=128 --srand=10 exp/nnet4a/10.mdl ark:- exp/nnet4a/11.14.mdl 
# Started at Mon Jul  4 17:44:42 BRT 2016
#
nnet-shuffle-egs --buffer-size=5000 --srand=10 ark:exp/nnet4a/egs/egs.14.2.ark ark:- 
nnet-train-parallel --num-threads=16 --minibatch-size=128 --srand=10 exp/nnet4a/10.mdl ark:- exp/nnet4a/11.14.mdl 
LOG (nnet-train-parallel:GetScalingFactor():nnet-component.cc:1588) Limiting step size to 10 using scaling factor 0.947907, for component index 6
LOG (nnet-train-parallel:GetScalingFactor():nnet-component.cc:1588) Limiting step size to 10 using scaling factor 0.973778, for component index 6
LOG (nnet-train-parallel:GetScalingFactor():nnet-component.cc:1588) Limiting step size to 10 using scaling factor 0.99228, for component index 6
LOG (nnet-train-parallel:GetScalingFactor():nnet-component.cc:1588) Limiting step size to 10 using scaling factor 0.965174, for component index 6
LOG (nnet-train-parallel:GetScalingFactor():nnet-component.cc:1588) Limiting step size to 10 using scaling factor 0.924703, for component index 6
LOG (nnet-train-parallel:GetScalingFactor():nnet-component.cc:1588) Limiting step size to 10 using scaling factor 0.945644, for component index 6
LOG (nnet-train-parallel:GetScalingFactor():nnet-component.cc:1588) Limiting step size to 10 using scaling factor 0.972205, for component index 6
LOG (nnet-train-parallel:GetScalingFactor():nnet-component.cc:1588) Limiting step size to 10 using scaling factor 0.912578, for component index 6
LOG (nnet-train-parallel:GetScalingFactor():nnet-component.cc:1588) Limiting step size to 10 using scaling factor 0.943994, for component index 6
LOG (nnet-train-parallel:GetScalingFactor():nnet-component.cc:1588) Limiting step size to 10 using scaling factor 0.97526, for component index 6
LOG (nnet-shuffle-egs:main():nnet-shuffle-egs.cc:102) Shuffled order of 4369 neural-network training examples using a buffer (partial randomization)
LOG (nnet-train-parallel:DoBackpropParallel():nnet-update-parallel.cc:194) Did backprop on 4369 examples, average log-prob per frame is -1.50892
LOG (nnet-train-parallel:DoBackpropParallel():nnet-update-parallel.cc:196) [this line is to be parsed by a script:] log-prob-per-frame=-1.50892
LOG (nnet-train-parallel:main():nnet-train-parallel.cc:102) Finished training, processed 4369 training examples (weighted).  Wrote model to exp/nnet4a/11.14.mdl
# Accounting: time=3 threads=1
# Ended (code 0) at Mon Jul  4 17:44:45 BRT 2016, elapsed time 3 seconds
