# nnet-shuffle-egs --buffer-size=5000 --srand=11 ark:exp/nnet4a/egs/egs.13.3.ark ark:- | nnet-train-parallel --num-threads=16 --minibatch-size=128 --srand=11 exp/nnet4a/11.mdl ark:- exp/nnet4a/12.13.mdl 
# Started at Mon Jul  4 17:45:01 BRT 2016
#
nnet-shuffle-egs --buffer-size=5000 --srand=11 ark:exp/nnet4a/egs/egs.13.3.ark ark:- 
nnet-train-parallel --num-threads=16 --minibatch-size=128 --srand=11 exp/nnet4a/11.mdl ark:- exp/nnet4a/12.13.mdl 
LOG (nnet-train-parallel:GetScalingFactor():nnet-component.cc:1588) Limiting step size to 10 using scaling factor 0.99232, for component index 6
LOG (nnet-train-parallel:GetScalingFactor():nnet-component.cc:1588) Limiting step size to 10 using scaling factor 0.747882, for component index 2
LOG (nnet-shuffle-egs:main():nnet-shuffle-egs.cc:102) Shuffled order of 4369 neural-network training examples using a buffer (partial randomization)
LOG (nnet-train-parallel:GetScalingFactor():nnet-component.cc:1588) Limiting step size to 10 using scaling factor 0.76504, for component index 2
LOG (nnet-train-parallel:GetScalingFactor():nnet-component.cc:1588) Limiting step size to 10 using scaling factor 0.908762, for component index 6
LOG (nnet-train-parallel:GetScalingFactor():nnet-component.cc:1588) Limiting step size to 10 using scaling factor 0.969978, for component index 6
LOG (nnet-train-parallel:GetScalingFactor():nnet-component.cc:1588) Limiting step size to 10 using scaling factor 0.955305, for component index 6
LOG (nnet-train-parallel:GetScalingFactor():nnet-component.cc:1588) Limiting step size to 10 using scaling factor 0.763058, for component index 2
LOG (nnet-train-parallel:GetScalingFactor():nnet-component.cc:1588) Limiting step size to 10 using scaling factor 0.727695, for component index 2
LOG (nnet-train-parallel:GetScalingFactor():nnet-component.cc:1588) Limiting step size to 10 using scaling factor 0.826236, for component index 2
LOG (nnet-train-parallel:GetScalingFactor():nnet-component.cc:1588) Limiting step size to 10 using scaling factor 0.974435, for component index 6
LOG (nnet-train-parallel:DoBackpropParallel():nnet-update-parallel.cc:194) Did backprop on 4369 examples, average log-prob per frame is -1.43691
LOG (nnet-train-parallel:DoBackpropParallel():nnet-update-parallel.cc:196) [this line is to be parsed by a script:] log-prob-per-frame=-1.43691
LOG (nnet-train-parallel:main():nnet-train-parallel.cc:102) Finished training, processed 4369 training examples (weighted).  Wrote model to exp/nnet4a/12.13.mdl
# Accounting: time=4 threads=1
# Ended (code 0) at Mon Jul  4 17:45:05 BRT 2016, elapsed time 4 seconds
