# nnet-shuffle-egs --buffer-size=5000 --srand=15 ark:exp/nnet4a/egs/egs.15.3.ark ark:- | nnet-train-parallel --num-threads=16 --minibatch-size=128 --srand=15 exp/nnet4a/15.mdl ark:- exp/nnet4a/16.15.mdl 
# Started at Mon Jul  4 17:46:05 BRT 2016
#
nnet-shuffle-egs --buffer-size=5000 --srand=15 ark:exp/nnet4a/egs/egs.15.3.ark ark:- 
nnet-train-parallel --num-threads=16 --minibatch-size=128 --srand=15 exp/nnet4a/15.mdl ark:- exp/nnet4a/16.15.mdl 
LOG (nnet-shuffle-egs:main():nnet-shuffle-egs.cc:102) Shuffled order of 4369 neural-network training examples using a buffer (partial randomization)
LOG (nnet-train-parallel:GetScalingFactor():nnet-component.cc:1588) Limiting step size to 10 using scaling factor 0.980038, for component index 2
LOG (nnet-train-parallel:GetScalingFactor():nnet-component.cc:1588) Limiting step size to 10 using scaling factor 0.824853, for component index 2
LOG (nnet-train-parallel:GetScalingFactor():nnet-component.cc:1588) Limiting step size to 10 using scaling factor 0.995343, for component index 2
LOG (nnet-train-parallel:GetScalingFactor():nnet-component.cc:1588) Limiting step size to 10 using scaling factor 0.978276, for component index 6
LOG (nnet-train-parallel:GetScalingFactor():nnet-component.cc:1588) Limiting step size to 10 using scaling factor 0.805936, for component index 2
LOG (nnet-train-parallel:GetScalingFactor():nnet-component.cc:1588) Limiting step size to 10 using scaling factor 0.777098, for component index 2
LOG (nnet-train-parallel:GetScalingFactor():nnet-component.cc:1588) Limiting step size to 10 using scaling factor 0.850023, for component index 2
LOG (nnet-train-parallel:GetScalingFactor():nnet-component.cc:1588) Limiting step size to 10 using scaling factor 0.903078, for component index 2
LOG (nnet-train-parallel:GetScalingFactor():nnet-component.cc:1588) Limiting step size to 10 using scaling factor 0.749373, for component index 2
LOG (nnet-train-parallel:DoBackpropParallel():nnet-update-parallel.cc:194) Did backprop on 4369 examples, average log-prob per frame is -1.31465
LOG (nnet-train-parallel:DoBackpropParallel():nnet-update-parallel.cc:196) [this line is to be parsed by a script:] log-prob-per-frame=-1.31465
LOG (nnet-train-parallel:main():nnet-train-parallel.cc:102) Finished training, processed 4369 training examples (weighted).  Wrote model to exp/nnet4a/16.15.mdl
# Accounting: time=3 threads=1
# Ended (code 0) at Mon Jul  4 17:46:08 BRT 2016, elapsed time 3 seconds
