# nnet-shuffle-egs --buffer-size=5000 --srand=32 ark:exp/nnet4a/egs/egs.4.0.ark ark:- | nnet-train-parallel --num-threads=16 --minibatch-size=128 --srand=32 exp/nnet4a/32.mdl ark:- exp/nnet4a/33.4.mdl 
# Started at Mon Jul  4 17:50:37 BRT 2016
#
nnet-train-parallel --num-threads=16 --minibatch-size=128 --srand=32 exp/nnet4a/32.mdl ark:- exp/nnet4a/33.4.mdl 
nnet-shuffle-egs --buffer-size=5000 --srand=32 ark:exp/nnet4a/egs/egs.4.0.ark ark:- 
LOG (nnet-shuffle-egs:main():nnet-shuffle-egs.cc:102) Shuffled order of 4374 neural-network training examples using a buffer (partial randomization)
LOG (nnet-train-parallel:GetScalingFactor():nnet-component.cc:1588) Limiting step size to 10 using scaling factor 0.923467, for component index 2
LOG (nnet-train-parallel:GetScalingFactor():nnet-component.cc:1588) Limiting step size to 10 using scaling factor 0.963307, for component index 4
LOG (nnet-train-parallel:GetScalingFactor():nnet-component.cc:1588) Limiting step size to 10 using scaling factor 0.915021, for component index 2
LOG (nnet-train-parallel:GetScalingFactor():nnet-component.cc:1588) Limiting step size to 10 using scaling factor 0.884903, for component index 4
LOG (nnet-train-parallel:GetScalingFactor():nnet-component.cc:1588) Limiting step size to 10 using scaling factor 0.878433, for component index 2
LOG (nnet-train-parallel:GetScalingFactor():nnet-component.cc:1588) Limiting step size to 10 using scaling factor 0.930593, for component index 2
LOG (nnet-train-parallel:GetScalingFactor():nnet-component.cc:1588) Limiting step size to 10 using scaling factor 0.751501, for component index 2
LOG (nnet-train-parallel:GetScalingFactor():nnet-component.cc:1588) Limiting step size to 10 using scaling factor 0.845709, for component index 2
LOG (nnet-train-parallel:GetScalingFactor():nnet-component.cc:1588) Limiting step size to 10 using scaling factor 0.919906, for component index 4
LOG (nnet-train-parallel:GetScalingFactor():nnet-component.cc:1588) Limiting step size to 10 using scaling factor 0.921104, for component index 4
LOG (nnet-train-parallel:DoBackpropParallel():nnet-update-parallel.cc:194) Did backprop on 4374 examples, average log-prob per frame is -1.36422
LOG (nnet-train-parallel:DoBackpropParallel():nnet-update-parallel.cc:196) [this line is to be parsed by a script:] log-prob-per-frame=-1.36422
LOG (nnet-train-parallel:main():nnet-train-parallel.cc:102) Finished training, processed 4374 training examples (weighted).  Wrote model to exp/nnet4a/33.4.mdl
# Accounting: time=4 threads=1
# Ended (code 0) at Mon Jul  4 17:50:41 BRT 2016, elapsed time 4 seconds
