# Running on water1
# Started at Mon Jul 18 11:28:54 BRT 2016
# nnet-shuffle-egs --buffer-size=5000 --srand=1 ark:exp/nnet4a/egs/egs.6.1.ark ark:- | nnet-train-parallel --num-threads=8 --minibatch-size=128 --srand=1 "nnet-init --srand=1 exp/nnet4a/hidden.config - | nnet-insert exp/nnet4a/1.mdl - - |" ark:- exp/nnet4a/2.6.mdl 
nnet-shuffle-egs --buffer-size=5000 --srand=1 ark:exp/nnet4a/egs/egs.6.1.ark ark:- 
nnet-train-parallel --num-threads=8 --minibatch-size=128 --srand=1 'nnet-init --srand=1 exp/nnet4a/hidden.config - | nnet-insert exp/nnet4a/1.mdl - - |' ark:- exp/nnet4a/2.6.mdl 
nnet-insert exp/nnet4a/1.mdl - - 
nnet-init --srand=1 exp/nnet4a/hidden.config - 
LOG (nnet-init:main():nnet-init.cc:69) Initialized raw neural net and wrote it to -
LOG (nnet-insert:main():nnet-insert.cc:106) Inserted 2 components at position 4
LOG (nnet-insert:main():nnet-insert.cc:122) Randomized component index 6 with stddev 0.00516398
LOG (nnet-insert:main():nnet-insert.cc:132) Write neural-net acoustic model to -
LOG (nnet-train-parallel:GetScalingFactor():nnet-component.cc:1588) Limiting step size to 10 using scaling factor 0.774112, for component index 6
LOG (nnet-train-parallel:GetScalingFactor():nnet-component.cc:1588) Limiting step size to 10 using scaling factor 0.757932, for component index 6
LOG (nnet-train-parallel:GetScalingFactor():nnet-component.cc:1588) Limiting step size to 10 using scaling factor 0.790617, for component index 6
LOG (nnet-train-parallel:GetScalingFactor():nnet-component.cc:1588) Limiting step size to 10 using scaling factor 0.788516, for component index 6
LOG (nnet-train-parallel:GetScalingFactor():nnet-component.cc:1588) Limiting step size to 10 using scaling factor 0.777455, for component index 6
LOG (nnet-train-parallel:GetScalingFactor():nnet-component.cc:1588) Limiting step size to 10 using scaling factor 0.78517, for component index 6
LOG (nnet-train-parallel:GetScalingFactor():nnet-component.cc:1588) Limiting step size to 10 using scaling factor 0.808578, for component index 6
LOG (nnet-train-parallel:GetScalingFactor():nnet-component.cc:1588) Limiting step size to 10 using scaling factor 0.798668, for component index 6
LOG (nnet-train-parallel:GetScalingFactor():nnet-component.cc:1588) Limiting step size to 10 using scaling factor 0.787865, for component index 6
LOG (nnet-train-parallel:GetScalingFactor():nnet-component.cc:1588) Limiting step size to 10 using scaling factor 0.787903, for component index 6
LOG (nnet-shuffle-egs:main():nnet-shuffle-egs.cc:102) Shuffled order of 3886 neural-network training examples using a buffer (partial randomization)
LOG (nnet-train-parallel:DoBackpropParallel():nnet-update-parallel.cc:194) Did backprop on 3886 examples, average log-prob per frame is -6.69777
LOG (nnet-train-parallel:DoBackpropParallel():nnet-update-parallel.cc:196) [this line is to be parsed by a script:] log-prob-per-frame=-6.69777
LOG (nnet-train-parallel:main():nnet-train-parallel.cc:102) Finished training, processed 3886 training examples (weighted).  Wrote model to exp/nnet4a/2.6.mdl
# Accounting: time=2 threads=1
# Finished at Mon Jul 18 11:28:56 BRT 2016 with status 0
