# nnet-shuffle-egs --buffer-size=5000 --srand=14 ark:exp/nnet4a/egs/egs.5.2.ark ark:- | nnet-train-parallel --num-threads=16 --minibatch-size=128 --srand=14 exp/nnet4a/14.mdl ark:- exp/nnet4a/15.5.mdl 
# Started at Mon Jul  4 17:45:41 BRT 2016
#
nnet-shuffle-egs --buffer-size=5000 --srand=14 ark:exp/nnet4a/egs/egs.5.2.ark ark:- 
nnet-train-parallel --num-threads=16 --minibatch-size=128 --srand=14 exp/nnet4a/14.mdl ark:- exp/nnet4a/15.5.mdl 
LOG (nnet-shuffle-egs:main():nnet-shuffle-egs.cc:102) Shuffled order of 4373 neural-network training examples using a buffer (partial randomization)
LOG (nnet-train-parallel:GetScalingFactor():nnet-component.cc:1588) Limiting step size to 10 using scaling factor 0.994762, for component index 6
LOG (nnet-train-parallel:GetScalingFactor():nnet-component.cc:1588) Limiting step size to 10 using scaling factor 0.895185, for component index 6
LOG (nnet-train-parallel:GetScalingFactor():nnet-component.cc:1588) Limiting step size to 10 using scaling factor 0.891388, for component index 6
LOG (nnet-train-parallel:GetScalingFactor():nnet-component.cc:1588) Limiting step size to 10 using scaling factor 0.943669, for component index 6
LOG (nnet-train-parallel:GetScalingFactor():nnet-component.cc:1588) Limiting step size to 10 using scaling factor 0.971393, for component index 2
LOG (nnet-train-parallel:GetScalingFactor():nnet-component.cc:1588) Limiting step size to 10 using scaling factor 0.901995, for component index 2
LOG (nnet-train-parallel:GetScalingFactor():nnet-component.cc:1588) Limiting step size to 10 using scaling factor 0.971851, for component index 2
LOG (nnet-train-parallel:GetScalingFactor():nnet-component.cc:1588) Limiting step size to 10 using scaling factor 0.879233, for component index 2
LOG (nnet-train-parallel:GetScalingFactor():nnet-component.cc:1588) Limiting step size to 10 using scaling factor 0.835816, for component index 2
LOG (nnet-train-parallel:GetScalingFactor():nnet-component.cc:1588) Limiting step size to 10 using scaling factor 0.791377, for component index 2
LOG (nnet-train-parallel:DoBackpropParallel():nnet-update-parallel.cc:194) Did backprop on 4373 examples, average log-prob per frame is -1.47028
LOG (nnet-train-parallel:DoBackpropParallel():nnet-update-parallel.cc:196) [this line is to be parsed by a script:] log-prob-per-frame=-1.47028
LOG (nnet-train-parallel:main():nnet-train-parallel.cc:102) Finished training, processed 4373 training examples (weighted).  Wrote model to exp/nnet4a/15.5.mdl
# Accounting: time=4 threads=1
# Ended (code 0) at Mon Jul  4 17:45:45 BRT 2016, elapsed time 4 seconds
