# nnet-shuffle-egs --buffer-size=5000 --srand=24 ark:exp/nnet4a/egs/egs.4.0.ark ark:- | nnet-train-parallel --num-threads=16 --minibatch-size=128 --srand=24 exp/nnet4a/24.mdl ark:- exp/nnet4a/25.4.mdl 
# Started at Mon Jul  4 17:48:23 BRT 2016
#
nnet-shuffle-egs --buffer-size=5000 --srand=24 ark:exp/nnet4a/egs/egs.4.0.ark ark:- 
nnet-train-parallel --num-threads=16 --minibatch-size=128 --srand=24 exp/nnet4a/24.mdl ark:- exp/nnet4a/25.4.mdl 
LOG (nnet-shuffle-egs:main():nnet-shuffle-egs.cc:102) Shuffled order of 4374 neural-network training examples using a buffer (partial randomization)
LOG (nnet-train-parallel:GetScalingFactor():nnet-component.cc:1588) Limiting step size to 10 using scaling factor 0.932117, for component index 4
LOG (nnet-train-parallel:GetScalingFactor():nnet-component.cc:1588) Limiting step size to 10 using scaling factor 0.990445, for component index 2
LOG (nnet-train-parallel:GetScalingFactor():nnet-component.cc:1588) Limiting step size to 10 using scaling factor 0.942836, for component index 4
LOG (nnet-train-parallel:GetScalingFactor():nnet-component.cc:1588) Limiting step size to 10 using scaling factor 0.695758, for component index 2
LOG (nnet-train-parallel:GetScalingFactor():nnet-component.cc:1588) Limiting step size to 10 using scaling factor 0.710518, for component index 2
LOG (nnet-train-parallel:GetScalingFactor():nnet-component.cc:1588) Limiting step size to 10 using scaling factor 0.849844, for component index 2
LOG (nnet-train-parallel:GetScalingFactor():nnet-component.cc:1588) Limiting step size to 10 using scaling factor 0.85108, for component index 2
LOG (nnet-train-parallel:GetScalingFactor():nnet-component.cc:1588) Limiting step size to 10 using scaling factor 0.961221, for component index 4
LOG (nnet-train-parallel:GetScalingFactor():nnet-component.cc:1588) Limiting step size to 10 using scaling factor 0.968385, for component index 4
LOG (nnet-train-parallel:GetScalingFactor():nnet-component.cc:1588) Limiting step size to 10 using scaling factor 0.7423, for component index 2
LOG (nnet-train-parallel:DoBackpropParallel():nnet-update-parallel.cc:194) Did backprop on 4374 examples, average log-prob per frame is -1.25775
LOG (nnet-train-parallel:DoBackpropParallel():nnet-update-parallel.cc:196) [this line is to be parsed by a script:] log-prob-per-frame=-1.25775
LOG (nnet-train-parallel:main():nnet-train-parallel.cc:102) Finished training, processed 4374 training examples (weighted).  Wrote model to exp/nnet4a/25.4.mdl
# Accounting: time=4 threads=1
# Ended (code 0) at Mon Jul  4 17:48:27 BRT 2016, elapsed time 4 seconds
