# nnet-shuffle-egs --buffer-size=5000 --srand=15 ark:exp/nnet4a/egs/egs.11.3.ark ark:- | nnet-train-parallel --num-threads=16 --minibatch-size=128 --srand=15 exp/nnet4a/15.mdl ark:- exp/nnet4a/16.11.mdl 
# Started at Mon Jul  4 17:46:01 BRT 2016
#
nnet-train-parallel --num-threads=16 --minibatch-size=128 --srand=15 exp/nnet4a/15.mdl ark:- exp/nnet4a/16.11.mdl 
nnet-shuffle-egs --buffer-size=5000 --srand=15 ark:exp/nnet4a/egs/egs.11.3.ark ark:- 
LOG (nnet-shuffle-egs:main():nnet-shuffle-egs.cc:102) Shuffled order of 4370 neural-network training examples using a buffer (partial randomization)
LOG (nnet-train-parallel:GetScalingFactor():nnet-component.cc:1588) Limiting step size to 10 using scaling factor 0.979204, for component index 2
LOG (nnet-train-parallel:GetScalingFactor():nnet-component.cc:1588) Limiting step size to 10 using scaling factor 0.954059, for component index 2
LOG (nnet-train-parallel:GetScalingFactor():nnet-component.cc:1588) Limiting step size to 10 using scaling factor 0.963188, for component index 2
LOG (nnet-train-parallel:GetScalingFactor():nnet-component.cc:1588) Limiting step size to 10 using scaling factor 0.939126, for component index 2
LOG (nnet-train-parallel:GetScalingFactor():nnet-component.cc:1588) Limiting step size to 10 using scaling factor 0.964755, for component index 2
LOG (nnet-train-parallel:GetScalingFactor():nnet-component.cc:1588) Limiting step size to 10 using scaling factor 0.966447, for component index 2
LOG (nnet-train-parallel:GetScalingFactor():nnet-component.cc:1588) Limiting step size to 10 using scaling factor 0.857448, for component index 2
LOG (nnet-train-parallel:GetScalingFactor():nnet-component.cc:1588) Limiting step size to 10 using scaling factor 0.945378, for component index 2
LOG (nnet-train-parallel:GetScalingFactor():nnet-component.cc:1588) Limiting step size to 10 using scaling factor 0.932949, for component index 2
LOG (nnet-train-parallel:DoBackpropParallel():nnet-update-parallel.cc:194) Did backprop on 4370 examples, average log-prob per frame is -1.19258
LOG (nnet-train-parallel:DoBackpropParallel():nnet-update-parallel.cc:196) [this line is to be parsed by a script:] log-prob-per-frame=-1.19258
LOG (nnet-train-parallel:main():nnet-train-parallel.cc:102) Finished training, processed 4370 training examples (weighted).  Wrote model to exp/nnet4a/16.11.mdl
# Accounting: time=4 threads=1
# Ended (code 0) at Mon Jul  4 17:46:05 BRT 2016, elapsed time 4 seconds
