# Running on red-black-tea
# Started at Mon Jul 18 12:54:53 BRT 2016
# nnet-shuffle-egs --buffer-size=5000 --srand=41 ark:exp/nnet4a/egs/egs.1.5.ark ark:- | nnet-train-parallel --num-threads=8 --minibatch-size=128 --srand=41 exp/nnet4a/41.mdl ark:- exp/nnet4a/42.1.mdl 
nnet-shuffle-egs --buffer-size=5000 --srand=41 ark:exp/nnet4a/egs/egs.1.5.ark ark:- 
nnet-train-parallel --num-threads=8 --minibatch-size=128 --srand=41 exp/nnet4a/41.mdl ark:- exp/nnet4a/42.1.mdl 
LOG (nnet-train-parallel:GetScalingFactor():nnet-component.cc:1588) Limiting step size to 10 using scaling factor 0.975985, for component index 2
LOG (nnet-train-parallel:GetScalingFactor():nnet-component.cc:1588) Limiting step size to 10 using scaling factor 0.911824, for component index 2
LOG (nnet-train-parallel:GetScalingFactor():nnet-component.cc:1588) Limiting step size to 10 using scaling factor 0.570148, for component index 2
LOG (nnet-train-parallel:GetScalingFactor():nnet-component.cc:1588) Limiting step size to 10 using scaling factor 0.45444, for component index 2
LOG (nnet-train-parallel:GetScalingFactor():nnet-component.cc:1588) Limiting step size to 10 using scaling factor 0.57148, for component index 2
LOG (nnet-train-parallel:GetScalingFactor():nnet-component.cc:1588) Limiting step size to 10 using scaling factor 0.92917, for component index 2
LOG (nnet-train-parallel:GetScalingFactor():nnet-component.cc:1588) Limiting step size to 10 using scaling factor 0.809334, for component index 2
LOG (nnet-train-parallel:GetScalingFactor():nnet-component.cc:1588) Limiting step size to 10 using scaling factor 0.580371, for component index 2
LOG (nnet-train-parallel:GetScalingFactor():nnet-component.cc:1588) Limiting step size to 10 using scaling factor 0.938227, for component index 2
LOG (nnet-train-parallel:GetScalingFactor():nnet-component.cc:1588) Limiting step size to 10 using scaling factor 0.860822, for component index 2
LOG (nnet-shuffle-egs:main():nnet-shuffle-egs.cc:102) Shuffled order of 3887 neural-network training examples using a buffer (partial randomization)
LOG (nnet-train-parallel:DoBackpropParallel():nnet-update-parallel.cc:194) Did backprop on 3887 examples, average log-prob per frame is -0.72782
LOG (nnet-train-parallel:DoBackpropParallel():nnet-update-parallel.cc:196) [this line is to be parsed by a script:] log-prob-per-frame=-0.72782
LOG (nnet-train-parallel:main():nnet-train-parallel.cc:102) Finished training, processed 3887 training examples (weighted).  Wrote model to exp/nnet4a/42.1.mdl
# Accounting: time=1 threads=1
# Finished at Mon Jul 18 12:54:54 BRT 2016 with status 0
