# nnet-shuffle-egs --buffer-size=5000 --srand=17 ark:exp/nnet4a/egs/egs.8.1.ark ark:- | nnet-train-parallel --num-threads=16 --minibatch-size=128 --srand=17 exp/nnet4a/17.mdl ark:- exp/nnet4a/18.8.mdl 
# Started at Mon Jul  4 17:46:32 BRT 2016
#
nnet-shuffle-egs --buffer-size=5000 --srand=17 ark:exp/nnet4a/egs/egs.8.1.ark ark:- 
nnet-train-parallel --num-threads=16 --minibatch-size=128 --srand=17 exp/nnet4a/17.mdl ark:- exp/nnet4a/18.8.mdl 
LOG (nnet-shuffle-egs:main():nnet-shuffle-egs.cc:102) Shuffled order of 4372 neural-network training examples using a buffer (partial randomization)
LOG (nnet-train-parallel:GetScalingFactor():nnet-component.cc:1588) Limiting step size to 10 using scaling factor 0.971416, for component index 6
LOG (nnet-train-parallel:GetScalingFactor():nnet-component.cc:1588) Limiting step size to 10 using scaling factor 0.845997, for component index 4
LOG (nnet-train-parallel:GetScalingFactor():nnet-component.cc:1588) Limiting step size to 10 using scaling factor 0.743129, for component index 4
LOG (nnet-train-parallel:GetScalingFactor():nnet-component.cc:1588) Limiting step size to 10 using scaling factor 0.766569, for component index 2
LOG (nnet-train-parallel:GetScalingFactor():nnet-component.cc:1588) Limiting step size to 10 using scaling factor 0.796138, for component index 4
LOG (nnet-train-parallel:GetScalingFactor():nnet-component.cc:1588) Limiting step size to 10 using scaling factor 0.814618, for component index 2
LOG (nnet-train-parallel:GetScalingFactor():nnet-component.cc:1588) Limiting step size to 10 using scaling factor 0.82428, for component index 4
LOG (nnet-train-parallel:GetScalingFactor():nnet-component.cc:1588) Limiting step size to 10 using scaling factor 0.893572, for component index 2
LOG (nnet-train-parallel:GetScalingFactor():nnet-component.cc:1588) Limiting step size to 10 using scaling factor 0.806703, for component index 4
LOG (nnet-train-parallel:GetScalingFactor():nnet-component.cc:1588) Limiting step size to 10 using scaling factor 0.780233, for component index 4
LOG (nnet-train-parallel:DoBackpropParallel():nnet-update-parallel.cc:194) Did backprop on 4372 examples, average log-prob per frame is -1.62818
LOG (nnet-train-parallel:DoBackpropParallel():nnet-update-parallel.cc:196) [this line is to be parsed by a script:] log-prob-per-frame=-1.62818
LOG (nnet-train-parallel:main():nnet-train-parallel.cc:102) Finished training, processed 4372 training examples (weighted).  Wrote model to exp/nnet4a/18.8.mdl
# Accounting: time=3 threads=1
# Ended (code 0) at Mon Jul  4 17:46:36 BRT 2016, elapsed time 3 seconds
