# nnet-shuffle-egs --buffer-size=5000 --srand=15 ark:exp/nnet4a/egs/egs.16.3.ark ark:- | nnet-train-parallel --num-threads=16 --minibatch-size=128 --srand=15 exp/nnet4a/15.mdl ark:- exp/nnet4a/16.16.mdl 
# Started at Mon Jul  4 17:46:05 BRT 2016
#
nnet-shuffle-egs --buffer-size=5000 --srand=15 ark:exp/nnet4a/egs/egs.16.3.ark ark:- 
nnet-train-parallel --num-threads=16 --minibatch-size=128 --srand=15 exp/nnet4a/15.mdl ark:- exp/nnet4a/16.16.mdl 
LOG (nnet-shuffle-egs:main():nnet-shuffle-egs.cc:102) Shuffled order of 4369 neural-network training examples using a buffer (partial randomization)
LOG (nnet-train-parallel:GetScalingFactor():nnet-component.cc:1588) Limiting step size to 10 using scaling factor 0.931319, for component index 6
LOG (nnet-train-parallel:GetScalingFactor():nnet-component.cc:1588) Limiting step size to 10 using scaling factor 0.950446, for component index 6
LOG (nnet-train-parallel:GetScalingFactor():nnet-component.cc:1588) Limiting step size to 10 using scaling factor 0.966709, for component index 2
LOG (nnet-train-parallel:GetScalingFactor():nnet-component.cc:1588) Limiting step size to 10 using scaling factor 0.877343, for component index 2
LOG (nnet-train-parallel:GetScalingFactor():nnet-component.cc:1588) Limiting step size to 10 using scaling factor 0.839186, for component index 2
LOG (nnet-train-parallel:GetScalingFactor():nnet-component.cc:1588) Limiting step size to 10 using scaling factor 0.836514, for component index 2
LOG (nnet-train-parallel:GetScalingFactor():nnet-component.cc:1588) Limiting step size to 10 using scaling factor 0.75481, for component index 2
LOG (nnet-train-parallel:GetScalingFactor():nnet-component.cc:1588) Limiting step size to 10 using scaling factor 0.827859, for component index 2
LOG (nnet-train-parallel:GetScalingFactor():nnet-component.cc:1588) Limiting step size to 10 using scaling factor 0.752044, for component index 2
LOG (nnet-train-parallel:GetScalingFactor():nnet-component.cc:1588) Limiting step size to 10 using scaling factor 0.762595, for component index 2
LOG (nnet-train-parallel:DoBackpropParallel():nnet-update-parallel.cc:194) Did backprop on 4369 examples, average log-prob per frame is -1.30552
LOG (nnet-train-parallel:DoBackpropParallel():nnet-update-parallel.cc:196) [this line is to be parsed by a script:] log-prob-per-frame=-1.30552
LOG (nnet-train-parallel:main():nnet-train-parallel.cc:102) Finished training, processed 4369 training examples (weighted).  Wrote model to exp/nnet4a/16.16.mdl
# Accounting: time=3 threads=1
# Ended (code 0) at Mon Jul  4 17:46:08 BRT 2016, elapsed time 3 seconds
