# Running on water1
# Started at Mon Jul 18 11:58:54 BRT 2016
# nnet-shuffle-egs --buffer-size=5000 --srand=27 ark:exp/nnet4a/egs/egs.8.0.ark ark:- | nnet-train-parallel --num-threads=8 --minibatch-size=128 --srand=27 exp/nnet4a/27.mdl ark:- exp/nnet4a/28.8.mdl 
nnet-train-parallel --num-threads=8 --minibatch-size=128 --srand=27 exp/nnet4a/27.mdl ark:- exp/nnet4a/28.8.mdl 
nnet-shuffle-egs --buffer-size=5000 --srand=27 ark:exp/nnet4a/egs/egs.8.0.ark ark:- 
LOG (nnet-train-parallel:GetScalingFactor():nnet-component.cc:1588) Limiting step size to 10 using scaling factor 0.626897, for component index 2
LOG (nnet-train-parallel:GetScalingFactor():nnet-component.cc:1588) Limiting step size to 10 using scaling factor 0.670558, for component index 2
LOG (nnet-train-parallel:GetScalingFactor():nnet-component.cc:1588) Limiting step size to 10 using scaling factor 0.6676, for component index 2
LOG (nnet-train-parallel:GetScalingFactor():nnet-component.cc:1588) Limiting step size to 10 using scaling factor 0.658664, for component index 2
LOG (nnet-train-parallel:GetScalingFactor():nnet-component.cc:1588) Limiting step size to 10 using scaling factor 0.573497, for component index 2
LOG (nnet-train-parallel:GetScalingFactor():nnet-component.cc:1588) Limiting step size to 10 using scaling factor 0.753192, for component index 2
LOG (nnet-train-parallel:GetScalingFactor():nnet-component.cc:1588) Limiting step size to 10 using scaling factor 0.734205, for component index 2
LOG (nnet-train-parallel:GetScalingFactor():nnet-component.cc:1588) Limiting step size to 10 using scaling factor 0.547023, for component index 2
LOG (nnet-train-parallel:GetScalingFactor():nnet-component.cc:1588) Limiting step size to 10 using scaling factor 0.894494, for component index 2
LOG (nnet-train-parallel:GetScalingFactor():nnet-component.cc:1588) Limiting step size to 10 using scaling factor 0.678157, for component index 2
LOG (nnet-shuffle-egs:main():nnet-shuffle-egs.cc:102) Shuffled order of 3885 neural-network training examples using a buffer (partial randomization)
LOG (nnet-train-parallel:DoBackpropParallel():nnet-update-parallel.cc:194) Did backprop on 3885 examples, average log-prob per frame is -1.17223
LOG (nnet-train-parallel:DoBackpropParallel():nnet-update-parallel.cc:196) [this line is to be parsed by a script:] log-prob-per-frame=-1.17223
LOG (nnet-train-parallel:main():nnet-train-parallel.cc:102) Finished training, processed 3885 training examples (weighted).  Wrote model to exp/nnet4a/28.8.mdl
# Accounting: time=1 threads=1
# Finished at Mon Jul 18 11:58:55 BRT 2016 with status 0
