# Running on water1
# Started at Mon Jul 18 12:01:24 BRT 2016
# nnet-shuffle-egs --buffer-size=5000 --srand=29 ark:exp/nnet4a/egs/egs.8.2.ark ark:- | nnet-train-parallel --num-threads=8 --minibatch-size=128 --srand=29 exp/nnet4a/29.mdl ark:- exp/nnet4a/30.8.mdl 
nnet-shuffle-egs --buffer-size=5000 --srand=29 ark:exp/nnet4a/egs/egs.8.2.ark ark:- 
nnet-train-parallel --num-threads=8 --minibatch-size=128 --srand=29 exp/nnet4a/29.mdl ark:- exp/nnet4a/30.8.mdl 
LOG (nnet-train-parallel:GetScalingFactor():nnet-component.cc:1588) Limiting step size to 10 using scaling factor 0.764926, for component index 2
LOG (nnet-train-parallel:GetScalingFactor():nnet-component.cc:1588) Limiting step size to 10 using scaling factor 0.663391, for component index 2
LOG (nnet-train-parallel:GetScalingFactor():nnet-component.cc:1588) Limiting step size to 10 using scaling factor 0.8062, for component index 2
LOG (nnet-train-parallel:GetScalingFactor():nnet-component.cc:1588) Limiting step size to 10 using scaling factor 0.735257, for component index 2
LOG (nnet-train-parallel:GetScalingFactor():nnet-component.cc:1588) Limiting step size to 10 using scaling factor 0.775983, for component index 2
LOG (nnet-train-parallel:GetScalingFactor():nnet-component.cc:1588) Limiting step size to 10 using scaling factor 0.892391, for component index 2
LOG (nnet-train-parallel:GetScalingFactor():nnet-component.cc:1588) Limiting step size to 10 using scaling factor 0.948404, for component index 2
LOG (nnet-train-parallel:GetScalingFactor():nnet-component.cc:1588) Limiting step size to 10 using scaling factor 0.836446, for component index 2
LOG (nnet-train-parallel:GetScalingFactor():nnet-component.cc:1588) Limiting step size to 10 using scaling factor 0.8229, for component index 2
LOG (nnet-train-parallel:GetScalingFactor():nnet-component.cc:1588) Limiting step size to 10 using scaling factor 0.787095, for component index 2
LOG (nnet-shuffle-egs:main():nnet-shuffle-egs.cc:102) Shuffled order of 3885 neural-network training examples using a buffer (partial randomization)
LOG (nnet-train-parallel:DoBackpropParallel():nnet-update-parallel.cc:194) Did backprop on 3885 examples, average log-prob per frame is -1.1191
LOG (nnet-train-parallel:DoBackpropParallel():nnet-update-parallel.cc:196) [this line is to be parsed by a script:] log-prob-per-frame=-1.1191
LOG (nnet-train-parallel:main():nnet-train-parallel.cc:102) Finished training, processed 3885 training examples (weighted).  Wrote model to exp/nnet4a/30.8.mdl
# Accounting: time=1 threads=1
# Finished at Mon Jul 18 12:01:25 BRT 2016 with status 0
