# nnet-shuffle-egs --buffer-size=5000 --srand=13 ark:exp/nnet4a/egs/egs.9.1.ark ark:- | nnet-train-parallel --num-threads=16 --minibatch-size=128 --srand=13 exp/nnet4a/13.mdl ark:- exp/nnet4a/14.9.mdl 
# Started at Mon Jul  4 17:45:29 BRT 2016
#
nnet-train-parallel --num-threads=16 --minibatch-size=128 --srand=13 exp/nnet4a/13.mdl ark:- exp/nnet4a/14.9.mdl 
nnet-shuffle-egs --buffer-size=5000 --srand=13 ark:exp/nnet4a/egs/egs.9.1.ark ark:- 
LOG (nnet-shuffle-egs:main():nnet-shuffle-egs.cc:102) Shuffled order of 4372 neural-network training examples using a buffer (partial randomization)
LOG (nnet-train-parallel:GetScalingFactor():nnet-component.cc:1588) Limiting step size to 10 using scaling factor 0.922578, for component index 2
LOG (nnet-train-parallel:GetScalingFactor():nnet-component.cc:1588) Limiting step size to 10 using scaling factor 0.978653, for component index 6
LOG (nnet-train-parallel:GetScalingFactor():nnet-component.cc:1588) Limiting step size to 10 using scaling factor 0.920687, for component index 2
LOG (nnet-train-parallel:GetScalingFactor():nnet-component.cc:1588) Limiting step size to 10 using scaling factor 0.882502, for component index 2
LOG (nnet-train-parallel:GetScalingFactor():nnet-component.cc:1588) Limiting step size to 10 using scaling factor 0.895462, for component index 2
LOG (nnet-train-parallel:GetScalingFactor():nnet-component.cc:1588) Limiting step size to 10 using scaling factor 0.816991, for component index 2
LOG (nnet-train-parallel:GetScalingFactor():nnet-component.cc:1588) Limiting step size to 10 using scaling factor 0.790506, for component index 2
LOG (nnet-train-parallel:GetScalingFactor():nnet-component.cc:1588) Limiting step size to 10 using scaling factor 0.782752, for component index 2
LOG (nnet-train-parallel:GetScalingFactor():nnet-component.cc:1588) Limiting step size to 10 using scaling factor 0.826176, for component index 2
LOG (nnet-train-parallel:GetScalingFactor():nnet-component.cc:1588) Limiting step size to 10 using scaling factor 0.895796, for component index 2
LOG (nnet-train-parallel:DoBackpropParallel():nnet-update-parallel.cc:194) Did backprop on 4372 examples, average log-prob per frame is -1.31731
LOG (nnet-train-parallel:DoBackpropParallel():nnet-update-parallel.cc:196) [this line is to be parsed by a script:] log-prob-per-frame=-1.31731
LOG (nnet-train-parallel:main():nnet-train-parallel.cc:102) Finished training, processed 4372 training examples (weighted).  Wrote model to exp/nnet4a/14.9.mdl
# Accounting: time=4 threads=1
# Ended (code 0) at Mon Jul  4 17:45:33 BRT 2016, elapsed time 4 seconds
