# nnet-shuffle-egs --buffer-size=5000 --srand=0 ark:exp/nnet4a/egs/egs.10.0.ark ark:- | nnet-train-parallel --num-threads=16 --minibatch-size=128 --srand=0 exp/nnet4a/0.mdl ark:- exp/nnet4a/1.10.mdl 
# Started at Mon Jul  4 17:41:51 BRT 2016
#
nnet-train-parallel --num-threads=16 --minibatch-size=128 --srand=0 exp/nnet4a/0.mdl ark:- exp/nnet4a/1.10.mdl 
nnet-shuffle-egs --buffer-size=5000 --srand=0 ark:exp/nnet4a/egs/egs.10.0.ark ark:- 
LOG (nnet-train-parallel:GetScalingFactor():nnet-component.cc:1588) Limiting step size to 10 using scaling factor 0.466206, for component index 4
LOG (nnet-train-parallel:GetScalingFactor():nnet-component.cc:1588) Limiting step size to 10 using scaling factor 0.466069, for component index 4
LOG (nnet-train-parallel:GetScalingFactor():nnet-component.cc:1588) Limiting step size to 10 using scaling factor 0.489858, for component index 4
LOG (nnet-train-parallel:GetScalingFactor():nnet-component.cc:1588) Limiting step size to 10 using scaling factor 0.471418, for component index 4
LOG (nnet-train-parallel:GetScalingFactor():nnet-component.cc:1588) Limiting step size to 10 using scaling factor 0.498581, for component index 4
LOG (nnet-train-parallel:GetScalingFactor():nnet-component.cc:1588) Limiting step size to 10 using scaling factor 0.470427, for component index 4
LOG (nnet-train-parallel:GetScalingFactor():nnet-component.cc:1588) Limiting step size to 10 using scaling factor 0.474655, for component index 4
LOG (nnet-train-parallel:GetScalingFactor():nnet-component.cc:1588) Limiting step size to 10 using scaling factor 0.469026, for component index 4
LOG (nnet-train-parallel:GetScalingFactor():nnet-component.cc:1588) Limiting step size to 10 using scaling factor 0.467431, for component index 4
LOG (nnet-train-parallel:GetScalingFactor():nnet-component.cc:1588) Limiting step size to 10 using scaling factor 0.470489, for component index 4
LOG (nnet-shuffle-egs:main():nnet-shuffle-egs.cc:102) Shuffled order of 4372 neural-network training examples using a buffer (partial randomization)
LOG (nnet-train-parallel:DoBackpropParallel():nnet-update-parallel.cc:194) Did backprop on 4372 examples, average log-prob per frame is -6.98526
LOG (nnet-train-parallel:DoBackpropParallel():nnet-update-parallel.cc:196) [this line is to be parsed by a script:] log-prob-per-frame=-6.98526
LOG (nnet-train-parallel:main():nnet-train-parallel.cc:102) Finished training, processed 4372 training examples (weighted).  Wrote model to exp/nnet4a/1.10.mdl
# Accounting: time=3 threads=1
# Ended (code 0) at Mon Jul  4 17:41:54 BRT 2016, elapsed time 3 seconds
