# Running on water1
# Started at Mon Jul 18 12:06:39 BRT 2016
# nnet-shuffle-egs --buffer-size=5000 --srand=34 ark:exp/nnet4a/egs/egs.3.7.ark ark:- | nnet-train-parallel --num-threads=8 --minibatch-size=128 --srand=34 exp/nnet4a/34.mdl ark:- exp/nnet4a/35.3.mdl 
nnet-train-parallel --num-threads=8 --minibatch-size=128 --srand=34 exp/nnet4a/34.mdl ark:- exp/nnet4a/35.3.mdl 
nnet-shuffle-egs --buffer-size=5000 --srand=34 ark:exp/nnet4a/egs/egs.3.7.ark ark:- 
LOG (nnet-train-parallel:GetScalingFactor():nnet-component.cc:1588) Limiting step size to 10 using scaling factor 0.999067, for component index 2
LOG (nnet-train-parallel:GetScalingFactor():nnet-component.cc:1588) Limiting step size to 10 using scaling factor 0.838507, for component index 2
LOG (nnet-train-parallel:GetScalingFactor():nnet-component.cc:1588) Limiting step size to 10 using scaling factor 0.885124, for component index 2
LOG (nnet-train-parallel:GetScalingFactor():nnet-component.cc:1588) Limiting step size to 10 using scaling factor 0.845783, for component index 2
LOG (nnet-train-parallel:GetScalingFactor():nnet-component.cc:1588) Limiting step size to 10 using scaling factor 0.767658, for component index 2
LOG (nnet-train-parallel:GetScalingFactor():nnet-component.cc:1588) Limiting step size to 10 using scaling factor 0.793744, for component index 2
LOG (nnet-train-parallel:GetScalingFactor():nnet-component.cc:1588) Limiting step size to 10 using scaling factor 0.932884, for component index 2
LOG (nnet-shuffle-egs:main():nnet-shuffle-egs.cc:102) Shuffled order of 3886 neural-network training examples using a buffer (partial randomization)
LOG (nnet-train-parallel:GetScalingFactor():nnet-component.cc:1588) Limiting step size to 10 using scaling factor 0.636236, for component index 2
LOG (nnet-train-parallel:GetScalingFactor():nnet-component.cc:1588) Limiting step size to 10 using scaling factor 0.982677, for component index 4
LOG (nnet-train-parallel:GetScalingFactor():nnet-component.cc:1588) Limiting step size to 10 using scaling factor 0.837123, for component index 4
LOG (nnet-train-parallel:GetScalingFactor():nnet-component.cc:1588) Limiting step size to 10 using scaling factor 0.682632, for component index 2
LOG (nnet-train-parallel:GetScalingFactor():nnet-component.cc:1588) Limiting step size to 10 using scaling factor 0.832581, for component index 4
LOG (nnet-train-parallel:DoBackpropParallel():nnet-update-parallel.cc:194) Did backprop on 3886 examples, average log-prob per frame is -0.945973
LOG (nnet-train-parallel:DoBackpropParallel():nnet-update-parallel.cc:196) [this line is to be parsed by a script:] log-prob-per-frame=-0.945973
LOG (nnet-train-parallel:main():nnet-train-parallel.cc:102) Finished training, processed 3886 training examples (weighted).  Wrote model to exp/nnet4a/35.3.mdl
# Accounting: time=2 threads=1
# Finished at Mon Jul 18 12:06:41 BRT 2016 with status 0
