# nnet-shuffle-egs --buffer-size=5000 --srand=22 ark:exp/nnet4a/egs/egs.9.2.ark ark:- | nnet-train-parallel --num-threads=16 --minibatch-size=128 --srand=22 exp/nnet4a/22.mdl ark:- exp/nnet4a/23.9.mdl 
# Started at Mon Jul  4 17:47:59 BRT 2016
#
nnet-shuffle-egs --buffer-size=5000 --srand=22 ark:exp/nnet4a/egs/egs.9.2.ark ark:- 
nnet-train-parallel --num-threads=16 --minibatch-size=128 --srand=22 exp/nnet4a/22.mdl ark:- exp/nnet4a/23.9.mdl 
LOG (nnet-shuffle-egs:main():nnet-shuffle-egs.cc:102) Shuffled order of 4372 neural-network training examples using a buffer (partial randomization)
LOG (nnet-train-parallel:GetScalingFactor():nnet-component.cc:1588) Limiting step size to 10 using scaling factor 0.862248, for component index 4
LOG (nnet-train-parallel:GetScalingFactor():nnet-component.cc:1588) Limiting step size to 10 using scaling factor 0.949073, for component index 4
LOG (nnet-train-parallel:GetScalingFactor():nnet-component.cc:1588) Limiting step size to 10 using scaling factor 0.830419, for component index 4
LOG (nnet-train-parallel:GetScalingFactor():nnet-component.cc:1588) Limiting step size to 10 using scaling factor 0.820391, for component index 4
LOG (nnet-train-parallel:GetScalingFactor():nnet-component.cc:1588) Limiting step size to 10 using scaling factor 0.898473, for component index 4
LOG (nnet-train-parallel:GetScalingFactor():nnet-component.cc:1588) Limiting step size to 10 using scaling factor 0.827144, for component index 4
LOG (nnet-train-parallel:GetScalingFactor():nnet-component.cc:1588) Limiting step size to 10 using scaling factor 0.814689, for component index 4
LOG (nnet-train-parallel:GetScalingFactor():nnet-component.cc:1588) Limiting step size to 10 using scaling factor 0.808326, for component index 2
LOG (nnet-train-parallel:GetScalingFactor():nnet-component.cc:1588) Limiting step size to 10 using scaling factor 0.701509, for component index 2
LOG (nnet-train-parallel:GetScalingFactor():nnet-component.cc:1588) Limiting step size to 10 using scaling factor 0.719984, for component index 2
LOG (nnet-train-parallel:DoBackpropParallel():nnet-update-parallel.cc:194) Did backprop on 4372 examples, average log-prob per frame is -1.5236
LOG (nnet-train-parallel:DoBackpropParallel():nnet-update-parallel.cc:196) [this line is to be parsed by a script:] log-prob-per-frame=-1.5236
LOG (nnet-train-parallel:main():nnet-train-parallel.cc:102) Finished training, processed 4372 training examples (weighted).  Wrote model to exp/nnet4a/23.9.mdl
# Accounting: time=4 threads=1
# Ended (code 0) at Mon Jul  4 17:48:03 BRT 2016, elapsed time 4 seconds
