# Running on red-black-tea
# Started at Mon Jul 18 11:59:38 BRT 2016
# nnet-shuffle-egs --buffer-size=5000 --srand=28 ark:exp/nnet4a/egs/egs.1.1.ark ark:- | nnet-train-parallel --num-threads=8 --minibatch-size=128 --srand=28 exp/nnet4a/28.mdl ark:- exp/nnet4a/29.1.mdl 
nnet-shuffle-egs --buffer-size=5000 --srand=28 ark:exp/nnet4a/egs/egs.1.1.ark ark:- 
nnet-train-parallel --num-threads=8 --minibatch-size=128 --srand=28 exp/nnet4a/28.mdl ark:- exp/nnet4a/29.1.mdl 
LOG (nnet-train-parallel:GetScalingFactor():nnet-component.cc:1588) Limiting step size to 10 using scaling factor 0.955805, for component index 2
LOG (nnet-train-parallel:GetScalingFactor():nnet-component.cc:1588) Limiting step size to 10 using scaling factor 0.846605, for component index 2
LOG (nnet-train-parallel:GetScalingFactor():nnet-component.cc:1588) Limiting step size to 10 using scaling factor 0.992649, for component index 2
LOG (nnet-train-parallel:GetScalingFactor():nnet-component.cc:1588) Limiting step size to 10 using scaling factor 0.975153, for component index 2
LOG (nnet-train-parallel:GetScalingFactor():nnet-component.cc:1588) Limiting step size to 10 using scaling factor 0.860109, for component index 2
LOG (nnet-train-parallel:GetScalingFactor():nnet-component.cc:1588) Limiting step size to 10 using scaling factor 0.813618, for component index 2
LOG (nnet-train-parallel:GetScalingFactor():nnet-component.cc:1588) Limiting step size to 10 using scaling factor 0.824652, for component index 2
LOG (nnet-train-parallel:GetScalingFactor():nnet-component.cc:1588) Limiting step size to 10 using scaling factor 0.752425, for component index 2
LOG (nnet-train-parallel:GetScalingFactor():nnet-component.cc:1588) Limiting step size to 10 using scaling factor 0.614347, for component index 2
LOG (nnet-train-parallel:GetScalingFactor():nnet-component.cc:1588) Limiting step size to 10 using scaling factor 0.7001, for component index 2
LOG (nnet-shuffle-egs:main():nnet-shuffle-egs.cc:102) Shuffled order of 3887 neural-network training examples using a buffer (partial randomization)
LOG (nnet-train-parallel:DoBackpropParallel():nnet-update-parallel.cc:194) Did backprop on 3887 examples, average log-prob per frame is -0.872847
LOG (nnet-train-parallel:DoBackpropParallel():nnet-update-parallel.cc:196) [this line is to be parsed by a script:] log-prob-per-frame=-0.872847
LOG (nnet-train-parallel:main():nnet-train-parallel.cc:102) Finished training, processed 3887 training examples (weighted).  Wrote model to exp/nnet4a/29.1.mdl
# Accounting: time=1 threads=1
# Finished at Mon Jul 18 11:59:39 BRT 2016 with status 0
