# nnet-shuffle-egs --buffer-size=5000 --srand=14 ark:exp/nnet4a/egs/egs.3.2.ark ark:- | nnet-train-parallel --num-threads=16 --minibatch-size=128 --srand=14 exp/nnet4a/14.mdl ark:- exp/nnet4a/15.3.mdl 
# Started at Mon Jul  4 17:45:37 BRT 2016
#
nnet-train-parallel --num-threads=16 --minibatch-size=128 --srand=14 exp/nnet4a/14.mdl ark:- exp/nnet4a/15.3.mdl 
nnet-shuffle-egs --buffer-size=5000 --srand=14 ark:exp/nnet4a/egs/egs.3.2.ark ark:- 
LOG (nnet-shuffle-egs:main():nnet-shuffle-egs.cc:102) Shuffled order of 4373 neural-network training examples using a buffer (partial randomization)
LOG (nnet-train-parallel:GetScalingFactor():nnet-component.cc:1588) Limiting step size to 10 using scaling factor 0.950043, for component index 6
LOG (nnet-train-parallel:GetScalingFactor():nnet-component.cc:1588) Limiting step size to 10 using scaling factor 0.956075, for component index 2
LOG (nnet-train-parallel:GetScalingFactor():nnet-component.cc:1588) Limiting step size to 10 using scaling factor 0.953655, for component index 2
LOG (nnet-train-parallel:GetScalingFactor():nnet-component.cc:1588) Limiting step size to 10 using scaling factor 0.933045, for component index 2
LOG (nnet-train-parallel:GetScalingFactor():nnet-component.cc:1588) Limiting step size to 10 using scaling factor 0.957846, for component index 2
LOG (nnet-train-parallel:GetScalingFactor():nnet-component.cc:1588) Limiting step size to 10 using scaling factor 0.885473, for component index 6
LOG (nnet-train-parallel:GetScalingFactor():nnet-component.cc:1588) Limiting step size to 10 using scaling factor 0.905696, for component index 6
LOG (nnet-train-parallel:GetScalingFactor():nnet-component.cc:1588) Limiting step size to 10 using scaling factor 0.904298, for component index 2
LOG (nnet-train-parallel:GetScalingFactor():nnet-component.cc:1588) Limiting step size to 10 using scaling factor 0.792711, for component index 2
LOG (nnet-train-parallel:GetScalingFactor():nnet-component.cc:1588) Limiting step size to 10 using scaling factor 0.830111, for component index 2
LOG (nnet-train-parallel:DoBackpropParallel():nnet-update-parallel.cc:194) Did backprop on 4373 examples, average log-prob per frame is -1.42891
LOG (nnet-train-parallel:DoBackpropParallel():nnet-update-parallel.cc:196) [this line is to be parsed by a script:] log-prob-per-frame=-1.42891
LOG (nnet-train-parallel:main():nnet-train-parallel.cc:102) Finished training, processed 4373 training examples (weighted).  Wrote model to exp/nnet4a/15.3.mdl
# Accounting: time=4 threads=1
# Ended (code 0) at Mon Jul  4 17:45:41 BRT 2016, elapsed time 4 seconds
