# Running on water1
# Started at Mon Jul 18 11:39:10 BRT 2016
# nnet-shuffle-egs --buffer-size=5000 --srand=10 ark:exp/nnet4a/egs/egs.5.1.ark ark:- | nnet-train-parallel --num-threads=8 --minibatch-size=128 --srand=10 exp/nnet4a/10.mdl ark:- exp/nnet4a/11.5.mdl 
nnet-train-parallel --num-threads=8 --minibatch-size=128 --srand=10 exp/nnet4a/10.mdl ark:- exp/nnet4a/11.5.mdl 
nnet-shuffle-egs --buffer-size=5000 --srand=10 ark:exp/nnet4a/egs/egs.5.1.ark ark:- 
LOG (nnet-train-parallel:GetScalingFactor():nnet-component.cc:1588) Limiting step size to 10 using scaling factor 0.98828, for component index 6
LOG (nnet-train-parallel:GetScalingFactor():nnet-component.cc:1588) Limiting step size to 10 using scaling factor 0.993247, for component index 6
LOG (nnet-train-parallel:GetScalingFactor():nnet-component.cc:1588) Limiting step size to 10 using scaling factor 0.885827, for component index 6
LOG (nnet-train-parallel:GetScalingFactor():nnet-component.cc:1588) Limiting step size to 10 using scaling factor 0.979652, for component index 6
LOG (nnet-train-parallel:GetScalingFactor():nnet-component.cc:1588) Limiting step size to 10 using scaling factor 0.956364, for component index 6
LOG (nnet-train-parallel:GetScalingFactor():nnet-component.cc:1588) Limiting step size to 10 using scaling factor 0.829798, for component index 6
LOG (nnet-train-parallel:GetScalingFactor():nnet-component.cc:1588) Limiting step size to 10 using scaling factor 0.862997, for component index 6
LOG (nnet-train-parallel:GetScalingFactor():nnet-component.cc:1588) Limiting step size to 10 using scaling factor 0.873283, for component index 6
LOG (nnet-train-parallel:GetScalingFactor():nnet-component.cc:1588) Limiting step size to 10 using scaling factor 0.807045, for component index 6
LOG (nnet-train-parallel:GetScalingFactor():nnet-component.cc:1588) Limiting step size to 10 using scaling factor 0.933562, for component index 6
LOG (nnet-shuffle-egs:main():nnet-shuffle-egs.cc:102) Shuffled order of 3886 neural-network training examples using a buffer (partial randomization)
LOG (nnet-train-parallel:DoBackpropParallel():nnet-update-parallel.cc:194) Did backprop on 3886 examples, average log-prob per frame is -1.39859
LOG (nnet-train-parallel:DoBackpropParallel():nnet-update-parallel.cc:196) [this line is to be parsed by a script:] log-prob-per-frame=-1.39859
LOG (nnet-train-parallel:main():nnet-train-parallel.cc:102) Finished training, processed 3886 training examples (weighted).  Wrote model to exp/nnet4a/11.5.mdl
# Accounting: time=1 threads=1
# Finished at Mon Jul 18 11:39:11 BRT 2016 with status 0
