# nnet-shuffle-egs --buffer-size=5000 --srand=8 ark:exp/nnet4a/egs/egs.15.0.ark ark:- | nnet-train-parallel --num-threads=16 --minibatch-size=128 --srand=8 exp/nnet4a/8.mdl ark:- exp/nnet4a/9.15.mdl 
# Started at Mon Jul  4 17:44:09 BRT 2016
#
nnet-shuffle-egs --buffer-size=5000 --srand=8 ark:exp/nnet4a/egs/egs.15.0.ark ark:- 
nnet-train-parallel --num-threads=16 --minibatch-size=128 --srand=8 exp/nnet4a/8.mdl ark:- exp/nnet4a/9.15.mdl 
LOG (nnet-train-parallel:GetScalingFactor():nnet-component.cc:1588) Limiting step size to 10 using scaling factor 0.859514, for component index 6
LOG (nnet-train-parallel:GetScalingFactor():nnet-component.cc:1588) Limiting step size to 10 using scaling factor 0.957538, for component index 6
LOG (nnet-train-parallel:GetScalingFactor():nnet-component.cc:1588) Limiting step size to 10 using scaling factor 0.928052, for component index 6
LOG (nnet-train-parallel:GetScalingFactor():nnet-component.cc:1588) Limiting step size to 10 using scaling factor 0.900055, for component index 6
LOG (nnet-train-parallel:GetScalingFactor():nnet-component.cc:1588) Limiting step size to 10 using scaling factor 0.963418, for component index 6
LOG (nnet-train-parallel:GetScalingFactor():nnet-component.cc:1588) Limiting step size to 10 using scaling factor 0.871091, for component index 6
LOG (nnet-train-parallel:GetScalingFactor():nnet-component.cc:1588) Limiting step size to 10 using scaling factor 0.864806, for component index 6
LOG (nnet-train-parallel:GetScalingFactor():nnet-component.cc:1588) Limiting step size to 10 using scaling factor 0.958635, for component index 6
LOG (nnet-train-parallel:GetScalingFactor():nnet-component.cc:1588) Limiting step size to 10 using scaling factor 0.877264, for component index 6
LOG (nnet-train-parallel:GetScalingFactor():nnet-component.cc:1588) Limiting step size to 10 using scaling factor 0.979385, for component index 2
LOG (nnet-shuffle-egs:main():nnet-shuffle-egs.cc:102) Shuffled order of 4370 neural-network training examples using a buffer (partial randomization)
LOG (nnet-train-parallel:DoBackpropParallel():nnet-update-parallel.cc:194) Did backprop on 4370 examples, average log-prob per frame is -1.59916
LOG (nnet-train-parallel:DoBackpropParallel():nnet-update-parallel.cc:196) [this line is to be parsed by a script:] log-prob-per-frame=-1.59916
LOG (nnet-train-parallel:main():nnet-train-parallel.cc:102) Finished training, processed 4370 training examples (weighted).  Wrote model to exp/nnet4a/9.15.mdl
# Accounting: time=3 threads=1
# Ended (code 0) at Mon Jul  4 17:44:13 BRT 2016, elapsed time 3 seconds
