# Running on water1
# Started at Mon Jul 18 11:40:39 BRT 2016
# nnet-shuffle-egs --buffer-size=5000 --srand=11 ark:exp/nnet4a/egs/egs.8.2.ark ark:- | nnet-train-parallel --num-threads=8 --minibatch-size=128 --srand=11 exp/nnet4a/11.mdl ark:- exp/nnet4a/12.8.mdl 
nnet-shuffle-egs --buffer-size=5000 --srand=11 ark:exp/nnet4a/egs/egs.8.2.ark ark:- 
nnet-train-parallel --num-threads=8 --minibatch-size=128 --srand=11 exp/nnet4a/11.mdl ark:- exp/nnet4a/12.8.mdl 
LOG (nnet-train-parallel:GetScalingFactor():nnet-component.cc:1588) Limiting step size to 10 using scaling factor 0.985453, for component index 6
LOG (nnet-train-parallel:GetScalingFactor():nnet-component.cc:1588) Limiting step size to 10 using scaling factor 0.841545, for component index 2
LOG (nnet-train-parallel:GetScalingFactor():nnet-component.cc:1588) Limiting step size to 10 using scaling factor 0.905293, for component index 6
LOG (nnet-train-parallel:GetScalingFactor():nnet-component.cc:1588) Limiting step size to 10 using scaling factor 0.931183, for component index 2
LOG (nnet-train-parallel:GetScalingFactor():nnet-component.cc:1588) Limiting step size to 10 using scaling factor 0.922905, for component index 2
LOG (nnet-train-parallel:GetScalingFactor():nnet-component.cc:1588) Limiting step size to 10 using scaling factor 0.815736, for component index 2
LOG (nnet-train-parallel:GetScalingFactor():nnet-component.cc:1588) Limiting step size to 10 using scaling factor 0.967974, for component index 6
LOG (nnet-train-parallel:GetScalingFactor():nnet-component.cc:1588) Limiting step size to 10 using scaling factor 0.87282, for component index 2
LOG (nnet-train-parallel:GetScalingFactor():nnet-component.cc:1588) Limiting step size to 10 using scaling factor 0.801799, for component index 2
LOG (nnet-train-parallel:GetScalingFactor():nnet-component.cc:1588) Limiting step size to 10 using scaling factor 0.95332, for component index 6
LOG (nnet-shuffle-egs:main():nnet-shuffle-egs.cc:102) Shuffled order of 3885 neural-network training examples using a buffer (partial randomization)
LOG (nnet-train-parallel:DoBackpropParallel():nnet-update-parallel.cc:194) Did backprop on 3885 examples, average log-prob per frame is -1.31084
LOG (nnet-train-parallel:DoBackpropParallel():nnet-update-parallel.cc:196) [this line is to be parsed by a script:] log-prob-per-frame=-1.31084
LOG (nnet-train-parallel:main():nnet-train-parallel.cc:102) Finished training, processed 3885 training examples (weighted).  Wrote model to exp/nnet4a/12.8.mdl
# Accounting: time=1 threads=1
# Finished at Mon Jul 18 11:40:40 BRT 2016 with status 0
