# nnet-shuffle-egs --buffer-size=5000 --srand=7 ark:exp/nnet4a/egs/egs.12.3.ark ark:- | nnet-train-parallel --num-threads=16 --minibatch-size=128 --srand=7 exp/nnet4a/7.mdl ark:- exp/nnet4a/8.12.mdl 
# Started at Mon Jul  4 17:43:50 BRT 2016
#
nnet-shuffle-egs --buffer-size=5000 --srand=7 ark:exp/nnet4a/egs/egs.12.3.ark ark:- 
nnet-train-parallel --num-threads=16 --minibatch-size=128 --srand=7 exp/nnet4a/7.mdl ark:- exp/nnet4a/8.12.mdl 
LOG (nnet-train-parallel:GetScalingFactor():nnet-component.cc:1588) Limiting step size to 10 using scaling factor 0.761458, for component index 6
LOG (nnet-train-parallel:GetScalingFactor():nnet-component.cc:1588) Limiting step size to 10 using scaling factor 0.897192, for component index 6
LOG (nnet-train-parallel:GetScalingFactor():nnet-component.cc:1588) Limiting step size to 10 using scaling factor 0.831826, for component index 6
LOG (nnet-train-parallel:GetScalingFactor():nnet-component.cc:1588) Limiting step size to 10 using scaling factor 0.897973, for component index 6
LOG (nnet-train-parallel:GetScalingFactor():nnet-component.cc:1588) Limiting step size to 10 using scaling factor 0.833712, for component index 6
LOG (nnet-train-parallel:GetScalingFactor():nnet-component.cc:1588) Limiting step size to 10 using scaling factor 0.83219, for component index 6
LOG (nnet-train-parallel:GetScalingFactor():nnet-component.cc:1588) Limiting step size to 10 using scaling factor 0.814918, for component index 6
LOG (nnet-train-parallel:GetScalingFactor():nnet-component.cc:1588) Limiting step size to 10 using scaling factor 0.885063, for component index 6
LOG (nnet-train-parallel:GetScalingFactor():nnet-component.cc:1588) Limiting step size to 10 using scaling factor 0.80582, for component index 6
LOG (nnet-train-parallel:GetScalingFactor():nnet-component.cc:1588) Limiting step size to 10 using scaling factor 0.863229, for component index 6
LOG (nnet-shuffle-egs:main():nnet-shuffle-egs.cc:102) Shuffled order of 4369 neural-network training examples using a buffer (partial randomization)
LOG (nnet-train-parallel:DoBackpropParallel():nnet-update-parallel.cc:194) Did backprop on 4369 examples, average log-prob per frame is -1.91415
LOG (nnet-train-parallel:DoBackpropParallel():nnet-update-parallel.cc:196) [this line is to be parsed by a script:] log-prob-per-frame=-1.91415
LOG (nnet-train-parallel:main():nnet-train-parallel.cc:102) Finished training, processed 4369 training examples (weighted).  Wrote model to exp/nnet4a/8.12.mdl
# Accounting: time=3 threads=1
# Ended (code 0) at Mon Jul  4 17:43:53 BRT 2016, elapsed time 3 seconds
