# Running on red-black-tea
# Started at Mon Jul 18 12:59:08 BRT 2016
# nnet-shuffle-egs --buffer-size=5000 --srand=45 ark:exp/nnet4a/egs/egs.1.0.ark ark:- | nnet-train-parallel --num-threads=8 --minibatch-size=128 --srand=45 exp/nnet4a/45.mdl ark:- exp/nnet4a/46.1.mdl 
nnet-shuffle-egs --buffer-size=5000 --srand=45 ark:exp/nnet4a/egs/egs.1.0.ark ark:- 
nnet-train-parallel --num-threads=8 --minibatch-size=128 --srand=45 exp/nnet4a/45.mdl ark:- exp/nnet4a/46.1.mdl 
LOG (nnet-train-parallel:GetScalingFactor():nnet-component.cc:1588) Limiting step size to 10 using scaling factor 0.976979, for component index 4
LOG (nnet-train-parallel:GetScalingFactor():nnet-component.cc:1588) Limiting step size to 10 using scaling factor 0.444897, for component index 2
LOG (nnet-train-parallel:GetScalingFactor():nnet-component.cc:1588) Limiting step size to 10 using scaling factor 0.699098, for component index 2
LOG (nnet-train-parallel:GetScalingFactor():nnet-component.cc:1588) Limiting step size to 10 using scaling factor 0.546319, for component index 2
LOG (nnet-train-parallel:GetScalingFactor():nnet-component.cc:1588) Limiting step size to 10 using scaling factor 0.709789, for component index 2
LOG (nnet-train-parallel:GetScalingFactor():nnet-component.cc:1588) Limiting step size to 10 using scaling factor 0.548207, for component index 2
LOG (nnet-train-parallel:GetScalingFactor():nnet-component.cc:1588) Limiting step size to 10 using scaling factor 0.57568, for component index 2
LOG (nnet-train-parallel:GetScalingFactor():nnet-component.cc:1588) Limiting step size to 10 using scaling factor 0.669187, for component index 2
LOG (nnet-train-parallel:GetScalingFactor():nnet-component.cc:1588) Limiting step size to 10 using scaling factor 0.646181, for component index 2
LOG (nnet-shuffle-egs:main():nnet-shuffle-egs.cc:102) Shuffled order of 3888 neural-network training examples using a buffer (partial randomization)
LOG (nnet-train-parallel:GetScalingFactor():nnet-component.cc:1588) Limiting step size to 10 using scaling factor 0.612485, for component index 2
LOG (nnet-train-parallel:DoBackpropParallel():nnet-update-parallel.cc:194) Did backprop on 3888 examples, average log-prob per frame is -0.893097
LOG (nnet-train-parallel:DoBackpropParallel():nnet-update-parallel.cc:196) [this line is to be parsed by a script:] log-prob-per-frame=-0.893097
LOG (nnet-train-parallel:main():nnet-train-parallel.cc:102) Finished training, processed 3888 training examples (weighted).  Wrote model to exp/nnet4a/46.1.mdl
# Accounting: time=1 threads=1
# Finished at Mon Jul 18 12:59:09 BRT 2016 with status 0
