# nnet-shuffle-egs --buffer-size=5000 --srand=4 ark:exp/nnet4a/egs/egs.9.0.ark ark:- | nnet-train-parallel --num-threads=16 --minibatch-size=128 --srand=4 exp/nnet4a/4.mdl ark:- exp/nnet4a/5.9.mdl 
# Started at Mon Jul  4 17:42:59 BRT 2016
#
nnet-shuffle-egs --buffer-size=5000 --srand=4 ark:exp/nnet4a/egs/egs.9.0.ark ark:- 
nnet-train-parallel --num-threads=16 --minibatch-size=128 --srand=4 exp/nnet4a/4.mdl ark:- exp/nnet4a/5.9.mdl 
LOG (nnet-train-parallel:GetScalingFactor():nnet-component.cc:1588) Limiting step size to 10 using scaling factor 0.730628, for component index 6
LOG (nnet-train-parallel:GetScalingFactor():nnet-component.cc:1588) Limiting step size to 10 using scaling factor 0.760861, for component index 6
LOG (nnet-train-parallel:GetScalingFactor():nnet-component.cc:1588) Limiting step size to 10 using scaling factor 0.749194, for component index 6
LOG (nnet-train-parallel:GetScalingFactor():nnet-component.cc:1588) Limiting step size to 10 using scaling factor 0.758533, for component index 6
LOG (nnet-train-parallel:GetScalingFactor():nnet-component.cc:1588) Limiting step size to 10 using scaling factor 0.776117, for component index 6
LOG (nnet-train-parallel:GetScalingFactor():nnet-component.cc:1588) Limiting step size to 10 using scaling factor 0.739391, for component index 6
LOG (nnet-train-parallel:GetScalingFactor():nnet-component.cc:1588) Limiting step size to 10 using scaling factor 0.750209, for component index 6
LOG (nnet-train-parallel:GetScalingFactor():nnet-component.cc:1588) Limiting step size to 10 using scaling factor 0.789846, for component index 6
LOG (nnet-train-parallel:GetScalingFactor():nnet-component.cc:1588) Limiting step size to 10 using scaling factor 0.784231, for component index 6
LOG (nnet-train-parallel:GetScalingFactor():nnet-component.cc:1588) Limiting step size to 10 using scaling factor 0.738894, for component index 6
LOG (nnet-shuffle-egs:main():nnet-shuffle-egs.cc:102) Shuffled order of 4373 neural-network training examples using a buffer (partial randomization)
LOG (nnet-train-parallel:DoBackpropParallel():nnet-update-parallel.cc:194) Did backprop on 4373 examples, average log-prob per frame is -2.55484
LOG (nnet-train-parallel:DoBackpropParallel():nnet-update-parallel.cc:196) [this line is to be parsed by a script:] log-prob-per-frame=-2.55484
LOG (nnet-train-parallel:main():nnet-train-parallel.cc:102) Finished training, processed 4373 training examples (weighted).  Wrote model to exp/nnet4a/5.9.mdl
# Accounting: time=3 threads=1
# Ended (code 0) at Mon Jul  4 17:43:02 BRT 2016, elapsed time 3 seconds
