# nnet-shuffle-egs --buffer-size=5000 --srand=21 ark:exp/nnet4a/egs/egs.11.1.ark ark:- | nnet-train-parallel --num-threads=16 --minibatch-size=128 --srand=21 exp/nnet4a/21.mdl ark:- exp/nnet4a/22.11.mdl 
# Started at Mon Jul  4 17:47:43 BRT 2016
#
nnet-shuffle-egs --buffer-size=5000 --srand=21 ark:exp/nnet4a/egs/egs.11.1.ark ark:- 
nnet-train-parallel --num-threads=16 --minibatch-size=128 --srand=21 exp/nnet4a/21.mdl ark:- exp/nnet4a/22.11.mdl 
LOG (nnet-shuffle-egs:main():nnet-shuffle-egs.cc:102) Shuffled order of 4370 neural-network training examples using a buffer (partial randomization)
LOG (nnet-train-parallel:GetScalingFactor():nnet-component.cc:1588) Limiting step size to 10 using scaling factor 0.916149, for component index 4
LOG (nnet-train-parallel:GetScalingFactor():nnet-component.cc:1588) Limiting step size to 10 using scaling factor 0.925828, for component index 4
LOG (nnet-train-parallel:GetScalingFactor():nnet-component.cc:1588) Limiting step size to 10 using scaling factor 0.854782, for component index 2
LOG (nnet-train-parallel:GetScalingFactor():nnet-component.cc:1588) Limiting step size to 10 using scaling factor 0.818121, for component index 4
LOG (nnet-train-parallel:GetScalingFactor():nnet-component.cc:1588) Limiting step size to 10 using scaling factor 0.733325, for component index 4
LOG (nnet-train-parallel:GetScalingFactor():nnet-component.cc:1588) Limiting step size to 10 using scaling factor 0.761308, for component index 4
LOG (nnet-train-parallel:GetScalingFactor():nnet-component.cc:1588) Limiting step size to 10 using scaling factor 0.881049, for component index 2
LOG (nnet-train-parallel:GetScalingFactor():nnet-component.cc:1588) Limiting step size to 10 using scaling factor 0.763099, for component index 4
LOG (nnet-train-parallel:GetScalingFactor():nnet-component.cc:1588) Limiting step size to 10 using scaling factor 0.724505, for component index 2
LOG (nnet-train-parallel:GetScalingFactor():nnet-component.cc:1588) Limiting step size to 10 using scaling factor 0.72825, for component index 2
LOG (nnet-train-parallel:DoBackpropParallel():nnet-update-parallel.cc:194) Did backprop on 4370 examples, average log-prob per frame is -1.29622
LOG (nnet-train-parallel:DoBackpropParallel():nnet-update-parallel.cc:196) [this line is to be parsed by a script:] log-prob-per-frame=-1.29622
LOG (nnet-train-parallel:main():nnet-train-parallel.cc:102) Finished training, processed 4370 training examples (weighted).  Wrote model to exp/nnet4a/22.11.mdl
# Accounting: time=4 threads=1
# Ended (code 0) at Mon Jul  4 17:47:47 BRT 2016, elapsed time 4 seconds
