# nnet-shuffle-egs --buffer-size=5000 --srand=6 ark:exp/nnet4a/egs/egs.11.2.ark ark:- | nnet-train-parallel --num-threads=16 --minibatch-size=128 --srand=6 exp/nnet4a/6.mdl ark:- exp/nnet4a/7.11.mdl 
# Started at Mon Jul  4 17:43:34 BRT 2016
#
nnet-shuffle-egs --buffer-size=5000 --srand=6 ark:exp/nnet4a/egs/egs.11.2.ark ark:- 
nnet-train-parallel --num-threads=16 --minibatch-size=128 --srand=6 exp/nnet4a/6.mdl ark:- exp/nnet4a/7.11.mdl 
LOG (nnet-train-parallel:GetScalingFactor():nnet-component.cc:1588) Limiting step size to 10 using scaling factor 0.946213, for component index 6
LOG (nnet-train-parallel:GetScalingFactor():nnet-component.cc:1588) Limiting step size to 10 using scaling factor 0.831648, for component index 6
LOG (nnet-train-parallel:GetScalingFactor():nnet-component.cc:1588) Limiting step size to 10 using scaling factor 0.909332, for component index 2
LOG (nnet-train-parallel:GetScalingFactor():nnet-component.cc:1588) Limiting step size to 10 using scaling factor 0.796292, for component index 6
LOG (nnet-train-parallel:GetScalingFactor():nnet-component.cc:1588) Limiting step size to 10 using scaling factor 0.833827, for component index 6
LOG (nnet-train-parallel:GetScalingFactor():nnet-component.cc:1588) Limiting step size to 10 using scaling factor 0.818268, for component index 6
LOG (nnet-train-parallel:GetScalingFactor():nnet-component.cc:1588) Limiting step size to 10 using scaling factor 0.79117, for component index 6
LOG (nnet-train-parallel:GetScalingFactor():nnet-component.cc:1588) Limiting step size to 10 using scaling factor 0.869054, for component index 6
LOG (nnet-train-parallel:GetScalingFactor():nnet-component.cc:1588) Limiting step size to 10 using scaling factor 0.848639, for component index 6
LOG (nnet-train-parallel:GetScalingFactor():nnet-component.cc:1588) Limiting step size to 10 using scaling factor 0.872131, for component index 6
LOG (nnet-shuffle-egs:main():nnet-shuffle-egs.cc:102) Shuffled order of 4370 neural-network training examples using a buffer (partial randomization)
LOG (nnet-train-parallel:DoBackpropParallel():nnet-update-parallel.cc:194) Did backprop on 4370 examples, average log-prob per frame is -1.87993
LOG (nnet-train-parallel:DoBackpropParallel():nnet-update-parallel.cc:196) [this line is to be parsed by a script:] log-prob-per-frame=-1.87993
LOG (nnet-train-parallel:main():nnet-train-parallel.cc:102) Finished training, processed 4370 training examples (weighted).  Wrote model to exp/nnet4a/7.11.mdl
# Accounting: time=3 threads=1
# Ended (code 0) at Mon Jul  4 17:43:37 BRT 2016, elapsed time 3 seconds
