# Running on water1
# Started at Mon Jul 18 12:55:54 BRT 2016
# nnet-shuffle-egs --buffer-size=5000 --srand=42 ark:exp/nnet4a/egs/egs.1.6.ark ark:- | nnet-train-parallel --num-threads=8 --minibatch-size=128 --srand=42 exp/nnet4a/42.mdl ark:- exp/nnet4a/43.1.mdl 
nnet-shuffle-egs --buffer-size=5000 --srand=42 ark:exp/nnet4a/egs/egs.1.6.ark ark:- 
nnet-train-parallel --num-threads=8 --minibatch-size=128 --srand=42 exp/nnet4a/42.mdl ark:- exp/nnet4a/43.1.mdl 
LOG (nnet-train-parallel:GetScalingFactor():nnet-component.cc:1588) Limiting step size to 10 using scaling factor 0.496893, for component index 2
LOG (nnet-train-parallel:GetScalingFactor():nnet-component.cc:1588) Limiting step size to 10 using scaling factor 0.736871, for component index 2
LOG (nnet-train-parallel:GetScalingFactor():nnet-component.cc:1588) Limiting step size to 10 using scaling factor 0.732889, for component index 2
LOG (nnet-train-parallel:GetScalingFactor():nnet-component.cc:1588) Limiting step size to 10 using scaling factor 0.582219, for component index 2
LOG (nnet-train-parallel:GetScalingFactor():nnet-component.cc:1588) Limiting step size to 10 using scaling factor 0.694077, for component index 2
LOG (nnet-train-parallel:GetScalingFactor():nnet-component.cc:1588) Limiting step size to 10 using scaling factor 0.665633, for component index 2
LOG (nnet-train-parallel:GetScalingFactor():nnet-component.cc:1588) Limiting step size to 10 using scaling factor 0.630388, for component index 2
LOG (nnet-train-parallel:GetScalingFactor():nnet-component.cc:1588) Limiting step size to 10 using scaling factor 0.891065, for component index 2
LOG (nnet-train-parallel:GetScalingFactor():nnet-component.cc:1588) Limiting step size to 10 using scaling factor 0.654896, for component index 2
LOG (nnet-train-parallel:GetScalingFactor():nnet-component.cc:1588) Limiting step size to 10 using scaling factor 0.914456, for component index 2
LOG (nnet-shuffle-egs:main():nnet-shuffle-egs.cc:102) Shuffled order of 3887 neural-network training examples using a buffer (partial randomization)
LOG (nnet-train-parallel:DoBackpropParallel():nnet-update-parallel.cc:194) Did backprop on 3887 examples, average log-prob per frame is -0.918914
LOG (nnet-train-parallel:DoBackpropParallel():nnet-update-parallel.cc:196) [this line is to be parsed by a script:] log-prob-per-frame=-0.918914
LOG (nnet-train-parallel:main():nnet-train-parallel.cc:102) Finished training, processed 3887 training examples (weighted).  Wrote model to exp/nnet4a/43.1.mdl
# Accounting: time=1 threads=1
# Finished at Mon Jul 18 12:55:55 BRT 2016 with status 0
