# ali-to-post "ark:gunzip -c exp/tri2b/ali.16.gz|" ark:- | weight-silence-post 0.0 1:2:3:4:5:6:7:8:9:10 exp/tri2b/4.mdl ark:- ark:- | gmm-acc-mllt --rand-prune=4.0 exp/tri2b/4.mdl "ark,s,cs:apply-cmvn  --utt2spk=ark:data/train/split20/16/utt2spk scp:data/train/split20/16/cmvn.scp scp:data/train/split20/16/feats.scp ark:- | splice-feats  ark:- ark:- | transform-feats exp/tri2b/2.mat ark:- ark:- |" ark:- exp/tri2b/4.16.macc 
# Started at Mon Jul  4 16:11:09 BRT 2016
#
weight-silence-post 0.0 1:2:3:4:5:6:7:8:9:10 exp/tri2b/4.mdl ark:- ark:- 
gmm-acc-mllt --rand-prune=4.0 exp/tri2b/4.mdl 'ark,s,cs:apply-cmvn  --utt2spk=ark:data/train/split20/16/utt2spk scp:data/train/split20/16/cmvn.scp scp:data/train/split20/16/feats.scp ark:- | splice-feats  ark:- ark:- | transform-feats exp/tri2b/2.mat ark:- ark:- |' ark:- exp/tri2b/4.16.macc 
ali-to-post 'ark:gunzip -c exp/tri2b/ali.16.gz|' ark:- 
transform-feats exp/tri2b/2.mat ark:- ark:- 
splice-feats ark:- ark:- 
apply-cmvn --utt2spk=ark:data/train/split20/16/utt2spk scp:data/train/split20/16/cmvn.scp scp:data/train/split20/16/feats.scp ark:- 
LOG (gmm-acc-mllt:main():gmm-acc-mllt.cc:108) Average like for this file is -52.4357 over 638 frames.
LOG (ali-to-post:main():ali-to-post.cc:65) Converted 10 alignments.
LOG (gmm-acc-mllt:main():gmm-acc-mllt.cc:108) Average like for this file is -52.088 over 733 frames.
LOG (gmm-acc-mllt:main():gmm-acc-mllt.cc:108) Average like for this file is -51.9532 over 823 frames.
LOG (gmm-acc-mllt:main():gmm-acc-mllt.cc:108) Average like for this file is -49.8303 over 811 frames.
LOG (gmm-acc-mllt:main():gmm-acc-mllt.cc:108) Average like for this file is -51.6255 over 641 frames.
LOG (weight-silence-post:main():weight-silence-post.cc:95) Done 10 posteriors.
LOG (gmm-acc-mllt:main():gmm-acc-mllt.cc:108) Average like for this file is -51.532 over 740 frames.
LOG (apply-cmvn:main():apply-cmvn.cc:146) Applied cepstral mean normalization to 10 utterances, errors on 0
LOG (gmm-acc-mllt:main():gmm-acc-mllt.cc:108) Average like for this file is -50.8879 over 606 frames.
LOG (gmm-acc-mllt:main():gmm-acc-mllt.cc:108) Average like for this file is -52.0806 over 716 frames.
LOG (gmm-acc-mllt:main():gmm-acc-mllt.cc:108) Average like for this file is -50.5354 over 722 frames.
LOG (transform-feats:main():transform-feats.cc:158) Overall average [pseudo-]logdet is -84.0895 over 13083 frames.
LOG (transform-feats:main():transform-feats.cc:161) Applied transform to 10 utterances; 0 had errors.
LOG (gmm-acc-mllt:main():gmm-acc-mllt.cc:108) Average like for this file is -52.7641 over 661 frames.
LOG (gmm-acc-mllt:main():gmm-acc-mllt.cc:114) Avg like per frame so far is -51.5472
LOG (gmm-acc-mllt:main():gmm-acc-mllt.cc:119) Done 10 files, 0 with no posteriors, 0 with other errors.
LOG (gmm-acc-mllt:main():gmm-acc-mllt.cc:123) Overall avg like per frame (Gaussian only) = -51.5472 over 7091 frames.
LOG (gmm-acc-mllt:main():gmm-acc-mllt.cc:127) Written accs.
# Accounting: time=0 threads=1
# Ended (code 0) at Mon Jul  4 16:11:09 BRT 2016, elapsed time 0 seconds
