# ali-to-post "ark:gunzip -c exp/tri2b/ali.10.gz|" ark:- | weight-silence-post 0.0 1:2:3:4:5:6:7:8:9:10 exp/tri2b/2.mdl ark:- ark:- | gmm-acc-mllt --rand-prune=4.0 exp/tri2b/2.mdl "ark,s,cs:apply-cmvn  --utt2spk=ark:data/train/split20/10/utt2spk scp:data/train/split20/10/cmvn.scp scp:data/train/split20/10/feats.scp ark:- | splice-feats  ark:- ark:- | transform-feats exp/tri2b/0.mat ark:- ark:- |" ark:- exp/tri2b/2.10.macc 
# Started at Mon Jul  4 16:11:00 BRT 2016
#
gmm-acc-mllt --rand-prune=4.0 exp/tri2b/2.mdl 'ark,s,cs:apply-cmvn  --utt2spk=ark:data/train/split20/10/utt2spk scp:data/train/split20/10/cmvn.scp scp:data/train/split20/10/feats.scp ark:- | splice-feats  ark:- ark:- | transform-feats exp/tri2b/0.mat ark:- ark:- |' ark:- exp/tri2b/2.10.macc 
ali-to-post 'ark:gunzip -c exp/tri2b/ali.10.gz|' ark:- 
weight-silence-post 0.0 1:2:3:4:5:6:7:8:9:10 exp/tri2b/2.mdl ark:- ark:- 
splice-feats ark:- ark:- 
apply-cmvn --utt2spk=ark:data/train/split20/10/utt2spk scp:data/train/split20/10/cmvn.scp scp:data/train/split20/10/feats.scp ark:- 
transform-feats exp/tri2b/0.mat ark:- ark:- 
LOG (gmm-acc-mllt:main():gmm-acc-mllt.cc:108) Average like for this file is -53.5708 over 620 frames.
LOG (ali-to-post:main():ali-to-post.cc:65) Converted 10 alignments.
LOG (gmm-acc-mllt:main():gmm-acc-mllt.cc:108) Average like for this file is -51.4827 over 693 frames.
LOG (gmm-acc-mllt:main():gmm-acc-mllt.cc:108) Average like for this file is -52.3351 over 617 frames.
LOG (gmm-acc-mllt:main():gmm-acc-mllt.cc:108) Average like for this file is -52.6253 over 700 frames.
LOG (gmm-acc-mllt:main():gmm-acc-mllt.cc:108) Average like for this file is -52.1341 over 678 frames.
LOG (weight-silence-post:main():weight-silence-post.cc:95) Done 10 posteriors.
LOG (gmm-acc-mllt:main():gmm-acc-mllt.cc:108) Average like for this file is -51.6526 over 704 frames.
LOG (gmm-acc-mllt:main():gmm-acc-mllt.cc:108) Average like for this file is -52.4943 over 714 frames.
LOG (apply-cmvn:main():apply-cmvn.cc:146) Applied cepstral mean normalization to 10 utterances, errors on 0
LOG (gmm-acc-mllt:main():gmm-acc-mllt.cc:108) Average like for this file is -53.133 over 799 frames.
LOG (gmm-acc-mllt:main():gmm-acc-mllt.cc:108) Average like for this file is -50.6469 over 728 frames.
LOG (transform-feats:main():transform-feats.cc:158) Overall average [pseudo-]logdet is -84.3438 over 13707 frames.
LOG (transform-feats:main():transform-feats.cc:161) Applied transform to 10 utterances; 0 had errors.
LOG (gmm-acc-mllt:main():gmm-acc-mllt.cc:108) Average like for this file is -52.0519 over 754 frames.
LOG (gmm-acc-mllt:main():gmm-acc-mllt.cc:114) Avg like per frame so far is -52.2024
LOG (gmm-acc-mllt:main():gmm-acc-mllt.cc:119) Done 10 files, 0 with no posteriors, 0 with other errors.
LOG (gmm-acc-mllt:main():gmm-acc-mllt.cc:123) Overall avg like per frame (Gaussian only) = -52.2024 over 7007 frames.
LOG (gmm-acc-mllt:main():gmm-acc-mllt.cc:127) Written accs.
# Accounting: time=0 threads=1
# Ended (code 0) at Mon Jul  4 16:11:00 BRT 2016, elapsed time 0 seconds
