# ali-to-post "ark:gunzip -c exp/tri2b/ali.3.gz|" ark:- | weight-silence-post 0.0 1:2:3:4:5:6:7:8:9:10 exp/tri2b/6.mdl ark:- ark:- | gmm-acc-mllt --rand-prune=4.0 exp/tri2b/6.mdl "ark,s,cs:apply-cmvn  --utt2spk=ark:data/train/split20/3/utt2spk scp:data/train/split20/3/cmvn.scp scp:data/train/split20/3/feats.scp ark:- | splice-feats  ark:- ark:- | transform-feats exp/tri2b/4.mat ark:- ark:- |" ark:- exp/tri2b/6.3.macc 
# Started at Mon Jul  4 16:11:17 BRT 2016
#
weight-silence-post 0.0 1:2:3:4:5:6:7:8:9:10 exp/tri2b/6.mdl ark:- ark:- 
gmm-acc-mllt --rand-prune=4.0 exp/tri2b/6.mdl 'ark,s,cs:apply-cmvn  --utt2spk=ark:data/train/split20/3/utt2spk scp:data/train/split20/3/cmvn.scp scp:data/train/split20/3/feats.scp ark:- | splice-feats  ark:- ark:- | transform-feats exp/tri2b/4.mat ark:- ark:- |' ark:- exp/tri2b/6.3.macc 
ali-to-post 'ark:gunzip -c exp/tri2b/ali.3.gz|' ark:- 
transform-feats exp/tri2b/4.mat ark:- ark:- 
apply-cmvn --utt2spk=ark:data/train/split20/3/utt2spk scp:data/train/split20/3/cmvn.scp scp:data/train/split20/3/feats.scp ark:- 
splice-feats ark:- ark:- 
LOG (gmm-acc-mllt:main():gmm-acc-mllt.cc:108) Average like for this file is -51.4967 over 769 frames.
LOG (ali-to-post:main():ali-to-post.cc:65) Converted 10 alignments.
LOG (gmm-acc-mllt:main():gmm-acc-mllt.cc:108) Average like for this file is -50.0715 over 712 frames.
LOG (gmm-acc-mllt:main():gmm-acc-mllt.cc:108) Average like for this file is -50.2811 over 719 frames.
LOG (gmm-acc-mllt:main():gmm-acc-mllt.cc:108) Average like for this file is -48.6614 over 764 frames.
LOG (gmm-acc-mllt:main():gmm-acc-mllt.cc:108) Average like for this file is -49.732 over 645 frames.
LOG (weight-silence-post:main():weight-silence-post.cc:95) Done 10 posteriors.
LOG (gmm-acc-mllt:main():gmm-acc-mllt.cc:108) Average like for this file is -50.6796 over 799 frames.
LOG (gmm-acc-mllt:main():gmm-acc-mllt.cc:108) Average like for this file is -49.5754 over 659 frames.
LOG (apply-cmvn:main():apply-cmvn.cc:146) Applied cepstral mean normalization to 10 utterances, errors on 0
LOG (gmm-acc-mllt:main():gmm-acc-mllt.cc:108) Average like for this file is -50.3989 over 728 frames.
LOG (gmm-acc-mllt:main():gmm-acc-mllt.cc:108) Average like for this file is -50.5202 over 792 frames.
LOG (transform-feats:main():transform-feats.cc:158) Overall average [pseudo-]logdet is -83.4584 over 14682 frames.
LOG (transform-feats:main():transform-feats.cc:161) Applied transform to 10 utterances; 0 had errors.
LOG (gmm-acc-mllt:main():gmm-acc-mllt.cc:108) Average like for this file is -49.2561 over 691 frames.
LOG (gmm-acc-mllt:main():gmm-acc-mllt.cc:114) Avg like per frame so far is -50.0907
LOG (gmm-acc-mllt:main():gmm-acc-mllt.cc:119) Done 10 files, 0 with no posteriors, 0 with other errors.
LOG (gmm-acc-mllt:main():gmm-acc-mllt.cc:123) Overall avg like per frame (Gaussian only) = -50.0907 over 7278 frames.
LOG (gmm-acc-mllt:main():gmm-acc-mllt.cc:127) Written accs.
# Accounting: time=0 threads=1
# Ended (code 0) at Mon Jul  4 16:11:17 BRT 2016, elapsed time 0 seconds
