# ali-to-post "ark:gunzip -c exp/tri2b/ali.12.gz|" ark:- | weight-silence-post 0.0 1:2:3:4:5:6:7:8:9:10 exp/tri2b/6.mdl ark:- ark:- | gmm-acc-mllt --rand-prune=4.0 exp/tri2b/6.mdl "ark,s,cs:apply-cmvn  --utt2spk=ark:data/train/split20/12/utt2spk scp:data/train/split20/12/cmvn.scp scp:data/train/split20/12/feats.scp ark:- | splice-feats  ark:- ark:- | transform-feats exp/tri2b/4.mat ark:- ark:- |" ark:- exp/tri2b/6.12.macc 
# Started at Mon Jul  4 16:11:18 BRT 2016
#
gmm-acc-mllt --rand-prune=4.0 exp/tri2b/6.mdl 'ark,s,cs:apply-cmvn  --utt2spk=ark:data/train/split20/12/utt2spk scp:data/train/split20/12/cmvn.scp scp:data/train/split20/12/feats.scp ark:- | splice-feats  ark:- ark:- | transform-feats exp/tri2b/4.mat ark:- ark:- |' ark:- exp/tri2b/6.12.macc 
ali-to-post 'ark:gunzip -c exp/tri2b/ali.12.gz|' ark:- 
weight-silence-post 0.0 1:2:3:4:5:6:7:8:9:10 exp/tri2b/6.mdl ark:- ark:- 
apply-cmvn --utt2spk=ark:data/train/split20/12/utt2spk scp:data/train/split20/12/cmvn.scp scp:data/train/split20/12/feats.scp ark:- 
transform-feats exp/tri2b/4.mat ark:- ark:- 
splice-feats ark:- ark:- 
LOG (gmm-acc-mllt:main():gmm-acc-mllt.cc:108) Average like for this file is -55.7888 over 760 frames.
LOG (ali-to-post:main():ali-to-post.cc:65) Converted 10 alignments.
LOG (gmm-acc-mllt:main():gmm-acc-mllt.cc:108) Average like for this file is -56.9069 over 780 frames.
LOG (gmm-acc-mllt:main():gmm-acc-mllt.cc:108) Average like for this file is -56.3969 over 672 frames.
LOG (gmm-acc-mllt:main():gmm-acc-mllt.cc:108) Average like for this file is -58.1103 over 768 frames.
LOG (gmm-acc-mllt:main():gmm-acc-mllt.cc:108) Average like for this file is -57.8568 over 582 frames.
LOG (weight-silence-post:main():weight-silence-post.cc:95) Done 10 posteriors.
LOG (gmm-acc-mllt:main():gmm-acc-mllt.cc:108) Average like for this file is -58.3024 over 749 frames.
LOG (apply-cmvn:main():apply-cmvn.cc:146) Applied cepstral mean normalization to 10 utterances, errors on 0
LOG (gmm-acc-mllt:main():gmm-acc-mllt.cc:108) Average like for this file is -54.7505 over 669 frames.
LOG (gmm-acc-mllt:main():gmm-acc-mllt.cc:108) Average like for this file is -58.137 over 651 frames.
LOG (gmm-acc-mllt:main():gmm-acc-mllt.cc:108) Average like for this file is -58.7532 over 702 frames.
LOG (transform-feats:main():transform-feats.cc:158) Overall average [pseudo-]logdet is -83.4584 over 15270 frames.
LOG (transform-feats:main():transform-feats.cc:161) Applied transform to 10 utterances; 0 had errors.
LOG (gmm-acc-mllt:main():gmm-acc-mllt.cc:108) Average like for this file is -58.1586 over 593 frames.
LOG (gmm-acc-mllt:main():gmm-acc-mllt.cc:114) Avg like per frame so far is -57.3005
LOG (gmm-acc-mllt:main():gmm-acc-mllt.cc:119) Done 10 files, 0 with no posteriors, 0 with other errors.
LOG (gmm-acc-mllt:main():gmm-acc-mllt.cc:123) Overall avg like per frame (Gaussian only) = -57.3005 over 6926 frames.
LOG (gmm-acc-mllt:main():gmm-acc-mllt.cc:127) Written accs.
# Accounting: time=0 threads=1
# Ended (code 0) at Mon Jul  4 16:11:18 BRT 2016, elapsed time 0 seconds
