# ali-to-post "ark:gunzip -c exp/tri2b/ali.20.gz|" ark:- | weight-silence-post 0.0 1:2:3:4:5:6:7:8:9:10 exp/tri2b/2.mdl ark:- ark:- | gmm-acc-mllt --rand-prune=4.0 exp/tri2b/2.mdl "ark,s,cs:apply-cmvn  --utt2spk=ark:data/train/split20/20/utt2spk scp:data/train/split20/20/cmvn.scp scp:data/train/split20/20/feats.scp ark:- | splice-feats  ark:- ark:- | transform-feats exp/tri2b/0.mat ark:- ark:- |" ark:- exp/tri2b/2.20.macc 
# Started at Mon Jul  4 16:11:00 BRT 2016
#
weight-silence-post 0.0 1:2:3:4:5:6:7:8:9:10 exp/tri2b/2.mdl ark:- ark:- 
ali-to-post 'ark:gunzip -c exp/tri2b/ali.20.gz|' ark:- 
gmm-acc-mllt --rand-prune=4.0 exp/tri2b/2.mdl 'ark,s,cs:apply-cmvn  --utt2spk=ark:data/train/split20/20/utt2spk scp:data/train/split20/20/cmvn.scp scp:data/train/split20/20/feats.scp ark:- | splice-feats  ark:- ark:- | transform-feats exp/tri2b/0.mat ark:- ark:- |' ark:- exp/tri2b/2.20.macc 
splice-feats ark:- ark:- 
transform-feats exp/tri2b/0.mat ark:- ark:- 
apply-cmvn --utt2spk=ark:data/train/split20/20/utt2spk scp:data/train/split20/20/cmvn.scp scp:data/train/split20/20/feats.scp ark:- 
LOG (gmm-acc-mllt:main():gmm-acc-mllt.cc:108) Average like for this file is -53.0119 over 711 frames.
LOG (ali-to-post:main():ali-to-post.cc:65) Converted 10 alignments.
LOG (gmm-acc-mllt:main():gmm-acc-mllt.cc:108) Average like for this file is -53.0735 over 896 frames.
LOG (gmm-acc-mllt:main():gmm-acc-mllt.cc:108) Average like for this file is -52.9177 over 621 frames.
LOG (gmm-acc-mllt:main():gmm-acc-mllt.cc:108) Average like for this file is -52.1963 over 722 frames.
LOG (gmm-acc-mllt:main():gmm-acc-mllt.cc:108) Average like for this file is -50.9683 over 701 frames.
LOG (gmm-acc-mllt:main():gmm-acc-mllt.cc:108) Average like for this file is -52.3201 over 743 frames.
LOG (weight-silence-post:main():weight-silence-post.cc:95) Done 10 posteriors.
LOG (gmm-acc-mllt:main():gmm-acc-mllt.cc:108) Average like for this file is -52.703 over 838 frames.
LOG (apply-cmvn:main():apply-cmvn.cc:146) Applied cepstral mean normalization to 10 utterances, errors on 0
LOG (gmm-acc-mllt:main():gmm-acc-mllt.cc:108) Average like for this file is -51.0661 over 697 frames.
LOG (gmm-acc-mllt:main():gmm-acc-mllt.cc:108) Average like for this file is -51.2978 over 817 frames.
LOG (transform-feats:main():transform-feats.cc:158) Overall average [pseudo-]logdet is -84.3438 over 14408 frames.
LOG (transform-feats:main():transform-feats.cc:161) Applied transform to 10 utterances; 0 had errors.
LOG (gmm-acc-mllt:main():gmm-acc-mllt.cc:108) Average like for this file is -53.616 over 795 frames.
LOG (gmm-acc-mllt:main():gmm-acc-mllt.cc:114) Avg like per frame so far is -52.3391
LOG (gmm-acc-mllt:main():gmm-acc-mllt.cc:119) Done 10 files, 0 with no posteriors, 0 with other errors.
LOG (gmm-acc-mllt:main():gmm-acc-mllt.cc:123) Overall avg like per frame (Gaussian only) = -52.3391 over 7541 frames.
LOG (gmm-acc-mllt:main():gmm-acc-mllt.cc:127) Written accs.
# Accounting: time=1 threads=1
# Ended (code 0) at Mon Jul  4 16:11:01 BRT 2016, elapsed time 1 seconds
