# gmm-est --write-occs=exp/tri2b/21.occs --mix-up=7272 --power=0.25 exp/tri2b/20.mdl "gmm-sum-accs - exp/tri2b/20.*.acc |" exp/tri2b/21.mdl 
# Started at Mon Jul  4 16:12:44 BRT 2016
#
gmm-est --write-occs=exp/tri2b/21.occs --mix-up=7272 --power=0.25 exp/tri2b/20.mdl 'gmm-sum-accs - exp/tri2b/20.*.acc |' exp/tri2b/21.mdl 
gmm-sum-accs - exp/tri2b/20.1.acc exp/tri2b/20.10.acc exp/tri2b/20.11.acc exp/tri2b/20.12.acc exp/tri2b/20.13.acc exp/tri2b/20.14.acc exp/tri2b/20.15.acc exp/tri2b/20.16.acc exp/tri2b/20.17.acc exp/tri2b/20.18.acc exp/tri2b/20.19.acc exp/tri2b/20.2.acc exp/tri2b/20.20.acc exp/tri2b/20.3.acc exp/tri2b/20.4.acc exp/tri2b/20.5.acc exp/tri2b/20.6.acc exp/tri2b/20.7.acc exp/tri2b/20.8.acc exp/tri2b/20.9.acc 
LOG (gmm-sum-accs:main():gmm-sum-accs.cc:63) Summed 20 stats, total count 308780, avg like/frame -39.6538
LOG (gmm-sum-accs:main():gmm-sum-accs.cc:66) Total count of stats is 308780
LOG (gmm-sum-accs:main():gmm-sum-accs.cc:67) Written stats to -
LOG (gmm-est:MleUpdate():transition-model.cc:393) TransitionModel::Update, objf change is 0.000330011 per frame over 308780 frames. 
LOG (gmm-est:MleUpdate():transition-model.cc:396) 327 probabilities floored, 4336 out of 6220 transition-states skipped due to insuffient data (it is normal to have some skipped.)
LOG (gmm-est:main():gmm-est.cc:102) Transition model update: Overall 0.000330011 log-like improvement per frame over 308780 frames.
WARNING (gmm-est:MleDiagGmmUpdate():mle-diag-gmm.cc:365) Gaussian has too little data but not removing it because it is the last Gaussian: i = 0, occ = 0, weight = 1
WARNING (gmm-est:MleDiagGmmUpdate():mle-diag-gmm.cc:365) Gaussian has too little data but not removing it because it is the last Gaussian: i = 0, occ = 0, weight = 1
WARNING (gmm-est:MleDiagGmmUpdate():mle-diag-gmm.cc:365) Gaussian has too little data but not removing it because it is the last Gaussian: i = 0, occ = 0, weight = 1
WARNING (gmm-est:MleDiagGmmUpdate():mle-diag-gmm.cc:359) Too little data - removing Gaussian (weight 0.038098, occupation count 7.505291, vector size 40)
WARNING (gmm-est:MleDiagGmmUpdate():mle-diag-gmm.cc:359) Too little data - removing Gaussian (weight 0.079612, occupation count 8.996186, vector size 40)
WARNING (gmm-est:MleDiagGmmUpdate():mle-diag-gmm.cc:359) Too little data - removing Gaussian (weight 0.114857, occupation count 9.992577, vector size 40)
WARNING (gmm-est:MleDiagGmmUpdate():mle-diag-gmm.cc:359) Too little data - removing Gaussian (weight 0.047713, occupation count 9.638090, vector size 40)
WARNING (gmm-est:MleDiagGmmUpdate():mle-diag-gmm.cc:365) Gaussian has too little data but not removing it because it is the last Gaussian: i = 0, occ = 8, weight = 1
WARNING (gmm-est:MleDiagGmmUpdate():mle-diag-gmm.cc:359) Too little data - removing Gaussian (weight 0.091878, occupation count 9.004025, vector size 40)
WARNING (gmm-est:MleDiagGmmUpdate():mle-diag-gmm.cc:359) Too little data - removing Gaussian (weight 0.052727, occupation count 8.858144, vector size 40)
WARNING (gmm-est:MleDiagGmmUpdate():mle-diag-gmm.cc:359) Too little data - removing Gaussian (weight 0.055422, occupation count 9.366334, vector size 40)
WARNING (gmm-est:MleDiagGmmUpdate():mle-diag-gmm.cc:359) Too little data - removing Gaussian (weight 0.037698, occupation count 9.688465, vector size 40)
WARNING (gmm-est:MleDiagGmmUpdate():mle-diag-gmm.cc:359) Too little data - removing Gaussian (weight 0.128205, occupation count 10.000000, vector size 40)
WARNING (gmm-est:MleDiagGmmUpdate():mle-diag-gmm.cc:365) Gaussian has too little data but not removing it because it is the last Gaussian: i = 0, occ = 5, weight = 1
WARNING (gmm-est:MleDiagGmmUpdate():mle-diag-gmm.cc:365) Gaussian has too little data but not removing it because it is the last Gaussian: i = 0, occ = 9, weight = 1
LOG (gmm-est:MleAmDiagGmmUpdate():mle-am-diag-gmm.cc:225) 0 variance elements floored in 0 Gaussians, out of 6983
LOG (gmm-est:MleAmDiagGmmUpdate():mle-am-diag-gmm.cc:229) Removed 9 Gaussians due to counts < --min-gaussian-occupancy=10 and --remove-low-count-gaussians=true
LOG (gmm-est:main():gmm-est.cc:113) GMM update: Overall 0.160044 objective function improvement per frame over 308780 frames
LOG (gmm-est:main():gmm-est.cc:116) GMM update: Overall avg like per frame = -39.6538 over 308780 frames.
LOG (gmm-est:SplitByCount():am-diag-gmm.cc:116) Split 1394 states with target = 7272, power = 0.25, perturb_factor = 0.01 and min_count = 20, split #Gauss from 6983 to 7325
LOG (gmm-est:main():gmm-est.cc:146) Written model to exp/tri2b/21.mdl
# Accounting: time=1 threads=1
# Ended (code 0) at Mon Jul  4 16:12:45 BRT 2016, elapsed time 1 seconds
