# gmm-est --write-occs=exp/tri2b/15.occs --mix-up=5544 --power=0.25 exp/tri2b/14.mdl "gmm-sum-accs - exp/tri2b/14.*.acc |" exp/tri2b/15.mdl 
# Started at Mon Jul  4 16:12:04 BRT 2016
#
gmm-est --write-occs=exp/tri2b/15.occs --mix-up=5544 --power=0.25 exp/tri2b/14.mdl 'gmm-sum-accs - exp/tri2b/14.*.acc |' exp/tri2b/15.mdl 
gmm-sum-accs - exp/tri2b/14.1.acc exp/tri2b/14.10.acc exp/tri2b/14.11.acc exp/tri2b/14.12.acc exp/tri2b/14.13.acc exp/tri2b/14.14.acc exp/tri2b/14.15.acc exp/tri2b/14.16.acc exp/tri2b/14.17.acc exp/tri2b/14.18.acc exp/tri2b/14.19.acc exp/tri2b/14.2.acc exp/tri2b/14.20.acc exp/tri2b/14.3.acc exp/tri2b/14.4.acc exp/tri2b/14.5.acc exp/tri2b/14.6.acc exp/tri2b/14.7.acc exp/tri2b/14.8.acc exp/tri2b/14.9.acc 
LOG (gmm-sum-accs:main():gmm-sum-accs.cc:63) Summed 20 stats, total count 308780, avg like/frame -40.6752
LOG (gmm-sum-accs:main():gmm-sum-accs.cc:66) Total count of stats is 308780
LOG (gmm-sum-accs:main():gmm-sum-accs.cc:67) Written stats to -
LOG (gmm-est:MleUpdate():transition-model.cc:393) TransitionModel::Update, objf change is -1.87242e-11 per frame over 308780 frames. 
LOG (gmm-est:MleUpdate():transition-model.cc:396) 326 probabilities floored, 4336 out of 6220 transition-states skipped due to insuffient data (it is normal to have some skipped.)
LOG (gmm-est:main():gmm-est.cc:102) Transition model update: Overall -1.87242e-11 log-like improvement per frame over 308780 frames.
WARNING (gmm-est:MleDiagGmmUpdate():mle-diag-gmm.cc:365) Gaussian has too little data but not removing it because it is the last Gaussian: i = 0, occ = 0, weight = 1
WARNING (gmm-est:MleDiagGmmUpdate():mle-diag-gmm.cc:365) Gaussian has too little data but not removing it because it is the last Gaussian: i = 0, occ = 0, weight = 1
WARNING (gmm-est:MleDiagGmmUpdate():mle-diag-gmm.cc:359) Too little data - removing Gaussian (weight 0.108891, occupation count 9.473524, vector size 40)
WARNING (gmm-est:MleDiagGmmUpdate():mle-diag-gmm.cc:365) Gaussian has too little data but not removing it because it is the last Gaussian: i = 0, occ = 0, weight = 1
WARNING (gmm-est:MleDiagGmmUpdate():mle-diag-gmm.cc:359) Too little data - removing Gaussian (weight 0.077473, occupation count 9.994062, vector size 40)
WARNING (gmm-est:MleDiagGmmUpdate():mle-diag-gmm.cc:359) Too little data - removing Gaussian (weight 0.140542, occupation count 9.697422, vector size 40)
WARNING (gmm-est:MleDiagGmmUpdate():mle-diag-gmm.cc:359) Too little data - removing Gaussian (weight 0.146998, occupation count 9.995857, vector size 40)
WARNING (gmm-est:MleDiagGmmUpdate():mle-diag-gmm.cc:359) Too little data - removing Gaussian (weight 0.120073, occupation count 7.804751, vector size 40)
WARNING (gmm-est:MleDiagGmmUpdate():mle-diag-gmm.cc:365) Gaussian has too little data but not removing it because it is the last Gaussian: i = 0, occ = 8, weight = 1
WARNING (gmm-est:MleDiagGmmUpdate():mle-diag-gmm.cc:359) Too little data - removing Gaussian (weight 0.139969, occupation count 9.657852, vector size 40)
WARNING (gmm-est:MleDiagGmmUpdate():mle-diag-gmm.cc:359) Too little data - removing Gaussian (weight 0.089849, occupation count 8.984926, vector size 40)
WARNING (gmm-est:MleDiagGmmUpdate():mle-diag-gmm.cc:365) Gaussian has too little data but not removing it because it is the last Gaussian: i = 0, occ = 5, weight = 1
WARNING (gmm-est:MleDiagGmmUpdate():mle-diag-gmm.cc:365) Gaussian has too little data but not removing it because it is the last Gaussian: i = 0, occ = 9, weight = 1
LOG (gmm-est:MleAmDiagGmmUpdate():mle-am-diag-gmm.cc:225) 0 variance elements floored in 0 Gaussians, out of 5258
LOG (gmm-est:MleAmDiagGmmUpdate():mle-am-diag-gmm.cc:229) Removed 7 Gaussians due to counts < --min-gaussian-occupancy=10 and --remove-low-count-gaussians=true
LOG (gmm-est:main():gmm-est.cc:113) GMM update: Overall 0.0993312 objective function improvement per frame over 308780 frames
LOG (gmm-est:main():gmm-est.cc:116) GMM update: Overall avg like per frame = -40.6752 over 308780 frames.
LOG (gmm-est:SplitByCount():am-diag-gmm.cc:116) Split 1394 states with target = 5544, power = 0.25, perturb_factor = 0.01 and min_count = 20, split #Gauss from 5258 to 5553
LOG (gmm-est:main():gmm-est.cc:146) Written model to exp/tri2b/15.mdl
# Accounting: time=1 threads=1
# Ended (code 0) at Mon Jul  4 16:12:05 BRT 2016, elapsed time 1 seconds
