# gmm-est --write-occs=exp/tri2b/35.occs --mix-up=9000 --power=0.25 exp/tri2b/34.mdl "gmm-sum-accs - exp/tri2b/34.*.acc |" exp/tri2b/35.mdl 
# Started at Mon Jul  4 16:14:51 BRT 2016
#
gmm-est --write-occs=exp/tri2b/35.occs --mix-up=9000 --power=0.25 exp/tri2b/34.mdl 'gmm-sum-accs - exp/tri2b/34.*.acc |' exp/tri2b/35.mdl 
gmm-sum-accs - exp/tri2b/34.1.acc exp/tri2b/34.10.acc exp/tri2b/34.11.acc exp/tri2b/34.12.acc exp/tri2b/34.13.acc exp/tri2b/34.14.acc exp/tri2b/34.15.acc exp/tri2b/34.16.acc exp/tri2b/34.17.acc exp/tri2b/34.18.acc exp/tri2b/34.19.acc exp/tri2b/34.2.acc exp/tri2b/34.20.acc exp/tri2b/34.3.acc exp/tri2b/34.4.acc exp/tri2b/34.5.acc exp/tri2b/34.6.acc exp/tri2b/34.7.acc exp/tri2b/34.8.acc exp/tri2b/34.9.acc 
LOG (gmm-sum-accs:main():gmm-sum-accs.cc:63) Summed 20 stats, total count 308780, avg like/frame -38.0319
LOG (gmm-sum-accs:main():gmm-sum-accs.cc:66) Total count of stats is 308780
LOG (gmm-sum-accs:main():gmm-sum-accs.cc:67) Written stats to -
LOG (gmm-est:MleUpdate():transition-model.cc:393) TransitionModel::Update, objf change is 1.11959e-11 per frame over 308780 frames. 
LOG (gmm-est:MleUpdate():transition-model.cc:396) 327 probabilities floored, 4337 out of 6220 transition-states skipped due to insuffient data (it is normal to have some skipped.)
LOG (gmm-est:main():gmm-est.cc:102) Transition model update: Overall 1.11959e-11 log-like improvement per frame over 308780 frames.
WARNING (gmm-est:MleDiagGmmUpdate():mle-diag-gmm.cc:365) Gaussian has too little data but not removing it because it is the last Gaussian: i = 0, occ = 0, weight = 1
WARNING (gmm-est:MleDiagGmmUpdate():mle-diag-gmm.cc:365) Gaussian has too little data but not removing it because it is the last Gaussian: i = 0, occ = 0, weight = 1
WARNING (gmm-est:MleDiagGmmUpdate():mle-diag-gmm.cc:365) Gaussian has too little data but not removing it because it is the last Gaussian: i = 0, occ = 0, weight = 1
WARNING (gmm-est:MleDiagGmmUpdate():mle-diag-gmm.cc:359) Too little data - removing Gaussian (weight 0.003328, occupation count 9.994788, vector size 40)
WARNING (gmm-est:MleDiagGmmUpdate():mle-diag-gmm.cc:359) Too little data - removing Gaussian (weight 0.008912, occupation count 9.999561, vector size 40)
WARNING (gmm-est:MleDiagGmmUpdate():mle-diag-gmm.cc:365) Gaussian has too little data but not removing it because it is the last Gaussian: i = 0, occ = 8, weight = 1
WARNING (gmm-est:MleDiagGmmUpdate():mle-diag-gmm.cc:359) Too little data - removing Gaussian (weight 0.004351, occupation count 9.618983, vector size 40)
WARNING (gmm-est:MleDiagGmmUpdate():mle-diag-gmm.cc:365) Gaussian has too little data but not removing it because it is the last Gaussian: i = 0, occ = 5, weight = 1
WARNING (gmm-est:MleDiagGmmUpdate():mle-diag-gmm.cc:365) Gaussian has too little data but not removing it because it is the last Gaussian: i = 0, occ = 9, weight = 1
LOG (gmm-est:MleAmDiagGmmUpdate():mle-am-diag-gmm.cc:225) 0 variance elements floored in 0 Gaussians, out of 9103
LOG (gmm-est:MleAmDiagGmmUpdate():mle-am-diag-gmm.cc:229) Removed 3 Gaussians due to counts < --min-gaussian-occupancy=10 and --remove-low-count-gaussians=true
LOG (gmm-est:main():gmm-est.cc:113) GMM update: Overall 0.0286609 objective function improvement per frame over 308780 frames
LOG (gmm-est:main():gmm-est.cc:116) GMM update: Overall avg like per frame = -38.0319 over 308780 frames.
LOG (gmm-est:SplitByCount():am-diag-gmm.cc:116) Split 1394 states with target = 9000, power = 0.25, perturb_factor = 0.01 and min_count = 20, split #Gauss from 9103 to 9106
LOG (gmm-est:main():gmm-est.cc:146) Written model to exp/tri2b/35.mdl
# Accounting: time=1 threads=1
# Ended (code 0) at Mon Jul  4 16:14:52 BRT 2016, elapsed time 1 seconds
