# gmm-est --write-occs=exp/tri2b/16.occs --mix-up=5832 --power=0.25 exp/tri2b/15.mdl "gmm-sum-accs - exp/tri2b/15.*.acc |" exp/tri2b/16.mdl 
# Started at Mon Jul  4 16:12:10 BRT 2016
#
gmm-est --write-occs=exp/tri2b/16.occs --mix-up=5832 --power=0.25 exp/tri2b/15.mdl 'gmm-sum-accs - exp/tri2b/15.*.acc |' exp/tri2b/16.mdl 
gmm-sum-accs - exp/tri2b/15.1.acc exp/tri2b/15.10.acc exp/tri2b/15.11.acc exp/tri2b/15.12.acc exp/tri2b/15.13.acc exp/tri2b/15.14.acc exp/tri2b/15.15.acc exp/tri2b/15.16.acc exp/tri2b/15.17.acc exp/tri2b/15.18.acc exp/tri2b/15.19.acc exp/tri2b/15.2.acc exp/tri2b/15.20.acc exp/tri2b/15.3.acc exp/tri2b/15.4.acc exp/tri2b/15.5.acc exp/tri2b/15.6.acc exp/tri2b/15.7.acc exp/tri2b/15.8.acc exp/tri2b/15.9.acc 
LOG (gmm-sum-accs:main():gmm-sum-accs.cc:63) Summed 20 stats, total count 308780, avg like/frame -40.5102
LOG (gmm-sum-accs:main():gmm-sum-accs.cc:66) Total count of stats is 308780
LOG (gmm-sum-accs:main():gmm-sum-accs.cc:67) Written stats to -
LOG (gmm-est:MleUpdate():transition-model.cc:393) TransitionModel::Update, objf change is -1.87242e-11 per frame over 308780 frames. 
LOG (gmm-est:MleUpdate():transition-model.cc:396) 326 probabilities floored, 4336 out of 6220 transition-states skipped due to insuffient data (it is normal to have some skipped.)
LOG (gmm-est:main():gmm-est.cc:102) Transition model update: Overall -1.87242e-11 log-like improvement per frame over 308780 frames.
WARNING (gmm-est:MleDiagGmmUpdate():mle-diag-gmm.cc:365) Gaussian has too little data but not removing it because it is the last Gaussian: i = 0, occ = 0, weight = 1
WARNING (gmm-est:MleDiagGmmUpdate():mle-diag-gmm.cc:365) Gaussian has too little data but not removing it because it is the last Gaussian: i = 0, occ = 0, weight = 1
WARNING (gmm-est:MleDiagGmmUpdate():mle-diag-gmm.cc:365) Gaussian has too little data but not removing it because it is the last Gaussian: i = 0, occ = 0, weight = 1
WARNING (gmm-est:MleDiagGmmUpdate():mle-diag-gmm.cc:359) Too little data - removing Gaussian (weight 0.116279, occupation count 10.000000, vector size 40)
WARNING (gmm-est:MleDiagGmmUpdate():mle-diag-gmm.cc:359) Too little data - removing Gaussian (weight 0.057143, occupation count 10.000000, vector size 40)
WARNING (gmm-est:MleDiagGmmUpdate():mle-diag-gmm.cc:359) Too little data - removing Gaussian (weight 0.186907, occupation count 8.037004, vector size 40)
WARNING (gmm-est:MleDiagGmmUpdate():mle-diag-gmm.cc:359) Too little data - removing Gaussian (weight 0.093904, occupation count 9.484330, vector size 40)
WARNING (gmm-est:MleDiagGmmUpdate():mle-diag-gmm.cc:365) Gaussian has too little data but not removing it because it is the last Gaussian: i = 0, occ = 8, weight = 1
WARNING (gmm-est:MleDiagGmmUpdate():mle-diag-gmm.cc:359) Too little data - removing Gaussian (weight 0.142690, occupation count 9.274853, vector size 40)
WARNING (gmm-est:MleDiagGmmUpdate():mle-diag-gmm.cc:365) Gaussian has too little data but not removing it because it is the last Gaussian: i = 0, occ = 5, weight = 1
WARNING (gmm-est:MleDiagGmmUpdate():mle-diag-gmm.cc:365) Gaussian has too little data but not removing it because it is the last Gaussian: i = 0, occ = 9, weight = 1
WARNING (gmm-est:MleDiagGmmUpdate():mle-diag-gmm.cc:359) Too little data - removing Gaussian (weight 0.108921, occupation count 8.822587, vector size 40)
LOG (gmm-est:MleAmDiagGmmUpdate():mle-am-diag-gmm.cc:225) 0 variance elements floored in 0 Gaussians, out of 5547
LOG (gmm-est:MleAmDiagGmmUpdate():mle-am-diag-gmm.cc:229) Removed 6 Gaussians due to counts < --min-gaussian-occupancy=10 and --remove-low-count-gaussians=true
LOG (gmm-est:main():gmm-est.cc:113) GMM update: Overall 0.101086 objective function improvement per frame over 308780 frames
LOG (gmm-est:main():gmm-est.cc:116) GMM update: Overall avg like per frame = -40.5102 over 308780 frames.
LOG (gmm-est:SplitByCount():am-diag-gmm.cc:116) Split 1394 states with target = 5832, power = 0.25, perturb_factor = 0.01 and min_count = 20, split #Gauss from 5547 to 5841
LOG (gmm-est:main():gmm-est.cc:146) Written model to exp/tri2b/16.mdl
# Accounting: time=1 threads=1
# Ended (code 0) at Mon Jul  4 16:12:11 BRT 2016, elapsed time 1 seconds
