# gmm-est --write-occs=exp/tri2b/7.occs --mix-up=3240 --power=0.25 exp/tri2b/6.mdl "gmm-sum-accs - exp/tri2b/6.*.acc |" exp/tri2b/7.mdl 
# Started at Mon Jul  4 16:11:22 BRT 2016
#
gmm-est --write-occs=exp/tri2b/7.occs --mix-up=3240 --power=0.25 exp/tri2b/6.mdl 'gmm-sum-accs - exp/tri2b/6.*.acc |' exp/tri2b/7.mdl 
gmm-sum-accs - exp/tri2b/6.1.acc exp/tri2b/6.10.acc exp/tri2b/6.11.acc exp/tri2b/6.12.acc exp/tri2b/6.13.acc exp/tri2b/6.14.acc exp/tri2b/6.15.acc exp/tri2b/6.16.acc exp/tri2b/6.17.acc exp/tri2b/6.18.acc exp/tri2b/6.19.acc exp/tri2b/6.2.acc exp/tri2b/6.20.acc exp/tri2b/6.3.acc exp/tri2b/6.4.acc exp/tri2b/6.5.acc exp/tri2b/6.6.acc exp/tri2b/6.7.acc exp/tri2b/6.8.acc exp/tri2b/6.9.acc 
LOG (gmm-sum-accs:main():gmm-sum-accs.cc:63) Summed 20 stats, total count 308780, avg like/frame -43.0881
LOG (gmm-sum-accs:main():gmm-sum-accs.cc:66) Total count of stats is 308780
LOG (gmm-sum-accs:main():gmm-sum-accs.cc:67) Written stats to -
LOG (gmm-est:MleUpdate():transition-model.cc:393) TransitionModel::Update, objf change is 0 per frame over 308780 frames. 
LOG (gmm-est:MleUpdate():transition-model.cc:396) 186 probabilities floored, 4319 out of 6220 transition-states skipped due to insuffient data (it is normal to have some skipped.)
LOG (gmm-est:main():gmm-est.cc:102) Transition model update: Overall 0 log-like improvement per frame over 308780 frames.
WARNING (gmm-est:MleDiagGmmUpdate():mle-diag-gmm.cc:365) Gaussian has too little data but not removing it because it is the last Gaussian: i = 0, occ = 0, weight = 1
WARNING (gmm-est:MleDiagGmmUpdate():mle-diag-gmm.cc:365) Gaussian has too little data but not removing it because it is the last Gaussian: i = 0, occ = 0, weight = 1
WARNING (gmm-est:MleDiagGmmUpdate():mle-diag-gmm.cc:365) Gaussian has too little data but not removing it because it is the last Gaussian: i = 0, occ = 0, weight = 1
WARNING (gmm-est:MleDiagGmmUpdate():mle-diag-gmm.cc:365) Gaussian has too little data but not removing it because it is the last Gaussian: i = 0, occ = 8, weight = 1
WARNING (gmm-est:MleDiagGmmUpdate():mle-diag-gmm.cc:365) Gaussian has too little data but not removing it because it is the last Gaussian: i = 0, occ = 5, weight = 1
WARNING (gmm-est:MleDiagGmmUpdate():mle-diag-gmm.cc:365) Gaussian has too little data but not removing it because it is the last Gaussian: i = 0, occ = 9, weight = 1
LOG (gmm-est:MleAmDiagGmmUpdate():mle-am-diag-gmm.cc:225) 0 variance elements floored in 0 Gaussians, out of 2952
LOG (gmm-est:MleAmDiagGmmUpdate():mle-am-diag-gmm.cc:229) Removed 0 Gaussians due to counts < --min-gaussian-occupancy=10 and --remove-low-count-gaussians=true
LOG (gmm-est:main():gmm-est.cc:113) GMM update: Overall 0.296815 objective function improvement per frame over 308780 frames
LOG (gmm-est:main():gmm-est.cc:116) GMM update: Overall avg like per frame = -43.0881 over 308780 frames.
LOG (gmm-est:SplitByCount():am-diag-gmm.cc:116) Split 1394 states with target = 3240, power = 0.25, perturb_factor = 0.01 and min_count = 20, split #Gauss from 2952 to 3240
LOG (gmm-est:main():gmm-est.cc:146) Written model to exp/tri2b/7.mdl
# Accounting: time=1 threads=1
# Ended (code 0) at Mon Jul  4 16:11:23 BRT 2016, elapsed time 1 seconds
