# gmm-est --write-occs=exp/tri2b/18.occs --mix-up=6408 --power=0.25 exp/tri2b/17.mdl "gmm-sum-accs - exp/tri2b/17.*.acc |" exp/tri2b/18.mdl 
# Started at Mon Jul  4 16:12:21 BRT 2016
#
gmm-est --write-occs=exp/tri2b/18.occs --mix-up=6408 --power=0.25 exp/tri2b/17.mdl 'gmm-sum-accs - exp/tri2b/17.*.acc |' exp/tri2b/18.mdl 
gmm-sum-accs - exp/tri2b/17.1.acc exp/tri2b/17.10.acc exp/tri2b/17.11.acc exp/tri2b/17.12.acc exp/tri2b/17.13.acc exp/tri2b/17.14.acc exp/tri2b/17.15.acc exp/tri2b/17.16.acc exp/tri2b/17.17.acc exp/tri2b/17.18.acc exp/tri2b/17.19.acc exp/tri2b/17.2.acc exp/tri2b/17.20.acc exp/tri2b/17.3.acc exp/tri2b/17.4.acc exp/tri2b/17.5.acc exp/tri2b/17.6.acc exp/tri2b/17.7.acc exp/tri2b/17.8.acc exp/tri2b/17.9.acc 
LOG (gmm-sum-accs:main():gmm-sum-accs.cc:63) Summed 20 stats, total count 308780, avg like/frame -40.1854
LOG (gmm-sum-accs:main():gmm-sum-accs.cc:66) Total count of stats is 308780
LOG (gmm-sum-accs:main():gmm-sum-accs.cc:67) Written stats to -
LOG (gmm-est:MleUpdate():transition-model.cc:393) TransitionModel::Update, objf change is -1.87242e-11 per frame over 308780 frames. 
LOG (gmm-est:MleUpdate():transition-model.cc:396) 326 probabilities floored, 4336 out of 6220 transition-states skipped due to insuffient data (it is normal to have some skipped.)
LOG (gmm-est:main():gmm-est.cc:102) Transition model update: Overall -1.87242e-11 log-like improvement per frame over 308780 frames.
WARNING (gmm-est:MleDiagGmmUpdate():mle-diag-gmm.cc:359) Too little data - removing Gaussian (weight 0.065521, occupation count 9.959171, vector size 40)
WARNING (gmm-est:MleDiagGmmUpdate():mle-diag-gmm.cc:365) Gaussian has too little data but not removing it because it is the last Gaussian: i = 0, occ = 0, weight = 1
WARNING (gmm-est:MleDiagGmmUpdate():mle-diag-gmm.cc:365) Gaussian has too little data but not removing it because it is the last Gaussian: i = 0, occ = 0, weight = 1
WARNING (gmm-est:MleDiagGmmUpdate():mle-diag-gmm.cc:365) Gaussian has too little data but not removing it because it is the last Gaussian: i = 0, occ = 0, weight = 1
WARNING (gmm-est:MleDiagGmmUpdate():mle-diag-gmm.cc:359) Too little data - removing Gaussian (weight 0.146929, occupation count 9.991199, vector size 40)
WARNING (gmm-est:MleDiagGmmUpdate():mle-diag-gmm.cc:359) Too little data - removing Gaussian (weight 0.072912, occupation count 9.405650, vector size 40)
WARNING (gmm-est:MleDiagGmmUpdate():mle-diag-gmm.cc:359) Too little data - removing Gaussian (weight 0.124603, occupation count 8.597589, vector size 40)
WARNING (gmm-est:MleDiagGmmUpdate():mle-diag-gmm.cc:359) Too little data - removing Gaussian (weight 0.128954, occupation count 8.253077, vector size 40)
WARNING (gmm-est:MleDiagGmmUpdate():mle-diag-gmm.cc:359) Too little data - removing Gaussian (weight 0.083629, occupation count 9.366459, vector size 40)
WARNING (gmm-est:MleDiagGmmUpdate():mle-diag-gmm.cc:359) Too little data - removing Gaussian (weight 0.066908, occupation count 9.634792, vector size 40)
WARNING (gmm-est:MleDiagGmmUpdate():mle-diag-gmm.cc:359) Too little data - removing Gaussian (weight 0.084127, occupation count 9.001551, vector size 40)
WARNING (gmm-est:MleDiagGmmUpdate():mle-diag-gmm.cc:365) Gaussian has too little data but not removing it because it is the last Gaussian: i = 0, occ = 8, weight = 1
WARNING (gmm-est:MleDiagGmmUpdate():mle-diag-gmm.cc:359) Too little data - removing Gaussian (weight 0.138610, occupation count 9.148253, vector size 40)
WARNING (gmm-est:MleDiagGmmUpdate():mle-diag-gmm.cc:359) Too little data - removing Gaussian (weight 0.067658, occupation count 9.472099, vector size 40)
WARNING (gmm-est:MleDiagGmmUpdate():mle-diag-gmm.cc:359) Too little data - removing Gaussian (weight 0.108399, occupation count 8.997157, vector size 40)
WARNING (gmm-est:MleDiagGmmUpdate():mle-diag-gmm.cc:365) Gaussian has too little data but not removing it because it is the last Gaussian: i = 0, occ = 5, weight = 1
WARNING (gmm-est:MleDiagGmmUpdate():mle-diag-gmm.cc:365) Gaussian has too little data but not removing it because it is the last Gaussian: i = 0, occ = 9, weight = 1
WARNING (gmm-est:MleDiagGmmUpdate():mle-diag-gmm.cc:359) Too little data - removing Gaussian (weight 0.096017, occupation count 9.985805, vector size 40)
LOG (gmm-est:MleAmDiagGmmUpdate():mle-am-diag-gmm.cc:225) 0 variance elements floored in 0 Gaussians, out of 6117
LOG (gmm-est:MleAmDiagGmmUpdate():mle-am-diag-gmm.cc:229) Removed 12 Gaussians due to counts < --min-gaussian-occupancy=10 and --remove-low-count-gaussians=true
LOG (gmm-est:main():gmm-est.cc:113) GMM update: Overall 0.0963214 objective function improvement per frame over 308780 frames
LOG (gmm-est:main():gmm-est.cc:116) GMM update: Overall avg like per frame = -40.1854 over 308780 frames.
LOG (gmm-est:SplitByCount():am-diag-gmm.cc:116) Split 1394 states with target = 6408, power = 0.25, perturb_factor = 0.01 and min_count = 20, split #Gauss from 6117 to 6417
LOG (gmm-est:main():gmm-est.cc:146) Written model to exp/tri2b/18.mdl
# Accounting: time=1 threads=1
# Ended (code 0) at Mon Jul  4 16:12:22 BRT 2016, elapsed time 1 seconds
