# gmm-latgen-faster --max-active=7000 --beam=13.0 --lattice-beam=6.0 --acoustic-scale=0.083333 --determinize-lattice=false --allow-partial=true --word-symbol-table=exp/tri3c/graph/words.txt exp/tri3c/final.mdl exp/tri3c/graph/HCLG.fst "ark,s,cs:apply-cmvn  --utt2spk=ark:data/test/split1/1/utt2spk scp:data/test/split1/1/cmvn.scp scp:data/test/split1/1/feats.scp ark:- | transform-feats --utt2spk=ark:data/test/split1/1/utt2spk ark:exp/tri3c/decode/pre_trans.1 ark:- ark:- | splice-feats  ark:- ark:- | transform-feats exp/tri3c/final.mat ark:- ark:- |" "ark:|gzip -c > exp/tri3c/decode/lat.tmp.1.gz" 
# Started at Fri Jun 17 14:42:18 BRT 2016
#
gmm-latgen-faster --max-active=7000 --beam=13.0 --lattice-beam=6.0 --acoustic-scale=0.083333 --determinize-lattice=false --allow-partial=true --word-symbol-table=exp/tri3c/graph/words.txt exp/tri3c/final.mdl exp/tri3c/graph/HCLG.fst 'ark,s,cs:apply-cmvn  --utt2spk=ark:data/test/split1/1/utt2spk scp:data/test/split1/1/cmvn.scp scp:data/test/split1/1/feats.scp ark:- | transform-feats --utt2spk=ark:data/test/split1/1/utt2spk ark:exp/tri3c/decode/pre_trans.1 ark:- ark:- | splice-feats  ark:- ark:- | transform-feats exp/tri3c/final.mat ark:- ark:- |' 'ark:|gzip -c > exp/tri3c/decode/lat.tmp.1.gz' 
splice-feats ark:- ark:- 
transform-feats --utt2spk=ark:data/test/split1/1/utt2spk ark:exp/tri3c/decode/pre_trans.1 ark:- ark:- 
apply-cmvn --utt2spk=ark:data/test/split1/1/utt2spk scp:data/test/split1/1/cmvn.scp scp:data/test/split1/1/feats.scp ark:- 
transform-feats exp/tri3c/final.mat ark:- ark:- 
LOG (apply-cmvn:main():apply-cmvn.cc:146) Applied cepstral mean normalization to 3 utterances, errors on 0
LOG (transform-feats:main():transform-feats.cc:158) Overall average logdet is 0.325673 over 18220 frames.
LOG (transform-feats:main():transform-feats.cc:161) Applied transform to 3 utterances; 0 had errors.
felipe_test_test0 boi cavalo boi boi boi boi boi boi boi boi boi gato boi boi boi <UNK> boi burro vaca boi boi buzio bufalo burro boi boi passaro <UNK> 
LOG (gmm-latgen-faster:DecodeUtteranceLatticeFaster():decoder-wrappers.cc:285) Log-like per frame for utterance felipe_test_test0 is -4.8052 over 6061 frames.
felipe_test_test1 cachorro gato rato galinha cavalo porco lesma caracol mexilhao urubu peixe polvo lula camarao leao tigre zebra girafa rinoceronte hipopotamo macaco orangotango <UNK> gorila <UNK> aguia corvo <UNK> porco morcego 
LOG (gmm-latgen-faster:DecodeUtteranceLatticeFaster():decoder-wrappers.cc:285) Log-like per frame for utterance felipe_test_test1 is -3.75834 over 6086 frames.
LOG (transform-feats:main():transform-feats.cc:158) Overall average [pseudo-]logdet is -87.7405 over 18220 frames.
LOG (transform-feats:main():transform-feats.cc:161) Applied transform to 3 utterances; 0 had errors.
felipe_test_test2 cachorro ra gato <UNK> rato peixe tubarao baleia <UNK> <UNK> <UNK> lula ra <UNK> potro camarao baleia-cachalote <UNK> <UNK> <UNK> <UNK> <UNK> lula burro zebra rinoceronte girafa aguia condor girino 
LOG (gmm-latgen-faster:DecodeUtteranceLatticeFaster():decoder-wrappers.cc:285) Log-like per frame for utterance felipe_test_test2 is -3.75808 over 6073 frames.
LOG (gmm-latgen-faster:main():gmm-latgen-faster.cc:175) Time taken 7.05581s: real-time factor assuming 100 frames/sec is 0.0387256
LOG (gmm-latgen-faster:main():gmm-latgen-faster.cc:178) Done 3 utterances, failed for 0
LOG (gmm-latgen-faster:main():gmm-latgen-faster.cc:180) Overall log-likelihood per frame is -4.1065 over 18220 frames.
# Accounting: time=7 threads=1
# Ended (code 0) at Fri Jun 17 14:42:25 BRT 2016, elapsed time 7 seconds
