# gunzip -c exp/mono/decode/depth_stats_tmp.*.gz | steps/diagnostic/analyze_lattice_depth_stats.py exp/mono/graph 
# Started at Fri Jun 17 14:28:19 BRT 2016
#
The total amount of data analyzed assuming 100 frames per second is 0.1 hours
Overall, lattice depth (10,50,90-percentile)=(1,6,64) and mean=30.0
Phone sil accounts for 74.1% of frames, with lattice depth (10,50,90-percentile)=(2,7,72) and mean=33.9
Nonsilence phones as a group account for 25.7% of frames, with lattice depth (10,50,90-percentile)=(1,4,45) and mean=18.1
Phone a_I accounts for 3.3% of frames, with lattice depth (10,50,90-percentile)=(2,6,40) and mean=14.1
Phone o_I accounts for 1.8% of frames, with lattice depth (10,50,90-percentile)=(2,6,45) and mean=16.3
Phone i_I accounts for 1.4% of frames, with lattice depth (10,50,90-percentile)=(1,21,46) and mean=19.9
Phone a_E accounts for 1.3% of frames, with lattice depth (10,50,90-percentile)=(3,40,72) and mean=47.7
Phone u_E accounts for 1.3% of frames, with lattice depth (10,50,90-percentile)=(1,6,36) and mean=13.2
Phone e_I accounts for 1.1% of frames, with lattice depth (10,50,90-percentile)=(1,3,62) and mean=11.5
Phone l_I accounts for 1.0% of frames, with lattice depth (10,50,90-percentile)=(1,6,45) and mean=18.0
Phone r_I accounts for 0.8% of frames, with lattice depth (10,50,90-percentile)=(1,3,24) and mean=13.0
Phone an_I accounts for 0.8% of frames, with lattice depth (10,50,90-percentile)=(1,3,271) and mean=63.6
Phone sh_I accounts for 0.7% of frames, with lattice depth (10,50,90-percentile)=(1,2,3) and mean=2.2
Phone un_E accounts for 0.7% of frames, with lattice depth (10,50,90-percentile)=(1,2,9) and mean=20.4
Phone y_I accounts for 0.6% of frames, with lattice depth (10,50,90-percentile)=(1,4,41) and mean=11.4
Phone s_I accounts for 0.6% of frames, with lattice depth (10,50,90-percentile)=(1,3,20) and mean=8.4
Phone n_I accounts for 0.5% of frames, with lattice depth (10,50,90-percentile)=(1,24,63) and mean=22.8
# Accounting: time=0 threads=1
# Ended (code 0) at Fri Jun 17 14:28:19 BRT 2016, elapsed time 0 seconds
