# gunzip -c exp/tri1/decode/depth_stats_tmp.*.gz | steps/diagnostic/analyze_lattice_depth_stats.py exp/tri1/graph 
# Started at Mon Jul  4 16:10:21 BRT 2016
#
The total amount of data analyzed assuming 100 frames per second is 0.1 hours
Overall, lattice depth (10,50,90-percentile)=(1,2,4) and mean=2.4
Phone sil accounts for 68.0% of frames, with lattice depth (10,50,90-percentile)=(1,2,4) and mean=2.3
Nonsilence phones as a group account for 31.9% of frames, with lattice depth (10,50,90-percentile)=(1,2,4) and mean=2.5
Phone a_I accounts for 2.6% of frames, with lattice depth (10,50,90-percentile)=(1,2,3) and mean=1.9
Phone o_I accounts for 2.1% of frames, with lattice depth (10,50,90-percentile)=(1,2,6) and mean=2.6
Phone ch_I accounts for 1.7% of frames, with lattice depth (10,50,90-percentile)=(1,2,3) and mean=1.8
Phone k_B accounts for 1.6% of frames, with lattice depth (10,50,90-percentile)=(2,5,13) and mean=7.2
Phone e_I accounts for 1.4% of frames, with lattice depth (10,50,90-percentile)=(1,1,3) and mean=1.9
Phone i_E accounts for 1.3% of frames, with lattice depth (10,50,90-percentile)=(1,1,3) and mean=1.7
Phone s_I accounts for 1.1% of frames, with lattice depth (10,50,90-percentile)=(1,2,4) and mean=2.0
Phone i_I accounts for 1.0% of frames, with lattice depth (10,50,90-percentile)=(1,1,3) and mean=1.8
Phone r_I accounts for 1.0% of frames, with lattice depth (10,50,90-percentile)=(1,2,3) and mean=2.0
Phone un_E accounts for 0.8% of frames, with lattice depth (10,50,90-percentile)=(1,1,3) and mean=1.9
Phone k_E accounts for 0.8% of frames, with lattice depth (10,50,90-percentile)=(5,13,13) and mean=10.9
Phone a_E accounts for 0.8% of frames, with lattice depth (10,50,90-percentile)=(1,1,3) and mean=1.6
Phone s_B accounts for 0.7% of frames, with lattice depth (10,50,90-percentile)=(1,1,3) and mean=2.0
Phone an_S accounts for 0.7% of frames, with lattice depth (10,50,90-percentile)=(1,3,3) and mean=2.3
Phone y_I accounts for 0.7% of frames, with lattice depth (10,50,90-percentile)=(1,1,4) and mean=2.1
Phone en_I accounts for 0.7% of frames, with lattice depth (10,50,90-percentile)=(1,1,3) and mean=1.4
Phone a_B accounts for 0.6% of frames, with lattice depth (10,50,90-percentile)=(1,2,5) and mean=2.2
Phone s_E accounts for 0.6% of frames, with lattice depth (10,50,90-percentile)=(1,2,4) and mean=2.3
Phone t_I accounts for 0.6% of frames, with lattice depth (10,50,90-percentile)=(1,1,3) and mean=1.4
Phone f_B accounts for 0.5% of frames, with lattice depth (10,50,90-percentile)=(1,4,13) and mean=4.8
Phone u_E accounts for 0.5% of frames, with lattice depth (10,50,90-percentile)=(1,2,3) and mean=2.0
Phone dj_I accounts for 0.5% of frames, with lattice depth (10,50,90-percentile)=(1,1,2) and mean=1.6
# Accounting: time=0 threads=1
# Ended (code 0) at Mon Jul  4 16:10:21 BRT 2016, elapsed time 0 seconds
