# gunzip -c exp/tri3b/decode/depth_stats_tmp.*.gz | steps/diagnostic/analyze_lattice_depth_stats.py exp/tri3b/graph 
# Started at Fri Jun 24 14:39:44 BRT 2016
#
The total amount of data analyzed assuming 100 frames per second is 0.0 hours
Overall, lattice depth (10,50,90-percentile)=(1,1,3) and mean=1.6
Phone sil accounts for 72.0% of frames, with lattice depth (10,50,90-percentile)=(1,1,3) and mean=1.7
Nonsilence phones as a group account for 26.8% of frames, with lattice depth (10,50,90-percentile)=(1,1,3) and mean=1.5
Phone a_I accounts for 2.7% of frames, with lattice depth (10,50,90-percentile)=(1,1,3) and mean=1.3
Phone a_E accounts for 2.6% of frames, with lattice depth (10,50,90-percentile)=(1,1,3) and mean=1.5
Phone u_E accounts for 2.0% of frames, with lattice depth (10,50,90-percentile)=(1,1,1) and mean=1.1
Phone i_I accounts for 1.4% of frames, with lattice depth (10,50,90-percentile)=(1,1,3) and mean=1.8
Phone spn_S accounts for 1.2% of frames, with lattice depth (10,50,90-percentile)=(2,3,7) and mean=4.6
Phone s_I accounts for 1.1% of frames, with lattice depth (10,50,90-percentile)=(1,1,2) and mean=1.2
Phone o_I accounts for 1.0% of frames, with lattice depth (10,50,90-percentile)=(1,2,3) and mean=2.0
Phone oh_I accounts for 1.0% of frames, with lattice depth (10,50,90-percentile)=(1,1,2) and mean=1.4
Phone i_E accounts for 1.0% of frames, with lattice depth (10,50,90-percentile)=(1,1,2) and mean=1.4
Phone r_I accounts for 0.9% of frames, with lattice depth (10,50,90-percentile)=(1,1,3) and mean=1.5
Phone sh_I accounts for 0.9% of frames, with lattice depth (10,50,90-percentile)=(1,1,3) and mean=1.6
Phone g_B accounts for 0.8% of frames, with lattice depth (10,50,90-percentile)=(1,1,3) and mean=1.7
Phone nh_I accounts for 0.7% of frames, with lattice depth (10,50,90-percentile)=(1,1,2) and mean=1.4
Phone l_I accounts for 0.7% of frames, with lattice depth (10,50,90-percentile)=(1,1,1) and mean=1.0
Phone m_B accounts for 0.7% of frames, with lattice depth (10,50,90-percentile)=(1,1,2) and mean=1.3
Phone e_I accounts for 0.7% of frames, with lattice depth (10,50,90-percentile)=(1,1,2) and mean=1.4
Phone k_B accounts for 0.6% of frames, with lattice depth (10,50,90-percentile)=(1,1,3) and mean=1.5
Phone k_I accounts for 0.6% of frames, with lattice depth (10,50,90-percentile)=(1,1,2) and mean=1.2
Phone t_I accounts for 0.6% of frames, with lattice depth (10,50,90-percentile)=(1,1,3) and mean=1.5
# Accounting: time=0 threads=1
# Ended (code 0) at Fri Jun 24 14:39:44 BRT 2016, elapsed time 0 seconds
