# gmm-latgen-faster --max-active=7000 --beam=13.0 --lattice-beam=6.0 --acoustic-scale=0.083333 --determinize-lattice=false --allow-partial=true --word-symbol-table=exp/tri3b/graph/words.txt exp/tri3b/final.mdl exp/tri3b/graph/HCLG.fst "ark,s,cs:apply-cmvn  --utt2spk=ark:data/test/split1/1/utt2spk scp:data/test/split1/1/cmvn.scp scp:data/test/split1/1/feats.scp ark:- | splice-feats  ark:- ark:- | transform-feats exp/tri3b/final.mat ark:- ark:- | transform-feats --utt2spk=ark:data/test/split1/1/utt2spk ark:exp/tri3b/decode/pre_trans.1 ark:- ark:- |" "ark:|gzip -c > exp/tri3b/decode/lat.tmp.1.gz" 
# Started at Fri Jun 17 14:36:53 BRT 2016
#
gmm-latgen-faster --max-active=7000 --beam=13.0 --lattice-beam=6.0 --acoustic-scale=0.083333 --determinize-lattice=false --allow-partial=true --word-symbol-table=exp/tri3b/graph/words.txt exp/tri3b/final.mdl exp/tri3b/graph/HCLG.fst 'ark,s,cs:apply-cmvn  --utt2spk=ark:data/test/split1/1/utt2spk scp:data/test/split1/1/cmvn.scp scp:data/test/split1/1/feats.scp ark:- | splice-feats  ark:- ark:- | transform-feats exp/tri3b/final.mat ark:- ark:- | transform-feats --utt2spk=ark:data/test/split1/1/utt2spk ark:exp/tri3b/decode/pre_trans.1 ark:- ark:- |' 'ark:|gzip -c > exp/tri3b/decode/lat.tmp.1.gz' 
splice-feats ark:- ark:- 
transform-feats exp/tri3b/final.mat ark:- ark:- 
apply-cmvn --utt2spk=ark:data/test/split1/1/utt2spk scp:data/test/split1/1/cmvn.scp scp:data/test/split1/1/feats.scp ark:- 
transform-feats --utt2spk=ark:data/test/split1/1/utt2spk ark:exp/tri3b/decode/pre_trans.1 ark:- ark:- 
LOG (apply-cmvn:main():apply-cmvn.cc:146) Applied cepstral mean normalization to 3 utterances, errors on 0
felipe_test_test0 cavalo <UNK> peixe egua <UNK> <UNK> cachorro gato <UNK> galinha galo <UNK> boi vaca corsa formiga <UNK> <UNK> passaro-preto 
LOG (gmm-latgen-faster:DecodeUtteranceLatticeFaster():decoder-wrappers.cc:285) Log-like per frame for utterance felipe_test_test0 is -4.28225 over 6061 frames.
LOG (transform-feats:main():transform-feats.cc:158) Overall average [pseudo-]logdet is -89.9946 over 18220 frames.
LOG (transform-feats:main():transform-feats.cc:161) Applied transform to 3 utterances; 0 had errors.
felipe_test_test1 cachorro gato rato galinha cavalo porco lesma caracol mexilhao urubu peixe polvo lula camarao leao tigre zebra girafa rinoceronte hipopotamo macaco orangotango <UNK> gorila <UNK> aguia condor pomba morcego 
LOG (gmm-latgen-faster:DecodeUtteranceLatticeFaster():decoder-wrappers.cc:285) Log-like per frame for utterance felipe_test_test1 is -3.22929 over 6086 frames.
LOG (transform-feats:main():transform-feats.cc:158) Overall average logdet is -1.79677 over 18220 frames.
LOG (transform-feats:main():transform-feats.cc:161) Applied transform to 3 utterances; 0 had errors.
felipe_test_test2 cachorro ra gato <UNK> rato peixe tubarao baleia polvo <UNK> lula leoa <UNK> potro camarao baleia-cachalote leoa <UNK> <UNK> <UNK> <UNK> <UNK> leoa lula polvo zebra rinoceronte girafa <UNK> aguia condor girino 
LOG (gmm-latgen-faster:DecodeUtteranceLatticeFaster():decoder-wrappers.cc:285) Log-like per frame for utterance felipe_test_test2 is -3.2296 over 6073 frames.
LOG (gmm-latgen-faster:main():gmm-latgen-faster.cc:175) Time taken 7.78692s: real-time factor assuming 100 frames/sec is 0.0427383
LOG (gmm-latgen-faster:main():gmm-latgen-faster.cc:178) Done 3 utterances, failed for 0
LOG (gmm-latgen-faster:main():gmm-latgen-faster.cc:180) Overall log-likelihood per frame is -3.57967 over 18220 frames.
# Accounting: time=8 threads=1
# Ended (code 0) at Fri Jun 17 14:37:01 BRT 2016, elapsed time 8 seconds
