# gmm-align-compiled --transition-scale=1.0 --acoustic-scale=0.1 --self-loop-scale=0.1 --beam=10 --retry-beam=40 "gmm-boost-silence --boost=1.0 1 exp/tri3c/final.mdl - |" "ark:gunzip -c exp/tri3c_ali/fsts.3.gz|" "ark,s,cs:apply-cmvn  --utt2spk=ark:data/train/split12/3/utt2spk scp:data/train/split12/3/cmvn.scp scp:data/train/split12/3/feats.scp ark:- | transform-feats --utt2spk=ark:data/train/split12/3/utt2spk ark:exp/tri3c_ali/raw_trans.3 ark:- ark:- | splice-feats  ark:- ark:- | transform-feats exp/tri3c/final.mat ark:- ark:- |" "ark:|gzip -c >exp/tri3c_ali/ali.3.gz" 
# Started at Fri Jun 17 14:43:02 BRT 2016
#
gmm-align-compiled --transition-scale=1.0 --acoustic-scale=0.1 --self-loop-scale=0.1 --beam=10 --retry-beam=40 'gmm-boost-silence --boost=1.0 1 exp/tri3c/final.mdl - |' 'ark:gunzip -c exp/tri3c_ali/fsts.3.gz|' 'ark,s,cs:apply-cmvn  --utt2spk=ark:data/train/split12/3/utt2spk scp:data/train/split12/3/cmvn.scp scp:data/train/split12/3/feats.scp ark:- | transform-feats --utt2spk=ark:data/train/split12/3/utt2spk ark:exp/tri3c_ali/raw_trans.3 ark:- ark:- | splice-feats  ark:- ark:- | transform-feats exp/tri3c/final.mat ark:- ark:- |' 'ark:|gzip -c >exp/tri3c_ali/ali.3.gz' 
gmm-boost-silence --boost=1.0 1 exp/tri3c/final.mdl - 
WARNING (gmm-boost-silence:main():gmm-boost-silence.cc:82) The pdfs for the silence phones may be shared by other phones (note: this probably does not matter.)
LOG (gmm-boost-silence:main():gmm-boost-silence.cc:93) Boosted weights for 5 pdfs, by factor of 1
LOG (gmm-boost-silence:main():gmm-boost-silence.cc:103) Wrote model to -
apply-cmvn --utt2spk=ark:data/train/split12/3/utt2spk scp:data/train/split12/3/cmvn.scp scp:data/train/split12/3/feats.scp ark:- 
splice-feats ark:- ark:- 
transform-feats exp/tri3c/final.mat ark:- ark:- 
transform-feats --utt2spk=ark:data/train/split12/3/utt2spk ark:exp/tri3c_ali/raw_trans.3 ark:- ark:- 
LOG (apply-cmvn:main():apply-cmvn.cc:146) Applied cepstral mean normalization to 20 utterances, errors on 0
LOG (transform-feats:main():transform-feats.cc:158) Overall average logdet is 0.44628 over 34627 frames.
LOG (transform-feats:main():transform-feats.cc:161) Applied transform to 20 utterances; 0 had errors.
LOG (transform-feats:main():transform-feats.cc:158) Overall average [pseudo-]logdet is -87.7405 over 34627 frames.
LOG (transform-feats:main():transform-feats.cc:161) Applied transform to 20 utterances; 0 had errors.
LOG (gmm-align-compiled:main():gmm-align-compiled.cc:129) Overall log-likelihood per frame is -41.807 over 34627 frames.
LOG (gmm-align-compiled:main():gmm-align-compiled.cc:131) Retried 0 out of 20 utterances.
LOG (gmm-align-compiled:main():gmm-align-compiled.cc:133) Done 20, errors on 0
# Accounting: time=2 threads=1
# Ended (code 0) at Fri Jun 17 14:43:04 BRT 2016, elapsed time 2 seconds
