# ali-to-post "ark:gunzip -c exp/tri3c_ali/pre_ali.3.gz|" ark:- | weight-silence-post 0.0 1:2:3:4:5:6:7:8:9:10 exp/tri3c/final.alimdl ark:- ark:- | gmm-post-to-gpost exp/tri3c/final.alimdl "ark,s,cs:apply-cmvn  --utt2spk=ark:data/train/split16/3/utt2spk scp:data/train/split16/3/cmvn.scp scp:data/train/split16/3/feats.scp ark:- | splice-feats  ark:- ark:- | transform-feats exp/tri3c/final.mat ark:- ark:- |" ark:- ark:- | gmm-est-fmllr-raw-gpost --raw-feat-dim=13 --spk2utt=ark:data/train/split16/3/spk2utt exp/tri3c/final.mdl "get-full-lda-mat --print-args=false exp/tri3c/final.mat exp/tri3c/full.mat -|" "ark,s,cs:apply-cmvn  --utt2spk=ark:data/train/split16/3/utt2spk scp:data/train/split16/3/cmvn.scp scp:data/train/split16/3/feats.scp ark:- | splice-feats  ark:- ark:- |" ark,s,cs:- ark:exp/tri3c_ali/raw_trans.3 
# Started at Tue Aug  2 16:10:23 BRT 2016
#
ali-to-post 'ark:gunzip -c exp/tri3c_ali/pre_ali.3.gz|' ark:- 
weight-silence-post 0.0 1:2:3:4:5:6:7:8:9:10 exp/tri3c/final.alimdl ark:- ark:- 
gmm-post-to-gpost exp/tri3c/final.alimdl 'ark,s,cs:apply-cmvn  --utt2spk=ark:data/train/split16/3/utt2spk scp:data/train/split16/3/cmvn.scp scp:data/train/split16/3/feats.scp ark:- | splice-feats  ark:- ark:- | transform-feats exp/tri3c/final.mat ark:- ark:- |' ark:- ark:- 
gmm-est-fmllr-raw-gpost --raw-feat-dim=13 --spk2utt=ark:data/train/split16/3/spk2utt exp/tri3c/final.mdl 'get-full-lda-mat --print-args=false exp/tri3c/final.mat exp/tri3c/full.mat -|' 'ark,s,cs:apply-cmvn  --utt2spk=ark:data/train/split16/3/utt2spk scp:data/train/split16/3/cmvn.scp scp:data/train/split16/3/feats.scp ark:- | splice-feats  ark:- ark:- |' ark,s,cs:- ark:exp/tri3c_ali/raw_trans.3 
transform-feats exp/tri3c/final.mat ark:- ark:- 
apply-cmvn --utt2spk=ark:data/train/split16/3/utt2spk scp:data/train/split16/3/cmvn.scp scp:data/train/split16/3/feats.scp ark:- 
splice-feats ark:- ark:- 
splice-feats ark:- ark:- 
apply-cmvn --utt2spk=ark:data/train/split16/3/utt2spk scp:data/train/split16/3/cmvn.scp scp:data/train/split16/3/feats.scp ark:- 
LOG (ali-to-post:main():ali-to-post.cc:65) Converted 30 alignments.
LOG (gmm-est-fmllr-raw-gpost:main():gmm-est-fmllr-raw-gpost.cc:144) For speaker felipe, auxf-impr from raw fMLLR is 5.41797 over 22901 frames.
LOG (weight-silence-post:main():weight-silence-post.cc:95) Done 30 posteriors.
LOG (apply-cmvn:main():apply-cmvn.cc:146) Applied cepstral mean normalization to 30 utterances, errors on 0
LOG (apply-cmvn:main():apply-cmvn.cc:146) Applied cepstral mean normalization to 30 utterances, errors on 0
LOG (transform-feats:main():transform-feats.cc:158) Overall average [pseudo-]logdet is -87.2258 over 46422 frames.
LOG (transform-feats:main():transform-feats.cc:161) Applied transform to 30 utterances; 0 had errors.
LOG (gmm-post-to-gpost:main():gmm-post-to-gpost.cc:124) Done 30 files, 0 with no posteriors, 0 with other errors.
LOG (gmm-post-to-gpost:main():gmm-post-to-gpost.cc:128) Overall avg like per frame (Gaussian only) = -50.4053 over 29960 frames.
LOG (gmm-post-to-gpost:main():gmm-post-to-gpost.cc:131) Done converting post to gpost
LOG (gmm-est-fmllr-raw-gpost:main():gmm-est-fmllr-raw-gpost.cc:144) For speaker felipe_Tuesday, auxf-impr from raw fMLLR is 8.10973 over 7059 frames.
LOG (gmm-est-fmllr-raw-gpost:main():gmm-est-fmllr-raw-gpost.cc:187) Processed 30 utterances, 0 had errors.
LOG (gmm-est-fmllr-raw-gpost:main():gmm-est-fmllr-raw-gpost.cc:189) Overall raw-fMLLR auxf impr per frame is 6.05219 over 29960 frames.
# Accounting: time=24 threads=1
# Ended (code 0) at Tue Aug  2 16:10:47 BRT 2016, elapsed time 24 seconds
