# ali-to-post "ark:gunzip -c exp/tri3c_ali/pre_ali.12.gz|" ark:- | weight-silence-post 0.0 1:2:3:4:5:6:7:8:9:10 exp/tri3c/final.alimdl ark:- ark:- | gmm-post-to-gpost exp/tri3c/final.alimdl "ark,s,cs:apply-cmvn  --utt2spk=ark:data/train/split12/12/utt2spk scp:data/train/split12/12/cmvn.scp scp:data/train/split12/12/feats.scp ark:- | splice-feats  ark:- ark:- | transform-feats exp/tri3c/final.mat ark:- ark:- |" ark:- ark:- | gmm-est-fmllr-raw-gpost --raw-feat-dim=13 --spk2utt=ark:data/train/split12/12/spk2utt exp/tri3c/final.mdl "get-full-lda-mat --print-args=false exp/tri3c/final.mat exp/tri3c/full.mat -|" "ark,s,cs:apply-cmvn  --utt2spk=ark:data/train/split12/12/utt2spk scp:data/train/split12/12/cmvn.scp scp:data/train/split12/12/feats.scp ark:- | splice-feats  ark:- ark:- |" ark,s,cs:- ark:exp/tri3c_ali/raw_trans.12 
# Started at Fri Jun 17 14:42:57 BRT 2016
#
ali-to-post 'ark:gunzip -c exp/tri3c_ali/pre_ali.12.gz|' ark:- 
gmm-post-to-gpost exp/tri3c/final.alimdl 'ark,s,cs:apply-cmvn  --utt2spk=ark:data/train/split12/12/utt2spk scp:data/train/split12/12/cmvn.scp scp:data/train/split12/12/feats.scp ark:- | splice-feats  ark:- ark:- | transform-feats exp/tri3c/final.mat ark:- ark:- |' ark:- ark:- 
gmm-est-fmllr-raw-gpost --raw-feat-dim=13 --spk2utt=ark:data/train/split12/12/spk2utt exp/tri3c/final.mdl 'get-full-lda-mat --print-args=false exp/tri3c/final.mat exp/tri3c/full.mat -|' 'ark,s,cs:apply-cmvn  --utt2spk=ark:data/train/split12/12/utt2spk scp:data/train/split12/12/cmvn.scp scp:data/train/split12/12/feats.scp ark:- | splice-feats  ark:- ark:- |' ark,s,cs:- ark:exp/tri3c_ali/raw_trans.12 
weight-silence-post 0.0 1:2:3:4:5:6:7:8:9:10 exp/tri3c/final.alimdl ark:- ark:- 
apply-cmvn --utt2spk=ark:data/train/split12/12/utt2spk scp:data/train/split12/12/cmvn.scp scp:data/train/split12/12/feats.scp ark:- 
splice-feats ark:- ark:- 
transform-feats exp/tri3c/final.mat ark:- ark:- 
apply-cmvn --utt2spk=ark:data/train/split12/12/utt2spk scp:data/train/split12/12/cmvn.scp scp:data/train/split12/12/feats.scp ark:- 
splice-feats ark:- ark:- 
LOG (ali-to-post:main():ali-to-post.cc:65) Converted 20 alignments.
LOG (weight-silence-post:main():weight-silence-post.cc:95) Done 20 posteriors.
LOG (apply-cmvn:main():apply-cmvn.cc:146) Applied cepstral mean normalization to 20 utterances, errors on 0
LOG (transform-feats:main():transform-feats.cc:158) Overall average [pseudo-]logdet is -87.7405 over 29287 frames.
LOG (transform-feats:main():transform-feats.cc:161) Applied transform to 20 utterances; 0 had errors.
LOG (apply-cmvn:main():apply-cmvn.cc:146) Applied cepstral mean normalization to 20 utterances, errors on 0
LOG (gmm-post-to-gpost:main():gmm-post-to-gpost.cc:124) Done 20 files, 0 with no posteriors, 0 with other errors.
LOG (gmm-post-to-gpost:main():gmm-post-to-gpost.cc:128) Overall avg like per frame (Gaussian only) = -50.153 over 19535 frames.
LOG (gmm-post-to-gpost:main():gmm-post-to-gpost.cc:131) Done converting post to gpost
LOG (gmm-est-fmllr-raw-gpost:main():gmm-est-fmllr-raw-gpost.cc:144) For speaker zilio, auxf-impr from raw fMLLR is 17.2644 over 19535 frames.
LOG (gmm-est-fmllr-raw-gpost:main():gmm-est-fmllr-raw-gpost.cc:187) Processed 20 utterances, 0 had errors.
LOG (gmm-est-fmllr-raw-gpost:main():gmm-est-fmllr-raw-gpost.cc:189) Overall raw-fMLLR auxf impr per frame is 17.2644 over 19535 frames.
# Accounting: time=5 threads=1
# Ended (code 0) at Fri Jun 17 14:43:02 BRT 2016, elapsed time 5 seconds
