# ali-to-post "ark:gunzip -c exp/tri3c_ali/pre_ali.10.gz|" ark:- | weight-silence-post 0.0 1:2:3:4:5:6:7:8:9:10 exp/tri3c/final.alimdl ark:- ark:- | gmm-post-to-gpost exp/tri3c/final.alimdl "ark,s,cs:apply-cmvn  --utt2spk=ark:data/train/split16/10/utt2spk scp:data/train/split16/10/cmvn.scp scp:data/train/split16/10/feats.scp ark:- | splice-feats  ark:- ark:- | transform-feats exp/tri3c/final.mat ark:- ark:- |" ark:- ark:- | gmm-est-fmllr-raw-gpost --raw-feat-dim=13 --spk2utt=ark:data/train/split16/10/spk2utt exp/tri3c/final.mdl "get-full-lda-mat --print-args=false exp/tri3c/final.mat exp/tri3c/full.mat -|" "ark,s,cs:apply-cmvn  --utt2spk=ark:data/train/split16/10/utt2spk scp:data/train/split16/10/cmvn.scp scp:data/train/split16/10/feats.scp ark:- | splice-feats  ark:- ark:- |" ark,s,cs:- ark:exp/tri3c_ali/raw_trans.10 
# Started at Tue Aug  2 16:10:48 BRT 2016
#
gmm-est-fmllr-raw-gpost --raw-feat-dim=13 --spk2utt=ark:data/train/split16/10/spk2utt exp/tri3c/final.mdl 'get-full-lda-mat --print-args=false exp/tri3c/final.mat exp/tri3c/full.mat -|' 'ark,s,cs:apply-cmvn  --utt2spk=ark:data/train/split16/10/utt2spk scp:data/train/split16/10/cmvn.scp scp:data/train/split16/10/feats.scp ark:- | splice-feats  ark:- ark:- |' ark,s,cs:- ark:exp/tri3c_ali/raw_trans.10 
ali-to-post 'ark:gunzip -c exp/tri3c_ali/pre_ali.10.gz|' ark:- 
gmm-post-to-gpost exp/tri3c/final.alimdl 'ark,s,cs:apply-cmvn  --utt2spk=ark:data/train/split16/10/utt2spk scp:data/train/split16/10/cmvn.scp scp:data/train/split16/10/feats.scp ark:- | splice-feats  ark:- ark:- | transform-feats exp/tri3c/final.mat ark:- ark:- |' ark:- ark:- 
weight-silence-post 0.0 1:2:3:4:5:6:7:8:9:10 exp/tri3c/final.alimdl ark:- ark:- 
splice-feats ark:- ark:- 
splice-feats ark:- ark:- 
apply-cmvn --utt2spk=ark:data/train/split16/10/utt2spk scp:data/train/split16/10/cmvn.scp scp:data/train/split16/10/feats.scp ark:- 
transform-feats exp/tri3c/final.mat ark:- ark:- 
apply-cmvn --utt2spk=ark:data/train/split16/10/utt2spk scp:data/train/split16/10/cmvn.scp scp:data/train/split16/10/feats.scp ark:- 
LOG (ali-to-post:main():ali-to-post.cc:65) Converted 20 alignments.
LOG (gmm-est-fmllr-raw-gpost:main():gmm-est-fmllr-raw-gpost.cc:144) For speaker guilhermesilveira2, auxf-impr from raw fMLLR is 11.3976 over 7074 frames.
LOG (weight-silence-post:main():weight-silence-post.cc:95) Done 20 posteriors.
LOG (apply-cmvn:main():apply-cmvn.cc:146) Applied cepstral mean normalization to 20 utterances, errors on 0
LOG (apply-cmvn:main():apply-cmvn.cc:146) Applied cepstral mean normalization to 20 utterances, errors on 0
LOG (transform-feats:main():transform-feats.cc:158) Overall average [pseudo-]logdet is -87.2258 over 21140 frames.
LOG (transform-feats:main():transform-feats.cc:161) Applied transform to 20 utterances; 0 had errors.
LOG (gmm-post-to-gpost:main():gmm-post-to-gpost.cc:124) Done 20 files, 0 with no posteriors, 0 with other errors.
LOG (gmm-post-to-gpost:main():gmm-post-to-gpost.cc:128) Overall avg like per frame (Gaussian only) = -55.9092 over 14898 frames.
LOG (gmm-post-to-gpost:main():gmm-post-to-gpost.cc:131) Done converting post to gpost
LOG (gmm-est-fmllr-raw-gpost:main():gmm-est-fmllr-raw-gpost.cc:144) For speaker henriquedias, auxf-impr from raw fMLLR is 14.8904 over 7824 frames.
LOG (gmm-est-fmllr-raw-gpost:main():gmm-est-fmllr-raw-gpost.cc:187) Processed 20 utterances, 0 had errors.
LOG (gmm-est-fmllr-raw-gpost:main():gmm-est-fmllr-raw-gpost.cc:189) Overall raw-fMLLR auxf impr per frame is 13.2319 over 14898 frames.
# Accounting: time=15 threads=1
# Ended (code 0) at Tue Aug  2 16:11:03 BRT 2016, elapsed time 15 seconds
