# ali-to-post "ark:gunzip -c exp/tri3c_ali/pre_ali.8.gz|" ark:- | weight-silence-post 0.0 1:2:3:4:5:6:7:8:9:10 exp/tri3c/final.alimdl ark:- ark:- | gmm-post-to-gpost exp/tri3c/final.alimdl "ark,s,cs:apply-cmvn  --utt2spk=ark:data/train/split16/8/utt2spk scp:data/train/split16/8/cmvn.scp scp:data/train/split16/8/feats.scp ark:- | splice-feats  ark:- ark:- | transform-feats exp/tri3c/final.mat ark:- ark:- |" ark:- ark:- | gmm-est-fmllr-raw-gpost --raw-feat-dim=13 --spk2utt=ark:data/train/split16/8/spk2utt exp/tri3c/final.mdl "get-full-lda-mat --print-args=false exp/tri3c/final.mat exp/tri3c/full.mat -|" "ark,s,cs:apply-cmvn  --utt2spk=ark:data/train/split16/8/utt2spk scp:data/train/split16/8/cmvn.scp scp:data/train/split16/8/feats.scp ark:- | splice-feats  ark:- ark:- |" ark,s,cs:- ark:exp/tri3c_ali/raw_trans.8 
# Started at Wed Jun 22 14:07:34 BRT 2016
#
ali-to-post 'ark:gunzip -c exp/tri3c_ali/pre_ali.8.gz|' ark:- 
weight-silence-post 0.0 1:2:3:4:5:6:7:8:9:10 exp/tri3c/final.alimdl ark:- ark:- 
gmm-est-fmllr-raw-gpost --raw-feat-dim=13 --spk2utt=ark:data/train/split16/8/spk2utt exp/tri3c/final.mdl 'get-full-lda-mat --print-args=false exp/tri3c/final.mat exp/tri3c/full.mat -|' 'ark,s,cs:apply-cmvn  --utt2spk=ark:data/train/split16/8/utt2spk scp:data/train/split16/8/cmvn.scp scp:data/train/split16/8/feats.scp ark:- | splice-feats  ark:- ark:- |' ark,s,cs:- ark:exp/tri3c_ali/raw_trans.8 
gmm-post-to-gpost exp/tri3c/final.alimdl 'ark,s,cs:apply-cmvn  --utt2spk=ark:data/train/split16/8/utt2spk scp:data/train/split16/8/cmvn.scp scp:data/train/split16/8/feats.scp ark:- | splice-feats  ark:- ark:- | transform-feats exp/tri3c/final.mat ark:- ark:- |' ark:- ark:- 
splice-feats ark:- ark:- 
transform-feats exp/tri3c/final.mat ark:- ark:- 
apply-cmvn --utt2spk=ark:data/train/split16/8/utt2spk scp:data/train/split16/8/cmvn.scp scp:data/train/split16/8/feats.scp ark:- 
splice-feats ark:- ark:- 
apply-cmvn --utt2spk=ark:data/train/split16/8/utt2spk scp:data/train/split16/8/cmvn.scp scp:data/train/split16/8/feats.scp ark:- 
LOG (ali-to-post:main():ali-to-post.cc:65) Converted 19 alignments.
LOG (weight-silence-post:main():weight-silence-post.cc:95) Done 19 posteriors.
WARNING (gmm-est-fmllr-raw-gpost:main():gmm-est-fmllr-raw-gpost.cc:120) Gaussian-level posteriors not found for utterance felipe_vone_Sfelipe_vone17
LOG (apply-cmvn:main():apply-cmvn.cc:146) Applied cepstral mean normalization to 20 utterances, errors on 0
LOG (transform-feats:main():transform-feats.cc:158) Overall average [pseudo-]logdet is -85.9813 over 41890 frames.
LOG (transform-feats:main():transform-feats.cc:161) Applied transform to 20 utterances; 0 had errors.
LOG (apply-cmvn:main():apply-cmvn.cc:146) Applied cepstral mean normalization to 20 utterances, errors on 0
LOG (gmm-post-to-gpost:main():gmm-post-to-gpost.cc:124) Done 19 files, 1 with no posteriors, 0 with other errors.
LOG (gmm-post-to-gpost:main():gmm-post-to-gpost.cc:128) Overall avg like per frame (Gaussian only) = -47.1412 over 22099 frames.
LOG (gmm-post-to-gpost:main():gmm-post-to-gpost.cc:131) Done converting post to gpost
LOG (gmm-est-fmllr-raw-gpost:main():gmm-est-fmllr-raw-gpost.cc:144) For speaker felipe_vone, auxf-impr from raw fMLLR is 3.34167 over 22099 frames.
LOG (gmm-est-fmllr-raw-gpost:main():gmm-est-fmllr-raw-gpost.cc:187) Processed 19 utterances, 1 had errors.
LOG (gmm-est-fmllr-raw-gpost:main():gmm-est-fmllr-raw-gpost.cc:189) Overall raw-fMLLR auxf impr per frame is 3.34167 over 22099 frames.
# Accounting: time=12 threads=1
# Ended (code 0) at Wed Jun 22 14:07:46 BRT 2016, elapsed time 12 seconds
