# compile-train-graphs exp/tri2b_ali/tree exp/tri2b_ali/final.mdl data/lang/L.fst "ark:utils/sym2int.pl --map-oov 2 -f 2- data/lang/words.txt data/train/split20/19/text|" ark:- | gmm-align-compiled --transition-scale=1.0 --acoustic-scale=0.1 --self-loop-scale=0.1 --beam=10 --retry-beam=40 --careful=false "gmm-boost-silence --boost=1.0 1 exp/tri2b_ali/final.mdl - |" ark:- "ark,s,cs:apply-cmvn  --utt2spk=ark:data/train/split20/19/utt2spk scp:data/train/split20/19/cmvn.scp scp:data/train/split20/19/feats.scp ark:- | splice-feats  ark:- ark:- | transform-feats exp/tri2b/final.mat ark:- ark:- |" "ark,t:|gzip -c >exp/tri2b_ali/ali.19.gz" 
# Started at Mon Jul  4 16:15:15 BRT 2016
#
gmm-align-compiled --transition-scale=1.0 --acoustic-scale=0.1 --self-loop-scale=0.1 --beam=10 --retry-beam=40 --careful=false 'gmm-boost-silence --boost=1.0 1 exp/tri2b_ali/final.mdl - |' ark:- 'ark,s,cs:apply-cmvn  --utt2spk=ark:data/train/split20/19/utt2spk scp:data/train/split20/19/cmvn.scp scp:data/train/split20/19/feats.scp ark:- | splice-feats  ark:- ark:- | transform-feats exp/tri2b/final.mat ark:- ark:- |' 'ark,t:|gzip -c >exp/tri2b_ali/ali.19.gz' 
compile-train-graphs exp/tri2b_ali/tree exp/tri2b_ali/final.mdl data/lang/L.fst 'ark:utils/sym2int.pl --map-oov 2 -f 2- data/lang/words.txt data/train/split20/19/text|' ark:- 
gmm-boost-silence --boost=1.0 1 exp/tri2b_ali/final.mdl - 
WARNING (gmm-boost-silence:main():gmm-boost-silence.cc:82) The pdfs for the silence phones may be shared by other phones (note: this probably does not matter.)
LOG (gmm-boost-silence:main():gmm-boost-silence.cc:93) Boosted weights for 5 pdfs, by factor of 1
LOG (gmm-boost-silence:main():gmm-boost-silence.cc:103) Wrote model to -
transform-feats exp/tri2b/final.mat ark:- ark:- 
splice-feats ark:- ark:- 
apply-cmvn --utt2spk=ark:data/train/split20/19/utt2spk scp:data/train/split20/19/cmvn.scp scp:data/train/split20/19/feats.scp ark:- 
LOG (compile-train-graphs:main():compile-train-graphs.cc:145) compile-train-graphs: succeeded for 10 graphs, failed for 0
LOG (apply-cmvn:main():apply-cmvn.cc:146) Applied cepstral mean normalization to 10 utterances, errors on 0
LOG (transform-feats:main():transform-feats.cc:158) Overall average [pseudo-]logdet is -82.5515 over 14633 frames.
LOG (transform-feats:main():transform-feats.cc:161) Applied transform to 10 utterances; 0 had errors.
LOG (gmm-align-compiled:main():gmm-align-compiled.cc:129) Overall log-likelihood per frame is -37.1378 over 14633 frames.
LOG (gmm-align-compiled:main():gmm-align-compiled.cc:131) Retried 0 out of 10 utterances.
LOG (gmm-align-compiled:main():gmm-align-compiled.cc:133) Done 10, errors on 0
# Accounting: time=2 threads=1
# Ended (code 0) at Mon Jul  4 16:15:17 BRT 2016, elapsed time 2 seconds
