# ali-to-post "ark:gunzip -c exp/tri3c/ali.20.gz|" ark:- | gmm-acc-stats-twofeats exp/tri3c/35.mdl "ark,s,cs:apply-cmvn  --utt2spk=ark:data/train/split20/20/utt2spk scp:data/train/split20/20/cmvn.scp scp:data/train/split20/20/feats.scp ark:- | transform-feats --utt2spk=ark:data/train/split20/20/utt2spk ark,s,cs:exp/tri3c/raw_trans.20 ark:- ark:- | splice-feats  ark:- ark:- | transform-feats exp/tri3c/10.mat ark:- ark:- |" "ark,s,cs:apply-cmvn  --utt2spk=ark:data/train/split20/20/utt2spk scp:data/train/split20/20/cmvn.scp scp:data/train/split20/20/feats.scp ark:- | splice-feats  ark:- ark:- | transform-feats exp/tri3c/10.mat ark:- ark:- |" ark,s,cs:- exp/tri3c/35.20.acc 
# Started at Mon Jul  4 16:27:16 BRT 2016
#
ali-to-post 'ark:gunzip -c exp/tri3c/ali.20.gz|' ark:- 
gmm-acc-stats-twofeats exp/tri3c/35.mdl 'ark,s,cs:apply-cmvn  --utt2spk=ark:data/train/split20/20/utt2spk scp:data/train/split20/20/cmvn.scp scp:data/train/split20/20/feats.scp ark:- | transform-feats --utt2spk=ark:data/train/split20/20/utt2spk ark,s,cs:exp/tri3c/raw_trans.20 ark:- ark:- | splice-feats  ark:- ark:- | transform-feats exp/tri3c/10.mat ark:- ark:- |' 'ark,s,cs:apply-cmvn  --utt2spk=ark:data/train/split20/20/utt2spk scp:data/train/split20/20/cmvn.scp scp:data/train/split20/20/feats.scp ark:- | splice-feats  ark:- ark:- | transform-feats exp/tri3c/10.mat ark:- ark:- |' ark,s,cs:- exp/tri3c/35.20.acc 
transform-feats exp/tri3c/10.mat ark:- ark:- 
splice-feats ark:- ark:- 
transform-feats --utt2spk=ark:data/train/split20/20/utt2spk ark,s,cs:exp/tri3c/raw_trans.20 ark:- ark:- 
apply-cmvn --utt2spk=ark:data/train/split20/20/utt2spk scp:data/train/split20/20/cmvn.scp scp:data/train/split20/20/feats.scp ark:- 
apply-cmvn --utt2spk=ark:data/train/split20/20/utt2spk scp:data/train/split20/20/cmvn.scp scp:data/train/split20/20/feats.scp ark:- 
splice-feats ark:- ark:- 
transform-feats exp/tri3c/10.mat ark:- ark:- 
LOG (gmm-acc-stats-twofeats:main():gmm-acc-stats-twofeats.cc:140) Average like for this file is -39.7702 over 1248 frames.
LOG (gmm-acc-stats-twofeats:main():gmm-acc-stats-twofeats.cc:140) Average like for this file is -39.9669 over 1636 frames.
LOG (gmm-acc-stats-twofeats:main():gmm-acc-stats-twofeats.cc:140) Average like for this file is -37.6845 over 1298 frames.
LOG (gmm-acc-stats-twofeats:main():gmm-acc-stats-twofeats.cc:140) Average like for this file is -37.8821 over 1386 frames.
LOG (gmm-acc-stats-twofeats:main():gmm-acc-stats-twofeats.cc:140) Average like for this file is -38.1775 over 1248 frames.
LOG (gmm-acc-stats-twofeats:main():gmm-acc-stats-twofeats.cc:140) Average like for this file is -38.8205 over 1361 frames.
LOG (ali-to-post:main():ali-to-post.cc:65) Converted 10 alignments.
LOG (apply-cmvn:main():apply-cmvn.cc:146) Applied cepstral mean normalization to 10 utterances, errors on 0
LOG (gmm-acc-stats-twofeats:main():gmm-acc-stats-twofeats.cc:140) Average like for this file is -38.8088 over 1636 frames.
LOG (transform-feats:main():transform-feats.cc:158) Overall average logdet is -0.130037 over 14408 frames.
LOG (transform-feats:main():transform-feats.cc:161) Applied transform to 10 utterances; 0 had errors.
LOG (apply-cmvn:main():apply-cmvn.cc:146) Applied cepstral mean normalization to 10 utterances, errors on 0
LOG (gmm-acc-stats-twofeats:main():gmm-acc-stats-twofeats.cc:140) Average like for this file is -37.091 over 1523 frames.
LOG (gmm-acc-stats-twofeats:main():gmm-acc-stats-twofeats.cc:140) Average like for this file is -38.4798 over 1486 frames.
LOG (transform-feats:main():transform-feats.cc:158) Overall average [pseudo-]logdet is -79.7442 over 14408 frames.
LOG (transform-feats:main():transform-feats.cc:161) Applied transform to 10 utterances; 0 had errors.
LOG (transform-feats:main():transform-feats.cc:158) Overall average [pseudo-]logdet is -79.7442 over 14408 frames.
LOG (transform-feats:main():transform-feats.cc:161) Applied transform to 10 utterances; 0 had errors.
LOG (gmm-acc-stats-twofeats:main():gmm-acc-stats-twofeats.cc:140) Average like for this file is -38.7128 over 1586 frames.
LOG (gmm-acc-stats-twofeats:main():gmm-acc-stats-twofeats.cc:146) Avg like per frame so far is -38.5535
LOG (gmm-acc-stats-twofeats:main():gmm-acc-stats-twofeats.cc:150) Done 10 files, 0 with no posteriors, 0 with no second features, 0 with other errors.
LOG (gmm-acc-stats-twofeats:main():gmm-acc-stats-twofeats.cc:155) Overall avg like per frame (Gaussian only) = -38.5535 over 14408 frames.
LOG (gmm-acc-stats-twofeats:main():gmm-acc-stats-twofeats.cc:163) Written accs.
# Accounting: time=2 threads=1
# Ended (code 0) at Mon Jul  4 16:27:18 BRT 2016, elapsed time 2 seconds
