# ali-to-post "ark:gunzip -c exp/tri3c/ali.15.gz|" ark:- | gmm-acc-stats-twofeats exp/tri3c/35.mdl "ark,s,cs:apply-cmvn  --utt2spk=ark:data/train/split20/15/utt2spk scp:data/train/split20/15/cmvn.scp scp:data/train/split20/15/feats.scp ark:- | transform-feats --utt2spk=ark:data/train/split20/15/utt2spk ark,s,cs:exp/tri3c/raw_trans.15 ark:- ark:- | splice-feats  ark:- ark:- | transform-feats exp/tri3c/10.mat ark:- ark:- |" "ark,s,cs:apply-cmvn  --utt2spk=ark:data/train/split20/15/utt2spk scp:data/train/split20/15/cmvn.scp scp:data/train/split20/15/feats.scp ark:- | splice-feats  ark:- ark:- | transform-feats exp/tri3c/10.mat ark:- ark:- |" ark,s,cs:- exp/tri3c/35.15.acc 
# Started at Mon Jul  4 16:27:14 BRT 2016
#
ali-to-post 'ark:gunzip -c exp/tri3c/ali.15.gz|' ark:- 
gmm-acc-stats-twofeats exp/tri3c/35.mdl 'ark,s,cs:apply-cmvn  --utt2spk=ark:data/train/split20/15/utt2spk scp:data/train/split20/15/cmvn.scp scp:data/train/split20/15/feats.scp ark:- | transform-feats --utt2spk=ark:data/train/split20/15/utt2spk ark,s,cs:exp/tri3c/raw_trans.15 ark:- ark:- | splice-feats  ark:- ark:- | transform-feats exp/tri3c/10.mat ark:- ark:- |' 'ark,s,cs:apply-cmvn  --utt2spk=ark:data/train/split20/15/utt2spk scp:data/train/split20/15/cmvn.scp scp:data/train/split20/15/feats.scp ark:- | splice-feats  ark:- ark:- | transform-feats exp/tri3c/10.mat ark:- ark:- |' ark,s,cs:- exp/tri3c/35.15.acc 
transform-feats exp/tri3c/10.mat ark:- ark:- 
transform-feats --utt2spk=ark:data/train/split20/15/utt2spk ark,s,cs:exp/tri3c/raw_trans.15 ark:- ark:- 
splice-feats ark:- ark:- 
apply-cmvn --utt2spk=ark:data/train/split20/15/utt2spk scp:data/train/split20/15/cmvn.scp scp:data/train/split20/15/feats.scp ark:- 
splice-feats ark:- ark:- 
transform-feats exp/tri3c/10.mat ark:- ark:- 
apply-cmvn --utt2spk=ark:data/train/split20/15/utt2spk scp:data/train/split20/15/cmvn.scp scp:data/train/split20/15/feats.scp ark:- 
LOG (gmm-acc-stats-twofeats:main():gmm-acc-stats-twofeats.cc:140) Average like for this file is -39.1263 over 1248 frames.
LOG (gmm-acc-stats-twofeats:main():gmm-acc-stats-twofeats.cc:140) Average like for this file is -39.9573 over 1398 frames.
LOG (gmm-acc-stats-twofeats:main():gmm-acc-stats-twofeats.cc:140) Average like for this file is -38.5956 over 1248 frames.
LOG (gmm-acc-stats-twofeats:main():gmm-acc-stats-twofeats.cc:140) Average like for this file is -39.7206 over 1236 frames.
LOG (gmm-acc-stats-twofeats:main():gmm-acc-stats-twofeats.cc:140) Average like for this file is -39.0993 over 1298 frames.
LOG (apply-cmvn:main():apply-cmvn.cc:146) Applied cepstral mean normalization to 10 utterances, errors on 0
LOG (gmm-acc-stats-twofeats:main():gmm-acc-stats-twofeats.cc:140) Average like for this file is -40.0558 over 1173 frames.
LOG (ali-to-post:main():ali-to-post.cc:65) Converted 10 alignments.
LOG (apply-cmvn:main():apply-cmvn.cc:146) Applied cepstral mean normalization to 10 utterances, errors on 0
LOG (gmm-acc-stats-twofeats:main():gmm-acc-stats-twofeats.cc:140) Average like for this file is -39.4553 over 1211 frames.
LOG (transform-feats:main():transform-feats.cc:158) Overall average logdet is -0.0910011 over 12794 frames.
LOG (transform-feats:main():transform-feats.cc:161) Applied transform to 10 utterances; 0 had errors.
LOG (gmm-acc-stats-twofeats:main():gmm-acc-stats-twofeats.cc:140) Average like for this file is -39.5563 over 1423 frames.
LOG (gmm-acc-stats-twofeats:main():gmm-acc-stats-twofeats.cc:140) Average like for this file is -39.3855 over 1186 frames.
LOG (transform-feats:main():transform-feats.cc:158) Overall average [pseudo-]logdet is -79.7442 over 12794 frames.
LOG (transform-feats:main():transform-feats.cc:161) Applied transform to 10 utterances; 0 had errors.
LOG (transform-feats:main():transform-feats.cc:158) Overall average [pseudo-]logdet is -79.7442 over 12794 frames.
LOG (transform-feats:main():transform-feats.cc:161) Applied transform to 10 utterances; 0 had errors.
LOG (gmm-acc-stats-twofeats:main():gmm-acc-stats-twofeats.cc:140) Average like for this file is -39.6675 over 1373 frames.
LOG (gmm-acc-stats-twofeats:main():gmm-acc-stats-twofeats.cc:146) Avg like per frame so far is -39.4663
LOG (gmm-acc-stats-twofeats:main():gmm-acc-stats-twofeats.cc:150) Done 10 files, 0 with no posteriors, 0 with no second features, 0 with other errors.
LOG (gmm-acc-stats-twofeats:main():gmm-acc-stats-twofeats.cc:155) Overall avg like per frame (Gaussian only) = -39.4663 over 12794 frames.
LOG (gmm-acc-stats-twofeats:main():gmm-acc-stats-twofeats.cc:163) Written accs.
# Accounting: time=2 threads=1
# Ended (code 0) at Mon Jul  4 16:27:16 BRT 2016, elapsed time 2 seconds
