# ali-to-post "ark:gunzip -c exp/tri3c/ali.8.gz|" ark:- | weight-silence-post 0.0 1:2:3:4:5:6:7:8:9:10 exp/tri3c/4.mdl ark:- ark:- | gmm-est-fmllr-raw --raw-feat-dim=13 --spk2utt=ark:data/train/split20/8/spk2utt exp/tri3c/4.mdl "get-full-lda-mat --print-args=false exp/tri3c/3.mat exp/tri3c/full.mat - |" "ark,s,cs:apply-cmvn  --utt2spk=ark:data/train/split20/8/utt2spk scp:data/train/split20/8/cmvn.scp scp:data/train/split20/8/feats.scp ark:- | transform-feats --utt2spk=ark:data/train/split20/8/utt2spk ark,s,cs:exp/tri3c/raw_trans.8 ark:- ark:- | splice-feats  ark:- ark:- |" ark:- ark:exp/tri3c/tmp_trans.8 
# Started at Mon Jul  4 16:22:26 BRT 2016
#
weight-silence-post 0.0 1:2:3:4:5:6:7:8:9:10 exp/tri3c/4.mdl ark:- ark:- 
gmm-est-fmllr-raw --raw-feat-dim=13 --spk2utt=ark:data/train/split20/8/spk2utt exp/tri3c/4.mdl 'get-full-lda-mat --print-args=false exp/tri3c/3.mat exp/tri3c/full.mat - |' 'ark,s,cs:apply-cmvn  --utt2spk=ark:data/train/split20/8/utt2spk scp:data/train/split20/8/cmvn.scp scp:data/train/split20/8/feats.scp ark:- | transform-feats --utt2spk=ark:data/train/split20/8/utt2spk ark,s,cs:exp/tri3c/raw_trans.8 ark:- ark:- | splice-feats  ark:- ark:- |' ark:- ark:exp/tri3c/tmp_trans.8 
ali-to-post 'ark:gunzip -c exp/tri3c/ali.8.gz|' ark:- 
splice-feats ark:- ark:- 
transform-feats --utt2spk=ark:data/train/split20/8/utt2spk ark,s,cs:exp/tri3c/raw_trans.8 ark:- ark:- 
apply-cmvn --utt2spk=ark:data/train/split20/8/utt2spk scp:data/train/split20/8/cmvn.scp scp:data/train/split20/8/feats.scp ark:- 
LOG (ali-to-post:main():ali-to-post.cc:65) Converted 9 alignments.
WARNING (gmm-est-fmllr-raw:main():gmm-est-fmllr-raw.cc:116) Features not found for utterance felipe_spp17-Sfelipe_spp173
LOG (weight-silence-post:main():weight-silence-post.cc:95) Done 9 posteriors.
LOG (apply-cmvn:main():apply-cmvn.cc:146) Applied cepstral mean normalization to 9 utterances, errors on 0
LOG (transform-feats:main():transform-feats.cc:158) Overall average logdet is -0.18838 over 12272 frames.
LOG (transform-feats:main():transform-feats.cc:161) Applied transform to 9 utterances; 0 had errors.
LOG (gmm-est-fmllr-raw:main():gmm-est-fmllr-raw.cc:145) For speaker felipe_spp17, auxf-impr from raw fMLLR is 0.0138342 over 6531 frames.
LOG (gmm-est-fmllr-raw:main():gmm-est-fmllr-raw.cc:188) Processed 9 utterances, 1 had errors.
LOG (gmm-est-fmllr-raw:main():gmm-est-fmllr-raw.cc:190) Overall raw-fMLLR auxf impr per frame is 0.0138342 over 6531 frames.
# Accounting: time=4 threads=1
# Ended (code 0) at Mon Jul  4 16:22:30 BRT 2016, elapsed time 4 seconds
