# ali-to-post "ark:gunzip -c exp/tri3c/ali.1.gz|" ark:- | weight-silence-post 0.0 1:2:3:4:5:6:7:8:9:10 exp/tri3c/12.mdl ark:- ark:- | gmm-est-fmllr-raw --raw-feat-dim=13 --spk2utt=ark:data/train/split20/1/spk2utt exp/tri3c/12.mdl "get-full-lda-mat --print-args=false exp/tri3c/10.mat exp/tri3c/full.mat - |" "ark,s,cs:apply-cmvn  --utt2spk=ark:data/train/split20/1/utt2spk scp:data/train/split20/1/cmvn.scp scp:data/train/split20/1/feats.scp ark:- | transform-feats --utt2spk=ark:data/train/split20/1/utt2spk ark,s,cs:exp/tri3c/raw_trans.1 ark:- ark:- | splice-feats  ark:- ark:- |" ark:- ark:exp/tri3c/tmp_trans.1 
# Started at Mon Jul  4 16:23:48 BRT 2016
#
ali-to-post 'ark:gunzip -c exp/tri3c/ali.1.gz|' ark:- 
gmm-est-fmllr-raw --raw-feat-dim=13 --spk2utt=ark:data/train/split20/1/spk2utt exp/tri3c/12.mdl 'get-full-lda-mat --print-args=false exp/tri3c/10.mat exp/tri3c/full.mat - |' 'ark,s,cs:apply-cmvn  --utt2spk=ark:data/train/split20/1/utt2spk scp:data/train/split20/1/cmvn.scp scp:data/train/split20/1/feats.scp ark:- | transform-feats --utt2spk=ark:data/train/split20/1/utt2spk ark,s,cs:exp/tri3c/raw_trans.1 ark:- ark:- | splice-feats  ark:- ark:- |' ark:- ark:exp/tri3c/tmp_trans.1 
weight-silence-post 0.0 1:2:3:4:5:6:7:8:9:10 exp/tri3c/12.mdl ark:- ark:- 
splice-feats ark:- ark:- 
transform-feats --utt2spk=ark:data/train/split20/1/utt2spk ark,s,cs:exp/tri3c/raw_trans.1 ark:- ark:- 
apply-cmvn --utt2spk=ark:data/train/split20/1/utt2spk scp:data/train/split20/1/cmvn.scp scp:data/train/split20/1/feats.scp ark:- 
LOG (gmm-est-fmllr-raw:main():gmm-est-fmllr-raw.cc:145) For speaker felipe_spp1, auxf-impr from raw fMLLR is 0.0252206 over 7806 frames.
LOG (ali-to-post:main():ali-to-post.cc:65) Converted 20 alignments.
LOG (weight-silence-post:main():weight-silence-post.cc:95) Done 20 posteriors.
LOG (apply-cmvn:main():apply-cmvn.cc:146) Applied cepstral mean normalization to 20 utterances, errors on 0
LOG (transform-feats:main():transform-feats.cc:158) Overall average logdet is -0.522895 over 30513 frames.
LOG (transform-feats:main():transform-feats.cc:161) Applied transform to 20 utterances; 0 had errors.
LOG (gmm-est-fmllr-raw:main():gmm-est-fmllr-raw.cc:145) For speaker felipe_spp10, auxf-impr from raw fMLLR is 0.0111053 over 7895 frames.
LOG (gmm-est-fmllr-raw:main():gmm-est-fmllr-raw.cc:188) Processed 20 utterances, 0 had errors.
LOG (gmm-est-fmllr-raw:main():gmm-est-fmllr-raw.cc:190) Overall raw-fMLLR auxf impr per frame is 0.018123 over 15701 frames.
# Accounting: time=10 threads=1
# Ended (code 0) at Mon Jul  4 16:23:58 BRT 2016, elapsed time 10 seconds
