# ali-to-post "ark:gunzip -c exp/tri3c/ali.11.gz|" ark:- | weight-silence-post 0.0 1:2:3:4:5:6:7:8:9:10 exp/tri3c/10.mdl ark:- ark:- | gmm-acc-mllt --rand-prune=4.0 exp/tri3c/10.mdl "ark,s,cs:apply-cmvn  --utt2spk=ark:data/train/split20/11/utt2spk scp:data/train/split20/11/cmvn.scp scp:data/train/split20/11/feats.scp ark:- | transform-feats --utt2spk=ark:data/train/split20/11/utt2spk ark,s,cs:exp/tri3c/raw_trans.11 ark:- ark:- | splice-feats  ark:- ark:- | transform-feats exp/tri3c/7.mat ark:- ark:- |" ark:- exp/tri3c/10.11.macc 
# Started at Mon Jul  4 16:23:37 BRT 2016
#
weight-silence-post 0.0 1:2:3:4:5:6:7:8:9:10 exp/tri3c/10.mdl ark:- ark:- 
gmm-acc-mllt --rand-prune=4.0 exp/tri3c/10.mdl 'ark,s,cs:apply-cmvn  --utt2spk=ark:data/train/split20/11/utt2spk scp:data/train/split20/11/cmvn.scp scp:data/train/split20/11/feats.scp ark:- | transform-feats --utt2spk=ark:data/train/split20/11/utt2spk ark,s,cs:exp/tri3c/raw_trans.11 ark:- ark:- | splice-feats  ark:- ark:- | transform-feats exp/tri3c/7.mat ark:- ark:- |' ark:- exp/tri3c/10.11.macc 
ali-to-post 'ark:gunzip -c exp/tri3c/ali.11.gz|' ark:- 
apply-cmvn --utt2spk=ark:data/train/split20/11/utt2spk scp:data/train/split20/11/cmvn.scp scp:data/train/split20/11/feats.scp ark:- 
transform-feats exp/tri3c/7.mat ark:- ark:- 
splice-feats ark:- ark:- 
transform-feats --utt2spk=ark:data/train/split20/11/utt2spk ark,s,cs:exp/tri3c/raw_trans.11 ark:- ark:- 
LOG (gmm-acc-mllt:main():gmm-acc-mllt.cc:108) Average like for this file is -53.6258 over 706 frames.
LOG (gmm-acc-mllt:main():gmm-acc-mllt.cc:108) Average like for this file is -53.6117 over 788 frames.
LOG (gmm-acc-mllt:main():gmm-acc-mllt.cc:108) Average like for this file is -52.0403 over 794 frames.
LOG (gmm-acc-mllt:main():gmm-acc-mllt.cc:108) Average like for this file is -52.9181 over 805 frames.
LOG (gmm-acc-mllt:main():gmm-acc-mllt.cc:108) Average like for this file is -51.8154 over 1037 frames.
LOG (gmm-acc-mllt:main():gmm-acc-mllt.cc:108) Average like for this file is -53.9627 over 1045 frames.
LOG (gmm-acc-mllt:main():gmm-acc-mllt.cc:108) Average like for this file is -53.2893 over 744 frames.
LOG (gmm-acc-mllt:main():gmm-acc-mllt.cc:108) Average like for this file is -53.7668 over 850 frames.
LOG (gmm-acc-mllt:main():gmm-acc-mllt.cc:108) Average like for this file is -53.2777 over 871 frames.
LOG (gmm-acc-mllt:main():gmm-acc-mllt.cc:108) Average like for this file is -53.2558 over 790 frames.
LOG (gmm-acc-mllt:main():gmm-acc-mllt.cc:114) Avg like per frame so far is -53.1405
LOG (gmm-acc-mllt:main():gmm-acc-mllt.cc:108) Average like for this file is -51.1689 over 748 frames.
LOG (ali-to-post:main():ali-to-post.cc:65) Converted 20 alignments.
LOG (gmm-acc-mllt:main():gmm-acc-mllt.cc:108) Average like for this file is -49.1187 over 745 frames.
LOG (gmm-acc-mllt:main():gmm-acc-mllt.cc:108) Average like for this file is -49.829 over 733 frames.
LOG (gmm-acc-mllt:main():gmm-acc-mllt.cc:108) Average like for this file is -50.1568 over 804 frames.
LOG (gmm-acc-mllt:main():gmm-acc-mllt.cc:108) Average like for this file is -50.4684 over 645 frames.
LOG (apply-cmvn:main():apply-cmvn.cc:146) Applied cepstral mean normalization to 20 utterances, errors on 0
LOG (weight-silence-post:main():weight-silence-post.cc:95) Done 20 posteriors.
LOG (gmm-acc-mllt:main():gmm-acc-mllt.cc:108) Average like for this file is -51.2701 over 694 frames.
LOG (gmm-acc-mllt:main():gmm-acc-mllt.cc:108) Average like for this file is -50.8569 over 783 frames.
LOG (transform-feats:main():transform-feats.cc:158) Overall average logdet is -0.422742 over 30202 frames.
LOG (transform-feats:main():transform-feats.cc:161) Applied transform to 20 utterances; 0 had errors.
LOG (gmm-acc-mllt:main():gmm-acc-mllt.cc:108) Average like for this file is -49.2548 over 676 frames.
LOG (gmm-acc-mllt:main():gmm-acc-mllt.cc:108) Average like for this file is -48.7707 over 790 frames.
LOG (transform-feats:main():transform-feats.cc:158) Overall average [pseudo-]logdet is -80.1772 over 30202 frames.
LOG (transform-feats:main():transform-feats.cc:161) Applied transform to 20 utterances; 0 had errors.
LOG (gmm-acc-mllt:main():gmm-acc-mllt.cc:108) Average like for this file is -46.5252 over 705 frames.
LOG (gmm-acc-mllt:main():gmm-acc-mllt.cc:114) Avg like per frame so far is -51.5631
LOG (gmm-acc-mllt:main():gmm-acc-mllt.cc:119) Done 20 files, 0 with no posteriors, 0 with other errors.
LOG (gmm-acc-mllt:main():gmm-acc-mllt.cc:123) Overall avg like per frame (Gaussian only) = -51.5631 over 15753 frames.
LOG (gmm-acc-mllt:main():gmm-acc-mllt.cc:127) Written accs.
# Accounting: time=0 threads=1
# Ended (code 0) at Mon Jul  4 16:23:37 BRT 2016, elapsed time 0 seconds
