# ali-to-post "ark:gunzip -c exp/tri3c/ali.6.gz|" ark:- | weight-silence-post 0.0 1:2:3:4:5:6:7:8:9:10 exp/tri3c/5.mdl ark:- ark:- | gmm-acc-mllt --rand-prune=4.0 exp/tri3c/5.mdl "ark,s,cs:apply-cmvn  --utt2spk=ark:data/train/split20/6/utt2spk scp:data/train/split20/6/cmvn.scp scp:data/train/split20/6/feats.scp ark:- | transform-feats --utt2spk=ark:data/train/split20/6/utt2spk ark,s,cs:exp/tri3c/raw_trans.6 ark:- ark:- | splice-feats  ark:- ark:- | transform-feats exp/tri3c/3.mat ark:- ark:- |" ark:- exp/tri3c/5.6.macc 
# Started at Mon Jul  4 16:22:45 BRT 2016
#
ali-to-post 'ark:gunzip -c exp/tri3c/ali.6.gz|' ark:- 
weight-silence-post 0.0 1:2:3:4:5:6:7:8:9:10 exp/tri3c/5.mdl ark:- ark:- 
gmm-acc-mllt --rand-prune=4.0 exp/tri3c/5.mdl 'ark,s,cs:apply-cmvn  --utt2spk=ark:data/train/split20/6/utt2spk scp:data/train/split20/6/cmvn.scp scp:data/train/split20/6/feats.scp ark:- | transform-feats --utt2spk=ark:data/train/split20/6/utt2spk ark,s,cs:exp/tri3c/raw_trans.6 ark:- ark:- | splice-feats  ark:- ark:- | transform-feats exp/tri3c/3.mat ark:- ark:- |' ark:- exp/tri3c/5.6.macc 
apply-cmvn --utt2spk=ark:data/train/split20/6/utt2spk scp:data/train/split20/6/cmvn.scp scp:data/train/split20/6/feats.scp ark:- 
transform-feats exp/tri3c/3.mat ark:- ark:- 
transform-feats --utt2spk=ark:data/train/split20/6/utt2spk ark,s,cs:exp/tri3c/raw_trans.6 ark:- ark:- 
splice-feats ark:- ark:- 
LOG (gmm-acc-mllt:main():gmm-acc-mllt.cc:108) Average like for this file is -52.7485 over 752 frames.
LOG (gmm-acc-mllt:main():gmm-acc-mllt.cc:108) Average like for this file is -50.3558 over 666 frames.
LOG (ali-to-post:main():ali-to-post.cc:65) Converted 10 alignments.
LOG (gmm-acc-mllt:main():gmm-acc-mllt.cc:108) Average like for this file is -52.7014 over 894 frames.
LOG (gmm-acc-mllt:main():gmm-acc-mllt.cc:108) Average like for this file is -51.1444 over 773 frames.
LOG (apply-cmvn:main():apply-cmvn.cc:146) Applied cepstral mean normalization to 10 utterances, errors on 0
LOG (gmm-acc-mllt:main():gmm-acc-mllt.cc:108) Average like for this file is -50.6542 over 708 frames.
LOG (weight-silence-post:main():weight-silence-post.cc:95) Done 10 posteriors.
LOG (gmm-acc-mllt:main():gmm-acc-mllt.cc:108) Average like for this file is -50.3214 over 770 frames.
LOG (transform-feats:main():transform-feats.cc:158) Overall average logdet is -0.373285 over 13895 frames.
LOG (transform-feats:main():transform-feats.cc:161) Applied transform to 10 utterances; 0 had errors.
LOG (gmm-acc-mllt:main():gmm-acc-mllt.cc:108) Average like for this file is -51.3177 over 784 frames.
LOG (gmm-acc-mllt:main():gmm-acc-mllt.cc:108) Average like for this file is -51.019 over 675 frames.
LOG (gmm-acc-mllt:main():gmm-acc-mllt.cc:108) Average like for this file is -52.0189 over 724 frames.
LOG (transform-feats:main():transform-feats.cc:158) Overall average [pseudo-]logdet is -81.4117 over 13895 frames.
LOG (transform-feats:main():transform-feats.cc:161) Applied transform to 10 utterances; 0 had errors.
LOG (gmm-acc-mllt:main():gmm-acc-mllt.cc:108) Average like for this file is -50.5953 over 669 frames.
LOG (gmm-acc-mllt:main():gmm-acc-mllt.cc:114) Avg like per frame so far is -51.3345
LOG (gmm-acc-mllt:main():gmm-acc-mllt.cc:119) Done 10 files, 0 with no posteriors, 0 with other errors.
LOG (gmm-acc-mllt:main():gmm-acc-mllt.cc:123) Overall avg like per frame (Gaussian only) = -51.3345 over 7415 frames.
LOG (gmm-acc-mllt:main():gmm-acc-mllt.cc:127) Written accs.
# Accounting: time=0 threads=1
# Ended (code 0) at Mon Jul  4 16:22:45 BRT 2016, elapsed time 0 seconds
