# ali-to-post "ark:gunzip -c exp/tri3c/ali.18.gz|" ark:- | weight-silence-post 0.0 1:2:3:4:5:6:7:8:9:10 exp/tri3c/7.mdl ark:- ark:- | gmm-acc-mllt --rand-prune=4.0 exp/tri3c/7.mdl "ark,s,cs:apply-cmvn  --utt2spk=ark:data/train/split20/18/utt2spk scp:data/train/split20/18/cmvn.scp scp:data/train/split20/18/feats.scp ark:- | transform-feats --utt2spk=ark:data/train/split20/18/utt2spk ark,s,cs:exp/tri3c/raw_trans.18 ark:- ark:- | splice-feats  ark:- ark:- | transform-feats exp/tri3c/5.mat ark:- ark:- |" ark:- exp/tri3c/7.18.macc 
# Started at Mon Jul  4 16:23:20 BRT 2016
#
weight-silence-post 0.0 1:2:3:4:5:6:7:8:9:10 exp/tri3c/7.mdl ark:- ark:- 
gmm-acc-mllt --rand-prune=4.0 exp/tri3c/7.mdl 'ark,s,cs:apply-cmvn  --utt2spk=ark:data/train/split20/18/utt2spk scp:data/train/split20/18/cmvn.scp scp:data/train/split20/18/feats.scp ark:- | transform-feats --utt2spk=ark:data/train/split20/18/utt2spk ark,s,cs:exp/tri3c/raw_trans.18 ark:- ark:- | splice-feats  ark:- ark:- | transform-feats exp/tri3c/5.mat ark:- ark:- |' ark:- exp/tri3c/7.18.macc 
ali-to-post 'ark:gunzip -c exp/tri3c/ali.18.gz|' ark:- 
transform-feats exp/tri3c/5.mat ark:- ark:- 
splice-feats ark:- ark:- 
apply-cmvn --utt2spk=ark:data/train/split20/18/utt2spk scp:data/train/split20/18/cmvn.scp scp:data/train/split20/18/feats.scp ark:- 
transform-feats --utt2spk=ark:data/train/split20/18/utt2spk ark,s,cs:exp/tri3c/raw_trans.18 ark:- ark:- 
LOG (gmm-acc-mllt:main():gmm-acc-mllt.cc:108) Average like for this file is -51.7976 over 714 frames.
LOG (ali-to-post:main():ali-to-post.cc:65) Converted 10 alignments.
LOG (gmm-acc-mllt:main():gmm-acc-mllt.cc:108) Average like for this file is -53.5483 over 880 frames.
LOG (gmm-acc-mllt:main():gmm-acc-mllt.cc:108) Average like for this file is -51.436 over 803 frames.
LOG (gmm-acc-mllt:main():gmm-acc-mllt.cc:108) Average like for this file is -48.9622 over 671 frames.
LOG (gmm-acc-mllt:main():gmm-acc-mllt.cc:108) Average like for this file is -48.668 over 722 frames.
LOG (gmm-acc-mllt:main():gmm-acc-mllt.cc:108) Average like for this file is -50.208 over 692 frames.
LOG (weight-silence-post:main():weight-silence-post.cc:95) Done 10 posteriors.
LOG (apply-cmvn:main():apply-cmvn.cc:146) Applied cepstral mean normalization to 10 utterances, errors on 0
LOG (gmm-acc-mllt:main():gmm-acc-mllt.cc:108) Average like for this file is -51.5599 over 725 frames.
LOG (transform-feats:main():transform-feats.cc:158) Overall average logdet is -0.42203 over 15149 frames.
LOG (transform-feats:main():transform-feats.cc:161) Applied transform to 10 utterances; 0 had errors.
LOG (gmm-acc-mllt:main():gmm-acc-mllt.cc:108) Average like for this file is -51.6227 over 816 frames.
LOG (gmm-acc-mllt:main():gmm-acc-mllt.cc:108) Average like for this file is -48.8734 over 738 frames.
LOG (transform-feats:main():transform-feats.cc:158) Overall average [pseudo-]logdet is -80.595 over 15149 frames.
LOG (transform-feats:main():transform-feats.cc:161) Applied transform to 10 utterances; 0 had errors.
LOG (gmm-acc-mllt:main():gmm-acc-mllt.cc:108) Average like for this file is -50.5815 over 824 frames.
LOG (gmm-acc-mllt:main():gmm-acc-mllt.cc:114) Avg like per frame so far is -50.8105
LOG (gmm-acc-mllt:main():gmm-acc-mllt.cc:119) Done 10 files, 0 with no posteriors, 0 with other errors.
LOG (gmm-acc-mllt:main():gmm-acc-mllt.cc:123) Overall avg like per frame (Gaussian only) = -50.8105 over 7585 frames.
LOG (gmm-acc-mllt:main():gmm-acc-mllt.cc:127) Written accs.
# Accounting: time=0 threads=1
# Ended (code 0) at Mon Jul  4 16:23:20 BRT 2016, elapsed time 0 seconds
