# ali-to-post "ark:gunzip -c exp/tri3c/ali.14.gz|" ark:- | weight-silence-post 0.0 1:2:3:4:5:6:7:8:9:10 exp/tri3c/5.mdl ark:- ark:- | gmm-acc-mllt --rand-prune=4.0 exp/tri3c/5.mdl "ark,s,cs:apply-cmvn  --utt2spk=ark:data/train/split20/14/utt2spk scp:data/train/split20/14/cmvn.scp scp:data/train/split20/14/feats.scp ark:- | transform-feats --utt2spk=ark:data/train/split20/14/utt2spk ark,s,cs:exp/tri3c/raw_trans.14 ark:- ark:- | splice-feats  ark:- ark:- | transform-feats exp/tri3c/3.mat ark:- ark:- |" ark:- exp/tri3c/5.14.macc 
# Started at Mon Jul  4 16:22:46 BRT 2016
#
gmm-acc-mllt --rand-prune=4.0 exp/tri3c/5.mdl 'ark,s,cs:apply-cmvn  --utt2spk=ark:data/train/split20/14/utt2spk scp:data/train/split20/14/cmvn.scp scp:data/train/split20/14/feats.scp ark:- | transform-feats --utt2spk=ark:data/train/split20/14/utt2spk ark,s,cs:exp/tri3c/raw_trans.14 ark:- ark:- | splice-feats  ark:- ark:- | transform-feats exp/tri3c/3.mat ark:- ark:- |' ark:- exp/tri3c/5.14.macc 
weight-silence-post 0.0 1:2:3:4:5:6:7:8:9:10 exp/tri3c/5.mdl ark:- ark:- 
ali-to-post 'ark:gunzip -c exp/tri3c/ali.14.gz|' ark:- 
splice-feats ark:- ark:- 
apply-cmvn --utt2spk=ark:data/train/split20/14/utt2spk scp:data/train/split20/14/cmvn.scp scp:data/train/split20/14/feats.scp ark:- 
transform-feats exp/tri3c/3.mat ark:- ark:- 
transform-feats --utt2spk=ark:data/train/split20/14/utt2spk ark,s,cs:exp/tri3c/raw_trans.14 ark:- ark:- 
LOG (ali-to-post:main():ali-to-post.cc:65) Converted 9 alignments.
LOG (gmm-acc-mllt:main():gmm-acc-mllt.cc:108) Average like for this file is -53.1503 over 849 frames.
LOG (gmm-acc-mllt:main():gmm-acc-mllt.cc:108) Average like for this file is -50.9927 over 715 frames.
LOG (gmm-acc-mllt:main():gmm-acc-mllt.cc:108) Average like for this file is -52.3883 over 717 frames.
LOG (gmm-acc-mllt:main():gmm-acc-mllt.cc:108) Average like for this file is -54.3108 over 761 frames.
LOG (gmm-acc-mllt:main():gmm-acc-mllt.cc:108) Average like for this file is -52.1679 over 658 frames.
LOG (weight-silence-post:main():weight-silence-post.cc:95) Done 9 posteriors.
LOG (apply-cmvn:main():apply-cmvn.cc:146) Applied cepstral mean normalization to 9 utterances, errors on 0
LOG (gmm-acc-mllt:main():gmm-acc-mllt.cc:108) Average like for this file is -51.3192 over 820 frames.
LOG (transform-feats:main():transform-feats.cc:158) Overall average logdet is -0.161036 over 13797 frames.
LOG (transform-feats:main():transform-feats.cc:161) Applied transform to 9 utterances; 0 had errors.
LOG (gmm-acc-mllt:main():gmm-acc-mllt.cc:108) Average like for this file is -50.9492 over 702 frames.
LOG (gmm-acc-mllt:main():gmm-acc-mllt.cc:108) Average like for this file is -49.5036 over 863 frames.
LOG (transform-feats:main():transform-feats.cc:158) Overall average [pseudo-]logdet is -81.4117 over 13797 frames.
LOG (transform-feats:main():transform-feats.cc:161) Applied transform to 9 utterances; 0 had errors.
LOG (gmm-acc-mllt:main():gmm-acc-mllt.cc:108) Average like for this file is -51.0541 over 693 frames.
LOG (gmm-acc-mllt:main():gmm-acc-mllt.cc:119) Done 9 files, 0 with no posteriors, 0 with other errors.
LOG (gmm-acc-mllt:main():gmm-acc-mllt.cc:123) Overall avg like per frame (Gaussian only) = -51.7489 over 6778 frames.
LOG (gmm-acc-mllt:main():gmm-acc-mllt.cc:127) Written accs.
# Accounting: time=0 threads=1
# Ended (code 0) at Mon Jul  4 16:22:46 BRT 2016, elapsed time 0 seconds
