# ali-to-post "ark:gunzip -c exp/tri3c/ali.20.gz|" ark:- | weight-silence-post 0.0 1:2:3:4:5:6:7:8:9:10 exp/tri3c/10.mdl ark:- ark:- | gmm-acc-mllt --rand-prune=4.0 exp/tri3c/10.mdl "ark,s,cs:apply-cmvn  --utt2spk=ark:data/train/split20/20/utt2spk scp:data/train/split20/20/cmvn.scp scp:data/train/split20/20/feats.scp ark:- | transform-feats --utt2spk=ark:data/train/split20/20/utt2spk ark,s,cs:exp/tri3c/raw_trans.20 ark:- ark:- | splice-feats  ark:- ark:- | transform-feats exp/tri3c/7.mat ark:- ark:- |" ark:- exp/tri3c/10.20.macc 
# Started at Mon Jul  4 16:23:38 BRT 2016
#
gmm-acc-mllt --rand-prune=4.0 exp/tri3c/10.mdl 'ark,s,cs:apply-cmvn  --utt2spk=ark:data/train/split20/20/utt2spk scp:data/train/split20/20/cmvn.scp scp:data/train/split20/20/feats.scp ark:- | transform-feats --utt2spk=ark:data/train/split20/20/utt2spk ark,s,cs:exp/tri3c/raw_trans.20 ark:- ark:- | splice-feats  ark:- ark:- | transform-feats exp/tri3c/7.mat ark:- ark:- |' ark:- exp/tri3c/10.20.macc 
weight-silence-post 0.0 1:2:3:4:5:6:7:8:9:10 exp/tri3c/10.mdl ark:- ark:- 
ali-to-post 'ark:gunzip -c exp/tri3c/ali.20.gz|' ark:- 
splice-feats ark:- ark:- 
transform-feats exp/tri3c/7.mat ark:- ark:- 
apply-cmvn --utt2spk=ark:data/train/split20/20/utt2spk scp:data/train/split20/20/cmvn.scp scp:data/train/split20/20/feats.scp ark:- 
transform-feats --utt2spk=ark:data/train/split20/20/utt2spk ark,s,cs:exp/tri3c/raw_trans.20 ark:- ark:- 
LOG (gmm-acc-mllt:main():gmm-acc-mllt.cc:108) Average like for this file is -49.6072 over 759 frames.
LOG (ali-to-post:main():ali-to-post.cc:65) Converted 10 alignments.
LOG (gmm-acc-mllt:main():gmm-acc-mllt.cc:108) Average like for this file is -49.8807 over 954 frames.
LOG (gmm-acc-mllt:main():gmm-acc-mllt.cc:108) Average like for this file is -49.7783 over 660 frames.
LOG (gmm-acc-mllt:main():gmm-acc-mllt.cc:108) Average like for this file is -48.6236 over 768 frames.
LOG (gmm-acc-mllt:main():gmm-acc-mllt.cc:108) Average like for this file is -47.7775 over 753 frames.
LOG (gmm-acc-mllt:main():gmm-acc-mllt.cc:108) Average like for this file is -48.68 over 807 frames.
LOG (weight-silence-post:main():weight-silence-post.cc:95) Done 10 posteriors.
LOG (apply-cmvn:main():apply-cmvn.cc:146) Applied cepstral mean normalization to 10 utterances, errors on 0
LOG (gmm-acc-mllt:main():gmm-acc-mllt.cc:108) Average like for this file is -49.7001 over 883 frames.
LOG (transform-feats:main():transform-feats.cc:158) Overall average logdet is -0.10293 over 14408 frames.
LOG (transform-feats:main():transform-feats.cc:161) Applied transform to 10 utterances; 0 had errors.
LOG (gmm-acc-mllt:main():gmm-acc-mllt.cc:108) Average like for this file is -47.9617 over 756 frames.
LOG (gmm-acc-mllt:main():gmm-acc-mllt.cc:108) Average like for this file is -48.1289 over 886 frames.
LOG (transform-feats:main():transform-feats.cc:158) Overall average [pseudo-]logdet is -80.1772 over 14408 frames.
LOG (transform-feats:main():transform-feats.cc:161) Applied transform to 10 utterances; 0 had errors.
LOG (gmm-acc-mllt:main():gmm-acc-mllt.cc:108) Average like for this file is -50.5874 over 847 frames.
LOG (gmm-acc-mllt:main():gmm-acc-mllt.cc:114) Avg like per frame so far is -49.0932
LOG (gmm-acc-mllt:main():gmm-acc-mllt.cc:119) Done 10 files, 0 with no posteriors, 0 with other errors.
LOG (gmm-acc-mllt:main():gmm-acc-mllt.cc:123) Overall avg like per frame (Gaussian only) = -49.0932 over 8073 frames.
LOG (gmm-acc-mllt:main():gmm-acc-mllt.cc:127) Written accs.
# Accounting: time=0 threads=1
# Ended (code 0) at Mon Jul  4 16:23:38 BRT 2016, elapsed time 0 seconds
