# ali-to-post "ark:gunzip -c exp/tri3c/ali.12.gz|" ark:- | weight-silence-post 0.0 1:2:3:4:5:6:7:8:9:10 exp/tri3c/5.mdl ark:- ark:- | gmm-acc-mllt --rand-prune=4.0 exp/tri3c/5.mdl "ark,s,cs:apply-cmvn  --utt2spk=ark:data/train/split20/12/utt2spk scp:data/train/split20/12/cmvn.scp scp:data/train/split20/12/feats.scp ark:- | transform-feats --utt2spk=ark:data/train/split20/12/utt2spk ark,s,cs:exp/tri3c/raw_trans.12 ark:- ark:- | splice-feats  ark:- ark:- | transform-feats exp/tri3c/3.mat ark:- ark:- |" ark:- exp/tri3c/5.12.macc 
# Started at Mon Jul  4 16:22:46 BRT 2016
#
gmm-acc-mllt --rand-prune=4.0 exp/tri3c/5.mdl 'ark,s,cs:apply-cmvn  --utt2spk=ark:data/train/split20/12/utt2spk scp:data/train/split20/12/cmvn.scp scp:data/train/split20/12/feats.scp ark:- | transform-feats --utt2spk=ark:data/train/split20/12/utt2spk ark,s,cs:exp/tri3c/raw_trans.12 ark:- ark:- | splice-feats  ark:- ark:- | transform-feats exp/tri3c/3.mat ark:- ark:- |' ark:- exp/tri3c/5.12.macc 
ali-to-post 'ark:gunzip -c exp/tri3c/ali.12.gz|' ark:- 
weight-silence-post 0.0 1:2:3:4:5:6:7:8:9:10 exp/tri3c/5.mdl ark:- ark:- 
transform-feats exp/tri3c/3.mat ark:- ark:- 
transform-feats --utt2spk=ark:data/train/split20/12/utt2spk ark,s,cs:exp/tri3c/raw_trans.12 ark:- ark:- 
apply-cmvn --utt2spk=ark:data/train/split20/12/utt2spk scp:data/train/split20/12/cmvn.scp scp:data/train/split20/12/feats.scp ark:- 
splice-feats ark:- ark:- 
LOG (gmm-acc-mllt:main():gmm-acc-mllt.cc:108) Average like for this file is -55.1879 over 799 frames.
LOG (gmm-acc-mllt:main():gmm-acc-mllt.cc:108) Average like for this file is -55.6512 over 836 frames.
LOG (ali-to-post:main():ali-to-post.cc:65) Converted 10 alignments.
LOG (gmm-acc-mllt:main():gmm-acc-mllt.cc:108) Average like for this file is -54.8969 over 712 frames.
LOG (gmm-acc-mllt:main():gmm-acc-mllt.cc:108) Average like for this file is -55.7717 over 817 frames.
LOG (gmm-acc-mllt:main():gmm-acc-mllt.cc:108) Average like for this file is -56.135 over 633 frames.
LOG (weight-silence-post:main():weight-silence-post.cc:95) Done 10 posteriors.
LOG (apply-cmvn:main():apply-cmvn.cc:146) Applied cepstral mean normalization to 10 utterances, errors on 0
LOG (gmm-acc-mllt:main():gmm-acc-mllt.cc:108) Average like for this file is -56.3294 over 789 frames.
LOG (gmm-acc-mllt:main():gmm-acc-mllt.cc:108) Average like for this file is -53.9841 over 714 frames.
LOG (transform-feats:main():transform-feats.cc:158) Overall average logdet is -0.514845 over 15270 frames.
LOG (transform-feats:main():transform-feats.cc:161) Applied transform to 10 utterances; 0 had errors.
LOG (gmm-acc-mllt:main():gmm-acc-mllt.cc:108) Average like for this file is -55.6656 over 684 frames.
LOG (gmm-acc-mllt:main():gmm-acc-mllt.cc:108) Average like for this file is -56.8556 over 749 frames.
LOG (transform-feats:main():transform-feats.cc:158) Overall average [pseudo-]logdet is -81.4117 over 15270 frames.
LOG (transform-feats:main():transform-feats.cc:161) Applied transform to 10 utterances; 0 had errors.
LOG (gmm-acc-mllt:main():gmm-acc-mllt.cc:108) Average like for this file is -54.9545 over 649 frames.
LOG (gmm-acc-mllt:main():gmm-acc-mllt.cc:114) Avg like per frame so far is -55.5566
LOG (gmm-acc-mllt:main():gmm-acc-mllt.cc:119) Done 10 files, 0 with no posteriors, 0 with other errors.
LOG (gmm-acc-mllt:main():gmm-acc-mllt.cc:123) Overall avg like per frame (Gaussian only) = -55.5566 over 7382 frames.
LOG (gmm-acc-mllt:main():gmm-acc-mllt.cc:127) Written accs.
# Accounting: time=0 threads=1
# Ended (code 0) at Mon Jul  4 16:22:46 BRT 2016, elapsed time 0 seconds
