# ali-to-post "ark:gunzip -c exp/tri3c/ali.19.gz|" ark:- | weight-silence-post 0.0 1:2:3:4:5:6:7:8:9:10 exp/tri3c/5.mdl ark:- ark:- | gmm-acc-mllt --rand-prune=4.0 exp/tri3c/5.mdl "ark,s,cs:apply-cmvn  --utt2spk=ark:data/train/split20/19/utt2spk scp:data/train/split20/19/cmvn.scp scp:data/train/split20/19/feats.scp ark:- | transform-feats --utt2spk=ark:data/train/split20/19/utt2spk ark,s,cs:exp/tri3c/raw_trans.19 ark:- ark:- | splice-feats  ark:- ark:- | transform-feats exp/tri3c/3.mat ark:- ark:- |" ark:- exp/tri3c/5.19.macc 
# Started at Mon Jul  4 16:22:46 BRT 2016
#
gmm-acc-mllt --rand-prune=4.0 exp/tri3c/5.mdl 'ark,s,cs:apply-cmvn  --utt2spk=ark:data/train/split20/19/utt2spk scp:data/train/split20/19/cmvn.scp scp:data/train/split20/19/feats.scp ark:- | transform-feats --utt2spk=ark:data/train/split20/19/utt2spk ark,s,cs:exp/tri3c/raw_trans.19 ark:- ark:- | splice-feats  ark:- ark:- | transform-feats exp/tri3c/3.mat ark:- ark:- |' ark:- exp/tri3c/5.19.macc 
ali-to-post 'ark:gunzip -c exp/tri3c/ali.19.gz|' ark:- 
weight-silence-post 0.0 1:2:3:4:5:6:7:8:9:10 exp/tri3c/5.mdl ark:- ark:- 
apply-cmvn --utt2spk=ark:data/train/split20/19/utt2spk scp:data/train/split20/19/cmvn.scp scp:data/train/split20/19/feats.scp ark:- 
splice-feats ark:- ark:- 
transform-feats --utt2spk=ark:data/train/split20/19/utt2spk ark,s,cs:exp/tri3c/raw_trans.19 ark:- ark:- 
transform-feats exp/tri3c/3.mat ark:- ark:- 
LOG (gmm-acc-mllt:main():gmm-acc-mllt.cc:108) Average like for this file is -53.2929 over 846 frames.
LOG (gmm-acc-mllt:main():gmm-acc-mllt.cc:108) Average like for this file is -50.1734 over 752 frames.
LOG (ali-to-post:main():ali-to-post.cc:65) Converted 10 alignments.
LOG (gmm-acc-mllt:main():gmm-acc-mllt.cc:108) Average like for this file is -55.3306 over 634 frames.
LOG (gmm-acc-mllt:main():gmm-acc-mllt.cc:108) Average like for this file is -53.8719 over 765 frames.
LOG (gmm-acc-mllt:main():gmm-acc-mllt.cc:108) Average like for this file is -51.8497 over 782 frames.
LOG (weight-silence-post:main():weight-silence-post.cc:95) Done 10 posteriors.
LOG (gmm-acc-mllt:main():gmm-acc-mllt.cc:108) Average like for this file is -50.7315 over 703 frames.
LOG (apply-cmvn:main():apply-cmvn.cc:146) Applied cepstral mean normalization to 10 utterances, errors on 0
LOG (gmm-acc-mllt:main():gmm-acc-mllt.cc:108) Average like for this file is -51.0951 over 737 frames.
LOG (transform-feats:main():transform-feats.cc:158) Overall average logdet is -0.169606 over 14633 frames.
LOG (transform-feats:main():transform-feats.cc:161) Applied transform to 10 utterances; 0 had errors.
LOG (gmm-acc-mllt:main():gmm-acc-mllt.cc:108) Average like for this file is -51.7572 over 816 frames.
LOG (gmm-acc-mllt:main():gmm-acc-mllt.cc:108) Average like for this file is -51.6886 over 699 frames.
LOG (transform-feats:main():transform-feats.cc:158) Overall average [pseudo-]logdet is -81.4117 over 14633 frames.
LOG (transform-feats:main():transform-feats.cc:161) Applied transform to 10 utterances; 0 had errors.
LOG (gmm-acc-mllt:main():gmm-acc-mllt.cc:108) Average like for this file is -51.3571 over 737 frames.
LOG (gmm-acc-mllt:main():gmm-acc-mllt.cc:114) Avg like per frame so far is -52.0934
LOG (gmm-acc-mllt:main():gmm-acc-mllt.cc:119) Done 10 files, 0 with no posteriors, 0 with other errors.
LOG (gmm-acc-mllt:main():gmm-acc-mllt.cc:123) Overall avg like per frame (Gaussian only) = -52.0934 over 7471 frames.
LOG (gmm-acc-mllt:main():gmm-acc-mllt.cc:127) Written accs.
# Accounting: time=0 threads=1
# Ended (code 0) at Mon Jul  4 16:22:46 BRT 2016, elapsed time 0 seconds
