# ali-to-post "ark:gunzip -c exp/tri3c/ali.16.gz|" ark:- | weight-silence-post 0.0 1:2:3:4:5:6:7:8:9:10 exp/tri3c/3.mdl ark:- ark:- | gmm-acc-mllt --rand-prune=4.0 exp/tri3c/3.mdl "ark,s,cs:apply-cmvn  --utt2spk=ark:data/train/split20/16/utt2spk scp:data/train/split20/16/cmvn.scp scp:data/train/split20/16/feats.scp ark:- | transform-feats --utt2spk=ark:data/train/split20/16/utt2spk ark,s,cs:exp/tri3c/raw_trans.16 ark:- ark:- | splice-feats  ark:- ark:- | transform-feats exp/tri3c/0.mat ark:- ark:- |" ark:- exp/tri3c/3.16.macc 
# Started at Mon Jul  4 16:22:11 BRT 2016
#
weight-silence-post 0.0 1:2:3:4:5:6:7:8:9:10 exp/tri3c/3.mdl ark:- ark:- 
gmm-acc-mllt --rand-prune=4.0 exp/tri3c/3.mdl 'ark,s,cs:apply-cmvn  --utt2spk=ark:data/train/split20/16/utt2spk scp:data/train/split20/16/cmvn.scp scp:data/train/split20/16/feats.scp ark:- | transform-feats --utt2spk=ark:data/train/split20/16/utt2spk ark,s,cs:exp/tri3c/raw_trans.16 ark:- ark:- | splice-feats  ark:- ark:- | transform-feats exp/tri3c/0.mat ark:- ark:- |' ark:- exp/tri3c/3.16.macc 
ali-to-post 'ark:gunzip -c exp/tri3c/ali.16.gz|' ark:- 
transform-feats exp/tri3c/0.mat ark:- ark:- 
splice-feats ark:- ark:- 
apply-cmvn --utt2spk=ark:data/train/split20/16/utt2spk scp:data/train/split20/16/cmvn.scp scp:data/train/split20/16/feats.scp ark:- 
transform-feats --utt2spk=ark:data/train/split20/16/utt2spk ark,s,cs:exp/tri3c/raw_trans.16 ark:- ark:- 
LOG (gmm-acc-mllt:main():gmm-acc-mllt.cc:108) Average like for this file is -54.7814 over 672 frames.
LOG (ali-to-post:main():ali-to-post.cc:65) Converted 10 alignments.
LOG (gmm-acc-mllt:main():gmm-acc-mllt.cc:108) Average like for this file is -54.4306 over 750 frames.
LOG (gmm-acc-mllt:main():gmm-acc-mllt.cc:108) Average like for this file is -54.3545 over 851 frames.
LOG (gmm-acc-mllt:main():gmm-acc-mllt.cc:108) Average like for this file is -51.9561 over 844 frames.
LOG (gmm-acc-mllt:main():gmm-acc-mllt.cc:108) Average like for this file is -52.8138 over 681 frames.
LOG (apply-cmvn:main():apply-cmvn.cc:146) Applied cepstral mean normalization to 10 utterances, errors on 0
LOG (weight-silence-post:main():weight-silence-post.cc:95) Done 10 posteriors.
LOG (gmm-acc-mllt:main():gmm-acc-mllt.cc:108) Average like for this file is -53.4129 over 787 frames.
LOG (transform-feats:main():transform-feats.cc:158) Overall average logdet is 0.0717531 over 13083 frames.
LOG (transform-feats:main():transform-feats.cc:161) Applied transform to 10 utterances; 0 had errors.
LOG (gmm-acc-mllt:main():gmm-acc-mllt.cc:108) Average like for this file is -52.4973 over 635 frames.
LOG (gmm-acc-mllt:main():gmm-acc-mllt.cc:108) Average like for this file is -53.899 over 755 frames.
LOG (gmm-acc-mllt:main():gmm-acc-mllt.cc:108) Average like for this file is -52.4147 over 755 frames.
LOG (transform-feats:main():transform-feats.cc:158) Overall average [pseudo-]logdet is -81.746 over 13083 frames.
LOG (transform-feats:main():transform-feats.cc:161) Applied transform to 10 utterances; 0 had errors.
LOG (gmm-acc-mllt:main():gmm-acc-mllt.cc:108) Average like for this file is -54.2559 over 691 frames.
LOG (gmm-acc-mllt:main():gmm-acc-mllt.cc:114) Avg like per frame so far is -53.4751
LOG (gmm-acc-mllt:main():gmm-acc-mllt.cc:119) Done 10 files, 0 with no posteriors, 0 with other errors.
LOG (gmm-acc-mllt:main():gmm-acc-mllt.cc:123) Overall avg like per frame (Gaussian only) = -53.4751 over 7421 frames.
LOG (gmm-acc-mllt:main():gmm-acc-mllt.cc:127) Written accs.
# Accounting: time=0 threads=1
# Ended (code 0) at Mon Jul  4 16:22:11 BRT 2016, elapsed time 0 seconds
