# gmm-est --power=0.2 --write-occs=exp/tri3c/24.occs --mix-up=8136 exp/tri3c/23.mdl "gmm-sum-accs - exp/tri3c/23.*.acc |" exp/tri3c/24.mdl 
# Started at Mon Jul  4 16:25:28 BRT 2016
#
gmm-est --power=0.2 --write-occs=exp/tri3c/24.occs --mix-up=8136 exp/tri3c/23.mdl 'gmm-sum-accs - exp/tri3c/23.*.acc |' exp/tri3c/24.mdl 
gmm-sum-accs - exp/tri3c/23.1.acc exp/tri3c/23.10.acc exp/tri3c/23.11.acc exp/tri3c/23.12.acc exp/tri3c/23.13.acc exp/tri3c/23.14.acc exp/tri3c/23.15.acc exp/tri3c/23.16.acc exp/tri3c/23.17.acc exp/tri3c/23.18.acc exp/tri3c/23.19.acc exp/tri3c/23.2.acc exp/tri3c/23.20.acc exp/tri3c/23.3.acc exp/tri3c/23.4.acc exp/tri3c/23.5.acc exp/tri3c/23.6.acc exp/tri3c/23.7.acc exp/tri3c/23.8.acc exp/tri3c/23.9.acc 
LOG (gmm-sum-accs:main():gmm-sum-accs.cc:63) Summed 20 stats, total count 308780, avg like/frame -40.2217
LOG (gmm-sum-accs:main():gmm-sum-accs.cc:66) Total count of stats is 308780
LOG (gmm-sum-accs:main():gmm-sum-accs.cc:67) Written stats to -
LOG (gmm-est:MleUpdate():transition-model.cc:393) TransitionModel::Update, objf change is 0 per frame over 308780 frames. 
LOG (gmm-est:MleUpdate():transition-model.cc:396) 329 probabilities floored, 4334 out of 6220 transition-states skipped due to insuffient data (it is normal to have some skipped.)
LOG (gmm-est:main():gmm-est.cc:102) Transition model update: Overall 0 log-like improvement per frame over 308780 frames.
WARNING (gmm-est:MleDiagGmmUpdate():mle-diag-gmm.cc:365) Gaussian has too little data but not removing it because it is the last Gaussian: i = 0, occ = 0, weight = 1
WARNING (gmm-est:MleDiagGmmUpdate():mle-diag-gmm.cc:365) Gaussian has too little data but not removing it because it is the last Gaussian: i = 0, occ = 0, weight = 1
WARNING (gmm-est:MleDiagGmmUpdate():mle-diag-gmm.cc:365) Gaussian has too little data but not removing it because it is the last Gaussian: i = 0, occ = 0, weight = 1
WARNING (gmm-est:MleDiagGmmUpdate():mle-diag-gmm.cc:359) Too little data - removing Gaussian (weight 0.031971, occupation count 9.399517, vector size 40)
WARNING (gmm-est:MleDiagGmmUpdate():mle-diag-gmm.cc:359) Too little data - removing Gaussian (weight 0.084077, occupation count 9.164348, vector size 40)
WARNING (gmm-est:MleDiagGmmUpdate():mle-diag-gmm.cc:359) Too little data - removing Gaussian (weight 0.133098, occupation count 8.518245, vector size 40)
WARNING (gmm-est:MleDiagGmmUpdate():mle-diag-gmm.cc:359) Too little data - removing Gaussian (weight 0.046909, occupation count 9.991698, vector size 40)
WARNING (gmm-est:MleDiagGmmUpdate():mle-diag-gmm.cc:359) Too little data - removing Gaussian (weight 0.065551, occupation count 8.980442, vector size 40)
WARNING (gmm-est:MleDiagGmmUpdate():mle-diag-gmm.cc:365) Gaussian has too little data but not removing it because it is the last Gaussian: i = 0, occ = 8, weight = 1
WARNING (gmm-est:MleDiagGmmUpdate():mle-diag-gmm.cc:359) Too little data - removing Gaussian (weight 0.029077, occupation count 9.362648, vector size 40)
WARNING (gmm-est:MleDiagGmmUpdate():mle-diag-gmm.cc:359) Too little data - removing Gaussian (weight 0.030304, occupation count 8.848632, vector size 40)
WARNING (gmm-est:MleDiagGmmUpdate():mle-diag-gmm.cc:359) Too little data - removing Gaussian (weight 0.028649, occupation count 9.941257, vector size 40)
WARNING (gmm-est:MleDiagGmmUpdate():mle-diag-gmm.cc:359) Too little data - removing Gaussian (weight 0.059540, occupation count 9.824037, vector size 40)
WARNING (gmm-est:MleDiagGmmUpdate():mle-diag-gmm.cc:359) Too little data - removing Gaussian (weight 0.060192, occupation count 9.991803, vector size 40)
WARNING (gmm-est:MleDiagGmmUpdate():mle-diag-gmm.cc:359) Too little data - removing Gaussian (weight 0.050408, occupation count 9.879901, vector size 40)
WARNING (gmm-est:MleDiagGmmUpdate():mle-diag-gmm.cc:359) Too little data - removing Gaussian (weight 0.048822, occupation count 9.959764, vector size 40)
WARNING (gmm-est:MleDiagGmmUpdate():mle-diag-gmm.cc:359) Too little data - removing Gaussian (weight 0.032274, occupation count 9.714540, vector size 40)
WARNING (gmm-est:MleDiagGmmUpdate():mle-diag-gmm.cc:359) Too little data - removing Gaussian (weight 0.048074, occupation count 9.999370, vector size 40)
WARNING (gmm-est:MleDiagGmmUpdate():mle-diag-gmm.cc:365) Gaussian has too little data but not removing it because it is the last Gaussian: i = 0, occ = 2, weight = 1
WARNING (gmm-est:MleDiagGmmUpdate():mle-diag-gmm.cc:365) Gaussian has too little data but not removing it because it is the last Gaussian: i = 0, occ = 8, weight = 1
WARNING (gmm-est:MleDiagGmmUpdate():mle-diag-gmm.cc:359) Too little data - removing Gaussian (weight 0.029204, occupation count 9.637395, vector size 40)
LOG (gmm-est:MleAmDiagGmmUpdate():mle-am-diag-gmm.cc:225) 0 variance elements floored in 0 Gaussians, out of 7874
LOG (gmm-est:MleAmDiagGmmUpdate():mle-am-diag-gmm.cc:229) Removed 15 Gaussians due to counts < --min-gaussian-occupancy=10 and --remove-low-count-gaussians=true
LOG (gmm-est:main():gmm-est.cc:113) GMM update: Overall 0.0827499 objective function improvement per frame over 308780 frames
LOG (gmm-est:main():gmm-est.cc:116) GMM update: Overall avg like per frame = -40.2217 over 308780 frames.
LOG (gmm-est:SplitByCount():am-diag-gmm.cc:116) Split 1394 states with target = 8136, power = 0.2, perturb_factor = 0.01 and min_count = 20, split #Gauss from 7874 to 8177
LOG (gmm-est:main():gmm-est.cc:146) Written model to exp/tri3c/24.mdl
# Accounting: time=1 threads=1
# Ended (code 0) at Mon Jul  4 16:25:29 BRT 2016, elapsed time 1 seconds
