# gmm-est --power=0.2 --write-occs=exp/tri3c/17.occs --mix-up=6120 exp/tri3c/16.mdl "gmm-sum-accs - exp/tri3c/16.*.acc |" exp/tri3c/17.mdl 
# Started at Mon Jul  4 16:24:39 BRT 2016
#
gmm-est --power=0.2 --write-occs=exp/tri3c/17.occs --mix-up=6120 exp/tri3c/16.mdl 'gmm-sum-accs - exp/tri3c/16.*.acc |' exp/tri3c/17.mdl 
gmm-sum-accs - exp/tri3c/16.1.acc exp/tri3c/16.10.acc exp/tri3c/16.11.acc exp/tri3c/16.12.acc exp/tri3c/16.13.acc exp/tri3c/16.14.acc exp/tri3c/16.15.acc exp/tri3c/16.16.acc exp/tri3c/16.17.acc exp/tri3c/16.18.acc exp/tri3c/16.19.acc exp/tri3c/16.2.acc exp/tri3c/16.20.acc exp/tri3c/16.3.acc exp/tri3c/16.4.acc exp/tri3c/16.5.acc exp/tri3c/16.6.acc exp/tri3c/16.7.acc exp/tri3c/16.8.acc exp/tri3c/16.9.acc 
LOG (gmm-sum-accs:main():gmm-sum-accs.cc:63) Summed 20 stats, total count 308780, avg like/frame -41.3273
LOG (gmm-sum-accs:main():gmm-sum-accs.cc:66) Total count of stats is 308780
LOG (gmm-sum-accs:main():gmm-sum-accs.cc:67) Written stats to -
LOG (gmm-est:MleUpdate():transition-model.cc:393) TransitionModel::Update, objf change is 0 per frame over 308780 frames. 
LOG (gmm-est:MleUpdate():transition-model.cc:396) 326 probabilities floored, 4333 out of 6220 transition-states skipped due to insuffient data (it is normal to have some skipped.)
LOG (gmm-est:main():gmm-est.cc:102) Transition model update: Overall 0 log-like improvement per frame over 308780 frames.
WARNING (gmm-est:MleDiagGmmUpdate():mle-diag-gmm.cc:365) Gaussian has too little data but not removing it because it is the last Gaussian: i = 0, occ = 0, weight = 1
WARNING (gmm-est:MleDiagGmmUpdate():mle-diag-gmm.cc:365) Gaussian has too little data but not removing it because it is the last Gaussian: i = 0, occ = 0, weight = 1
WARNING (gmm-est:MleDiagGmmUpdate():mle-diag-gmm.cc:365) Gaussian has too little data but not removing it because it is the last Gaussian: i = 0, occ = 0, weight = 1
WARNING (gmm-est:MleDiagGmmUpdate():mle-diag-gmm.cc:359) Too little data - removing Gaussian (weight 0.095660, occupation count 9.852937, vector size 40)
WARNING (gmm-est:MleDiagGmmUpdate():mle-diag-gmm.cc:359) Too little data - removing Gaussian (weight 0.043245, occupation count 9.643744, vector size 40)
WARNING (gmm-est:MleDiagGmmUpdate():mle-diag-gmm.cc:359) Too little data - removing Gaussian (weight 0.109890, occupation count 9.999988, vector size 40)
WARNING (gmm-est:MleDiagGmmUpdate():mle-diag-gmm.cc:359) Too little data - removing Gaussian (weight 0.083397, occupation count 9.006873, vector size 40)
WARNING (gmm-est:MleDiagGmmUpdate():mle-diag-gmm.cc:359) Too little data - removing Gaussian (weight 0.076941, occupation count 9.771509, vector size 40)
WARNING (gmm-est:MleDiagGmmUpdate():mle-diag-gmm.cc:365) Gaussian has too little data but not removing it because it is the last Gaussian: i = 0, occ = 8, weight = 1
WARNING (gmm-est:MleDiagGmmUpdate():mle-diag-gmm.cc:359) Too little data - removing Gaussian (weight 0.048173, occupation count 7.177822, vector size 40)
WARNING (gmm-est:MleDiagGmmUpdate():mle-diag-gmm.cc:359) Too little data - removing Gaussian (weight 0.092044, occupation count 9.296474, vector size 40)
WARNING (gmm-est:MleDiagGmmUpdate():mle-diag-gmm.cc:359) Too little data - removing Gaussian (weight 0.104166, occupation count 9.999932, vector size 40)
WARNING (gmm-est:MleDiagGmmUpdate():mle-diag-gmm.cc:359) Too little data - removing Gaussian (weight 0.085176, occupation count 9.795242, vector size 40)
WARNING (gmm-est:MleDiagGmmUpdate():mle-diag-gmm.cc:365) Gaussian has too little data but not removing it because it is the last Gaussian: i = 0, occ = 2, weight = 1
WARNING (gmm-est:MleDiagGmmUpdate():mle-diag-gmm.cc:365) Gaussian has too little data but not removing it because it is the last Gaussian: i = 0, occ = 8, weight = 1
LOG (gmm-est:MleAmDiagGmmUpdate():mle-am-diag-gmm.cc:225) 0 variance elements floored in 0 Gaussians, out of 5835
LOG (gmm-est:MleAmDiagGmmUpdate():mle-am-diag-gmm.cc:229) Removed 9 Gaussians due to counts < --min-gaussian-occupancy=10 and --remove-low-count-gaussians=true
LOG (gmm-est:main():gmm-est.cc:113) GMM update: Overall 0.10115 objective function improvement per frame over 308780 frames
LOG (gmm-est:main():gmm-est.cc:116) GMM update: Overall avg like per frame = -41.3273 over 308780 frames.
LOG (gmm-est:SplitByCount():am-diag-gmm.cc:116) Split 1394 states with target = 6120, power = 0.2, perturb_factor = 0.01 and min_count = 20, split #Gauss from 5835 to 6132
LOG (gmm-est:main():gmm-est.cc:146) Written model to exp/tri3c/17.mdl
# Accounting: time=0 threads=1
# Ended (code 0) at Mon Jul  4 16:24:39 BRT 2016, elapsed time 0 seconds
