# gmm-est --power=0.2 --write-occs=exp/tri3c/15.occs --mix-up=5544 exp/tri3c/14.mdl "gmm-sum-accs - exp/tri3c/14.*.acc |" exp/tri3c/15.mdl 
# Started at Mon Jul  4 16:24:28 BRT 2016
#
gmm-est --power=0.2 --write-occs=exp/tri3c/15.occs --mix-up=5544 exp/tri3c/14.mdl 'gmm-sum-accs - exp/tri3c/14.*.acc |' exp/tri3c/15.mdl 
gmm-sum-accs - exp/tri3c/14.1.acc exp/tri3c/14.10.acc exp/tri3c/14.11.acc exp/tri3c/14.12.acc exp/tri3c/14.13.acc exp/tri3c/14.14.acc exp/tri3c/14.15.acc exp/tri3c/14.16.acc exp/tri3c/14.17.acc exp/tri3c/14.18.acc exp/tri3c/14.19.acc exp/tri3c/14.2.acc exp/tri3c/14.20.acc exp/tri3c/14.3.acc exp/tri3c/14.4.acc exp/tri3c/14.5.acc exp/tri3c/14.6.acc exp/tri3c/14.7.acc exp/tri3c/14.8.acc exp/tri3c/14.9.acc 
LOG (gmm-sum-accs:main():gmm-sum-accs.cc:63) Summed 20 stats, total count 308780, avg like/frame -41.6532
LOG (gmm-sum-accs:main():gmm-sum-accs.cc:66) Total count of stats is 308780
LOG (gmm-sum-accs:main():gmm-sum-accs.cc:67) Written stats to -
LOG (gmm-est:MleUpdate():transition-model.cc:393) TransitionModel::Update, objf change is 0 per frame over 308780 frames. 
LOG (gmm-est:MleUpdate():transition-model.cc:396) 326 probabilities floored, 4333 out of 6220 transition-states skipped due to insuffient data (it is normal to have some skipped.)
LOG (gmm-est:main():gmm-est.cc:102) Transition model update: Overall 0 log-like improvement per frame over 308780 frames.
WARNING (gmm-est:MleDiagGmmUpdate():mle-diag-gmm.cc:365) Gaussian has too little data but not removing it because it is the last Gaussian: i = 0, occ = 0, weight = 1
WARNING (gmm-est:MleDiagGmmUpdate():mle-diag-gmm.cc:365) Gaussian has too little data but not removing it because it is the last Gaussian: i = 0, occ = 0, weight = 1
WARNING (gmm-est:MleDiagGmmUpdate():mle-diag-gmm.cc:365) Gaussian has too little data but not removing it because it is the last Gaussian: i = 0, occ = 0, weight = 1
WARNING (gmm-est:MleDiagGmmUpdate():mle-diag-gmm.cc:359) Too little data - removing Gaussian (weight 0.072897, occupation count 5.977554, vector size 40)
WARNING (gmm-est:MleDiagGmmUpdate():mle-diag-gmm.cc:359) Too little data - removing Gaussian (weight 0.084873, occupation count 7.299048, vector size 40)
WARNING (gmm-est:MleDiagGmmUpdate():mle-diag-gmm.cc:359) Too little data - removing Gaussian (weight 0.210172, occupation count 9.878083, vector size 40)
WARNING (gmm-est:MleDiagGmmUpdate():mle-diag-gmm.cc:359) Too little data - removing Gaussian (weight 0.091544, occupation count 9.429029, vector size 40)
WARNING (gmm-est:MleDiagGmmUpdate():mle-diag-gmm.cc:365) Gaussian has too little data but not removing it because it is the last Gaussian: i = 0, occ = 8, weight = 1
WARNING (gmm-est:MleDiagGmmUpdate():mle-diag-gmm.cc:365) Gaussian has too little data but not removing it because it is the last Gaussian: i = 0, occ = 2, weight = 1
WARNING (gmm-est:MleDiagGmmUpdate():mle-diag-gmm.cc:365) Gaussian has too little data but not removing it because it is the last Gaussian: i = 0, occ = 8, weight = 1
WARNING (gmm-est:MleDiagGmmUpdate():mle-diag-gmm.cc:359) Too little data - removing Gaussian (weight 0.113973, occupation count 9.915662, vector size 40)
LOG (gmm-est:MleAmDiagGmmUpdate():mle-am-diag-gmm.cc:225) 0 variance elements floored in 0 Gaussians, out of 5263
LOG (gmm-est:MleAmDiagGmmUpdate():mle-am-diag-gmm.cc:229) Removed 5 Gaussians due to counts < --min-gaussian-occupancy=10 and --remove-low-count-gaussians=true
LOG (gmm-est:main():gmm-est.cc:113) GMM update: Overall 0.097917 objective function improvement per frame over 308780 frames
LOG (gmm-est:main():gmm-est.cc:116) GMM update: Overall avg like per frame = -41.6532 over 308780 frames.
LOG (gmm-est:SplitByCount():am-diag-gmm.cc:116) Split 1394 states with target = 5544, power = 0.2, perturb_factor = 0.01 and min_count = 20, split #Gauss from 5263 to 5556
LOG (gmm-est:main():gmm-est.cc:146) Written model to exp/tri3c/15.mdl
# Accounting: time=0 threads=1
# Ended (code 0) at Mon Jul  4 16:24:28 BRT 2016, elapsed time 0 seconds
