# gmm-est --power=0.2 --write-occs=exp/tri3c/21.occs --mix-up=7272 exp/tri3c/20.mdl "gmm-sum-accs - exp/tri3c/20.*.acc |" exp/tri3c/21.mdl 
# Started at Mon Jul  4 16:25:07 BRT 2016
#
gmm-est --power=0.2 --write-occs=exp/tri3c/21.occs --mix-up=7272 exp/tri3c/20.mdl 'gmm-sum-accs - exp/tri3c/20.*.acc |' exp/tri3c/21.mdl 
gmm-sum-accs - exp/tri3c/20.1.acc exp/tri3c/20.10.acc exp/tri3c/20.11.acc exp/tri3c/20.12.acc exp/tri3c/20.13.acc exp/tri3c/20.14.acc exp/tri3c/20.15.acc exp/tri3c/20.16.acc exp/tri3c/20.17.acc exp/tri3c/20.18.acc exp/tri3c/20.19.acc exp/tri3c/20.2.acc exp/tri3c/20.20.acc exp/tri3c/20.3.acc exp/tri3c/20.4.acc exp/tri3c/20.5.acc exp/tri3c/20.6.acc exp/tri3c/20.7.acc exp/tri3c/20.8.acc exp/tri3c/20.9.acc 
LOG (gmm-sum-accs:main():gmm-sum-accs.cc:63) Summed 20 stats, total count 308780, avg like/frame -40.6629
LOG (gmm-sum-accs:main():gmm-sum-accs.cc:66) Total count of stats is 308780
LOG (gmm-sum-accs:main():gmm-sum-accs.cc:67) Written stats to -
LOG (gmm-est:MleUpdate():transition-model.cc:393) TransitionModel::Update, objf change is 0.000242775 per frame over 308780 frames. 
LOG (gmm-est:MleUpdate():transition-model.cc:396) 329 probabilities floored, 4334 out of 6220 transition-states skipped due to insuffient data (it is normal to have some skipped.)
LOG (gmm-est:main():gmm-est.cc:102) Transition model update: Overall 0.000242775 log-like improvement per frame over 308780 frames.
WARNING (gmm-est:MleDiagGmmUpdate():mle-diag-gmm.cc:365) Gaussian has too little data but not removing it because it is the last Gaussian: i = 0, occ = 0, weight = 1
WARNING (gmm-est:MleDiagGmmUpdate():mle-diag-gmm.cc:365) Gaussian has too little data but not removing it because it is the last Gaussian: i = 0, occ = 0, weight = 1
WARNING (gmm-est:MleDiagGmmUpdate():mle-diag-gmm.cc:365) Gaussian has too little data but not removing it because it is the last Gaussian: i = 0, occ = 0, weight = 1
WARNING (gmm-est:MleDiagGmmUpdate():mle-diag-gmm.cc:359) Too little data - removing Gaussian (weight 0.113557, occupation count 9.993030, vector size 40)
WARNING (gmm-est:MleDiagGmmUpdate():mle-diag-gmm.cc:359) Too little data - removing Gaussian (weight 0.054447, occupation count 9.201581, vector size 40)
WARNING (gmm-est:MleDiagGmmUpdate():mle-diag-gmm.cc:359) Too little data - removing Gaussian (weight 0.090909, occupation count 9.999980, vector size 40)
WARNING (gmm-est:MleDiagGmmUpdate():mle-diag-gmm.cc:359) Too little data - removing Gaussian (weight 0.140625, occupation count 9.000005, vector size 40)
WARNING (gmm-est:MleDiagGmmUpdate():mle-diag-gmm.cc:359) Too little data - removing Gaussian (weight 0.090908, occupation count 9.999912, vector size 40)
WARNING (gmm-est:MleDiagGmmUpdate():mle-diag-gmm.cc:359) Too little data - removing Gaussian (weight 0.058762, occupation count 9.930711, vector size 40)
WARNING (gmm-est:MleDiagGmmUpdate():mle-diag-gmm.cc:359) Too little data - removing Gaussian (weight 0.075220, occupation count 9.101615, vector size 40)
WARNING (gmm-est:MleDiagGmmUpdate():mle-diag-gmm.cc:365) Gaussian has too little data but not removing it because it is the last Gaussian: i = 0, occ = 8, weight = 1
WARNING (gmm-est:MleDiagGmmUpdate():mle-diag-gmm.cc:359) Too little data - removing Gaussian (weight 0.097065, occupation count 9.997687, vector size 40)
WARNING (gmm-est:MleDiagGmmUpdate():mle-diag-gmm.cc:365) Gaussian has too little data but not removing it because it is the last Gaussian: i = 0, occ = 2, weight = 1
WARNING (gmm-est:MleDiagGmmUpdate():mle-diag-gmm.cc:365) Gaussian has too little data but not removing it because it is the last Gaussian: i = 0, occ = 8, weight = 1
LOG (gmm-est:MleAmDiagGmmUpdate():mle-am-diag-gmm.cc:225) 0 variance elements floored in 0 Gaussians, out of 6988
LOG (gmm-est:MleAmDiagGmmUpdate():mle-am-diag-gmm.cc:229) Removed 8 Gaussians due to counts < --min-gaussian-occupancy=10 and --remove-low-count-gaussians=true
LOG (gmm-est:main():gmm-est.cc:113) GMM update: Overall 0.138753 objective function improvement per frame over 308780 frames
LOG (gmm-est:main():gmm-est.cc:116) GMM update: Overall avg like per frame = -40.6629 over 308780 frames.
LOG (gmm-est:SplitByCount():am-diag-gmm.cc:116) Split 1394 states with target = 7272, power = 0.2, perturb_factor = 0.01 and min_count = 20, split #Gauss from 6988 to 7315
LOG (gmm-est:main():gmm-est.cc:146) Written model to exp/tri3c/21.mdl
# Accounting: time=1 threads=1
# Ended (code 0) at Mon Jul  4 16:25:08 BRT 2016, elapsed time 1 seconds
