# gmm-est --power=0.2 --write-occs=exp/tri3c/9.occs --mix-up=3816 exp/tri3c/8.mdl "gmm-sum-accs - exp/tri3c/8.*.acc |" exp/tri3c/9.mdl 
# Started at Mon Jul  4 16:23:28 BRT 2016
#
gmm-est --power=0.2 --write-occs=exp/tri3c/9.occs --mix-up=3816 exp/tri3c/8.mdl 'gmm-sum-accs - exp/tri3c/8.*.acc |' exp/tri3c/9.mdl 
gmm-sum-accs - exp/tri3c/8.1.acc exp/tri3c/8.10.acc exp/tri3c/8.11.acc exp/tri3c/8.12.acc exp/tri3c/8.13.acc exp/tri3c/8.14.acc exp/tri3c/8.15.acc exp/tri3c/8.16.acc exp/tri3c/8.17.acc exp/tri3c/8.18.acc exp/tri3c/8.19.acc exp/tri3c/8.2.acc exp/tri3c/8.20.acc exp/tri3c/8.3.acc exp/tri3c/8.4.acc exp/tri3c/8.5.acc exp/tri3c/8.6.acc exp/tri3c/8.7.acc exp/tri3c/8.8.acc exp/tri3c/8.9.acc 
LOG (gmm-sum-accs:main():gmm-sum-accs.cc:63) Summed 20 stats, total count 308780, avg like/frame -43.0902
LOG (gmm-sum-accs:main():gmm-sum-accs.cc:66) Total count of stats is 308780
LOG (gmm-sum-accs:main():gmm-sum-accs.cc:67) Written stats to -
LOG (gmm-est:MleUpdate():transition-model.cc:393) TransitionModel::Update, objf change is 1.11959e-11 per frame over 308780 frames. 
LOG (gmm-est:MleUpdate():transition-model.cc:396) 327 probabilities floored, 4337 out of 6220 transition-states skipped due to insuffient data (it is normal to have some skipped.)
LOG (gmm-est:main():gmm-est.cc:102) Transition model update: Overall 1.11959e-11 log-like improvement per frame over 308780 frames.
WARNING (gmm-est:MleDiagGmmUpdate():mle-diag-gmm.cc:365) Gaussian has too little data but not removing it because it is the last Gaussian: i = 0, occ = 0, weight = 1
WARNING (gmm-est:MleDiagGmmUpdate():mle-diag-gmm.cc:365) Gaussian has too little data but not removing it because it is the last Gaussian: i = 0, occ = 0, weight = 1
WARNING (gmm-est:MleDiagGmmUpdate():mle-diag-gmm.cc:365) Gaussian has too little data but not removing it because it is the last Gaussian: i = 0, occ = 0, weight = 1
WARNING (gmm-est:MleDiagGmmUpdate():mle-diag-gmm.cc:365) Gaussian has too little data but not removing it because it is the last Gaussian: i = 0, occ = 8, weight = 1
WARNING (gmm-est:MleDiagGmmUpdate():mle-diag-gmm.cc:359) Too little data - removing Gaussian (weight 0.170052, occupation count 8.332538, vector size 40)
WARNING (gmm-est:MleDiagGmmUpdate():mle-diag-gmm.cc:359) Too little data - removing Gaussian (weight 0.159239, occupation count 8.439683, vector size 40)
WARNING (gmm-est:MleDiagGmmUpdate():mle-diag-gmm.cc:365) Gaussian has too little data but not removing it because it is the last Gaussian: i = 0, occ = 5, weight = 1
WARNING (gmm-est:MleDiagGmmUpdate():mle-diag-gmm.cc:365) Gaussian has too little data but not removing it because it is the last Gaussian: i = 0, occ = 9, weight = 1
LOG (gmm-est:MleAmDiagGmmUpdate():mle-am-diag-gmm.cc:225) 0 variance elements floored in 0 Gaussians, out of 3526
LOG (gmm-est:MleAmDiagGmmUpdate():mle-am-diag-gmm.cc:229) Removed 2 Gaussians due to counts < --min-gaussian-occupancy=10 and --remove-low-count-gaussians=true
LOG (gmm-est:main():gmm-est.cc:113) GMM update: Overall 0.153381 objective function improvement per frame over 308780 frames
LOG (gmm-est:main():gmm-est.cc:116) GMM update: Overall avg like per frame = -43.0902 over 308780 frames.
LOG (gmm-est:SplitByCount():am-diag-gmm.cc:116) Split 1394 states with target = 3816, power = 0.2, perturb_factor = 0.01 and min_count = 20, split #Gauss from 3526 to 3816
LOG (gmm-est:main():gmm-est.cc:146) Written model to exp/tri3c/9.mdl
# Accounting: time=1 threads=1
# Ended (code 0) at Mon Jul  4 16:23:29 BRT 2016, elapsed time 1 seconds
