# gmm-est --power=0.2 --write-occs=exp/tri3c/10.occs --mix-up=4104 exp/tri3c/9.mdl "gmm-sum-accs - exp/tri3c/9.*.acc |" exp/tri3c/10.mdl 
# Started at Mon Jul  4 16:23:33 BRT 2016
#
gmm-est --power=0.2 --write-occs=exp/tri3c/10.occs --mix-up=4104 exp/tri3c/9.mdl 'gmm-sum-accs - exp/tri3c/9.*.acc |' exp/tri3c/10.mdl 
gmm-sum-accs - exp/tri3c/9.1.acc exp/tri3c/9.10.acc exp/tri3c/9.11.acc exp/tri3c/9.12.acc exp/tri3c/9.13.acc exp/tri3c/9.14.acc exp/tri3c/9.15.acc exp/tri3c/9.16.acc exp/tri3c/9.17.acc exp/tri3c/9.18.acc exp/tri3c/9.19.acc exp/tri3c/9.2.acc exp/tri3c/9.20.acc exp/tri3c/9.3.acc exp/tri3c/9.4.acc exp/tri3c/9.5.acc exp/tri3c/9.6.acc exp/tri3c/9.7.acc exp/tri3c/9.8.acc exp/tri3c/9.9.acc 
LOG (gmm-sum-accs:main():gmm-sum-accs.cc:63) Summed 20 stats, total count 308780, avg like/frame -42.8207
LOG (gmm-sum-accs:main():gmm-sum-accs.cc:66) Total count of stats is 308780
LOG (gmm-sum-accs:main():gmm-sum-accs.cc:67) Written stats to -
LOG (gmm-est:MleUpdate():transition-model.cc:393) TransitionModel::Update, objf change is 1.11959e-11 per frame over 308780 frames. 
LOG (gmm-est:MleUpdate():transition-model.cc:396) 327 probabilities floored, 4337 out of 6220 transition-states skipped due to insuffient data (it is normal to have some skipped.)
LOG (gmm-est:main():gmm-est.cc:102) Transition model update: Overall 1.11959e-11 log-like improvement per frame over 308780 frames.
WARNING (gmm-est:MleDiagGmmUpdate():mle-diag-gmm.cc:365) Gaussian has too little data but not removing it because it is the last Gaussian: i = 0, occ = 0, weight = 1
WARNING (gmm-est:MleDiagGmmUpdate():mle-diag-gmm.cc:365) Gaussian has too little data but not removing it because it is the last Gaussian: i = 0, occ = 0, weight = 1
WARNING (gmm-est:MleDiagGmmUpdate():mle-diag-gmm.cc:365) Gaussian has too little data but not removing it because it is the last Gaussian: i = 0, occ = 0, weight = 1
WARNING (gmm-est:MleDiagGmmUpdate():mle-diag-gmm.cc:365) Gaussian has too little data but not removing it because it is the last Gaussian: i = 0, occ = 8, weight = 1
WARNING (gmm-est:MleDiagGmmUpdate():mle-diag-gmm.cc:359) Too little data - removing Gaussian (weight 0.143332, occupation count 9.603274, vector size 40)
WARNING (gmm-est:MleDiagGmmUpdate():mle-diag-gmm.cc:365) Gaussian has too little data but not removing it because it is the last Gaussian: i = 0, occ = 5, weight = 1
WARNING (gmm-est:MleDiagGmmUpdate():mle-diag-gmm.cc:365) Gaussian has too little data but not removing it because it is the last Gaussian: i = 0, occ = 9, weight = 1
LOG (gmm-est:MleAmDiagGmmUpdate():mle-am-diag-gmm.cc:225) 0 variance elements floored in 0 Gaussians, out of 3815
LOG (gmm-est:MleAmDiagGmmUpdate():mle-am-diag-gmm.cc:229) Removed 1 Gaussians due to counts < --min-gaussian-occupancy=10 and --remove-low-count-gaussians=true
LOG (gmm-est:main():gmm-est.cc:113) GMM update: Overall 0.155359 objective function improvement per frame over 308780 frames
LOG (gmm-est:main():gmm-est.cc:116) GMM update: Overall avg like per frame = -42.8207 over 308780 frames.
LOG (gmm-est:SplitByCount():am-diag-gmm.cc:116) Split 1394 states with target = 4104, power = 0.2, perturb_factor = 0.01 and min_count = 20, split #Gauss from 3815 to 4104
LOG (gmm-est:main():gmm-est.cc:146) Written model to exp/tri3c/10.mdl
# Accounting: time=0 threads=1
# Ended (code 0) at Mon Jul  4 16:23:33 BRT 2016, elapsed time 0 seconds
