# gmm-est --power=0.2 --write-occs=exp/tri3c/16.occs --mix-up=5832 exp/tri3c/15.mdl "gmm-sum-accs - exp/tri3c/15.*.acc |" exp/tri3c/16.mdl 
# Started at Mon Jul  4 16:24:33 BRT 2016
#
gmm-est --power=0.2 --write-occs=exp/tri3c/16.occs --mix-up=5832 exp/tri3c/15.mdl 'gmm-sum-accs - exp/tri3c/15.*.acc |' exp/tri3c/16.mdl 
gmm-sum-accs - exp/tri3c/15.1.acc exp/tri3c/15.10.acc exp/tri3c/15.11.acc exp/tri3c/15.12.acc exp/tri3c/15.13.acc exp/tri3c/15.14.acc exp/tri3c/15.15.acc exp/tri3c/15.16.acc exp/tri3c/15.17.acc exp/tri3c/15.18.acc exp/tri3c/15.19.acc exp/tri3c/15.2.acc exp/tri3c/15.20.acc exp/tri3c/15.3.acc exp/tri3c/15.4.acc exp/tri3c/15.5.acc exp/tri3c/15.6.acc exp/tri3c/15.7.acc exp/tri3c/15.8.acc exp/tri3c/15.9.acc 
LOG (gmm-sum-accs:main():gmm-sum-accs.cc:63) Summed 20 stats, total count 308780, avg like/frame -41.4894
LOG (gmm-sum-accs:main():gmm-sum-accs.cc:66) Total count of stats is 308780
LOG (gmm-sum-accs:main():gmm-sum-accs.cc:67) Written stats to -
LOG (gmm-est:MleUpdate():transition-model.cc:393) TransitionModel::Update, objf change is 0 per frame over 308780 frames. 
LOG (gmm-est:MleUpdate():transition-model.cc:396) 326 probabilities floored, 4333 out of 6220 transition-states skipped due to insuffient data (it is normal to have some skipped.)
LOG (gmm-est:main():gmm-est.cc:102) Transition model update: Overall 0 log-like improvement per frame over 308780 frames.
WARNING (gmm-est:MleDiagGmmUpdate():mle-diag-gmm.cc:365) Gaussian has too little data but not removing it because it is the last Gaussian: i = 0, occ = 0, weight = 1
WARNING (gmm-est:MleDiagGmmUpdate():mle-diag-gmm.cc:365) Gaussian has too little data but not removing it because it is the last Gaussian: i = 0, occ = 0, weight = 1
WARNING (gmm-est:MleDiagGmmUpdate():mle-diag-gmm.cc:365) Gaussian has too little data but not removing it because it is the last Gaussian: i = 0, occ = 0, weight = 1
WARNING (gmm-est:MleDiagGmmUpdate():mle-diag-gmm.cc:359) Too little data - removing Gaussian (weight 0.102392, occupation count 9.010535, vector size 40)
WARNING (gmm-est:MleDiagGmmUpdate():mle-diag-gmm.cc:359) Too little data - removing Gaussian (weight 0.141854, occupation count 9.787918, vector size 40)
WARNING (gmm-est:MleDiagGmmUpdate():mle-diag-gmm.cc:359) Too little data - removing Gaussian (weight 0.111675, occupation count 9.157363, vector size 40)
WARNING (gmm-est:MleDiagGmmUpdate():mle-diag-gmm.cc:359) Too little data - removing Gaussian (weight 0.111409, occupation count 9.024159, vector size 40)
WARNING (gmm-est:MleDiagGmmUpdate():mle-diag-gmm.cc:359) Too little data - removing Gaussian (weight 0.104672, occupation count 9.001826, vector size 40)
WARNING (gmm-est:MleDiagGmmUpdate():mle-diag-gmm.cc:365) Gaussian has too little data but not removing it because it is the last Gaussian: i = 0, occ = 8, weight = 1
WARNING (gmm-est:MleDiagGmmUpdate():mle-diag-gmm.cc:359) Too little data - removing Gaussian (weight 0.074518, occupation count 9.016651, vector size 40)
WARNING (gmm-est:MleDiagGmmUpdate():mle-diag-gmm.cc:359) Too little data - removing Gaussian (weight 0.108837, occupation count 9.795330, vector size 40)
WARNING (gmm-est:MleDiagGmmUpdate():mle-diag-gmm.cc:359) Too little data - removing Gaussian (weight 0.108472, occupation count 9.979461, vector size 40)
WARNING (gmm-est:MleDiagGmmUpdate():mle-diag-gmm.cc:359) Too little data - removing Gaussian (weight 0.070171, occupation count 9.543292, vector size 40)
WARNING (gmm-est:MleDiagGmmUpdate():mle-diag-gmm.cc:365) Gaussian has too little data but not removing it because it is the last Gaussian: i = 0, occ = 2, weight = 1
WARNING (gmm-est:MleDiagGmmUpdate():mle-diag-gmm.cc:365) Gaussian has too little data but not removing it because it is the last Gaussian: i = 0, occ = 8, weight = 1
WARNING (gmm-est:MleDiagGmmUpdate():mle-diag-gmm.cc:359) Too little data - removing Gaussian (weight 0.047366, occupation count 9.662758, vector size 40)
LOG (gmm-est:MleAmDiagGmmUpdate():mle-am-diag-gmm.cc:225) 0 variance elements floored in 0 Gaussians, out of 5546
LOG (gmm-est:MleAmDiagGmmUpdate():mle-am-diag-gmm.cc:229) Removed 10 Gaussians due to counts < --min-gaussian-occupancy=10 and --remove-low-count-gaussians=true
LOG (gmm-est:main():gmm-est.cc:113) GMM update: Overall 0.102113 objective function improvement per frame over 308780 frames
LOG (gmm-est:main():gmm-est.cc:116) GMM update: Overall avg like per frame = -41.4894 over 308780 frames.
LOG (gmm-est:SplitByCount():am-diag-gmm.cc:116) Split 1394 states with target = 5832, power = 0.2, perturb_factor = 0.01 and min_count = 20, split #Gauss from 5546 to 5844
LOG (gmm-est:main():gmm-est.cc:146) Written model to exp/tri3c/16.mdl
# Accounting: time=1 threads=1
# Ended (code 0) at Mon Jul  4 16:24:34 BRT 2016, elapsed time 1 seconds
