# gmm-est --power=0.2 --write-occs=exp/tri3c/26.occs --mix-up=8712 exp/tri3c/25.mdl "gmm-sum-accs - exp/tri3c/25.*.acc |" exp/tri3c/26.mdl 
# Started at Mon Jul  4 16:25:43 BRT 2016
#
gmm-est --power=0.2 --write-occs=exp/tri3c/26.occs --mix-up=8712 exp/tri3c/25.mdl 'gmm-sum-accs - exp/tri3c/25.*.acc |' exp/tri3c/26.mdl 
gmm-sum-accs - exp/tri3c/25.1.acc exp/tri3c/25.10.acc exp/tri3c/25.11.acc exp/tri3c/25.12.acc exp/tri3c/25.13.acc exp/tri3c/25.14.acc exp/tri3c/25.15.acc exp/tri3c/25.16.acc exp/tri3c/25.17.acc exp/tri3c/25.18.acc exp/tri3c/25.19.acc exp/tri3c/25.2.acc exp/tri3c/25.20.acc exp/tri3c/25.3.acc exp/tri3c/25.4.acc exp/tri3c/25.5.acc exp/tri3c/25.6.acc exp/tri3c/25.7.acc exp/tri3c/25.8.acc exp/tri3c/25.9.acc 
LOG (gmm-sum-accs:main():gmm-sum-accs.cc:63) Summed 20 stats, total count 308780, avg like/frame -39.9769
LOG (gmm-sum-accs:main():gmm-sum-accs.cc:66) Total count of stats is 308780
LOG (gmm-sum-accs:main():gmm-sum-accs.cc:67) Written stats to -
LOG (gmm-est:MleUpdate():transition-model.cc:393) TransitionModel::Update, objf change is 0 per frame over 308780 frames. 
LOG (gmm-est:MleUpdate():transition-model.cc:396) 329 probabilities floored, 4334 out of 6220 transition-states skipped due to insuffient data (it is normal to have some skipped.)
LOG (gmm-est:main():gmm-est.cc:102) Transition model update: Overall 0 log-like improvement per frame over 308780 frames.
WARNING (gmm-est:MleDiagGmmUpdate():mle-diag-gmm.cc:365) Gaussian has too little data but not removing it because it is the last Gaussian: i = 0, occ = 0, weight = 1
WARNING (gmm-est:MleDiagGmmUpdate():mle-diag-gmm.cc:365) Gaussian has too little data but not removing it because it is the last Gaussian: i = 0, occ = 0, weight = 1
WARNING (gmm-est:MleDiagGmmUpdate():mle-diag-gmm.cc:365) Gaussian has too little data but not removing it because it is the last Gaussian: i = 0, occ = 0, weight = 1
WARNING (gmm-est:MleDiagGmmUpdate():mle-diag-gmm.cc:359) Too little data - removing Gaussian (weight 0.012873, occupation count 8.586140, vector size 40)
WARNING (gmm-est:MleDiagGmmUpdate():mle-diag-gmm.cc:359) Too little data - removing Gaussian (weight 0.013668, occupation count 9.116248, vector size 40)
WARNING (gmm-est:MleDiagGmmUpdate():mle-diag-gmm.cc:359) Too little data - removing Gaussian (weight 0.016756, occupation count 9.986330, vector size 40)
WARNING (gmm-est:MleDiagGmmUpdate():mle-diag-gmm.cc:359) Too little data - removing Gaussian (weight 0.033422, occupation count 9.057363, vector size 40)
WARNING (gmm-est:MleDiagGmmUpdate():mle-diag-gmm.cc:359) Too little data - removing Gaussian (weight 0.055024, occupation count 9.023963, vector size 40)
WARNING (gmm-est:MleDiagGmmUpdate():mle-diag-gmm.cc:359) Too little data - removing Gaussian (weight 0.209195, occupation count 9.204578, vector size 40)
WARNING (gmm-est:MleDiagGmmUpdate():mle-diag-gmm.cc:359) Too little data - removing Gaussian (weight 0.013521, occupation count 9.843109, vector size 40)
WARNING (gmm-est:MleDiagGmmUpdate():mle-diag-gmm.cc:359) Too little data - removing Gaussian (weight 0.009775, occupation count 7.116214, vector size 40)
WARNING (gmm-est:MleDiagGmmUpdate():mle-diag-gmm.cc:359) Too little data - removing Gaussian (weight 0.012801, occupation count 9.319116, vector size 40)
WARNING (gmm-est:MleDiagGmmUpdate():mle-diag-gmm.cc:359) Too little data - removing Gaussian (weight 0.037175, occupation count 9.999987, vector size 40)
WARNING (gmm-est:MleDiagGmmUpdate():mle-diag-gmm.cc:359) Too little data - removing Gaussian (weight 0.080641, occupation count 9.999438, vector size 40)
WARNING (gmm-est:MleDiagGmmUpdate():mle-diag-gmm.cc:359) Too little data - removing Gaussian (weight 0.023516, occupation count 9.688520, vector size 40)
WARNING (gmm-est:MleDiagGmmUpdate():mle-diag-gmm.cc:359) Too little data - removing Gaussian (weight 0.017959, occupation count 9.374842, vector size 40)
WARNING (gmm-est:MleDiagGmmUpdate():mle-diag-gmm.cc:365) Gaussian has too little data but not removing it because it is the last Gaussian: i = 0, occ = 8, weight = 1
WARNING (gmm-est:MleDiagGmmUpdate():mle-diag-gmm.cc:359) Too little data - removing Gaussian (weight 0.031817, occupation count 9.322433, vector size 40)
WARNING (gmm-est:MleDiagGmmUpdate():mle-diag-gmm.cc:359) Too little data - removing Gaussian (weight 0.034396, occupation count 9.734187, vector size 40)
WARNING (gmm-est:MleDiagGmmUpdate():mle-diag-gmm.cc:359) Too little data - removing Gaussian (weight 0.071940, occupation count 9.999698, vector size 40)
WARNING (gmm-est:MleDiagGmmUpdate():mle-diag-gmm.cc:365) Gaussian has too little data but not removing it because it is the last Gaussian: i = 0, occ = 2, weight = 1
WARNING (gmm-est:MleDiagGmmUpdate():mle-diag-gmm.cc:365) Gaussian has too little data but not removing it because it is the last Gaussian: i = 0, occ = 8, weight = 1
LOG (gmm-est:MleAmDiagGmmUpdate():mle-am-diag-gmm.cc:225) 0 variance elements floored in 0 Gaussians, out of 8449
LOG (gmm-est:MleAmDiagGmmUpdate():mle-am-diag-gmm.cc:229) Removed 16 Gaussians due to counts < --min-gaussian-occupancy=10 and --remove-low-count-gaussians=true
LOG (gmm-est:main():gmm-est.cc:113) GMM update: Overall 0.0671895 objective function improvement per frame over 308780 frames
LOG (gmm-est:main():gmm-est.cc:116) GMM update: Overall avg like per frame = -39.9769 over 308780 frames.
LOG (gmm-est:SplitByCount():am-diag-gmm.cc:116) Split 1394 states with target = 8712, power = 0.2, perturb_factor = 0.01 and min_count = 20, split #Gauss from 8449 to 8753
LOG (gmm-est:main():gmm-est.cc:146) Written model to exp/tri3c/26.mdl
# Accounting: time=1 threads=1
# Ended (code 0) at Mon Jul  4 16:25:44 BRT 2016, elapsed time 1 seconds
