# gmm-align-compiled --transition-scale=1.0 --acoustic-scale=0.1 --self-loop-scale=0.1 --beam=10 --retry-beam=40 --careful=false "gmm-boost-silence --boost=1.0 1 exp/tri3b/10.mdl - |" "ark:gunzip -c exp/tri3b/fsts.6.gz|" "ark,s,cs:apply-cmvn  --utt2spk=ark:data/train/split12/6/utt2spk scp:data/train/split12/6/cmvn.scp scp:data/train/split12/6/feats.scp ark:- | splice-feats  ark:- ark:- | transform-feats exp/tri2b_ali/final.mat ark:- ark:- | transform-feats --utt2spk=ark:data/train/split12/6/utt2spk ark:exp/tri3b/trans.6 ark:- ark:- |" "ark:|gzip -c >exp/tri3b/ali.6.gz" 
# Started at Fri Jun 17 14:34:43 BRT 2016
#
gmm-align-compiled --transition-scale=1.0 --acoustic-scale=0.1 --self-loop-scale=0.1 --beam=10 --retry-beam=40 --careful=false 'gmm-boost-silence --boost=1.0 1 exp/tri3b/10.mdl - |' 'ark:gunzip -c exp/tri3b/fsts.6.gz|' 'ark,s,cs:apply-cmvn  --utt2spk=ark:data/train/split12/6/utt2spk scp:data/train/split12/6/cmvn.scp scp:data/train/split12/6/feats.scp ark:- | splice-feats  ark:- ark:- | transform-feats exp/tri2b_ali/final.mat ark:- ark:- | transform-feats --utt2spk=ark:data/train/split12/6/utt2spk ark:exp/tri3b/trans.6 ark:- ark:- |' 'ark:|gzip -c >exp/tri3b/ali.6.gz' 
gmm-boost-silence --boost=1.0 1 exp/tri3b/10.mdl - 
WARNING (gmm-boost-silence:main():gmm-boost-silence.cc:82) The pdfs for the silence phones may be shared by other phones (note: this probably does not matter.)
LOG (gmm-boost-silence:main():gmm-boost-silence.cc:93) Boosted weights for 5 pdfs, by factor of 1
LOG (gmm-boost-silence:main():gmm-boost-silence.cc:103) Wrote model to -
apply-cmvn --utt2spk=ark:data/train/split12/6/utt2spk scp:data/train/split12/6/cmvn.scp scp:data/train/split12/6/feats.scp ark:- 
transform-feats --utt2spk=ark:data/train/split12/6/utt2spk ark:exp/tri3b/trans.6 ark:- ark:- 
transform-feats exp/tri2b_ali/final.mat ark:- ark:- 
splice-feats ark:- ark:- 
WARNING (gmm-align-compiled:AlignUtteranceWrapper():decoder-wrappers.cc:466) Retrying utterance felipe_vone_Sfelipe_vone17 with beam 40
WARNING (gmm-align-compiled:AlignUtteranceWrapper():decoder-wrappers.cc:475) Did not successfully decode file felipe_vone_Sfelipe_vone17, len = 1723
LOG (apply-cmvn:main():apply-cmvn.cc:146) Applied cepstral mean normalization to 20 utterances, errors on 0
LOG (transform-feats:main():transform-feats.cc:158) Overall average [pseudo-]logdet is -89.9946 over 41890 frames.
LOG (transform-feats:main():transform-feats.cc:161) Applied transform to 20 utterances; 0 had errors.
LOG (transform-feats:main():transform-feats.cc:158) Overall average logdet is 2.52028 over 41890 frames.
LOG (transform-feats:main():transform-feats.cc:161) Applied transform to 20 utterances; 0 had errors.
LOG (gmm-align-compiled:main():gmm-align-compiled.cc:129) Overall log-likelihood per frame is -42.6259 over 40167 frames.
LOG (gmm-align-compiled:main():gmm-align-compiled.cc:131) Retried 1 out of 20 utterances.
LOG (gmm-align-compiled:main():gmm-align-compiled.cc:133) Done 19, errors on 1
# Accounting: time=1 threads=1
# Ended (code 0) at Fri Jun 17 14:34:44 BRT 2016, elapsed time 1 seconds
