# gmm-est --power=0.2 --remove-low-count-gaussians=false exp/tri3b/35.mdl "gmm-sum-accs - exp/tri3b/35.*.acc|" exp/tri3b/35.alimdl 
# Started at Wed Jun 22 13:54:14 BRT 2016
#
gmm-est --power=0.2 --remove-low-count-gaussians=false exp/tri3b/35.mdl 'gmm-sum-accs - exp/tri3b/35.*.acc|' exp/tri3b/35.alimdl 
gmm-sum-accs - exp/tri3b/35.1.acc exp/tri3b/35.10.acc exp/tri3b/35.11.acc exp/tri3b/35.12.acc exp/tri3b/35.13.acc exp/tri3b/35.14.acc exp/tri3b/35.15.acc exp/tri3b/35.16.acc exp/tri3b/35.2.acc exp/tri3b/35.3.acc exp/tri3b/35.4.acc exp/tri3b/35.5.acc exp/tri3b/35.6.acc exp/tri3b/35.7.acc exp/tri3b/35.8.acc exp/tri3b/35.9.acc 
LOG (gmm-sum-accs:main():gmm-sum-accs.cc:63) Summed 16 stats, total count 533993, avg like/frame -41.4146
LOG (gmm-sum-accs:main():gmm-sum-accs.cc:66) Total count of stats is 533993
LOG (gmm-sum-accs:main():gmm-sum-accs.cc:67) Written stats to -
LOG (gmm-est:MleUpdate():transition-model.cc:393) TransitionModel::Update, objf change is 0 per frame over 533993 frames. 
LOG (gmm-est:MleUpdate():transition-model.cc:396) 300 probabilities floored, 4463 out of 6401 transition-states skipped due to insuffient data (it is normal to have some skipped.)
LOG (gmm-est:main():gmm-est.cc:102) Transition model update: Overall 0 log-like improvement per frame over 533993 frames.
WARNING (gmm-est:MleDiagGmmUpdate():mle-diag-gmm.cc:365) Gaussian has too little data but not removing it because remove-low-count-gaussians == false: g = 0, occ = 0, weight = 1
WARNING (gmm-est:MleDiagGmmUpdate():mle-diag-gmm.cc:365) Gaussian has too little data but not removing it because remove-low-count-gaussians == false: g = 2, occ = 9.11828, weight = 0.088527
WARNING (gmm-est:MleDiagGmmUpdate():mle-diag-gmm.cc:365) Gaussian has too little data but not removing it because remove-low-count-gaussians == false: g = 0, occ = 9.99307, weight = 0.217241
WARNING (gmm-est:MleDiagGmmUpdate():mle-diag-gmm.cc:365) Gaussian has too little data but not removing it because remove-low-count-gaussians == false: g = 5, occ = 9.9847, weight = 0.0825182
WARNING (gmm-est:MleDiagGmmUpdate():mle-diag-gmm.cc:365) Gaussian has too little data but not removing it because remove-low-count-gaussians == false: g = 2, occ = 9.99798, weight = 0.0628804
LOG (gmm-est:MleAmDiagGmmUpdate():mle-am-diag-gmm.cc:225) 0 variance elements floored in 0 Gaussians, out of 9029
LOG (gmm-est:main():gmm-est.cc:113) GMM update: Overall 2.23507 objective function improvement per frame over 533993 frames
LOG (gmm-est:main():gmm-est.cc:116) GMM update: Overall avg like per frame = -41.4146 over 533993 frames.
LOG (gmm-est:main():gmm-est.cc:146) Written model to exp/tri3b/35.alimdl
# Accounting: time=1 threads=1
# Ended (code 0) at Wed Jun 22 13:54:15 BRT 2016, elapsed time 1 seconds
