# ali-to-post "ark:gunzip -c exp/tri3b/ali.1.gz|" ark:- | weight-silence-post 0.0 1:2:3:4:5:6:7:8:9:10 exp/tri3b/12.mdl ark:- ark:- | gmm-est-fmllr --fmllr-update-type=full --spk2utt=ark:data/train/split16/1/spk2utt exp/tri3b/12.mdl "ark,s,cs:apply-cmvn  --utt2spk=ark:data/train/split16/1/utt2spk scp:data/train/split16/1/cmvn.scp scp:data/train/split16/1/feats.scp ark:- | splice-feats  ark:- ark:- | transform-feats exp/tri2b_ali/final.mat ark:- ark:- | transform-feats --utt2spk=ark:data/train/split16/1/utt2spk ark:exp/tri3b/trans.1 ark:- ark:- |" ark:- ark:exp/tri3b/tmp_trans.1 
# Started at Wed Jun 22 13:51:34 BRT 2016
#
ali-to-post 'ark:gunzip -c exp/tri3b/ali.1.gz|' ark:- 
gmm-est-fmllr --fmllr-update-type=full --spk2utt=ark:data/train/split16/1/spk2utt exp/tri3b/12.mdl 'ark,s,cs:apply-cmvn  --utt2spk=ark:data/train/split16/1/utt2spk scp:data/train/split16/1/cmvn.scp scp:data/train/split16/1/feats.scp ark:- | splice-feats  ark:- ark:- | transform-feats exp/tri2b_ali/final.mat ark:- ark:- | transform-feats --utt2spk=ark:data/train/split16/1/utt2spk ark:exp/tri3b/trans.1 ark:- ark:- |' ark:- ark:exp/tri3b/tmp_trans.1 
weight-silence-post 0.0 1:2:3:4:5:6:7:8:9:10 exp/tri3b/12.mdl ark:- ark:- 
transform-feats --utt2spk=ark:data/train/split16/1/utt2spk ark:exp/tri3b/trans.1 ark:- ark:- 
splice-feats ark:- ark:- 
apply-cmvn --utt2spk=ark:data/train/split16/1/utt2spk scp:data/train/split16/1/cmvn.scp scp:data/train/split16/1/feats.scp ark:- 
transform-feats exp/tri2b_ali/final.mat ark:- ark:- 
LOG (ali-to-post:main():ali-to-post.cc:65) Converted 18 alignments.
LOG (weight-silence-post:main():weight-silence-post.cc:95) Done 18 posteriors.
WARNING (gmm-est-fmllr:main():gmm-est-fmllr.cc:118) Did not find posteriors for utterance eduardo_Seduardo16
WARNING (gmm-est-fmllr:main():gmm-est-fmllr.cc:118) Did not find posteriors for utterance eduardo_Seduardo4
LOG (apply-cmvn:main():apply-cmvn.cc:146) Applied cepstral mean normalization to 20 utterances, errors on 0
LOG (transform-feats:main():transform-feats.cc:158) Overall average [pseudo-]logdet is -88.5567 over 23996 frames.
LOG (transform-feats:main():transform-feats.cc:161) Applied transform to 20 utterances; 0 had errors.
LOG (transform-feats:main():transform-feats.cc:158) Overall average logdet is 3.0916 over 23996 frames.
LOG (transform-feats:main():transform-feats.cc:161) Applied transform to 20 utterances; 0 had errors.
LOG (gmm-est-fmllr:ComputeFmllrMatrixDiagGmmFull():fmllr-diag-gmm.cc:262) fMLLR objf improvement is 0.100979 per frame over 16060 frames.
LOG (gmm-est-fmllr:main():gmm-est-fmllr.cc:143) For speaker eduardo, auxf-impr from fMLLR is 0.100979, over 16060 frames.
LOG (gmm-est-fmllr:main():gmm-est-fmllr.cc:188) Done 18 files, 2 with no posts, 0 with other errors.
LOG (gmm-est-fmllr:main():gmm-est-fmllr.cc:190) Overall fMLLR auxf impr per frame is 0.100979 over 16060 frames.
# Accounting: time=1 threads=1
# Ended (code 0) at Wed Jun 22 13:51:35 BRT 2016, elapsed time 1 seconds
