# ali-to-post "ark:gunzip -c exp/tri2b_ali/ali.11.gz|" ark:- | weight-silence-post 0.0 1:2:3:4:5:6:7:8:9:10 exp/tri2b_ali/final.mdl ark:- ark:- | gmm-est-fmllr --fmllr-update-type=full --spk2utt=ark:data/train/split12/11/spk2utt exp/tri2b_ali/final.mdl "ark,s,cs:apply-cmvn  --utt2spk=ark:data/train/split12/11/utt2spk scp:data/train/split12/11/cmvn.scp scp:data/train/split12/11/feats.scp ark:- | splice-feats  ark:- ark:- | transform-feats exp/tri2b_ali/final.mat ark:- ark:- |" ark:- ark:exp/tri3b/trans.11 
# Started at Fri Jun 17 14:34:06 BRT 2016
#
ali-to-post 'ark:gunzip -c exp/tri2b_ali/ali.11.gz|' ark:- 
weight-silence-post 0.0 1:2:3:4:5:6:7:8:9:10 exp/tri2b_ali/final.mdl ark:- ark:- 
gmm-est-fmllr --fmllr-update-type=full --spk2utt=ark:data/train/split12/11/spk2utt exp/tri2b_ali/final.mdl 'ark,s,cs:apply-cmvn  --utt2spk=ark:data/train/split12/11/utt2spk scp:data/train/split12/11/cmvn.scp scp:data/train/split12/11/feats.scp ark:- | splice-feats  ark:- ark:- | transform-feats exp/tri2b_ali/final.mat ark:- ark:- |' ark:- ark:exp/tri3b/trans.11 
splice-feats ark:- ark:- 
apply-cmvn --utt2spk=ark:data/train/split12/11/utt2spk scp:data/train/split12/11/cmvn.scp scp:data/train/split12/11/feats.scp ark:- 
transform-feats exp/tri2b_ali/final.mat ark:- ark:- 
LOG (ali-to-post:main():ali-to-post.cc:65) Converted 20 alignments.
LOG (weight-silence-post:main():weight-silence-post.cc:95) Done 20 posteriors.
LOG (apply-cmvn:main():apply-cmvn.cc:146) Applied cepstral mean normalization to 20 utterances, errors on 0
LOG (transform-feats:main():transform-feats.cc:158) Overall average [pseudo-]logdet is -89.9946 over 32814 frames.
LOG (transform-feats:main():transform-feats.cc:161) Applied transform to 20 utterances; 0 had errors.
LOG (gmm-est-fmllr:ComputeFmllrMatrixDiagGmmFull():fmllr-diag-gmm.cc:262) fMLLR objf improvement is 0.665993 per frame over 19520 frames.
LOG (gmm-est-fmllr:main():gmm-est-fmllr.cc:143) For speaker silvio, auxf-impr from fMLLR is 0.665993, over 19520 frames.
LOG (gmm-est-fmllr:main():gmm-est-fmllr.cc:188) Done 20 files, 0 with no posts, 0 with other errors.
LOG (gmm-est-fmllr:main():gmm-est-fmllr.cc:190) Overall fMLLR auxf impr per frame is 0.665993 over 19520 frames.
# Accounting: time=1 threads=1
# Ended (code 0) at Fri Jun 17 14:34:07 BRT 2016, elapsed time 1 seconds
