# ali-to-post "ark:gunzip -c exp/tri3b/ali.14.gz|" ark:- | weight-silence-post 0.0 1:2:3:4:5:6:7:8:9:10 exp/tri3b/6.mdl ark:- ark:- | gmm-est-fmllr --fmllr-update-type=full --spk2utt=ark:data/train/split16/14/spk2utt exp/tri3b/6.mdl "ark,s,cs:apply-cmvn  --utt2spk=ark:data/train/split16/14/utt2spk scp:data/train/split16/14/cmvn.scp scp:data/train/split16/14/feats.scp ark:- | splice-feats  ark:- ark:- | transform-feats exp/tri2b_ali/final.mat ark:- ark:- | transform-feats --utt2spk=ark:data/train/split16/14/utt2spk ark:exp/tri3b/trans.14 ark:- ark:- |" ark:- ark:exp/tri3b/tmp_trans.14 
# Started at Tue Aug  2 15:58:29 BRT 2016
#
gmm-est-fmllr --fmllr-update-type=full --spk2utt=ark:data/train/split16/14/spk2utt exp/tri3b/6.mdl 'ark,s,cs:apply-cmvn  --utt2spk=ark:data/train/split16/14/utt2spk scp:data/train/split16/14/cmvn.scp scp:data/train/split16/14/feats.scp ark:- | splice-feats  ark:- ark:- | transform-feats exp/tri2b_ali/final.mat ark:- ark:- | transform-feats --utt2spk=ark:data/train/split16/14/utt2spk ark:exp/tri3b/trans.14 ark:- ark:- |' ark:- ark:exp/tri3b/tmp_trans.14 
weight-silence-post 0.0 1:2:3:4:5:6:7:8:9:10 exp/tri3b/6.mdl ark:- ark:- 
ali-to-post 'ark:gunzip -c exp/tri3b/ali.14.gz|' ark:- 
transform-feats exp/tri2b_ali/final.mat ark:- ark:- 
splice-feats ark:- ark:- 
transform-feats --utt2spk=ark:data/train/split16/14/utt2spk ark:exp/tri3b/trans.14 ark:- ark:- 
apply-cmvn --utt2spk=ark:data/train/split16/14/utt2spk scp:data/train/split16/14/cmvn.scp scp:data/train/split16/14/feats.scp ark:- 
LOG (gmm-est-fmllr:ComputeFmllrMatrixDiagGmmFull():fmllr-diag-gmm.cc:262) fMLLR objf improvement is 0.0440141 per frame over 5070 frames.
LOG (gmm-est-fmllr:main():gmm-est-fmllr.cc:143) For speaker rafael_petersen1, auxf-impr from fMLLR is 0.0440141, over 5070 frames.
LOG (ali-to-post:main():ali-to-post.cc:65) Converted 30 alignments.
LOG (apply-cmvn:main():apply-cmvn.cc:146) Applied cepstral mean normalization to 30 utterances, errors on 0
LOG (weight-silence-post:main():weight-silence-post.cc:95) Done 30 posteriors.
LOG (transform-feats:main():transform-feats.cc:158) Overall average [pseudo-]logdet is -89.9609 over 40284 frames.
LOG (transform-feats:main():transform-feats.cc:161) Applied transform to 30 utterances; 0 had errors.
LOG (transform-feats:main():transform-feats.cc:158) Overall average logdet is 0.252008 over 40284 frames.
LOG (transform-feats:main():transform-feats.cc:161) Applied transform to 30 utterances; 0 had errors.
LOG (gmm-est-fmllr:ComputeFmllrMatrixDiagGmmFull():fmllr-diag-gmm.cc:262) fMLLR objf improvement is 0.0265168 per frame over 19405 frames.
LOG (gmm-est-fmllr:main():gmm-est-fmllr.cc:143) For speaker silvio, auxf-impr from fMLLR is 0.0265168, over 19405 frames.
LOG (gmm-est-fmllr:main():gmm-est-fmllr.cc:188) Done 30 files, 0 with no posts, 0 with other errors.
LOG (gmm-est-fmllr:main():gmm-est-fmllr.cc:190) Overall fMLLR auxf impr per frame is 0.0301414 over 24475 frames.
# Accounting: time=2 threads=1
# Ended (code 0) at Tue Aug  2 15:58:31 BRT 2016, elapsed time 2 seconds
