# ali-to-post "ark:gunzip -c exp/tri3b/ali.5.gz|" ark:- | weight-silence-post 0.0 1:2:3:4:5:6:7:8:9:10 exp/tri3b/6.mdl ark:- ark:- | gmm-est-fmllr --fmllr-update-type=full --spk2utt=ark:data/train/split16/5/spk2utt exp/tri3b/6.mdl "ark,s,cs:apply-cmvn  --utt2spk=ark:data/train/split16/5/utt2spk scp:data/train/split16/5/cmvn.scp scp:data/train/split16/5/feats.scp ark:- | splice-feats  ark:- ark:- | transform-feats exp/tri2b_ali/final.mat ark:- ark:- | transform-feats --utt2spk=ark:data/train/split16/5/utt2spk ark:exp/tri3b/trans.5 ark:- ark:- |" ark:- ark:exp/tri3b/tmp_trans.5 
# Started at Tue Aug  2 15:58:27 BRT 2016
#
ali-to-post 'ark:gunzip -c exp/tri3b/ali.5.gz|' ark:- 
gmm-est-fmllr --fmllr-update-type=full --spk2utt=ark:data/train/split16/5/spk2utt exp/tri3b/6.mdl 'ark,s,cs:apply-cmvn  --utt2spk=ark:data/train/split16/5/utt2spk scp:data/train/split16/5/cmvn.scp scp:data/train/split16/5/feats.scp ark:- | splice-feats  ark:- ark:- | transform-feats exp/tri2b_ali/final.mat ark:- ark:- | transform-feats --utt2spk=ark:data/train/split16/5/utt2spk ark:exp/tri3b/trans.5 ark:- ark:- |' ark:- ark:exp/tri3b/tmp_trans.5 
weight-silence-post 0.0 1:2:3:4:5:6:7:8:9:10 exp/tri3b/6.mdl ark:- ark:- 
splice-feats ark:- ark:- 
apply-cmvn --utt2spk=ark:data/train/split16/5/utt2spk scp:data/train/split16/5/cmvn.scp scp:data/train/split16/5/feats.scp ark:- 
transform-feats --utt2spk=ark:data/train/split16/5/utt2spk ark:exp/tri3b/trans.5 ark:- ark:- 
transform-feats exp/tri2b_ali/final.mat ark:- ark:- 
LOG (gmm-est-fmllr:ComputeFmllrMatrixDiagGmmFull():fmllr-diag-gmm.cc:262) fMLLR objf improvement is 0.0210541 per frame over 19700 frames.
LOG (gmm-est-fmllr:main():gmm-est-fmllr.cc:143) For speaker felipe_vfive, auxf-impr from fMLLR is 0.0210541, over 19700 frames.
LOG (gmm-est-fmllr:ComputeFmllrMatrixDiagGmmFull():fmllr-diag-gmm.cc:262) fMLLR objf improvement is 0.0231218 per frame over 20022 frames.
LOG (gmm-est-fmllr:main():gmm-est-fmllr.cc:143) For speaker felipe_vfour, auxf-impr from fMLLR is 0.0231218, over 20022 frames.
LOG (ali-to-post:main():ali-to-post.cc:65) Converted 60 alignments.
LOG (apply-cmvn:main():apply-cmvn.cc:146) Applied cepstral mean normalization to 60 utterances, errors on 0
LOG (weight-silence-post:main():weight-silence-post.cc:95) Done 60 posteriors.
LOG (transform-feats:main():transform-feats.cc:158) Overall average [pseudo-]logdet is -89.9609 over 108062 frames.
LOG (transform-feats:main():transform-feats.cc:161) Applied transform to 60 utterances; 0 had errors.
LOG (transform-feats:main():transform-feats.cc:158) Overall average logdet is 2.13989 over 108062 frames.
LOG (transform-feats:main():transform-feats.cc:161) Applied transform to 60 utterances; 0 had errors.
LOG (gmm-est-fmllr:ComputeFmllrMatrixDiagGmmFull():fmllr-diag-gmm.cc:262) fMLLR objf improvement is 0.0254953 per frame over 21078 frames.
LOG (gmm-est-fmllr:main():gmm-est-fmllr.cc:143) For speaker felipe_vnine, auxf-impr from fMLLR is 0.0254953, over 21078 frames.
LOG (gmm-est-fmllr:main():gmm-est-fmllr.cc:188) Done 60 files, 0 with no posts, 0 with other errors.
LOG (gmm-est-fmllr:main():gmm-est-fmllr.cc:190) Overall fMLLR auxf impr per frame is 0.0232747 over 60800 frames.
# Accounting: time=3 threads=1
# Ended (code 0) at Tue Aug  2 15:58:30 BRT 2016, elapsed time 3 seconds
