# ali-to-post "ark:gunzip -c exp/tri3b/ali.5.gz|" ark:- | weight-silence-post 0.0 1:2:3:4:5:6:7:8:9:10 exp/tri3b/2.mdl ark:- ark:- | gmm-est-fmllr --fmllr-update-type=full --spk2utt=ark:data/train/split16/5/spk2utt exp/tri3b/2.mdl "ark,s,cs:apply-cmvn  --utt2spk=ark:data/train/split16/5/utt2spk scp:data/train/split16/5/cmvn.scp scp:data/train/split16/5/feats.scp ark:- | splice-feats  ark:- ark:- | transform-feats exp/tri2b_ali/final.mat ark:- ark:- | transform-feats --utt2spk=ark:data/train/split16/5/utt2spk ark,s,cs:exp/tri3b/trans.5 ark:- ark:- |" ark:- ark:exp/tri3b/tmp_trans.5 
# Started at Wed Jun 22 13:50:39 BRT 2016
#
weight-silence-post 0.0 1:2:3:4:5:6:7:8:9:10 exp/tri3b/2.mdl ark:- ark:- 
gmm-est-fmllr --fmllr-update-type=full --spk2utt=ark:data/train/split16/5/spk2utt exp/tri3b/2.mdl 'ark,s,cs:apply-cmvn  --utt2spk=ark:data/train/split16/5/utt2spk scp:data/train/split16/5/cmvn.scp scp:data/train/split16/5/feats.scp ark:- | splice-feats  ark:- ark:- | transform-feats exp/tri2b_ali/final.mat ark:- ark:- | transform-feats --utt2spk=ark:data/train/split16/5/utt2spk ark,s,cs:exp/tri3b/trans.5 ark:- ark:- |' ark:- ark:exp/tri3b/tmp_trans.5 
ali-to-post 'ark:gunzip -c exp/tri3b/ali.5.gz|' ark:- 
transform-feats exp/tri2b_ali/final.mat ark:- ark:- 
transform-feats --utt2spk=ark:data/train/split16/5/utt2spk ark,s,cs:exp/tri3b/trans.5 ark:- ark:- 
splice-feats ark:- ark:- 
apply-cmvn --utt2spk=ark:data/train/split16/5/utt2spk scp:data/train/split16/5/cmvn.scp scp:data/train/split16/5/feats.scp ark:- 
LOG (ali-to-post:main():ali-to-post.cc:65) Converted 19 alignments.
LOG (weight-silence-post:main():weight-silence-post.cc:95) Done 19 posteriors.
WARNING (gmm-est-fmllr:main():gmm-est-fmllr.cc:118) Did not find posteriors for utterance felipe_vfive_Sfelipe_vfive14
LOG (apply-cmvn:main():apply-cmvn.cc:146) Applied cepstral mean normalization to 20 utterances, errors on 0
LOG (transform-feats:main():transform-feats.cc:158) Overall average [pseudo-]logdet is -88.5567 over 33809 frames.
LOG (transform-feats:main():transform-feats.cc:161) Applied transform to 20 utterances; 0 had errors.
LOG (transform-feats:main():transform-feats.cc:158) Overall average logdet is -0.102139 over 33809 frames.
LOG (transform-feats:main():transform-feats.cc:161) Applied transform to 20 utterances; 0 had errors.
LOG (gmm-est-fmllr:ComputeFmllrMatrixDiagGmmFull():fmllr-diag-gmm.cc:262) fMLLR objf improvement is 0.300159 per frame over 19044 frames.
LOG (gmm-est-fmllr:main():gmm-est-fmllr.cc:143) For speaker felipe_vfive, auxf-impr from fMLLR is 0.300159, over 19044 frames.
LOG (gmm-est-fmllr:main():gmm-est-fmllr.cc:188) Done 19 files, 1 with no posts, 0 with other errors.
LOG (gmm-est-fmllr:main():gmm-est-fmllr.cc:190) Overall fMLLR auxf impr per frame is 0.300159 over 19044 frames.
# Accounting: time=1 threads=1
# Ended (code 0) at Wed Jun 22 13:50:40 BRT 2016, elapsed time 1 seconds
