# ali-to-post "ark:gunzip -c exp/tri3b/ali.11.gz|" ark:- | weight-silence-post 0.0 1:2:3:4:5:6:7:8:9:10 exp/tri3b/6.mdl ark:- ark:- | gmm-est-fmllr --fmllr-update-type=full --spk2utt=ark:data/train/split16/11/spk2utt exp/tri3b/6.mdl "ark,s,cs:apply-cmvn  --utt2spk=ark:data/train/split16/11/utt2spk scp:data/train/split16/11/cmvn.scp scp:data/train/split16/11/feats.scp ark:- | splice-feats  ark:- ark:- | transform-feats exp/tri2b_ali/final.mat ark:- ark:- | transform-feats --utt2spk=ark:data/train/split16/11/utt2spk ark:exp/tri3b/trans.11 ark:- ark:- |" ark:- ark:exp/tri3b/tmp_trans.11 
# Started at Tue Aug  2 15:58:29 BRT 2016
#
ali-to-post 'ark:gunzip -c exp/tri3b/ali.11.gz|' ark:- 
gmm-est-fmllr --fmllr-update-type=full --spk2utt=ark:data/train/split16/11/spk2utt exp/tri3b/6.mdl 'ark,s,cs:apply-cmvn  --utt2spk=ark:data/train/split16/11/utt2spk scp:data/train/split16/11/cmvn.scp scp:data/train/split16/11/feats.scp ark:- | splice-feats  ark:- ark:- | transform-feats exp/tri2b_ali/final.mat ark:- ark:- | transform-feats --utt2spk=ark:data/train/split16/11/utt2spk ark:exp/tri3b/trans.11 ark:- ark:- |' ark:- ark:exp/tri3b/tmp_trans.11 
weight-silence-post 0.0 1:2:3:4:5:6:7:8:9:10 exp/tri3b/6.mdl ark:- ark:- 
splice-feats ark:- ark:- 
apply-cmvn --utt2spk=ark:data/train/split16/11/utt2spk scp:data/train/split16/11/cmvn.scp scp:data/train/split16/11/feats.scp ark:- 
transform-feats exp/tri2b_ali/final.mat ark:- ark:- 
transform-feats --utt2spk=ark:data/train/split16/11/utt2spk ark:exp/tri3b/trans.11 ark:- ark:- 
LOG (gmm-est-fmllr:ComputeFmllrMatrixDiagGmmFull():fmllr-diag-gmm.cc:262) fMLLR objf improvement is 0.0391909 per frame over 7558 frames.
LOG (gmm-est-fmllr:main():gmm-est-fmllr.cc:143) For speaker henriquedias1, auxf-impr from fMLLR is 0.0391909, over 7558 frames.
LOG (gmm-est-fmllr:ComputeFmllrMatrixDiagGmmFull():fmllr-diag-gmm.cc:262) fMLLR objf improvement is 0.0636684 per frame over 8186 frames.
LOG (gmm-est-fmllr:main():gmm-est-fmllr.cc:143) For speaker karine, auxf-impr from fMLLR is 0.0636684, over 8186 frames.
LOG (ali-to-post:main():ali-to-post.cc:65) Converted 29 alignments.
LOG (apply-cmvn:main():apply-cmvn.cc:146) Applied cepstral mean normalization to 29 utterances, errors on 0
LOG (weight-silence-post:main():weight-silence-post.cc:95) Done 29 posteriors.
LOG (transform-feats:main():transform-feats.cc:158) Overall average [pseudo-]logdet is -89.9609 over 37076 frames.
LOG (transform-feats:main():transform-feats.cc:161) Applied transform to 29 utterances; 0 had errors.
LOG (transform-feats:main():transform-feats.cc:158) Overall average logdet is 0.681659 over 37076 frames.
LOG (transform-feats:main():transform-feats.cc:161) Applied transform to 29 utterances; 0 had errors.
LOG (gmm-est-fmllr:ComputeFmllrMatrixDiagGmmFull():fmllr-diag-gmm.cc:262) fMLLR objf improvement is 0.0414821 per frame over 6794 frames.
LOG (gmm-est-fmllr:main():gmm-est-fmllr.cc:143) For speaker luiz_souza, auxf-impr from fMLLR is 0.0414821, over 6794 frames.
LOG (gmm-est-fmllr:main():gmm-est-fmllr.cc:188) Done 29 files, 0 with no posts, 0 with other errors.
LOG (gmm-est-fmllr:main():gmm-est-fmllr.cc:190) Overall fMLLR auxf impr per frame is 0.048772 over 22538 frames.
# Accounting: time=1 threads=1
# Ended (code 0) at Tue Aug  2 15:58:30 BRT 2016, elapsed time 1 seconds
