# ali-to-post "ark:gunzip -c exp/tri3b/ali.13.gz|" ark:- | weight-silence-post 0.0 1:2:3:4:5:6:7:8:9:10 exp/tri3b/4.mdl ark:- ark:- | gmm-est-fmllr --fmllr-update-type=full --spk2utt=ark:data/train/split16/13/spk2utt exp/tri3b/4.mdl "ark,s,cs:apply-cmvn  --utt2spk=ark:data/train/split16/13/utt2spk scp:data/train/split16/13/cmvn.scp scp:data/train/split16/13/feats.scp ark:- | splice-feats  ark:- ark:- | transform-feats exp/tri2b_ali/final.mat ark:- ark:- | transform-feats --utt2spk=ark:data/train/split16/13/utt2spk ark:exp/tri3b/trans.13 ark:- ark:- |" ark:- ark:exp/tri3b/tmp_trans.13 
# Started at Tue Aug  2 15:58:19 BRT 2016
#
weight-silence-post 0.0 1:2:3:4:5:6:7:8:9:10 exp/tri3b/4.mdl ark:- ark:- 
ali-to-post 'ark:gunzip -c exp/tri3b/ali.13.gz|' ark:- 
gmm-est-fmllr --fmllr-update-type=full --spk2utt=ark:data/train/split16/13/spk2utt exp/tri3b/4.mdl 'ark,s,cs:apply-cmvn  --utt2spk=ark:data/train/split16/13/utt2spk scp:data/train/split16/13/cmvn.scp scp:data/train/split16/13/feats.scp ark:- | splice-feats  ark:- ark:- | transform-feats exp/tri2b_ali/final.mat ark:- ark:- | transform-feats --utt2spk=ark:data/train/split16/13/utt2spk ark:exp/tri3b/trans.13 ark:- ark:- |' ark:- ark:exp/tri3b/tmp_trans.13 
apply-cmvn --utt2spk=ark:data/train/split16/13/utt2spk scp:data/train/split16/13/cmvn.scp scp:data/train/split16/13/feats.scp ark:- 
splice-feats ark:- ark:- 
transform-feats exp/tri2b_ali/final.mat ark:- ark:- 
transform-feats --utt2spk=ark:data/train/split16/13/utt2spk ark:exp/tri3b/trans.13 ark:- ark:- 
LOG (gmm-est-fmllr:ComputeFmllrMatrixDiagGmmFull():fmllr-diag-gmm.cc:262) fMLLR objf improvement is 0.0709749 per frame over 7427 frames.
LOG (gmm-est-fmllr:main():gmm-est-fmllr.cc:143) For speaker paula, auxf-impr from fMLLR is 0.0709749, over 7427 frames.
LOG (ali-to-post:main():ali-to-post.cc:65) Converted 30 alignments.
LOG (gmm-est-fmllr:ComputeFmllrMatrixDiagGmmFull():fmllr-diag-gmm.cc:262) fMLLR objf improvement is 0.0620934 per frame over 7277 frames.
LOG (gmm-est-fmllr:main():gmm-est-fmllr.cc:143) For speaker paula1, auxf-impr from fMLLR is 0.0620934, over 7277 frames.
LOG (weight-silence-post:main():weight-silence-post.cc:95) Done 30 posteriors.
LOG (apply-cmvn:main():apply-cmvn.cc:146) Applied cepstral mean normalization to 30 utterances, errors on 0
LOG (transform-feats:main():transform-feats.cc:158) Overall average [pseudo-]logdet is -89.9609 over 31504 frames.
LOG (transform-feats:main():transform-feats.cc:161) Applied transform to 30 utterances; 0 had errors.
LOG (transform-feats:main():transform-feats.cc:158) Overall average logdet is 4.93843 over 31504 frames.
LOG (transform-feats:main():transform-feats.cc:161) Applied transform to 30 utterances; 0 had errors.
LOG (gmm-est-fmllr:ComputeFmllrMatrixDiagGmmFull():fmllr-diag-gmm.cc:262) fMLLR objf improvement is 0.0547374 per frame over 5584 frames.
LOG (gmm-est-fmllr:main():gmm-est-fmllr.cc:143) For speaker rafael_petersen, auxf-impr from fMLLR is 0.0547374, over 5584 frames.
LOG (gmm-est-fmllr:main():gmm-est-fmllr.cc:188) Done 30 files, 0 with no posts, 0 with other errors.
LOG (gmm-est-fmllr:main():gmm-est-fmllr.cc:190) Overall fMLLR auxf impr per frame is 0.0633201 over 20288 frames.
# Accounting: time=1 threads=1
# Ended (code 0) at Tue Aug  2 15:58:20 BRT 2016, elapsed time 1 seconds
