# ali-to-post "ark:gunzip -c exp/tri3b/ali.9.gz|" ark:- | weight-silence-post 0.0 1:2:3:4:5:6:7:8:9:10 exp/tri3b/4.mdl ark:- ark:- | gmm-est-fmllr --fmllr-update-type=full --spk2utt=ark:data/train/split16/9/spk2utt exp/tri3b/4.mdl "ark,s,cs:apply-cmvn  --utt2spk=ark:data/train/split16/9/utt2spk scp:data/train/split16/9/cmvn.scp scp:data/train/split16/9/feats.scp ark:- | splice-feats  ark:- ark:- | transform-feats exp/tri2b_ali/final.mat ark:- ark:- | transform-feats --utt2spk=ark:data/train/split16/9/utt2spk ark:exp/tri3b/trans.9 ark:- ark:- |" ark:- ark:exp/tri3b/tmp_trans.9 
# Started at Tue Aug  2 15:58:18 BRT 2016
#
gmm-est-fmllr --fmllr-update-type=full --spk2utt=ark:data/train/split16/9/spk2utt exp/tri3b/4.mdl 'ark,s,cs:apply-cmvn  --utt2spk=ark:data/train/split16/9/utt2spk scp:data/train/split16/9/cmvn.scp scp:data/train/split16/9/feats.scp ark:- | splice-feats  ark:- ark:- | transform-feats exp/tri2b_ali/final.mat ark:- ark:- | transform-feats --utt2spk=ark:data/train/split16/9/utt2spk ark:exp/tri3b/trans.9 ark:- ark:- |' ark:- ark:exp/tri3b/tmp_trans.9 
weight-silence-post 0.0 1:2:3:4:5:6:7:8:9:10 exp/tri3b/4.mdl ark:- ark:- 
ali-to-post 'ark:gunzip -c exp/tri3b/ali.9.gz|' ark:- 
transform-feats --utt2spk=ark:data/train/split16/9/utt2spk ark:exp/tri3b/trans.9 ark:- ark:- 
transform-feats exp/tri2b_ali/final.mat ark:- ark:- 
splice-feats ark:- ark:- 
apply-cmvn --utt2spk=ark:data/train/split16/9/utt2spk scp:data/train/split16/9/cmvn.scp scp:data/train/split16/9/feats.scp ark:- 
LOG (gmm-est-fmllr:ComputeFmllrMatrixDiagGmmFull():fmllr-diag-gmm.cc:262) fMLLR objf improvement is 0.0570191 per frame over 6450 frames.
LOG (gmm-est-fmllr:main():gmm-est-fmllr.cc:143) For speaker gilberto_ribeiro1, auxf-impr from fMLLR is 0.0570191, over 6450 frames.
LOG (ali-to-post:main():ali-to-post.cc:65) Converted 20 alignments.
LOG (apply-cmvn:main():apply-cmvn.cc:146) Applied cepstral mean normalization to 20 utterances, errors on 0
LOG (weight-silence-post:main():weight-silence-post.cc:95) Done 20 posteriors.
LOG (transform-feats:main():transform-feats.cc:158) Overall average [pseudo-]logdet is -89.9609 over 20600 frames.
LOG (transform-feats:main():transform-feats.cc:161) Applied transform to 20 utterances; 0 had errors.
LOG (transform-feats:main():transform-feats.cc:158) Overall average logdet is 1.81371 over 20600 frames.
LOG (transform-feats:main():transform-feats.cc:161) Applied transform to 20 utterances; 0 had errors.
LOG (gmm-est-fmllr:ComputeFmllrMatrixDiagGmmFull():fmllr-diag-gmm.cc:262) fMLLR objf improvement is 0.0420976 per frame over 6943 frames.
LOG (gmm-est-fmllr:main():gmm-est-fmllr.cc:143) For speaker guilhermesilveira, auxf-impr from fMLLR is 0.0420976, over 6943 frames.
LOG (gmm-est-fmllr:main():gmm-est-fmllr.cc:188) Done 20 files, 0 with no posts, 0 with other errors.
LOG (gmm-est-fmllr:main():gmm-est-fmllr.cc:190) Overall fMLLR auxf impr per frame is 0.0492837 over 13393 frames.
# Accounting: time=1 threads=1
# Ended (code 0) at Tue Aug  2 15:58:19 BRT 2016, elapsed time 1 seconds
