gmm-init-model --write-occs=exp/tri3b/1.occs exp/tri3b/tree exp/tri3b/treeacc data/lang/topo exp/tri3b/1.mdl 
LOG (gmm-init-model:main():gmm-init-model.cc:271) Number of separate statistics is 4988
WARNING (gmm-init-model:InitAmGmm():gmm-init-model.cc:55) Tree has pdf-id 1 with no stats; corresponding phone list: 6 7 8 9 10 
WARNING (gmm-init-model:InitAmGmm():gmm-init-model.cc:83) Very small count for state 6: 50; corresponding phone list: 27 28 29 30 
WARNING (gmm-init-model:InitAmGmm():gmm-init-model.cc:83) Very small count for state 10: 89; corresponding phone list: 43 44 45 46 
WARNING (gmm-init-model:InitAmGmm():gmm-init-model.cc:83) Very small count for state 13: 49; corresponding phone list: 55 56 57 58 
WARNING (gmm-init-model:InitAmGmm():gmm-init-model.cc:83) Very small count for state 14: 40; corresponding phone list: 59 60 61 62 
WARNING (gmm-init-model:InitAmGmm():gmm-init-model.cc:83) Very small count for state 18: 65; corresponding phone list: 75 76 77 78 
WARNING (gmm-init-model:InitAmGmm():gmm-init-model.cc:83) Very small count for state 21: 44; corresponding phone list: 87 
WARNING (gmm-init-model:InitAmGmm():gmm-init-model.cc:83) Very small count for state 23: 76; corresponding phone list: 95 96 97 98 
WARNING (gmm-init-model:InitAmGmm():gmm-init-model.cc:83) Very small count for state 29: 22; corresponding phone list: 119 120 121 122 
WARNING (gmm-init-model:InitAmGmm():gmm-init-model.cc:83) Very small count for state 33: 46; corresponding phone list: 135 136 137 138 
WARNING (gmm-init-model:InitAmGmm():gmm-init-model.cc:83) Very small count for state 38: 68; corresponding phone list: 155 156 157 158 
WARNING (gmm-init-model:InitAmGmm():gmm-init-model.cc:83) Very small count for state 39: 77; corresponding phone list: 159 160 161 162 
WARNING (gmm-init-model:InitAmGmm():gmm-init-model.cc:83) Very small count for state 42: 27; corresponding phone list: 171 172 173 174 
WARNING (gmm-init-model:InitAmGmm():gmm-init-model.cc:83) Very small count for state 45: 51; corresponding phone list: 183 184 185 186 
WARNING (gmm-init-model:InitAmGmm():gmm-init-model.cc:83) Very small count for state 52: 21; corresponding phone list: 155 156 157 158 
WARNING (gmm-init-model:InitAmGmm():gmm-init-model.cc:83) Very small count for state 53: 39; corresponding phone list: 143 144 145 146 
WARNING (gmm-init-model:InitAmGmm():gmm-init-model.cc:83) Very small count for state 54: 99; corresponding phone list: 71 72 73 74 
WARNING (gmm-init-model:InitAmGmm():gmm-init-model.cc:83) Very small count for state 55: 45; corresponding phone list: 11 13 14 
WARNING (gmm-init-model:InitAmGmm():gmm-init-model.cc:83) Very small count for state 56: 92; corresponding phone list: 155 156 157 158 
WARNING (gmm-init-model:InitAmGmm():gmm-init-model.cc:83) Very small count for state 59: 40; corresponding phone list: 32 33 34 
WARNING (gmm-init-model:InitAmGmm():gmm-init-model.cc:83) Very small count for state 60: 67; corresponding phone list: 151 152 153 154 
WARNING (gmm-init-model:InitAmGmm():gmm-init-model.cc:83) Very small count for state 65: 77; corresponding phone list: 11 13 14 
WARNING (gmm-init-model:InitAmGmm():gmm-init-model.cc:83) Very small count for state 68: 87; corresponding phone list: 135 136 137 138 
WARNING (gmm-init-model:InitAmGmm():gmm-init-model.cc:83) Very small count for state 71: 79; corresponding phone list: 143 144 145 146 
WARNING (gmm-init-model:InitAmGmm():gmm-init-model.cc:83) Very small count for state 72: 45; corresponding phone list: 11 13 14 
WARNING (gmm-init-model:InitAmGmm():gmm-init-model.cc:83) Very small count for state 75: 77; corresponding phone list: 111 113 114 
WARNING (gmm-init-model:InitAmGmm():gmm-init-model.cc:83) Very small count for state 78: 72; corresponding phone list: 67 68 69 70 
WARNING (gmm-init-model:InitAmGmm():gmm-init-model.cc:83) Very small count for state 79: 94; corresponding phone list: 135 137 138 
WARNING (gmm-init-model:InitAmGmm():gmm-init-model.cc:83) Very small count for state 80: 41; corresponding phone list: 67 68 69 70 
WARNING (gmm-init-model:InitAmGmm():gmm-init-model.cc:83) Very small count for state 82: 53; corresponding phone list: 99 100 101 102 
WARNING (gmm-init-model:InitAmGmm():gmm-init-model.cc:83) Very small count for state 87: 55; corresponding phone list: 12 
WARNING (gmm-init-model:InitAmGmm():gmm-init-model.cc:83) Very small count for state 91: 67; corresponding phone list: 47 48 49 50 
WARNING (gmm-init-model:InitAmGmm():gmm-init-model.cc:83) Very small count for state 97: 78; corresponding phone list: 11 13 14 
WARNING (gmm-init-model:InitAmGmm():gmm-init-model.cc:83) Very small count for state 100: 73; corresponding phone list: 67 68 69 70 
WARNING (gmm-init-model:InitAmGmm():gmm-init-model.cc:83) Very small count for state 111: 52; corresponding phone list: 39 40 41 42 
WARNING (gmm-init-model:InitAmGmm():gmm-init-model.cc:83) Very small count for state 115: 82; corresponding phone list: 135 136 137 138 
WARNING (gmm-init-model:InitAmGmm():gmm-init-model.cc:83) Very small count for state 118: 66; corresponding phone list: 19 20 21 22 
WARNING (gmm-init-model:InitAmGmm():gmm-init-model.cc:83) Very small count for state 121: 57; corresponding phone list: 88 89 90 
WARNING (gmm-init-model:InitAmGmm():gmm-init-model.cc:83) Very small count for state 123: 77; corresponding phone list: 47 48 49 50 
WARNING (gmm-init-model:InitAmGmm():gmm-init-model.cc:83) Very small count for state 125: 76; corresponding phone list: 11 13 14 
WARNING (gmm-init-model:InitAmGmm():gmm-init-model.cc:83) Very small count for state 127: 52; corresponding phone list: 151 152 153 154 
WARNING (gmm-init-model:InitAmGmm():gmm-init-model.cc:83) Very small count for state 132: 46; corresponding phone list: 71 72 73 74 
WARNING (gmm-init-model:InitAmGmm():gmm-init-model.cc:83) Very small count for state 133: 97; corresponding phone list: 135 136 137 138 
WARNING (gmm-init-model:InitAmGmm():gmm-init-model.cc:83) Very small count for state 134: 96; corresponding phone list: 136 
WARNING (gmm-init-model:InitAmGmm():gmm-init-model.cc:83) Very small count for state 135: 22; corresponding phone list: 171 172 173 174 
WARNING (gmm-init-model:InitAmGmm():gmm-init-model.cc:83) Very small count for state 136: 30; corresponding phone list: 155 156 157 158 
WARNING (gmm-init-model:InitAmGmm():gmm-init-model.cc:83) Very small count for state 137: 54; corresponding phone list: 83 84 85 86 
WARNING (gmm-init-model:InitAmGmm():gmm-init-model.cc:83) Very small count for state 145: 90; corresponding phone list: 103 104 105 106 
WARNING (gmm-init-model:InitAmGmm():gmm-init-model.cc:83) Very small count for state 151: 89; corresponding phone list: 43 44 45 46 
WARNING (gmm-init-model:InitAmGmm():gmm-init-model.cc:83) Very small count for state 155: 87; corresponding phone list: 63 64 65 66 
WARNING (gmm-init-model:InitAmGmm():gmm-init-model.cc:83) Very small count for state 156: 36; corresponding phone list: 111 112 113 114 
WARNING (gmm-init-model:InitAmGmm():gmm-init-model.cc:83) Very small count for state 158: 22; corresponding phone list: 11 13 14 
WARNING (gmm-init-model:InitAmGmm():gmm-init-model.cc:83) Very small count for state 159: 44; corresponding phone list: 71 72 73 74 
WARNING (gmm-init-model:InitAmGmm():gmm-init-model.cc:83) Very small count for state 162: 45; corresponding phone list: 179 180 181 182 
WARNING (gmm-init-model:InitAmGmm():gmm-init-model.cc:83) Very small count for state 165: 71; corresponding phone list: 63 64 65 66 
WARNING (gmm-init-model:InitAmGmm():gmm-init-model.cc:83) Very small count for state 166: 71; corresponding phone list: 32 33 34 
WARNING (gmm-init-model:InitAmGmm():gmm-init-model.cc:83) Very small count for state 167: 89; corresponding phone list: 156 
WARNING (gmm-init-model:InitAmGmm():gmm-init-model.cc:83) Very small count for state 168: 25; corresponding phone list: 111 112 113 114 
WARNING (gmm-init-model:InitAmGmm():gmm-init-model.cc:83) Very small count for state 171: 84; corresponding phone list: 111 113 114 
WARNING (gmm-init-model:InitAmGmm():gmm-init-model.cc:83) Very small count for state 172: 93; corresponding phone list: 135 136 137 138 
WARNING (gmm-init-model:InitAmGmm():gmm-init-model.cc:83) Very small count for state 174: 76; corresponding phone list: 32 33 34 
WARNING (gmm-init-model:InitAmGmm():gmm-init-model.cc:83) Very small count for state 176: 74; corresponding phone list: 67 68 69 70 
WARNING (gmm-init-model:InitAmGmm():gmm-init-model.cc:83) Very small count for state 182: 29; corresponding phone list: 119 120 121 122 
WARNING (gmm-init-model:InitAmGmm():gmm-init-model.cc:83) Very small count for state 185: 37; corresponding phone list: 151 152 153 154 
WARNING (gmm-init-model:InitAmGmm():gmm-init-model.cc:83) Very small count for state 187: 61; corresponding phone list: 143 145 146 
WARNING (gmm-init-model:InitAmGmm():gmm-init-model.cc:83) Very small count for state 188: 91; corresponding phone list: 11 13 14 
WARNING (gmm-init-model:InitAmGmm():gmm-init-model.cc:83) Very small count for state 189: 99; corresponding phone list: 11 13 14 
WARNING (gmm-init-model:InitAmGmm():gmm-init-model.cc:83) Very small count for state 199: 64; corresponding phone list: 83 84 85 86 
WARNING (gmm-init-model:InitAmGmm():gmm-init-model.cc:83) Very small count for state 200: 40; corresponding phone list: 88 89 90 
WARNING (gmm-init-model:InitAmGmm():gmm-init-model.cc:83) Very small count for state 203: 60; corresponding phone list: 147 148 149 150 
WARNING (gmm-init-model:InitAmGmm():gmm-init-model.cc:83) Very small count for state 207: 50; corresponding phone list: 179 180 181 182 
WARNING (gmm-init-model:InitAmGmm():gmm-init-model.cc:83) Very small count for state 208: 52; corresponding phone list: 111 113 114 
WARNING (gmm-init-model:InitAmGmm():gmm-init-model.cc:83) Very small count for state 209: 47; corresponding phone list: 135 136 137 138 
WARNING (gmm-init-model:InitAmGmm():gmm-init-model.cc:83) Very small count for state 212: 48; corresponding phone list: 32 33 34 
WARNING (gmm-init-model:InitAmGmm():gmm-init-model.cc:83) Very small count for state 213: 98; corresponding phone list: 156 
WARNING (gmm-init-model:InitAmGmm():gmm-init-model.cc:83) Very small count for state 217: 70; corresponding phone list: 11 13 14 
WARNING (gmm-init-model:InitAmGmm():gmm-init-model.cc:83) Very small count for state 219: 64; corresponding phone list: 19 20 21 22 
WARNING (gmm-init-model:InitAmGmm():gmm-init-model.cc:83) Very small count for state 220: 71; corresponding phone list: 131 132 133 134 
WARNING (gmm-init-model:InitAmGmm():gmm-init-model.cc:83) Very small count for state 221: 55; corresponding phone list: 179 180 181 182 
WARNING (gmm-init-model:InitAmGmm():gmm-init-model.cc:83) Very small count for state 222: 75; corresponding phone list: 131 132 133 134 
WARNING (gmm-init-model:InitAmGmm():gmm-init-model.cc:83) Very small count for state 223: 66; corresponding phone list: 135 136 137 138 
WARNING (gmm-init-model:InitAmGmm():gmm-init-model.cc:83) Very small count for state 228: 68; corresponding phone list: 15 16 17 18 
WARNING (gmm-init-model:InitAmGmm():gmm-init-model.cc:83) Very small count for state 237: 60; corresponding phone list: 147 148 149 150 
WARNING (gmm-init-model:InitAmGmm():gmm-init-model.cc:83) Very small count for state 244: 96; corresponding phone list: 143 144 145 146 
WARNING (gmm-init-model:InitAmGmm():gmm-init-model.cc:83) Very small count for state 245: 95; corresponding phone list: 171 172 173 174 
WARNING (gmm-init-model:InitAmGmm():gmm-init-model.cc:83) Very small count for state 247: 31; corresponding phone list: 67 68 69 70 
WARNING (gmm-init-model:InitAmGmm():gmm-init-model.cc:83) Very small count for state 249: 66; corresponding phone list: 123 124 125 126 
WARNING (gmm-init-model:InitAmGmm():gmm-init-model.cc:83) Very small count for state 252: 95; corresponding phone list: 32 33 34 
WARNING (gmm-init-model:InitAmGmm():gmm-init-model.cc:83) Very small count for state 254: 62; corresponding phone list: 47 48 49 50 
WARNING (gmm-init-model:InitAmGmm():gmm-init-model.cc:83) Very small count for state 255: 91; corresponding phone list: 71 72 73 74 
WARNING (gmm-init-model:InitAmGmm():gmm-init-model.cc:83) Very small count for state 257: 49; corresponding phone list: 32 33 34 
WARNING (gmm-init-model:InitAmGmm():gmm-init-model.cc:83) Very small count for state 258: 68; corresponding phone list: 111 113 114 
WARNING (gmm-init-model:InitAmGmm():gmm-init-model.cc:83) Very small count for state 260: 79; corresponding phone list: 39 40 41 42 
WARNING (gmm-init-model:InitAmGmm():gmm-init-model.cc:83) Very small count for state 267: 42; corresponding phone list: 143 144 145 146 
WARNING (gmm-init-model:InitAmGmm():gmm-init-model.cc:83) Very small count for state 270: 75; corresponding phone list: 131 132 133 134 
WARNING (gmm-init-model:InitAmGmm():gmm-init-model.cc:83) Very small count for state 272: 72; corresponding phone list: 115 116 117 118 
WARNING (gmm-init-model:InitAmGmm():gmm-init-model.cc:83) Very small count for state 273: 81; corresponding phone list: 88 89 90 
WARNING (gmm-init-model:InitAmGmm():gmm-init-model.cc:83) Very small count for state 274: 58; corresponding phone list: 139 140 141 142 
WARNING (gmm-init-model:InitAmGmm():gmm-init-model.cc:83) Very small count for state 277: 63; corresponding phone list: 115 116 117 118 
WARNING (gmm-init-model:InitAmGmm():gmm-init-model.cc:83) Very small count for state 280: 65; corresponding phone list: 11 13 14 
WARNING (gmm-init-model:InitAmGmm():gmm-init-model.cc:83) Very small count for state 284: 64; corresponding phone list: 71 72 73 74 
WARNING (gmm-init-model:InitAmGmm():gmm-init-model.cc:83) Very small count for state 285: 48; corresponding phone list: 155 157 158 
WARNING (gmm-init-model:InitAmGmm():gmm-init-model.cc:83) Very small count for state 289: 55; corresponding phone list: 155 157 158 
WARNING (gmm-init-model:InitAmGmm():gmm-init-model.cc:83) Very small count for state 291: 92; corresponding phone list: 59 60 61 62 
WARNING (gmm-init-model:InitAmGmm():gmm-init-model.cc:83) Very small count for state 292: 62; corresponding phone list: 135 136 137 138 
WARNING (gmm-init-model:InitAmGmm():gmm-init-model.cc:83) Very small count for state 300: 94; corresponding phone list: 23 24 25 26 
WARNING (gmm-init-model:InitAmGmm():gmm-init-model.cc:83) Very small count for state 302: 46; corresponding phone list: 95 96 97 98 
WARNING (gmm-init-model:InitAmGmm():gmm-init-model.cc:83) Very small count for state 303: 63; corresponding phone list: 135 136 137 138 
WARNING (gmm-init-model:InitAmGmm():gmm-init-model.cc:83) Very small count for state 307: 77; corresponding phone list: 155 156 157 158 
WARNING (gmm-init-model:InitAmGmm():gmm-init-model.cc:83) Very small count for state 314: 69; corresponding phone list: 135 137 138 
WARNING (gmm-init-model:InitAmGmm():gmm-init-model.cc:83) Very small count for state 316: 88; corresponding phone list: 155 157 158 
WARNING (gmm-init-model:InitAmGmm():gmm-init-model.cc:83) Very small count for state 318: 40; corresponding phone list: 11 13 14 
WARNING (gmm-init-model:InitAmGmm():gmm-init-model.cc:83) Very small count for state 320: 45; corresponding phone list: 151 152 153 154 
WARNING (gmm-init-model:InitAmGmm():gmm-init-model.cc:83) Very small count for state 321: 94; corresponding phone list: 143 144 145 146 
WARNING (gmm-init-model:InitAmGmm():gmm-init-model.cc:83) Very small count for state 323: 67; corresponding phone list: 23 24 25 26 
WARNING (gmm-init-model:InitAmGmm():gmm-init-model.cc:83) Very small count for state 328: 40; corresponding phone list: 11 13 14 
WARNING (gmm-init-model:InitAmGmm():gmm-init-model.cc:83) Very small count for state 332: 84; corresponding phone list: 99 100 101 102 
WARNING (gmm-init-model:InitAmGmm():gmm-init-model.cc:83) Very small count for state 334: 43; corresponding phone list: 23 24 25 26 
WARNING (gmm-init-model:InitAmGmm():gmm-init-model.cc:83) Very small count for state 336: 91; corresponding phone list: 135 136 137 138 
WARNING (gmm-init-model:InitAmGmm():gmm-init-model.cc:83) Very small count for state 340: 54; corresponding phone list: 155 156 157 158 
WARNING (gmm-init-model:InitAmGmm():gmm-init-model.cc:83) Very small count for state 342: 47; corresponding phone list: 99 100 101 102 
WARNING (gmm-init-model:InitAmGmm():gmm-init-model.cc:83) Very small count for state 344: 91; corresponding phone list: 111 113 114 
WARNING (gmm-init-model:InitAmGmm():gmm-init-model.cc:83) Very small count for state 346: 29; corresponding phone list: 11 13 14 
WARNING (gmm-init-model:InitAmGmm():gmm-init-model.cc:83) Very small count for state 347: 87; corresponding phone list: 71 72 73 74 
WARNING (gmm-init-model:InitAmGmm():gmm-init-model.cc:83) Very small count for state 350: 51; corresponding phone list: 35 36 37 38 
WARNING (gmm-init-model:InitAmGmm():gmm-init-model.cc:83) Very small count for state 351: 74; corresponding phone list: 167 168 169 170 
WARNING (gmm-init-model:InitAmGmm():gmm-init-model.cc:83) Very small count for state 354: 77; corresponding phone list: 11 13 14 
WARNING (gmm-init-model:InitAmGmm():gmm-init-model.cc:83) Very small count for state 356: 95; corresponding phone list: 23 24 25 26 
WARNING (gmm-init-model:InitAmGmm():gmm-init-model.cc:83) Very small count for state 357: 73; corresponding phone list: 156 
WARNING (gmm-init-model:InitAmGmm():gmm-init-model.cc:83) Very small count for state 359: 62; corresponding phone list: 83 84 85 86 
WARNING (gmm-init-model:InitAmGmm():gmm-init-model.cc:83) Very small count for state 362: 98; corresponding phone list: 23 24 25 26 
WARNING (gmm-init-model:InitAmGmm():gmm-init-model.cc:83) Very small count for state 365: 92; corresponding phone list: 11 12 13 14 
WARNING (gmm-init-model:InitAmGmm():gmm-init-model.cc:83) Very small count for state 370: 32; corresponding phone list: 11 13 14 
WARNING (gmm-init-model:InitAmGmm():gmm-init-model.cc:83) Very small count for state 373: 90; corresponding phone list: 151 152 153 154 
WARNING (gmm-init-model:InitAmGmm():gmm-init-model.cc:83) Very small count for state 376: 38; corresponding phone list: 11 13 14 
WARNING (gmm-init-model:InitAmGmm():gmm-init-model.cc:83) Very small count for state 377: 93; corresponding phone list: 87 
WARNING (gmm-init-model:InitAmGmm():gmm-init-model.cc:83) Very small count for state 379: 44; corresponding phone list: 179 180 181 182 
WARNING (gmm-init-model:InitAmGmm():gmm-init-model.cc:83) Very small count for state 385: 97; corresponding phone list: 87 
WARNING (gmm-init-model:InitAmGmm():gmm-init-model.cc:83) Very small count for state 391: 29; corresponding phone list: 47 48 49 50 
WARNING (gmm-init-model:InitAmGmm():gmm-init-model.cc:83) Very small count for state 395: 54; corresponding phone list: 91 92 93 94 
WARNING (gmm-init-model:InitAmGmm():gmm-init-model.cc:83) Very small count for state 397: 88; corresponding phone list: 43 44 45 46 
WARNING (gmm-init-model:InitAmGmm():gmm-init-model.cc:83) Very small count for state 398: 83; corresponding phone list: 151 152 153 154 
WARNING (gmm-init-model:InitAmGmm():gmm-init-model.cc:83) Very small count for state 400: 87; corresponding phone list: 112 
WARNING (gmm-init-model:InitAmGmm():gmm-init-model.cc:83) Very small count for state 401: 92; corresponding phone list: 151 152 153 154 
WARNING (gmm-init-model:InitAmGmm():gmm-init-model.cc:83) Very small count for state 404: 30; corresponding phone list: 135 136 137 138 
WARNING (gmm-init-model:InitAmGmm():gmm-init-model.cc:83) Very small count for state 411: 76; corresponding phone list: 67 68 69 70 
WARNING (gmm-init-model:InitAmGmm():gmm-init-model.cc:83) Very small count for state 412: 64; corresponding phone list: 11 13 14 
WARNING (gmm-init-model:InitAmGmm():gmm-init-model.cc:83) Very small count for state 413: 72; corresponding phone list: 151 152 153 154 
WARNING (gmm-init-model:InitAmGmm():gmm-init-model.cc:83) Very small count for state 414: 18; corresponding phone list: 47 48 49 50 
WARNING (gmm-init-model:InitAmGmm():gmm-init-model.cc:83) Very small count for state 416: 28; corresponding phone list: 59 60 61 62 
WARNING (gmm-init-model:InitAmGmm():gmm-init-model.cc:83) Very small count for state 418: 78; corresponding phone list: 111 113 114 
WARNING (gmm-init-model:InitAmGmm():gmm-init-model.cc:83) Very small count for state 419: 98; corresponding phone list: 23 24 25 26 
WARNING (gmm-init-model:InitAmGmm():gmm-init-model.cc:83) Very small count for state 422: 82; corresponding phone list: 179 180 181 182 
WARNING (gmm-init-model:InitAmGmm():gmm-init-model.cc:83) Very small count for state 434: 49; corresponding phone list: 23 24 25 26 
WARNING (gmm-init-model:InitAmGmm():gmm-init-model.cc:83) Very small count for state 438: 43; corresponding phone list: 51 52 53 54 
WARNING (gmm-init-model:InitAmGmm():gmm-init-model.cc:83) Very small count for state 443: 34; corresponding phone list: 47 48 49 50 
WARNING (gmm-init-model:InitAmGmm():gmm-init-model.cc:83) Very small count for state 447: 29; corresponding phone list: 88 89 90 
WARNING (gmm-init-model:InitAmGmm():gmm-init-model.cc:83) Very small count for state 455: 82; corresponding phone list: 103 104 105 106 
WARNING (gmm-init-model:InitAmGmm():gmm-init-model.cc:83) Very small count for state 456: 86; corresponding phone list: 67 68 69 70 
WARNING (gmm-init-model:InitAmGmm():gmm-init-model.cc:83) Very small count for state 457: 81; corresponding phone list: 47 48 49 50 
WARNING (gmm-init-model:InitAmGmm():gmm-init-model.cc:83) Very small count for state 458: 54; corresponding phone list: 111 113 114 
WARNING (gmm-init-model:InitAmGmm():gmm-init-model.cc:83) Very small count for state 459: 21; corresponding phone list: 63 64 65 66 
WARNING (gmm-init-model:InitAmGmm():gmm-init-model.cc:83) Very small count for state 470: 94; corresponding phone list: 171 172 173 174 
WARNING (gmm-init-model:InitAmGmm():gmm-init-model.cc:83) Very small count for state 478: 74; corresponding phone list: 135 136 137 138 
WARNING (gmm-init-model:InitAmGmm():gmm-init-model.cc:83) Very small count for state 481: 73; corresponding phone list: 23 24 25 26 
WARNING (gmm-init-model:InitAmGmm():gmm-init-model.cc:83) Very small count for state 486: 27; corresponding phone list: 11 13 14 
WARNING (gmm-init-model:InitAmGmm():gmm-init-model.cc:83) Very small count for state 487: 36; corresponding phone list: 143 144 145 146 
WARNING (gmm-init-model:InitAmGmm():gmm-init-model.cc:83) Very small count for state 488: 62; corresponding phone list: 99 100 101 102 
WARNING (gmm-init-model:InitAmGmm():gmm-init-model.cc:83) Very small count for state 489: 91; corresponding phone list: 111 113 114 
WARNING (gmm-init-model:InitAmGmm():gmm-init-model.cc:83) Very small count for state 491: 73; corresponding phone list: 88 89 90 
WARNING (gmm-init-model:InitAmGmm():gmm-init-model.cc:83) Very small count for state 492: 50; corresponding phone list: 123 124 125 126 
WARNING (gmm-init-model:InitAmGmm():gmm-init-model.cc:83) Very small count for state 493: 86; corresponding phone list: 63 64 65 66 
WARNING (gmm-init-model:InitAmGmm():gmm-init-model.cc:83) Very small count for state 495: 33; corresponding phone list: 11 13 14 
WARNING (gmm-init-model:InitAmGmm():gmm-init-model.cc:83) Very small count for state 496: 76; corresponding phone list: 115 116 117 118 
WARNING (gmm-init-model:InitAmGmm():gmm-init-model.cc:83) Very small count for state 499: 45; corresponding phone list: 155 156 157 158 
WARNING (gmm-init-model:InitAmGmm():gmm-init-model.cc:83) Very small count for state 500: 82; corresponding phone list: 11 13 14 
WARNING (gmm-init-model:InitAmGmm():gmm-init-model.cc:83) Very small count for state 502: 90; corresponding phone list: 131 
WARNING (gmm-init-model:InitAmGmm():gmm-init-model.cc:83) Very small count for state 503: 34; corresponding phone list: 131 132 133 134 
WARNING (gmm-init-model:InitAmGmm():gmm-init-model.cc:83) Very small count for state 504: 90; corresponding phone list: 11 13 14 
WARNING (gmm-init-model:InitAmGmm():gmm-init-model.cc:83) Very small count for state 505: 80; corresponding phone list: 71 72 73 74 
WARNING (gmm-init-model:InitAmGmm():gmm-init-model.cc:83) Very small count for state 506: 73; corresponding phone list: 71 72 73 74 
WARNING (gmm-init-model:InitAmGmm():gmm-init-model.cc:83) Very small count for state 510: 83; corresponding phone list: 135 136 137 138 
WARNING (gmm-init-model:InitAmGmm():gmm-init-model.cc:83) Very small count for state 511: 97; corresponding phone list: 139 140 141 142 
WARNING (gmm-init-model:InitAmGmm():gmm-init-model.cc:83) Very small count for state 512: 70; corresponding phone list: 155 156 157 158 
WARNING (gmm-init-model:InitAmGmm():gmm-init-model.cc:83) Very small count for state 513: 80; corresponding phone list: 111 113 114 
WARNING (gmm-init-model:InitAmGmm():gmm-init-model.cc:83) Very small count for state 514: 74; corresponding phone list: 119 120 121 122 
WARNING (gmm-init-model:InitAmGmm():gmm-init-model.cc:83) Very small count for state 516: 81; corresponding phone list: 88 89 90 
WARNING (gmm-init-model:InitAmGmm():gmm-init-model.cc:83) Very small count for state 520: 39; corresponding phone list: 155 156 157 158 
WARNING (gmm-init-model:InitAmGmm():gmm-init-model.cc:83) Very small count for state 524: 37; corresponding phone list: 131 132 133 134 
WARNING (gmm-init-model:InitAmGmm():gmm-init-model.cc:83) Very small count for state 527: 41; corresponding phone list: 71 72 73 74 
WARNING (gmm-init-model:InitAmGmm():gmm-init-model.cc:83) Very small count for state 531: 61; corresponding phone list: 171 172 173 174 
WARNING (gmm-init-model:InitAmGmm():gmm-init-model.cc:83) Very small count for state 532: 71; corresponding phone list: 111 113 114 
WARNING (gmm-init-model:InitAmGmm():gmm-init-model.cc:83) Very small count for state 534: 42; corresponding phone list: 155 157 158 
WARNING (gmm-init-model:InitAmGmm():gmm-init-model.cc:83) Very small count for state 539: 52; corresponding phone list: 147 148 149 150 
WARNING (gmm-init-model:InitAmGmm():gmm-init-model.cc:83) Very small count for state 541: 85; corresponding phone list: 171 172 173 174 
WARNING (gmm-init-model:InitAmGmm():gmm-init-model.cc:83) Very small count for state 542: 95; corresponding phone list: 136 
WARNING (gmm-init-model:InitAmGmm():gmm-init-model.cc:83) Very small count for state 544: 22; corresponding phone list: 87 
WARNING (gmm-init-model:InitAmGmm():gmm-init-model.cc:83) Very small count for state 545: 84; corresponding phone list: 179 180 181 182 
WARNING (gmm-init-model:InitAmGmm():gmm-init-model.cc:83) Very small count for state 547: 49; corresponding phone list: 43 44 45 46 
WARNING (gmm-init-model:InitAmGmm():gmm-init-model.cc:83) Very small count for state 553: 83; corresponding phone list: 156 
WARNING (gmm-init-model:InitAmGmm():gmm-init-model.cc:83) Very small count for state 555: 75; corresponding phone list: 139 140 141 142 
WARNING (gmm-init-model:InitAmGmm():gmm-init-model.cc:83) Very small count for state 559: 82; corresponding phone list: 67 68 69 70 
WARNING (gmm-init-model:InitAmGmm():gmm-init-model.cc:83) Very small count for state 561: 78; corresponding phone list: 11 13 14 
WARNING (gmm-init-model:InitAmGmm():gmm-init-model.cc:83) Very small count for state 562: 59; corresponding phone list: 71 72 73 74 
WARNING (gmm-init-model:InitAmGmm():gmm-init-model.cc:83) Very small count for state 564: 89; corresponding phone list: 131 132 133 134 
WARNING (gmm-init-model:InitAmGmm():gmm-init-model.cc:83) Very small count for state 568: 72; corresponding phone list: 32 33 34 
WARNING (gmm-init-model:InitAmGmm():gmm-init-model.cc:83) Very small count for state 569: 40; corresponding phone list: 99 100 101 102 
WARNING (gmm-init-model:InitAmGmm():gmm-init-model.cc:83) Very small count for state 571: 40; corresponding phone list: 79 80 81 82 
WARNING (gmm-init-model:InitAmGmm():gmm-init-model.cc:83) Very small count for state 572: 49; corresponding phone list: 123 124 125 126 
WARNING (gmm-init-model:InitAmGmm():gmm-init-model.cc:83) Very small count for state 574: 53; corresponding phone list: 151 152 153 154 
WARNING (gmm-init-model:InitAmGmm():gmm-init-model.cc:83) Very small count for state 578: 53; corresponding phone list: 147 148 149 150 
WARNING (gmm-init-model:InitAmGmm():gmm-init-model.cc:83) Very small count for state 580: 56; corresponding phone list: 151 152 153 154 
WARNING (gmm-init-model:InitAmGmm():gmm-init-model.cc:83) Very small count for state 582: 81; corresponding phone list: 43 44 45 46 
WARNING (gmm-init-model:InitAmGmm():gmm-init-model.cc:83) Very small count for state 584: 90; corresponding phone list: 155 157 158 
WARNING (gmm-init-model:InitAmGmm():gmm-init-model.cc:83) Very small count for state 586: 62; corresponding phone list: 183 184 185 186 
WARNING (gmm-init-model:InitAmGmm():gmm-init-model.cc:83) Very small count for state 587: 37; corresponding phone list: 167 168 169 170 
WARNING (gmm-init-model:InitAmGmm():gmm-init-model.cc:83) Very small count for state 589: 69; corresponding phone list: 71 72 73 74 
WARNING (gmm-init-model:InitAmGmm():gmm-init-model.cc:83) Very small count for state 591: 36; corresponding phone list: 111 113 114 
WARNING (gmm-init-model:InitAmGmm():gmm-init-model.cc:83) Very small count for state 592: 59; corresponding phone list: 71 72 73 74 
WARNING (gmm-init-model:InitAmGmm():gmm-init-model.cc:83) Very small count for state 596: 69; corresponding phone list: 155 157 158 
WARNING (gmm-init-model:InitAmGmm():gmm-init-model.cc:83) Very small count for state 600: 84; corresponding phone list: 47 48 49 50 
WARNING (gmm-init-model:InitAmGmm():gmm-init-model.cc:83) Very small count for state 601: 52; corresponding phone list: 11 13 14 
WARNING (gmm-init-model:InitAmGmm():gmm-init-model.cc:83) Very small count for state 602: 55; corresponding phone list: 11 13 14 
WARNING (gmm-init-model:InitAmGmm():gmm-init-model.cc:83) Very small count for state 606: 50; corresponding phone list: 111 112 113 114 
WARNING (gmm-init-model:InitAmGmm():gmm-init-model.cc:83) Very small count for state 608: 57; corresponding phone list: 91 92 93 94 
WARNING (gmm-init-model:InitAmGmm():gmm-init-model.cc:83) Very small count for state 609: 96; corresponding phone list: 155 157 158 
WARNING (gmm-init-model:InitAmGmm():gmm-init-model.cc:83) Very small count for state 614: 74; corresponding phone list: 11 13 14 
WARNING (gmm-init-model:InitAmGmm():gmm-init-model.cc:83) Very small count for state 620: 69; corresponding phone list: 83 84 85 86 
WARNING (gmm-init-model:InitAmGmm():gmm-init-model.cc:83) Very small count for state 623: 45; corresponding phone list: 155 157 158 
WARNING (gmm-init-model:InitAmGmm():gmm-init-model.cc:83) Very small count for state 624: 83; corresponding phone list: 63 64 65 66 
WARNING (gmm-init-model:InitAmGmm():gmm-init-model.cc:83) Very small count for state 625: 58; corresponding phone list: 111 113 114 
WARNING (gmm-init-model:InitAmGmm():gmm-init-model.cc:83) Very small count for state 629: 31; corresponding phone list: 143 144 145 146 
WARNING (gmm-init-model:InitAmGmm():gmm-init-model.cc:83) Very small count for state 630: 45; corresponding phone list: 183 184 185 186 
WARNING (gmm-init-model:InitAmGmm():gmm-init-model.cc:83) Very small count for state 632: 97; corresponding phone list: 95 96 97 98 
WARNING (gmm-init-model:InitAmGmm():gmm-init-model.cc:83) Very small count for state 636: 83; corresponding phone list: 135 136 137 138 
WARNING (gmm-init-model:InitAmGmm():gmm-init-model.cc:83) Very small count for state 638: 48; corresponding phone list: 23 24 25 26 
WARNING (gmm-init-model:InitAmGmm():gmm-init-model.cc:83) Very small count for state 639: 25; corresponding phone list: 23 24 25 26 
WARNING (gmm-init-model:InitAmGmm():gmm-init-model.cc:83) Very small count for state 645: 63; corresponding phone list: 167 168 169 170 
WARNING (gmm-init-model:InitAmGmm():gmm-init-model.cc:83) Very small count for state 646: 49; corresponding phone list: 11 13 14 
WARNING (gmm-init-model:InitAmGmm():gmm-init-model.cc:83) Very small count for state 647: 49; corresponding phone list: 155 156 157 158 
WARNING (gmm-init-model:InitAmGmm():gmm-init-model.cc:83) Very small count for state 650: 47; corresponding phone list: 11 13 14 
WARNING (gmm-init-model:InitAmGmm():gmm-init-model.cc:83) Very small count for state 653: 70; corresponding phone list: 179 180 181 182 
WARNING (gmm-init-model:InitAmGmm():gmm-init-model.cc:83) Very small count for state 656: 50; corresponding phone list: 23 24 25 26 
WARNING (gmm-init-model:InitAmGmm():gmm-init-model.cc:83) Very small count for state 657: 94; corresponding phone list: 143 144 145 146 
WARNING (gmm-init-model:InitAmGmm():gmm-init-model.cc:83) Very small count for state 660: 85; corresponding phone list: 135 136 137 138 
WARNING (gmm-init-model:InitAmGmm():gmm-init-model.cc:83) Very small count for state 663: 17; corresponding phone list: 47 48 49 50 
WARNING (gmm-init-model:InitAmGmm():gmm-init-model.cc:83) Very small count for state 664: 30; corresponding phone list: 107 108 109 110 
WARNING (gmm-init-model:InitAmGmm():gmm-init-model.cc:83) Very small count for state 665: 84; corresponding phone list: 151 152 153 154 
WARNING (gmm-init-model:InitAmGmm():gmm-init-model.cc:83) Very small count for state 671: 63; corresponding phone list: 155 156 157 158 
WARNING (gmm-init-model:InitAmGmm():gmm-init-model.cc:83) Very small count for state 678: 84; corresponding phone list: 155 156 157 158 
WARNING (gmm-init-model:InitAmGmm():gmm-init-model.cc:83) Very small count for state 679: 84; corresponding phone list: 47 48 49 50 
WARNING (gmm-init-model:InitAmGmm():gmm-init-model.cc:83) Very small count for state 682: 52; corresponding phone list: 47 48 49 50 
WARNING (gmm-init-model:InitAmGmm():gmm-init-model.cc:83) Very small count for state 683: 70; corresponding phone list: 32 33 34 
WARNING (gmm-init-model:InitAmGmm():gmm-init-model.cc:83) Very small count for state 687: 30; corresponding phone list: 111 113 114 
WARNING (gmm-init-model:InitAmGmm():gmm-init-model.cc:83) Very small count for state 690: 38; corresponding phone list: 11 13 14 
WARNING (gmm-init-model:InitAmGmm():gmm-init-model.cc:83) Very small count for state 693: 67; corresponding phone list: 71 72 73 74 
WARNING (gmm-init-model:InitAmGmm():gmm-init-model.cc:83) Very small count for state 698: 61; corresponding phone list: 155 157 158 
WARNING (gmm-init-model:InitAmGmm():gmm-init-model.cc:83) Very small count for state 700: 26; corresponding phone list: 71 72 73 74 
WARNING (gmm-init-model:InitAmGmm():gmm-init-model.cc:83) Very small count for state 701: 90; corresponding phone list: 71 72 73 74 
WARNING (gmm-init-model:InitAmGmm():gmm-init-model.cc:83) Very small count for state 703: 38; corresponding phone list: 71 72 73 74 
WARNING (gmm-init-model:InitAmGmm():gmm-init-model.cc:83) Very small count for state 704: 37; corresponding phone list: 115 116 117 118 
WARNING (gmm-init-model:InitAmGmm():gmm-init-model.cc:83) Very small count for state 705: 80; corresponding phone list: 147 148 149 150 
WARNING (gmm-init-model:InitAmGmm():gmm-init-model.cc:83) Very small count for state 706: 84; corresponding phone list: 111 113 114 
WARNING (gmm-init-model:InitAmGmm():gmm-init-model.cc:83) Very small count for state 710: 90; corresponding phone list: 103 104 105 106 
WARNING (gmm-init-model:InitAmGmm():gmm-init-model.cc:83) Very small count for state 712: 62; corresponding phone list: 135 136 137 138 
WARNING (gmm-init-model:InitAmGmm():gmm-init-model.cc:83) Very small count for state 713: 26; corresponding phone list: 171 172 173 174 
WARNING (gmm-init-model:InitAmGmm():gmm-init-model.cc:83) Very small count for state 714: 25; corresponding phone list: 47 48 49 50 
WARNING (gmm-init-model:InitAmGmm():gmm-init-model.cc:83) Very small count for state 717: 86; corresponding phone list: 47 48 49 50 
WARNING (gmm-init-model:InitAmGmm():gmm-init-model.cc:83) Very small count for state 718: 44; corresponding phone list: 47 48 49 50 
WARNING (gmm-init-model:InitAmGmm():gmm-init-model.cc:83) Very small count for state 719: 62; corresponding phone list: 111 113 114 
WARNING (gmm-init-model:InitAmGmm():gmm-init-model.cc:83) Very small count for state 723: 66; corresponding phone list: 32 33 34 
WARNING (gmm-init-model:InitAmGmm():gmm-init-model.cc:83) Very small count for state 724: 52; corresponding phone list: 47 48 49 50 
WARNING (gmm-init-model:InitAmGmm():gmm-init-model.cc:83) Very small count for state 729: 37; corresponding phone list: 143 144 145 146 
WARNING (gmm-init-model:InitAmGmm():gmm-init-model.cc:83) Very small count for state 730: 20; corresponding phone list: 79 80 81 82 
WARNING (gmm-init-model:InitAmGmm():gmm-init-model.cc:83) Very small count for state 732: 91; corresponding phone list: 132 133 134 
WARNING (gmm-init-model:InitAmGmm():gmm-init-model.cc:83) Very small count for state 734: 46; corresponding phone list: 151 152 153 154 
WARNING (gmm-init-model:InitAmGmm():gmm-init-model.cc:83) Very small count for state 736: 73; corresponding phone list: 119 120 121 122 
WARNING (gmm-init-model:InitAmGmm():gmm-init-model.cc:83) Very small count for state 740: 99; corresponding phone list: 51 52 53 54 
WARNING (gmm-init-model:InitAmGmm():gmm-init-model.cc:83) Very small count for state 741: 76; corresponding phone list: 155 156 157 158 
WARNING (gmm-init-model:InitAmGmm():gmm-init-model.cc:83) Very small count for state 742: 74; corresponding phone list: 47 48 49 50 
WARNING (gmm-init-model:InitAmGmm():gmm-init-model.cc:83) Very small count for state 744: 66; corresponding phone list: 123 124 125 126 
WARNING (gmm-init-model:InitAmGmm():gmm-init-model.cc:83) Very small count for state 745: 32; corresponding phone list: 11 13 14 
WARNING (gmm-init-model:InitAmGmm():gmm-init-model.cc:83) Very small count for state 747: 90; corresponding phone list: 111 112 113 114 
WARNING (gmm-init-model:InitAmGmm():gmm-init-model.cc:83) Very small count for state 749: 54; corresponding phone list: 51 52 53 54 
WARNING (gmm-init-model:InitAmGmm():gmm-init-model.cc:83) Very small count for state 752: 61; corresponding phone list: 111 113 114 
WARNING (gmm-init-model:InitAmGmm():gmm-init-model.cc:83) Very small count for state 753: 83; corresponding phone list: 147 148 149 150 
WARNING (gmm-init-model:InitAmGmm():gmm-init-model.cc:83) Very small count for state 754: 69; corresponding phone list: 11 13 14 
WARNING (gmm-init-model:InitAmGmm():gmm-init-model.cc:83) Very small count for state 755: 64; corresponding phone list: 183 184 185 186 
WARNING (gmm-init-model:InitAmGmm():gmm-init-model.cc:83) Very small count for state 756: 89; corresponding phone list: 71 72 73 74 
WARNING (gmm-init-model:InitAmGmm():gmm-init-model.cc:83) Very small count for state 759: 30; corresponding phone list: 171 172 173 174 
WARNING (gmm-init-model:InitAmGmm():gmm-init-model.cc:83) Very small count for state 760: 43; corresponding phone list: 88 89 90 
WARNING (gmm-init-model:InitAmGmm():gmm-init-model.cc:83) Very small count for state 761: 62; corresponding phone list: 111 112 113 114 
WARNING (gmm-init-model:InitAmGmm():gmm-init-model.cc:83) Very small count for state 762: 62; corresponding phone list: 32 33 34 
WARNING (gmm-init-model:InitAmGmm():gmm-init-model.cc:83) Very small count for state 764: 65; corresponding phone list: 131 132 133 134 
WARNING (gmm-init-model:InitAmGmm():gmm-init-model.cc:83) Very small count for state 765: 44; corresponding phone list: 131 
WARNING (gmm-init-model:InitAmGmm():gmm-init-model.cc:83) Very small count for state 769: 63; corresponding phone list: 131 132 133 134 
WARNING (gmm-init-model:InitAmGmm():gmm-init-model.cc:83) Very small count for state 770: 39; corresponding phone list: 39 40 41 42 
WARNING (gmm-init-model:InitAmGmm():gmm-init-model.cc:83) Very small count for state 775: 82; corresponding phone list: 179 180 181 182 
WARNING (gmm-init-model:InitAmGmm():gmm-init-model.cc:83) Very small count for state 779: 36; corresponding phone list: 151 152 153 154 
WARNING (gmm-init-model:InitAmGmm():gmm-init-model.cc:83) Very small count for state 780: 41; corresponding phone list: 23 24 25 26 
WARNING (gmm-init-model:InitAmGmm():gmm-init-model.cc:83) Very small count for state 781: 93; corresponding phone list: 91 92 93 94 
WARNING (gmm-init-model:InitAmGmm():gmm-init-model.cc:83) Very small count for state 782: 32; corresponding phone list: 115 116 117 118 
WARNING (gmm-init-model:InitAmGmm():gmm-init-model.cc:83) Very small count for state 783: 38; corresponding phone list: 23 24 25 26 
WARNING (gmm-init-model:InitAmGmm():gmm-init-model.cc:83) Very small count for state 784: 37; corresponding phone list: 135 136 137 138 
WARNING (gmm-init-model:InitAmGmm():gmm-init-model.cc:83) Very small count for state 786: 29; corresponding phone list: 156 
WARNING (gmm-init-model:InitAmGmm():gmm-init-model.cc:83) Very small count for state 788: 60; corresponding phone list: 11 13 14 
WARNING (gmm-init-model:InitAmGmm():gmm-init-model.cc:83) Very small count for state 791: 60; corresponding phone list: 99 100 101 102 
WARNING (gmm-init-model:InitAmGmm():gmm-init-model.cc:83) Very small count for state 792: 84; corresponding phone list: 47 48 49 50 
WARNING (gmm-init-model:InitAmGmm():gmm-init-model.cc:83) Very small count for state 794: 29; corresponding phone list: 59 60 61 62 
WARNING (gmm-init-model:InitAmGmm():gmm-init-model.cc:83) Very small count for state 796: 42; corresponding phone list: 47 48 49 50 
WARNING (gmm-init-model:InitAmGmm():gmm-init-model.cc:83) Very small count for state 797: 43; corresponding phone list: 155 157 158 
WARNING (gmm-init-model:InitAmGmm():gmm-init-model.cc:83) Very small count for state 798: 23; corresponding phone list: 155 157 158 
WARNING (gmm-init-model:InitAmGmm():gmm-init-model.cc:83) Very small count for state 799: 52; corresponding phone list: 155 157 158 
WARNING (gmm-init-model:InitAmGmm():gmm-init-model.cc:83) Very small count for state 801: 73; corresponding phone list: 11 13 14 
WARNING (gmm-init-model:InitAmGmm():gmm-init-model.cc:83) Very small count for state 805: 38; corresponding phone list: 111 113 114 
WARNING (gmm-init-model:InitAmGmm():gmm-init-model.cc:83) Very small count for state 809: 62; corresponding phone list: 11 13 14 
WARNING (gmm-init-model:InitAmGmm():gmm-init-model.cc:83) Very small count for state 810: 72; corresponding phone list: 151 152 153 154 
WARNING (gmm-init-model:InitAmGmm():gmm-init-model.cc:83) Very small count for state 811: 80; corresponding phone list: 99 100 101 102 
WARNING (gmm-init-model:InitAmGmm():gmm-init-model.cc:83) Very small count for state 812: 61; corresponding phone list: 95 96 97 98 
WARNING (gmm-init-model:InitAmGmm():gmm-init-model.cc:83) Very small count for state 814: 64; corresponding phone list: 155 157 158 
WARNING (gmm-init-model:InitAmGmm():gmm-init-model.cc:83) Very small count for state 817: 27; corresponding phone list: 179 180 181 182 
WARNING (gmm-init-model:InitAmGmm():gmm-init-model.cc:83) Very small count for state 823: 89; corresponding phone list: 156 
WARNING (gmm-init-model:InitAmGmm():gmm-init-model.cc:83) Very small count for state 824: 27; corresponding phone list: 35 36 37 38 
WARNING (gmm-init-model:InitAmGmm():gmm-init-model.cc:83) Very small count for state 825: 37; corresponding phone list: 88 89 90 
WARNING (gmm-init-model:InitAmGmm():gmm-init-model.cc:83) Very small count for state 826: 59; corresponding phone list: 71 72 73 74 
WARNING (gmm-init-model:InitAmGmm():gmm-init-model.cc:83) Very small count for state 829: 95; corresponding phone list: 67 68 69 70 
WARNING (gmm-init-model:InitAmGmm():gmm-init-model.cc:83) Very small count for state 832: 62; corresponding phone list: 11 13 14 
WARNING (gmm-init-model:InitAmGmm():gmm-init-model.cc:83) Very small count for state 833: 45; corresponding phone list: 35 36 37 38 
WARNING (gmm-init-model:InitAmGmm():gmm-init-model.cc:83) Very small count for state 834: 59; corresponding phone list: 43 44 45 46 
WARNING (gmm-init-model:InitAmGmm():gmm-init-model.cc:83) Very small count for state 835: 40; corresponding phone list: 143 145 146 
WARNING (gmm-init-model:InitAmGmm():gmm-init-model.cc:83) Very small count for state 836: 76; corresponding phone list: 67 68 69 70 
WARNING (gmm-init-model:InitAmGmm():gmm-init-model.cc:83) Very small count for state 837: 79; corresponding phone list: 147 148 149 150 
WARNING (gmm-init-model:InitAmGmm():gmm-init-model.cc:83) Very small count for state 839: 74; corresponding phone list: 135 136 137 138 
WARNING (gmm-init-model:InitAmGmm():gmm-init-model.cc:83) Very small count for state 845: 65; corresponding phone list: 155 156 157 158 
WARNING (gmm-init-model:InitAmGmm():gmm-init-model.cc:83) Very small count for state 848: 13; corresponding phone list: 156 
WARNING (gmm-init-model:InitAmGmm():gmm-init-model.cc:83) Very small count for state 850: 52; corresponding phone list: 135 136 137 138 
WARNING (gmm-init-model:InitAmGmm():gmm-init-model.cc:83) Very small count for state 852: 72; corresponding phone list: 67 68 69 70 
WARNING (gmm-init-model:InitAmGmm():gmm-init-model.cc:83) Very small count for state 854: 51; corresponding phone list: 71 72 73 74 
WARNING (gmm-init-model:InitAmGmm():gmm-init-model.cc:83) Very small count for state 855: 47; corresponding phone list: 32 33 34 
WARNING (gmm-init-model:InitAmGmm():gmm-init-model.cc:83) Very small count for state 857: 68; corresponding phone list: 115 116 117 118 
WARNING (gmm-init-model:InitAmGmm():gmm-init-model.cc:83) Very small count for state 859: 47; corresponding phone list: 11 13 14 
WARNING (gmm-init-model:InitAmGmm():gmm-init-model.cc:83) Very small count for state 861: 75; corresponding phone list: 32 33 34 
WARNING (gmm-init-model:InitAmGmm():gmm-init-model.cc:83) Very small count for state 862: 75; corresponding phone list: 151 152 153 154 
WARNING (gmm-init-model:InitAmGmm():gmm-init-model.cc:83) Very small count for state 866: 53; corresponding phone list: 147 148 149 150 
WARNING (gmm-init-model:InitAmGmm():gmm-init-model.cc:83) Very small count for state 868: 91; corresponding phone list: 151 152 153 154 
WARNING (gmm-init-model:InitAmGmm():gmm-init-model.cc:83) Very small count for state 872: 90; corresponding phone list: 27 28 29 30 
WARNING (gmm-init-model:InitAmGmm():gmm-init-model.cc:83) Very small count for state 875: 74; corresponding phone list: 79 80 81 82 
WARNING (gmm-init-model:InitAmGmm():gmm-init-model.cc:83) Very small count for state 876: 37; corresponding phone list: 15 16 17 18 
WARNING (gmm-init-model:InitAmGmm():gmm-init-model.cc:83) Very small count for state 878: 50; corresponding phone list: 71 72 73 74 
WARNING (gmm-init-model:InitAmGmm():gmm-init-model.cc:83) Very small count for state 881: 25; corresponding phone list: 83 84 85 86 
WARNING (gmm-init-model:InitAmGmm():gmm-init-model.cc:83) Very small count for state 882: 62; corresponding phone list: 115 116 117 118 
WARNING (gmm-init-model:InitAmGmm():gmm-init-model.cc:83) Very small count for state 883: 38; corresponding phone list: 111 113 114 
WARNING (gmm-init-model:InitAmGmm():gmm-init-model.cc:83) Very small count for state 884: 74; corresponding phone list: 111 113 114 
WARNING (gmm-init-model:InitAmGmm():gmm-init-model.cc:83) Very small count for state 885: 97; corresponding phone list: 111 112 113 114 
WARNING (gmm-init-model:InitAmGmm():gmm-init-model.cc:83) Very small count for state 886: 44; corresponding phone list: 139 140 141 142 
WARNING (gmm-init-model:InitAmGmm():gmm-init-model.cc:83) Very small count for state 896: 98; corresponding phone list: 43 44 45 46 
WARNING (gmm-init-model:InitAmGmm():gmm-init-model.cc:83) Very small count for state 898: 73; corresponding phone list: 11 13 14 
WARNING (gmm-init-model:InitAmGmm():gmm-init-model.cc:83) Very small count for state 900: 27; corresponding phone list: 91 92 93 94 
WARNING (gmm-init-model:InitAmGmm():gmm-init-model.cc:83) Very small count for state 901: 91; corresponding phone list: 151 152 153 154 
WARNING (gmm-init-model:InitAmGmm():gmm-init-model.cc:83) Very small count for state 907: 86; corresponding phone list: 135 136 137 138 
WARNING (gmm-init-model:InitAmGmm():gmm-init-model.cc:83) Very small count for state 911: 87; corresponding phone list: 152 153 154 
WARNING (gmm-init-model:InitAmGmm():gmm-init-model.cc:83) Very small count for state 913: 79; corresponding phone list: 43 44 45 46 
WARNING (gmm-init-model:InitAmGmm():gmm-init-model.cc:83) Very small count for state 914: 93; corresponding phone list: 155 157 158 
WARNING (gmm-init-model:InitAmGmm():gmm-init-model.cc:83) Very small count for state 916: 18; corresponding phone list: 71 72 73 74 
WARNING (gmm-init-model:InitAmGmm():gmm-init-model.cc:83) Very small count for state 920: 97; corresponding phone list: 11 13 14 
WARNING (gmm-init-model:InitAmGmm():gmm-init-model.cc:83) Very small count for state 922: 61; corresponding phone list: 147 148 149 150 
WARNING (gmm-init-model:InitAmGmm():gmm-init-model.cc:83) Very small count for state 924: 70; corresponding phone list: 179 180 181 182 
WARNING (gmm-init-model:InitAmGmm():gmm-init-model.cc:83) Very small count for state 926: 32; corresponding phone list: 47 48 49 50 
WARNING (gmm-init-model:InitAmGmm():gmm-init-model.cc:83) Very small count for state 927: 50; corresponding phone list: 11 13 14 
WARNING (gmm-init-model:InitAmGmm():gmm-init-model.cc:83) Very small count for state 928: 40; corresponding phone list: 23 24 25 26 
WARNING (gmm-init-model:InitAmGmm():gmm-init-model.cc:83) Very small count for state 929: 61; corresponding phone list: 143 144 145 146 
WARNING (gmm-init-model:InitAmGmm():gmm-init-model.cc:83) Very small count for state 931: 77; corresponding phone list: 71 72 73 74 
WARNING (gmm-init-model:InitAmGmm():gmm-init-model.cc:83) Very small count for state 932: 35; corresponding phone list: 63 64 65 66 
WARNING (gmm-init-model:InitAmGmm():gmm-init-model.cc:83) Very small count for state 936: 31; corresponding phone list: 111 113 114 
WARNING (gmm-init-model:InitAmGmm():gmm-init-model.cc:83) Very small count for state 937: 61; corresponding phone list: 143 145 146 
WARNING (gmm-init-model:InitAmGmm():gmm-init-model.cc:83) Very small count for state 939: 52; corresponding phone list: 119 120 121 122 
WARNING (gmm-init-model:InitAmGmm():gmm-init-model.cc:83) Very small count for state 940: 55; corresponding phone list: 99 100 101 102 
WARNING (gmm-init-model:InitAmGmm():gmm-init-model.cc:83) Very small count for state 941: 96; corresponding phone list: 183 184 185 186 
WARNING (gmm-init-model:InitAmGmm():gmm-init-model.cc:83) Very small count for state 942: 71; corresponding phone list: 135 137 138 
WARNING (gmm-init-model:InitAmGmm():gmm-init-model.cc:83) Very small count for state 944: 17; corresponding phone list: 103 104 105 106 
WARNING (gmm-init-model:InitAmGmm():gmm-init-model.cc:83) Very small count for state 946: 92; corresponding phone list: 23 24 25 26 
WARNING (gmm-init-model:InitAmGmm():gmm-init-model.cc:83) Very small count for state 948: 75; corresponding phone list: 115 116 117 118 
WARNING (gmm-init-model:InitAmGmm():gmm-init-model.cc:83) Very small count for state 951: 44; corresponding phone list: 123 124 125 126 
WARNING (gmm-init-model:InitAmGmm():gmm-init-model.cc:83) Very small count for state 953: 57; corresponding phone list: 71 72 73 74 
WARNING (gmm-init-model:InitAmGmm():gmm-init-model.cc:83) Very small count for state 956: 77; corresponding phone list: 23 24 25 26 
WARNING (gmm-init-model:InitAmGmm():gmm-init-model.cc:83) Very small count for state 957: 20; corresponding phone list: 11 13 14 
WARNING (gmm-init-model:InitAmGmm():gmm-init-model.cc:83) Very small count for state 959: 42; corresponding phone list: 111 113 114 
WARNING (gmm-init-model:InitAmGmm():gmm-init-model.cc:83) Very small count for state 963: 98; corresponding phone list: 103 104 105 106 
WARNING (gmm-init-model:InitAmGmm():gmm-init-model.cc:83) Very small count for state 964: 98; corresponding phone list: 111 113 114 
WARNING (gmm-init-model:InitAmGmm():gmm-init-model.cc:83) Very small count for state 965: 97; corresponding phone list: 47 48 49 50 
WARNING (gmm-init-model:InitAmGmm():gmm-init-model.cc:83) Very small count for state 966: 88; corresponding phone list: 131 132 133 134 
WARNING (gmm-init-model:InitAmGmm():gmm-init-model.cc:83) Very small count for state 967: 31; corresponding phone list: 11 13 14 
WARNING (gmm-init-model:InitAmGmm():gmm-init-model.cc:83) Very small count for state 973: 80; corresponding phone list: 155 156 157 158 
WARNING (gmm-init-model:InitAmGmm():gmm-init-model.cc:83) Very small count for state 976: 37; corresponding phone list: 71 72 73 74 
WARNING (gmm-init-model:InitAmGmm():gmm-init-model.cc:83) Very small count for state 977: 83; corresponding phone list: 151 152 153 154 
WARNING (gmm-init-model:InitAmGmm():gmm-init-model.cc:83) Very small count for state 979: 65; corresponding phone list: 123 124 125 126 
WARNING (gmm-init-model:InitAmGmm():gmm-init-model.cc:83) Very small count for state 980: 50; corresponding phone list: 115 116 117 118 
WARNING (gmm-init-model:InitAmGmm():gmm-init-model.cc:83) Very small count for state 981: 68; corresponding phone list: 132 133 134 
WARNING (gmm-init-model:InitAmGmm():gmm-init-model.cc:83) Very small count for state 987: 38; corresponding phone list: 39 40 41 42 
WARNING (gmm-init-model:InitAmGmm():gmm-init-model.cc:83) Very small count for state 988: 62; corresponding phone list: 32 33 34 
WARNING (gmm-init-model:InitAmGmm():gmm-init-model.cc:83) Very small count for state 993: 55; corresponding phone list: 183 184 185 186 
WARNING (gmm-init-model:InitAmGmm():gmm-init-model.cc:83) Very small count for state 994: 47; corresponding phone list: 39 40 41 42 
WARNING (gmm-init-model:InitAmGmm():gmm-init-model.cc:83) Very small count for state 995: 95; corresponding phone list: 135 136 137 138 
WARNING (gmm-init-model:InitAmGmm():gmm-init-model.cc:83) Very small count for state 1002: 83; corresponding phone list: 99 100 101 102 
WARNING (gmm-init-model:InitAmGmm():gmm-init-model.cc:83) Very small count for state 1003: 39; corresponding phone list: 99 100 101 102 
WARNING (gmm-init-model:InitAmGmm():gmm-init-model.cc:83) Very small count for state 1004: 56; corresponding phone list: 71 72 73 74 
WARNING (gmm-init-model:InitAmGmm():gmm-init-model.cc:83) Very small count for state 1005: 39; corresponding phone list: 39 40 41 42 
WARNING (gmm-init-model:InitAmGmm():gmm-init-model.cc:83) Very small count for state 1006: 50; corresponding phone list: 91 92 93 94 
WARNING (gmm-init-model:InitAmGmm():gmm-init-model.cc:83) Very small count for state 1007: 93; corresponding phone list: 47 48 49 50 
WARNING (gmm-init-model:InitAmGmm():gmm-init-model.cc:83) Very small count for state 1009: 83; corresponding phone list: 11 13 14 
WARNING (gmm-init-model:InitAmGmm():gmm-init-model.cc:83) Very small count for state 1010: 70; corresponding phone list: 139 140 141 142 
WARNING (gmm-init-model:InitAmGmm():gmm-init-model.cc:83) Very small count for state 1012: 72; corresponding phone list: 11 13 14 
WARNING (gmm-init-model:InitAmGmm():gmm-init-model.cc:83) Very small count for state 1017: 74; corresponding phone list: 11 13 14 
WARNING (gmm-init-model:InitAmGmm():gmm-init-model.cc:83) Very small count for state 1018: 28; corresponding phone list: 47 48 49 50 
WARNING (gmm-init-model:InitAmGmm():gmm-init-model.cc:83) Very small count for state 1022: 52; corresponding phone list: 47 48 49 50 
WARNING (gmm-init-model:InitAmGmm():gmm-init-model.cc:83) Very small count for state 1023: 44; corresponding phone list: 167 168 169 170 
WARNING (gmm-init-model:InitAmGmm():gmm-init-model.cc:83) Very small count for state 1027: 87; corresponding phone list: 15 16 17 18 
WARNING (gmm-init-model:InitAmGmm():gmm-init-model.cc:83) Very small count for state 1031: 32; corresponding phone list: 135 136 137 138 
WARNING (gmm-init-model:InitAmGmm():gmm-init-model.cc:83) Very small count for state 1039: 64; corresponding phone list: 151 152 153 154 
WARNING (gmm-init-model:InitAmGmm():gmm-init-model.cc:83) Very small count for state 1041: 82; corresponding phone list: 103 104 105 106 
WARNING (gmm-init-model:InitAmGmm():gmm-init-model.cc:83) Very small count for state 1042: 88; corresponding phone list: 32 33 34 
WARNING (gmm-init-model:InitAmGmm():gmm-init-model.cc:83) Very small count for state 1045: 25; corresponding phone list: 11 13 14 
WARNING (gmm-init-model:InitAmGmm():gmm-init-model.cc:83) Very small count for state 1048: 53; corresponding phone list: 87 
WARNING (gmm-init-model:InitAmGmm():gmm-init-model.cc:83) Very small count for state 1050: 74; corresponding phone list: 103 104 105 106 
WARNING (gmm-init-model:InitAmGmm():gmm-init-model.cc:83) Very small count for state 1051: 33; corresponding phone list: 11 13 14 
WARNING (gmm-init-model:InitAmGmm():gmm-init-model.cc:83) Very small count for state 1054: 49; corresponding phone list: 111 113 114 
WARNING (gmm-init-model:InitAmGmm():gmm-init-model.cc:83) Very small count for state 1055: 46; corresponding phone list: 23 24 25 26 
WARNING (gmm-init-model:InitAmGmm():gmm-init-model.cc:83) Very small count for state 1056: 48; corresponding phone list: 91 92 93 94 
WARNING (gmm-init-model:InitAmGmm():gmm-init-model.cc:83) Very small count for state 1059: 75; corresponding phone list: 11 13 14 
WARNING (gmm-init-model:InitAmGmm():gmm-init-model.cc:83) Very small count for state 1061: 94; corresponding phone list: 71 72 73 74 
WARNING (gmm-init-model:InitAmGmm():gmm-init-model.cc:83) Very small count for state 1066: 80; corresponding phone list: 88 89 90 
WARNING (gmm-init-model:InitAmGmm():gmm-init-model.cc:83) Very small count for state 1070: 87; corresponding phone list: 67 68 69 70 
WARNING (gmm-init-model:InitAmGmm():gmm-init-model.cc:83) Very small count for state 1071: 33; corresponding phone list: 143 144 145 146 
WARNING (gmm-init-model:InitAmGmm():gmm-init-model.cc:83) Very small count for state 1072: 71; corresponding phone list: 11 13 14 
WARNING (gmm-init-model:InitAmGmm():gmm-init-model.cc:83) Very small count for state 1073: 85; corresponding phone list: 151 
WARNING (gmm-init-model:InitAmGmm():gmm-init-model.cc:83) Very small count for state 1076: 77; corresponding phone list: 147 148 149 150 
WARNING (gmm-init-model:InitAmGmm():gmm-init-model.cc:83) Very small count for state 1077: 21; corresponding phone list: 35 36 37 38 
WARNING (gmm-init-model:InitAmGmm():gmm-init-model.cc:83) Very small count for state 1079: 44; corresponding phone list: 179 180 181 182 
WARNING (gmm-init-model:InitAmGmm():gmm-init-model.cc:83) Very small count for state 1081: 23; corresponding phone list: 63 64 65 66 
WARNING (gmm-init-model:InitAmGmm():gmm-init-model.cc:83) Very small count for state 1082: 66; corresponding phone list: 71 72 73 74 
WARNING (gmm-init-model:InitAmGmm():gmm-init-model.cc:83) Very small count for state 1085: 45; corresponding phone list: 143 144 145 146 
WARNING (gmm-init-model:InitAmGmm():gmm-init-model.cc:83) Very small count for state 1087: 66; corresponding phone list: 23 24 25 26 
WARNING (gmm-init-model:InitAmGmm():gmm-init-model.cc:83) Very small count for state 1089: 30; corresponding phone list: 111 112 113 114 
WARNING (gmm-init-model:InitAmGmm():gmm-init-model.cc:83) Very small count for state 1091: 63; corresponding phone list: 47 48 49 50 
WARNING (gmm-init-model:InitAmGmm():gmm-init-model.cc:83) Very small count for state 1092: 47; corresponding phone list: 111 113 114 
WARNING (gmm-init-model:InitAmGmm():gmm-init-model.cc:83) Very small count for state 1094: 86; corresponding phone list: 88 89 90 
WARNING (gmm-init-model:InitAmGmm():gmm-init-model.cc:83) Very small count for state 1095: 48; corresponding phone list: 155 157 158 
WARNING (gmm-init-model:InitAmGmm():gmm-init-model.cc:83) Very small count for state 1097: 78; corresponding phone list: 71 72 73 74 
WARNING (gmm-init-model:InitAmGmm():gmm-init-model.cc:83) Very small count for state 1100: 62; corresponding phone list: 103 104 105 106 
WARNING (gmm-init-model:InitAmGmm():gmm-init-model.cc:83) Very small count for state 1103: 99; corresponding phone list: 151 152 153 154 
WARNING (gmm-init-model:InitAmGmm():gmm-init-model.cc:83) Very small count for state 1105: 34; corresponding phone list: 51 52 53 54 
WARNING (gmm-init-model:InitAmGmm():gmm-init-model.cc:83) Very small count for state 1107: 70; corresponding phone list: 11 13 14 
WARNING (gmm-init-model:InitAmGmm():gmm-init-model.cc:83) Very small count for state 1110: 15; corresponding phone list: 88 89 90 
WARNING (gmm-init-model:InitAmGmm():gmm-init-model.cc:83) Very small count for state 1114: 77; corresponding phone list: 103 104 105 106 
WARNING (gmm-init-model:InitAmGmm():gmm-init-model.cc:83) Very small count for state 1116: 43; corresponding phone list: 47 48 49 50 
WARNING (gmm-init-model:InitAmGmm():gmm-init-model.cc:83) Very small count for state 1117: 63; corresponding phone list: 71 72 73 74 
WARNING (gmm-init-model:InitAmGmm():gmm-init-model.cc:83) Very small count for state 1118: 75; corresponding phone list: 23 24 25 26 
WARNING (gmm-init-model:InitAmGmm():gmm-init-model.cc:83) Very small count for state 1120: 32; corresponding phone list: 143 144 145 146 
WARNING (gmm-init-model:InitAmGmm():gmm-init-model.cc:83) Very small count for state 1121: 70; corresponding phone list: 83 84 85 86 
WARNING (gmm-init-model:InitAmGmm():gmm-init-model.cc:83) Very small count for state 1122: 41; corresponding phone list: 99 100 101 102 
WARNING (gmm-init-model:InitAmGmm():gmm-init-model.cc:83) Very small count for state 1125: 43; corresponding phone list: 47 48 49 50 
WARNING (gmm-init-model:InitAmGmm():gmm-init-model.cc:83) Very small count for state 1131: 83; corresponding phone list: 111 112 113 114 
WARNING (gmm-init-model:InitAmGmm():gmm-init-model.cc:83) Very small count for state 1132: 50; corresponding phone list: 32 33 34 
WARNING (gmm-init-model:InitAmGmm():gmm-init-model.cc:83) Very small count for state 1135: 55; corresponding phone list: 11 13 14 
WARNING (gmm-init-model:InitAmGmm():gmm-init-model.cc:83) Very small count for state 1136: 78; corresponding phone list: 43 44 45 46 
WARNING (gmm-init-model:InitAmGmm():gmm-init-model.cc:83) Very small count for state 1138: 74; corresponding phone list: 71 72 73 74 
WARNING (gmm-init-model:InitAmGmm():gmm-init-model.cc:83) Very small count for state 1140: 47; corresponding phone list: 67 68 69 70 
WARNING (gmm-init-model:InitAmGmm():gmm-init-model.cc:83) Very small count for state 1141: 21; corresponding phone list: 115 116 117 118 
WARNING (gmm-init-model:InitAmGmm():gmm-init-model.cc:83) Very small count for state 1147: 66; corresponding phone list: 11 13 14 
WARNING (gmm-init-model:InitAmGmm():gmm-init-model.cc:83) Very small count for state 1148: 66; corresponding phone list: 135 136 137 138 
WARNING (gmm-init-model:InitAmGmm():gmm-init-model.cc:83) Very small count for state 1149: 70; corresponding phone list: 51 53 54 
WARNING (gmm-init-model:InitAmGmm():gmm-init-model.cc:83) Very small count for state 1151: 85; corresponding phone list: 32 33 34 
WARNING (gmm-init-model:InitAmGmm():gmm-init-model.cc:83) Very small count for state 1152: 47; corresponding phone list: 171 172 173 174 
WARNING (gmm-init-model:InitAmGmm():gmm-init-model.cc:83) Very small count for state 1153: 64; corresponding phone list: 179 180 181 182 
WARNING (gmm-init-model:InitAmGmm():gmm-init-model.cc:83) Very small count for state 1155: 48; corresponding phone list: 135 136 137 138 
WARNING (gmm-init-model:InitAmGmm():gmm-init-model.cc:83) Very small count for state 1156: 78; corresponding phone list: 131 132 133 134 
WARNING (gmm-init-model:InitAmGmm():gmm-init-model.cc:83) Very small count for state 1157: 63; corresponding phone list: 88 89 90 
WARNING (gmm-init-model:InitAmGmm():gmm-init-model.cc:83) Very small count for state 1158: 63; corresponding phone list: 155 157 158 
WARNING (gmm-init-model:InitAmGmm():gmm-init-model.cc:83) Very small count for state 1159: 43; corresponding phone list: 43 44 45 46 
WARNING (gmm-init-model:InitAmGmm():gmm-init-model.cc:83) Very small count for state 1160: 57; corresponding phone list: 111 113 114 
WARNING (gmm-init-model:InitAmGmm():gmm-init-model.cc:83) Very small count for state 1161: 96; corresponding phone list: 183 184 185 186 
WARNING (gmm-init-model:InitAmGmm():gmm-init-model.cc:83) Very small count for state 1163: 93; corresponding phone list: 135 136 137 138 
WARNING (gmm-init-model:InitAmGmm():gmm-init-model.cc:83) Very small count for state 1164: 32; corresponding phone list: 91 92 93 94 
WARNING (gmm-init-model:InitAmGmm():gmm-init-model.cc:83) Very small count for state 1167: 24; corresponding phone list: 88 89 90 
WARNING (gmm-init-model:InitAmGmm():gmm-init-model.cc:83) Very small count for state 1169: 28; corresponding phone list: 111 112 113 114 
WARNING (gmm-init-model:InitAmGmm():gmm-init-model.cc:83) Very small count for state 1170: 98; corresponding phone list: 11 13 14 
WARNING (gmm-init-model:InitAmGmm():gmm-init-model.cc:83) Very small count for state 1174: 55; corresponding phone list: 135 136 137 138 
WARNING (gmm-init-model:InitAmGmm():gmm-init-model.cc:83) Very small count for state 1177: 46; corresponding phone list: 147 148 149 150 
WARNING (gmm-init-model:InitAmGmm():gmm-init-model.cc:83) Very small count for state 1179: 99; corresponding phone list: 23 24 25 26 
WARNING (gmm-init-model:InitAmGmm():gmm-init-model.cc:83) Very small count for state 1180: 14; corresponding phone list: 115 116 117 118 
WARNING (gmm-init-model:InitAmGmm():gmm-init-model.cc:83) Very small count for state 1182: 50; corresponding phone list: 59 60 61 62 
WARNING (gmm-init-model:InitAmGmm():gmm-init-model.cc:83) Very small count for state 1183: 54; corresponding phone list: 71 72 73 74 
WARNING (gmm-init-model:InitAmGmm():gmm-init-model.cc:83) Very small count for state 1185: 26; corresponding phone list: 11 13 14 
WARNING (gmm-init-model:InitAmGmm():gmm-init-model.cc:83) Very small count for state 1186: 52; corresponding phone list: 155 156 157 158 
WARNING (gmm-init-model:InitAmGmm():gmm-init-model.cc:83) Very small count for state 1188: 54; corresponding phone list: 23 24 25 26 
WARNING (gmm-init-model:InitAmGmm():gmm-init-model.cc:83) Very small count for state 1195: 32; corresponding phone list: 135 136 137 138 
WARNING (gmm-init-model:InitAmGmm():gmm-init-model.cc:83) Very small count for state 1197: 69; corresponding phone list: 95 96 97 98 
WARNING (gmm-init-model:InitAmGmm():gmm-init-model.cc:83) Very small count for state 1199: 82; corresponding phone list: 111 113 114 
WARNING (gmm-init-model:InitAmGmm():gmm-init-model.cc:83) Very small count for state 1207: 47; corresponding phone list: 11 13 14 
WARNING (gmm-init-model:InitAmGmm():gmm-init-model.cc:83) Very small count for state 1208: 50; corresponding phone list: 135 136 137 138 
WARNING (gmm-init-model:InitAmGmm():gmm-init-model.cc:83) Very small count for state 1209: 21; corresponding phone list: 111 113 114 
WARNING (gmm-init-model:InitAmGmm():gmm-init-model.cc:83) Very small count for state 1210: 76; corresponding phone list: 43 44 45 46 
WARNING (gmm-init-model:InitAmGmm():gmm-init-model.cc:83) Very small count for state 1212: 48; corresponding phone list: 67 68 69 70 
WARNING (gmm-init-model:InitAmGmm():gmm-init-model.cc:83) Very small count for state 1213: 95; corresponding phone list: 71 72 73 74 
WARNING (gmm-init-model:InitAmGmm():gmm-init-model.cc:83) Very small count for state 1214: 84; corresponding phone list: 67 68 69 70 
WARNING (gmm-init-model:InitAmGmm():gmm-init-model.cc:83) Very small count for state 1215: 49; corresponding phone list: 135 136 137 138 
WARNING (gmm-init-model:InitAmGmm():gmm-init-model.cc:83) Very small count for state 1216: 99; corresponding phone list: 39 40 41 42 
WARNING (gmm-init-model:InitAmGmm():gmm-init-model.cc:83) Very small count for state 1217: 96; corresponding phone list: 91 92 93 94 
WARNING (gmm-init-model:InitAmGmm():gmm-init-model.cc:83) Very small count for state 1218: 84; corresponding phone list: 91 92 93 94 
WARNING (gmm-init-model:InitAmGmm():gmm-init-model.cc:83) Very small count for state 1220: 65; corresponding phone list: 71 73 74 
WARNING (gmm-init-model:InitAmGmm():gmm-init-model.cc:83) Very small count for state 1222: 82; corresponding phone list: 131 
WARNING (gmm-init-model:InitAmGmm():gmm-init-model.cc:83) Very small count for state 1223: 57; corresponding phone list: 135 136 137 138 
WARNING (gmm-init-model:InitAmGmm():gmm-init-model.cc:83) Very small count for state 1225: 67; corresponding phone list: 111 113 114 
WARNING (gmm-init-model:InitAmGmm():gmm-init-model.cc:83) Very small count for state 1227: 41; corresponding phone list: 67 68 69 70 
WARNING (gmm-init-model:InitAmGmm():gmm-init-model.cc:83) Very small count for state 1228: 76; corresponding phone list: 32 33 34 
WARNING (gmm-init-model:InitAmGmm():gmm-init-model.cc:83) Very small count for state 1230: 76; corresponding phone list: 51 52 53 54 
WARNING (gmm-init-model:InitAmGmm():gmm-init-model.cc:83) Very small count for state 1236: 98; corresponding phone list: 88 89 90 
WARNING (gmm-init-model:InitAmGmm():gmm-init-model.cc:83) Very small count for state 1238: 97; corresponding phone list: 47 48 49 50 
WARNING (gmm-init-model:InitAmGmm():gmm-init-model.cc:83) Very small count for state 1240: 74; corresponding phone list: 179 180 181 182 
WARNING (gmm-init-model:InitAmGmm():gmm-init-model.cc:83) Very small count for state 1244: 72; corresponding phone list: 111 112 113 114 
WARNING (gmm-init-model:InitAmGmm():gmm-init-model.cc:83) Very small count for state 1246: 94; corresponding phone list: 67 68 69 70 
WARNING (gmm-init-model:InitAmGmm():gmm-init-model.cc:83) Very small count for state 1247: 62; corresponding phone list: 32 33 34 
WARNING (gmm-init-model:InitAmGmm():gmm-init-model.cc:83) Very small count for state 1252: 25; corresponding phone list: 11 13 14 
WARNING (gmm-init-model:InitAmGmm():gmm-init-model.cc:83) Very small count for state 1253: 72; corresponding phone list: 103 104 105 106 
WARNING (gmm-init-model:InitAmGmm():gmm-init-model.cc:83) Very small count for state 1254: 24; corresponding phone list: 179 180 181 182 
WARNING (gmm-init-model:InitAmGmm():gmm-init-model.cc:83) Very small count for state 1257: 22; corresponding phone list: 183 184 185 186 
WARNING (gmm-init-model:InitAmGmm():gmm-init-model.cc:83) Very small count for state 1260: 71; corresponding phone list: 139 140 141 142 
WARNING (gmm-init-model:InitAmGmm():gmm-init-model.cc:83) Very small count for state 1262: 99; corresponding phone list: 51 52 53 54 
WARNING (gmm-init-model:InitAmGmm():gmm-init-model.cc:83) Very small count for state 1263: 36; corresponding phone list: 12 
WARNING (gmm-init-model:InitAmGmm():gmm-init-model.cc:83) Very small count for state 1264: 27; corresponding phone list: 23 24 25 26 
WARNING (gmm-init-model:InitAmGmm():gmm-init-model.cc:83) Very small count for state 1265: 72; corresponding phone list: 67 68 69 70 
WARNING (gmm-init-model:InitAmGmm():gmm-init-model.cc:83) Very small count for state 1269: 27; corresponding phone list: 23 24 25 26 
WARNING (gmm-init-model:InitAmGmm():gmm-init-model.cc:83) Very small count for state 1270: 98; corresponding phone list: 88 89 90 
WARNING (gmm-init-model:InitAmGmm():gmm-init-model.cc:83) Very small count for state 1272: 59; corresponding phone list: 143 144 145 146 
WARNING (gmm-init-model:InitAmGmm():gmm-init-model.cc:83) Very small count for state 1276: 32; corresponding phone list: 131 132 133 134 
WARNING (gmm-init-model:InitAmGmm():gmm-init-model.cc:83) Very small count for state 1277: 20; corresponding phone list: 99 100 101 102 
WARNING (gmm-init-model:InitAmGmm():gmm-init-model.cc:83) Very small count for state 1279: 83; corresponding phone list: 115 116 117 118 
WARNING (gmm-init-model:InitAmGmm():gmm-init-model.cc:83) Very small count for state 1280: 37; corresponding phone list: 151 152 153 154 
WARNING (gmm-init-model:InitAmGmm():gmm-init-model.cc:83) Very small count for state 1283: 88; corresponding phone list: 183 184 185 186 
WARNING (gmm-init-model:InitAmGmm():gmm-init-model.cc:83) Very small count for state 1285: 65; corresponding phone list: 11 13 14 
WARNING (gmm-init-model:InitAmGmm():gmm-init-model.cc:83) Very small count for state 1288: 83; corresponding phone list: 135 136 137 138 
WARNING (gmm-init-model:InitAmGmm():gmm-init-model.cc:83) Very small count for state 1289: 94; corresponding phone list: 71 72 73 74 
WARNING (gmm-init-model:InitAmGmm():gmm-init-model.cc:83) Very small count for state 1290: 74; corresponding phone list: 135 136 137 138 
WARNING (gmm-init-model:InitAmGmm():gmm-init-model.cc:83) Very small count for state 1291: 38; corresponding phone list: 135 136 137 138 
WARNING (gmm-init-model:InitAmGmm():gmm-init-model.cc:83) Very small count for state 1293: 49; corresponding phone list: 155 157 158 
WARNING (gmm-init-model:InitAmGmm():gmm-init-model.cc:83) Very small count for state 1295: 78; corresponding phone list: 135 136 137 138 
WARNING (gmm-init-model:InitAmGmm():gmm-init-model.cc:83) Very small count for state 1296: 71; corresponding phone list: 183 184 185 186 
WARNING (gmm-init-model:InitAmGmm():gmm-init-model.cc:83) Very small count for state 1299: 54; corresponding phone list: 88 89 90 
WARNING (gmm-init-model:InitAmGmm():gmm-init-model.cc:83) Very small count for state 1301: 52; corresponding phone list: 71 72 73 74 
WARNING (gmm-init-model:InitAmGmm():gmm-init-model.cc:83) Very small count for state 1303: 12; corresponding phone list: 131 132 133 134 
WARNING (gmm-init-model:InitAmGmm():gmm-init-model.cc:83) Very small count for state 1304: 64; corresponding phone list: 99 100 101 102 
WARNING (gmm-init-model:InitAmGmm():gmm-init-model.cc:83) Very small count for state 1307: 96; corresponding phone list: 151 152 153 154 
WARNING (gmm-init-model:InitAmGmm():gmm-init-model.cc:83) Very small count for state 1311: 90; corresponding phone list: 167 168 169 170 
WARNING (gmm-init-model:InitAmGmm():gmm-init-model.cc:83) Very small count for state 1313: 61; corresponding phone list: 47 48 49 50 
WARNING (gmm-init-model:InitAmGmm():gmm-init-model.cc:83) Very small count for state 1315: 72; corresponding phone list: 47 48 49 50 
WARNING (gmm-init-model:InitAmGmm():gmm-init-model.cc:83) Very small count for state 1316: 19; corresponding phone list: 119 120 121 122 
WARNING (gmm-init-model:InitAmGmm():gmm-init-model.cc:83) Very small count for state 1317: 57; corresponding phone list: 71 72 73 74 
WARNING (gmm-init-model:InitAmGmm():gmm-init-model.cc:83) Very small count for state 1318: 59; corresponding phone list: 179 180 181 182 
WARNING (gmm-init-model:InitAmGmm():gmm-init-model.cc:83) Very small count for state 1322: 47; corresponding phone list: 143 144 145 146 
WARNING (gmm-init-model:InitAmGmm():gmm-init-model.cc:83) Very small count for state 1325: 59; corresponding phone list: 63 64 65 66 
WARNING (gmm-init-model:InitAmGmm():gmm-init-model.cc:83) Very small count for state 1331: 39; corresponding phone list: 167 168 169 170 
WARNING (gmm-init-model:InitAmGmm():gmm-init-model.cc:83) Very small count for state 1332: 48; corresponding phone list: 151 152 153 154 
WARNING (gmm-init-model:InitAmGmm():gmm-init-model.cc:83) Very small count for state 1334: 28; corresponding phone list: 67 68 69 70 
WARNING (gmm-init-model:InitAmGmm():gmm-init-model.cc:83) Very small count for state 1336: 82; corresponding phone list: 11 13 14 
WARNING (gmm-init-model:InitAmGmm():gmm-init-model.cc:83) Very small count for state 1337: 58; corresponding phone list: 47 48 49 50 
WARNING (gmm-init-model:InitAmGmm():gmm-init-model.cc:83) Very small count for state 1338: 88; corresponding phone list: 111 112 113 114 
WARNING (gmm-init-model:InitAmGmm():gmm-init-model.cc:83) Very small count for state 1340: 94; corresponding phone list: 79 80 81 82 
WARNING (gmm-init-model:InitAmGmm():gmm-init-model.cc:83) Very small count for state 1345: 59; corresponding phone list: 59 60 61 62 
WARNING (gmm-init-model:InitAmGmm():gmm-init-model.cc:83) Very small count for state 1349: 93; corresponding phone list: 111 113 114 
WARNING (gmm-init-model:InitAmGmm():gmm-init-model.cc:83) Very small count for state 1350: 97; corresponding phone list: 47 48 49 50 
WARNING (gmm-init-model:InitAmGmm():gmm-init-model.cc:83) Very small count for state 1352: 70; corresponding phone list: 155 157 158 
WARNING (gmm-init-model:InitAmGmm():gmm-init-model.cc:83) Very small count for state 1353: 60; corresponding phone list: 107 108 109 110 
WARNING (gmm-init-model:InitAmGmm():gmm-init-model.cc:83) Very small count for state 1354: 91; corresponding phone list: 155 157 158 
WARNING (gmm-init-model:InitAmGmm():gmm-init-model.cc:83) Very small count for state 1356: 83; corresponding phone list: 63 64 65 66 
WARNING (gmm-init-model:InitAmGmm():gmm-init-model.cc:83) Very small count for state 1357: 32; corresponding phone list: 71 72 73 74 
WARNING (gmm-init-model:InitAmGmm():gmm-init-model.cc:83) Very small count for state 1358: 92; corresponding phone list: 39 40 41 42 
WARNING (gmm-init-model:InitAmGmm():gmm-init-model.cc:83) Very small count for state 1363: 72; corresponding phone list: 47 48 49 50 
WARNING (gmm-init-model:InitAmGmm():gmm-init-model.cc:83) Very small count for state 1368: 29; corresponding phone list: 63 64 65 66 
WARNING (gmm-init-model:InitAmGmm():gmm-init-model.cc:83) Very small count for state 1372: 98; corresponding phone list: 11 13 14 
WARNING (gmm-init-model:InitAmGmm():gmm-init-model.cc:83) Very small count for state 1376: 59; corresponding phone list: 23 24 25 26 
WARNING (gmm-init-model:InitAmGmm():gmm-init-model.cc:83) Very small count for state 1380: 15; corresponding phone list: 59 60 61 62 
WARNING (gmm-init-model:InitAmGmm():gmm-init-model.cc:83) Very small count for state 1387: 51; corresponding phone list: 167 168 169 170 
WARNING (gmm-init-model:InitAmGmm():gmm-init-model.cc:83) Very small count for state 1392: 81; corresponding phone list: 67 68 69 70 
WARNING (gmm-init-model:InitAmGmm():gmm-init-model.cc:83) Very small count for state 1393: 62; corresponding phone list: 179 180 181 182 
WARNING (gmm-init-model:InitAmGmm():gmm-init-model.cc:83) Very small count for state 1398: 84; corresponding phone list: 143 144 145 146 
WARNING (gmm-init-model:InitAmGmm():gmm-init-model.cc:83) Very small count for state 1400: 68; corresponding phone list: 151 152 153 154 
WARNING (gmm-init-model:InitAmGmm():gmm-init-model.cc:83) Very small count for state 1401: 53; corresponding phone list: 47 48 49 50 
WARNING (gmm-init-model:InitAmGmm():gmm-init-model.cc:83) Very small count for state 1406: 23; corresponding phone list: 139 140 141 142 
WARNING (gmm-init-model:InitAmGmm():gmm-init-model.cc:83) Very small count for state 1407: 54; corresponding phone list: 67 68 69 70 
WARNING (gmm-init-model:InitAmGmm():gmm-init-model.cc:83) Very small count for state 1409: 61; corresponding phone list: 99 100 101 102 
WARNING (gmm-init-model:InitAmGmm():gmm-init-model.cc:83) Very small count for state 1410: 71; corresponding phone list: 23 24 25 26 
WARNING (gmm-init-model:InitAmGmm():gmm-init-model.cc:83) Very small count for state 1412: 58; corresponding phone list: 88 89 90 
WARNING (gmm-init-model:InitAmGmm():gmm-init-model.cc:83) Very small count for state 1414: 83; corresponding phone list: 47 48 49 50 
WARNING (gmm-init-model:InitAmGmm():gmm-init-model.cc:83) Very small count for state 1417: 22; corresponding phone list: 147 148 149 150 
WARNING (gmm-init-model:InitAmGmm():gmm-init-model.cc:83) Very small count for state 1419: 29; corresponding phone list: 111 113 114 
WARNING (gmm-init-model:InitAmGmm():gmm-init-model.cc:83) Very small count for state 1421: 95; corresponding phone list: 131 132 133 134 
WARNING (gmm-init-model:InitAmGmm():gmm-init-model.cc:83) Very small count for state 1422: 54; corresponding phone list: 103 104 105 106 
WARNING (gmm-init-model:InitAmGmm():gmm-init-model.cc:83) Very small count for state 1426: 67; corresponding phone list: 19 20 21 22 
WARNING (gmm-init-model:InitAmGmm():gmm-init-model.cc:83) Very small count for state 1429: 53; corresponding phone list: 11 13 14 
WARNING (gmm-init-model:InitAmGmm():gmm-init-model.cc:83) Very small count for state 1430: 64; corresponding phone list: 131 132 133 134 
WARNING (gmm-init-model:InitAmGmm():gmm-init-model.cc:83) Very small count for state 1433: 74; corresponding phone list: 143 144 145 146 
WARNING (gmm-init-model:InitAmGmm():gmm-init-model.cc:83) Very small count for state 1435: 42; corresponding phone list: 155 156 157 158 
WARNING (gmm-init-model:InitAmGmm():gmm-init-model.cc:83) Very small count for state 1436: 90; corresponding phone list: 135 136 137 138 
WARNING (gmm-init-model:InitAmGmm():gmm-init-model.cc:83) Very small count for state 1437: 43; corresponding phone list: 63 64 65 66 
WARNING (gmm-init-model:InitAmGmm():gmm-init-model.cc:83) Very small count for state 1439: 72; corresponding phone list: 179 180 181 182 
WARNING (gmm-init-model:InitAmGmm():gmm-init-model.cc:83) Very small count for state 1443: 74; corresponding phone list: 59 60 61 62 
WARNING (gmm-init-model:InitAmGmm():gmm-init-model.cc:83) Very small count for state 1444: 84; corresponding phone list: 111 113 114 
WARNING (gmm-init-model:InitAmGmm():gmm-init-model.cc:83) Very small count for state 1450: 78; corresponding phone list: 143 144 145 146 
WARNING (gmm-init-model:InitAmGmm():gmm-init-model.cc:83) Very small count for state 1452: 28; corresponding phone list: 179 180 181 182 
WARNING (gmm-init-model:InitAmGmm():gmm-init-model.cc:83) Very small count for state 1453: 71; corresponding phone list: 155 157 158 
WARNING (gmm-init-model:InitAmGmm():gmm-init-model.cc:83) Very small count for state 1455: 56; corresponding phone list: 47 48 49 50 
WARNING (gmm-init-model:InitAmGmm():gmm-init-model.cc:83) Very small count for state 1456: 97; corresponding phone list: 111 113 114 
WARNING (gmm-init-model:InitAmGmm():gmm-init-model.cc:83) Very small count for state 1461: 65; corresponding phone list: 183 184 185 186 
WARNING (gmm-init-model:InitAmGmm():gmm-init-model.cc:83) Very small count for state 1462: 76; corresponding phone list: 39 40 41 42 
WARNING (gmm-init-model:InitAmGmm():gmm-init-model.cc:83) Very small count for state 1463: 74; corresponding phone list: 143 144 145 146 
WARNING (gmm-init-model:InitAmGmm():gmm-init-model.cc:83) Very small count for state 1464: 47; corresponding phone list: 155 157 158 
WARNING (gmm-init-model:InitAmGmm():gmm-init-model.cc:83) Very small count for state 1467: 67; corresponding phone list: 99 100 101 102 
WARNING (gmm-init-model:InitAmGmm():gmm-init-model.cc:83) Very small count for state 1474: 80; corresponding phone list: 23 24 25 26 
WARNING (gmm-init-model:InitAmGmm():gmm-init-model.cc:83) Very small count for state 1476: 58; corresponding phone list: 83 84 85 86 
WARNING (gmm-init-model:InitAmGmm():gmm-init-model.cc:83) Very small count for state 1477: 83; corresponding phone list: 111 113 114 
WARNING (gmm-init-model:InitAmGmm():gmm-init-model.cc:83) Very small count for state 1478: 81; corresponding phone list: 115 116 117 118 
WARNING (gmm-init-model:InitAmGmm():gmm-init-model.cc:83) Very small count for state 1481: 86; corresponding phone list: 43 44 45 46 
WARNING (gmm-init-model:InitAmGmm():gmm-init-model.cc:83) Very small count for state 1482: 25; corresponding phone list: 103 104 105 106 
WARNING (gmm-init-model:InitAmGmm():gmm-init-model.cc:83) Very small count for state 1486: 44; corresponding phone list: 67 68 69 70 
WARNING (gmm-init-model:InitAmGmm():gmm-init-model.cc:83) Very small count for state 1487: 85; corresponding phone list: 51 52 53 54 
WARNING (gmm-init-model:InitAmGmm():gmm-init-model.cc:83) Very small count for state 1492: 59; corresponding phone list: 111 112 113 114 
WARNING (gmm-init-model:InitAmGmm():gmm-init-model.cc:83) Very small count for state 1494: 66; corresponding phone list: 95 96 97 98 
WARNING (gmm-init-model:InitAmGmm():gmm-init-model.cc:83) Very small count for state 1495: 58; corresponding phone list: 143 145 146 
WARNING (gmm-init-model:InitAmGmm():gmm-init-model.cc:83) Very small count for state 1496: 39; corresponding phone list: 123 124 125 126 
WARNING (gmm-init-model:InitAmGmm():gmm-init-model.cc:83) Very small count for state 1497: 67; corresponding phone list: 123 124 125 126 
WARNING (gmm-init-model:InitAmGmm():gmm-init-model.cc:83) Very small count for state 1499: 67; corresponding phone list: 99 100 101 102 
WARNING (gmm-init-model:InitAmGmm():gmm-init-model.cc:83) Very small count for state 1500: 89; corresponding phone list: 151 152 153 154 
WARNING (gmm-init-model:InitAmGmm():gmm-init-model.cc:83) Very small count for state 1505: 88; corresponding phone list: 23 24 25 26 
WARNING (gmm-init-model:InitAmGmm():gmm-init-model.cc:83) Very small count for state 1507: 82; corresponding phone list: 167 168 169 170 
WARNING (gmm-init-model:InitAmGmm():gmm-init-model.cc:83) Very small count for state 1509: 93; corresponding phone list: 47 48 49 50 
WARNING (gmm-init-model:InitAmGmm():gmm-init-model.cc:83) Very small count for state 1511: 49; corresponding phone list: 103 104 105 106 
WARNING (gmm-init-model:InitAmGmm():gmm-init-model.cc:83) Very small count for state 1512: 90; corresponding phone list: 23 24 25 26 
WARNING (gmm-init-model:InitAmGmm():gmm-init-model.cc:83) Very small count for state 1513: 80; corresponding phone list: 167 168 169 170 
WARNING (gmm-init-model:InitAmGmm():gmm-init-model.cc:83) Very small count for state 1514: 96; corresponding phone list: 47 48 49 50 
WARNING (gmm-init-model:InitAmGmm():gmm-init-model.cc:83) Very small count for state 1517: 52; corresponding phone list: 47 48 49 50 
WARNING (gmm-init-model:InitAmGmm():gmm-init-model.cc:83) Very small count for state 1520: 86; corresponding phone list: 43 44 45 46 
WARNING (gmm-init-model:InitAmGmm():gmm-init-model.cc:83) Very small count for state 1521: 62; corresponding phone list: 95 96 97 98 
WARNING (gmm-init-model:InitAmGmm():gmm-init-model.cc:83) Very small count for state 1522: 96; corresponding phone list: 167 168 169 170 
WARNING (gmm-init-model:InitAmGmm():gmm-init-model.cc:83) Very small count for state 1523: 52; corresponding phone list: 95 96 97 98 
WARNING (gmm-init-model:InitAmGmm():gmm-init-model.cc:83) Very small count for state 1524: 52; corresponding phone list: 115 116 117 118 
WARNING (gmm-init-model:InitAmGmm():gmm-init-model.cc:83) Very small count for state 1526: 97; corresponding phone list: 167 168 169 170 
WARNING (gmm-init-model:InitAmGmm():gmm-init-model.cc:83) Very small count for state 1527: 87; corresponding phone list: 167 168 169 170 
WARNING (gmm-init-model:InitAmGmm():gmm-init-model.cc:83) Very small count for state 1528: 93; corresponding phone list: 115 116 117 118 
LOG (gmm-init-model:main():gmm-init-model.cc:306) Wrote model.
