# gmm-est --power=0.2 --write-occs=exp/tri3b/16.occs --mix-up=5832 exp/tri3b/15.mdl "gmm-sum-accs - exp/tri3b/15.*.acc |" exp/tri3b/16.mdl 
# Started at Fri Jun 17 14:35:05 BRT 2016
#
gmm-est --power=0.2 --write-occs=exp/tri3b/16.occs --mix-up=5832 exp/tri3b/15.mdl 'gmm-sum-accs - exp/tri3b/15.*.acc |' exp/tri3b/16.mdl 
gmm-sum-accs - exp/tri3b/15.1.acc exp/tri3b/15.10.acc exp/tri3b/15.11.acc exp/tri3b/15.12.acc exp/tri3b/15.2.acc exp/tri3b/15.3.acc exp/tri3b/15.4.acc exp/tri3b/15.5.acc exp/tri3b/15.6.acc exp/tri3b/15.7.acc exp/tri3b/15.8.acc exp/tri3b/15.9.acc 
LOG (gmm-sum-accs:main():gmm-sum-accs.cc:63) Summed 12 stats, total count 385980, avg like/frame -43.0113
LOG (gmm-sum-accs:main():gmm-sum-accs.cc:66) Total count of stats is 385980
LOG (gmm-sum-accs:main():gmm-sum-accs.cc:67) Written stats to -
LOG (gmm-est:MleUpdate():transition-model.cc:393) TransitionModel::Update, objf change is 0 per frame over 385980 frames. 
LOG (gmm-est:MleUpdate():transition-model.cc:396) 245 probabilities floored, 4459 out of 6395 transition-states skipped due to insuffient data (it is normal to have some skipped.)
LOG (gmm-est:main():gmm-est.cc:102) Transition model update: Overall 0 log-like improvement per frame over 385980 frames.
WARNING (gmm-est:MleDiagGmmUpdate():mle-diag-gmm.cc:365) Gaussian has too little data but not removing it because it is the last Gaussian: i = 0, occ = 0, weight = 1
WARNING (gmm-est:MleDiagGmmUpdate():mle-diag-gmm.cc:359) Too little data - removing Gaussian (weight 0.114466, occupation count 7.325845, vector size 40)
WARNING (gmm-est:MleDiagGmmUpdate():mle-diag-gmm.cc:359) Too little data - removing Gaussian (weight 0.112994, occupation count 9.943450, vector size 40)
WARNING (gmm-est:MleDiagGmmUpdate():mle-diag-gmm.cc:365) Gaussian has too little data but not removing it because it is the last Gaussian: i = 0, occ = 0, weight = 1
LOG (gmm-est:MleAmDiagGmmUpdate():mle-am-diag-gmm.cc:225) 0 variance elements floored in 0 Gaussians, out of 5544
LOG (gmm-est:MleAmDiagGmmUpdate():mle-am-diag-gmm.cc:229) Removed 2 Gaussians due to counts < --min-gaussian-occupancy=10 and --remove-low-count-gaussians=true
LOG (gmm-est:main():gmm-est.cc:113) GMM update: Overall 0.101875 objective function improvement per frame over 385980 frames
LOG (gmm-est:main():gmm-est.cc:116) GMM update: Overall avg like per frame = -43.0113 over 385980 frames.
LOG (gmm-est:SplitByCount():am-diag-gmm.cc:116) Split 1529 states with target = 5832, power = 0.2, perturb_factor = 0.01 and min_count = 20, split #Gauss from 5544 to 5834
LOG (gmm-est:main():gmm-est.cc:146) Written model to exp/tri3b/16.mdl
# Accounting: time=0 threads=1
# Ended (code 0) at Fri Jun 17 14:35:05 BRT 2016, elapsed time 0 seconds
