# gmm-est --power=0.2 --write-occs=exp/tri3b/20.occs --mix-up=6984 exp/tri3b/19.mdl "gmm-sum-accs - exp/tri3b/19.*.acc |" exp/tri3b/20.mdl 
# Started at Tue Aug  2 15:59:35 BRT 2016
#
gmm-est --power=0.2 --write-occs=exp/tri3b/20.occs --mix-up=6984 exp/tri3b/19.mdl 'gmm-sum-accs - exp/tri3b/19.*.acc |' exp/tri3b/20.mdl 
gmm-sum-accs - exp/tri3b/19.1.acc exp/tri3b/19.10.acc exp/tri3b/19.11.acc exp/tri3b/19.12.acc exp/tri3b/19.13.acc exp/tri3b/19.14.acc exp/tri3b/19.15.acc exp/tri3b/19.16.acc exp/tri3b/19.2.acc exp/tri3b/19.3.acc exp/tri3b/19.4.acc exp/tri3b/19.5.acc exp/tri3b/19.6.acc exp/tri3b/19.7.acc exp/tri3b/19.8.acc exp/tri3b/19.9.acc 
LOG (gmm-sum-accs:main():gmm-sum-accs.cc:63) Summed 16 stats, total count 784939, avg like/frame -43.3616
LOG (gmm-sum-accs:main():gmm-sum-accs.cc:66) Total count of stats is 784939
LOG (gmm-sum-accs:main():gmm-sum-accs.cc:67) Written stats to -
LOG (gmm-est:MleUpdate():transition-model.cc:393) TransitionModel::Update, objf change is 9.79566e-12 per frame over 784939 frames. 
LOG (gmm-est:MleUpdate():transition-model.cc:396) 191 probabilities floored, 3944 out of 5880 transition-states skipped due to insuffient data (it is normal to have some skipped.)
LOG (gmm-est:main():gmm-est.cc:102) Transition model update: Overall 9.79566e-12 log-like improvement per frame over 784939 frames.
WARNING (gmm-est:MleDiagGmmUpdate():mle-diag-gmm.cc:365) Gaussian has too little data but not removing it because it is the last Gaussian: i = 0, occ = 0, weight = 1
WARNING (gmm-est:MleDiagGmmUpdate():mle-diag-gmm.cc:359) Too little data - removing Gaussian (weight 0.047885, occupation count 5.219486, vector size 40)
LOG (gmm-est:MleAmDiagGmmUpdate():mle-am-diag-gmm.cc:225) 0 variance elements floored in 0 Gaussians, out of 6695
LOG (gmm-est:MleAmDiagGmmUpdate():mle-am-diag-gmm.cc:229) Removed 1 Gaussians due to counts < --min-gaussian-occupancy=10 and --remove-low-count-gaussians=true
LOG (gmm-est:main():gmm-est.cc:113) GMM update: Overall 0.0484496 objective function improvement per frame over 784939 frames
LOG (gmm-est:main():gmm-est.cc:116) GMM update: Overall avg like per frame = -43.3616 over 784939 frames.
LOG (gmm-est:SplitByCount():am-diag-gmm.cc:116) Split 1519 states with target = 6984, power = 0.2, perturb_factor = 0.01 and min_count = 20, split #Gauss from 6695 to 6984
LOG (gmm-est:main():gmm-est.cc:146) Written model to exp/tri3b/20.mdl
# Accounting: time=1 threads=1
# Ended (code 0) at Tue Aug  2 15:59:36 BRT 2016, elapsed time 1 seconds
