# gmm-est --power=0.2 --write-occs=exp/tri3b/11.occs --mix-up=4392 exp/tri3b/10.mdl "gmm-sum-accs - exp/tri3b/10.*.acc |" exp/tri3b/11.mdl 
# Started at Wed Jun 22 13:51:29 BRT 2016
#
gmm-est --power=0.2 --write-occs=exp/tri3b/11.occs --mix-up=4392 exp/tri3b/10.mdl 'gmm-sum-accs - exp/tri3b/10.*.acc |' exp/tri3b/11.mdl 
gmm-sum-accs - exp/tri3b/10.1.acc exp/tri3b/10.10.acc exp/tri3b/10.11.acc exp/tri3b/10.12.acc exp/tri3b/10.13.acc exp/tri3b/10.14.acc exp/tri3b/10.15.acc exp/tri3b/10.16.acc exp/tri3b/10.2.acc exp/tri3b/10.3.acc exp/tri3b/10.4.acc exp/tri3b/10.5.acc exp/tri3b/10.6.acc exp/tri3b/10.7.acc exp/tri3b/10.8.acc exp/tri3b/10.9.acc 
LOG (gmm-sum-accs:main():gmm-sum-accs.cc:63) Summed 16 stats, total count 533993, avg like/frame -44.2297
LOG (gmm-sum-accs:main():gmm-sum-accs.cc:66) Total count of stats is 533993
LOG (gmm-sum-accs:main():gmm-sum-accs.cc:67) Written stats to -
LOG (gmm-est:MleUpdate():transition-model.cc:393) TransitionModel::Update, objf change is 0.00280463 per frame over 533993 frames. 
LOG (gmm-est:MleUpdate():transition-model.cc:396) 300 probabilities floored, 4462 out of 6401 transition-states skipped due to insuffient data (it is normal to have some skipped.)
LOG (gmm-est:main():gmm-est.cc:102) Transition model update: Overall 0.00280463 log-like improvement per frame over 533993 frames.
WARNING (gmm-est:MleDiagGmmUpdate():mle-diag-gmm.cc:365) Gaussian has too little data but not removing it because it is the last Gaussian: i = 0, occ = 0, weight = 1
WARNING (gmm-est:MleDiagGmmUpdate():mle-diag-gmm.cc:359) Too little data - removing Gaussian (weight 0.104750, occupation count 6.075508, vector size 40)
WARNING (gmm-est:MleDiagGmmUpdate():mle-diag-gmm.cc:359) Too little data - removing Gaussian (weight 0.155909, occupation count 9.666367, vector size 40)
WARNING (gmm-est:MleDiagGmmUpdate():mle-diag-gmm.cc:359) Too little data - removing Gaussian (weight 0.145919, occupation count 9.047003, vector size 40)
WARNING (gmm-est:MleDiagGmmUpdate():mle-diag-gmm.cc:359) Too little data - removing Gaussian (weight 0.196975, occupation count 7.288076, vector size 40)
LOG (gmm-est:MleAmDiagGmmUpdate():mle-am-diag-gmm.cc:225) 0 variance elements floored in 0 Gaussians, out of 4100
LOG (gmm-est:MleAmDiagGmmUpdate():mle-am-diag-gmm.cc:229) Removed 4 Gaussians due to counts < --min-gaussian-occupancy=10 and --remove-low-count-gaussians=true
LOG (gmm-est:main():gmm-est.cc:113) GMM update: Overall 0.189362 objective function improvement per frame over 533993 frames
LOG (gmm-est:main():gmm-est.cc:116) GMM update: Overall avg like per frame = -44.2297 over 533993 frames.
LOG (gmm-est:SplitByCount():am-diag-gmm.cc:116) Split 1469 states with target = 4392, power = 0.2, perturb_factor = 0.01 and min_count = 20, split #Gauss from 4100 to 4392
LOG (gmm-est:main():gmm-est.cc:146) Written model to exp/tri3b/11.mdl
# Accounting: time=1 threads=1
# Ended (code 0) at Wed Jun 22 13:51:30 BRT 2016, elapsed time 1 seconds
