# gmm-est --power=0.2 --write-occs=exp/tri3b/29.occs --mix-up=9000 exp/tri3b/28.mdl "gmm-sum-accs - exp/tri3b/28.*.acc |" exp/tri3b/29.mdl 
# Started at Tue Aug  2 16:00:29 BRT 2016
#
gmm-est --power=0.2 --write-occs=exp/tri3b/29.occs --mix-up=9000 exp/tri3b/28.mdl 'gmm-sum-accs - exp/tri3b/28.*.acc |' exp/tri3b/29.mdl 
gmm-sum-accs - exp/tri3b/28.1.acc exp/tri3b/28.10.acc exp/tri3b/28.11.acc exp/tri3b/28.12.acc exp/tri3b/28.13.acc exp/tri3b/28.14.acc exp/tri3b/28.15.acc exp/tri3b/28.16.acc exp/tri3b/28.2.acc exp/tri3b/28.3.acc exp/tri3b/28.4.acc exp/tri3b/28.5.acc exp/tri3b/28.6.acc exp/tri3b/28.7.acc exp/tri3b/28.8.acc exp/tri3b/28.9.acc 
LOG (gmm-sum-accs:main():gmm-sum-accs.cc:63) Summed 16 stats, total count 784939, avg like/frame -42.5625
LOG (gmm-sum-accs:main():gmm-sum-accs.cc:66) Total count of stats is 784939
LOG (gmm-sum-accs:main():gmm-sum-accs.cc:67) Written stats to -
LOG (gmm-est:MleUpdate():transition-model.cc:393) TransitionModel::Update, objf change is 2.09582e-11 per frame over 784939 frames. 
LOG (gmm-est:MleUpdate():transition-model.cc:396) 190 probabilities floored, 3945 out of 5880 transition-states skipped due to insuffient data (it is normal to have some skipped.)
LOG (gmm-est:main():gmm-est.cc:102) Transition model update: Overall 2.09582e-11 log-like improvement per frame over 784939 frames.
WARNING (gmm-est:MleDiagGmmUpdate():mle-diag-gmm.cc:365) Gaussian has too little data but not removing it because it is the last Gaussian: i = 0, occ = 0, weight = 1
WARNING (gmm-est:MleDiagGmmUpdate():mle-diag-gmm.cc:359) Too little data - removing Gaussian (weight 0.079944, occupation count 9.913070, vector size 40)
WARNING (gmm-est:MleDiagGmmUpdate():mle-diag-gmm.cc:359) Too little data - removing Gaussian (weight 0.084031, occupation count 9.999632, vector size 40)
LOG (gmm-est:MleAmDiagGmmUpdate():mle-am-diag-gmm.cc:225) 0 variance elements floored in 0 Gaussians, out of 9000
LOG (gmm-est:MleAmDiagGmmUpdate():mle-am-diag-gmm.cc:229) Removed 2 Gaussians due to counts < --min-gaussian-occupancy=10 and --remove-low-count-gaussians=true
LOG (gmm-est:main():gmm-est.cc:113) GMM update: Overall 0.03728 objective function improvement per frame over 784939 frames
LOG (gmm-est:main():gmm-est.cc:116) GMM update: Overall avg like per frame = -42.5625 over 784939 frames.
LOG (gmm-est:SplitByCount():am-diag-gmm.cc:116) Split 1519 states with target = 9000, power = 0.2, perturb_factor = 0.01 and min_count = 20, split #Gauss from 9000 to 9002
LOG (gmm-est:main():gmm-est.cc:146) Written model to exp/tri3b/29.mdl
# Accounting: time=1 threads=1
# Ended (code 0) at Tue Aug  2 16:00:30 BRT 2016, elapsed time 1 seconds
