# gmm-est --power=0.2 --write-occs=exp/tri3b/31.occs --mix-up=9000 exp/tri3b/30.mdl "gmm-sum-accs - exp/tri3b/30.*.acc |" exp/tri3b/31.mdl 
# Started at Tue Aug  2 16:00:46 BRT 2016
#
gmm-est --power=0.2 --write-occs=exp/tri3b/31.occs --mix-up=9000 exp/tri3b/30.mdl 'gmm-sum-accs - exp/tri3b/30.*.acc |' exp/tri3b/31.mdl 
gmm-sum-accs - exp/tri3b/30.1.acc exp/tri3b/30.10.acc exp/tri3b/30.11.acc exp/tri3b/30.12.acc exp/tri3b/30.13.acc exp/tri3b/30.14.acc exp/tri3b/30.15.acc exp/tri3b/30.16.acc exp/tri3b/30.2.acc exp/tri3b/30.3.acc exp/tri3b/30.4.acc exp/tri3b/30.5.acc exp/tri3b/30.6.acc exp/tri3b/30.7.acc exp/tri3b/30.8.acc exp/tri3b/30.9.acc 
LOG (gmm-sum-accs:main():gmm-sum-accs.cc:63) Summed 16 stats, total count 784939, avg like/frame -42.401
LOG (gmm-sum-accs:main():gmm-sum-accs.cc:66) Total count of stats is 784939
LOG (gmm-sum-accs:main():gmm-sum-accs.cc:67) Written stats to -
LOG (gmm-est:MleUpdate():transition-model.cc:393) TransitionModel::Update, objf change is 7.57196e-05 per frame over 784939 frames. 
LOG (gmm-est:MleUpdate():transition-model.cc:396) 190 probabilities floored, 3945 out of 5880 transition-states skipped due to insuffient data (it is normal to have some skipped.)
LOG (gmm-est:main():gmm-est.cc:102) Transition model update: Overall 7.57196e-05 log-like improvement per frame over 784939 frames.
WARNING (gmm-est:MleDiagGmmUpdate():mle-diag-gmm.cc:365) Gaussian has too little data but not removing it because it is the last Gaussian: i = 0, occ = 0, weight = 1
LOG (gmm-est:MleAmDiagGmmUpdate():mle-am-diag-gmm.cc:225) 0 variance elements floored in 0 Gaussians, out of 9002
LOG (gmm-est:MleAmDiagGmmUpdate():mle-am-diag-gmm.cc:229) Removed 0 Gaussians due to counts < --min-gaussian-occupancy=10 and --remove-low-count-gaussians=true
LOG (gmm-est:main():gmm-est.cc:113) GMM update: Overall 0.0523866 objective function improvement per frame over 784939 frames
LOG (gmm-est:main():gmm-est.cc:116) GMM update: Overall avg like per frame = -42.401 over 784939 frames.
LOG (gmm-est:SplitByCount():am-diag-gmm.cc:116) Split 1519 states with target = 9000, power = 0.2, perturb_factor = 0.01 and min_count = 20, split #Gauss from 9002 to 9017
LOG (gmm-est:main():gmm-est.cc:146) Written model to exp/tri3b/31.mdl
# Accounting: time=0 threads=1
# Ended (code 0) at Tue Aug  2 16:00:46 BRT 2016, elapsed time 0 seconds
