# gmm-est --power=0.2 --write-occs=exp/tri3b/17.occs --mix-up=6120 exp/tri3b/16.mdl "gmm-sum-accs - exp/tri3b/16.*.acc |" exp/tri3b/17.mdl 
# Started at Tue Aug  2 15:59:22 BRT 2016
#
gmm-est --power=0.2 --write-occs=exp/tri3b/17.occs --mix-up=6120 exp/tri3b/16.mdl 'gmm-sum-accs - exp/tri3b/16.*.acc |' exp/tri3b/17.mdl 
gmm-sum-accs - exp/tri3b/16.1.acc exp/tri3b/16.10.acc exp/tri3b/16.11.acc exp/tri3b/16.12.acc exp/tri3b/16.13.acc exp/tri3b/16.14.acc exp/tri3b/16.15.acc exp/tri3b/16.16.acc exp/tri3b/16.2.acc exp/tri3b/16.3.acc exp/tri3b/16.4.acc exp/tri3b/16.5.acc exp/tri3b/16.6.acc exp/tri3b/16.7.acc exp/tri3b/16.8.acc exp/tri3b/16.9.acc 
LOG (gmm-sum-accs:main():gmm-sum-accs.cc:63) Summed 16 stats, total count 784939, avg like/frame -43.6628
LOG (gmm-sum-accs:main():gmm-sum-accs.cc:66) Total count of stats is 784939
LOG (gmm-sum-accs:main():gmm-sum-accs.cc:67) Written stats to -
LOG (gmm-est:MleUpdate():transition-model.cc:393) TransitionModel::Update, objf change is 9.79566e-12 per frame over 784939 frames. 
LOG (gmm-est:MleUpdate():transition-model.cc:396) 191 probabilities floored, 3944 out of 5880 transition-states skipped due to insuffient data (it is normal to have some skipped.)
LOG (gmm-est:main():gmm-est.cc:102) Transition model update: Overall 9.79566e-12 log-like improvement per frame over 784939 frames.
WARNING (gmm-est:MleDiagGmmUpdate():mle-diag-gmm.cc:365) Gaussian has too little data but not removing it because it is the last Gaussian: i = 0, occ = 0, weight = 1
WARNING (gmm-est:MleDiagGmmUpdate():mle-diag-gmm.cc:359) Too little data - removing Gaussian (weight 0.046653, occupation count 5.085127, vector size 40)
WARNING (gmm-est:MleDiagGmmUpdate():mle-diag-gmm.cc:359) Too little data - removing Gaussian (weight 0.064571, occupation count 7.038239, vector size 40)
LOG (gmm-est:MleAmDiagGmmUpdate():mle-am-diag-gmm.cc:225) 0 variance elements floored in 0 Gaussians, out of 5830
LOG (gmm-est:MleAmDiagGmmUpdate():mle-am-diag-gmm.cc:229) Removed 2 Gaussians due to counts < --min-gaussian-occupancy=10 and --remove-low-count-gaussians=true
LOG (gmm-est:main():gmm-est.cc:113) GMM update: Overall 0.0590326 objective function improvement per frame over 784939 frames
LOG (gmm-est:main():gmm-est.cc:116) GMM update: Overall avg like per frame = -43.6628 over 784939 frames.
LOG (gmm-est:SplitByCount():am-diag-gmm.cc:116) Split 1519 states with target = 6120, power = 0.2, perturb_factor = 0.01 and min_count = 20, split #Gauss from 5830 to 6120
LOG (gmm-est:main():gmm-est.cc:146) Written model to exp/tri3b/17.mdl
# Accounting: time=0 threads=1
# Ended (code 0) at Tue Aug  2 15:59:22 BRT 2016, elapsed time 0 seconds
