# gunzip -c exp/sgmm2_4c/decode_fmllr/pre_lat.1.gz | sgmm2-rescore-lattice --speedup=true --spk-vecs=ark:exp/sgmm2_4c/decode_fmllr/pre_vecs.1 --utt2spk=ark:data/test/split1/1/utt2spk "--gselect=ark,s,cs:gunzip -c exp/sgmm2_4c/decode_fmllr/gselect.1.gz|" exp/sgmm2_4c/final.mdl ark:- "ark,s,cs:apply-cmvn  --utt2spk=ark:data/test/split1/1/utt2spk scp:data/test/split1/1/cmvn.scp scp:data/test/split1/1/feats.scp ark:- | transform-feats --utt2spk=ark:data/test/split1/1/utt2spk ark,s,cs:exp/tri3c/decode/raw_trans.1 ark:- ark:- | splice-feats  ark:- ark:- | transform-feats exp/sgmm2_4c/final.mat ark:- ark:- |" ark:- | lattice-prune --acoustic-scale=0.1 --beam=4.0 ark:- ark:- | lattice-determinize-pruned --acoustic-scale=0.1 --beam=4.0 ark:- ark:- | lattice-to-post --acoustic-scale=0.1 ark:- ark:- | weight-silence-post 0.0 1:2:3:4:5:6:7:8:9:10 exp/sgmm2_4c/final.mdl ark:- ark:- | sgmm2-est-spkvecs --spk2utt=ark:data/test/split1/1/spk2utt "--gselect=ark,s,cs:gunzip -c exp/sgmm2_4c/decode_fmllr/gselect.1.gz|" --spk-vecs=ark:exp/sgmm2_4c/decode_fmllr/pre_vecs.1 exp/sgmm2_4c/final.mdl "ark,s,cs:apply-cmvn  --utt2spk=ark:data/test/split1/1/utt2spk scp:data/test/split1/1/cmvn.scp scp:data/test/split1/1/feats.scp ark:- | transform-feats --utt2spk=ark:data/test/split1/1/utt2spk ark,s,cs:exp/tri3c/decode/raw_trans.1 ark:- ark:- | splice-feats  ark:- ark:- | transform-feats exp/sgmm2_4c/final.mat ark:- ark:- |" ark,s,cs:- ark:exp/sgmm2_4c/decode_fmllr/vecs.1 
# Started at Fri Jun 24 14:40:14 BRT 2016
#
weight-silence-post 0.0 1:2:3:4:5:6:7:8:9:10 exp/sgmm2_4c/final.mdl ark:- ark:- 
lattice-prune --acoustic-scale=0.1 --beam=4.0 ark:- ark:- 
sgmm2-rescore-lattice --speedup=true --spk-vecs=ark:exp/sgmm2_4c/decode_fmllr/pre_vecs.1 --utt2spk=ark:data/test/split1/1/utt2spk '--gselect=ark,s,cs:gunzip -c exp/sgmm2_4c/decode_fmllr/gselect.1.gz|' exp/sgmm2_4c/final.mdl ark:- 'ark,s,cs:apply-cmvn  --utt2spk=ark:data/test/split1/1/utt2spk scp:data/test/split1/1/cmvn.scp scp:data/test/split1/1/feats.scp ark:- | transform-feats --utt2spk=ark:data/test/split1/1/utt2spk ark,s,cs:exp/tri3c/decode/raw_trans.1 ark:- ark:- | splice-feats  ark:- ark:- | transform-feats exp/sgmm2_4c/final.mat ark:- ark:- |' ark:- 
lattice-determinize-pruned --acoustic-scale=0.1 --beam=4.0 ark:- ark:- 
lattice-to-post --acoustic-scale=0.1 ark:- ark:- 
sgmm2-est-spkvecs --spk2utt=ark:data/test/split1/1/spk2utt '--gselect=ark,s,cs:gunzip -c exp/sgmm2_4c/decode_fmllr/gselect.1.gz|' --spk-vecs=ark:exp/sgmm2_4c/decode_fmllr/pre_vecs.1 exp/sgmm2_4c/final.mdl 'ark,s,cs:apply-cmvn  --utt2spk=ark:data/test/split1/1/utt2spk scp:data/test/split1/1/cmvn.scp scp:data/test/split1/1/feats.scp ark:- | transform-feats --utt2spk=ark:data/test/split1/1/utt2spk ark,s,cs:exp/tri3c/decode/raw_trans.1 ark:- ark:- | splice-feats  ark:- ark:- | transform-feats exp/sgmm2_4c/final.mat ark:- ark:- |' ark,s,cs:- ark:exp/sgmm2_4c/decode_fmllr/vecs.1 
transform-feats exp/sgmm2_4c/final.mat ark:- ark:- 
splice-feats ark:- ark:- 
apply-cmvn --utt2spk=ark:data/test/split1/1/utt2spk scp:data/test/split1/1/cmvn.scp scp:data/test/split1/1/feats.scp ark:- 
transform-feats --utt2spk=ark:data/test/split1/1/utt2spk ark,s,cs:exp/tri3c/decode/raw_trans.1 ark:- ark:- 
LOG (apply-cmvn:main():apply-cmvn.cc:146) Applied cepstral mean normalization to 1 utterances, errors on 0
LOG (transform-feats:main():transform-feats.cc:158) Overall average logdet is -0.127485 over 6061 frames.
LOG (transform-feats:main():transform-feats.cc:161) Applied transform to 1 utterances; 0 had errors.
transform-feats --utt2spk=ark:data/test/split1/1/utt2spk ark,s,cs:exp/tri3c/decode/raw_trans.1 ark:- ark:- 
splice-feats ark:- ark:- 
apply-cmvn --utt2spk=ark:data/test/split1/1/utt2spk scp:data/test/split1/1/cmvn.scp scp:data/test/split1/1/feats.scp ark:- 
transform-feats exp/sgmm2_4c/final.mat ark:- ark:- 
LOG (apply-cmvn:main():apply-cmvn.cc:146) Applied cepstral mean normalization to 1 utterances, errors on 0
LOG (transform-feats:main():transform-feats.cc:158) Overall average logdet is -0.127485 over 6061 frames.
LOG (transform-feats:main():transform-feats.cc:161) Applied transform to 1 utterances; 0 had errors.
LOG (transform-feats:main():transform-feats.cc:158) Overall average [pseudo-]logdet is -85.9813 over 6061 frames.
LOG (transform-feats:main():transform-feats.cc:161) Applied transform to 1 utterances; 0 had errors.
LOG (transform-feats:main():transform-feats.cc:158) Overall average [pseudo-]logdet is -85.9813 over 6061 frames.
LOG (transform-feats:main():transform-feats.cc:161) Applied transform to 1 utterances; 0 had errors.
LOG (sgmm2-rescore-lattice:main():sgmm2-rescore-lattice.cc:159) Done 1 lattices, errors on 0
LOG (lattice-prune:main():lattice-prune.cc:95) For utterance felipe_test_test0, pruned #states from 69999 to 41934 and #arcs from 139556 to 70205
LOG (lattice-prune:main():lattice-prune.cc:104) Overall, pruned from on average 69999 to 41934 states, and from 139556 to 70205 arcs, over 1 utterances.
LOG (lattice-prune:main():lattice-prune.cc:108) Done 1 lattices.
LOG (lattice-determinize-pruned:main():lattice-determinize-pruned.cc:111) Done 1 lattices, determinization finished earlier than specified by the beam on 0 of these.
LOG (lattice-to-post:main():lattice-to-post.cc:106) Overall average log-like/frame is -4.78402 over 6061 frames.  Average acoustic like/frame is -4.70656
LOG (lattice-to-post:main():lattice-to-post.cc:110) Done 1 lattices.
LOG (weight-silence-post:main():weight-silence-post.cc:95) Done 1 posteriors.
LOG (sgmm2-est-spkvecs:SolveQuadraticProblem<double>():sp-matrix.cc:710) Solving quadratic problem for v_s: floored 6 eigenvalues. 
LOG (sgmm2-est-spkvecs:SolveQuadraticProblem<double>():sp-matrix.cc:710) Solving quadratic problem for v_s: floored 5 eigenvalues. 
LOG (sgmm2-est-spkvecs:SolveQuadraticProblem<double>():sp-matrix.cc:710) Solving quadratic problem for v_s: floored 5 eigenvalues. 
LOG (sgmm2-est-spkvecs:SolveQuadraticProblem<double>():sp-matrix.cc:710) Solving quadratic problem for v_s: floored 5 eigenvalues. 
LOG (sgmm2-est-spkvecs:SolveQuadraticProblem<double>():sp-matrix.cc:710) Solving quadratic problem for v_s: floored 5 eigenvalues. 
LOG (sgmm2-est-spkvecs:UpdateWithU():estimate-am-sgmm2.cc:1931) *Objf impr for speaker vector is 0.187772 per frame, over 1630.64 frames.
LOG (sgmm2-est-spkvecs:main():sgmm2-est-spkvecs.cc:186) For speaker felipe_test, auxf-impr from speaker vector is 0.187772, over 1630.64 frames.
LOG (sgmm2-est-spkvecs:main():sgmm2-est-spkvecs.cc:250) Overall auxf impr per frame is 0.187772 over 1630.64 frames.
LOG (sgmm2-est-spkvecs:main():sgmm2-est-spkvecs.cc:252) Done 1 files, 0 with errors.
# Accounting: time=4 threads=1
# Ended (code 0) at Fri Jun 24 14:40:18 BRT 2016, elapsed time 4 seconds
